Current machine learning settings: epsilon:0 lossFunction:RELATIVE parallelization:True bagging:False baggingNumbers:3 considerEpsilonTube:False baggingTestDataFraction:50 useBackward:False abortError:1 limitFeatureSize:False featureSizeTreshold:4 quadraticFunctionSupport:True crossValidation:False crossValidation-k:5 learn-logFunction:False learn-accumulatedLogFunction:False learn-asymFunction:False learn-ratioFunction:False learn-mirrowedFunction:False learn-numeric-disabled:True numberOfRounds:70 backwardErrorDelta:1 minImprovementPerRound:0.1 withHierarchy:False bruteForceCandidates:False ignoreBadFeatures:False stopOnLongRound:True candidateSizePenalty:True learnTimeLimit:00:00:00 scoreMeasure:RELERROR outputRoundsToStdout:False debug:False pythonInfluenceAnalysis:False blacklisted: 
command: solver z3
command: vm /scratch/kallistos/Distance-Based_Data/SupplementaryWebsite/MeasuredPerformanceValues/lrzip/FeatureModel.xml
Warning: Variability model contains outdated notation. Children nodes will no longer have effect on the model. Instead use the parent node to describe the parent of an configuration option. You can also use the converter providedby the Variability Model GUI in export>convert legacy model.
command: all /scratch/kallistos/Distance-Based_Data/SupplementaryWebsite/MeasuredPerformanceValues/lrzip/measurements.xml
Configs with too large deviation: 0
432 configurations loaded.
command: binary grammar-based numConfigs:250 seed:31  confFaultsReport:./out_grammarBasedFailureReport_t3.log
command: printconfigs ./sampledConfigurations_grammarBased_t3FailureReport.csv
Number to sample: 250; Number of Configurations in Grammar: 432
Draw a new random number, cause 407 is already in drawn.
Draw a new random number, cause 75 is already in drawn.
Draw a new random number, cause 137 is already in drawn.
Draw a new random number, cause 294 is already in drawn.
Draw a new random number, cause 188 is already in drawn.
Draw a new random number, cause 318 is already in drawn.
Draw a new random number, cause 330 is already in drawn.
Draw a new random number, cause 56 is already in drawn.
Draw a new random number, cause 248 is already in drawn.
Draw a new random number, cause 294 is already in drawn.
Draw a new random number, cause 258 is already in drawn.
Draw a new random number, cause 202 is already in drawn.
Draw a new random number, cause 305 is already in drawn.
Draw a new random number, cause 351 is already in drawn.
Draw a new random number, cause 343 is already in drawn.
Draw a new random number, cause 40 is already in drawn.
Draw a new random number, cause 351 is already in drawn.
Draw a new random number, cause 56 is already in drawn.
Draw a new random number, cause 280 is already in drawn.
Draw a new random number, cause 263 is already in drawn.
Draw a new random number, cause 219 is already in drawn.
Draw a new random number, cause 351 is already in drawn.
Draw a new random number, cause 119 is already in drawn.
Draw a new random number, cause 248 is already in drawn.
Draw a new random number, cause 385 is already in drawn.
Draw a new random number, cause 294 is already in drawn.
Draw a new random number, cause 194 is already in drawn.
Draw a new random number, cause 77 is already in drawn.
Draw a new random number, cause 272 is already in drawn.
Draw a new random number, cause 39 is already in drawn.
Draw a new random number, cause 253 is already in drawn.
Draw a new random number, cause 406 is already in drawn.
Draw a new random number, cause 137 is already in drawn.
Draw a new random number, cause 330 is already in drawn.
Draw a new random number, cause 414 is already in drawn.
Draw a new random number, cause 351 is already in drawn.
Draw a new random number, cause 74 is already in drawn.
Draw a new random number, cause 64 is already in drawn.
Draw a new random number, cause 289 is already in drawn.
Draw a new random number, cause 27 is already in drawn.
Draw a new random number, cause 405 is already in drawn.
Draw a new random number, cause 206 is already in drawn.
Draw a new random number, cause 70 is already in drawn.
Draw a new random number, cause 200 is already in drawn.
Draw a new random number, cause 211 is already in drawn.
Draw a new random number, cause 150 is already in drawn.
Draw a new random number, cause 341 is already in drawn.
Draw a new random number, cause 92 is already in drawn.
Draw a new random number, cause 168 is already in drawn.
Draw a new random number, cause 424 is already in drawn.
Draw a new random number, cause 111 is already in drawn.
Draw a new random number, cause 386 is already in drawn.
Draw a new random number, cause 391 is already in drawn.
Draw a new random number, cause 145 is already in drawn.
Draw a new random number, cause 202 is already in drawn.
Draw a new random number, cause 77 is already in drawn.
Draw a new random number, cause 161 is already in drawn.
Draw a new random number, cause 352 is already in drawn.
Draw a new random number, cause 77 is already in drawn.
Draw a new random number, cause 119 is already in drawn.
Draw a new random number, cause 293 is already in drawn.
Draw a new random number, cause 100 is already in drawn.
Draw a new random number, cause 181 is already in drawn.
Draw a new random number, cause 75 is already in drawn.
Draw a new random number, cause 75 is already in drawn.
Draw a new random number, cause 196 is already in drawn.
Draw a new random number, cause 177 is already in drawn.
Draw a new random number, cause 45 is already in drawn.
Draw a new random number, cause 293 is already in drawn.
Draw a new random number, cause 161 is already in drawn.
Draw a new random number, cause 229 is already in drawn.
Draw a new random number, cause 101 is already in drawn.
Draw a new random number, cause 294 is already in drawn.
Draw a new random number, cause 382 is already in drawn.
Draw a new random number, cause 58 is already in drawn.
Draw a new random number, cause 101 is already in drawn.
Draw a new random number, cause 195 is already in drawn.
Draw a new random number, cause 377 is already in drawn.
Draw a new random number, cause 272 is already in drawn.
Draw a new random number, cause 30 is already in drawn.
Draw a new random number, cause 409 is already in drawn.
Draw a new random number, cause 93 is already in drawn.
Draw a new random number, cause 431 is already in drawn.
Draw a new random number, cause 17 is already in drawn.
Draw a new random number, cause 66 is already in drawn.
Draw a new random number, cause 330 is already in drawn.
Draw a new random number, cause 149 is already in drawn.
Draw a new random number, cause 385 is already in drawn.
Draw a new random number, cause 406 is already in drawn.
Draw a new random number, cause 339 is already in drawn.
Draw a new random number, cause 65 is already in drawn.
Draw a new random number, cause 131 is already in drawn.
Draw a new random number, cause 319 is already in drawn.
Draw a new random number, cause 409 is already in drawn.
Draw a new random number, cause 101 is already in drawn.
0 drawn configurations were invalid
command: clean-sampling
command: clean-global
