Current machine learning settings: epsilon:0 lossFunction:RELATIVE parallelization:True bagging:False baggingNumbers:3 considerEpsilonTube:False baggingTestDataFraction:50 useBackward:False abortError:1 limitFeatureSize:False featureSizeTreshold:4 quadraticFunctionSupport:True crossValidation:False crossValidation-k:5 learn-logFunction:False learn-accumulatedLogFunction:False learn-asymFunction:False learn-ratioFunction:False learn-mirrowedFunction:False learn-numeric-disabled:True numberOfRounds:70 backwardErrorDelta:1 minImprovementPerRound:0.1 withHierarchy:False bruteForceCandidates:False ignoreBadFeatures:False stopOnLongRound:True candidateSizePenalty:True learnTimeLimit:00:00:00 scoreMeasure:RELERROR outputRoundsToStdout:False debug:False pythonInfluenceAnalysis:False blacklisted: 
command: mlsettings bagging:False stopOnLongRound:False parallelization:True lossFunction:RELATIVE useBackward:False abortError:1 limitFeatureSize:False featureSizeTreshold:7 quadraticFunctionSupport:True crossValidation:False learn_logFunction:True numberOfRounds:70 backwardErrorDelta:1 minImprovementPerRound:0.25 withHierarchy:False
Current machine learning settings: epsilon:0 lossFunction:RELATIVE parallelization:True bagging:False baggingNumbers:3 considerEpsilonTube:False baggingTestDataFraction:50 useBackward:False abortError:1 limitFeatureSize:False featureSizeTreshold:7 quadraticFunctionSupport:True crossValidation:False crossValidation-k:5 learn-logFunction:True learn-accumulatedLogFunction:False learn-asymFunction:False learn-ratioFunction:False learn-mirrowedFunction:False learn-numeric-disabled:True numberOfRounds:70 backwardErrorDelta:1 minImprovementPerRound:0.25 withHierarchy:False bruteForceCandidates:False ignoreBadFeatures:False stopOnLongRound:False candidateSizePenalty:True learnTimeLimit:00:00:00 scoreMeasure:RELERROR outputRoundsToStdout:False debug:False pythonInfluenceAnalysis:False blacklisted: 
command: solver z3
command: vm /scratch/kallistos/Distance-Based_Data/SupplementaryWebsite/MeasuredPerformanceValues/7z/FeatureModel.xml
command: all /scratch/kallistos/Distance-Based_Data/SupplementaryWebsite/MeasuredPerformanceValues/7z/measurements.xml
Configs with too large deviation: 0
68640 configurations loaded.
command: nfp Performance
command: setsampleset /scratch/kallistos/Distance-Based_Data/Results/7z/7z_3/sampledConfigurations_grammarBased_t2.csv
command: learn-splconqueror
Learning: NumberOfConfigurationsLearning:600 NumberOfConfigurationsValidation:600
Learning progress:
1;7717.57812500006 * CompressionMethod + 24690.0355113637 * x_10;117.300826797445;117.300826797445;117.300826797445;117.300826797445;0.191187;2;24690.0355113637 * x_10;1;65.9445417000569;
2;5356.73218673222 * CompressionMethod + 27050.8814496315 * x_10 + 11511.9344799345 * x_8;77.7445427664798;77.7445427664798;77.7445427664798;77.7445427664798;0.622409;3;11511.9344799345 * x_8;1;39.5562840309654;
3;3537.03583061892 * CompressionMethod + 28870.5778057447 * x_10 + 13331.6308360479 * x_8 + 7406.16416938116 * x_6;56.6409363740233;56.6409363740233;56.6409363740233;56.6409363740233;1.434291;4;7406.16416938116 * x_6;1;21.1036063924565;
4;1913.23592902131 * CompressionMethod + 29099.9537359006 * x_10 + 13567.6468803532 * x_8 + 7726.17765768063 * x_6 + 7669.33184293009 * BZip2;52.1615528198673;52.1615528198673;52.1615528198673;52.1615528198673;2.582327;5;7669.33184293009 * BZip2;1;4.47938355415607;
5;3029.1009410845 * CompressionMethod + 22061.59350336 * x_10 + 13405.4581489296 * x_8 + 7506.26641453405 * x_6 + 2399.0155551855 * BZip2 + 37844.0400003701 * x_10 * BZip2;42.9844222147467;42.9844222147467;42.9844222147467;42.9844222147467;4.313052;7;37844.0400003701 * x_10 * BZip2;2;4.58856530256029;
6;3096.39682780051 * CompressionMethod + 21994.297616644 * x_10 + 13395.6768273731 * x_8 + 9005.74695320505 * x_6 + 2081.17190561947 * BZip2 + 38161.883649936 * x_10 * BZip2 + -9454.64378100552 * x_6 * PPMd;36.7004747895565;36.7004747895565;36.7004747895565;36.7004747895565;6.590694;9;-9454.64378100552 * x_6 * PPMd;2;3.14197371259509;
7;3096.39682780043 * CompressionMethod + 12051.936505533 * x_10 + 13395.6768273731 * x_8 + 9005.74695320517 * x_6 + 2081.17190561965 * BZip2 + 48104.2447610471 * x_10 * BZip2 + -9454.64378100567 * x_6 * PPMd + 29827.0833333333 * x_10 * Deflate;30.7838691147872;30.7838691147872;30.7838691147872;30.7838691147872;9.56352;11;29827.0833333333 * x_10 * Deflate;2;2.95830283738465;
8;3405.37506266889 * CompressionMethod + 11742.9582706645 * x_10 + 13387.8928185009 * x_8 + 9144.76250111141 * x_6 + 1750.2593326736 * BZip2 + 48435.1573339929 * x_10 * BZip2 + -9902.63756378026 * x_6 * PPMd + 31160.6651672081 * x_10 * Deflate + -1333.58183387482 * Deflate;27.6198946024405;27.6198946024405;27.6198946024405;27.6198946024405;13.321987;12;-1333.58183387482 * Deflate;1;3.16397451234677;
9;3085.55159278908 * CompressionMethod + 12062.7817405443 * x_10 + 13440.2616765345 * x_8 + 11272.1777817173 * x_6 + 3439.62731370909 * BZip2 + 46745.7893529576 * x_10 * BZip2 + -11710.2293745064 * x_6 * PPMd + 31371.9945038303 * x_10 * Deflate + -1544.91117049694 * Deflate + -10322.6508058625 * x_6 * BZip2;22.5004866581301;22.5004866581301;22.5004866581301;22.5004866581301;18.223914;14;-10322.6508058625 * x_6 * BZip2;2;2.55970397215518;
10;3085.55159278909 * CompressionMethod + 15440.5090132715 * x_10 + 13440.2616765344 * x_8 + 11272.1777817173 * x_6 + 3439.62731370912 * BZip2 + 43368.0620802304 * x_10 * BZip2 + -11710.2293745063 * x_6 * PPMd + 27994.2672311031 * x_10 * Deflate + -1544.91117049689 * Deflate + -10322.6508058625 * x_6 * BZip2 + -10808.7272727272 * x_10 * PPMd;19.5037698307263;19.5037698307263;19.5037698307263;19.5037698307263;24.05839;16;-10808.7272727272 * x_10 * PPMd;2;1.49835841370188;
11;3390.42803250759 * CompressionMethod + 15135.6325735531 * x_10 + 15710.0042068917 * x_8 + 11230.4838379559 * x_6 + 2621.35673021933 * BZip2 + 44186.3326637201 * x_10 * BZip2 + -11973.4118704634 * x_6 * PPMd + 28728.9850323163 * x_10 * Deflate + -2279.62897171038 * Deflate + -9767.5627183297 * x_6 * BZip2 + -10808.7272727274 * x_10 * PPMd + -12675.1690815045 * x_8 * PPMd;17.5817502649452;17.5817502649452;17.5817502649452;17.5817502649452;31.192536;18;-12675.1690815045 * x_8 * PPMd;2;0.961009782890583;
12;3886.8655388079 * CompressionMethod + 14639.1950672527 * x_10 + 15382.2602362175 * x_8 + 10856.2870262402 * x_6 + 2199.05178871438 * BZip2 + 44608.637605225 * x_10 * BZip2 + -10600.0546318739 * x_6 * PPMd + 29070.2403046985 * x_10 * Deflate + -2620.88424409247 * Deflate + -9467.49847140945 * x_6 * BZip2 + -9313.12933955317 * x_10 * PPMd + -11348.2646839566 * x_8 * PPMd + -1495.59793317404 * PPMd;14.9470224330501;14.9470224330501;14.9470224330501;14.9470224330501;39.417955;19;-1495.59793317404 * PPMd;1;2.63472783189508;
13;3294.16276425218 * CompressionMethod + 15231.8978418085 * x_10 + 15436.4022221386 * x_8 + 13649.0930497013 * x_6 + 2779.50816169271 * BZip2 + 44028.1812322467 * x_10 * BZip2 + -13392.860655335 * x_6 * PPMd + 27213.0004764884 * x_10 * Deflate + -763.644415882334 * Deflate + -12248.0580932932 * x_6 * BZip2 + -9905.83211410897 * x_10 * PPMd + -11402.4066698776 * x_8 * PPMd + -902.89515861848 * PPMd + -7999.19473140441 * x_6 * Deflate;10.6127777962779;10.6127777962779;10.6127777962779;10.6127777962779;49.394516;21;-7999.19473140441 * x_6 * Deflate;2;2.16712231838611;
14;3495.91862463674 * CompressionMethod + 15030.1419814239 * x_10 + 14747.0696991579 * x_8 + 13447.3371893168 * x_6 + 2733.67275293474 * BZip2 + 44074.0166410046 * x_10 * BZip2 + -13191.1047949507 * x_6 * PPMd + 28024.5474125155 * x_10 * Deflate + -1575.19135190941 * Deflate + -12202.2226845353 * x_6 * BZip2 + -9704.0762537246 * x_10 * PPMd + -10713.074146897 * x_8 * PPMd + -1104.65101900288 * PPMd + -7187.64779537738 * x_6 * Deflate + 3064.30829127283 * x_8 * Deflate;8.48040033197735;8.48040033197735;8.48040033197735;8.48040033197735;61.057217;23;3064.30829127283 * x_8 * Deflate;2;1.06618873215027;
15;3327.15517241386 * CompressionMethod + 15198.9054336466 * x_10 + 15323.6781609195 * x_8 + 13616.1006415397 * x_6 + 3203.61405835541 * BZip2 + 43604.0753355842 * x_10 * BZip2 + -13359.8682471735 * x_6 * PPMd + 27855.7839602927 * x_10 * Deflate + -1406.42789968652 * Deflate + -12672.163989956 * x_6 * BZip2 + -9872.83970594712 * x_10 * PPMd + -11289.6826086587 * x_8 * PPMd + -935.887566779999 * PPMd + -7356.4112476003 * x_6 * Deflate + 2487.69982951118 * x_8 * Deflate + -1908.1316022152 * x_8 * BZip2;8.09525409137551;8.09525409137551;8.09525409137551;8.09525409137551;74.414345;25;-1908.1316022152 * x_8 * BZip2;2;0.192573120300919;
Elapsed=00:01:14.4260792
average model: 
command: analyze-learning
Round, Model, LearningError, LearningErrorRel, ValidationError, ValidationErrorRel, ElapsedSeconds, ModelComplexity, BestCandidate, BestCandidateSize, BestCandidateScore, TestError
Models:
Termination reason: minImprovementPerRound
1;7717.57812500006 * CompressionMethod + 24690.0355113637 * x_10;117.300826797445;117.300826797445;117.300826797445;117.300826797445;0.191187;2;24690.0355113637 * x_10;1;65.9445417000569;120.89185856901
2;5356.73218673222 * CompressionMethod + 27050.8814496315 * x_10 + 11511.9344799345 * x_8;77.7445427664798;77.7445427664798;77.7445427664798;77.7445427664798;0.622409;3;11511.9344799345 * x_8;1;39.5562840309654;81.4455746301623
3;3537.03583061892 * CompressionMethod + 28870.5778057447 * x_10 + 13331.6308360479 * x_8 + 7406.16416938116 * x_6;56.6409363740233;56.6409363740233;56.6409363740233;56.6409363740233;1.434291;4;7406.16416938116 * x_6;1;21.1036063924565;62.1496138877661
4;1913.23592902131 * CompressionMethod + 29099.9537359006 * x_10 + 13567.6468803532 * x_8 + 7726.17765768063 * x_6 + 7669.33184293009 * BZip2;52.1615528198673;52.1615528198673;52.1615528198673;52.1615528198673;2.582327;5;7669.33184293009 * BZip2;1;4.47938355415607;57.2970232903868
5;3029.1009410845 * CompressionMethod + 22061.59350336 * x_10 + 13405.4581489296 * x_8 + 7506.26641453405 * x_6 + 2399.0155551855 * BZip2 + 37844.0400003701 * x_10 * BZip2;42.9844222147467;42.9844222147467;42.9844222147467;42.9844222147467;4.313052;7;37844.0400003701 * x_10 * BZip2;2;4.58856530256029;47.4795599698446
6;3096.39682780051 * CompressionMethod + 21994.297616644 * x_10 + 13395.6768273731 * x_8 + 9005.74695320505 * x_6 + 2081.17190561947 * BZip2 + 38161.883649936 * x_10 * BZip2 + -9454.64378100552 * x_6 * PPMd;36.7004747895565;36.7004747895565;36.7004747895565;36.7004747895565;6.590694;9;-9454.64378100552 * x_6 * PPMd;2;3.14197371259509;39.2743544747856
7;3096.39682780043 * CompressionMethod + 12051.936505533 * x_10 + 13395.6768273731 * x_8 + 9005.74695320517 * x_6 + 2081.17190561965 * BZip2 + 48104.2447610471 * x_10 * BZip2 + -9454.64378100567 * x_6 * PPMd + 29827.0833333333 * x_10 * Deflate;30.7838691147872;30.7838691147872;30.7838691147872;30.7838691147872;9.56352;11;29827.0833333333 * x_10 * Deflate;2;2.95830283738465;32.0820341418996
8;3405.37506266889 * CompressionMethod + 11742.9582706645 * x_10 + 13387.8928185009 * x_8 + 9144.76250111141 * x_6 + 1750.2593326736 * BZip2 + 48435.1573339929 * x_10 * BZip2 + -9902.63756378026 * x_6 * PPMd + 31160.6651672081 * x_10 * Deflate + -1333.58183387482 * Deflate;27.6198946024405;27.6198946024405;27.6198946024405;27.6198946024405;13.321987;12;-1333.58183387482 * Deflate;1;3.16397451234677;28.4574141084279
9;3085.55159278908 * CompressionMethod + 12062.7817405443 * x_10 + 13440.2616765345 * x_8 + 11272.1777817173 * x_6 + 3439.62731370909 * BZip2 + 46745.7893529576 * x_10 * BZip2 + -11710.2293745064 * x_6 * PPMd + 31371.9945038303 * x_10 * Deflate + -1544.91117049694 * Deflate + -10322.6508058625 * x_6 * BZip2;22.5004866581301;22.5004866581301;22.5004866581301;22.5004866581301;18.223914;14;-10322.6508058625 * x_6 * BZip2;2;2.55970397215518;23.6461211820578
10;3085.55159278909 * CompressionMethod + 15440.5090132715 * x_10 + 13440.2616765344 * x_8 + 11272.1777817173 * x_6 + 3439.62731370912 * BZip2 + 43368.0620802304 * x_10 * BZip2 + -11710.2293745063 * x_6 * PPMd + 27994.2672311031 * x_10 * Deflate + -1544.91117049689 * Deflate + -10322.6508058625 * x_6 * BZip2 + -10808.7272727272 * x_10 * PPMd;19.5037698307263;19.5037698307263;19.5037698307263;19.5037698307263;24.05839;16;-10808.7272727272 * x_10 * PPMd;2;1.49835841370188;20.03355736632
11;3390.42803250759 * CompressionMethod + 15135.6325735531 * x_10 + 15710.0042068917 * x_8 + 11230.4838379559 * x_6 + 2621.35673021933 * BZip2 + 44186.3326637201 * x_10 * BZip2 + -11973.4118704634 * x_6 * PPMd + 28728.9850323163 * x_10 * Deflate + -2279.62897171038 * Deflate + -9767.5627183297 * x_6 * BZip2 + -10808.7272727274 * x_10 * PPMd + -12675.1690815045 * x_8 * PPMd;17.5817502649452;17.5817502649452;17.5817502649452;17.5817502649452;31.192536;18;-12675.1690815045 * x_8 * PPMd;2;0.961009782890583;17.9072619292825
12;3886.8655388079 * CompressionMethod + 14639.1950672527 * x_10 + 15382.2602362175 * x_8 + 10856.2870262402 * x_6 + 2199.05178871438 * BZip2 + 44608.637605225 * x_10 * BZip2 + -10600.0546318739 * x_6 * PPMd + 29070.2403046985 * x_10 * Deflate + -2620.88424409247 * Deflate + -9467.49847140945 * x_6 * BZip2 + -9313.12933955317 * x_10 * PPMd + -11348.2646839566 * x_8 * PPMd + -1495.59793317404 * PPMd;14.9470224330501;14.9470224330501;14.9470224330501;14.9470224330501;39.417955;19;-1495.59793317404 * PPMd;1;2.63472783189508;15.135104856505
13;3294.16276425218 * CompressionMethod + 15231.8978418085 * x_10 + 15436.4022221386 * x_8 + 13649.0930497013 * x_6 + 2779.50816169271 * BZip2 + 44028.1812322467 * x_10 * BZip2 + -13392.860655335 * x_6 * PPMd + 27213.0004764884 * x_10 * Deflate + -763.644415882334 * Deflate + -12248.0580932932 * x_6 * BZip2 + -9905.83211410897 * x_10 * PPMd + -11402.4066698776 * x_8 * PPMd + -902.89515861848 * PPMd + -7999.19473140441 * x_6 * Deflate;10.6127777962779;10.6127777962779;10.6127777962779;10.6127777962779;49.394516;21;-7999.19473140441 * x_6 * Deflate;2;2.16712231838611;10.9531246671809
14;3495.91862463674 * CompressionMethod + 15030.1419814239 * x_10 + 14747.0696991579 * x_8 + 13447.3371893168 * x_6 + 2733.67275293474 * BZip2 + 44074.0166410046 * x_10 * BZip2 + -13191.1047949507 * x_6 * PPMd + 28024.5474125155 * x_10 * Deflate + -1575.19135190941 * Deflate + -12202.2226845353 * x_6 * BZip2 + -9704.0762537246 * x_10 * PPMd + -10713.074146897 * x_8 * PPMd + -1104.65101900288 * PPMd + -7187.64779537738 * x_6 * Deflate + 3064.30829127283 * x_8 * Deflate;8.48040033197735;8.48040033197735;8.48040033197735;8.48040033197735;61.057217;23;3064.30829127283 * x_8 * Deflate;2;1.06618873215027;8.77773776151124
15;3327.15517241386 * CompressionMethod + 15198.9054336466 * x_10 + 15323.6781609195 * x_8 + 13616.1006415397 * x_6 + 3203.61405835541 * BZip2 + 43604.0753355842 * x_10 * BZip2 + -13359.8682471735 * x_6 * PPMd + 27855.7839602927 * x_10 * Deflate + -1406.42789968652 * Deflate + -12672.163989956 * x_6 * BZip2 + -9872.83970594712 * x_10 * PPMd + -11289.6826086587 * x_8 * PPMd + -935.887566779999 * PPMd + -7356.4112476003 * x_6 * Deflate + 2487.69982951118 * x_8 * Deflate + -1908.1316022152 * x_8 * BZip2;8.09525409137551;8.09525409137551;8.09525409137551;8.09525409137551;74.414345;25;-1908.1316022152 * x_8 * BZip2;2;0.192573120300919;8.45547197121781
Analyze finished
command: clean-sampling
command: clean-global
command: script ./learn_grammarBased_t3.a
command: log ./out_grammarBased_t3Predictions.log
