Current machine learning settings: epsilon:0 lossFunction:RELATIVE parallelization:True bagging:False baggingNumbers:3 considerEpsilonTube:False baggingTestDataFraction:50 useBackward:False abortError:1 limitFeatureSize:False featureSizeTreshold:4 quadraticFunctionSupport:True crossValidation:False crossValidation-k:5 learn-logFunction:False learn-accumulatedLogFunction:False learn-asymFunction:False learn-ratioFunction:False learn-mirrowedFunction:False learn-numeric-disabled:True numberOfRounds:70 backwardErrorDelta:1 minImprovementPerRound:0.1 withHierarchy:False bruteForceCandidates:False ignoreBadFeatures:False stopOnLongRound:True candidateSizePenalty:True learnTimeLimit:00:00:00 scoreMeasure:RELERROR outputRoundsToStdout:False debug:False pythonInfluenceAnalysis:False blacklisted: 
command: solver z3
command: vm /scratch/kallistos/Distance-Based_Data/SupplementaryWebsite/MeasuredPerformanceValues/Polly/FeatureModel.xml
command: all /scratch/kallistos/Distance-Based_Data/SupplementaryWebsite/MeasuredPerformanceValues/Polly/measurements.xml
Configs with too large deviation: 0
60000 configurations loaded.
command: binary grammar-based numConfigs:2172 seed:12  confFaultsReport:./out_grammarBasedFailureReport_t3.log
command: printconfigs ./sampledConfigurations_grammarBased_t3FailureReport.csv
Number to sample: 2172; Number of Configurations in Grammar: 60000
Draw a new random number, cause 5927 is already in drawn.
Draw a new random number, cause 5136 is already in drawn.
Draw a new random number, cause 3799 is already in drawn.
Draw a new random number, cause 134 is already in drawn.
Draw a new random number, cause 11398 is already in drawn.
Draw a new random number, cause 52784 is already in drawn.
Draw a new random number, cause 460 is already in drawn.
Draw a new random number, cause 27967 is already in drawn.
Draw a new random number, cause 44642 is already in drawn.
Draw a new random number, cause 15622 is already in drawn.
Draw a new random number, cause 16077 is already in drawn.
Draw a new random number, cause 49982 is already in drawn.
Draw a new random number, cause 1147 is already in drawn.
Draw a new random number, cause 5838 is already in drawn.
Draw a new random number, cause 33809 is already in drawn.
Draw a new random number, cause 28329 is already in drawn.
Draw a new random number, cause 54400 is already in drawn.
Draw a new random number, cause 18238 is already in drawn.
Draw a new random number, cause 8603 is already in drawn.
Draw a new random number, cause 57002 is already in drawn.
Draw a new random number, cause 36225 is already in drawn.
Draw a new random number, cause 8728 is already in drawn.
Draw a new random number, cause 50841 is already in drawn.
Draw a new random number, cause 42793 is already in drawn.
Draw a new random number, cause 24681 is already in drawn.
Draw a new random number, cause 53752 is already in drawn.
Draw a new random number, cause 49796 is already in drawn.
Draw a new random number, cause 43933 is already in drawn.
Draw a new random number, cause 32322 is already in drawn.
Draw a new random number, cause 3573 is already in drawn.
Draw a new random number, cause 38703 is already in drawn.
Draw a new random number, cause 31488 is already in drawn.
Draw a new random number, cause 58698 is already in drawn.
Draw a new random number, cause 35860 is already in drawn.
Draw a new random number, cause 43780 is already in drawn.
Draw a new random number, cause 1696 is already in drawn.
Draw a new random number, cause 32449 is already in drawn.
Draw a new random number, cause 58982 is already in drawn.
Draw a new random number, cause 32456 is already in drawn.
Draw a new random number, cause 56483 is already in drawn.
Draw a new random number, cause 38952 is already in drawn.
Draw a new random number, cause 56935 is already in drawn.
Draw a new random number, cause 9024 is already in drawn.
Draw a new random number, cause 14881 is already in drawn.
Draw a new random number, cause 762 is already in drawn.
Draw a new random number, cause 11665 is already in drawn.
Draw a new random number, cause 32461 is already in drawn.
Draw a new random number, cause 31428 is already in drawn.
Draw a new random number, cause 41985 is already in drawn.
0 drawn configurations were invalid
command: clean-sampling
command: clean-global
