12535 - OpenCL, Ldg, bs_32x4, padding_160, pixelPerThread_4
6039 - OpenCL, Linear2D, bs_64x1, padding_416, pixelPerThread_4
5133 - OpenCL, Linear1D, LocalMemory, bs_512x1, padding_256, pixelPerThread_2
9004 - OpenCL, Array2D, bs_64x16, padding_224, pixelPerThread_1
6962 - OpenCL, Linear2D, bs_64x8, padding_192, pixelPerThread_3
3668 - OpenCL, Linear1D, bs_256x4, padding_512, pixelPerThread_1
23991 - CUDA, Array2D, bs_32x4, padding_416, pixelPerThread_4
24955 - CUDA, Array2D, LocalMemory, bs_128x4, padding_512, pixelPerThread_4
27814 - CUDA, Ldg, LocalMemory, bs_128x8, padding_0, pixelPerThread_3
8600 - OpenCL, Array2D, bs_32x1, padding_256, pixelPerThread_1
9768 - OpenCL, Array2D, bs_64x2, padding_352, pixelPerThread_1
3036 - OpenCL, Linear1D, bs_32x16, padding_352, pixelPerThread_1
25128 - CUDA, Array2D, LocalMemory, bs_512x1, padding_288, pixelPerThread_1
4130 - OpenCL, Linear1D, bs_64x8, padding_384, pixelPerThread_3
13995 - OpenCL, Ldg, LocalMemory, bs_32x4, padding_416, pixelPerThread_4
7666 - OpenCL, Linear2D, LocalMemory, bs_128x1, padding_384, pixelPerThread_3
9241 - OpenCL, Array2D, bs_128x4, padding_480, pixelPerThread_2
7122 - OpenCL, Linear2D, bs_256x2, padding_384, pixelPerThread_3
22975 - CUDA, Array2D, bs_32x8, padding_448, pixelPerThread_4
11466 - OpenCL, Ldg, bs_32x1, padding_320, pixelPerThread_3
13679 - OpenCL, Ldg, LocalMemory, bs_512x1, padding_64, pixelPerThread_4
3455 - OpenCL, Linear1D, bs_128x2, padding_416, pixelPerThread_4
11842 - OpenCL, Ldg, bs_64x16, padding_64, pixelPerThread_3
22979 - CUDA, Array2D, bs_32x8, padding_480, pixelPerThread_4
5534 - OpenCL, Linear1D, LocalMemory, bs_64x8, padding_192, pixelPerThread_3
23998 - CUDA, Array2D, bs_32x4, padding_480, pixelPerThread_3
13280 - OpenCL, Ldg, LocalMemory, bs_64x16, padding_160, pixelPerThread_1
8165 - OpenCL, Linear2D, LocalMemory, bs_32x2, padding_32, pixelPerThread_2
7858 - OpenCL, Linear2D, LocalMemory, bs_128x8, padding_288, pixelPerThread_3
13444 - OpenCL, Ldg, LocalMemory, bs_128x2, padding_384, pixelPerThread_1
6982 - OpenCL, Linear2D, bs_64x8, padding_352, pixelPerThread_3
6189 - OpenCL, Linear2D, bs_128x1, padding_0, pixelPerThread_2
23618 - CUDA, Array2D, bs_256x4, padding_160, pixelPerThread_3
6963 - OpenCL, Linear2D, bs_64x8, padding_192, pixelPerThread_4
12150 - OpenCL, Ldg, bs_128x8, padding_352, pixelPerThread_3
