Current machine learning settings: epsilon:0 lossFunction:RELATIVE parallelization:True bagging:False baggingNumbers:3 considerEpsilonTube:False baggingTestDataFraction:50 useBackward:False abortError:1 limitFeatureSize:False featureSizeTreshold:4 quadraticFunctionSupport:True crossValidation:False crossValidation-k:5 learn-logFunction:False learn-accumulatedLogFunction:False learn-asymFunction:False learn-ratioFunction:False learn-mirrowedFunction:False learn-numeric-disabled:True numberOfRounds:70 backwardErrorDelta:1 minImprovementPerRound:0.1 withHierarchy:False bruteForceCandidates:False ignoreBadFeatures:False stopOnLongRound:True candidateSizePenalty:True learnTimeLimit:00:00:00 scoreMeasure:RELERROR outputRoundsToStdout:False debug:False pythonInfluenceAnalysis:False blacklisted: 
command: mlsettings bagging:False stopOnLongRound:False parallelization:True lossFunction:RELATIVE useBackward:False abortError:1 limitFeatureSize:False featureSizeTreshold:7 quadraticFunctionSupport:True crossValidation:False learn_logFunction:True numberOfRounds:70 backwardErrorDelta:1 minImprovementPerRound:0.25 withHierarchy:False
Current machine learning settings: epsilon:0 lossFunction:RELATIVE parallelization:True bagging:False baggingNumbers:3 considerEpsilonTube:False baggingTestDataFraction:50 useBackward:False abortError:1 limitFeatureSize:False featureSizeTreshold:7 quadraticFunctionSupport:True crossValidation:False crossValidation-k:5 learn-logFunction:True learn-accumulatedLogFunction:False learn-asymFunction:False learn-ratioFunction:False learn-mirrowedFunction:False learn-numeric-disabled:True numberOfRounds:70 backwardErrorDelta:1 minImprovementPerRound:0.25 withHierarchy:False bruteForceCandidates:False ignoreBadFeatures:False stopOnLongRound:False candidateSizePenalty:True learnTimeLimit:00:00:00 scoreMeasure:RELERROR outputRoundsToStdout:False debug:False pythonInfluenceAnalysis:False blacklisted: 
command: solver z3
command: vm /scratch/kallistos/Distance-Based_Data/SupplementaryWebsite/MeasuredPerformanceValues/7z/FeatureModel.xml
command: all /scratch/kallistos/Distance-Based_Data/SupplementaryWebsite/MeasuredPerformanceValues/7z/measurements.xml
Configs with too large deviation: 0
68640 configurations loaded.
command: nfp Performance
command: setsampleset /scratch/kallistos/Distance-Based_Data/Results/7z/7z_70/sampledConfigurations_divDistBased_t3.csv
command: learn-splconqueror
Learning: NumberOfConfigurationsLearning:4091 NumberOfConfigurationsValidation:4091
Learning progress:
1;8297.51094251535 * CompressionMethod + 19281.916768328 * x_10;116.637554196288;116.637554196288;116.637554196288;116.637554196288;1.042728;2;19281.916768328 * x_10;1;45.5408261796605;
2;5769.29850746273 * CompressionMethod + 21810.1292033808 * x_10 + 11598.6399128853 * x_8;76.5994822833092;76.5994822833092;76.5994822833092;76.5994822833092;3.372717;3;11598.6399128853 * x_8;1;40.0380719129791;
3;3778.1310309802 * CompressionMethod + 23801.2966798635 * x_10 + 13589.8073893684 * x_8 + 7505.38514342138 * x_6;56.085540321666;56.085540321666;56.085540321666;56.085540321666;7.416375;4;7505.38514342138 * x_6;1;20.5139419616432;
4;1829.12863081111 * CompressionMethod + 24550.5840869859 * x_10 + 14184.9285220209 * x_8 + 7242.79772555191 * x_6 + 6927.05004681042 * BZip2;49.9445424646377;49.9445424646377;49.9445424646377;49.9445424646377;13.662369;5;6927.05004681042 * BZip2;1;6.14099785702825;
5;2104.79004589517 * CompressionMethod + 30963.7224352363 * x_10 + 14100.75626366 * x_8 + 7279.93735102744 * x_6 + 5947.3075805639 * BZip2 + -25021.3448510741 * x_10 * PPMd;39.2260037913968;39.2260037913968;39.2260037913968;39.2260037913968;22.863645;7;-25021.3448510741 * x_10 * PPMd;2;5.35926933662049;
6;2429.60637686308 * CompressionMethod + 38520.4277058406 * x_10 + 14001.5747219778 * x_8 + 7323.69957606305 * x_6 + 4792.86109017486 * BZip2 + -32902.8664526476 * x_10 * PPMd + -22112.8151477928 * x_10 * LZMA2;34.3192232769424;34.3192232769424;34.3192232769424;34.3192232769424;35.052165;9;-22112.8151477928 * x_10 * LZMA2;2;2.45339025722719;
7;2516.16050937733 * CompressionMethod + 38543.7401842847 * x_10 + 15542.8716633278 * x_8 + 7335.36093992815 * x_6 + 4485.23457948811 * BZip2 + -33012.7330636051 * x_10 * PPMd + -22222.6817587518 * x_10 * LZMA2 + -11481.2870746666 * x_8 * PPMd;29.9463612351614;29.9463612351614;29.9463612351614;29.9463612351614;50.811722;11;-11481.2870746666 * x_8 * PPMd;2;2.18643102089047;
8;2580.01125263914 * CompressionMethod + 38560.9377349148 * x_10 + 15530.3892030775 * x_8 + 8083.2849427921 * x_6 + 4258.29935659477 * BZip2 + -33093.781357499 * x_10 * PPMd + -22303.730052643 * x_10 * LZMA2 + -11532.6553576787 * x_8 * PPMd + -7964.50831664344 * x_6 * PPMd;25.9076293931218;25.9076293931218;25.9076293931218;25.9076293931218;70.499415;13;-7964.50831664344 * x_6 * PPMd;2;2.0193659210198;
9;3148.73920277373 * CompressionMethod + 51582.4699339412 * x_10 + 15419.206095909 * x_8 + 8225.9452074052 * x_6 + 2236.95398869771 * BZip2 + -46684.0415066579 * x_10 * PPMd + -35893.9902018028 * x_10 * LZMA2 + -11990.2002006432 * x_8 * PPMd + -8675.89653139029 * x_6 * PPMd + -36031.3830497583 * x_10 * LZMA;23.3573401940996;23.3573401940996;23.3573401940996;23.3573401940996;94.70947;15;-36031.3830497583 * x_10 * LZMA;2;1.27514459951114;
10;2465.19056592378 * CompressionMethod + 50916.3321829479 * x_10 + 15552.8359998516 * x_8 + 12176.9625441247 * x_6 + 4666.38948681572 * BZip2 + -45334.355118814 * x_10 * PPMd + -34544.3038139605 * x_10 * LZMA2 + -11440.281467737 * x_8 * PPMd + -11943.3652312612 * x_6 * PPMd + -34681.6966619156 * x_10 * LZMA + -11713.6527290227 * x_6 * BZip2;17.2583373999964;17.2583373999964;17.2583373999964;17.2583373999964;124.32049;17;-11713.6527290227 * x_6 * BZip2;2;3.04950139705157;
11;2210.00191883891 * CompressionMethod + 51019.4064243696 * x_10 + 15367.7221402874 * x_8 + 12084.1293389653 * x_6 + 4940.19541700854 * BZip2 + -45182.2407131499 * x_10 * PPMd + -35565.3598457001 * x_10 * LZMA2 + -10999.9789610876 * x_8 * PPMd + -11595.3433790159 * x_6 * PPMd + -34529.5822562517 * x_10 * LZMA + -11639.4368069712 * x_6 * BZip2 + 1173.17043740337 * LZMA2;15.3220303576034;15.3220303576034;15.3220303576034;15.3220303576034;160.457383;18;1173.17043740337 * LZMA2;1;1.93630704239306;
12;2348.77733897282 * CompressionMethod + 50963.3531033383 * x_10 + 15468.3898381933 * x_8 + 14455.6137999912 * x_6 + 4791.29563862266 * BZip2 + -45264.9628122539 * x_10 * PPMd + -35010.0942357118 * x_10 * LZMA2 + -11239.4220791261 * x_8 * PPMd + -14105.6032601764 * x_6 * PPMd + -34612.3043553547 * x_10 * LZMA + -14000.7969097443 * x_6 * BZip2 + 535.1827283128 * LZMA2 + -8221.84876608312 * x_6 * Deflate;13.9464739264337;13.9464739264337;13.9464739264337;13.9464739264337;204.37865;20;-8221.84876608312 * x_6 * Deflate;2;0.687778215584829;
13;1781.20947089535 * CompressionMethod + 51239.2666278812 * x_10 + 15488.806517597 * x_8 + 13869.2581126006 * x_6 + 5316.27345698755 * BZip2 + -44973.3084687195 * x_10 * PPMd + -35394.5044891305 * x_10 * LZMA2 + -10692.2708904531 * x_8 * PPMd + -12951.6797047091 * x_6 * PPMd + -35811.2469244256 * x_10 * LZMA + -13371.8511726443 * x_6 * BZip2 + 1211.24732526562 * LZMA2 + -7067.92521061441 * x_6 * Deflate + 1490.59691260567 * LZMA;10.6278055019316;10.6278055019316;10.6278055019316;10.6278055019316;255.958271;21;1490.59691260567 * LZMA;1;3.31866842450205;
14;1696.20534888764 * CompressionMethod + 51321.5639823118 * x_10 + 15871.2951178881 * x_8 + 13726.090630128 * x_6 + 5321.1456386252 * BZip2 + -44970.6017011419 * x_10 * PPMd + -35843.0560683556 * x_10 * LZMA2 + -10989.7553687358 * x_8 * PPMd + -12723.5081002271 * x_6 * PPMd + -35879.5370110535 * x_10 * LZMA + -13148.5517497991 * x_6 * BZip2 + 1662.50567206716 * LZMA2 + -6839.75360613423 * x_6 * Deflate + 1561.5937668114 * LZMA + -1408.22729268971 * x_8 * LZMA2;10.2943180536254;10.2943180536254;10.2943180536254;10.2943180536254;316.946929;23;-1408.22729268971 * x_8 * LZMA2;2;0.1667437241531;
Elapsed=00:05:17.0078106
average model: 
command: analyze-learning
Round, Model, LearningError, LearningErrorRel, ValidationError, ValidationErrorRel, ElapsedSeconds, ModelComplexity, BestCandidate, BestCandidateSize, BestCandidateScore, TestError
Models:
Termination reason: minImprovementPerRound
1;8297.51094251535 * CompressionMethod + 19281.916768328 * x_10;116.637554196288;116.637554196288;116.637554196288;116.637554196288;1.042728;2;19281.916768328 * x_10;1;45.5408261796605;128.230967390403
2;5769.29850746273 * CompressionMethod + 21810.1292033808 * x_10 + 11598.6399128853 * x_8;76.5994822833092;76.5994822833092;76.5994822833092;76.5994822833092;3.372717;3;11598.6399128853 * x_8;1;40.0380719129791;84.1746783887915
3;3778.1310309802 * CompressionMethod + 23801.2966798635 * x_10 + 13589.8073893684 * x_8 + 7505.38514342138 * x_6;56.085540321666;56.085540321666;56.085540321666;56.085540321666;7.416375;4;7505.38514342138 * x_6;1;20.5139419616432;62.3419539904762
4;1829.12863081111 * CompressionMethod + 24550.5840869859 * x_10 + 14184.9285220209 * x_8 + 7242.79772555191 * x_6 + 6927.05004681042 * BZip2;49.9445424646377;49.9445424646377;49.9445424646377;49.9445424646377;13.662369;5;6927.05004681042 * BZip2;1;6.14099785702825;52.2857582188097
5;2104.79004589517 * CompressionMethod + 30963.7224352363 * x_10 + 14100.75626366 * x_8 + 7279.93735102744 * x_6 + 5947.3075805639 * BZip2 + -25021.3448510741 * x_10 * PPMd;39.2260037913968;39.2260037913968;39.2260037913968;39.2260037913968;22.863645;7;-25021.3448510741 * x_10 * PPMd;2;5.35926933662049;43.5897213781753
6;2429.60637686308 * CompressionMethod + 38520.4277058406 * x_10 + 14001.5747219778 * x_8 + 7323.69957606305 * x_6 + 4792.86109017486 * BZip2 + -32902.8664526476 * x_10 * PPMd + -22112.8151477928 * x_10 * LZMA2;34.3192232769424;34.3192232769424;34.3192232769424;34.3192232769424;35.052165;9;-22112.8151477928 * x_10 * LZMA2;2;2.45339025722719;39.9396800308992
7;2516.16050937733 * CompressionMethod + 38543.7401842847 * x_10 + 15542.8716633278 * x_8 + 7335.36093992815 * x_6 + 4485.23457948811 * BZip2 + -33012.7330636051 * x_10 * PPMd + -22222.6817587518 * x_10 * LZMA2 + -11481.2870746666 * x_8 * PPMd;29.9463612351614;29.9463612351614;29.9463612351614;29.9463612351614;50.811722;11;-11481.2870746666 * x_8 * PPMd;2;2.18643102089047;34.4440665066349
8;2580.01125263914 * CompressionMethod + 38560.9377349148 * x_10 + 15530.3892030775 * x_8 + 8083.2849427921 * x_6 + 4258.29935659477 * BZip2 + -33093.781357499 * x_10 * PPMd + -22303.730052643 * x_10 * LZMA2 + -11532.6553576787 * x_8 * PPMd + -7964.50831664344 * x_6 * PPMd;25.9076293931218;25.9076293931218;25.9076293931218;25.9076293931218;70.499415;13;-7964.50831664344 * x_6 * PPMd;2;2.0193659210198;25.8509631700657
9;3148.73920277373 * CompressionMethod + 51582.4699339412 * x_10 + 15419.206095909 * x_8 + 8225.9452074052 * x_6 + 2236.95398869771 * BZip2 + -46684.0415066579 * x_10 * PPMd + -35893.9902018028 * x_10 * LZMA2 + -11990.2002006432 * x_8 * PPMd + -8675.89653139029 * x_6 * PPMd + -36031.3830497583 * x_10 * LZMA;23.3573401940996;23.3573401940996;23.3573401940996;23.3573401940996;94.70947;15;-36031.3830497583 * x_10 * LZMA;2;1.27514459951114;23.6200563559069
10;2465.19056592378 * CompressionMethod + 50916.3321829479 * x_10 + 15552.8359998516 * x_8 + 12176.9625441247 * x_6 + 4666.38948681572 * BZip2 + -45334.355118814 * x_10 * PPMd + -34544.3038139605 * x_10 * LZMA2 + -11440.281467737 * x_8 * PPMd + -11943.3652312612 * x_6 * PPMd + -34681.6966619156 * x_10 * LZMA + -11713.6527290227 * x_6 * BZip2;17.2583373999964;17.2583373999964;17.2583373999964;17.2583373999964;124.32049;17;-11713.6527290227 * x_6 * BZip2;2;3.04950139705157;18.7499697187155
11;2210.00191883891 * CompressionMethod + 51019.4064243696 * x_10 + 15367.7221402874 * x_8 + 12084.1293389653 * x_6 + 4940.19541700854 * BZip2 + -45182.2407131499 * x_10 * PPMd + -35565.3598457001 * x_10 * LZMA2 + -10999.9789610876 * x_8 * PPMd + -11595.3433790159 * x_6 * PPMd + -34529.5822562517 * x_10 * LZMA + -11639.4368069712 * x_6 * BZip2 + 1173.17043740337 * LZMA2;15.3220303576034;15.3220303576034;15.3220303576034;15.3220303576034;160.457383;18;1173.17043740337 * LZMA2;1;1.93630704239306;16.0186364596226
12;2348.77733897282 * CompressionMethod + 50963.3531033383 * x_10 + 15468.3898381933 * x_8 + 14455.6137999912 * x_6 + 4791.29563862266 * BZip2 + -45264.9628122539 * x_10 * PPMd + -35010.0942357118 * x_10 * LZMA2 + -11239.4220791261 * x_8 * PPMd + -14105.6032601764 * x_6 * PPMd + -34612.3043553547 * x_10 * LZMA + -14000.7969097443 * x_6 * BZip2 + 535.1827283128 * LZMA2 + -8221.84876608312 * x_6 * Deflate;13.9464739264337;13.9464739264337;13.9464739264337;13.9464739264337;204.37865;20;-8221.84876608312 * x_6 * Deflate;2;0.687778215584829;14.4654940806561
13;1781.20947089535 * CompressionMethod + 51239.2666278812 * x_10 + 15488.806517597 * x_8 + 13869.2581126006 * x_6 + 5316.27345698755 * BZip2 + -44973.3084687195 * x_10 * PPMd + -35394.5044891305 * x_10 * LZMA2 + -10692.2708904531 * x_8 * PPMd + -12951.6797047091 * x_6 * PPMd + -35811.2469244256 * x_10 * LZMA + -13371.8511726443 * x_6 * BZip2 + 1211.24732526562 * LZMA2 + -7067.92521061441 * x_6 * Deflate + 1490.59691260567 * LZMA;10.6278055019316;10.6278055019316;10.6278055019316;10.6278055019316;255.958271;21;1490.59691260567 * LZMA;1;3.31866842450205;11.1162151663442
14;1696.20534888764 * CompressionMethod + 51321.5639823118 * x_10 + 15871.2951178881 * x_8 + 13726.090630128 * x_6 + 5321.1456386252 * BZip2 + -44970.6017011419 * x_10 * PPMd + -35843.0560683556 * x_10 * LZMA2 + -10989.7553687358 * x_8 * PPMd + -12723.5081002271 * x_6 * PPMd + -35879.5370110535 * x_10 * LZMA + -13148.5517497991 * x_6 * BZip2 + 1662.50567206716 * LZMA2 + -6839.75360613423 * x_6 * Deflate + 1561.5937668114 * LZMA + -1408.22729268971 * x_8 * LZMA2;10.2943180536254;10.2943180536254;10.2943180536254;10.2943180536254;316.946929;23;-1408.22729268971 * x_8 * LZMA2;2;0.1667437241531;10.9849150925089
Analyze finished
command: clean-sampling
command: clean-global
