Current machine learning settings: epsilon:0 lossFunction:RELATIVE parallelization:True bagging:False baggingNumbers:3 considerEpsilonTube:False baggingTestDataFraction:50 useBackward:False abortError:1 limitFeatureSize:False featureSizeTreshold:4 quadraticFunctionSupport:True crossValidation:False crossValidation-k:5 learn-logFunction:False learn-accumulatedLogFunction:False learn-asymFunction:False learn-ratioFunction:False learn-mirrowedFunction:False learn-numeric-disabled:True numberOfRounds:70 backwardErrorDelta:1 minImprovementPerRound:0.1 withHierarchy:False bruteForceCandidates:False ignoreBadFeatures:False stopOnLongRound:True candidateSizePenalty:True learnTimeLimit:00:00:00 scoreMeasure:RELERROR outputRoundsToStdout:False debug:False pythonInfluenceAnalysis:False blacklisted: 
command: mlsettings bagging:False stopOnLongRound:False parallelization:True lossFunction:RELATIVE useBackward:False abortError:1 limitFeatureSize:False featureSizeTreshold:7 quadraticFunctionSupport:True crossValidation:False learn_logFunction:True numberOfRounds:70 backwardErrorDelta:1 minImprovementPerRound:0.25 withHierarchy:False
Current machine learning settings: epsilon:0 lossFunction:RELATIVE parallelization:True bagging:False baggingNumbers:3 considerEpsilonTube:False baggingTestDataFraction:50 useBackward:False abortError:1 limitFeatureSize:False featureSizeTreshold:7 quadraticFunctionSupport:True crossValidation:False crossValidation-k:5 learn-logFunction:True learn-accumulatedLogFunction:False learn-asymFunction:False learn-ratioFunction:False learn-mirrowedFunction:False learn-numeric-disabled:True numberOfRounds:70 backwardErrorDelta:1 minImprovementPerRound:0.25 withHierarchy:False bruteForceCandidates:False ignoreBadFeatures:False stopOnLongRound:False candidateSizePenalty:True learnTimeLimit:00:00:00 scoreMeasure:RELERROR outputRoundsToStdout:False debug:False pythonInfluenceAnalysis:False blacklisted: 
command: solver z3
command: vm /scratch/kallistos/Distance-Based_Data/SupplementaryWebsite/MeasuredPerformanceValues/Polly/FeatureModel.xml
command: all /scratch/kallistos/Distance-Based_Data/SupplementaryWebsite/MeasuredPerformanceValues/Polly/measurements.xml
Configs with too large deviation: 0
60000 configurations loaded.
command: nfp Performance
command: setsampleset /scratch/kallistos/Distance-Based_Data/Results/Polly/Polly_97/sampledConfigurations_grammarBased_t3.csv
command: learn-splconqueror
Learning: NumberOfConfigurationsLearning:2172 NumberOfConfigurationsValidation:2172
Learning progress:
1;24.4107261794634 * polly_vectorizer + 5.15983905121179 * memory_based;29.0966750764742;29.0966750764742;29.0966750764742;29.0966750764742;0.796913;2;5.15983905121179 * memory_based;1;3.80468600368142;
2;26.9931366211699 * polly_vectorizer + 5.23076191575158 * memory_based + -5.16004748148755 * min;27.2955989587446;27.2955989587446;27.2955989587446;27.2955989587446;2.466157;3;-5.16004748148755 * min;1;1.80107611772965;
3;24.7578203274721 * polly_vectorizer + 5.29663231576663 * memory_based + -5.18980377389375 * min + 4.44693796650666 * polly_no_tiling;23.6853288189408;23.6853288189408;23.6853288189408;23.6853288189408;5.322262;4;4.44693796650666 * polly_no_tiling;1;3.61027013980375;
4;27.3620418042673 * polly_vectorizer + 0.161360046721521 * memory_based + -10.269769616553 * min + 4.32463102768223 * polly_no_tiling + 10.1190619809028 * min * memory_based;19.9885816176218;19.9885816176218;19.9885816176218;19.9885816176218;9.953126;6;10.1190619809028 * min * memory_based;2;1.84837360065952;
5;25.0944214183322 * polly_vectorizer + 4.5057608388058 * memory_based + -10.1923016080493 * min + 8.72936127374339 * polly_no_tiling + 10.1759797571051 * min * memory_based + -8.7725620526447 * memory_based * polly_no_tiling;15.9326391747726;15.9326391747726;15.9326391747726;15.9326391747726;16.71034;8;-8.7725620526447 * memory_based * polly_no_tiling;2;2.02797122142458;
6;24.4504668201011 * polly_vectorizer + 4.42539223771461 * memory_based + -10.2003641873547 * min + 8.62553241990732 * polly_no_tiling + 10.2169451159802 * min * memory_based + -8.60748680251686 * memory_based * polly_no_tiling + 2.0356751589793 * parallel;14.7723813485784;14.7723813485784;14.7723813485784;14.7723813485784;25.90676;9;2.0356751589793 * parallel;1;1.16025782619421;
7;26.6151539340544 * polly_vectorizer + 4.30861800162838 * memory_based + -14.5361945367109 * min + 12.8963326450438 * polly_no_tiling + 10.3536387758418 * min * memory_based + -8.71708403404756 * memory_based * polly_no_tiling + 2.17333948941364 * parallel + -8.56719929947134 * polly_no_tiling * max;13.0581556462007;13.0581556462007;13.0581556462007;13.0581556462007;37.843136;11;-8.56719929947134 * polly_no_tiling * max;2;0.857112851188877;
8;28.8902321923703 * polly_vectorizer + 0.000359409894588991 * memory_based + -18.8919097239492 * min + 17.2040484943378 * polly_no_tiling + 18.9065732335678 * min * memory_based + -0.0123761754784277 * memory_based * polly_no_tiling + 1.99606149522624 * parallel + -17.1761591436068 * polly_no_tiling * max + -17.1735548654478 * min * memory_based * polly_no_tiling;6.83690753502446;6.83690753502446;6.83690753502446;6.83690753502446;53.23542;14;-17.1735548654478 * min * memory_based * polly_no_tiling;3;2.07374937039207;
9;28.8940164961509 * polly_vectorizer + 0.000396358390010537 * memory_based + -19.8672052110769 * min + 17.1014232806817 * polly_no_tiling + 18.8275367260499 * min * memory_based + -0.012439070748544 * memory_based * polly_no_tiling + 1.98425807152927 * parallel + -17.0730299395105 * polly_no_tiling * max + -17.0605656662116 * min * memory_based * polly_no_tiling + 2.07239168990913 * min * none;5.82466655612596;5.82466655612596;5.82466655612596;5.82466655612596;72.447381;16;2.07239168990913 * min * none;2;0.506120489449248;
10;28.9069896045286 * polly_vectorizer + 0.000523022860193012 * memory_based + -20.8858154622224 * min + 16.9959216399634 * polly_no_tiling + 16.662092808631 * min * memory_based + -0.0126546842934857 * memory_based * polly_no_tiling + 1.94379432873249 * parallel + -16.9658005509738 * polly_no_tiling * max + -16.9700941677856 * min * memory_based * polly_no_tiling + 4.23655719548201 * min * none + 4.24540291790984 * min * memory_based * polly;4.15913108297923;4.15913108297923;4.15913108297923;4.15913108297923;96.139209;19;4.24540291790984 * min * memory_based * polly;3;0.55517849104891;
11;28.9072624629309 * polly_vectorizer + 0.000525686945429843 * memory_based + -21.0260724756996 * min + 17.2927477443846 * polly_no_tiling + 16.6531916110686 * min * memory_based + -0.0126592192105487 * memory_based * polly_no_tiling + 1.94294327038201 * parallel + -17.2625903163391 * polly_no_tiling * max + -16.9638260998633 * min * memory_based * polly_no_tiling + 4.53459532984584 * min * none + 4.24029105609887 * min * memory_based * polly + -0.598784759226053 * min * none * polly_no_tiling;4.03491273830093;4.03491273830093;4.03491273830093;4.03491273830093;124.459272;22;-0.598784759226053 * min * none * polly_no_tiling;3;0.0414061148927673;
Elapsed=00:02:04.5297251
average model: 
command: analyze-learning
Round, Model, LearningError, LearningErrorRel, ValidationError, ValidationErrorRel, ElapsedSeconds, ModelComplexity, BestCandidate, BestCandidateSize, BestCandidateScore, TestError
Models:
Termination reason: minImprovementPerRound
1;24.4107261794634 * polly_vectorizer + 5.15983905121179 * memory_based;29.0966750764742;29.0966750764742;29.0966750764742;29.0966750764742;0.796913;2;5.15983905121179 * memory_based;1;3.80468600368142;28.395073769409
2;26.9931366211699 * polly_vectorizer + 5.23076191575158 * memory_based + -5.16004748148755 * min;27.2955989587446;27.2955989587446;27.2955989587446;27.2955989587446;2.466157;3;-5.16004748148755 * min;1;1.80107611772965;26.7203069691558
3;24.7578203274721 * polly_vectorizer + 5.29663231576663 * memory_based + -5.18980377389375 * min + 4.44693796650666 * polly_no_tiling;23.6853288189408;23.6853288189408;23.6853288189408;23.6853288189408;5.322262;4;4.44693796650666 * polly_no_tiling;1;3.61027013980375;23.2792086043908
4;27.3620418042673 * polly_vectorizer + 0.161360046721521 * memory_based + -10.269769616553 * min + 4.32463102768223 * polly_no_tiling + 10.1190619809028 * min * memory_based;19.9885816176218;19.9885816176218;19.9885816176218;19.9885816176218;9.953126;6;10.1190619809028 * min * memory_based;2;1.84837360065952;19.4354127946288
5;25.0944214183322 * polly_vectorizer + 4.5057608388058 * memory_based + -10.1923016080493 * min + 8.72936127374339 * polly_no_tiling + 10.1759797571051 * min * memory_based + -8.7725620526447 * memory_based * polly_no_tiling;15.9326391747726;15.9326391747726;15.9326391747726;15.9326391747726;16.71034;8;-8.7725620526447 * memory_based * polly_no_tiling;2;2.02797122142458;15.4851923791354
6;24.4504668201011 * polly_vectorizer + 4.42539223771461 * memory_based + -10.2003641873547 * min + 8.62553241990732 * polly_no_tiling + 10.2169451159802 * min * memory_based + -8.60748680251686 * memory_based * polly_no_tiling + 2.0356751589793 * parallel;14.7723813485784;14.7723813485784;14.7723813485784;14.7723813485784;25.90676;9;2.0356751589793 * parallel;1;1.16025782619421;14.4173282456037
7;26.6151539340544 * polly_vectorizer + 4.30861800162838 * memory_based + -14.5361945367109 * min + 12.8963326450438 * polly_no_tiling + 10.3536387758418 * min * memory_based + -8.71708403404756 * memory_based * polly_no_tiling + 2.17333948941364 * parallel + -8.56719929947134 * polly_no_tiling * max;13.0581556462007;13.0581556462007;13.0581556462007;13.0581556462007;37.843136;11;-8.56719929947134 * polly_no_tiling * max;2;0.857112851188877;12.7794821118883
8;28.8902321923703 * polly_vectorizer + 0.000359409894588991 * memory_based + -18.8919097239492 * min + 17.2040484943378 * polly_no_tiling + 18.9065732335678 * min * memory_based + -0.0123761754784277 * memory_based * polly_no_tiling + 1.99606149522624 * parallel + -17.1761591436068 * polly_no_tiling * max + -17.1735548654478 * min * memory_based * polly_no_tiling;6.83690753502446;6.83690753502446;6.83690753502446;6.83690753502446;53.23542;14;-17.1735548654478 * min * memory_based * polly_no_tiling;3;2.07374937039207;6.73921503497114
9;28.8940164961509 * polly_vectorizer + 0.000396358390010537 * memory_based + -19.8672052110769 * min + 17.1014232806817 * polly_no_tiling + 18.8275367260499 * min * memory_based + -0.012439070748544 * memory_based * polly_no_tiling + 1.98425807152927 * parallel + -17.0730299395105 * polly_no_tiling * max + -17.0605656662116 * min * memory_based * polly_no_tiling + 2.07239168990913 * min * none;5.82466655612596;5.82466655612596;5.82466655612596;5.82466655612596;72.447381;16;2.07239168990913 * min * none;2;0.506120489449248;5.70888037991334
10;28.9069896045286 * polly_vectorizer + 0.000523022860193012 * memory_based + -20.8858154622224 * min + 16.9959216399634 * polly_no_tiling + 16.662092808631 * min * memory_based + -0.0126546842934857 * memory_based * polly_no_tiling + 1.94379432873249 * parallel + -16.9658005509738 * polly_no_tiling * max + -16.9700941677856 * min * memory_based * polly_no_tiling + 4.23655719548201 * min * none + 4.24540291790984 * min * memory_based * polly;4.15913108297923;4.15913108297923;4.15913108297923;4.15913108297923;96.139209;19;4.24540291790984 * min * memory_based * polly;3;0.55517849104891;4.06967449000682
11;28.9072624629309 * polly_vectorizer + 0.000525686945429843 * memory_based + -21.0260724756996 * min + 17.2927477443846 * polly_no_tiling + 16.6531916110686 * min * memory_based + -0.0126592192105487 * memory_based * polly_no_tiling + 1.94294327038201 * parallel + -17.2625903163391 * polly_no_tiling * max + -16.9638260998633 * min * memory_based * polly_no_tiling + 4.53459532984584 * min * none + 4.24029105609887 * min * memory_based * polly + -0.598784759226053 * min * none * polly_no_tiling;4.03491273830093;4.03491273830093;4.03491273830093;4.03491273830093;124.459272;22;-0.598784759226053 * min * none * polly_no_tiling;3;0.0414061148927673;3.94642212875223
Analyze finished
command: clean-sampling
command: clean-global
