Current machine learning settings: epsilon:0 lossFunction:RELATIVE parallelization:True bagging:False baggingNumbers:3 considerEpsilonTube:False baggingTestDataFraction:50 useBackward:False abortError:1 limitFeatureSize:False featureSizeTreshold:4 quadraticFunctionSupport:True crossValidation:False crossValidation-k:5 learn-logFunction:False learn-accumulatedLogFunction:False learn-asymFunction:False learn-ratioFunction:False learn-mirrowedFunction:False learn-numeric-disabled:True numberOfRounds:70 backwardErrorDelta:1 minImprovementPerRound:0.1 withHierarchy:False bruteForceCandidates:False ignoreBadFeatures:False stopOnLongRound:True candidateSizePenalty:True learnTimeLimit:00:00:00 scoreMeasure:RELERROR outputRoundsToStdout:False debug:False pythonInfluenceAnalysis:False blacklisted: 
command: mlsettings bagging:False stopOnLongRound:False parallelization:True lossFunction:RELATIVE useBackward:False abortError:1 limitFeatureSize:False featureSizeTreshold:7 quadraticFunctionSupport:True crossValidation:False learn_logFunction:True numberOfRounds:70 backwardErrorDelta:1 minImprovementPerRound:0.25 withHierarchy:False
Current machine learning settings: epsilon:0 lossFunction:RELATIVE parallelization:True bagging:False baggingNumbers:3 considerEpsilonTube:False baggingTestDataFraction:50 useBackward:False abortError:1 limitFeatureSize:False featureSizeTreshold:7 quadraticFunctionSupport:True crossValidation:False crossValidation-k:5 learn-logFunction:True learn-accumulatedLogFunction:False learn-asymFunction:False learn-ratioFunction:False learn-mirrowedFunction:False learn-numeric-disabled:True numberOfRounds:70 backwardErrorDelta:1 minImprovementPerRound:0.25 withHierarchy:False bruteForceCandidates:False ignoreBadFeatures:False stopOnLongRound:False candidateSizePenalty:True learnTimeLimit:00:00:00 scoreMeasure:RELERROR outputRoundsToStdout:False debug:False pythonInfluenceAnalysis:False blacklisted: 
command: solver z3
command: vm /scratch/kallistos/Distance-Based_Data/SupplementaryWebsite/MeasuredPerformanceValues/Hipacc/FeatureModel.xml
Warning: Variability model contains outdated notation. Children nodes will no longer have effect on the model. Instead use the parent node to describe the parent of an configuration option. You can also use the converter providedby the Variability Model GUI in export>convert legacy model.
Warning: Default value nodes in models are no longer used and should be removed. You can also use the converter provided by the Variability Model GUI in export>convert legacy model to update your model.
command: all /scratch/kallistos/Distance-Based_Data/SupplementaryWebsite/MeasuredPerformanceValues/Hipacc/measurements.xml
Configs with too large deviation: 0
13485 configurations loaded.
command: nfp Performance
command: setsampleset /scratch/kallistos/Distance-Based_Data/Results/Hipacc/Hipacc_100/sampledConfigurations_grammarBased_t1.csv
command: learn-splconqueror
Learning: NumberOfConfigurationsLearning:50 NumberOfConfigurationsValidation:50
Learning progress:
1;25.34628125 * API + 18.8318298611111 * LocalMemory;14.764098088187;14.764098088187;14.764098088187;14.764098088187;0.0647;2;18.8318298611111 * LocalMemory;1;15.6460417486464;
2;23.9754081115336 * API + 17.2781736375158 * LocalMemory + 8.77358808618504 * Ldg;12.478855156234;12.478855156234;12.478855156234;12.478855156234;0.119144;3;8.77358808618504 * Ldg;1;2.28524293195295;
3;23.8814706149308 * API + 16.3481924211482 * LocalMemory + 9.37478806444293 * Ldg + 14.823336963921 * padding_320;11.5488952184304;11.5488952184304;11.5488952184304;11.5488952184304;0.211529;4;14.823336963921 * padding_320;1;0.929959937803609;
4;24.0664008243174 * API + 15.7093426069037 * LocalMemory + 10.6608936115405 * Ldg + 15.277256568779 * padding_320 + -12.3482944358578 * bs_32x8;10.5871522113249;10.5871522113249;10.5871522113249;10.5871522113249;0.349202;5;-12.3482944358578 * bs_32x8;1;0.961743007105474;
5;23.6588020277482 * API + 16.0439386339381 * LocalMemory + 10.867734791889 * Ldg + 15.3502593383137 * padding_320 + -12.1475368196371 * bs_32x8 + 11.8081979722519 * bs_32x1;9.67513562538256;9.67513562538256;9.67513562538256;9.67513562538256;0.543808;6;11.8081979722519 * bs_32x1;1;0.912016585942371;
6;23.5167748267899 * API + 14.5053106235566 * LocalMemory + 11.9329387990762 * Ldg + 17.0309145496536 * padding_320 + -13.070713625866 * bs_32x8 + 11.9502251732101 * bs_32x1 + 22.1799145496536 * LocalMemory * bs_32x16;8.55039540295993;8.55039540295993;8.55039540295993;8.55039540295993;0.807463;8;22.1799145496536 * LocalMemory * bs_32x16;2;0.562370111211314;
7;23.1002669801463 * API + 14.5555146943573 * LocalMemory + 11.836249477534 * Ldg + 17.3972183254963 * padding_320 + -12.5575164576803 * bs_32x8 + 12.3667330198537 * bs_32x1 + 22.5462183254963 * LocalMemory * bs_32x16 + 1.61024908568442 * pixelPerThread_1;7.89313358493355;7.89313358493355;7.89313358493355;7.89313358493355;1.153269;9;1.61024908568442 * pixelPerThread_1;1;0.657261818026377;
8;23.2144834117911 * API + 13.0778396099529 * LocalMemory + 8.6096352835687 * Ldg + 18.760676978256 * padding_320 + -9.44511869535979 * bs_32x8 + 12.2525165882089 * bs_32x1 + 23.909676978256 * LocalMemory * bs_32x16 + 2.79524456399909 * pixelPerThread_1 + 36.4350416946873 * Ldg * padding_160;6.79646267040464;6.79646267040464;6.79646267040464;6.79646267040464;1.610112;11;36.4350416946873 * Ldg * padding_160;2;0.548335457264455;
9;23.8139615241537 * API + 12.81759460417 * LocalMemory + 7.85024091099653 * Ldg + 18.4214438716763 * padding_320 + -9.28520243515024 * bs_32x8 + 11.6530384758463 * bs_32x1 + 23.5704438716763 * LocalMemory * bs_32x16 + 3.70873502093259 * pixelPerThread_1 + 36.8552029606798 * Ldg * padding_160 + -2.4727432817842 * Linear1D;6.21414922055472;6.21414922055472;6.21414922055472;6.21414922055472;2.195799;12;-2.4727432817842 * Linear1D;1;0.582313449849924;
10;23.5714470789336 * API + 13.01098798627 * LocalMemory + 8.08009071296626 * Ldg + 18.4705649347964 * padding_320 + -9.27253779189989 * bs_32x8 + 11.8955529210664 * bs_32x1 + 23.6195649347964 * LocalMemory * bs_32x16 + 3.42440664718374 * pixelPerThread_1 + 36.6744742218301 * Ldg * padding_160 + -2.11030306581018 * Linear1D + 2.68434959747454 * bs_512x2;5.73510299630985;5.73510299630985;5.73510299630985;5.73510299630985;2.895525;13;2.68434959747454 * bs_512x2;1;0.479046224244867;
11;23.3637438748942 * API + 13.3132451665798 * LocalMemory + 7.88664651447846 * Ldg + 18.3760109585261 * padding_320 + -8.87139038937267 * bs_32x8 + 12.1032561251058 * bs_32x1 + 23.5250109585261 * LocalMemory * bs_32x16 + 3.16433111795231 * pixelPerThread_1 + 36.7733644440476 * Ldg * padding_160 + -1.81569633315544 * Linear1D + 3.02209056612962 * bs_512x2 + 2.87926730889041 * bs_1024x1;5.25211947244296;5.25211947244296;5.25211947244296;5.25211947244296;3.73036;14;2.87926730889041 * bs_1024x1;1;0.482983523866893;
12;23.6083176778708 * API + 12.7655036475664 * LocalMemory + 9.02143458078639 * Ldg + 18.6791786745628 * padding_320 + -10.2507522586572 * bs_32x8 + 11.8586823221292 * bs_32x1 + 23.8281786745628 * LocalMemory * bs_32x16 + 2.87679946446982 * pixelPerThread_1 + 35.9417440937764 * Ldg * padding_160 + -1.80384532168458 * Linear1D + 2.92128258989431 * bs_512x2 + 2.2110652995011 * bs_1024x1 + -8.14475225865717 * Ldg * bs_256x2;4.62745555118604;4.62745555118604;4.62745555118604;4.62745555118604;4.716128;16;-8.14475225865717 * Ldg * bs_256x2;2;0.312331960628462;
13;23.7655966625637 * API + 13.4899401831217 * LocalMemory + 8.44787693271142 * Ldg + 17.7974631543146 * padding_320 + -9.83447359527512 * bs_32x8 + 11.7014033374363 * bs_32x1 + 22.9464631543146 * LocalMemory * bs_32x16 + 2.70821818044399 * pixelPerThread_1 + 35.6335862216032 * Ldg * padding_160 + -2.00088661246437 * Linear1D + 2.84829424721428 * bs_512x2 + 2.42485578085862 * bs_1024x1 + -7.72847359527513 * Ldg * bs_256x2 + -9.2895368456854 * LocalMemory * padding_128;4.13031434644862;4.13031434644862;4.13031434644862;4.13031434644862;5.881625;18;-9.2895368456854 * LocalMemory * padding_128;2;0.24857060236871;
Elapsed=00:00:05.8862605
average model: 
command: analyze-learning
Round, Model, LearningError, LearningErrorRel, ValidationError, ValidationErrorRel, ElapsedSeconds, ModelComplexity, BestCandidate, BestCandidateSize, BestCandidateScore, TestError
Models:
Termination reason: minImprovementPerRound
1;25.34628125 * API + 18.8318298611111 * LocalMemory;14.764098088187;14.764098088187;14.764098088187;14.764098088187;0.0647;2;18.8318298611111 * LocalMemory;1;15.6460417486464;18.9491269951088
2;23.9754081115336 * API + 17.2781736375158 * LocalMemory + 8.77358808618504 * Ldg;12.478855156234;12.478855156234;12.478855156234;12.478855156234;0.119144;3;8.77358808618504 * Ldg;1;2.28524293195295;19.8845496415806
3;23.8814706149308 * API + 16.3481924211482 * LocalMemory + 9.37478806444293 * Ldg + 14.823336963921 * padding_320;11.5488952184304;11.5488952184304;11.5488952184304;11.5488952184304;0.211529;4;14.823336963921 * padding_320;1;0.929959937803609;21.8871772961807
4;24.0664008243174 * API + 15.7093426069037 * LocalMemory + 10.6608936115405 * Ldg + 15.277256568779 * padding_320 + -12.3482944358578 * bs_32x8;10.5871522113249;10.5871522113249;10.5871522113249;10.5871522113249;0.349202;5;-12.3482944358578 * bs_32x8;1;0.961743007105474;22.910032572901
5;23.6588020277482 * API + 16.0439386339381 * LocalMemory + 10.867734791889 * Ldg + 15.3502593383137 * padding_320 + -12.1475368196371 * bs_32x8 + 11.8081979722519 * bs_32x1;9.67513562538256;9.67513562538256;9.67513562538256;9.67513562538256;0.543808;6;11.8081979722519 * bs_32x1;1;0.912016585942371;22.4525242209004
6;23.5167748267899 * API + 14.5053106235566 * LocalMemory + 11.9329387990762 * Ldg + 17.0309145496536 * padding_320 + -13.070713625866 * bs_32x8 + 11.9502251732101 * bs_32x1 + 22.1799145496536 * LocalMemory * bs_32x16;8.55039540295993;8.55039540295993;8.55039540295993;8.55039540295993;0.807463;8;22.1799145496536 * LocalMemory * bs_32x16;2;0.562370111211314;23.7050643659658
7;23.1002669801463 * API + 14.5555146943573 * LocalMemory + 11.836249477534 * Ldg + 17.3972183254963 * padding_320 + -12.5575164576803 * bs_32x8 + 12.3667330198537 * bs_32x1 + 22.5462183254963 * LocalMemory * bs_32x16 + 1.61024908568442 * pixelPerThread_1;7.89313358493355;7.89313358493355;7.89313358493355;7.89313358493355;1.153269;9;1.61024908568442 * pixelPerThread_1;1;0.657261818026377;23.2774428850449
8;23.2144834117911 * API + 13.0778396099529 * LocalMemory + 8.6096352835687 * Ldg + 18.760676978256 * padding_320 + -9.44511869535979 * bs_32x8 + 12.2525165882089 * bs_32x1 + 23.909676978256 * LocalMemory * bs_32x16 + 2.79524456399909 * pixelPerThread_1 + 36.4350416946873 * Ldg * padding_160;6.79646267040464;6.79646267040464;6.79646267040464;6.79646267040464;1.610112;11;36.4350416946873 * Ldg * padding_160;2;0.548335457264455;22.8517136241951
9;23.8139615241537 * API + 12.81759460417 * LocalMemory + 7.85024091099653 * Ldg + 18.4214438716763 * padding_320 + -9.28520243515024 * bs_32x8 + 11.6530384758463 * bs_32x1 + 23.5704438716763 * LocalMemory * bs_32x16 + 3.70873502093259 * pixelPerThread_1 + 36.8552029606798 * Ldg * padding_160 + -2.4727432817842 * Linear1D;6.21414922055472;6.21414922055472;6.21414922055472;6.21414922055472;2.195799;12;-2.4727432817842 * Linear1D;1;0.582313449849924;22.6135899804777
10;23.5714470789336 * API + 13.01098798627 * LocalMemory + 8.08009071296626 * Ldg + 18.4705649347964 * padding_320 + -9.27253779189989 * bs_32x8 + 11.8955529210664 * bs_32x1 + 23.6195649347964 * LocalMemory * bs_32x16 + 3.42440664718374 * pixelPerThread_1 + 36.6744742218301 * Ldg * padding_160 + -2.11030306581018 * Linear1D + 2.68434959747454 * bs_512x2;5.73510299630985;5.73510299630985;5.73510299630985;5.73510299630985;2.895525;13;2.68434959747454 * bs_512x2;1;0.479046224244867;22.4593583066724
11;23.3637438748942 * API + 13.3132451665798 * LocalMemory + 7.88664651447846 * Ldg + 18.3760109585261 * padding_320 + -8.87139038937267 * bs_32x8 + 12.1032561251058 * bs_32x1 + 23.5250109585261 * LocalMemory * bs_32x16 + 3.16433111795231 * pixelPerThread_1 + 36.7733644440476 * Ldg * padding_160 + -1.81569633315544 * Linear1D + 3.02209056612962 * bs_512x2 + 2.87926730889041 * bs_1024x1;5.25211947244296;5.25211947244296;5.25211947244296;5.25211947244296;3.73036;14;2.87926730889041 * bs_1024x1;1;0.482983523866893;22.0632004936276
12;23.6083176778708 * API + 12.7655036475664 * LocalMemory + 9.02143458078639 * Ldg + 18.6791786745628 * padding_320 + -10.2507522586572 * bs_32x8 + 11.8586823221292 * bs_32x1 + 23.8281786745628 * LocalMemory * bs_32x16 + 2.87679946446982 * pixelPerThread_1 + 35.9417440937764 * Ldg * padding_160 + -1.80384532168458 * Linear1D + 2.92128258989431 * bs_512x2 + 2.2110652995011 * bs_1024x1 + -8.14475225865717 * Ldg * bs_256x2;4.62745555118604;4.62745555118604;4.62745555118604;4.62745555118604;4.716128;16;-8.14475225865717 * Ldg * bs_256x2;2;0.312331960628462;22.6206792177892
13;23.7655966625637 * API + 13.4899401831217 * LocalMemory + 8.44787693271142 * Ldg + 17.7974631543146 * padding_320 + -9.83447359527512 * bs_32x8 + 11.7014033374363 * bs_32x1 + 22.9464631543146 * LocalMemory * bs_32x16 + 2.70821818044399 * pixelPerThread_1 + 35.6335862216032 * Ldg * padding_160 + -2.00088661246437 * Linear1D + 2.84829424721428 * bs_512x2 + 2.42485578085862 * bs_1024x1 + -7.72847359527513 * Ldg * bs_256x2 + -9.2895368456854 * LocalMemory * padding_128;4.13031434644862;4.13031434644862;4.13031434644862;4.13031434644862;5.881625;18;-9.2895368456854 * LocalMemory * padding_128;2;0.24857060236871;22.3762883086145
Analyze finished
command: clean-sampling
command: clean-global
command: script ./learn_grammarBased_t2.a
command: log ./out_grammarBased_t2Predictions.log
