Current machine learning settings: epsilon:0 lossFunction:RELATIVE parallelization:True bagging:False baggingNumbers:3 considerEpsilonTube:False baggingTestDataFraction:50 useBackward:False abortError:1 limitFeatureSize:False featureSizeTreshold:4 quadraticFunctionSupport:True crossValidation:False crossValidation-k:5 learn-logFunction:False learn-accumulatedLogFunction:False learn-asymFunction:False learn-ratioFunction:False learn-mirrowedFunction:False learn-numeric-disabled:True numberOfRounds:70 backwardErrorDelta:1 minImprovementPerRound:0.1 withHierarchy:False bruteForceCandidates:False ignoreBadFeatures:False stopOnLongRound:True candidateSizePenalty:True learnTimeLimit:00:00:00 scoreMeasure:RELERROR outputRoundsToStdout:False debug:False pythonInfluenceAnalysis:False blacklisted: 
command: mlsettings bagging:False stopOnLongRound:False parallelization:True lossFunction:RELATIVE useBackward:False abortError:1 limitFeatureSize:False featureSizeTreshold:7 quadraticFunctionSupport:True crossValidation:False learn_logFunction:True numberOfRounds:70 backwardErrorDelta:1 minImprovementPerRound:0.25 withHierarchy:False
Current machine learning settings: epsilon:0 lossFunction:RELATIVE parallelization:True bagging:False baggingNumbers:3 considerEpsilonTube:False baggingTestDataFraction:50 useBackward:False abortError:1 limitFeatureSize:False featureSizeTreshold:7 quadraticFunctionSupport:True crossValidation:False crossValidation-k:5 learn-logFunction:True learn-accumulatedLogFunction:False learn-asymFunction:False learn-ratioFunction:False learn-mirrowedFunction:False learn-numeric-disabled:True numberOfRounds:70 backwardErrorDelta:1 minImprovementPerRound:0.25 withHierarchy:False bruteForceCandidates:False ignoreBadFeatures:False stopOnLongRound:False candidateSizePenalty:True learnTimeLimit:00:00:00 scoreMeasure:RELERROR outputRoundsToStdout:False debug:False pythonInfluenceAnalysis:False blacklisted: 
command: solver z3
command: vm /scratch/kallistos/Distance-Based_Data/SupplementaryWebsite/MeasuredPerformanceValues/Hipacc/FeatureModel.xml
Warning: Variability model contains outdated notation. Children nodes will no longer have effect on the model. Instead use the parent node to describe the parent of an configuration option. You can also use the converter providedby the Variability Model GUI in export>convert legacy model.
Warning: Default value nodes in models are no longer used and should be removed. You can also use the converter provided by the Variability Model GUI in export>convert legacy model to update your model.
command: all /scratch/kallistos/Distance-Based_Data/SupplementaryWebsite/MeasuredPerformanceValues/Hipacc/measurements.xml
Configs with too large deviation: 0
13485 configurations loaded.
command: nfp Performance
command: setsampleset /scratch/kallistos/Distance-Based_Data/Results/Hipacc/Hipacc_100/sampledConfigurations_grammarBased_t3.csv
command: learn-splconqueror
Learning: NumberOfConfigurationsLearning:4180 NumberOfConfigurationsValidation:4180
Learning progress:
1;26.4730380699415 * API + 19.7384736427092 * LocalMemory;20.807495993996;20.807495993996;20.807495993996;20.807495993996;1.509545;2;19.7384736427092 * LocalMemory;1;12.7252977047739;
2;25.6446181706645 * API + 19.5545099868433 * LocalMemory + 18.3470642398862 * bs_32x1;19.3150188078289;19.3150188078289;19.3150188078289;19.3150188078289;5.405048;3;18.3470642398862 * bs_32x1;1;1.4924771861671;
3;23.7542676191341 * API + 19.2930262999818 * LocalMemory + 18.5011520863272 * bs_32x1 + 7.62470418560845 * pixelPerThread_1;18.2233158615329;18.2233158615329;18.2233158615329;18.2233158615329;11.619994;4;7.62470418560845 * pixelPerThread_1;1;1.09170294629599;
4;23.7019623026397 * API + 17.8528801806756 * LocalMemory + 19.2699140039375 * bs_32x1 + 7.69592998196168 * pixelPerThread_1 + 24.7481848186942 * LocalMemory * bs_512x1;17.2054724472081;17.2054724472081;17.2054724472081;17.2054724472081;21.74907;6;24.7481848186942 * LocalMemory * bs_512x1;2;0.508921707162378;
5;23.0544398600788 * API + 18.3938078074637 * LocalMemory + 19.6908558758845 * bs_32x1 + 7.49574233977622 * pixelPerThread_1 + 24.9070809103539 * LocalMemory * bs_512x1 + 13.922925737699 * bs_1024x1;16.8640699773782;16.8640699773782;16.8640699773782;16.8640699773782;35.805841;7;13.922925737699 * bs_1024x1;1;0.34140246982988;
6;23.0822277886359 * API + 24.424637202951 * LocalMemory + 19.4929176672169 * bs_32x1 + 7.44146647155036 * pixelPerThread_1 + 24.0201606139075 * LocalMemory * bs_512x1 + 13.8111321117254 * bs_1024x1 + -9.5414061647467 * LocalMemory * TextureMemory;16.2286621946419;16.2286621946419;16.2286621946419;16.2286621946419;54.300877;9;-9.5414061647467 * LocalMemory * TextureMemory;2;0.317703891368174;
7;23.1300806553968 * API + 25.2894134260404 * LocalMemory + 19.0300827642306 * bs_32x1 + 7.3599339033718 * pixelPerThread_1 + 23.1390589529452 * LocalMemory * bs_512x1 + 13.6711749038625 * bs_1024x1 + -9.56032450023404 * LocalMemory * TextureMemory + -12.702257892842 * LocalMemory * bs_64x2;15.5954812271208;15.5954812271208;15.5954812271208;15.5954812271208;81.099404;11;-12.702257892842 * LocalMemory * bs_64x2;2;0.316590483760558;
8;23.1718981155233 * API + 26.2384022491138 * LocalMemory + 18.5290259434388 * bs_32x1 + 7.31294489935836 * pixelPerThread_1 + 22.18347707296 * LocalMemory * bs_512x1 + 13.5153750632792 * bs_1024x1 + -9.60277829424496 * LocalMemory * TextureMemory + -13.6551371557012 * LocalMemory * bs_64x2 + -13.9600544166962 * LocalMemory * bs_32x4;14.9473735342116;14.9473735342116;14.9473735342116;14.9473735342116;114.642335;13;-13.9600544166962 * LocalMemory * bs_32x4;2;0.324053846454565;
9;23.5247435007578 * API + 26.2615730612061 * LocalMemory + 12.0488162273263 * bs_32x1 + 6.06042392039161 * pixelPerThread_1 + 22.2057327087083 * LocalMemory * bs_512x1 + 13.6000923809387 * bs_1024x1 + -9.73419604559987 * LocalMemory * TextureMemory + -13.6484189935828 * LocalMemory * bs_64x2 + -13.9271432875949 * LocalMemory * bs_32x4 + 26.3567365294813 * pixelPerThread_1 * bs_32x1;14.33365211735;14.33365211735;14.33365211735;14.33365211735;156.069911;15;26.3567365294813 * pixelPerThread_1 * bs_32x1;2;0.306860708430823;
10;23.1485889127204 * API + 26.296478377252 * LocalMemory + 12.388745478835 * bs_32x1 + 5.99547669281063 * pixelPerThread_1 + 22.5258034271408 * LocalMemory * bs_512x1 + 13.9881506211943 * bs_1024x1 + -9.66362456151744 * LocalMemory * TextureMemory + -13.3359297479582 * LocalMemory * bs_64x2 + -13.6127945813853 * LocalMemory * bs_32x4 + 26.409701462944 * pixelPerThread_1 * bs_32x1 + 7.54675059516031 * bs_64x16;14.0335206402605;14.0335206402605;14.0335206402605;14.0335206402605;206.872809;16;7.54675059516031 * bs_64x16;1;0.300131477089513;
11;22.7413336230457 * API + 26.3481754422445 * LocalMemory + 12.7584891258645 * bs_32x1 + 5.76899420856531 * pixelPerThread_1 + 22.9158897474672 * LocalMemory * bs_512x1 + 14.4624276809134 * bs_1024x1 + -9.6180350044077 * LocalMemory * TextureMemory + -12.9547253604426 * LocalMemory * bs_64x2 + -13.2264047116353 * LocalMemory * bs_32x4 + 26.6254072939133 * pixelPerThread_1 * bs_32x1 + 7.99395950980989 * bs_64x16 + 8.95149921485186 * bs_32x32;13.7566921759615;13.7566921759615;13.7566921759615;13.7566921759615;268.05289;17;8.95149921485186 * bs_32x32;1;0.276828464298985;
12;23.1387038355921 * API + 25.675353953146 * LocalMemory + 12.6614632602785 * bs_32x1 + 5.21924394162412 * pixelPerThread_1 + 23.2849333854155 * LocalMemory * bs_512x1 + 9.03635668729731 * bs_1024x1 + -9.52546824396982 * LocalMemory * TextureMemory + -12.6056568611794 * LocalMemory * bs_64x2 + -12.8648664866952 * LocalMemory * bs_32x4 + 27.2342898700548 * pixelPerThread_1 * bs_32x1 + 7.98407152982759 * bs_64x16 + 8.9924622461169 * bs_32x32 + 37.7248794956571 * bs_1024x1 * LocalMemory;13.27041840017;13.27041840017;13.27041840017;13.27041840017;340.714207;19;37.7248794956571 * bs_1024x1 * LocalMemory;2;0.243136887895767;
Elapsed=00:05:40.7841118
average model: 
command: analyze-learning
Round, Model, LearningError, LearningErrorRel, ValidationError, ValidationErrorRel, ElapsedSeconds, ModelComplexity, BestCandidate, BestCandidateSize, BestCandidateScore, TestError
Models:
Termination reason: minImprovementPerRound
1;26.4730380699415 * API + 19.7384736427092 * LocalMemory;20.807495993996;20.807495993996;20.807495993996;20.807495993996;1.509545;2;19.7384736427092 * LocalMemory;1;12.7252977047739;20.8216989352918
2;25.6446181706645 * API + 19.5545099868433 * LocalMemory + 18.3470642398862 * bs_32x1;19.3150188078289;19.3150188078289;19.3150188078289;19.3150188078289;5.405048;3;18.3470642398862 * bs_32x1;1;1.4924771861671;19.3974406064481
3;23.7542676191341 * API + 19.2930262999818 * LocalMemory + 18.5011520863272 * bs_32x1 + 7.62470418560845 * pixelPerThread_1;18.2233158615329;18.2233158615329;18.2233158615329;18.2233158615329;11.619994;4;7.62470418560845 * pixelPerThread_1;1;1.09170294629599;18.3379457671357
4;23.7019623026397 * API + 17.8528801806756 * LocalMemory + 19.2699140039375 * bs_32x1 + 7.69592998196168 * pixelPerThread_1 + 24.7481848186942 * LocalMemory * bs_512x1;17.2054724472081;17.2054724472081;17.2054724472081;17.2054724472081;21.74907;6;24.7481848186942 * LocalMemory * bs_512x1;2;0.508921707162378;17.3686902165041
5;23.0544398600788 * API + 18.3938078074637 * LocalMemory + 19.6908558758845 * bs_32x1 + 7.49574233977622 * pixelPerThread_1 + 24.9070809103539 * LocalMemory * bs_512x1 + 13.922925737699 * bs_1024x1;16.8640699773782;16.8640699773782;16.8640699773782;16.8640699773782;35.805841;7;13.922925737699 * bs_1024x1;1;0.34140246982988;17.0368876817592
6;23.0822277886359 * API + 24.424637202951 * LocalMemory + 19.4929176672169 * bs_32x1 + 7.44146647155036 * pixelPerThread_1 + 24.0201606139075 * LocalMemory * bs_512x1 + 13.8111321117254 * bs_1024x1 + -9.5414061647467 * LocalMemory * TextureMemory;16.2286621946419;16.2286621946419;16.2286621946419;16.2286621946419;54.300877;9;-9.5414061647467 * LocalMemory * TextureMemory;2;0.317703891368174;16.3399490747912
7;23.1300806553968 * API + 25.2894134260404 * LocalMemory + 19.0300827642306 * bs_32x1 + 7.3599339033718 * pixelPerThread_1 + 23.1390589529452 * LocalMemory * bs_512x1 + 13.6711749038625 * bs_1024x1 + -9.56032450023404 * LocalMemory * TextureMemory + -12.702257892842 * LocalMemory * bs_64x2;15.5954812271208;15.5954812271208;15.5954812271208;15.5954812271208;81.099404;11;-12.702257892842 * LocalMemory * bs_64x2;2;0.316590483760558;15.8415034940023
8;23.1718981155233 * API + 26.2384022491138 * LocalMemory + 18.5290259434388 * bs_32x1 + 7.31294489935836 * pixelPerThread_1 + 22.18347707296 * LocalMemory * bs_512x1 + 13.5153750632792 * bs_1024x1 + -9.60277829424496 * LocalMemory * TextureMemory + -13.6551371557012 * LocalMemory * bs_64x2 + -13.9600544166962 * LocalMemory * bs_32x4;14.9473735342116;14.9473735342116;14.9473735342116;14.9473735342116;114.642335;13;-13.9600544166962 * LocalMemory * bs_32x4;2;0.324053846454565;15.2756700541626
9;23.5247435007578 * API + 26.2615730612061 * LocalMemory + 12.0488162273263 * bs_32x1 + 6.06042392039161 * pixelPerThread_1 + 22.2057327087083 * LocalMemory * bs_512x1 + 13.6000923809387 * bs_1024x1 + -9.73419604559987 * LocalMemory * TextureMemory + -13.6484189935828 * LocalMemory * bs_64x2 + -13.9271432875949 * LocalMemory * bs_32x4 + 26.3567365294813 * pixelPerThread_1 * bs_32x1;14.33365211735;14.33365211735;14.33365211735;14.33365211735;156.069911;15;26.3567365294813 * pixelPerThread_1 * bs_32x1;2;0.306860708430823;14.6336664785253
10;23.1485889127204 * API + 26.296478377252 * LocalMemory + 12.388745478835 * bs_32x1 + 5.99547669281063 * pixelPerThread_1 + 22.5258034271408 * LocalMemory * bs_512x1 + 13.9881506211943 * bs_1024x1 + -9.66362456151744 * LocalMemory * TextureMemory + -13.3359297479582 * LocalMemory * bs_64x2 + -13.6127945813853 * LocalMemory * bs_32x4 + 26.409701462944 * pixelPerThread_1 * bs_32x1 + 7.54675059516031 * bs_64x16;14.0335206402605;14.0335206402605;14.0335206402605;14.0335206402605;206.872809;16;7.54675059516031 * bs_64x16;1;0.300131477089513;14.3922947483
11;22.7413336230457 * API + 26.3481754422445 * LocalMemory + 12.7584891258645 * bs_32x1 + 5.76899420856531 * pixelPerThread_1 + 22.9158897474672 * LocalMemory * bs_512x1 + 14.4624276809134 * bs_1024x1 + -9.6180350044077 * LocalMemory * TextureMemory + -12.9547253604426 * LocalMemory * bs_64x2 + -13.2264047116353 * LocalMemory * bs_32x4 + 26.6254072939133 * pixelPerThread_1 * bs_32x1 + 7.99395950980989 * bs_64x16 + 8.95149921485186 * bs_32x32;13.7566921759615;13.7566921759615;13.7566921759615;13.7566921759615;268.05289;17;8.95149921485186 * bs_32x32;1;0.276828464298985;14.0840825248961
12;23.1387038355921 * API + 25.675353953146 * LocalMemory + 12.6614632602785 * bs_32x1 + 5.21924394162412 * pixelPerThread_1 + 23.2849333854155 * LocalMemory * bs_512x1 + 9.03635668729731 * bs_1024x1 + -9.52546824396982 * LocalMemory * TextureMemory + -12.6056568611794 * LocalMemory * bs_64x2 + -12.8648664866952 * LocalMemory * bs_32x4 + 27.2342898700548 * pixelPerThread_1 * bs_32x1 + 7.98407152982759 * bs_64x16 + 8.9924622461169 * bs_32x32 + 37.7248794956571 * bs_1024x1 * LocalMemory;13.27041840017;13.27041840017;13.27041840017;13.27041840017;340.714207;19;37.7248794956571 * bs_1024x1 * LocalMemory;2;0.243136887895767;13.5626745184627
Analyze finished
command: clean-sampling
command: clean-global
