Current machine learning settings: epsilon:0 lossFunction:RELATIVE parallelization:True bagging:False baggingNumbers:3 considerEpsilonTube:False baggingTestDataFraction:50 useBackward:False abortError:1 limitFeatureSize:False featureSizeTreshold:4 quadraticFunctionSupport:True crossValidation:False crossValidation-k:5 learn-logFunction:False learn-accumulatedLogFunction:False learn-asymFunction:False learn-ratioFunction:False learn-mirrowedFunction:False learn-numeric-disabled:True numberOfRounds:70 backwardErrorDelta:1 minImprovementPerRound:0.1 withHierarchy:False bruteForceCandidates:False ignoreBadFeatures:False stopOnLongRound:True candidateSizePenalty:True learnTimeLimit:00:00:00 scoreMeasure:RELERROR outputRoundsToStdout:False debug:False pythonInfluenceAnalysis:False blacklisted: 
command: solver z3
command: vm /scratch/kallistos/Distance-Based_Data/SupplementaryWebsite/MeasuredPerformanceValues/Polly/FeatureModel.xml
command: all /scratch/kallistos/Distance-Based_Data/SupplementaryWebsite/MeasuredPerformanceValues/Polly/measurements.xml
Configs with too large deviation: 0
60000 configurations loaded.
command: binary grammar-based numConfigs:2172 seed:82  confFaultsReport:./out_grammarBasedFailureReport_t3.log
command: printconfigs ./sampledConfigurations_grammarBased_t3FailureReport.csv
Number to sample: 2172; Number of Configurations in Grammar: 60000
Draw a new random number, cause 45793 is already in drawn.
Draw a new random number, cause 14593 is already in drawn.
Draw a new random number, cause 48806 is already in drawn.
Draw a new random number, cause 29493 is already in drawn.
Draw a new random number, cause 40616 is already in drawn.
Draw a new random number, cause 14006 is already in drawn.
Draw a new random number, cause 54707 is already in drawn.
Draw a new random number, cause 24578 is already in drawn.
Draw a new random number, cause 48758 is already in drawn.
Draw a new random number, cause 14143 is already in drawn.
Draw a new random number, cause 29508 is already in drawn.
Draw a new random number, cause 11567 is already in drawn.
Draw a new random number, cause 41191 is already in drawn.
Draw a new random number, cause 20049 is already in drawn.
Draw a new random number, cause 30394 is already in drawn.
Draw a new random number, cause 508 is already in drawn.
Draw a new random number, cause 40495 is already in drawn.
Draw a new random number, cause 8273 is already in drawn.
Draw a new random number, cause 10167 is already in drawn.
Draw a new random number, cause 52659 is already in drawn.
Draw a new random number, cause 50563 is already in drawn.
Draw a new random number, cause 1661 is already in drawn.
Draw a new random number, cause 46192 is already in drawn.
Draw a new random number, cause 42958 is already in drawn.
Draw a new random number, cause 13671 is already in drawn.
Draw a new random number, cause 45448 is already in drawn.
Draw a new random number, cause 5711 is already in drawn.
Draw a new random number, cause 53862 is already in drawn.
Draw a new random number, cause 32239 is already in drawn.
Draw a new random number, cause 27313 is already in drawn.
Draw a new random number, cause 12475 is already in drawn.
Draw a new random number, cause 52186 is already in drawn.
Draw a new random number, cause 14450 is already in drawn.
Draw a new random number, cause 37919 is already in drawn.
Draw a new random number, cause 48262 is already in drawn.
Draw a new random number, cause 1516 is already in drawn.
Draw a new random number, cause 1918 is already in drawn.
Draw a new random number, cause 52709 is already in drawn.
Draw a new random number, cause 20113 is already in drawn.
Draw a new random number, cause 58216 is already in drawn.
Draw a new random number, cause 13110 is already in drawn.
Draw a new random number, cause 16089 is already in drawn.
Draw a new random number, cause 14450 is already in drawn.
Draw a new random number, cause 6845 is already in drawn.
Draw a new random number, cause 31017 is already in drawn.
Draw a new random number, cause 26836 is already in drawn.
Draw a new random number, cause 25687 is already in drawn.
Draw a new random number, cause 10249 is already in drawn.
Draw a new random number, cause 53660 is already in drawn.
Draw a new random number, cause 21704 is already in drawn.
Draw a new random number, cause 2544 is already in drawn.
Draw a new random number, cause 56564 is already in drawn.
Draw a new random number, cause 56856 is already in drawn.
0 drawn configurations were invalid
command: clean-sampling
command: clean-global
