Current machine learning settings: epsilon:0 lossFunction:RELATIVE parallelization:True bagging:False baggingNumbers:3 considerEpsilonTube:False baggingTestDataFraction:50 useBackward:False abortError:1 limitFeatureSize:False featureSizeTreshold:4 quadraticFunctionSupport:True crossValidation:False crossValidation-k:5 learn-logFunction:False learn-accumulatedLogFunction:False learn-asymFunction:False learn-ratioFunction:False learn-mirrowedFunction:False learn-numeric-disabled:True numberOfRounds:70 backwardErrorDelta:1 minImprovementPerRound:0.1 withHierarchy:False bruteForceCandidates:False ignoreBadFeatures:False stopOnLongRound:True candidateSizePenalty:True learnTimeLimit:00:00:00 scoreMeasure:RELERROR outputRoundsToStdout:False debug:False pythonInfluenceAnalysis:False blacklisted: 
command: mlsettings bagging:False stopOnLongRound:False parallelization:True lossFunction:RELATIVE useBackward:False abortError:1 limitFeatureSize:False featureSizeTreshold:7 quadraticFunctionSupport:True crossValidation:False learn_logFunction:True numberOfRounds:70 backwardErrorDelta:1 minImprovementPerRound:0.25 withHierarchy:False
Current machine learning settings: epsilon:0 lossFunction:RELATIVE parallelization:True bagging:False baggingNumbers:3 considerEpsilonTube:False baggingTestDataFraction:50 useBackward:False abortError:1 limitFeatureSize:False featureSizeTreshold:7 quadraticFunctionSupport:True crossValidation:False crossValidation-k:5 learn-logFunction:True learn-accumulatedLogFunction:False learn-asymFunction:False learn-ratioFunction:False learn-mirrowedFunction:False learn-numeric-disabled:True numberOfRounds:70 backwardErrorDelta:1 minImprovementPerRound:0.25 withHierarchy:False bruteForceCandidates:False ignoreBadFeatures:False stopOnLongRound:False candidateSizePenalty:True learnTimeLimit:00:00:00 scoreMeasure:RELERROR outputRoundsToStdout:False debug:False pythonInfluenceAnalysis:False blacklisted: 
command: solver z3
command: vm /scratch/kallistos/Distance-Based_Data/SupplementaryWebsite/MeasuredPerformanceValues/Polly/FeatureModel.xml
command: all /scratch/kallistos/Distance-Based_Data/SupplementaryWebsite/MeasuredPerformanceValues/Polly/measurements.xml
Configs with too large deviation: 0
60000 configurations loaded.
command: nfp Performance
command: setsampleset /scratch/kallistos/Distance-Based_Data/Results/Polly/Polly_82/sampledConfigurations_divDistBased_t3.csv
command: learn-splconqueror
Learning: NumberOfConfigurationsLearning:2172 NumberOfConfigurationsValidation:2172
Learning progress:
1;29.6720685238553 * polly_vectorizer + -5.53452947286803 * min;33.71051169152;33.71051169152;33.71051169152;33.71051169152;0.650644;2;-5.53452947286803 * min;1;4.32630393002698;
2;29.6720685238553 * polly_vectorizer + -0.107885995792714 * min + -13.6998521709197 * min * value_based;17.9276780084033;17.9276780084033;17.9276780084033;17.9276780084033;2.167065;4;-13.6998521709197 * min * value_based;2;7.89141684155835;
3;29.6720685238553 * polly_vectorizer + -0.107885995792776 * min + -19.750223483694 * min * value_based + 17.4875248265991 * min * value_based * polly_no_tiling;8.22502830087097;8.22502830087097;8.22502830087097;8.22502830087097;4.7501;7;17.4875248265991 * min * value_based * polly_no_tiling;3;3.23421656917743;
4;29.1012864610322 * polly_vectorizer + 0.0268566593642613 * min + -19.6398374180664 * min * value_based + 17.2255696602612 * min * value_based * polly_no_tiling + 1.44570347298977 * parallel;7.00811249746424;7.00811249746424;7.00811249746424;7.00811249746424;8.573022;8;1.44570347298977 * parallel;1;1.21691580340673;
5;29.0013785825863 * polly_vectorizer + 0.0504415855379976 * min + -21.0803810839803 * min * value_based + 17.7963670527483 * min * value_based * polly_no_tiling + 1.69875481474702 * parallel + 3.96056046826328 * min * value_based * none;4.66518061606504;4.66518061606504;4.66518061606504;4.66518061606504;14.271476;11;3.96056046826328 * min * value_based * none;3;0.780977293799732;
6;29.0037981651678 * polly_vectorizer + 0.0498704025897789 * min + -20.5800474007325 * min * value_based + 17.7515490857759 * min * value_based * polly_no_tiling + 1.69262638295292 * parallel + 3.88202004786 * min * value_based * none + -2.42548260319659 * min * value_based * pollydefaulttilesize_64;4.2733077593947;4.2733077593947;4.2733077593947;4.2733077593947;21.707461;14;-2.42548260319659 * min * value_based * pollydefaulttilesize_64;3;0.13062428555678;
Elapsed=00:00:21.7439486
average model: 
command: analyze-learning
Round, Model, LearningError, LearningErrorRel, ValidationError, ValidationErrorRel, ElapsedSeconds, ModelComplexity, BestCandidate, BestCandidateSize, BestCandidateScore, TestError
Models:
Termination reason: minImprovementPerRound
1;29.6720685238553 * polly_vectorizer + -5.53452947286803 * min;33.71051169152;33.71051169152;33.71051169152;33.71051169152;0.650644;2;-5.53452947286803 * min;1;4.32630393002698;28.3679115339375
2;29.6720685238553 * polly_vectorizer + -0.107885995792714 * min + -13.6998521709197 * min * value_based;17.9276780084033;17.9276780084033;17.9276780084033;17.9276780084033;2.167065;4;-13.6998521709197 * min * value_based;2;7.89141684155835;17.1838487298606
3;29.6720685238553 * polly_vectorizer + -0.107885995792776 * min + -19.750223483694 * min * value_based + 17.4875248265991 * min * value_based * polly_no_tiling;8.22502830087097;8.22502830087097;8.22502830087097;8.22502830087097;4.7501;7;17.4875248265991 * min * value_based * polly_no_tiling;3;3.23421656917743;7.96502459642778
4;29.1012864610322 * polly_vectorizer + 0.0268566593642613 * min + -19.6398374180664 * min * value_based + 17.2255696602612 * min * value_based * polly_no_tiling + 1.44570347298977 * parallel;7.00811249746424;7.00811249746424;7.00811249746424;7.00811249746424;8.573022;8;1.44570347298977 * parallel;1;1.21691580340673;6.62487838124049
5;29.0013785825863 * polly_vectorizer + 0.0504415855379976 * min + -21.0803810839803 * min * value_based + 17.7963670527483 * min * value_based * polly_no_tiling + 1.69875481474702 * parallel + 3.96056046826328 * min * value_based * none;4.66518061606504;4.66518061606504;4.66518061606504;4.66518061606504;14.271476;11;3.96056046826328 * min * value_based * none;3;0.780977293799732;4.10994830877108
6;29.0037981651678 * polly_vectorizer + 0.0498704025897789 * min + -20.5800474007325 * min * value_based + 17.7515490857759 * min * value_based * polly_no_tiling + 1.69262638295292 * parallel + 3.88202004786 * min * value_based * none + -2.42548260319659 * min * value_based * pollydefaulttilesize_64;4.2733077593947;4.2733077593947;4.2733077593947;4.2733077593947;21.707461;14;-2.42548260319659 * min * value_based * pollydefaulttilesize_64;3;0.13062428555678;3.98322961096784
Analyze finished
command: clean-sampling
command: clean-global
