Current machine learning settings: epsilon:0 lossFunction:RELATIVE parallelization:True bagging:False baggingNumbers:3 considerEpsilonTube:False baggingTestDataFraction:50 useBackward:False abortError:1 limitFeatureSize:False featureSizeTreshold:4 quadraticFunctionSupport:True crossValidation:False crossValidation-k:5 learn-logFunction:False learn-accumulatedLogFunction:False learn-asymFunction:False learn-ratioFunction:False learn-mirrowedFunction:False learn-numeric-disabled:True numberOfRounds:70 backwardErrorDelta:1 minImprovementPerRound:0.1 withHierarchy:False bruteForceCandidates:False ignoreBadFeatures:False stopOnLongRound:True candidateSizePenalty:True learnTimeLimit:00:00:00 scoreMeasure:RELERROR outputRoundsToStdout:False debug:False pythonInfluenceAnalysis:False blacklisted: 
command: mlsettings bagging:False stopOnLongRound:False parallelization:True lossFunction:RELATIVE useBackward:False abortError:1 limitFeatureSize:False featureSizeTreshold:7 quadraticFunctionSupport:True crossValidation:False learn_logFunction:True numberOfRounds:70 backwardErrorDelta:1 minImprovementPerRound:0.25 withHierarchy:False
Current machine learning settings: epsilon:0 lossFunction:RELATIVE parallelization:True bagging:False baggingNumbers:3 considerEpsilonTube:False baggingTestDataFraction:50 useBackward:False abortError:1 limitFeatureSize:False featureSizeTreshold:7 quadraticFunctionSupport:True crossValidation:False crossValidation-k:5 learn-logFunction:True learn-accumulatedLogFunction:False learn-asymFunction:False learn-ratioFunction:False learn-mirrowedFunction:False learn-numeric-disabled:True numberOfRounds:70 backwardErrorDelta:1 minImprovementPerRound:0.25 withHierarchy:False bruteForceCandidates:False ignoreBadFeatures:False stopOnLongRound:False candidateSizePenalty:True learnTimeLimit:00:00:00 scoreMeasure:RELERROR outputRoundsToStdout:False debug:False pythonInfluenceAnalysis:False blacklisted: 
command: solver z3
command: vm /scratch/kallistos/Distance-Based_Data/SupplementaryWebsite/MeasuredPerformanceValues/Hipacc/FeatureModel.xml
Warning: Variability model contains outdated notation. Children nodes will no longer have effect on the model. Instead use the parent node to describe the parent of an configuration option. You can also use the converter providedby the Variability Model GUI in export>convert legacy model.
Warning: Default value nodes in models are no longer used and should be removed. You can also use the converter provided by the Variability Model GUI in export>convert legacy model to update your model.
command: all /scratch/kallistos/Distance-Based_Data/SupplementaryWebsite/MeasuredPerformanceValues/Hipacc/measurements.xml
Configs with too large deviation: 0
13485 configurations loaded.
command: nfp Performance
command: setsampleset /scratch/kallistos/Distance-Based_Data/Results/Hipacc/Hipacc_26/sampledConfigurations_grammarBased_t3.csv
command: learn-splconqueror
Learning: NumberOfConfigurationsLearning:4182 NumberOfConfigurationsValidation:4182
Learning progress:
1;26.3498472885025 * API + 19.7733615553992 * LocalMemory;20.3286888054083;20.3286888054083;20.3286888054083;20.3286888054083;1.426277;2;19.7733615553992 * LocalMemory;1;13.3891131997829;
2;25.6607219680433 * API + 19.6326571008589 * LocalMemory + 15.4216879967274 * bs_32x1;19.0378444117127;19.0378444117127;19.0378444117127;19.0378444117127;5.263173;3;15.4216879967274 * bs_32x1;1;1.29084439369555;
3;23.897853105835 * API + 19.2352965352408 * LocalMemory + 16.0877741796281 * bs_32x1 + 7.32991899183514 * pixelPerThread_1;17.9937617982549;17.9937617982549;17.9937617982549;17.9937617982549;11.364356;4;7.32991899183514 * pixelPerThread_1;1;1.04408261345778;
4;23.2373537509202 * API + 19.7731341006529 * LocalMemory + 16.5694970079336 * bs_32x1 + 6.83405280633101 * pixelPerThread_1 + 15.5632199362783 * bs_1024x1;17.4668178201872;17.4668178201872;17.4668178201872;17.4668178201872;21.345359;5;15.5632199362783 * bs_1024x1;1;0.526943978067777;
5;23.1705408355737 * API + 18.3855206471048 * LocalMemory + 17.3096973437969 * bs_32x1 + 6.91121739030424 * pixelPerThread_1 + 15.8820452667344 * bs_1024x1 + 23.2497731449209 * LocalMemory * bs_512x1;16.5725384242976;16.5725384242976;16.5725384242976;16.5725384242976;34.978695;7;23.2497731449209 * LocalMemory * bs_512x1;2;0.447139697944802;
6;23.1356692463998 * API + 24.4019349190891 * LocalMemory + 17.4607899144048 * bs_32x1 + 7.04680042883234 * pixelPerThread_1 + 15.8010070727915 * bs_1024x1 + 23.6992687167875 * LocalMemory * bs_512x1 + -9.78842940107957 * LocalMemory * TextureMemory;15.7641315846857;15.7641315846857;15.7641315846857;15.7641315846857;53.324974;9;-9.78842940107957 * LocalMemory * TextureMemory;2;0.404203419805905;
7;23.6596418161997 * API + 23.5641629239187 * LocalMemory + 17.4487296502693 * bs_32x1 + 6.36678429453399 * pixelPerThread_1 + 8.33756267107621 * bs_1024x1 + 24.1477918721729 * LocalMemory * bs_512x1 + -9.71665337043905 * LocalMemory * TextureMemory + 35.9662657872876 * bs_1024x1 * LocalMemory;15.1645630357588;15.1645630357588;15.1645630357588;15.1645630357588;79.601087;11;35.9662657872876 * bs_1024x1 * LocalMemory;2;0.29978427446346;
8;23.2869175344091 * API + 23.7005009074101 * LocalMemory + 17.7999290228728 * bs_32x1 + 6.20801724441447 * pixelPerThread_1 + 8.75564896718765 * bs_1024x1 + 24.4639433333475 * LocalMemory * bs_512x1 + -9.77301400204122 * LocalMemory * TextureMemory + 35.9763718305344 * bs_1024x1 * LocalMemory + 8.98602407605705 * bs_32x32;14.801337246672;14.801337246672;14.801337246672;14.801337246672;112.248635;12;8.98602407605705 * bs_32x32;1;0.363225789086822;
9;22.9204695318351 * API + 23.8346775492676 * LocalMemory + 18.1060047720895 * bs_32x1 + 6.15985980891191 * pixelPerThread_1 + 9.1358562370473 * bs_1024x1 + 24.7040542923631 * LocalMemory * bs_512x1 + -9.76535605534585 * LocalMemory * TextureMemory + 35.8721042157262 * bs_1024x1 * LocalMemory + 9.31726471602473 * bs_32x32 + 6.95454845865583 * bs_128x8;14.5103489348953;14.5103489348953;14.5103489348953;14.5103489348953;152.583027;13;6.95454845865583 * bs_128x8;1;0.290988311776719;
10;22.9806330160278 * API + 24.4502147305764 * LocalMemory + 17.6917626491116 * bs_32x1 + 6.10538646561396 * pixelPerThread_1 + 9.09125656522512 * bs_1024x1 + 23.9207244778088 * LocalMemory * bs_512x1 + -9.5803740959809 * LocalMemory * TextureMemory + 35.1870388650287 * bs_1024x1 * LocalMemory + 9.0007100776121 * bs_32x32 + 6.67329835165682 * bs_128x8 + -11.648983081181 * LocalMemory * bs_64x2;13.9908241268722;13.9908241268722;13.9908241268722;13.9908241268722;201.810795;15;-11.648983081181 * LocalMemory * bs_64x2;2;0.259762404011533;
11;23.0616735472676 * API + 25.2572155787556 * LocalMemory + 17.2538637689696 * bs_32x1 + 5.96972584314072 * pixelPerThread_1 + 9.04897621183623 * bs_1024x1 + 23.1078931285838 * LocalMemory * bs_512x1 + -9.6392079433806 * LocalMemory * TextureMemory + 34.5114272685676 * bs_1024x1 * LocalMemory + 8.68062804863473 * bs_32x32 + 6.37969356763916 * bs_128x8 + -12.4634782081771 * LocalMemory * bs_64x2 + -12.2164581481802 * LocalMemory * bs_32x4;13.5011465984967;13.5011465984967;13.5011465984967;13.5011465984967;261.489354;17;-12.2164581481802 * LocalMemory * bs_32x4;2;0.244838764187752;
Elapsed=00:04:21.5557423
average model: 
command: analyze-learning
Round, Model, LearningError, LearningErrorRel, ValidationError, ValidationErrorRel, ElapsedSeconds, ModelComplexity, BestCandidate, BestCandidateSize, BestCandidateScore, TestError
Models:
Termination reason: minImprovementPerRound
1;26.3498472885025 * API + 19.7733615553992 * LocalMemory;20.3286888054083;20.3286888054083;20.3286888054083;20.3286888054083;1.426277;2;19.7733615553992 * LocalMemory;1;13.3891131997829;20.6559815494832
2;25.6607219680433 * API + 19.6326571008589 * LocalMemory + 15.4216879967274 * bs_32x1;19.0378444117127;19.0378444117127;19.0378444117127;19.0378444117127;5.263173;3;15.4216879967274 * bs_32x1;1;1.29084439369555;19.3429788248261
3;23.897853105835 * API + 19.2352965352408 * LocalMemory + 16.0877741796281 * bs_32x1 + 7.32991899183514 * pixelPerThread_1;17.9937617982549;17.9937617982549;17.9937617982549;17.9937617982549;11.364356;4;7.32991899183514 * pixelPerThread_1;1;1.04408261345778;18.2871326033963
4;23.2373537509202 * API + 19.7731341006529 * LocalMemory + 16.5694970079336 * bs_32x1 + 6.83405280633101 * pixelPerThread_1 + 15.5632199362783 * bs_1024x1;17.4668178201872;17.4668178201872;17.4668178201872;17.4668178201872;21.345359;5;15.5632199362783 * bs_1024x1;1;0.526943978067777;17.8650827338035
5;23.1705408355737 * API + 18.3855206471048 * LocalMemory + 17.3096973437969 * bs_32x1 + 6.91121739030424 * pixelPerThread_1 + 15.8820452667344 * bs_1024x1 + 23.2497731449209 * LocalMemory * bs_512x1;16.5725384242976;16.5725384242976;16.5725384242976;16.5725384242976;34.978695;7;23.2497731449209 * LocalMemory * bs_512x1;2;0.447139697944802;16.9085650734943
6;23.1356692463998 * API + 24.4019349190891 * LocalMemory + 17.4607899144048 * bs_32x1 + 7.04680042883234 * pixelPerThread_1 + 15.8010070727915 * bs_1024x1 + 23.6992687167875 * LocalMemory * bs_512x1 + -9.78842940107957 * LocalMemory * TextureMemory;15.7641315846857;15.7641315846857;15.7641315846857;15.7641315846857;53.324974;9;-9.78842940107957 * LocalMemory * TextureMemory;2;0.404203419805905;16.1761223477025
7;23.6596418161997 * API + 23.5641629239187 * LocalMemory + 17.4487296502693 * bs_32x1 + 6.36678429453399 * pixelPerThread_1 + 8.33756267107621 * bs_1024x1 + 24.1477918721729 * LocalMemory * bs_512x1 + -9.71665337043905 * LocalMemory * TextureMemory + 35.9662657872876 * bs_1024x1 * LocalMemory;15.1645630357588;15.1645630357588;15.1645630357588;15.1645630357588;79.601087;11;35.9662657872876 * bs_1024x1 * LocalMemory;2;0.29978427446346;15.5537833885302
8;23.2869175344091 * API + 23.7005009074101 * LocalMemory + 17.7999290228728 * bs_32x1 + 6.20801724441447 * pixelPerThread_1 + 8.75564896718765 * bs_1024x1 + 24.4639433333475 * LocalMemory * bs_512x1 + -9.77301400204122 * LocalMemory * TextureMemory + 35.9763718305344 * bs_1024x1 * LocalMemory + 8.98602407605705 * bs_32x32;14.801337246672;14.801337246672;14.801337246672;14.801337246672;112.248635;12;8.98602407605705 * bs_32x32;1;0.363225789086822;15.1947249489243
9;22.9204695318351 * API + 23.8346775492676 * LocalMemory + 18.1060047720895 * bs_32x1 + 6.15985980891191 * pixelPerThread_1 + 9.1358562370473 * bs_1024x1 + 24.7040542923631 * LocalMemory * bs_512x1 + -9.76535605534585 * LocalMemory * TextureMemory + 35.8721042157262 * bs_1024x1 * LocalMemory + 9.31726471602473 * bs_32x32 + 6.95454845865583 * bs_128x8;14.5103489348953;14.5103489348953;14.5103489348953;14.5103489348953;152.583027;13;6.95454845865583 * bs_128x8;1;0.290988311776719;14.9397101406521
10;22.9806330160278 * API + 24.4502147305764 * LocalMemory + 17.6917626491116 * bs_32x1 + 6.10538646561396 * pixelPerThread_1 + 9.09125656522512 * bs_1024x1 + 23.9207244778088 * LocalMemory * bs_512x1 + -9.5803740959809 * LocalMemory * TextureMemory + 35.1870388650287 * bs_1024x1 * LocalMemory + 9.0007100776121 * bs_32x32 + 6.67329835165682 * bs_128x8 + -11.648983081181 * LocalMemory * bs_64x2;13.9908241268722;13.9908241268722;13.9908241268722;13.9908241268722;201.810795;15;-11.648983081181 * LocalMemory * bs_64x2;2;0.259762404011533;14.4671176750065
11;23.0616735472676 * API + 25.2572155787556 * LocalMemory + 17.2538637689696 * bs_32x1 + 5.96972584314072 * pixelPerThread_1 + 9.04897621183623 * bs_1024x1 + 23.1078931285838 * LocalMemory * bs_512x1 + -9.6392079433806 * LocalMemory * TextureMemory + 34.5114272685676 * bs_1024x1 * LocalMemory + 8.68062804863473 * bs_32x32 + 6.37969356763916 * bs_128x8 + -12.4634782081771 * LocalMemory * bs_64x2 + -12.2164581481802 * LocalMemory * bs_32x4;13.5011465984967;13.5011465984967;13.5011465984967;13.5011465984967;261.489354;17;-12.2164581481802 * LocalMemory * bs_32x4;2;0.244838764187752;13.9140317393014
Analyze finished
command: clean-sampling
command: clean-global
