Current machine learning settings: epsilon:0 lossFunction:RELATIVE parallelization:True bagging:False baggingNumbers:3 considerEpsilonTube:False baggingTestDataFraction:50 useBackward:False abortError:1 limitFeatureSize:False featureSizeTreshold:4 quadraticFunctionSupport:True crossValidation:False crossValidation-k:5 learn-logFunction:False learn-accumulatedLogFunction:False learn-asymFunction:False learn-ratioFunction:False learn-mirrowedFunction:False learn-numeric-disabled:True numberOfRounds:70 backwardErrorDelta:1 minImprovementPerRound:0.1 withHierarchy:False bruteForceCandidates:False ignoreBadFeatures:False stopOnLongRound:True candidateSizePenalty:True learnTimeLimit:00:00:00 scoreMeasure:RELERROR outputRoundsToStdout:False debug:False pythonInfluenceAnalysis:False blacklisted: 
command: mlsettings bagging:False stopOnLongRound:False parallelization:True lossFunction:RELATIVE useBackward:False abortError:1 limitFeatureSize:False featureSizeTreshold:7 quadraticFunctionSupport:True crossValidation:False learn_logFunction:True numberOfRounds:70 backwardErrorDelta:1 minImprovementPerRound:0.25 withHierarchy:False
Current machine learning settings: epsilon:0 lossFunction:RELATIVE parallelization:True bagging:False baggingNumbers:3 considerEpsilonTube:False baggingTestDataFraction:50 useBackward:False abortError:1 limitFeatureSize:False featureSizeTreshold:7 quadraticFunctionSupport:True crossValidation:False crossValidation-k:5 learn-logFunction:True learn-accumulatedLogFunction:False learn-asymFunction:False learn-ratioFunction:False learn-mirrowedFunction:False learn-numeric-disabled:True numberOfRounds:70 backwardErrorDelta:1 minImprovementPerRound:0.25 withHierarchy:False bruteForceCandidates:False ignoreBadFeatures:False stopOnLongRound:False candidateSizePenalty:True learnTimeLimit:00:00:00 scoreMeasure:RELERROR outputRoundsToStdout:False debug:False pythonInfluenceAnalysis:False blacklisted: 
command: solver z3
command: vm /scratch/kallistos/Distance-Based_Data/SupplementaryWebsite/MeasuredPerformanceValues/7z/FeatureModel.xml
command: all /scratch/kallistos/Distance-Based_Data/SupplementaryWebsite/MeasuredPerformanceValues/7z/measurements.xml
Configs with too large deviation: 0
68640 configurations loaded.
command: nfp Performance
command: setsampleset /scratch/kallistos/Distance-Based_Data/Results/7z/7z_44/sampledConfigurations_divDistBased_t1.csv
command: learn-splconqueror
Learning: NumberOfConfigurationsLearning:39 NumberOfConfigurationsValidation:39
Learning progress:
1;5666.95652173913 * CompressionMethod + 22601.1684782609 * x_10;93.9662445362823;93.9662445362823;93.9662445362823;93.9662445362823;0.066766;2;22601.1684782609 * x_10;1;156.621995431996;
2;3780.99999999999 * CompressionMethod + 24487.125 * x_10 + 14459 * x_8;57.4286376931745;57.4286376931745;57.4286376931745;57.4286376931745;0.109456;3;14459 * x_8;1;36.5376068431078;
3;2981.19796091759 * CompressionMethod + 23787.2982158029 * x_10 + 12592.795242141 * x_8 + 7998.02039082412 * BlockSize_128;44.4001986993553;44.4001986993553;44.4001986993553;44.4001986993553;0.176685;4;7998.02039082412 * BlockSize_128;1;13.0284389938192;
4;2815.94520547946 * CompressionMethod + 20941.2785388128 * x_10 + 12207.205479452 * x_8 + 9650.54794520548 * BlockSize_128 + 43222.7762557077 * BlockSize_4;37.7796293913151;37.7796293913151;37.7796293913151;37.7796293913151;0.281425;5;43222.7762557077 * BlockSize_4;1;6.62056930804029;
5;3389.00729927007 * CompressionMethod + 12218 * x_10 + 13544.3503649635 * x_8 + 3919.92700729927 * BlockSize_128 + 51372.9927007299 * BlockSize_4 + 27889.0218978102 * x_10 * Deflate;25.3069583572772;25.3069583572772;25.3069583572772;25.3069583572772;0.498283;7;27889.0218978102 * x_10 * Deflate;2;6.23633551701893;
6;2463.21195894692 * CompressionMethod + 9418.60865684961 * x_10 + 14973.124497992 * x_8 + 2410.99062918341 * BlockSize_128 + 55098.1793842035 * BlockSize_4 + 27911.0272199911 * x_10 * Deflate + 4306.75591253905 * tmOff;20.7774661410293;20.7774661410293;20.7774661410293;20.7774661410293;0.699621;8;4306.75591253905 * tmOff;1;4.52949221624794;
7;2749.05491698595 * CompressionMethod + 4845.1213282248 * x_10 + 15464.9425287356 * x_8 + 78.0076628353072 * BlockSize_128 + 59385.8237547894 * BlockSize_4 + 28108.595146871 * x_10 * Deflate + 9330.02554278417 * tmOff + -8722.41379310346 * tmOff * x_2;14.2587667755836;14.2587667755836;14.2587667755836;14.2587667755836;0.975278;10;-8722.41379310346 * tmOff * x_2;2;3.25934968272284;
8;2849.55482770154 * CompressionMethod + 4967.51022472967 * x_10 + 15507.799689614 * x_8 + 224.732270704548 * BlockSize_128 + 59162.9349475687 * BlockSize_4 + 28078.1557760077 * x_10 * Deflate + 9194.24542780958 * tmOff + -8687.13358884443 * tmOff * x_2 + -576.795822651313 * Files_70;13.16836745371;13.16836745371;13.16836745371;13.16836745371;1.337598;11;-576.795822651313 * Files_70;1;1.09039932187354;
9;2918.13290672373 * CompressionMethod + 4944.50549551873 * x_10 + 15450.7533286615 * x_8 + 222.174325969092 * BlockSize_128 + 59117.3615977575 * BlockSize_4 + 28083.2465053664 * x_10 * Deflate + 9151.01196842847 * tmOff + -8712.47820848556 * tmOff * x_2 + -608.833032124811 * Files_70 + -978.132906723677 * Files_90;12.3761058909706;12.3761058909706;12.3761058909706;12.3761058909706;1.794769;12;-978.132906723677 * Files_90;1;0.792261562739485;
10;3103.35446334242 * CompressionMethod + 2989.96473371724 * x_10 + 15132.1204410518 * x_8 + 897.002514768687 * BlockSize_128 + 60886.6808029403 * BlockSize_4 + 27685.6030236746 * x_10 * Deflate + 11102.9622189486 * tmOff + -10849.6500156243 * tmOff * x_2 + -883.427227951135 * Files_70 + -1163.35446334237 * Files_90 + -7393.31919705964 * BlockSize_128 * Files_80;10.9795060163011;10.9795060163011;10.9795060163011;10.9795060163011;2.340213;14;-7393.31919705964 * BlockSize_128 * Files_80;2;0.698299937334711;
11;3051.27450710051 * CompressionMethod + 3426.77099131395 * x_10 + 15387.3040121329 * x_8 + 172.893974906961 * BlockSize_128 + 60501.9545015856 * BlockSize_4 + 26406.6458017372 * x_10 * Deflate + 12263.877016407 * tmOff + -11958.4848568409 * tmOff * x_2 + -768.629532607195 * Files_70 + -1111.27450710051 * Files_90 + -7778.04549841448 * BlockSize_128 * Files_80 + -2760.19660829999 * x_10 * HeaderCompressionOff;9.1872507314008;9.1872507314008;9.1872507314008;9.1872507314008;2.999185;16;-2760.19660829999 * x_10 * HeaderCompressionOff;2;0.896127642450166;
12;3126.84215241279 * CompressionMethod + 3389.89876970851 * x_10 + 15322.8932752031 * x_8 + 176.023351648364 * BlockSize_128 + 60463.2590778787 * BlockSize_4 + 26414.0202460583 * x_10 * Deflate + 12223.8754180603 * tmOff + -11994.0509038064 * tmOff * x_2 + -805.229634495942 * Files_70 + -1186.84215241279 * Files_90 + -7816.7409221214 * BlockSize_128 * Files_80 + -2751.57041328239 * x_10 * HeaderCompressionOff + -986.84215241278 * Files_30;8.54501485285057;8.54501485285057;8.54501485285057;8.54501485285057;3.791519;17;-986.84215241278 * Files_30;1;0.642235878550235;
13;3104.65643487596 * CompressionMethod + 3406.94898020034 * x_10 + 15291.7940183683 * x_8 + 192.386647185103 * BlockSize_128 + 60468.3945849237 * BlockSize_4 + 26547.5352516698 * x_10 * Deflate + 12087.6372853054 * tmOff + -11926.9104186546 * tmOff * x_2 + -798.663054627871 * Files_70 + -1164.65643487596 * Files_90 + -7674.68036736641 * BlockSize_128 * Files_80 + -2693.66511808207 * x_10 * HeaderCompressionOff + -964.656434875942 * Files_30 + 136.925047709921 * LZMA2;8.31329249522301;8.31329249522301;8.31329249522301;8.31329249522301;4.69572;18;136.925047709921 * LZMA2;1;0.231722357627559;
Elapsed=00:00:04.6994917
average model: 
command: analyze-learning
Round, Model, LearningError, LearningErrorRel, ValidationError, ValidationErrorRel, ElapsedSeconds, ModelComplexity, BestCandidate, BestCandidateSize, BestCandidateScore, TestError
Models:
Termination reason: minImprovementPerRound
1;5666.95652173913 * CompressionMethod + 22601.1684782609 * x_10;93.9662445362823;93.9662445362823;93.9662445362823;93.9662445362823;0.066766;2;22601.1684782609 * x_10;1;156.621995431996;85.8054240910936
2;3780.99999999999 * CompressionMethod + 24487.125 * x_10 + 14459 * x_8;57.4286376931745;57.4286376931745;57.4286376931745;57.4286376931745;0.109456;3;14459 * x_8;1;36.5376068431078;56.7032770656717
3;2981.19796091759 * CompressionMethod + 23787.2982158029 * x_10 + 12592.795242141 * x_8 + 7998.02039082412 * BlockSize_128;44.4001986993553;44.4001986993553;44.4001986993553;44.4001986993553;0.176685;4;7998.02039082412 * BlockSize_128;1;13.0284389938192;59.423085765638
4;2815.94520547946 * CompressionMethod + 20941.2785388128 * x_10 + 12207.205479452 * x_8 + 9650.54794520548 * BlockSize_128 + 43222.7762557077 * BlockSize_4;37.7796293913151;37.7796293913151;37.7796293913151;37.7796293913151;0.281425;5;43222.7762557077 * BlockSize_4;1;6.62056930804029;127.618655156542
5;3389.00729927007 * CompressionMethod + 12218 * x_10 + 13544.3503649635 * x_8 + 3919.92700729927 * BlockSize_128 + 51372.9927007299 * BlockSize_4 + 27889.0218978102 * x_10 * Deflate;25.3069583572772;25.3069583572772;25.3069583572772;25.3069583572772;0.498283;7;27889.0218978102 * x_10 * Deflate;2;6.23633551701893;130.533304461191
6;2463.21195894692 * CompressionMethod + 9418.60865684961 * x_10 + 14973.124497992 * x_8 + 2410.99062918341 * BlockSize_128 + 55098.1793842035 * BlockSize_4 + 27911.0272199911 * x_10 * Deflate + 4306.75591253905 * tmOff;20.7774661410293;20.7774661410293;20.7774661410293;20.7774661410293;0.699621;8;4306.75591253905 * tmOff;1;4.52949221624794;158.460232346392
7;2749.05491698595 * CompressionMethod + 4845.1213282248 * x_10 + 15464.9425287356 * x_8 + 78.0076628353072 * BlockSize_128 + 59385.8237547894 * BlockSize_4 + 28108.595146871 * x_10 * Deflate + 9330.02554278417 * tmOff + -8722.41379310346 * tmOff * x_2;14.2587667755836;14.2587667755836;14.2587667755836;14.2587667755836;0.975278;10;-8722.41379310346 * tmOff * x_2;2;3.25934968272284;192.344317857224
8;2849.55482770154 * CompressionMethod + 4967.51022472967 * x_10 + 15507.799689614 * x_8 + 224.732270704548 * BlockSize_128 + 59162.9349475687 * BlockSize_4 + 28078.1557760077 * x_10 * Deflate + 9194.24542780958 * tmOff + -8687.13358884443 * tmOff * x_2 + -576.795822651313 * Files_70;13.16836745371;13.16836745371;13.16836745371;13.16836745371;1.337598;11;-576.795822651313 * Files_70;1;1.09039932187354;191.551587729034
9;2918.13290672373 * CompressionMethod + 4944.50549551873 * x_10 + 15450.7533286615 * x_8 + 222.174325969092 * BlockSize_128 + 59117.3615977575 * BlockSize_4 + 28083.2465053664 * x_10 * Deflate + 9151.01196842847 * tmOff + -8712.47820848556 * tmOff * x_2 + -608.833032124811 * Files_70 + -978.132906723677 * Files_90;12.3761058909706;12.3761058909706;12.3761058909706;12.3761058909706;1.794769;12;-978.132906723677 * Files_90;1;0.792261562739485;191.006314626295
10;3103.35446334242 * CompressionMethod + 2989.96473371724 * x_10 + 15132.1204410518 * x_8 + 897.002514768687 * BlockSize_128 + 60886.6808029403 * BlockSize_4 + 27685.6030236746 * x_10 * Deflate + 11102.9622189486 * tmOff + -10849.6500156243 * tmOff * x_2 + -883.427227951135 * Files_70 + -1163.35446334237 * Files_90 + -7393.31919705964 * BlockSize_128 * Files_80;10.9795060163011;10.9795060163011;10.9795060163011;10.9795060163011;2.340213;14;-7393.31919705964 * BlockSize_128 * Files_80;2;0.698299937334711;210.446203598559
11;3051.27450710051 * CompressionMethod + 3426.77099131395 * x_10 + 15387.3040121329 * x_8 + 172.893974906961 * BlockSize_128 + 60501.9545015856 * BlockSize_4 + 26406.6458017372 * x_10 * Deflate + 12263.877016407 * tmOff + -11958.4848568409 * tmOff * x_2 + -768.629532607195 * Files_70 + -1111.27450710051 * Files_90 + -7778.04549841448 * BlockSize_128 * Files_80 + -2760.19660829999 * x_10 * HeaderCompressionOff;9.1872507314008;9.1872507314008;9.1872507314008;9.1872507314008;2.999185;16;-2760.19660829999 * x_10 * HeaderCompressionOff;2;0.896127642450166;217.782313431138
12;3126.84215241279 * CompressionMethod + 3389.89876970851 * x_10 + 15322.8932752031 * x_8 + 176.023351648364 * BlockSize_128 + 60463.2590778787 * BlockSize_4 + 26414.0202460583 * x_10 * Deflate + 12223.8754180603 * tmOff + -11994.0509038064 * tmOff * x_2 + -805.229634495942 * Files_70 + -1186.84215241279 * Files_90 + -7816.7409221214 * BlockSize_128 * Files_80 + -2751.57041328239 * x_10 * HeaderCompressionOff + -986.84215241278 * Files_30;8.54501485285057;8.54501485285057;8.54501485285057;8.54501485285057;3.791519;17;-986.84215241278 * Files_30;1;0.642235878550235;217.281097157867
13;3104.65643487596 * CompressionMethod + 3406.94898020034 * x_10 + 15291.7940183683 * x_8 + 192.386647185103 * BlockSize_128 + 60468.3945849237 * BlockSize_4 + 26547.5352516698 * x_10 * Deflate + 12087.6372853054 * tmOff + -11926.9104186546 * tmOff * x_2 + -798.663054627871 * Files_70 + -1164.65643487596 * Files_90 + -7674.68036736641 * BlockSize_128 * Files_80 + -2693.66511808207 * x_10 * HeaderCompressionOff + -964.656434875942 * Files_30 + 136.925047709921 * LZMA2;8.31329249522301;8.31329249522301;8.31329249522301;8.31329249522301;4.69572;18;136.925047709921 * LZMA2;1;0.231722357627559;215.960530277936
Analyze finished
command: clean-sampling
command: clean-global
command: script ./learn_divDistBased_t2.a
command: log ./out_divDistBased_t2Predictions.log
