Current machine learning settings: epsilon:0 lossFunction:RELATIVE parallelization:True bagging:False baggingNumbers:3 considerEpsilonTube:False baggingTestDataFraction:50 useBackward:False abortError:1 limitFeatureSize:False featureSizeTreshold:4 quadraticFunctionSupport:True crossValidation:False crossValidation-k:5 learn-logFunction:False learn-accumulatedLogFunction:False learn-asymFunction:False learn-ratioFunction:False learn-mirrowedFunction:False learn-numeric-disabled:True numberOfRounds:70 backwardErrorDelta:1 minImprovementPerRound:0.1 withHierarchy:False bruteForceCandidates:False ignoreBadFeatures:False stopOnLongRound:True candidateSizePenalty:True learnTimeLimit:00:00:00 scoreMeasure:RELERROR outputRoundsToStdout:False debug:False pythonInfluenceAnalysis:False blacklisted: 
command: solver z3
command: vm /scratch/kallistos/Distance-Based_Data/SupplementaryWebsite/MeasuredPerformanceValues/BerkeleyDBC/FeatureModel.xml
Warning: Variability model contains outdated notation. Children nodes will no longer have effect on the model. Instead use the parent node to describe the parent of an configuration option. You can also use the converter providedby the Variability Model GUI in export>convert legacy model.
command: all /scratch/kallistos/Distance-Based_Data/SupplementaryWebsite/MeasuredPerformanceValues/BerkeleyDBC/measurements.xml
Configs with too large deviation: 0
2560 configurations loaded.
command: binary grammar-based numConfigs:363 seed:23  confFaultsReport:./out_grammarBasedFailureReport_t3.log
command: printconfigs ./sampledConfigurations_grammarBased_t3FailureReport.csv
Number to sample: 363; Number of Configurations in Grammar: 2560
Draw a new random number, cause 415 is already in drawn.
Draw a new random number, cause 653 is already in drawn.
Draw a new random number, cause 1394 is already in drawn.
Draw a new random number, cause 1489 is already in drawn.
Draw a new random number, cause 858 is already in drawn.
Draw a new random number, cause 217 is already in drawn.
Draw a new random number, cause 1519 is already in drawn.
Draw a new random number, cause 17 is already in drawn.
Draw a new random number, cause 2402 is already in drawn.
Draw a new random number, cause 2303 is already in drawn.
Draw a new random number, cause 531 is already in drawn.
Draw a new random number, cause 1758 is already in drawn.
Draw a new random number, cause 636 is already in drawn.
Draw a new random number, cause 1876 is already in drawn.
Draw a new random number, cause 143 is already in drawn.
Draw a new random number, cause 725 is already in drawn.
Draw a new random number, cause 433 is already in drawn.
Draw a new random number, cause 1309 is already in drawn.
Draw a new random number, cause 181 is already in drawn.
Draw a new random number, cause 173 is already in drawn.
Draw a new random number, cause 636 is already in drawn.
Draw a new random number, cause 99 is already in drawn.
Draw a new random number, cause 779 is already in drawn.
Draw a new random number, cause 208 is already in drawn.
Draw a new random number, cause 246 is already in drawn.
0 drawn configurations were invalid
command: clean-sampling
command: clean-global
