Current machine learning settings: epsilon:0 lossFunction:RELATIVE parallelization:True bagging:False baggingNumbers:3 considerEpsilonTube:False baggingTestDataFraction:50 useBackward:False abortError:1 limitFeatureSize:False featureSizeTreshold:4 quadraticFunctionSupport:True crossValidation:False crossValidation-k:5 learn-logFunction:False learn-accumulatedLogFunction:False learn-asymFunction:False learn-ratioFunction:False learn-mirrowedFunction:False learn-numeric-disabled:True numberOfRounds:70 backwardErrorDelta:1 minImprovementPerRound:0.1 withHierarchy:False bruteForceCandidates:False ignoreBadFeatures:False stopOnLongRound:True candidateSizePenalty:True learnTimeLimit:00:00:00 scoreMeasure:RELERROR outputRoundsToStdout:False debug:False pythonInfluenceAnalysis:False blacklisted: 
command: mlsettings bagging:False stopOnLongRound:False parallelization:True lossFunction:RELATIVE useBackward:False abortError:1 limitFeatureSize:False featureSizeTreshold:7 quadraticFunctionSupport:True crossValidation:False learn_logFunction:True numberOfRounds:70 backwardErrorDelta:1 minImprovementPerRound:0.25 withHierarchy:False
Current machine learning settings: epsilon:0 lossFunction:RELATIVE parallelization:True bagging:False baggingNumbers:3 considerEpsilonTube:False baggingTestDataFraction:50 useBackward:False abortError:1 limitFeatureSize:False featureSizeTreshold:7 quadraticFunctionSupport:True crossValidation:False crossValidation-k:5 learn-logFunction:True learn-accumulatedLogFunction:False learn-asymFunction:False learn-ratioFunction:False learn-mirrowedFunction:False learn-numeric-disabled:True numberOfRounds:70 backwardErrorDelta:1 minImprovementPerRound:0.25 withHierarchy:False bruteForceCandidates:False ignoreBadFeatures:False stopOnLongRound:False candidateSizePenalty:True learnTimeLimit:00:00:00 scoreMeasure:RELERROR outputRoundsToStdout:False debug:False pythonInfluenceAnalysis:False blacklisted: 
command: solver z3
command: vm /scratch/kallistos/Distance-Based_Data/SupplementaryWebsite/MeasuredPerformanceValues/Hipacc/FeatureModel.xml
Warning: Variability model contains outdated notation. Children nodes will no longer have effect on the model. Instead use the parent node to describe the parent of an configuration option. You can also use the converter providedby the Variability Model GUI in export>convert legacy model.
Warning: Default value nodes in models are no longer used and should be removed. You can also use the converter provided by the Variability Model GUI in export>convert legacy model to update your model.
command: all /scratch/kallistos/Distance-Based_Data/SupplementaryWebsite/MeasuredPerformanceValues/Hipacc/measurements.xml
Configs with too large deviation: 0
13485 configurations loaded.
command: nfp Performance
command: setsampleset /scratch/kallistos/Distance-Based_Data/Results/Hipacc/Hipacc_23/sampledConfigurations_divDistBased_t3.csv
command: learn-splconqueror
Learning: NumberOfConfigurationsLearning:4601 NumberOfConfigurationsValidation:4601
Learning progress:
1;27.206922117039 * API + 24.0493229422495 * LocalMemory;23.6855503488276;23.6855503488276;23.6855503488276;23.6855503488276;1.379077;2;24.0493229422495 * LocalMemory;1;15.8192331548668;
2;26.3045532204608 * API + 24.039146464499 * LocalMemory + 19.2394983087279 * bs_32x1;22.1332023700853;22.1332023700853;22.1332023700853;22.1332023700853;4.686264;3;19.2394983087279 * bs_32x1;1;1.55234797874239;
3;23.9755094478583 * API + 22.6937395015062 * LocalMemory + 19.4168556918037 * bs_32x1 + 9.71777616715085 * pixelPerThread_1;20.6034032343589;20.6034032343589;20.6034032343589;20.6034032343589;9.972804;4;9.71777616715085 * pixelPerThread_1;1;1.52979913572632;
4;23.200827784719 * API + 23.0513634731034 * LocalMemory + 20.3554948745227 * bs_32x1 + 8.5399639341226 * pixelPerThread_1 + 21.3794027595372 * bs_1024x1;19.8662811599051;19.8662811599051;19.8662811599051;19.8662811599051;18.786492;5;21.3794027595372 * bs_1024x1;1;0.737122074453804;
5;24.1171765916301 * API + 21.8344893034051 * LocalMemory + 20.3501500127006 * bs_32x1 + 7.48813146178671 * pixelPerThread_1 + 7.33172080341788 * bs_1024x1 + 32.3051255179206 * bs_1024x1 * LocalMemory;18.8768083475861;18.8768083475861;18.8768083475861;18.8768083475861;30.822686;7;32.3051255179206 * bs_1024x1 * LocalMemory;2;0.4947364061595;
6;24.0497892616643 * API + 20.4186175853144 * LocalMemory + 21.0843204574328 * bs_32x1 + 7.61864272606408 * pixelPerThread_1 + 7.36944648241102 * bs_1024x1 + 33.620147622708 * bs_1024x1 * LocalMemory + 26.0024763660361 * LocalMemory * bs_512x1;17.8416882711299;17.8416882711299;17.8416882711299;17.8416882711299;46.47753;9;26.0024763660361 * LocalMemory * bs_512x1;2;0.517560038228098;
7;23.5761909042666 * API + 20.402244747159 * LocalMemory + 21.5989847511426 * bs_32x1 + 7.50526111242673 * pixelPerThread_1 + 7.86881338836306 * bs_1024x1 + 33.7241335259455 * bs_1024x1 * LocalMemory + 26.5279994234909 * LocalMemory * bs_512x1 + 9.56855100447828 * bs_512x2;17.391636415507;17.391636415507;17.391636415507;17.391636415507;67.438624;10;9.56855100447828 * bs_512x2;1;0.450051855622966;
8;23.093875158436 * API + 20.4019402754635 * LocalMemory + 22.1484673582711 * bs_32x1 + 7.27443054165806 * pixelPerThread_1 + 8.40359062755069 * bs_1024x1 + 33.9028070750531 * bs_1024x1 * LocalMemory + 27.0829987182932 * LocalMemory * bs_512x1 + 10.1311238772186 * bs_512x2 + 9.71282403269809 * bs_32x32;17.0236628143265;17.0236628143265;17.0236628143265;17.0236628143265;93.96387;11;9.71282403269809 * bs_32x32;1;0.367973601180417;
9;22.8653718753258 * API + 24.8841327210681 * LocalMemory + 22.1529968316044 * bs_32x1 + 8.26361631083782 * pixelPerThread_1 + 8.40727896311891 * bs_1024x1 + 34.2720458630879 * bs_1024x1 * LocalMemory + 26.7377273303941 * LocalMemory * bs_512x1 + 10.0585133513492 * bs_512x2 + 9.61401727263174 * bs_32x32 + -9.21839205299937 * LocalMemory * TextureMemory;16.3537935544302;16.3537935544302;16.3537935544302;16.3537935544302;126.234374;13;-9.21839205299937 * LocalMemory * TextureMemory;2;0.33493462994816;
10;22.8753738115466 * API + 24.0468391100221 * LocalMemory + 22.646173607748 * bs_32x1 + 7.90402794820814 * pixelPerThread_1 + 8.47900165476809 * bs_1024x1 + 35.3432960565841 * bs_1024x1 * LocalMemory + 27.6447882693027 * LocalMemory * bs_512x1 + 10.5722635745273 * bs_512x2 + 10.1428241112888 * bs_32x32 + -9.14631804826922 * LocalMemory * TextureMemory + 15.9414710565086 * LocalMemory * bs_64x16;15.7260680420495;15.7260680420495;15.7260680420495;15.7260680420495;168.245088;15;15.9414710565086 * LocalMemory * bs_64x16;2;0.313862756190375;
11;22.8942758527817 * API + 23.1517777870114 * LocalMemory + 23.1740370618016 * bs_32x1 + 7.4837204557859 * pixelPerThread_1 + 8.55562404362947 * bs_1024x1 + 36.512398047541 * bs_1024x1 * LocalMemory + 28.6146212357343 * LocalMemory * bs_512x1 + 11.1241705342153 * bs_512x2 + 10.7125238352067 * bs_32x32 + -9.0630239291915 * LocalMemory * TextureMemory + 17.0000152202141 * LocalMemory * bs_64x16 + 16.0019194320345 * LocalMemory * bs_128x8;15.0726528003924;15.0726528003924;15.0726528003924;15.0726528003924;219.215823;17;16.0019194320345 * LocalMemory * bs_128x8;2;0.32670762082854;
12;22.8855723202154 * API + 22.1682331806284 * LocalMemory + 23.751711539158 * bs_32x1 + 7.15077974496263 * pixelPerThread_1 + 8.63999591956548 * bs_1024x1 + 37.7111197628954 * bs_1024x1 * LocalMemory + 29.6796441123846 * LocalMemory * bs_512x1 + 11.7209036049846 * bs_512x2 + 11.3227151263437 * bs_32x32 + -8.99392416527075 * LocalMemory * TextureMemory + 18.135191560777 * LocalMemory * bs_64x16 + 17.1432047764658 * LocalMemory * bs_128x8 + 16.4018511821055 * LocalMemory * bs_256x4;14.4198339698674;14.4198339698674;14.4198339698674;14.4198339698674;280.46028;19;16.4018511821055 * LocalMemory * bs_256x4;2;0.326409415262502;
13;23.182217595867 * API + 22.329394793759 * LocalMemory + 16.4434405804917 * bs_32x1 + 5.93096927834608 * pixelPerThread_1 + 8.62058029541752 * bs_1024x1 + 38.6207766000911 * bs_1024x1 * LocalMemory + 29.7006521796727 * LocalMemory * bs_512x1 + 11.8192636132738 * bs_512x2 + 11.4795809674915 * bs_32x32 + -9.20442745326033 * LocalMemory * TextureMemory + 18.4307441638784 * LocalMemory * bs_64x16 + 17.4611392229914 * LocalMemory * bs_128x8 + 16.6414491766466 * LocalMemory * bs_256x4 + 25.2751199356236 * pixelPerThread_1 * bs_32x1;13.9285067541414;13.9285067541414;13.9285067541414;13.9285067541414;351.286239;21;25.2751199356236 * pixelPerThread_1 * bs_32x1;2;0.245663607863004;
Elapsed=00:05:51.3483706
average model: 
command: analyze-learning
Round, Model, LearningError, LearningErrorRel, ValidationError, ValidationErrorRel, ElapsedSeconds, ModelComplexity, BestCandidate, BestCandidateSize, BestCandidateScore, TestError
Models:
Termination reason: minImprovementPerRound
1;27.206922117039 * API + 24.0493229422495 * LocalMemory;23.6855503488276;23.6855503488276;23.6855503488276;23.6855503488276;1.379077;2;24.0493229422495 * LocalMemory;1;15.8192331548668;24.7363122131757
2;26.3045532204608 * API + 24.039146464499 * LocalMemory + 19.2394983087279 * bs_32x1;22.1332023700853;22.1332023700853;22.1332023700853;22.1332023700853;4.686264;3;19.2394983087279 * bs_32x1;1;1.55234797874239;23.2692358673964
3;23.9755094478583 * API + 22.6937395015062 * LocalMemory + 19.4168556918037 * bs_32x1 + 9.71777616715085 * pixelPerThread_1;20.6034032343589;20.6034032343589;20.6034032343589;20.6034032343589;9.972804;4;9.71777616715085 * pixelPerThread_1;1;1.52979913572632;21.5333804943476
4;23.200827784719 * API + 23.0513634731034 * LocalMemory + 20.3554948745227 * bs_32x1 + 8.5399639341226 * pixelPerThread_1 + 21.3794027595372 * bs_1024x1;19.8662811599051;19.8662811599051;19.8662811599051;19.8662811599051;18.786492;5;21.3794027595372 * bs_1024x1;1;0.737122074453804;20.7221404306337
5;24.1171765916301 * API + 21.8344893034051 * LocalMemory + 20.3501500127006 * bs_32x1 + 7.48813146178671 * pixelPerThread_1 + 7.33172080341788 * bs_1024x1 + 32.3051255179206 * bs_1024x1 * LocalMemory;18.8768083475861;18.8768083475861;18.8768083475861;18.8768083475861;30.822686;7;32.3051255179206 * bs_1024x1 * LocalMemory;2;0.4947364061595;19.9221288743847
6;24.0497892616643 * API + 20.4186175853144 * LocalMemory + 21.0843204574328 * bs_32x1 + 7.61864272606408 * pixelPerThread_1 + 7.36944648241102 * bs_1024x1 + 33.620147622708 * bs_1024x1 * LocalMemory + 26.0024763660361 * LocalMemory * bs_512x1;17.8416882711299;17.8416882711299;17.8416882711299;17.8416882711299;46.47753;9;26.0024763660361 * LocalMemory * bs_512x1;2;0.517560038228098;18.8578207797032
7;23.5761909042666 * API + 20.402244747159 * LocalMemory + 21.5989847511426 * bs_32x1 + 7.50526111242673 * pixelPerThread_1 + 7.86881338836306 * bs_1024x1 + 33.7241335259455 * bs_1024x1 * LocalMemory + 26.5279994234909 * LocalMemory * bs_512x1 + 9.56855100447828 * bs_512x2;17.391636415507;17.391636415507;17.391636415507;17.391636415507;67.438624;10;9.56855100447828 * bs_512x2;1;0.450051855622966;18.388901727798
8;23.093875158436 * API + 20.4019402754635 * LocalMemory + 22.1484673582711 * bs_32x1 + 7.27443054165806 * pixelPerThread_1 + 8.40359062755069 * bs_1024x1 + 33.9028070750531 * bs_1024x1 * LocalMemory + 27.0829987182932 * LocalMemory * bs_512x1 + 10.1311238772186 * bs_512x2 + 9.71282403269809 * bs_32x32;17.0236628143265;17.0236628143265;17.0236628143265;17.0236628143265;93.96387;11;9.71282403269809 * bs_32x32;1;0.367973601180417;17.9220678690802
9;22.8653718753258 * API + 24.8841327210681 * LocalMemory + 22.1529968316044 * bs_32x1 + 8.26361631083782 * pixelPerThread_1 + 8.40727896311891 * bs_1024x1 + 34.2720458630879 * bs_1024x1 * LocalMemory + 26.7377273303941 * LocalMemory * bs_512x1 + 10.0585133513492 * bs_512x2 + 9.61401727263174 * bs_32x32 + -9.21839205299937 * LocalMemory * TextureMemory;16.3537935544302;16.3537935544302;16.3537935544302;16.3537935544302;126.234374;13;-9.21839205299937 * LocalMemory * TextureMemory;2;0.33493462994816;16.7536277974629
10;22.8753738115466 * API + 24.0468391100221 * LocalMemory + 22.646173607748 * bs_32x1 + 7.90402794820814 * pixelPerThread_1 + 8.47900165476809 * bs_1024x1 + 35.3432960565841 * bs_1024x1 * LocalMemory + 27.6447882693027 * LocalMemory * bs_512x1 + 10.5722635745273 * bs_512x2 + 10.1428241112888 * bs_32x32 + -9.14631804826922 * LocalMemory * TextureMemory + 15.9414710565086 * LocalMemory * bs_64x16;15.7260680420495;15.7260680420495;15.7260680420495;15.7260680420495;168.245088;15;15.9414710565086 * LocalMemory * bs_64x16;2;0.313862756190375;16.1621640295737
11;22.8942758527817 * API + 23.1517777870114 * LocalMemory + 23.1740370618016 * bs_32x1 + 7.4837204557859 * pixelPerThread_1 + 8.55562404362947 * bs_1024x1 + 36.512398047541 * bs_1024x1 * LocalMemory + 28.6146212357343 * LocalMemory * bs_512x1 + 11.1241705342153 * bs_512x2 + 10.7125238352067 * bs_32x32 + -9.0630239291915 * LocalMemory * TextureMemory + 17.0000152202141 * LocalMemory * bs_64x16 + 16.0019194320345 * LocalMemory * bs_128x8;15.0726528003924;15.0726528003924;15.0726528003924;15.0726528003924;219.215823;17;16.0019194320345 * LocalMemory * bs_128x8;2;0.32670762082854;15.5668065680295
12;22.8855723202154 * API + 22.1682331806284 * LocalMemory + 23.751711539158 * bs_32x1 + 7.15077974496263 * pixelPerThread_1 + 8.63999591956548 * bs_1024x1 + 37.7111197628954 * bs_1024x1 * LocalMemory + 29.6796441123846 * LocalMemory * bs_512x1 + 11.7209036049846 * bs_512x2 + 11.3227151263437 * bs_32x32 + -8.99392416527075 * LocalMemory * TextureMemory + 18.135191560777 * LocalMemory * bs_64x16 + 17.1432047764658 * LocalMemory * bs_128x8 + 16.4018511821055 * LocalMemory * bs_256x4;14.4198339698674;14.4198339698674;14.4198339698674;14.4198339698674;280.46028;19;16.4018511821055 * LocalMemory * bs_256x4;2;0.326409415262502;14.9677061357206
13;23.182217595867 * API + 22.329394793759 * LocalMemory + 16.4434405804917 * bs_32x1 + 5.93096927834608 * pixelPerThread_1 + 8.62058029541752 * bs_1024x1 + 38.6207766000911 * bs_1024x1 * LocalMemory + 29.7006521796727 * LocalMemory * bs_512x1 + 11.8192636132738 * bs_512x2 + 11.4795809674915 * bs_32x32 + -9.20442745326033 * LocalMemory * TextureMemory + 18.4307441638784 * LocalMemory * bs_64x16 + 17.4611392229914 * LocalMemory * bs_128x8 + 16.6414491766466 * LocalMemory * bs_256x4 + 25.2751199356236 * pixelPerThread_1 * bs_32x1;13.9285067541414;13.9285067541414;13.9285067541414;13.9285067541414;351.286239;21;25.2751199356236 * pixelPerThread_1 * bs_32x1;2;0.245663607863004;14.3057433946398
Analyze finished
command: clean-sampling
command: clean-global
