Current machine learning settings: epsilon:0 lossFunction:RELATIVE parallelization:True bagging:False baggingNumbers:3 considerEpsilonTube:False baggingTestDataFraction:50 useBackward:False abortError:1 limitFeatureSize:False featureSizeTreshold:4 quadraticFunctionSupport:True crossValidation:False crossValidation-k:5 learn-logFunction:False learn-accumulatedLogFunction:False learn-asymFunction:False learn-ratioFunction:False learn-mirrowedFunction:False learn-numeric-disabled:True numberOfRounds:70 backwardErrorDelta:1 minImprovementPerRound:0.1 withHierarchy:False bruteForceCandidates:False ignoreBadFeatures:False stopOnLongRound:True candidateSizePenalty:True learnTimeLimit:00:00:00 scoreMeasure:RELERROR outputRoundsToStdout:False debug:False pythonInfluenceAnalysis:False blacklisted: 
command: solver z3
command: vm /scratch/kallistos/Distance-Based_Data/SupplementaryWebsite/MeasuredPerformanceValues/Polly/FeatureModel.xml
command: all /scratch/kallistos/Distance-Based_Data/SupplementaryWebsite/MeasuredPerformanceValues/Polly/measurements.xml
Configs with too large deviation: 0
60000 configurations loaded.
command: binary grammar-based numConfigs:2172 seed:69  confFaultsReport:./out_grammarBasedFailureReport_t3.log
command: printconfigs ./sampledConfigurations_grammarBased_t3FailureReport.csv
Number to sample: 2172; Number of Configurations in Grammar: 60000
Draw a new random number, cause 43051 is already in drawn.
Draw a new random number, cause 15690 is already in drawn.
Draw a new random number, cause 402 is already in drawn.
Draw a new random number, cause 17971 is already in drawn.
Draw a new random number, cause 44161 is already in drawn.
Draw a new random number, cause 38136 is already in drawn.
Draw a new random number, cause 38084 is already in drawn.
Draw a new random number, cause 40183 is already in drawn.
Draw a new random number, cause 49401 is already in drawn.
Draw a new random number, cause 1149 is already in drawn.
Draw a new random number, cause 39544 is already in drawn.
Draw a new random number, cause 44741 is already in drawn.
Draw a new random number, cause 29896 is already in drawn.
Draw a new random number, cause 15128 is already in drawn.
Draw a new random number, cause 48811 is already in drawn.
Draw a new random number, cause 51126 is already in drawn.
Draw a new random number, cause 52615 is already in drawn.
Draw a new random number, cause 5364 is already in drawn.
Draw a new random number, cause 4107 is already in drawn.
Draw a new random number, cause 51853 is already in drawn.
Draw a new random number, cause 51784 is already in drawn.
Draw a new random number, cause 40662 is already in drawn.
Draw a new random number, cause 49423 is already in drawn.
Draw a new random number, cause 34055 is already in drawn.
Draw a new random number, cause 39434 is already in drawn.
Draw a new random number, cause 10630 is already in drawn.
Draw a new random number, cause 2142 is already in drawn.
Draw a new random number, cause 43350 is already in drawn.
Draw a new random number, cause 45301 is already in drawn.
Draw a new random number, cause 21468 is already in drawn.
Draw a new random number, cause 4906 is already in drawn.
0 drawn configurations were invalid
command: clean-sampling
command: clean-global
