Current machine learning settings: epsilon:0 lossFunction:RELATIVE parallelization:True bagging:False baggingNumbers:3 considerEpsilonTube:False baggingTestDataFraction:50 useBackward:False abortError:1 limitFeatureSize:False featureSizeTreshold:4 quadraticFunctionSupport:True crossValidation:False crossValidation-k:5 learn-logFunction:False learn-accumulatedLogFunction:False learn-asymFunction:False learn-ratioFunction:False learn-mirrowedFunction:False learn-numeric-disabled:True numberOfRounds:70 backwardErrorDelta:1 minImprovementPerRound:0.1 withHierarchy:False bruteForceCandidates:False ignoreBadFeatures:False stopOnLongRound:True candidateSizePenalty:True learnTimeLimit:00:00:00 scoreMeasure:RELERROR outputRoundsToStdout:False debug:False pythonInfluenceAnalysis:False blacklisted: 
command: solver z3
command: vm /scratch/kallistos/Distance-Based_Data/SupplementaryWebsite/MeasuredPerformanceValues/Hipacc/FeatureModel.xml
Warning: Variability model contains outdated notation. Children nodes will no longer have effect on the model. Instead use the parent node to describe the parent of an configuration option. You can also use the converter providedby the Variability Model GUI in export>convert legacy model.
Warning: Default value nodes in models are no longer used and should be removed. You can also use the converter provided by the Variability Model GUI in export>convert legacy model to update your model.
command: all /scratch/kallistos/Distance-Based_Data/SupplementaryWebsite/MeasuredPerformanceValues/Hipacc/measurements.xml
Configs with too large deviation: 0
13485 configurations loaded.
command: binary grammar-based numConfigs:4601 seed:26  confFaultsReport:./out_grammarBasedFailureReport_t3.log
command: printconfigs ./sampledConfigurations_grammarBased_t3FailureReport.csv
Number to sample: 4601; Number of Configurations in Grammar: 28560
Draw a new random number, cause 26228 is already in drawn.
Draw a new random number, cause 20199 is already in drawn.
Draw a new random number, cause 266 is already in drawn.
Draw a new random number, cause 19816 is already in drawn.
Draw a new random number, cause 18539 is already in drawn.
Draw a new random number, cause 1458 is already in drawn.
Draw a new random number, cause 17996 is already in drawn.
Draw a new random number, cause 27035 is already in drawn.
Draw a new random number, cause 27654 is already in drawn.
Draw a new random number, cause 22644 is already in drawn.
Draw a new random number, cause 19689 is already in drawn.
Draw a new random number, cause 16279 is already in drawn.
Draw a new random number, cause 21485 is already in drawn.
Draw a new random number, cause 18686 is already in drawn.
Draw a new random number, cause 21826 is already in drawn.
Draw a new random number, cause 1818 is already in drawn.
Draw a new random number, cause 21110 is already in drawn.
Draw a new random number, cause 27692 is already in drawn.
Draw a new random number, cause 28276 is already in drawn.
Draw a new random number, cause 14763 is already in drawn.
Draw a new random number, cause 1933 is already in drawn.
Draw a new random number, cause 23394 is already in drawn.
Draw a new random number, cause 26484 is already in drawn.
Draw a new random number, cause 14809 is already in drawn.
Draw a new random number, cause 21488 is already in drawn.
Draw a new random number, cause 382 is already in drawn.
Draw a new random number, cause 2678 is already in drawn.
Draw a new random number, cause 15393 is already in drawn.
Draw a new random number, cause 15406 is already in drawn.
Draw a new random number, cause 2844 is already in drawn.
Draw a new random number, cause 27031 is already in drawn.
Draw a new random number, cause 23460 is already in drawn.
Draw a new random number, cause 27440 is already in drawn.
Draw a new random number, cause 26950 is already in drawn.
Draw a new random number, cause 2617 is already in drawn.
Draw a new random number, cause 22505 is already in drawn.
Draw a new random number, cause 21580 is already in drawn.
Draw a new random number, cause 1266 is already in drawn.
Draw a new random number, cause 21814 is already in drawn.
Draw a new random number, cause 20259 is already in drawn.
Draw a new random number, cause 19297 is already in drawn.
Draw a new random number, cause 19725 is already in drawn.
Draw a new random number, cause 16292 is already in drawn.
Draw a new random number, cause 21814 is already in drawn.
Draw a new random number, cause 1619 is already in drawn.
Draw a new random number, cause 17442 is already in drawn.
Draw a new random number, cause 15153 is already in drawn.
Draw a new random number, cause 21664 is already in drawn.
Draw a new random number, cause 16672 is already in drawn.
Draw a new random number, cause 2204 is already in drawn.
Draw a new random number, cause 26195 is already in drawn.
Draw a new random number, cause 23463 is already in drawn.
Draw a new random number, cause 16409 is already in drawn.
Draw a new random number, cause 2024 is already in drawn.
Draw a new random number, cause 17270 is already in drawn.
Draw a new random number, cause 22035 is already in drawn.
Draw a new random number, cause 19121 is already in drawn.
Draw a new random number, cause 17876 is already in drawn.
Draw a new random number, cause 1566 is already in drawn.
Draw a new random number, cause 22474 is already in drawn.
Draw a new random number, cause 20861 is already in drawn.
Draw a new random number, cause 28509 is already in drawn.
Draw a new random number, cause 27824 is already in drawn.
Draw a new random number, cause 28404 is already in drawn.
Draw a new random number, cause 2802 is already in drawn.
Draw a new random number, cause 227 is already in drawn.
Draw a new random number, cause 17103 is already in drawn.
Draw a new random number, cause 22469 is already in drawn.
Draw a new random number, cause 19717 is already in drawn.
Draw a new random number, cause 21110 is already in drawn.
Draw a new random number, cause 18722 is already in drawn.
Draw a new random number, cause 28536 is already in drawn.
Draw a new random number, cause 21257 is already in drawn.
Draw a new random number, cause 25887 is already in drawn.
Draw a new random number, cause 18844 is already in drawn.
Draw a new random number, cause 20154 is already in drawn.
Draw a new random number, cause 25798 is already in drawn.
Draw a new random number, cause 18488 is already in drawn.
Draw a new random number, cause 17920 is already in drawn.
Draw a new random number, cause 21580 is already in drawn.
Draw a new random number, cause 15286 is already in drawn.
Draw a new random number, cause 22564 is already in drawn.
Draw a new random number, cause 26180 is already in drawn.
Draw a new random number, cause 2743 is already in drawn.
Draw a new random number, cause 21301 is already in drawn.
Draw a new random number, cause 20768 is already in drawn.
Draw a new random number, cause 18382 is already in drawn.
Draw a new random number, cause 17038 is already in drawn.
Draw a new random number, cause 17025 is already in drawn.
Draw a new random number, cause 19655 is already in drawn.
Draw a new random number, cause 1128 is already in drawn.
Draw a new random number, cause 21395 is already in drawn.
Draw a new random number, cause 17003 is already in drawn.
Draw a new random number, cause 1984 is already in drawn.
Draw a new random number, cause 21349 is already in drawn.
Draw a new random number, cause 1139 is already in drawn.
Draw a new random number, cause 15908 is already in drawn.
Draw a new random number, cause 24075 is already in drawn.
Draw a new random number, cause 2830 is already in drawn.
Draw a new random number, cause 27183 is already in drawn.
Draw a new random number, cause 22297 is already in drawn.
Draw a new random number, cause 22097 is already in drawn.
Draw a new random number, cause 17656 is already in drawn.
Draw a new random number, cause 19924 is already in drawn.
Draw a new random number, cause 19380 is already in drawn.
Draw a new random number, cause 16192 is already in drawn.
Draw a new random number, cause 17978 is already in drawn.
Draw a new random number, cause 16252 is already in drawn.
Draw a new random number, cause 15567 is already in drawn.
Draw a new random number, cause 22091 is already in drawn.
Draw a new random number, cause 27521 is already in drawn.
Draw a new random number, cause 22244 is already in drawn.
Draw a new random number, cause 22751 is already in drawn.
Draw a new random number, cause 19412 is already in drawn.
Draw a new random number, cause 19544 is already in drawn.
Draw a new random number, cause 408 is already in drawn.
Draw a new random number, cause 2849 is already in drawn.
Draw a new random number, cause 17087 is already in drawn.
Draw a new random number, cause 2651 is already in drawn.
Draw a new random number, cause 22498 is already in drawn.
Draw a new random number, cause 1589 is already in drawn.
Draw a new random number, cause 26428 is already in drawn.
Draw a new random number, cause 14473 is already in drawn.
Draw a new random number, cause 16504 is already in drawn.
Draw a new random number, cause 26313 is already in drawn.
Draw a new random number, cause 26115 is already in drawn.
Draw a new random number, cause 15921 is already in drawn.
Draw a new random number, cause 8909 is already in drawn.
Draw a new random number, cause 28530 is already in drawn.
Draw a new random number, cause 18345 is already in drawn.
Draw a new random number, cause 19284 is already in drawn.
Draw a new random number, cause 1615 is already in drawn.
Draw a new random number, cause 28377 is already in drawn.
Draw a new random number, cause 20215 is already in drawn.
Draw a new random number, cause 16337 is already in drawn.
Draw a new random number, cause 384 is already in drawn.
Draw a new random number, cause 2650 is already in drawn.
Draw a new random number, cause 17410 is already in drawn.
Draw a new random number, cause 15727 is already in drawn.
Draw a new random number, cause 15157 is already in drawn.
Draw a new random number, cause 19580 is already in drawn.
Draw a new random number, cause 1776 is already in drawn.
Draw a new random number, cause 1087 is already in drawn.
Draw a new random number, cause 17147 is already in drawn.
Draw a new random number, cause 14675 is already in drawn.
Draw a new random number, cause 20710 is already in drawn.
Draw a new random number, cause 18493 is already in drawn.
Draw a new random number, cause 17834 is already in drawn.
Draw a new random number, cause 25913 is already in drawn.
Draw a new random number, cause 14593 is already in drawn.
Draw a new random number, cause 19624 is already in drawn.
Draw a new random number, cause 27316 is already in drawn.
Draw a new random number, cause 20334 is already in drawn.
Draw a new random number, cause 26813 is already in drawn.
Draw a new random number, cause 17410 is already in drawn.
Draw a new random number, cause 21351 is already in drawn.
Draw a new random number, cause 26223 is already in drawn.
Draw a new random number, cause 20647 is already in drawn.
Draw a new random number, cause 26475 is already in drawn.
Draw a new random number, cause 17228 is already in drawn.
Draw a new random number, cause 16384 is already in drawn.
Draw a new random number, cause 16316 is already in drawn.
Draw a new random number, cause 21319 is already in drawn.
Draw a new random number, cause 2653 is already in drawn.
Draw a new random number, cause 27000 is already in drawn.
Draw a new random number, cause 21467 is already in drawn.
Draw a new random number, cause 2090 is already in drawn.
Draw a new random number, cause 859 is already in drawn.
Draw a new random number, cause 1750 is already in drawn.
Draw a new random number, cause 14578 is already in drawn.
Draw a new random number, cause 22060 is already in drawn.
Draw a new random number, cause 16672 is already in drawn.
Draw a new random number, cause 2466 is already in drawn.
Draw a new random number, cause 1656 is already in drawn.
Draw a new random number, cause 27234 is already in drawn.
Draw a new random number, cause 1319 is already in drawn.
Draw a new random number, cause 21325 is already in drawn.
Draw a new random number, cause 17115 is already in drawn.
Draw a new random number, cause 14940 is already in drawn.
Draw a new random number, cause 15074 is already in drawn.
Draw a new random number, cause 18558 is already in drawn.
Draw a new random number, cause 2349 is already in drawn.
Draw a new random number, cause 20481 is already in drawn.
Draw a new random number, cause 2650 is already in drawn.
Draw a new random number, cause 15527 is already in drawn.
Draw a new random number, cause 18337 is already in drawn.
Draw a new random number, cause 537 is already in drawn.
Draw a new random number, cause 6 is already in drawn.
Draw a new random number, cause 21089 is already in drawn.
Draw a new random number, cause 15669 is already in drawn.
Draw a new random number, cause 21619 is already in drawn.
Draw a new random number, cause 19149 is already in drawn.
Draw a new random number, cause 20004 is already in drawn.
Draw a new random number, cause 27475 is already in drawn.
Draw a new random number, cause 19281 is already in drawn.
Draw a new random number, cause 15516 is already in drawn.
Draw a new random number, cause 16925 is already in drawn.
Draw a new random number, cause 16943 is already in drawn.
Draw a new random number, cause 14754 is already in drawn.
Draw a new random number, cause 15533 is already in drawn.
Draw a new random number, cause 21181 is already in drawn.
Draw a new random number, cause 26018 is already in drawn.
Draw a new random number, cause 27286 is already in drawn.
Draw a new random number, cause 2678 is already in drawn.
Draw a new random number, cause 21305 is already in drawn.
Draw a new random number, cause 16359 is already in drawn.
Draw a new random number, cause 1470 is already in drawn.
Draw a new random number, cause 18927 is already in drawn.
Draw a new random number, cause 20265 is already in drawn.
Draw a new random number, cause 26223 is already in drawn.
Draw a new random number, cause 22084 is already in drawn.
Draw a new random number, cause 27198 is already in drawn.
Draw a new random number, cause 26888 is already in drawn.
Draw a new random number, cause 21391 is already in drawn.
Draw a new random number, cause 1129 is already in drawn.
Draw a new random number, cause 20618 is already in drawn.
Draw a new random number, cause 954 is already in drawn.
Draw a new random number, cause 14885 is already in drawn.
Draw a new random number, cause 27414 is already in drawn.
Draw a new random number, cause 28509 is already in drawn.
Draw a new random number, cause 21565 is already in drawn.
Draw a new random number, cause 117 is already in drawn.
Draw a new random number, cause 16274 is already in drawn.
Draw a new random number, cause 28045 is already in drawn.
Draw a new random number, cause 22193 is already in drawn.
Draw a new random number, cause 15246 is already in drawn.
Draw a new random number, cause 28536 is already in drawn.
Draw a new random number, cause 22256 is already in drawn.
Draw a new random number, cause 25899 is already in drawn.
Draw a new random number, cause 16258 is already in drawn.
Draw a new random number, cause 19909 is already in drawn.
Draw a new random number, cause 19179 is already in drawn.
Draw a new random number, cause 26453 is already in drawn.
Draw a new random number, cause 27969 is already in drawn.
Draw a new random number, cause 19197 is already in drawn.
Draw a new random number, cause 21958 is already in drawn.
Draw a new random number, cause 14397 is already in drawn.
Draw a new random number, cause 2038 is already in drawn.
Draw a new random number, cause 16842 is already in drawn.
Draw a new random number, cause 17662 is already in drawn.
Draw a new random number, cause 22291 is already in drawn.
Draw a new random number, cause 26811 is already in drawn.
Draw a new random number, cause 25711 is already in drawn.
Draw a new random number, cause 1710 is already in drawn.
Draw a new random number, cause 18788 is already in drawn.
Draw a new random number, cause 22774 is already in drawn.
Draw a new random number, cause 20928 is already in drawn.
Draw a new random number, cause 19668 is already in drawn.
Draw a new random number, cause 19400 is already in drawn.
Draw a new random number, cause 18193 is already in drawn.
Draw a new random number, cause 28297 is already in drawn.
Draw a new random number, cause 27207 is already in drawn.
Draw a new random number, cause 21739 is already in drawn.
Draw a new random number, cause 28081 is already in drawn.
Draw a new random number, cause 15068 is already in drawn.
Draw a new random number, cause 25829 is already in drawn.
Draw a new random number, cause 27733 is already in drawn.
Draw a new random number, cause 19989 is already in drawn.
Draw a new random number, cause 434 is already in drawn.
Draw a new random number, cause 19321 is already in drawn.
Draw a new random number, cause 27183 is already in drawn.
Draw a new random number, cause 22573 is already in drawn.
Draw a new random number, cause 2025 is already in drawn.
Draw a new random number, cause 26475 is already in drawn.
Draw a new random number, cause 14600 is already in drawn.
Draw a new random number, cause 18629 is already in drawn.
Draw a new random number, cause 28400 is already in drawn.
Draw a new random number, cause 853 is already in drawn.
Draw a new random number, cause 22984 is already in drawn.
Draw a new random number, cause 18290 is already in drawn.
Draw a new random number, cause 18723 is already in drawn.
Draw a new random number, cause 21485 is already in drawn.
Draw a new random number, cause 1067 is already in drawn.
Draw a new random number, cause 14590 is already in drawn.
Draw a new random number, cause 26261 is already in drawn.
Draw a new random number, cause 26225 is already in drawn.
Draw a new random number, cause 27364 is already in drawn.
Draw a new random number, cause 15991 is already in drawn.
Draw a new random number, cause 41 is already in drawn.
Draw a new random number, cause 912 is already in drawn.
Draw a new random number, cause 21586 is already in drawn.
Draw a new random number, cause 26195 is already in drawn.
Draw a new random number, cause 321 is already in drawn.
Draw a new random number, cause 19933 is already in drawn.
Draw a new random number, cause 26853 is already in drawn.
Draw a new random number, cause 17103 is already in drawn.
Draw a new random number, cause 14339 is already in drawn.
Draw a new random number, cause 28016 is already in drawn.
Draw a new random number, cause 21012 is already in drawn.
Draw a new random number, cause 17471 is already in drawn.
Draw a new random number, cause 20210 is already in drawn.
Draw a new random number, cause 845 is already in drawn.
Draw a new random number, cause 14333 is already in drawn.
Draw a new random number, cause 27573 is already in drawn.
Draw a new random number, cause 20823 is already in drawn.
Draw a new random number, cause 27298 is already in drawn.
Draw a new random number, cause 2686 is already in drawn.
Draw a new random number, cause 18224 is already in drawn.
Draw a new random number, cause 26129 is already in drawn.
Draw a new random number, cause 15489 is already in drawn.
Draw a new random number, cause 19285 is already in drawn.
Draw a new random number, cause 22505 is already in drawn.
Draw a new random number, cause 1149 is already in drawn.
Draw a new random number, cause 15777 is already in drawn.
Draw a new random number, cause 17797 is already in drawn.
Draw a new random number, cause 22767 is already in drawn.
Draw a new random number, cause 20362 is already in drawn.
Draw a new random number, cause 791 is already in drawn.
Draw a new random number, cause 14720 is already in drawn.
Draw a new random number, cause 19560 is already in drawn.
Draw a new random number, cause 1956 is already in drawn.
Draw a new random number, cause 18328 is already in drawn.
Draw a new random number, cause 17247 is already in drawn.
Draw a new random number, cause 19049 is already in drawn.
Draw a new random number, cause 26187 is already in drawn.
Draw a new random number, cause 20811 is already in drawn.
Draw a new random number, cause 19197 is already in drawn.
Draw a new random number, cause 2149 is already in drawn.
Draw a new random number, cause 21189 is already in drawn.
Draw a new random number, cause 36 is already in drawn.
Draw a new random number, cause 21697 is already in drawn.
Draw a new random number, cause 15246 is already in drawn.
Draw a new random number, cause 27185 is already in drawn.
Draw a new random number, cause 1710 is already in drawn.
Draw a new random number, cause 25859 is already in drawn.
Draw a new random number, cause 25776 is already in drawn.
Draw a new random number, cause 711 is already in drawn.
Draw a new random number, cause 1378 is already in drawn.
Draw a new random number, cause 15699 is already in drawn.
Draw a new random number, cause 21534 is already in drawn.
Draw a new random number, cause 1852 is already in drawn.
Draw a new random number, cause 19044 is already in drawn.
Draw a new random number, cause 18146 is already in drawn.
Draw a new random number, cause 19210 is already in drawn.
Draw a new random number, cause 26963 is already in drawn.
Draw a new random number, cause 21820 is already in drawn.
Draw a new random number, cause 18610 is already in drawn.
Draw a new random number, cause 19289 is already in drawn.
Draw a new random number, cause 1500 is already in drawn.
Draw a new random number, cause 27718 is already in drawn.
Draw a new random number, cause 21169 is already in drawn.
Draw a new random number, cause 22690 is already in drawn.
Draw a new random number, cause 15355 is already in drawn.
Draw a new random number, cause 26922 is already in drawn.
Draw a new random number, cause 20014 is already in drawn.
Draw a new random number, cause 17053 is already in drawn.
Draw a new random number, cause 19388 is already in drawn.
Draw a new random number, cause 584 is already in drawn.
Draw a new random number, cause 15373 is already in drawn.
Draw a new random number, cause 28544 is already in drawn.
Draw a new random number, cause 25859 is already in drawn.
Draw a new random number, cause 23599 is already in drawn.
Draw a new random number, cause 17301 is already in drawn.
Draw a new random number, cause 21058 is already in drawn.
Draw a new random number, cause 15151 is already in drawn.
Draw a new random number, cause 26447 is already in drawn.
Draw a new random number, cause 26561 is already in drawn.
Draw a new random number, cause 1258 is already in drawn.
Draw a new random number, cause 16369 is already in drawn.
Draw a new random number, cause 20172 is already in drawn.
Draw a new random number, cause 15723 is already in drawn.
Draw a new random number, cause 16590 is already in drawn.
Draw a new random number, cause 15236 is already in drawn.
Draw a new random number, cause 17578 is already in drawn.
Draw a new random number, cause 22824 is already in drawn.
Draw a new random number, cause 21252 is already in drawn.
Draw a new random number, cause 21606 is already in drawn.
Draw a new random number, cause 27991 is already in drawn.
Draw a new random number, cause 28194 is already in drawn.
Draw a new random number, cause 27143 is already in drawn.
Draw a new random number, cause 16273 is already in drawn.
Draw a new random number, cause 2808 is already in drawn.
Draw a new random number, cause 20827 is already in drawn.
Draw a new random number, cause 21541 is already in drawn.
Draw a new random number, cause 25639 is already in drawn.
Draw a new random number, cause 19939 is already in drawn.
Draw a new random number, cause 26983 is already in drawn.
Draw a new random number, cause 305 is already in drawn.
Draw a new random number, cause 26160 is already in drawn.
Draw a new random number, cause 17332 is already in drawn.
Draw a new random number, cause 1884 is already in drawn.
Draw a new random number, cause 14869 is already in drawn.
Draw a new random number, cause 19757 is already in drawn.
Draw a new random number, cause 1391 is already in drawn.
Draw a new random number, cause 14804 is already in drawn.
Draw a new random number, cause 17781 is already in drawn.
Draw a new random number, cause 2527 is already in drawn.
Draw a new random number, cause 8570 is already in drawn.
Draw a new random number, cause 26250 is already in drawn.
Draw a new random number, cause 19971 is already in drawn.
Draw a new random number, cause 18398 is already in drawn.
5540 drawn configurations were invalid
command: clean-sampling
command: clean-global
