Current machine learning settings: epsilon:0 lossFunction:RELATIVE parallelization:True bagging:False baggingNumbers:3 considerEpsilonTube:False baggingTestDataFraction:50 useBackward:False abortError:1 limitFeatureSize:False featureSizeTreshold:4 quadraticFunctionSupport:True crossValidation:False crossValidation-k:5 learn-logFunction:False learn-accumulatedLogFunction:False learn-asymFunction:False learn-ratioFunction:False learn-mirrowedFunction:False learn-numeric-disabled:True numberOfRounds:70 backwardErrorDelta:1 minImprovementPerRound:0.1 withHierarchy:False bruteForceCandidates:False ignoreBadFeatures:False stopOnLongRound:True candidateSizePenalty:True learnTimeLimit:00:00:00 scoreMeasure:RELERROR outputRoundsToStdout:False debug:False pythonInfluenceAnalysis:False blacklisted: 
command: mlsettings bagging:False stopOnLongRound:False parallelization:True lossFunction:RELATIVE useBackward:False abortError:1 limitFeatureSize:False featureSizeTreshold:7 quadraticFunctionSupport:True crossValidation:False learn_logFunction:True numberOfRounds:70 backwardErrorDelta:1 minImprovementPerRound:0.25 withHierarchy:False
Current machine learning settings: epsilon:0 lossFunction:RELATIVE parallelization:True bagging:False baggingNumbers:3 considerEpsilonTube:False baggingTestDataFraction:50 useBackward:False abortError:1 limitFeatureSize:False featureSizeTreshold:7 quadraticFunctionSupport:True crossValidation:False crossValidation-k:5 learn-logFunction:True learn-accumulatedLogFunction:False learn-asymFunction:False learn-ratioFunction:False learn-mirrowedFunction:False learn-numeric-disabled:True numberOfRounds:70 backwardErrorDelta:1 minImprovementPerRound:0.25 withHierarchy:False bruteForceCandidates:False ignoreBadFeatures:False stopOnLongRound:False candidateSizePenalty:True learnTimeLimit:00:00:00 scoreMeasure:RELERROR outputRoundsToStdout:False debug:False pythonInfluenceAnalysis:False blacklisted: 
command: solver z3
command: vm /scratch/kallistos/Distance-Based_Data/SupplementaryWebsite/MeasuredPerformanceValues/7z/FeatureModel.xml
command: all /scratch/kallistos/Distance-Based_Data/SupplementaryWebsite/MeasuredPerformanceValues/7z/measurements.xml
Configs with too large deviation: 0
68640 configurations loaded.
command: nfp Performance
command: setsampleset /scratch/kallistos/Distance-Based_Data/Results/7z/7z_49/sampledConfigurations_divDistBased_t1.csv
command: learn-splconqueror
Learning: NumberOfConfigurationsLearning:39 NumberOfConfigurationsValidation:39
Learning progress:
1;5790.35714285714 * CompressionMethod + 18739.6428571429 * x_10;76.4053134459877;76.4053134459877;76.4053134459877;76.4053134459877;0.062146;2;18739.6428571429 * x_10;1;66.0585149892709;
2;5790.35714285715 * CompressionMethod + 32222.9761904761 * x_10 + -29663.3333333333 * x_10 * PPMd;56.0593713836669;56.0593713836669;56.0593713836669;56.0593713836669;0.101282;4;-29663.3333333333 * x_10 * PPMd;2;10.1729710311604;
3;2755.00000000001 * CompressionMethod + 32897.5 * x_10 + -27302.5 * x_10 * PPMd + 7082.5 * BZip2;41.4347754890072;41.4347754890072;41.4347754890072;41.4347754890072;0.167583;5;7082.5 * BZip2;1;14.6245958946597;
4;4731.10759493672 * CompressionMethod + 51341.1708860759 * x_10 + -47722.2784810127 * x_10 * PPMd + 2471.58227848102 * BZip2 + -37765.611814346 * x_10 * LZMA2;38.2415679956714;38.2415679956714;38.2415679956714;38.2415679956714;0.272003;7;-37765.611814346 * x_10 * LZMA2;2;1.59660374666789;
5;1739.72850678735 * CompressionMethod + 52443.257918552 * x_10 + -45832.9864253393 * x_10 * PPMd + 5305.52036199096 * BZip2 + -35876.3197586727 * x_10 * LZMA2 + 9950.27149321267 * x_8;21.9040884346377;21.9040884346377;21.9040884346377;21.9040884346377;0.422291;8;9950.27149321267 * x_8;1;16.3374795610337;
6;2580.00000000004 * CompressionMethod + 57835 * x_10 + -52065.0000000001 * x_10 * PPMd + 3694.99999999998 * BZip2 + -42108.3333333334 * x_10 * LZMA2 + 9109.99999999999 * x_8 + -15475 * x_10 * Deflate;13.9841256594531;13.9841256594531;13.9841256594531;13.9841256594531;0.622474;10;-15475 * x_10 * Deflate;2;3.95998138759229;
7;2580.00000000003 * CompressionMethod + 57835.0000000001 * x_10 + -52065.0000000001 * x_10 * PPMd + 3694.99999999999 * BZip2 + -42108.3333333334 * x_10 * LZMA2 + 16369.9999999999 * x_8 + -15475.0000000001 * x_10 * Deflate + -12100 * x_8 * PPMd;6.62562977101309;6.62562977101309;6.62562977101309;6.62562977101309;0.881675;12;-12100 * x_8 * PPMd;2;3.67924794422001;
8;2215.01222493888 * CompressionMethod + 58295.0366748167 * x_10 + -52160.0488997555 * x_10 * PPMd + 3599.95110024452 * BZip2 + -42203.3822330889 * x_10 * LZMA2 + 16734.9877750611 * x_8 + -15570.0488997555 * x_10 * Deflate + -12100 * x_8 * PPMd + 501.858190709059 * x_0;5.22258119395551;5.22258119395551;5.22258119395551;5.22258119395551;1.212772;13;501.858190709059 * x_0;1;1.40304857705758;
9;2186.50793650793 * CompressionMethod + 58209.5238095238 * x_10 + -52046.0317460318 * x_10 * PPMd + 3713.96825396821 * BZip2 + -42619.2857142858 * x_10 * LZMA2 + 16763.492063492 * x_8 + -15456.0317460317 * x_10 * Deflate + -12100 * x_8 * PPMd + 408.571428571476 * x_0 + 529.920634920679 * LZMA2;4.70340179423959;4.70340179423959;4.70340179423959;4.70340179423959;1.646378;14;529.920634920679 * LZMA2;1;0.519179399715916;
10;2339.09482758618 * CompressionMethod + 58088.1896551725 * x_10 + -52077.2844827587 * x_10 * PPMd + 3682.71551724139 * BZip2 + -42630.3160919541 * x_10 * LZMA2 + 17190 * x_8 + -14908.1896551724 * x_10 * Deflate + -12679.0948275862 * x_8 * PPMd + 276.206896551753 * x_0 + 509.698275862109 * LZMA2 + -579.094827586201 * Deflate;4.03927757666027;4.03927757666027;4.03927757666027;4.03927757666027;2.180208;15;-579.094827586201 * Deflate;1;0.664124217579324;
11;2572.55033557048 * CompressionMethod + 57902.5503355704 * x_10 + -52125.1006711409 * x_10 * PPMd + 3634.89932885907 * BZip2 + -42647.192393736 * x_10 * LZMA2 + 17190 * x_8 + -14722.5503355704 * x_10 * Deflate + -12912.5503355705 * x_8 * PPMd + 73.6912751677898 * x_0 + 478.758389261785 * LZMA2 + -812.550335570517 * Deflate + -652.550335570482 * BlockSize_32;3.60522588107856;3.60522588107856;3.60522588107856;3.60522588107856;2.80981;16;-652.550335570482 * BlockSize_32;1;0.434051695581706;
12;2320 * CompressionMethod + 58220.1515151515 * x_10 + -52190.1515151515 * x_10 * PPMd + 3569.84848484849 * BZip2 + -42670.1515151515 * x_10 * LZMA2 + 17190 * x_8 + -15040.1515151515 * x_10 * Deflate + -12660 * x_8 * PPMd + 368.33333333335 * x_0 + 436.666666666661 * LZMA2 + -559.999999999993 * Deflate + -970.151515151542 * BlockSize_32 + 570.151515151532 * x_2;3.20007440332641;3.20007440332641;3.20007440332641;3.20007440332641;3.546832;17;570.151515151532 * x_2;1;0.40515147775215;
13;2319.99999999991 * CompressionMethod + 58220.1515151516 * x_10 + -51935.1515151515 * x_10 * PPMd + 3569.8484848485 * BZip2 + -42670.1515151515 * x_10 * LZMA2 + 17190.0000000001 * x_8 + -13765.1515151515 * x_10 * Deflate + -12660 * x_8 * PPMd + 368.333333333452 * x_0 + 436.666666666707 * LZMA2 + -559.999999999967 * Deflate + -970.151515151521 * BlockSize_32 + 570.151515151552 * x_2 + -1275 * x_10 * BlockSize_4096;2.83580201100862;2.83580201100862;2.83580201100862;2.83580201100862;4.392649;19;-1275 * x_10 * BlockSize_4096;2;0.182136196158898;
Elapsed=00:00:04.3963034
average model: 
command: analyze-learning
Round, Model, LearningError, LearningErrorRel, ValidationError, ValidationErrorRel, ElapsedSeconds, ModelComplexity, BestCandidate, BestCandidateSize, BestCandidateScore, TestError
Models:
Termination reason: minImprovementPerRound
1;5790.35714285714 * CompressionMethod + 18739.6428571429 * x_10;76.4053134459877;76.4053134459877;76.4053134459877;76.4053134459877;0.062146;2;18739.6428571429 * x_10;1;66.0585149892709;84.9849076288779
2;5790.35714285715 * CompressionMethod + 32222.9761904761 * x_10 + -29663.3333333333 * x_10 * PPMd;56.0593713836669;56.0593713836669;56.0593713836669;56.0593713836669;0.101282;4;-29663.3333333333 * x_10 * PPMd;2;10.1729710311604;81.3069760720769
3;2755.00000000001 * CompressionMethod + 32897.5 * x_10 + -27302.5 * x_10 * PPMd + 7082.5 * BZip2;41.4347754890072;41.4347754890072;41.4347754890072;41.4347754890072;0.167583;5;7082.5 * BZip2;1;14.6245958946597;45.7338735619563
4;4731.10759493672 * CompressionMethod + 51341.1708860759 * x_10 + -47722.2784810127 * x_10 * PPMd + 2471.58227848102 * BZip2 + -37765.611814346 * x_10 * LZMA2;38.2415679956714;38.2415679956714;38.2415679956714;38.2415679956714;0.272003;7;-37765.611814346 * x_10 * LZMA2;2;1.59660374666789;63.8020150726377
5;1739.72850678735 * CompressionMethod + 52443.257918552 * x_10 + -45832.9864253393 * x_10 * PPMd + 5305.52036199096 * BZip2 + -35876.3197586727 * x_10 * LZMA2 + 9950.27149321267 * x_8;21.9040884346377;21.9040884346377;21.9040884346377;21.9040884346377;0.422291;8;9950.27149321267 * x_8;1;16.3374795610337;39.0929083845972
6;2580.00000000004 * CompressionMethod + 57835 * x_10 + -52065.0000000001 * x_10 * PPMd + 3694.99999999998 * BZip2 + -42108.3333333334 * x_10 * LZMA2 + 9109.99999999999 * x_8 + -15475 * x_10 * Deflate;13.9841256594531;13.9841256594531;13.9841256594531;13.9841256594531;0.622474;10;-15475 * x_10 * Deflate;2;3.95998138759229;35.4618457412834
7;2580.00000000003 * CompressionMethod + 57835.0000000001 * x_10 + -52065.0000000001 * x_10 * PPMd + 3694.99999999999 * BZip2 + -42108.3333333334 * x_10 * LZMA2 + 16369.9999999999 * x_8 + -15475.0000000001 * x_10 * Deflate + -12100 * x_8 * PPMd;6.62562977101309;6.62562977101309;6.62562977101309;6.62562977101309;0.881675;12;-12100 * x_8 * PPMd;2;3.67924794422001;29.6205966983834
8;2215.01222493888 * CompressionMethod + 58295.0366748167 * x_10 + -52160.0488997555 * x_10 * PPMd + 3599.95110024452 * BZip2 + -42203.3822330889 * x_10 * LZMA2 + 16734.9877750611 * x_8 + -15570.0488997555 * x_10 * Deflate + -12100 * x_8 * PPMd + 501.858190709059 * x_0;5.22258119395551;5.22258119395551;5.22258119395551;5.22258119395551;1.212772;13;501.858190709059 * x_0;1;1.40304857705758;30.5886058858017
9;2186.50793650793 * CompressionMethod + 58209.5238095238 * x_10 + -52046.0317460318 * x_10 * PPMd + 3713.96825396821 * BZip2 + -42619.2857142858 * x_10 * LZMA2 + 16763.492063492 * x_8 + -15456.0317460317 * x_10 * Deflate + -12100 * x_8 * PPMd + 408.571428571476 * x_0 + 529.920634920679 * LZMA2;4.70340179423959;4.70340179423959;4.70340179423959;4.70340179423959;1.646378;14;529.920634920679 * LZMA2;1;0.519179399715916;28.9360988775284
10;2339.09482758618 * CompressionMethod + 58088.1896551725 * x_10 + -52077.2844827587 * x_10 * PPMd + 3682.71551724139 * BZip2 + -42630.3160919541 * x_10 * LZMA2 + 17190 * x_8 + -14908.1896551724 * x_10 * Deflate + -12679.0948275862 * x_8 * PPMd + 276.206896551753 * x_0 + 509.698275862109 * LZMA2 + -579.094827586201 * Deflate;4.03927757666027;4.03927757666027;4.03927757666027;4.03927757666027;2.180208;15;-579.094827586201 * Deflate;1;0.664124217579324;27.3256006566175
11;2572.55033557048 * CompressionMethod + 57902.5503355704 * x_10 + -52125.1006711409 * x_10 * PPMd + 3634.89932885907 * BZip2 + -42647.192393736 * x_10 * LZMA2 + 17190 * x_8 + -14722.5503355704 * x_10 * Deflate + -12912.5503355705 * x_8 * PPMd + 73.6912751677898 * x_0 + 478.758389261785 * LZMA2 + -812.550335570517 * Deflate + -652.550335570482 * BlockSize_32;3.60522588107856;3.60522588107856;3.60522588107856;3.60522588107856;2.80981;16;-652.550335570482 * BlockSize_32;1;0.434051695581706;26.9687608565546
12;2320 * CompressionMethod + 58220.1515151515 * x_10 + -52190.1515151515 * x_10 * PPMd + 3569.84848484849 * BZip2 + -42670.1515151515 * x_10 * LZMA2 + 17190 * x_8 + -15040.1515151515 * x_10 * Deflate + -12660 * x_8 * PPMd + 368.33333333335 * x_0 + 436.666666666661 * LZMA2 + -559.999999999993 * Deflate + -970.151515151542 * BlockSize_32 + 570.151515151532 * x_2;3.20007440332641;3.20007440332641;3.20007440332641;3.20007440332641;3.546832;17;570.151515151532 * x_2;1;0.40515147775215;28.5266496442006
13;2319.99999999991 * CompressionMethod + 58220.1515151516 * x_10 + -51935.1515151515 * x_10 * PPMd + 3569.8484848485 * BZip2 + -42670.1515151515 * x_10 * LZMA2 + 17190.0000000001 * x_8 + -13765.1515151515 * x_10 * Deflate + -12660 * x_8 * PPMd + 368.333333333452 * x_0 + 436.666666666707 * LZMA2 + -559.999999999967 * Deflate + -970.151515151521 * BlockSize_32 + 570.151515151552 * x_2 + -1275 * x_10 * BlockSize_4096;2.83580201100862;2.83580201100862;2.83580201100862;2.83580201100862;4.392649;19;-1275 * x_10 * BlockSize_4096;2;0.182136196158898;28.6064187795149
Analyze finished
command: clean-sampling
command: clean-global
command: script ./learn_divDistBased_t2.a
command: log ./out_divDistBased_t2Predictions.log
