Current machine learning settings: epsilon:0 lossFunction:RELATIVE parallelization:True bagging:False baggingNumbers:3 considerEpsilonTube:False baggingTestDataFraction:50 useBackward:False abortError:1 limitFeatureSize:False featureSizeTreshold:4 quadraticFunctionSupport:True crossValidation:False crossValidation-k:5 learn-logFunction:False learn-accumulatedLogFunction:False learn-asymFunction:False learn-ratioFunction:False learn-mirrowedFunction:False learn-numeric-disabled:True numberOfRounds:70 backwardErrorDelta:1 minImprovementPerRound:0.1 withHierarchy:False bruteForceCandidates:False ignoreBadFeatures:False stopOnLongRound:True candidateSizePenalty:True learnTimeLimit:00:00:00 scoreMeasure:RELERROR outputRoundsToStdout:False debug:False pythonInfluenceAnalysis:False blacklisted: 
command: solver z3
command: vm /scratch/kallistos/Distance-Based_Data/SupplementaryWebsite/MeasuredPerformanceValues/VP9/FeatureModel.xml
command: all /scratch/kallistos/Distance-Based_Data/SupplementaryWebsite/MeasuredPerformanceValues/VP9/measurements.csv
216001 configurations loaded.
command: binary grammar-based numConfigs:3893 seed:11  confFaultsReport:./out_grammarBasedFailureReport_t3.log
command: printconfigs ./sampledConfigurations_grammarBased_t3FailureReport.csv
Number to sample: 3893; Number of Configurations in Grammar: 216000
Draw a new random number, cause 168820 is already in drawn.
Draw a new random number, cause 200769 is already in drawn.
Draw a new random number, cause 141558 is already in drawn.
Draw a new random number, cause 39421 is already in drawn.
Draw a new random number, cause 75889 is already in drawn.
Draw a new random number, cause 197090 is already in drawn.
Draw a new random number, cause 180284 is already in drawn.
Draw a new random number, cause 81711 is already in drawn.
Draw a new random number, cause 125802 is already in drawn.
Draw a new random number, cause 177089 is already in drawn.
Draw a new random number, cause 70897 is already in drawn.
Draw a new random number, cause 6451 is already in drawn.
Draw a new random number, cause 81521 is already in drawn.
Draw a new random number, cause 121266 is already in drawn.
Draw a new random number, cause 73272 is already in drawn.
Draw a new random number, cause 203979 is already in drawn.
Draw a new random number, cause 41287 is already in drawn.
Draw a new random number, cause 154893 is already in drawn.
Draw a new random number, cause 54162 is already in drawn.
Draw a new random number, cause 186034 is already in drawn.
Draw a new random number, cause 37168 is already in drawn.
Draw a new random number, cause 5702 is already in drawn.
Draw a new random number, cause 165419 is already in drawn.
Draw a new random number, cause 168820 is already in drawn.
Draw a new random number, cause 92470 is already in drawn.
Draw a new random number, cause 209001 is already in drawn.
Draw a new random number, cause 150171 is already in drawn.
Draw a new random number, cause 62059 is already in drawn.
Draw a new random number, cause 132240 is already in drawn.
Draw a new random number, cause 114677 is already in drawn.
Draw a new random number, cause 61157 is already in drawn.
Draw a new random number, cause 4976 is already in drawn.
Draw a new random number, cause 203059 is already in drawn.
Draw a new random number, cause 47086 is already in drawn.
0 drawn configurations were invalid
command: clean-sampling
command: clean-global
