Current machine learning settings: epsilon:0 lossFunction:RELATIVE parallelization:True bagging:False baggingNumbers:3 considerEpsilonTube:False baggingTestDataFraction:50 useBackward:False abortError:1 limitFeatureSize:False featureSizeTreshold:4 quadraticFunctionSupport:True crossValidation:False crossValidation-k:5 learn-logFunction:False learn-accumulatedLogFunction:False learn-asymFunction:False learn-ratioFunction:False learn-mirrowedFunction:False learn-numeric-disabled:True numberOfRounds:70 backwardErrorDelta:1 minImprovementPerRound:0.1 withHierarchy:False bruteForceCandidates:False ignoreBadFeatures:False stopOnLongRound:True candidateSizePenalty:True learnTimeLimit:00:00:00 scoreMeasure:RELERROR outputRoundsToStdout:False debug:False pythonInfluenceAnalysis:False blacklisted: 
command: mlsettings bagging:False stopOnLongRound:False parallelization:True lossFunction:RELATIVE useBackward:False abortError:1 limitFeatureSize:False featureSizeTreshold:7 quadraticFunctionSupport:True crossValidation:False learn_logFunction:True numberOfRounds:70 backwardErrorDelta:1 minImprovementPerRound:0.25 withHierarchy:False
Current machine learning settings: epsilon:0 lossFunction:RELATIVE parallelization:True bagging:False baggingNumbers:3 considerEpsilonTube:False baggingTestDataFraction:50 useBackward:False abortError:1 limitFeatureSize:False featureSizeTreshold:7 quadraticFunctionSupport:True crossValidation:False crossValidation-k:5 learn-logFunction:True learn-accumulatedLogFunction:False learn-asymFunction:False learn-ratioFunction:False learn-mirrowedFunction:False learn-numeric-disabled:True numberOfRounds:70 backwardErrorDelta:1 minImprovementPerRound:0.25 withHierarchy:False bruteForceCandidates:False ignoreBadFeatures:False stopOnLongRound:False candidateSizePenalty:True learnTimeLimit:00:00:00 scoreMeasure:RELERROR outputRoundsToStdout:False debug:False pythonInfluenceAnalysis:False blacklisted: 
command: solver z3
command: vm /scratch/kallistos/Distance-Based_Data/SupplementaryWebsite/MeasuredPerformanceValues/7z/FeatureModel.xml
command: all /scratch/kallistos/Distance-Based_Data/SupplementaryWebsite/MeasuredPerformanceValues/7z/measurements.xml
Configs with too large deviation: 0
68640 configurations loaded.
command: nfp Performance
command: setsampleset /scratch/kallistos/Distance-Based_Data/Results/7z/7z_50/sampledConfigurations_divDistBased_t2.csv
command: learn-splconqueror
Learning: NumberOfConfigurationsLearning:600 NumberOfConfigurationsValidation:600
Learning progress:
1;7409.43566591424 * CompressionMethod + 29204.3222958693 * x_10;112.71543407772;112.71543407772;112.71543407772;112.71543407772;0.180472;2;29204.3222958693 * x_10;1;112.539236804476;
2;5237.14285714287 * CompressionMethod + 31376.6151046406 * x_10 + 8993.69826435246 * x_8;89.3830386966731;89.3830386966731;89.3830386966731;89.3830386966731;0.628668;3;8993.69826435246 * x_8;1;23.3323953810469;
3;1737.70863086573 * CompressionMethod + 30815.6206990929 * x_10 + 11566.3596834904 * x_8 + 14166.3843377001 * BZip2;77.5613945769654;77.5613945769654;77.5613945769654;77.5613945769654;1.451607;4;14166.3843377001 * BZip2;1;11.8216441197077;
4;2559.41118811039 * CompressionMethod + 38423.7131615073 * x_10 + 10962.2727567647 * x_8 + 10839.9739854808 * BZip2 + -33536.8386353319 * x_10 * PPMd;50.471961003654;50.471961003654;50.471961003654;50.471961003654;2.653306;6;-33536.8386353319 * x_10 * PPMd;2;13.5447167866557;
5;2644.20456678134 * CompressionMethod + 38465.5320567358 * x_10 + 15678.1493055208 * x_8 + 10496.7140429093 * BZip2 + -33663.4509092317 * x_10 * PPMd + -12173.0681580165 * x_8 * PPMd;40.4225842870185;40.4225842870185;40.4225842870185;40.4225842870185;4.390396;8;-12173.0681580165 * x_8 * PPMd;2;5.02468835831776;
6;3238.70715674833 * CompressionMethod + 43954.1690131353 * x_10 + 15342.8256018563 * x_8 + 8090.052955814 * BZip2 + -39746.5904555978 * x_10 * PPMd + -12432.2470443188 * x_8 * PPMd + -28811.0579880652 * x_10 * LZMA2;34.7490144088485;34.7490144088485;34.7490144088485;34.7490144088485;6.61375;10;-28811.0579880652 * x_10 * LZMA2;2;2.83678493908499;
7;3539.08324049449 * CompressionMethod + 43752.2089403633 * x_10 + 15066.002067745 * x_8 + 7871.35070920504 * BZip2 + -38488.0543736186 * x_10 * PPMd + -11098.8475010002 * x_8 * PPMd + -28909.4739990397 * x_10 * LZMA2 + -1356.95209295358 * PPMd;32.0032850684403;32.0032850684403;32.0032850684403;32.0032850684403;9.621774;11;-1356.95209295358 * PPMd;1;2.74572934040823;
8;4160.00228890096 * CompressionMethod + 48123.3613919794 * x_10 + 14666.6343016707 * x_8 + 5814.08880183405 * BZip2 + -42859.2068252347 * x_10 * PPMd + -10699.4797349259 * x_8 * PPMd + -33901.5454990621 * x_10 * LZMA2 + -1977.87114136003 * PPMd + -33885.8636808805 * x_10 * LZMA;30.2128810499303;30.2128810499303;30.2128810499303;30.2128810499303;13.451159;13;-33885.8636808805 * x_10 * LZMA;2;0.895202009254982;
9;3201.4409231949 * CompressionMethod + 48695.9354570715 * x_10 + 14915.1063129706 * x_8 + 6568.90841192347 * BZip2 + -43431.7808903267 * x_10 * PPMd + -10947.9517462258 * x_8 * PPMd + -36921.5640955962 * x_10 * LZMA2 + -1019.30977565385 * PPMd + -33499.8763802665 * x_10 * LZMA + 3406.00589714817 * LZMA2;29.1200635264472;29.1200635264472;29.1200635264472;29.1200635264472;18.199219;14;3406.00589714817 * LZMA2;1;1.09281752348306;
10;3026.23066816207 * CompressionMethod + 48822.390819933 * x_10 + 15642.4779654546 * x_8 + 6664.2513121701 * BZip2 + -43558.2362531883 * x_10 * PPMd + -11675.32339871 * x_8 * PPMd + -33826.318275421 * x_10 * LZMA2 + -844.099520621195 * PPMd + -33451.1214880951 * x_10 * LZMA + 359.514969144305 * LZMA2 + 12941.9014215172 * LZMA2 * x_6;21.4014809715038;21.4014809715038;21.4014809715038;21.4014809715038;24.026743;16;12941.9014215172 * LZMA2 * x_6;2;3.85929127747169;
11;2887.36379555774 * CompressionMethod + 48858.5543510298 * x_10 + 14214.7617860637 * x_8 + 6865.09340222902 * BZip2 + -43594.399784285 * x_10 * PPMd + -10247.607219319 * x_8 * PPMd + -34179.7520686049 * x_10 * LZMA2 + -705.232648016702 * PPMd + -33348.4181465875 * x_10 * LZMA + 815.652103835426 * LZMA2 + 12624.6311594305 * LZMA2 * x_6 + 3274.08131493017 * x_8 * Deflate;20.8833309151865;20.8833309151865;20.8833309151865;20.8833309151865;31.077397;18;3274.08131493017 * x_8 * Deflate;2;0.259075028158669;
12;3232.83549528284 * CompressionMethod + 47341.5523928497 * x_10 + 14129.764501053 * x_8 + 4302.3704726939 * BZip2 + -42077.3978261048 * x_10 * PPMd + -10162.6099343081 * x_8 * PPMd + -32681.6383959827 * x_10 * LZMA2 + -1050.70434774201 * PPMd + -32176.8878881327 * x_10 * LZMA + 489.068689668324 * LZMA2 + 12605.7428738722 * LZMA2 * x_6 + 3013.60690021572 * x_8 * Deflate + 6240.49127351752 * BZip2 * filterOff;20.1959266501496;20.1959266501496;20.1959266501496;20.1959266501496;39.415243;20;6240.49127351752 * BZip2 * filterOff;2;0.343702132518457;
13;3083.83949071573 * CompressionMethod + 47397.0755728844 * x_10 + 12640.5251056771 * x_8 + 4542.03707168928 * BZip2 + -42132.9210061397 * x_10 * PPMd + -8673.3705389325 * x_8 * PPMd + -33068.1036638788 * x_10 * LZMA2 + -901.708343174625 * PPMd + -32083.4150636004 * x_10 * LZMA + 969.006782096722 * LZMA2 + 12274.800786011 * LZMA2 * x_6 + 4651.8423001591 * x_8 * Deflate + 6167.36589077613 * BZip2 * filterOff + 3040.34128596002 * x_8 * LZMA;19.8600325608831;19.8600325608831;19.8600325608831;19.8600325608831;49.499169;22;3040.34128596002 * x_8 * LZMA;2;0.167947044633245;
Elapsed=00:00:49.5167668
average model: 
command: analyze-learning
Round, Model, LearningError, LearningErrorRel, ValidationError, ValidationErrorRel, ElapsedSeconds, ModelComplexity, BestCandidate, BestCandidateSize, BestCandidateScore, TestError
Models:
Termination reason: minImprovementPerRound
1;7409.43566591424 * CompressionMethod + 29204.3222958693 * x_10;112.71543407772;112.71543407772;112.71543407772;112.71543407772;0.180472;2;29204.3222958693 * x_10;1;112.539236804476;118.326608990273
2;5237.14285714287 * CompressionMethod + 31376.6151046406 * x_10 + 8993.69826435246 * x_8;89.3830386966731;89.3830386966731;89.3830386966731;89.3830386966731;0.628668;3;8993.69826435246 * x_8;1;23.3323953810469;82.9607723809315
3;1737.70863086573 * CompressionMethod + 30815.6206990929 * x_10 + 11566.3596834904 * x_8 + 14166.3843377001 * BZip2;77.5613945769654;77.5613945769654;77.5613945769654;77.5613945769654;1.451607;4;14166.3843377001 * BZip2;1;11.8216441197077;66.8883975896857
4;2559.41118811039 * CompressionMethod + 38423.7131615073 * x_10 + 10962.2727567647 * x_8 + 10839.9739854808 * BZip2 + -33536.8386353319 * x_10 * PPMd;50.471961003654;50.471961003654;50.471961003654;50.471961003654;2.653306;6;-33536.8386353319 * x_10 * PPMd;2;13.5447167866557;48.8846158310422
5;2644.20456678134 * CompressionMethod + 38465.5320567358 * x_10 + 15678.1493055208 * x_8 + 10496.7140429093 * BZip2 + -33663.4509092317 * x_10 * PPMd + -12173.0681580165 * x_8 * PPMd;40.4225842870185;40.4225842870185;40.4225842870185;40.4225842870185;4.390396;8;-12173.0681580165 * x_8 * PPMd;2;5.02468835831776;43.660935968681
6;3238.70715674833 * CompressionMethod + 43954.1690131353 * x_10 + 15342.8256018563 * x_8 + 8090.052955814 * BZip2 + -39746.5904555978 * x_10 * PPMd + -12432.2470443188 * x_8 * PPMd + -28811.0579880652 * x_10 * LZMA2;34.7490144088485;34.7490144088485;34.7490144088485;34.7490144088485;6.61375;10;-28811.0579880652 * x_10 * LZMA2;2;2.83678493908499;39.1783759398555
7;3539.08324049449 * CompressionMethod + 43752.2089403633 * x_10 + 15066.002067745 * x_8 + 7871.35070920504 * BZip2 + -38488.0543736186 * x_10 * PPMd + -11098.8475010002 * x_8 * PPMd + -28909.4739990397 * x_10 * LZMA2 + -1356.95209295358 * PPMd;32.0032850684403;32.0032850684403;32.0032850684403;32.0032850684403;9.621774;11;-1356.95209295358 * PPMd;1;2.74572934040823;37.8114779578005
8;4160.00228890096 * CompressionMethod + 48123.3613919794 * x_10 + 14666.6343016707 * x_8 + 5814.08880183405 * BZip2 + -42859.2068252347 * x_10 * PPMd + -10699.4797349259 * x_8 * PPMd + -33901.5454990621 * x_10 * LZMA2 + -1977.87114136003 * PPMd + -33885.8636808805 * x_10 * LZMA;30.2128810499303;30.2128810499303;30.2128810499303;30.2128810499303;13.451159;13;-33885.8636808805 * x_10 * LZMA;2;0.895202009254982;35.3480469531877
9;3201.4409231949 * CompressionMethod + 48695.9354570715 * x_10 + 14915.1063129706 * x_8 + 6568.90841192347 * BZip2 + -43431.7808903267 * x_10 * PPMd + -10947.9517462258 * x_8 * PPMd + -36921.5640955962 * x_10 * LZMA2 + -1019.30977565385 * PPMd + -33499.8763802665 * x_10 * LZMA + 3406.00589714817 * LZMA2;29.1200635264472;29.1200635264472;29.1200635264472;29.1200635264472;18.199219;14;3406.00589714817 * LZMA2;1;1.09281752348306;35.5751374573765
10;3026.23066816207 * CompressionMethod + 48822.390819933 * x_10 + 15642.4779654546 * x_8 + 6664.2513121701 * BZip2 + -43558.2362531883 * x_10 * PPMd + -11675.32339871 * x_8 * PPMd + -33826.318275421 * x_10 * LZMA2 + -844.099520621195 * PPMd + -33451.1214880951 * x_10 * LZMA + 359.514969144305 * LZMA2 + 12941.9014215172 * LZMA2 * x_6;21.4014809715038;21.4014809715038;21.4014809715038;21.4014809715038;24.026743;16;12941.9014215172 * LZMA2 * x_6;2;3.85929127747169;23.9915711833288
11;2887.36379555774 * CompressionMethod + 48858.5543510298 * x_10 + 14214.7617860637 * x_8 + 6865.09340222902 * BZip2 + -43594.399784285 * x_10 * PPMd + -10247.607219319 * x_8 * PPMd + -34179.7520686049 * x_10 * LZMA2 + -705.232648016702 * PPMd + -33348.4181465875 * x_10 * LZMA + 815.652103835426 * LZMA2 + 12624.6311594305 * LZMA2 * x_6 + 3274.08131493017 * x_8 * Deflate;20.8833309151865;20.8833309151865;20.8833309151865;20.8833309151865;31.077397;18;3274.08131493017 * x_8 * Deflate;2;0.259075028158669;23.9010213315588
12;3232.83549528284 * CompressionMethod + 47341.5523928497 * x_10 + 14129.764501053 * x_8 + 4302.3704726939 * BZip2 + -42077.3978261048 * x_10 * PPMd + -10162.6099343081 * x_8 * PPMd + -32681.6383959827 * x_10 * LZMA2 + -1050.70434774201 * PPMd + -32176.8878881327 * x_10 * LZMA + 489.068689668324 * LZMA2 + 12605.7428738722 * LZMA2 * x_6 + 3013.60690021572 * x_8 * Deflate + 6240.49127351752 * BZip2 * filterOff;20.1959266501496;20.1959266501496;20.1959266501496;20.1959266501496;39.415243;20;6240.49127351752 * BZip2 * filterOff;2;0.343702132518457;27.0034732614402
13;3083.83949071573 * CompressionMethod + 47397.0755728844 * x_10 + 12640.5251056771 * x_8 + 4542.03707168928 * BZip2 + -42132.9210061397 * x_10 * PPMd + -8673.3705389325 * x_8 * PPMd + -33068.1036638788 * x_10 * LZMA2 + -901.708343174625 * PPMd + -32083.4150636004 * x_10 * LZMA + 969.006782096722 * LZMA2 + 12274.800786011 * LZMA2 * x_6 + 4651.8423001591 * x_8 * Deflate + 6167.36589077613 * BZip2 * filterOff + 3040.34128596002 * x_8 * LZMA;19.8600325608831;19.8600325608831;19.8600325608831;19.8600325608831;49.499169;22;3040.34128596002 * x_8 * LZMA;2;0.167947044633245;26.9376388698197
Analyze finished
command: clean-sampling
command: clean-global
command: script ./learn_divDistBased_t3.a
command: log ./out_divDistBased_t3Predictions.log
