Current machine learning settings: epsilon:0 lossFunction:RELATIVE parallelization:True bagging:False baggingNumbers:3 considerEpsilonTube:False baggingTestDataFraction:50 useBackward:False abortError:1 limitFeatureSize:False featureSizeTreshold:4 quadraticFunctionSupport:True crossValidation:False crossValidation-k:5 learn-logFunction:False learn-accumulatedLogFunction:False learn-asymFunction:False learn-ratioFunction:False learn-mirrowedFunction:False learn-numeric-disabled:True numberOfRounds:70 backwardErrorDelta:1 minImprovementPerRound:0.1 withHierarchy:False bruteForceCandidates:False ignoreBadFeatures:False stopOnLongRound:True candidateSizePenalty:True learnTimeLimit:00:00:00 scoreMeasure:RELERROR outputRoundsToStdout:False debug:False pythonInfluenceAnalysis:False blacklisted: 
command: mlsettings bagging:False stopOnLongRound:False parallelization:True lossFunction:RELATIVE useBackward:False abortError:1 limitFeatureSize:False featureSizeTreshold:7 quadraticFunctionSupport:True crossValidation:False learn_logFunction:True numberOfRounds:70 backwardErrorDelta:1 minImprovementPerRound:0.25 withHierarchy:False
Current machine learning settings: epsilon:0 lossFunction:RELATIVE parallelization:True bagging:False baggingNumbers:3 considerEpsilonTube:False baggingTestDataFraction:50 useBackward:False abortError:1 limitFeatureSize:False featureSizeTreshold:7 quadraticFunctionSupport:True crossValidation:False crossValidation-k:5 learn-logFunction:True learn-accumulatedLogFunction:False learn-asymFunction:False learn-ratioFunction:False learn-mirrowedFunction:False learn-numeric-disabled:True numberOfRounds:70 backwardErrorDelta:1 minImprovementPerRound:0.25 withHierarchy:False bruteForceCandidates:False ignoreBadFeatures:False stopOnLongRound:False candidateSizePenalty:True learnTimeLimit:00:00:00 scoreMeasure:RELERROR outputRoundsToStdout:False debug:False pythonInfluenceAnalysis:False blacklisted: 
command: solver z3
command: vm /scratch/kallistos/Distance-Based_Data/SupplementaryWebsite/MeasuredPerformanceValues/7z/FeatureModel.xml
command: all /scratch/kallistos/Distance-Based_Data/SupplementaryWebsite/MeasuredPerformanceValues/7z/measurements.xml
Configs with too large deviation: 0
68640 configurations loaded.
command: nfp Performance
command: setsampleset /scratch/kallistos/Distance-Based_Data/Results/7z/7z_15/sampledConfigurations_grammarBased_t2.csv
command: learn-splconqueror
Learning: NumberOfConfigurationsLearning:600 NumberOfConfigurationsValidation:600
Learning progress:
1;7578.19780219784 * CompressionMethod + 24447.8711633194 * x_10;110.850712242053;110.850712242053;110.850712242053;110.850712242053;0.189536;2;24447.8711633194 * x_10;1;90.5534028415502;
2;5482.05962059625 * CompressionMethod + 26544.009344921 * x_10 + 11090.0334026596 * x_8;80.2732758962445;80.2732758962445;80.2732758962445;80.2732758962445;0.64995;3;11090.0334026596 * x_8;1;30.5774363458083;
3;3123.21416694023 * CompressionMethod + 26642.0392858522 * x_10 + 11477.2374207998 * x_8 + 11304.0775636242 * BZip2;60.3543965865332;60.3543965865332;60.3543965865332;60.3543965865332;1.419681;4;11304.0775636242 * BZip2;1;19.9188793097112;
4;3399.09767462683 * CompressionMethod + 31030.6741635381 * x_10 + 11431.9511971732 * x_8 + 9981.98646834672 * BZip2 + -26583.9385048316 * x_10 * PPMd;51.0471814084123;51.0471814084123;51.0471814084123;51.0471814084123;2.703346;6;-26583.9385048316 * x_10 * PPMd;2;4.65360758906046;
5;3463.88969765268 * CompressionMethod + 31040.2987379577 * x_10 + 13395.362524334 * x_8 + 9671.4896307293 * BZip2 + -26658.3551022771 * x_10 * PPMd + -10610.5022219867 * x_8 * PPMd;47.1561152974244;47.1561152974244;47.1561152974244;47.1561152974244;4.395996;8;-10610.5022219867 * x_8 * PPMd;2;1.94553305549396;
6;3827.69366598595 * CompressionMethod + 30737.0696659416 * x_10 + 13085.7178844813 * x_8 + 9418.74609781965 * BZip2 + -25228.2493196212 * x_10 * PPMd + -9173.98087149435 * x_8 * PPMd + -1490.68067897304 * PPMd;44.8780103176499;44.8780103176499;44.8780103176499;44.8780103176499;6.692876;9;-1490.68067897304 * PPMd;1;2.27810497977447;
7;3491.0751628003 * CompressionMethod + 26782.7551911832 * x_10 + 13148.7948210708 * x_8 + 10695.2734086015 * BZip2 + -21273.934844863 * x_10 * PPMd + -9237.05780808393 * x_8 * PPMd + -1154.06217578728 * PPMd + 14611.624191471 * x_10 * Deflate;41.6095390360963;41.6095390360963;41.6095390360963;41.6095390360963;9.78846;11;14611.624191471 * x_10 * Deflate;2;1.63423564077682;
8;4134.32226246006 * CompressionMethod + 34339.0876356535 * x_10 + 13028.2605779064 * x_8 + 8255.94674495695 * BZip2 + -28830.2672893334 * x_10 * PPMd + -9116.52356491965 * x_8 * PPMd + -1797.30927544696 * PPMd + 6412.04464734108 * x_10 * Deflate + -19721.8947465987 * x_10 * LZMA2;40.4820911731601;40.4820911731601;40.4820911731601;40.4820911731601;13.643354;13;-19721.8947465987 * x_10 * LZMA2;2;0.563723931468097;
9;3813.52869434942 * CompressionMethod + 34018.4455639153 * x_10 + 14906.2894874688 * x_8 + 9472.46261363605 * BZip2 + -28509.625217595 * x_10 * PPMd + -10994.5524744815 * x_8 * PPMd + -1476.51570733648 * PPMd + 7053.48028718993 * x_10 * Deflate + -19080.4591067498 * x_10 * LZMA2 + -8483.6141287875 * x_8 * BZip2;38.580352872152;38.580352872152;38.580352872152;38.580352872152;18.461364;15;-8483.6141287875 * x_8 * BZip2;2;0.950869150504037;
10;3631.54670589835 * CompressionMethod + 33978.7612758109 * x_10 + 14915.1441178197 * x_8 + 9482.43293574498 * BZip2 + -28464.2362652674 * x_10 * PPMd + -10962.2783159983 * x_8 * PPMd + -1484.44383108711 * PPMd + 7151.48416510246 * x_10 * Deflate + -19054.5916280456 * x_10 * LZMA2 + -8456.48573130372 * x_8 * BZip2 + 340.071596268288 * tmOff;38.2646721723398;38.2646721723398;38.2646721723398;38.2646721723398;24.299898;16;340.071596268288 * tmOff;1;0.315680699812226;
11;3779.7105089842 * CompressionMethod + 32800.6238697724 * x_10 + 14786.5568039386 * x_8 + 11482.240928684 * BZip2 + -27286.7439178655 * x_10 * PPMd + -10838.3416668038 * x_8 * PPMd + -1611.13342407593 * PPMd + 8195.44097462992 * x_10 * Deflate + -18002.477948016 * x_10 * LZMA2 + -10460.4886862151 * x_8 * BZip2 + 301.617778187416 * tmOff + -9110.81704632892 * BZip2 * x_0;38.057480785374;38.057480785374;38.057480785374;38.057480785374;31.822167;18;-9110.81704632892 * BZip2 * x_0;2;0.103595693482877;
Elapsed=00:00:31.8331457
average model: 
command: analyze-learning
Round, Model, LearningError, LearningErrorRel, ValidationError, ValidationErrorRel, ElapsedSeconds, ModelComplexity, BestCandidate, BestCandidateSize, BestCandidateScore, TestError
Models:
Termination reason: minImprovementPerRound
1;7578.19780219784 * CompressionMethod + 24447.8711633194 * x_10;110.850712242053;110.850712242053;110.850712242053;110.850712242053;0.189536;2;24447.8711633194 * x_10;1;90.5534028415502;118.16085201155
2;5482.05962059625 * CompressionMethod + 26544.009344921 * x_10 + 11090.0334026596 * x_8;80.2732758962445;80.2732758962445;80.2732758962445;80.2732758962445;0.64995;3;11090.0334026596 * x_8;1;30.5774363458083;82.9912684942694
3;3123.21416694023 * CompressionMethod + 26642.0392858522 * x_10 + 11477.2374207998 * x_8 + 11304.0775636242 * BZip2;60.3543965865332;60.3543965865332;60.3543965865332;60.3543965865332;1.419681;4;11304.0775636242 * BZip2;1;19.9188793097112;59.5984562338236
4;3399.09767462683 * CompressionMethod + 31030.6741635381 * x_10 + 11431.9511971732 * x_8 + 9981.98646834672 * BZip2 + -26583.9385048316 * x_10 * PPMd;51.0471814084123;51.0471814084123;51.0471814084123;51.0471814084123;2.703346;6;-26583.9385048316 * x_10 * PPMd;2;4.65360758906046;51.9351636808216
5;3463.88969765268 * CompressionMethod + 31040.2987379577 * x_10 + 13395.362524334 * x_8 + 9671.4896307293 * BZip2 + -26658.3551022771 * x_10 * PPMd + -10610.5022219867 * x_8 * PPMd;47.1561152974244;47.1561152974244;47.1561152974244;47.1561152974244;4.395996;8;-10610.5022219867 * x_8 * PPMd;2;1.94553305549396;47.4387778312215
6;3827.69366598595 * CompressionMethod + 30737.0696659416 * x_10 + 13085.7178844813 * x_8 + 9418.74609781965 * BZip2 + -25228.2493196212 * x_10 * PPMd + -9173.98087149435 * x_8 * PPMd + -1490.68067897304 * PPMd;44.8780103176499;44.8780103176499;44.8780103176499;44.8780103176499;6.692876;9;-1490.68067897304 * PPMd;1;2.27810497977447;46.0104340072237
7;3491.0751628003 * CompressionMethod + 26782.7551911832 * x_10 + 13148.7948210708 * x_8 + 10695.2734086015 * BZip2 + -21273.934844863 * x_10 * PPMd + -9237.05780808393 * x_8 * PPMd + -1154.06217578728 * PPMd + 14611.624191471 * x_10 * Deflate;41.6095390360963;41.6095390360963;41.6095390360963;41.6095390360963;9.78846;11;14611.624191471 * x_10 * Deflate;2;1.63423564077682;43.3024347755215
8;4134.32226246006 * CompressionMethod + 34339.0876356535 * x_10 + 13028.2605779064 * x_8 + 8255.94674495695 * BZip2 + -28830.2672893334 * x_10 * PPMd + -9116.52356491965 * x_8 * PPMd + -1797.30927544696 * PPMd + 6412.04464734108 * x_10 * Deflate + -19721.8947465987 * x_10 * LZMA2;40.4820911731601;40.4820911731601;40.4820911731601;40.4820911731601;13.643354;13;-19721.8947465987 * x_10 * LZMA2;2;0.563723931468097;44.0836360884734
9;3813.52869434942 * CompressionMethod + 34018.4455639153 * x_10 + 14906.2894874688 * x_8 + 9472.46261363605 * BZip2 + -28509.625217595 * x_10 * PPMd + -10994.5524744815 * x_8 * PPMd + -1476.51570733648 * PPMd + 7053.48028718993 * x_10 * Deflate + -19080.4591067498 * x_10 * LZMA2 + -8483.6141287875 * x_8 * BZip2;38.580352872152;38.580352872152;38.580352872152;38.580352872152;18.461364;15;-8483.6141287875 * x_8 * BZip2;2;0.950869150504037;41.4007068654798
10;3631.54670589835 * CompressionMethod + 33978.7612758109 * x_10 + 14915.1441178197 * x_8 + 9482.43293574498 * BZip2 + -28464.2362652674 * x_10 * PPMd + -10962.2783159983 * x_8 * PPMd + -1484.44383108711 * PPMd + 7151.48416510246 * x_10 * Deflate + -19054.5916280456 * x_10 * LZMA2 + -8456.48573130372 * x_8 * BZip2 + 340.071596268288 * tmOff;38.2646721723398;38.2646721723398;38.2646721723398;38.2646721723398;24.299898;16;340.071596268288 * tmOff;1;0.315680699812226;41.1309594460115
11;3779.7105089842 * CompressionMethod + 32800.6238697724 * x_10 + 14786.5568039386 * x_8 + 11482.240928684 * BZip2 + -27286.7439178655 * x_10 * PPMd + -10838.3416668038 * x_8 * PPMd + -1611.13342407593 * PPMd + 8195.44097462992 * x_10 * Deflate + -18002.477948016 * x_10 * LZMA2 + -10460.4886862151 * x_8 * BZip2 + 301.617778187416 * tmOff + -9110.81704632892 * BZip2 * x_0;38.057480785374;38.057480785374;38.057480785374;38.057480785374;31.822167;18;-9110.81704632892 * BZip2 * x_0;2;0.103595693482877;41.5360306035891
Analyze finished
command: clean-sampling
command: clean-global
command: script ./learn_grammarBased_t3.a
command: log ./out_grammarBased_t3Predictions.log
