Current machine learning settings: epsilon:0 lossFunction:RELATIVE parallelization:True bagging:False baggingNumbers:3 considerEpsilonTube:False baggingTestDataFraction:50 useBackward:False abortError:1 limitFeatureSize:False featureSizeTreshold:4 quadraticFunctionSupport:True crossValidation:False crossValidation-k:5 learn-logFunction:False learn-accumulatedLogFunction:False learn-asymFunction:False learn-ratioFunction:False learn-mirrowedFunction:False learn-numeric-disabled:True numberOfRounds:70 backwardErrorDelta:1 minImprovementPerRound:0.1 withHierarchy:False bruteForceCandidates:False ignoreBadFeatures:False stopOnLongRound:True candidateSizePenalty:True learnTimeLimit:00:00:00 scoreMeasure:RELERROR outputRoundsToStdout:False debug:False pythonInfluenceAnalysis:False blacklisted: 
command: solver z3
command: vm /scratch/kallistos/Distance-Based_Data/SupplementaryWebsite/MeasuredPerformanceValues/VP9/FeatureModel.xml
command: all /scratch/kallistos/Distance-Based_Data/SupplementaryWebsite/MeasuredPerformanceValues/VP9/measurements.csv
216001 configurations loaded.
command: binary grammar-based numConfigs:3893 seed:25  confFaultsReport:./out_grammarBasedFailureReport_t3.log
command: printconfigs ./sampledConfigurations_grammarBased_t3FailureReport.csv
Number to sample: 3893; Number of Configurations in Grammar: 216000
Draw a new random number, cause 108089 is already in drawn.
Draw a new random number, cause 137055 is already in drawn.
Draw a new random number, cause 200799 is already in drawn.
Draw a new random number, cause 48041 is already in drawn.
Draw a new random number, cause 202765 is already in drawn.
Draw a new random number, cause 206204 is already in drawn.
Draw a new random number, cause 137082 is already in drawn.
Draw a new random number, cause 205437 is already in drawn.
Draw a new random number, cause 129731 is already in drawn.
Draw a new random number, cause 3421 is already in drawn.
Draw a new random number, cause 187007 is already in drawn.
Draw a new random number, cause 131402 is already in drawn.
Draw a new random number, cause 204447 is already in drawn.
Draw a new random number, cause 22574 is already in drawn.
Draw a new random number, cause 82870 is already in drawn.
Draw a new random number, cause 51489 is already in drawn.
Draw a new random number, cause 103228 is already in drawn.
Draw a new random number, cause 7949 is already in drawn.
Draw a new random number, cause 104099 is already in drawn.
Draw a new random number, cause 66551 is already in drawn.
Draw a new random number, cause 135218 is already in drawn.
Draw a new random number, cause 43238 is already in drawn.
Draw a new random number, cause 145978 is already in drawn.
Draw a new random number, cause 86895 is already in drawn.
Draw a new random number, cause 20800 is already in drawn.
Draw a new random number, cause 67910 is already in drawn.
Draw a new random number, cause 20104 is already in drawn.
Draw a new random number, cause 52264 is already in drawn.
Draw a new random number, cause 78163 is already in drawn.
Draw a new random number, cause 76346 is already in drawn.
Draw a new random number, cause 192673 is already in drawn.
Draw a new random number, cause 34505 is already in drawn.
Draw a new random number, cause 152553 is already in drawn.
Draw a new random number, cause 211684 is already in drawn.
Draw a new random number, cause 199168 is already in drawn.
Draw a new random number, cause 92945 is already in drawn.
Draw a new random number, cause 177804 is already in drawn.
Draw a new random number, cause 40249 is already in drawn.
Draw a new random number, cause 58414 is already in drawn.
Draw a new random number, cause 120700 is already in drawn.
Draw a new random number, cause 100427 is already in drawn.
Draw a new random number, cause 63593 is already in drawn.
0 drawn configurations were invalid
command: clean-sampling
command: clean-global
