Current machine learning settings: epsilon:0 lossFunction:RELATIVE parallelization:True bagging:False baggingNumbers:3 considerEpsilonTube:False baggingTestDataFraction:50 useBackward:False abortError:1 limitFeatureSize:False featureSizeTreshold:4 quadraticFunctionSupport:True crossValidation:False crossValidation-k:5 learn-logFunction:False learn-accumulatedLogFunction:False learn-asymFunction:False learn-ratioFunction:False learn-mirrowedFunction:False learn-numeric-disabled:True numberOfRounds:70 backwardErrorDelta:1 minImprovementPerRound:0.1 withHierarchy:False bruteForceCandidates:False ignoreBadFeatures:False stopOnLongRound:True candidateSizePenalty:True learnTimeLimit:00:00:00 scoreMeasure:RELERROR outputRoundsToStdout:False debug:False pythonInfluenceAnalysis:False blacklisted: 
command: mlsettings bagging:False stopOnLongRound:False parallelization:True lossFunction:RELATIVE useBackward:False abortError:1 limitFeatureSize:False featureSizeTreshold:7 quadraticFunctionSupport:True crossValidation:False learn_logFunction:True numberOfRounds:70 backwardErrorDelta:1 minImprovementPerRound:0.25 withHierarchy:False
Current machine learning settings: epsilon:0 lossFunction:RELATIVE parallelization:True bagging:False baggingNumbers:3 considerEpsilonTube:False baggingTestDataFraction:50 useBackward:False abortError:1 limitFeatureSize:False featureSizeTreshold:7 quadraticFunctionSupport:True crossValidation:False crossValidation-k:5 learn-logFunction:True learn-accumulatedLogFunction:False learn-asymFunction:False learn-ratioFunction:False learn-mirrowedFunction:False learn-numeric-disabled:True numberOfRounds:70 backwardErrorDelta:1 minImprovementPerRound:0.25 withHierarchy:False bruteForceCandidates:False ignoreBadFeatures:False stopOnLongRound:False candidateSizePenalty:True learnTimeLimit:00:00:00 scoreMeasure:RELERROR outputRoundsToStdout:False debug:False pythonInfluenceAnalysis:False blacklisted: 
command: solver z3
command: vm /scratch/kallistos/Distance-Based_Data/SupplementaryWebsite/MeasuredPerformanceValues/7z/FeatureModel.xml
command: all /scratch/kallistos/Distance-Based_Data/SupplementaryWebsite/MeasuredPerformanceValues/7z/measurements.xml
Configs with too large deviation: 0
68640 configurations loaded.
command: nfp Performance
command: setsampleset /scratch/kallistos/Distance-Based_Data/Results/7z/7z_10/sampledConfigurations_divDistBased_t3.csv
command: learn-splconqueror
Learning: NumberOfConfigurationsLearning:4091 NumberOfConfigurationsValidation:4091
Learning progress:
1;7905.65638233517 * CompressionMethod + 9903.73215269674 * x_8;118.598428076717;118.598428076717;118.598428076717;118.598428076717;1.537164;2;9903.73215269674 * x_8;1;43.4769995111414;
2;4757.21146953413 * CompressionMethod + 13052.1770654976 * x_8 + 20172.0133366672 * x_10;65.253360883319;65.253360883319;65.253360883319;65.253360883319;4.422178;3;20172.0133366672 * x_10;1;53.345067193398;
3;3599.79102869253 * CompressionMethod + 12093.7732385185 * x_8 + 20380.4527117126 * x_10 + 6617.21932366334 * BZip2;49.164903095781;49.164903095781;49.164903095781;49.164903095781;9.222204;4;6617.21932366334 * BZip2;1;16.088457787538;
4;3006.1829327043 * CompressionMethod + 12316.2395065898 * x_8 + 20375.0524905151 * x_10 + 7142.63625493135 * BZip2 + 2214.81507175404 * LZMA2;45.8612082769288;45.8612082769288;45.8612082769288;45.8612082769288;16.81258;5;2214.81507175404 * LZMA2;1;3.30369481885218;
5;2823.36927161059 * CompressionMethod + 12739.6368463536 * x_8 + 21164.5822593618 * x_10 + 7122.86942995466 * BZip2 + -339.305965560398 * LZMA2 + 14716.5573836048 * LZMA2 * x_6;39.4345222155684;39.4345222155684;39.4345222155684;39.4345222155684;27.806401;7;14716.5573836048 * LZMA2 * x_6;2;3.21334303068019;
6;2089.15093730915 * CompressionMethod + 12582.1163678513 * x_8 + 20969.3366159682 * x_10 + 7923.49098407827 * BZip2 + 446.54444355184 * LZMA2 + 14664.9253087955 * LZMA2 * x_6 + 2269.11655646048 * LZMA;36.5919050160402;36.5919050160402;36.5919050160402;36.5919050160402;42.385417;8;2269.11655646048 * LZMA;1;2.84261719952824;
7;2714.74920273064 * CompressionMethod + 13181.0233936587 * x_8 + 14414.3094843307 * x_10 + 3693.27938751588 * BZip2 + 931.947652728983 * LZMA2 + 13553.9238341954 * LZMA2 * x_6 + 2605.51361318662 * LZMA + 44125.6348983955 * x_10 * BZip2;29.6525084038792;29.6525084038792;29.6525084038792;29.6525084038792;61.919321;10;44125.6348983955 * x_10 * BZip2;2;3.46969830608048;
8;2568.28212333649 * CompressionMethod + 13669.8430519613 * x_8 + 15000.1061576909 * x_10 + 3673.71976293946 * BZip2 + 921.788873756354 * LZMA2 + 13710.5496925622 * LZMA2 * x_6 + 1256.25270760464 * LZMA + 43705.8649290086 * x_10 * BZip2 + 13709.590169062 * LZMA * x_6;22.2772178911023;22.2772178911023;22.2772178911023;22.2772178911023;86.35409;12;13709.590169062 * LZMA * x_6;2;3.68764525638846;
9;2106.50308313842 * CompressionMethod + 13947.7609684073 * x_8 + 15242.2897111701 * x_10 + 3867.67627774137 * BZip2 + 1310.79774727572 * LZMA2 + 10997.1579192421 * LZMA2 * x_6 + 1603.12069753846 * LZMA + 43731.5039009222 * x_10 * BZip2 + 11038.3392793247 * LZMA * x_6 + 2786.16193999856 * x_6;20.9117730002154;20.9117730002154;20.9117730002154;20.9117730002154;116.503225;13;2786.16193999856 * x_6;1;1.3654448908869;
10;2042.30148193452 * CompressionMethod + 13925.7466834444 * x_8 + 15268.4158385382 * x_10 + 4069.13686642406 * BZip2 + 1372.64639837426 * LZMA2 + 13084.484917645 * LZMA2 * x_6 + 1668.04254370271 * LZMA + 43568.1187860756 * x_10 * BZip2 + 13122.5930826625 * LZMA * x_6 + 701.18789170188 * x_6 + 5688.61062636349 * x_6 * Deflate;17.2434617755716;17.2434617755716;17.2434617755716;17.2434617755716;153.756351;15;5688.61062636349 * x_6 * Deflate;2;1.83415561232191;
11;2529.344077872 * CompressionMethod + 15420.8832400038 * x_8 + 15235.4302559863 * x_10 + 3087.96671532607 * BZip2 + 733.437002141965 * LZMA2 + 13456.6302490813 * LZMA2 * x_6 + 809.933078134528 * LZMA + 44095.2319237897 * x_10 * BZip2 + 13713.6384834331 * LZMA * x_6 + 481.20936055986 * x_6 + 5421.54656156924 * x_6 * Deflate + -11074.5707522186 * x_8 * PPMd;16.1732269246441;16.1732269246441;16.1732269246441;16.1732269246441;198.623263;17;-11074.5707522186 * x_8 * PPMd;2;0.535117425463742;
12;2213.06663781908 * CompressionMethod + 14449.9661855561 * x_8 + 15256.8505500124 * x_10 + 3725.12245125983 * BZip2 + 1148.52905607025 * LZMA2 + 13214.9652002001 * LZMA2 * x_6 + 1367.17523173437 * LZMA + 43752.9333338829 * x_10 * BZip2 + 13329.8233348809 * LZMA * x_6 + 624.05979556567 * x_6 + 5594.97356661501 * x_6 * Deflate + -9787.37625771819 * x_8 * PPMd + 3479.40765281583 * x_8 * Deflate;13.8633558010717;13.8633558010717;13.8633558010717;13.8633558010717;252.331857;19;3479.40765281583 * x_8 * Deflate;2;1.15493556178623;
13;2208.05657694649 * CompressionMethod + 13840.4278314038 * x_8 + 15328.9792971501 * x_10 + 3940.49830745228 * BZip2 + 1205.0619573952 * LZMA2 + 13217.0553129867 * LZMA2 * x_6 + 1111.48660732281 * LZMA + 43470.4387914244 * x_10 * BZip2 + 13644.1349734049 * LZMA * x_6 + 570.4468423266 * x_6 + 5653.59658072659 * x_6 * Deflate + -9172.82784269413 * x_8 * PPMd + 4093.95606784054 * x_8 * Deflate + 1590.0802663782 * x_8 * LZMA;13.0630186041024;13.0630186041024;13.0630186041024;13.0630186041024;316.236006;21;1590.0802663782 * x_8 * LZMA;2;0.400168598484639;
14;2162.6930022544 * CompressionMethod + 13801.1507955299 * x_8 + 16201.4072814873 * x_10 + 3997.34162540716 * BZip2 + 1386.60701858655 * LZMA2 + 13050.9823975105 * LZMA2 * x_6 + 1089.91781687961 * LZMA + 43567.9068903607 * x_10 * BZip2 + 13681.175909563 * LZMA * x_6 + 600.33827130282 * x_6 + 5669.06872644303 * x_6 * Deflate + -9088.18723212701 * x_8 * PPMd + 4178.59667840614 * x_8 * Deflate + 1696.28966738763 * x_8 * LZMA + -2689.69670975746 * x_10 * mtOff;12.7384777183194;12.7384777183194;12.7384777183194;12.7384777183194;390.92116;23;-2689.69670975746 * x_10 * mtOff;2;0.162270442891473;
Elapsed=00:06:30.9972446
average model: 
command: analyze-learning
Round, Model, LearningError, LearningErrorRel, ValidationError, ValidationErrorRel, ElapsedSeconds, ModelComplexity, BestCandidate, BestCandidateSize, BestCandidateScore, TestError
Models:
Termination reason: minImprovementPerRound
1;7905.65638233517 * CompressionMethod + 9903.73215269674 * x_8;118.598428076717;118.598428076717;118.598428076717;118.598428076717;1.537164;2;9903.73215269674 * x_8;1;43.4769995111414;113.982263420478
2;4757.21146953413 * CompressionMethod + 13052.1770654976 * x_8 + 20172.0133366672 * x_10;65.253360883319;65.253360883319;65.253360883319;65.253360883319;4.422178;3;20172.0133366672 * x_10;1;53.345067193398;67.9204266885547
3;3599.79102869253 * CompressionMethod + 12093.7732385185 * x_8 + 20380.4527117126 * x_10 + 6617.21932366334 * BZip2;49.164903095781;49.164903095781;49.164903095781;49.164903095781;9.222204;4;6617.21932366334 * BZip2;1;16.088457787538;52.123006077648
4;3006.1829327043 * CompressionMethod + 12316.2395065898 * x_8 + 20375.0524905151 * x_10 + 7142.63625493135 * BZip2 + 2214.81507175404 * LZMA2;45.8612082769288;45.8612082769288;45.8612082769288;45.8612082769288;16.81258;5;2214.81507175404 * LZMA2;1;3.30369481885218;49.1312103758534
5;2823.36927161059 * CompressionMethod + 12739.6368463536 * x_8 + 21164.5822593618 * x_10 + 7122.86942995466 * BZip2 + -339.305965560398 * LZMA2 + 14716.5573836048 * LZMA2 * x_6;39.4345222155684;39.4345222155684;39.4345222155684;39.4345222155684;27.806401;7;14716.5573836048 * LZMA2 * x_6;2;3.21334303068019;43.3586566799976
6;2089.15093730915 * CompressionMethod + 12582.1163678513 * x_8 + 20969.3366159682 * x_10 + 7923.49098407827 * BZip2 + 446.54444355184 * LZMA2 + 14664.9253087955 * LZMA2 * x_6 + 2269.11655646048 * LZMA;36.5919050160402;36.5919050160402;36.5919050160402;36.5919050160402;42.385417;8;2269.11655646048 * LZMA;1;2.84261719952824;40.5000143564786
7;2714.74920273064 * CompressionMethod + 13181.0233936587 * x_8 + 14414.3094843307 * x_10 + 3693.27938751588 * BZip2 + 931.947652728983 * LZMA2 + 13553.9238341954 * LZMA2 * x_6 + 2605.51361318662 * LZMA + 44125.6348983955 * x_10 * BZip2;29.6525084038792;29.6525084038792;29.6525084038792;29.6525084038792;61.919321;10;44125.6348983955 * x_10 * BZip2;2;3.46969830608048;33.3731342085798
8;2568.28212333649 * CompressionMethod + 13669.8430519613 * x_8 + 15000.1061576909 * x_10 + 3673.71976293946 * BZip2 + 921.788873756354 * LZMA2 + 13710.5496925622 * LZMA2 * x_6 + 1256.25270760464 * LZMA + 43705.8649290086 * x_10 * BZip2 + 13709.590169062 * LZMA * x_6;22.2772178911023;22.2772178911023;22.2772178911023;22.2772178911023;86.35409;12;13709.590169062 * LZMA * x_6;2;3.68764525638846;25.7307953150645
9;2106.50308313842 * CompressionMethod + 13947.7609684073 * x_8 + 15242.2897111701 * x_10 + 3867.67627774137 * BZip2 + 1310.79774727572 * LZMA2 + 10997.1579192421 * LZMA2 * x_6 + 1603.12069753846 * LZMA + 43731.5039009222 * x_10 * BZip2 + 11038.3392793247 * LZMA * x_6 + 2786.16193999856 * x_6;20.9117730002154;20.9117730002154;20.9117730002154;20.9117730002154;116.503225;13;2786.16193999856 * x_6;1;1.3654448908869;24.5840951982051
10;2042.30148193452 * CompressionMethod + 13925.7466834444 * x_8 + 15268.4158385382 * x_10 + 4069.13686642406 * BZip2 + 1372.64639837426 * LZMA2 + 13084.484917645 * LZMA2 * x_6 + 1668.04254370271 * LZMA + 43568.1187860756 * x_10 * BZip2 + 13122.5930826625 * LZMA * x_6 + 701.18789170188 * x_6 + 5688.61062636349 * x_6 * Deflate;17.2434617755716;17.2434617755716;17.2434617755716;17.2434617755716;153.756351;15;5688.61062636349 * x_6 * Deflate;2;1.83415561232191;20.4808886755746
11;2529.344077872 * CompressionMethod + 15420.8832400038 * x_8 + 15235.4302559863 * x_10 + 3087.96671532607 * BZip2 + 733.437002141965 * LZMA2 + 13456.6302490813 * LZMA2 * x_6 + 809.933078134528 * LZMA + 44095.2319237897 * x_10 * BZip2 + 13713.6384834331 * LZMA * x_6 + 481.20936055986 * x_6 + 5421.54656156924 * x_6 * Deflate + -11074.5707522186 * x_8 * PPMd;16.1732269246441;16.1732269246441;16.1732269246441;16.1732269246441;198.623263;17;-11074.5707522186 * x_8 * PPMd;2;0.535117425463742;18.1401972962793
12;2213.06663781908 * CompressionMethod + 14449.9661855561 * x_8 + 15256.8505500124 * x_10 + 3725.12245125983 * BZip2 + 1148.52905607025 * LZMA2 + 13214.9652002001 * LZMA2 * x_6 + 1367.17523173437 * LZMA + 43752.9333338829 * x_10 * BZip2 + 13329.8233348809 * LZMA * x_6 + 624.05979556567 * x_6 + 5594.97356661501 * x_6 * Deflate + -9787.37625771819 * x_8 * PPMd + 3479.40765281583 * x_8 * Deflate;13.8633558010717;13.8633558010717;13.8633558010717;13.8633558010717;252.331857;19;3479.40765281583 * x_8 * Deflate;2;1.15493556178623;15.8797865742129
13;2208.05657694649 * CompressionMethod + 13840.4278314038 * x_8 + 15328.9792971501 * x_10 + 3940.49830745228 * BZip2 + 1205.0619573952 * LZMA2 + 13217.0553129867 * LZMA2 * x_6 + 1111.48660732281 * LZMA + 43470.4387914244 * x_10 * BZip2 + 13644.1349734049 * LZMA * x_6 + 570.4468423266 * x_6 + 5653.59658072659 * x_6 * Deflate + -9172.82784269413 * x_8 * PPMd + 4093.95606784054 * x_8 * Deflate + 1590.0802663782 * x_8 * LZMA;13.0630186041024;13.0630186041024;13.0630186041024;13.0630186041024;316.236006;21;1590.0802663782 * x_8 * LZMA;2;0.400168598484639;15.284735849611
14;2162.6930022544 * CompressionMethod + 13801.1507955299 * x_8 + 16201.4072814873 * x_10 + 3997.34162540716 * BZip2 + 1386.60701858655 * LZMA2 + 13050.9823975105 * LZMA2 * x_6 + 1089.91781687961 * LZMA + 43567.9068903607 * x_10 * BZip2 + 13681.175909563 * LZMA * x_6 + 600.33827130282 * x_6 + 5669.06872644303 * x_6 * Deflate + -9088.18723212701 * x_8 * PPMd + 4178.59667840614 * x_8 * Deflate + 1696.28966738763 * x_8 * LZMA + -2689.69670975746 * x_10 * mtOff;12.7384777183194;12.7384777183194;12.7384777183194;12.7384777183194;390.92116;23;-2689.69670975746 * x_10 * mtOff;2;0.162270442891473;14.8239487332455
Analyze finished
command: clean-sampling
command: clean-global
