Current machine learning settings: epsilon:0 lossFunction:RELATIVE parallelization:True bagging:False baggingNumbers:3 considerEpsilonTube:False baggingTestDataFraction:50 useBackward:False abortError:1 limitFeatureSize:False featureSizeTreshold:4 quadraticFunctionSupport:True crossValidation:False crossValidation-k:5 learn-logFunction:False learn-accumulatedLogFunction:False learn-asymFunction:False learn-ratioFunction:False learn-mirrowedFunction:False learn-numeric-disabled:True numberOfRounds:70 backwardErrorDelta:1 minImprovementPerRound:0.1 withHierarchy:False bruteForceCandidates:False ignoreBadFeatures:False stopOnLongRound:True candidateSizePenalty:True learnTimeLimit:00:00:00 scoreMeasure:RELERROR outputRoundsToStdout:False debug:False pythonInfluenceAnalysis:False blacklisted: 
command: mlsettings bagging:False stopOnLongRound:False parallelization:True lossFunction:RELATIVE useBackward:False abortError:1 limitFeatureSize:False featureSizeTreshold:7 quadraticFunctionSupport:True crossValidation:False learn_logFunction:True numberOfRounds:70 backwardErrorDelta:1 minImprovementPerRound:0.25 withHierarchy:False
Current machine learning settings: epsilon:0 lossFunction:RELATIVE parallelization:True bagging:False baggingNumbers:3 considerEpsilonTube:False baggingTestDataFraction:50 useBackward:False abortError:1 limitFeatureSize:False featureSizeTreshold:7 quadraticFunctionSupport:True crossValidation:False crossValidation-k:5 learn-logFunction:True learn-accumulatedLogFunction:False learn-asymFunction:False learn-ratioFunction:False learn-mirrowedFunction:False learn-numeric-disabled:True numberOfRounds:70 backwardErrorDelta:1 minImprovementPerRound:0.25 withHierarchy:False bruteForceCandidates:False ignoreBadFeatures:False stopOnLongRound:False candidateSizePenalty:True learnTimeLimit:00:00:00 scoreMeasure:RELERROR outputRoundsToStdout:False debug:False pythonInfluenceAnalysis:False blacklisted: 
command: solver z3
command: vm /scratch/kallistos/Distance-Based_Data/SupplementaryWebsite/MeasuredPerformanceValues/Dune/FeatureModel.xml
Warning: Variability model contains outdated notation. Children nodes will no longer have effect on the model. Instead use the parent node to describe the parent of an configuration option. You can also use the converter providedby the Variability Model GUI in export>convert legacy model.
command: all /scratch/kallistos/Distance-Based_Data/SupplementaryWebsite/MeasuredPerformanceValues/Dune/measurements.xml
Configs with too large deviation: 0
2304 configurations loaded.
command: nfp Performance
command: setsampleset /scratch/kallistos/Distance-Based_Data/Results/Dune/Dune_75/sampledConfigurations_divDistBased_t3.csv
command: learn-splconqueror
Learning: NumberOfConfigurationsLearning:1071 NumberOfConfigurationsValidation:1071
Learning progress:
1;10317.6267041926 * Precon + 5636.80388237319 * post_0;16.9366110936872;16.9366110936872;16.9366110936872;16.9366110936872;0.15408;2;5636.80388237319 * post_0;1;3.51862447631182;
2;9999.74632127872 * Precon + 5668.93357909374 * post_0 + 1598.08717093307 * cells_55;15.4938446237333;15.4938446237333;15.4938446237333;15.4938446237333;0.497137;3;1598.08717093307 * cells_55;1;1.4427664699539;
3;9616.44723982069 * Precon + 5607.69427832458 * post_0 + 1989.25987677569 * cells_55 + 1767.6135205797 * cells_54;14.5832946089124;14.5832946089124;14.5832946089124;14.5832946089124;1.103844;4;1767.6135205797 * cells_54;1;0.910550014820936;
4;9898.70007928756 * Precon + 5327.23249783646 * post_0 + 1994.18319865803 * cells_55 + 1755.00790818563 * cells_54 + -1701.11373581128 * post_6;13.962557975815;13.962557975815;13.962557975815;13.962557975815;2.047485;5;-1701.11373581128 * post_6;1;0.620736633097376;
5;9506.44695490323 * Precon + 5348.67331366428 * post_0 + 2376.21625100172 * cells_55 + 2137.05125097386 * cells_54 + -1650.55524867652 * post_6 + 1454.45126997948 * cells_53;13.4248609783157;13.4248609783157;13.4248609783157;13.4248609783157;3.39541;6;1454.45126997948 * cells_53;1;0.537696997499278;
6;9028.83490446727 * Precon + 5347.45161036197 * post_0 + 2262.63989237154 * cells_55 + 2106.15096683628 * cells_54 + -1630.06213546418 * post_6 + 1485.67234398208 * cells_53 + 840.457587642671 * SeqSOR;13.0543791224136;13.0543791224136;13.0543791224136;13.0543791224136;5.254619;7;840.457587642671 * SeqSOR;1;0.370481855902124;
7;8338.78634391138 * Precon + 6025.54882964906 * post_0 + 2289.02027781376 * cells_55 + 2140.06719349851 * cells_54 + -951.09278410346 * post_6 + 1476.33606830424 * cells_53 + 842.922001109819 * SeqSOR + 3321.71243937551 * post_1;12.3739839379767;12.3739839379767;12.3739839379767;12.3739839379767;7.953861;8;3321.71243937551 * post_1;1;0.680395184436927;
8;8348.14447625524 * Precon + 6026.38930797225 * post_0 + 2349.04264881788 * cells_55 + 2114.09711906393 * cells_54 + -954.207476339787 * post_6 + 1402.18289442547 * cells_53 + 835.988347257428 * SeqSOR + 1750.97783069815 * post_1 + 11215.0807393824 * post_1 * pre_0;11.4171068824692;11.4171068824692;11.4171068824692;11.4171068824692;11.293791;10;11215.0807393824 * post_1 * pre_0;2;0.478438527753756;
9;8814.24018883363 * Precon + 6092.50288115408 * post_0 + 2167.78565482076 * cells_55 + 1933.82944615273 * cells_54 + -975.12519126192 * post_6 + 1350.09115432178 * cells_53 + 946.532315653989 * SeqSOR + 1711.88038873345 * post_1 + 11104.8996659817 * post_1 * pre_0 + -1376.34991073716 * GradientSolver;10.9007927217115;10.9007927217115;10.9007927217115;10.9007927217115;15.379436;11;-1376.34991073716 * GradientSolver;1;0.516314160757704;
10;8751.14835627169 * Precon + 4041.61946625554 * post_0 + 2301.15783666074 * cells_55 + 1994.30029051881 * cells_54 + -971.323509383153 * post_6 + 1452.26364479577 * cells_53 + 953.10953499498 * SeqSOR + 1713.03879292439 * post_1 + 11107.475757458 * post_1 * pre_0 + -1362.85087375738 * GradientSolver + 12915.1160128208 * post_0 * pre_1;10.17509674145;10.17509674145;10.17509674145;10.17509674145;20.530128;13;12915.1160128208 * post_0 * pre_1;2;0.362847990130714;
11;8698.03487134937 * Precon + 4189.51117621369 * post_0 + 2323.98270147324 * cells_55 + 1997.15244209943 * cells_54 + -838.528610506564 * post_6 + 1462.04952266 * cells_53 + 931.418992278099 * SeqSOR + 1843.22929687207 * post_1 + 11090.4330878872 * post_1 * pre_0 + -1596.36911831011 * GradientSolver + 12915.8894049965 * post_0 * pre_1 + 1737.66635542537 * GradientSolver * post_2;9.50957017888604;9.50957017888604;9.50957017888604;9.50957017888604;26.652226;15;1737.66635542537 * GradientSolver * post_2;2;0.332763281282002;
12;8620.10216654764 * Precon + 4368.59035367332 * post_0 + 2318.62052002621 * cells_55 + 1993.95269621863 * cells_54 + -676.538698046705 * post_6 + 1497.73410712526 * cells_53 + 937.26968840707 * SeqSOR + 2000.45354036447 * post_1 + 11066.1753335972 * post_1 * pre_0 + -1883.63705850067 * GradientSolver + 12915.9318171828 * post_0 * pre_1 + 2093.91222887054 * GradientSolver * post_2 + 1579.32288949652 * GradientSolver * post_3;9.0415080978912;9.0415080978912;9.0415080978912;9.0415080978912;33.982687;17;1579.32288949652 * GradientSolver * post_3;2;0.234031040497421;
Elapsed=00:00:33.9994697
average model: 
command: analyze-learning
Round, Model, LearningError, LearningErrorRel, ValidationError, ValidationErrorRel, ElapsedSeconds, ModelComplexity, BestCandidate, BestCandidateSize, BestCandidateScore, TestError
Models:
Termination reason: minImprovementPerRound
1;10317.6267041926 * Precon + 5636.80388237319 * post_0;16.9366110936872;16.9366110936872;16.9366110936872;16.9366110936872;0.15408;2;5636.80388237319 * post_0;1;3.51862447631182;17.4079519358873
2;9999.74632127872 * Precon + 5668.93357909374 * post_0 + 1598.08717093307 * cells_55;15.4938446237333;15.4938446237333;15.4938446237333;15.4938446237333;0.497137;3;1598.08717093307 * cells_55;1;1.4427664699539;16.2603934854097
3;9616.44723982069 * Precon + 5607.69427832458 * post_0 + 1989.25987677569 * cells_55 + 1767.6135205797 * cells_54;14.5832946089124;14.5832946089124;14.5832946089124;14.5832946089124;1.103844;4;1767.6135205797 * cells_54;1;0.910550014820936;15.4555149221494
4;9898.70007928756 * Precon + 5327.23249783646 * post_0 + 1994.18319865803 * cells_55 + 1755.00790818563 * cells_54 + -1701.11373581128 * post_6;13.962557975815;13.962557975815;13.962557975815;13.962557975815;2.047485;5;-1701.11373581128 * post_6;1;0.620736633097376;15.0142996521357
5;9506.44695490323 * Precon + 5348.67331366428 * post_0 + 2376.21625100172 * cells_55 + 2137.05125097386 * cells_54 + -1650.55524867652 * post_6 + 1454.45126997948 * cells_53;13.4248609783157;13.4248609783157;13.4248609783157;13.4248609783157;3.39541;6;1454.45126997948 * cells_53;1;0.537696997499278;14.2193146808787
6;9028.83490446727 * Precon + 5347.45161036197 * post_0 + 2262.63989237154 * cells_55 + 2106.15096683628 * cells_54 + -1630.06213546418 * post_6 + 1485.67234398208 * cells_53 + 840.457587642671 * SeqSOR;13.0543791224136;13.0543791224136;13.0543791224136;13.0543791224136;5.254619;7;840.457587642671 * SeqSOR;1;0.370481855902124;13.3254962433176
7;8338.78634391138 * Precon + 6025.54882964906 * post_0 + 2289.02027781376 * cells_55 + 2140.06719349851 * cells_54 + -951.09278410346 * post_6 + 1476.33606830424 * cells_53 + 842.922001109819 * SeqSOR + 3321.71243937551 * post_1;12.3739839379767;12.3739839379767;12.3739839379767;12.3739839379767;7.953861;8;3321.71243937551 * post_1;1;0.680395184436927;13.0419528857444
8;8348.14447625524 * Precon + 6026.38930797225 * post_0 + 2349.04264881788 * cells_55 + 2114.09711906393 * cells_54 + -954.207476339787 * post_6 + 1402.18289442547 * cells_53 + 835.988347257428 * SeqSOR + 1750.97783069815 * post_1 + 11215.0807393824 * post_1 * pre_0;11.4171068824692;11.4171068824692;11.4171068824692;11.4171068824692;11.293791;10;11215.0807393824 * post_1 * pre_0;2;0.478438527753756;12.001967421946
9;8814.24018883363 * Precon + 6092.50288115408 * post_0 + 2167.78565482076 * cells_55 + 1933.82944615273 * cells_54 + -975.12519126192 * post_6 + 1350.09115432178 * cells_53 + 946.532315653989 * SeqSOR + 1711.88038873345 * post_1 + 11104.8996659817 * post_1 * pre_0 + -1376.34991073716 * GradientSolver;10.9007927217115;10.9007927217115;10.9007927217115;10.9007927217115;15.379436;11;-1376.34991073716 * GradientSolver;1;0.516314160757704;11.8337187682561
10;8751.14835627169 * Precon + 4041.61946625554 * post_0 + 2301.15783666074 * cells_55 + 1994.30029051881 * cells_54 + -971.323509383153 * post_6 + 1452.26364479577 * cells_53 + 953.10953499498 * SeqSOR + 1713.03879292439 * post_1 + 11107.475757458 * post_1 * pre_0 + -1362.85087375738 * GradientSolver + 12915.1160128208 * post_0 * pre_1;10.17509674145;10.17509674145;10.17509674145;10.17509674145;20.530128;13;12915.1160128208 * post_0 * pre_1;2;0.362847990130714;11.1475225340941
11;8698.03487134937 * Precon + 4189.51117621369 * post_0 + 2323.98270147324 * cells_55 + 1997.15244209943 * cells_54 + -838.528610506564 * post_6 + 1462.04952266 * cells_53 + 931.418992278099 * SeqSOR + 1843.22929687207 * post_1 + 11090.4330878872 * post_1 * pre_0 + -1596.36911831011 * GradientSolver + 12915.8894049965 * post_0 * pre_1 + 1737.66635542537 * GradientSolver * post_2;9.50957017888604;9.50957017888604;9.50957017888604;9.50957017888604;26.652226;15;1737.66635542537 * GradientSolver * post_2;2;0.332763281282002;10.6687708323438
12;8620.10216654764 * Precon + 4368.59035367332 * post_0 + 2318.62052002621 * cells_55 + 1993.95269621863 * cells_54 + -676.538698046705 * post_6 + 1497.73410712526 * cells_53 + 937.26968840707 * SeqSOR + 2000.45354036447 * post_1 + 11066.1753335972 * post_1 * pre_0 + -1883.63705850067 * GradientSolver + 12915.9318171828 * post_0 * pre_1 + 2093.91222887054 * GradientSolver * post_2 + 1579.32288949652 * GradientSolver * post_3;9.0415080978912;9.0415080978912;9.0415080978912;9.0415080978912;33.982687;17;1579.32288949652 * GradientSolver * post_3;2;0.234031040497421;10.3939459518381
Analyze finished
command: clean-sampling
command: clean-global
