Current machine learning settings: epsilon:0 lossFunction:RELATIVE parallelization:True bagging:False baggingNumbers:3 considerEpsilonTube:False baggingTestDataFraction:50 useBackward:False abortError:1 limitFeatureSize:False featureSizeTreshold:4 quadraticFunctionSupport:True crossValidation:False crossValidation-k:5 learn-logFunction:False learn-accumulatedLogFunction:False learn-asymFunction:False learn-ratioFunction:False learn-mirrowedFunction:False learn-numeric-disabled:True numberOfRounds:70 backwardErrorDelta:1 minImprovementPerRound:0.1 withHierarchy:False bruteForceCandidates:False ignoreBadFeatures:False stopOnLongRound:True candidateSizePenalty:True learnTimeLimit:00:00:00 scoreMeasure:RELERROR outputRoundsToStdout:False debug:False pythonInfluenceAnalysis:False blacklisted: 
command: mlsettings bagging:False stopOnLongRound:False parallelization:True lossFunction:RELATIVE useBackward:False abortError:1 limitFeatureSize:False featureSizeTreshold:7 quadraticFunctionSupport:True crossValidation:False learn_logFunction:True numberOfRounds:70 backwardErrorDelta:1 minImprovementPerRound:0.25 withHierarchy:False
Current machine learning settings: epsilon:0 lossFunction:RELATIVE parallelization:True bagging:False baggingNumbers:3 considerEpsilonTube:False baggingTestDataFraction:50 useBackward:False abortError:1 limitFeatureSize:False featureSizeTreshold:7 quadraticFunctionSupport:True crossValidation:False crossValidation-k:5 learn-logFunction:True learn-accumulatedLogFunction:False learn-asymFunction:False learn-ratioFunction:False learn-mirrowedFunction:False learn-numeric-disabled:True numberOfRounds:70 backwardErrorDelta:1 minImprovementPerRound:0.25 withHierarchy:False bruteForceCandidates:False ignoreBadFeatures:False stopOnLongRound:False candidateSizePenalty:True learnTimeLimit:00:00:00 scoreMeasure:RELERROR outputRoundsToStdout:False debug:False pythonInfluenceAnalysis:False blacklisted: 
command: solver z3
command: vm /scratch/kallistos/Distance-Based_Data/SupplementaryWebsite/MeasuredPerformanceValues/Polly/FeatureModel.xml
command: all /scratch/kallistos/Distance-Based_Data/SupplementaryWebsite/MeasuredPerformanceValues/Polly/measurements.xml
Configs with too large deviation: 0
60000 configurations loaded.
command: nfp Performance
command: setsampleset /scratch/kallistos/Distance-Based_Data/Results/Polly/Polly_96/sampledConfigurations_divDistBased_t3.csv
command: learn-splconqueror
Learning: NumberOfConfigurationsLearning:2172 NumberOfConfigurationsValidation:2172
Learning progress:
1;29.6321999443052 * polly_vectorizer + -5.46752985883516 * value_based;25.1447921539308;25.1447921539308;25.1447921539308;25.1447921539308;0.479333;2;-5.46752985883516 * value_based;1;4.18425776840321;
2;29.6321999443052 * polly_vectorizer + -9.59788370498897 * value_based + 9.3871678321679 * value_based * max;19.4590126667548;19.4590126667548;19.4590126667548;19.4590126667548;1.674131;4;9.3871678321679 * value_based * max;2;2.84288974358803;
3;29.6321999443052 * polly_vectorizer + -15.0528195813483 * value_based + 10.8408904772128 * value_based * max + 9.27848906072345 * value_based * polly_no_tiling;13.7180780151491;13.7180780151491;13.7180780151491;13.7180780151491;3.570604;6;9.27848906072345 * value_based * polly_no_tiling;2;2.87046732580281;
4;29.6321999443053 * polly_vectorizer + -19.2954147591202 * value_based + 18.9957148148149 * value_based * max + 16.4948659051579 * value_based * polly_no_tiling + -16.288519058311 * value_based * max * polly_no_tiling;7.64702323922551;7.64702323922551;7.64702323922551;7.64702323922551;6.655695;9;-16.288519058311 * value_based * max * polly_no_tiling;3;2.02368492530788;
5;29.0216711237539 * polly_vectorizer + -19.0717460864992 * value_based + 18.9812471965776 * value_based * max + 16.5936146695534 * value_based * polly_no_tiling + -16.4956544406363 * value_based * max * polly_no_tiling + 1.81340694342403 * parallel;6.24182103243124;6.24182103243124;6.24182103243124;6.24182103243124;10.982512;10;1.81340694342403 * parallel;1;1.40520220679427;
6;29.0558098185641 * polly_vectorizer + -17.9136382096375 * value_based + 18.9753812533066 * value_based * max + 17.0014469553213 * value_based * polly_no_tiling + -17.1947533562824 * value_based * max * polly_no_tiling + 1.71200739581197 * parallel + -2.29033304644122 * value_based * polly;5.18669168887152;5.18669168887152;5.18669168887152;5.18669168887152;16.892084;12;-2.29033304644122 * value_based * polly;2;0.527564671779857;
7;29.0062849065107 * polly_vectorizer + -16.9593123677872 * value_based + 16.9137736041404 * value_based * max + 17.3400311745939 * value_based * polly_no_tiling + -17.2549406947835 * value_based * max * polly_no_tiling + 1.85910744476436 * parallel + -0.0780956522262407 * value_based * polly + -4.04389836425061 * value_based * polly * min;3.86002953122283;3.86002953122283;3.86002953122283;3.86002953122283;24.894649;15;-4.04389836425061 * value_based * polly * min;3;0.442220719216231;
8;28.9854477572298 * polly_vectorizer + -16.852475266626 * value_based + 16.8068170518464 * value_based * max + 17.1372202302008 * value_based * polly_no_tiling + -17.0539745400335 * value_based * max * polly_no_tiling + 1.92099843158618 * parallel + -0.0638109972861324 * value_based * polly + -4.73220622210567 * value_based * polly * min + 3.06621732193046 * value_based * polly * min * pollydefaulttilesize_4;3.57786029844615;3.57786029844615;3.57786029844615;3.57786029844615;35.254262;19;3.06621732193046 * value_based * polly * min * pollydefaulttilesize_4;4;0.07054230819417;
Elapsed=00:00:35.2900013
average model: 
command: analyze-learning
Round, Model, LearningError, LearningErrorRel, ValidationError, ValidationErrorRel, ElapsedSeconds, ModelComplexity, BestCandidate, BestCandidateSize, BestCandidateScore, TestError
Models:
Termination reason: minImprovementPerRound
1;29.6321999443052 * polly_vectorizer + -5.46752985883516 * value_based;25.1447921539308;25.1447921539308;25.1447921539308;25.1447921539308;0.479333;2;-5.46752985883516 * value_based;1;4.18425776840321;28.3506181983758
2;29.6321999443052 * polly_vectorizer + -9.59788370498897 * value_based + 9.3871678321679 * value_based * max;19.4590126667548;19.4590126667548;19.4590126667548;19.4590126667548;1.674131;4;9.3871678321679 * value_based * max;2;2.84288974358803;20.642335935894
3;29.6321999443052 * polly_vectorizer + -15.0528195813483 * value_based + 10.8408904772128 * value_based * max + 9.27848906072345 * value_based * polly_no_tiling;13.7180780151491;13.7180780151491;13.7180780151491;13.7180780151491;3.570604;6;9.27848906072345 * value_based * polly_no_tiling;2;2.87046732580281;15.2872291501902
4;29.6321999443053 * polly_vectorizer + -19.2954147591202 * value_based + 18.9957148148149 * value_based * max + 16.4948659051579 * value_based * polly_no_tiling + -16.288519058311 * value_based * max * polly_no_tiling;7.64702323922551;7.64702323922551;7.64702323922551;7.64702323922551;6.655695;9;-16.288519058311 * value_based * max * polly_no_tiling;3;2.02368492530788;8.15536313404956
5;29.0216711237539 * polly_vectorizer + -19.0717460864992 * value_based + 18.9812471965776 * value_based * max + 16.5936146695534 * value_based * polly_no_tiling + -16.4956544406363 * value_based * max * polly_no_tiling + 1.81340694342403 * parallel;6.24182103243124;6.24182103243124;6.24182103243124;6.24182103243124;10.982512;10;1.81340694342403 * parallel;1;1.40520220679427;6.66958498043842
6;29.0558098185641 * polly_vectorizer + -17.9136382096375 * value_based + 18.9753812533066 * value_based * max + 17.0014469553213 * value_based * polly_no_tiling + -17.1947533562824 * value_based * max * polly_no_tiling + 1.71200739581197 * parallel + -2.29033304644122 * value_based * polly;5.18669168887152;5.18669168887152;5.18669168887152;5.18669168887152;16.892084;12;-2.29033304644122 * value_based * polly;2;0.527564671779857;5.65924906103133
7;29.0062849065107 * polly_vectorizer + -16.9593123677872 * value_based + 16.9137736041404 * value_based * max + 17.3400311745939 * value_based * polly_no_tiling + -17.2549406947835 * value_based * max * polly_no_tiling + 1.85910744476436 * parallel + -0.0780956522262407 * value_based * polly + -4.04389836425061 * value_based * polly * min;3.86002953122283;3.86002953122283;3.86002953122283;3.86002953122283;24.894649;15;-4.04389836425061 * value_based * polly * min;3;0.442220719216231;3.9975717227128
8;28.9854477572298 * polly_vectorizer + -16.852475266626 * value_based + 16.8068170518464 * value_based * max + 17.1372202302008 * value_based * polly_no_tiling + -17.0539745400335 * value_based * max * polly_no_tiling + 1.92099843158618 * parallel + -0.0638109972861324 * value_based * polly + -4.73220622210567 * value_based * polly * min + 3.06621732193046 * value_based * polly * min * pollydefaulttilesize_4;3.57786029844615;3.57786029844615;3.57786029844615;3.57786029844615;35.254262;19;3.06621732193046 * value_based * polly * min * pollydefaulttilesize_4;4;0.07054230819417;3.61717953561476
Analyze finished
command: clean-sampling
command: clean-global
