Current machine learning settings: epsilon:0 lossFunction:RELATIVE parallelization:True bagging:False baggingNumbers:3 considerEpsilonTube:False baggingTestDataFraction:50 useBackward:False abortError:1 limitFeatureSize:False featureSizeTreshold:4 quadraticFunctionSupport:True crossValidation:False crossValidation-k:5 learn-logFunction:False learn-accumulatedLogFunction:False learn-asymFunction:False learn-ratioFunction:False learn-mirrowedFunction:False learn-numeric-disabled:True numberOfRounds:70 backwardErrorDelta:1 minImprovementPerRound:0.1 withHierarchy:False bruteForceCandidates:False ignoreBadFeatures:False stopOnLongRound:True candidateSizePenalty:True learnTimeLimit:00:00:00 scoreMeasure:RELERROR outputRoundsToStdout:False debug:False pythonInfluenceAnalysis:False blacklisted: 
command: mlsettings bagging:False stopOnLongRound:False parallelization:True lossFunction:RELATIVE useBackward:False abortError:1 limitFeatureSize:False featureSizeTreshold:7 quadraticFunctionSupport:True crossValidation:False learn_logFunction:True numberOfRounds:70 backwardErrorDelta:1 minImprovementPerRound:0.25 withHierarchy:False
Current machine learning settings: epsilon:0 lossFunction:RELATIVE parallelization:True bagging:False baggingNumbers:3 considerEpsilonTube:False baggingTestDataFraction:50 useBackward:False abortError:1 limitFeatureSize:False featureSizeTreshold:7 quadraticFunctionSupport:True crossValidation:False crossValidation-k:5 learn-logFunction:True learn-accumulatedLogFunction:False learn-asymFunction:False learn-ratioFunction:False learn-mirrowedFunction:False learn-numeric-disabled:True numberOfRounds:70 backwardErrorDelta:1 minImprovementPerRound:0.25 withHierarchy:False bruteForceCandidates:False ignoreBadFeatures:False stopOnLongRound:False candidateSizePenalty:True learnTimeLimit:00:00:00 scoreMeasure:RELERROR outputRoundsToStdout:False debug:False pythonInfluenceAnalysis:False blacklisted: 
command: solver z3
command: vm /scratch/kallistos/Distance-Based_Data/SupplementaryWebsite/MeasuredPerformanceValues/BerkeleyDBC/FeatureModel.xml
Warning: Variability model contains outdated notation. Children nodes will no longer have effect on the model. Instead use the parent node to describe the parent of an configuration option. You can also use the converter providedby the Variability Model GUI in export>convert legacy model.
command: all /scratch/kallistos/Distance-Based_Data/SupplementaryWebsite/MeasuredPerformanceValues/BerkeleyDBC/measurements.xml
Configs with too large deviation: 0
2560 configurations loaded.
command: nfp Performance
command: setsampleset /scratch/kallistos/Distance-Based_Data/Results/BerkeleyDBC/BerkeleyDBC_16/sampledConfigurations_divDistBased_t3.csv
command: learn-splconqueror
Learning: NumberOfConfigurationsLearning:363 NumberOfConfigurationsValidation:363
Learning progress:
1;0.697376219470085 * PAGESIZE + 15.5275215928031 * HAVE_CRYPTO;107.652399972025;107.652399972025;107.652399972025;107.652399972025;0.038316;2;15.5275215928031 * HAVE_CRYPTO;1;605.201363804187;
2;0.69737621947008 * PAGESIZE + 18.622972996333 * HAVE_CRYPTO + -16.8530131969964 * HAVE_CRYPTO * PS1K;57.5890139565334;57.5890139565334;57.5890139565334;57.5890139565334;0.142445;4;-16.8530131969964 * HAVE_CRYPTO * PS1K;2;25.0316930077458;
3;0.697376219470103 * PAGESIZE + 11.6333294102921 * HAVE_CRYPTO + -9.86336961095552 * HAVE_CRYPTO * PS1K + 26.0079761341055 * HAVE_CRYPTO * PS32K;35.6711467907858;35.6711467907858;35.6711467907858;35.6711467907858;0.308667;6;26.0079761341055 * HAVE_CRYPTO * PS32K;2;10.9589335828738;
4;0.604045194769047 * PAGESIZE + 11.7266604349932 * HAVE_CRYPTO + -9.86336961095551 * HAVE_CRYPTO * PS1K + 25.4513232367817 * HAVE_CRYPTO * PS32K + 0.556652897323821 * PS32K;30.7413542345098;30.7413542345098;30.7413542345098;30.7413542345098;0.537977;7;0.556652897323821 * PS32K;1;4.92979255627593;
5;0.604045194769166 * PAGESIZE + 7.89332376104426 * HAVE_CRYPTO + -6.03003293700667 * HAVE_CRYPTO * PS1K + 29.2846599107306 * HAVE_CRYPTO * PS32K + 0.556652897323718 * PS32K + 12.1216321851895 * HAVE_CRYPTO * PS16K;20.9593547286067;20.9593547286067;20.9593547286067;20.9593547286067;0.870744;9;12.1216321851895 * HAVE_CRYPTO * PS16K;2;4.89099975295157;
6;0.604045194769124 * PAGESIZE + 10.2520633747441 * HAVE_CRYPTO + -8.38877255070648 * HAVE_CRYPTO * PS1K + 26.9259202970308 * HAVE_CRYPTO * PS32K + 0.556652897323791 * PS32K + 9.76289257148976 * HAVE_CRYPTO * PS16K + -4.71747922739946 * HAVE_CRYPTO * PS4K;14.9551652307839;14.9551652307839;14.9551652307839;14.9551652307839;1.30341;11;-4.71747922739946 * HAVE_CRYPTO * PS4K;2;3.00209474891142;
7;0.517221266496623 * PAGESIZE + 10.3388873030166 * HAVE_CRYPTO + -8.38877255070646 * HAVE_CRYPTO * PS1K + 26.8390963687584 * HAVE_CRYPTO * PS32K + 0.643476825596217 * PS32K + 9.39717966149343 * HAVE_CRYPTO * PS16K + -4.71747922739956 * HAVE_CRYPTO * PS4K + 0.365712909996233 * PS16K;12.4030746450777;12.4030746450777;12.4030746450777;12.4030746450777;1.862121;12;0.365712909996233 * PS16K;1;2.55209058570616;
8;0.517221266496594 * PAGESIZE + 10.3388873030166 * HAVE_CRYPTO + -8.38877255070643 * HAVE_CRYPTO * PS1K + 26.4418714770042 * HAVE_CRYPTO * PS32K + 0.430500886127213 * PS32K + 9.39717966149334 * HAVE_CRYPTO * PS16K + -4.71747922739949 * HAVE_CRYPTO * PS4K + 0.365712909996368 * PS16K + 1.19266526102707 * PS32K * HAVE_HASH;10.1975362298712;10.1975362298712;10.1975362298712;10.1975362298712;2.559599;14;1.19266526102707 * PS32K * HAVE_HASH;2;1.10276920760327;
9;0.517221266496589 * PAGESIZE + 10.3388873030166 * HAVE_CRYPTO + -8.38877255070644 * HAVE_CRYPTO * PS1K + 26.4418714770043 * HAVE_CRYPTO * PS32K + 0.430500886127196 * PS32K + 9.28002697053244 * HAVE_CRYPTO * PS16K + -4.71747922739948 * HAVE_CRYPTO * PS4K + -0.0202490376218925 * PS16K + 1.19266526102709 * PS32K * HAVE_HASH + 0.979749559338536 * PS16K * HAVE_HASH;8.42052983417649;8.42052983417649;8.42052983417649;8.42052983417649;3.429259;16;0.979749559338536 * PS16K * HAVE_HASH;2;0.888503197847335;
10;0.517221266496586 * PAGESIZE + 10.3388873030166 * HAVE_CRYPTO + -7.5918407468636 * HAVE_CRYPTO * PS1K + 26.4418714770042 * HAVE_CRYPTO * PS32K + 0.430500886127167 * PS32K + 9.28002697053237 * HAVE_CRYPTO * PS16K + -4.71747922739948 * HAVE_CRYPTO * PS4K + -0.0202490376218893 * PS16K + 1.19266526102711 * PS32K * HAVE_HASH + 0.979749559338543 * PS16K * HAVE_HASH + -1.19539770576422 * HAVE_CRYPTO * PS1K * HAVE_HASH;6.41923092443908;6.41923092443908;6.41923092443908;6.41923092443908;4.478886;19;-1.19539770576422 * HAVE_CRYPTO * PS1K * HAVE_HASH;3;0.667099636579137;
11;0.517221266496574 * PAGESIZE + 10.3388873030166 * HAVE_CRYPTO + -7.59184074686365 * HAVE_CRYPTO * PS1K + 26.4418714770042 * HAVE_CRYPTO * PS32K + 0.430500886127175 * PS32K + 8.99646572087748 * HAVE_CRYPTO * PS16K + -4.71747922739955 * HAVE_CRYPTO * PS4K + 0.114069449056721 * PS16K + 1.19266526102704 * PS32K * HAVE_HASH + 0.638787247000556 * PS16K * HAVE_HASH + -1.19539770576427 * HAVE_CRYPTO * PS1K * HAVE_HASH + 0.631592956028531 * PS16K * HAVE_HASH * HAVE_CRYPTO;4.72979339519376;4.72979339519376;4.72979339519376;4.72979339519376;5.779292;22;0.631592956028531 * PS16K * HAVE_HASH * HAVE_CRYPTO;3;0.563145843081773;
12;0.517221266496619 * PAGESIZE + 10.3388873030166 * HAVE_CRYPTO + -7.59184074686365 * HAVE_CRYPTO * PS1K + 26.4418714770043 * HAVE_CRYPTO * PS32K + 0.430500886127158 * PS32K + 8.99646572087757 * HAVE_CRYPTO * PS16K + -4.33094464816285 * HAVE_CRYPTO * PS4K + 0.114069449056681 * PS16K + 1.19266526102706 * PS32K * HAVE_HASH + 0.638787247000569 * PS16K * HAVE_HASH + -1.19539770576421 * HAVE_CRYPTO * PS1K * HAVE_HASH + 0.631592956028517 * PS16K * HAVE_HASH * HAVE_CRYPTO + -0.672234050846314 * HAVE_CRYPTO * PS4K * HAVE_HASH;4.15837674957232;4.15837674957232;4.15837674957232;4.15837674957232;7.296394;25;-0.672234050846314 * HAVE_CRYPTO * PS4K * HAVE_HASH;3;0.190472215207144;
Elapsed=00:00:07.3019915
average model: 
command: analyze-learning
Round, Model, LearningError, LearningErrorRel, ValidationError, ValidationErrorRel, ElapsedSeconds, ModelComplexity, BestCandidate, BestCandidateSize, BestCandidateScore, TestError
Models:
Termination reason: minImprovementPerRound
1;0.697376219470085 * PAGESIZE + 15.5275215928031 * HAVE_CRYPTO;107.652399972025;107.652399972025;107.652399972025;107.652399972025;0.038316;2;15.5275215928031 * HAVE_CRYPTO;1;605.201363804187;103.132145818663
2;0.69737621947008 * PAGESIZE + 18.622972996333 * HAVE_CRYPTO + -16.8530131969964 * HAVE_CRYPTO * PS1K;57.5890139565334;57.5890139565334;57.5890139565334;57.5890139565334;0.142445;4;-16.8530131969964 * HAVE_CRYPTO * PS1K;2;25.0316930077458;56.5108789238382
3;0.697376219470103 * PAGESIZE + 11.6333294102921 * HAVE_CRYPTO + -9.86336961095552 * HAVE_CRYPTO * PS1K + 26.0079761341055 * HAVE_CRYPTO * PS32K;35.6711467907858;35.6711467907858;35.6711467907858;35.6711467907858;0.308667;6;26.0079761341055 * HAVE_CRYPTO * PS32K;2;10.9589335828738;37.3131886092583
4;0.604045194769047 * PAGESIZE + 11.7266604349932 * HAVE_CRYPTO + -9.86336961095551 * HAVE_CRYPTO * PS1K + 25.4513232367817 * HAVE_CRYPTO * PS32K + 0.556652897323821 * PS32K;30.7413542345098;30.7413542345098;30.7413542345098;30.7413542345098;0.537977;7;0.556652897323821 * PS32K;1;4.92979255627593;32.0989679236496
5;0.604045194769166 * PAGESIZE + 7.89332376104426 * HAVE_CRYPTO + -6.03003293700667 * HAVE_CRYPTO * PS1K + 29.2846599107306 * HAVE_CRYPTO * PS32K + 0.556652897323718 * PS32K + 12.1216321851895 * HAVE_CRYPTO * PS16K;20.9593547286067;20.9593547286067;20.9593547286067;20.9593547286067;0.870744;9;12.1216321851895 * HAVE_CRYPTO * PS16K;2;4.89099975295157;22.943349080597
6;0.604045194769124 * PAGESIZE + 10.2520633747441 * HAVE_CRYPTO + -8.38877255070648 * HAVE_CRYPTO * PS1K + 26.9259202970308 * HAVE_CRYPTO * PS32K + 0.556652897323791 * PS32K + 9.76289257148976 * HAVE_CRYPTO * PS16K + -4.71747922739946 * HAVE_CRYPTO * PS4K;14.9551652307839;14.9551652307839;14.9551652307839;14.9551652307839;1.30341;11;-4.71747922739946 * HAVE_CRYPTO * PS4K;2;3.00209474891142;17.6430425125375
7;0.517221266496623 * PAGESIZE + 10.3388873030166 * HAVE_CRYPTO + -8.38877255070646 * HAVE_CRYPTO * PS1K + 26.8390963687584 * HAVE_CRYPTO * PS32K + 0.643476825596217 * PS32K + 9.39717966149343 * HAVE_CRYPTO * PS16K + -4.71747922739956 * HAVE_CRYPTO * PS4K + 0.365712909996233 * PS16K;12.4030746450777;12.4030746450777;12.4030746450777;12.4030746450777;1.862121;12;0.365712909996233 * PS16K;1;2.55209058570616;14.9577363236462
8;0.517221266496594 * PAGESIZE + 10.3388873030166 * HAVE_CRYPTO + -8.38877255070643 * HAVE_CRYPTO * PS1K + 26.4418714770042 * HAVE_CRYPTO * PS32K + 0.430500886127213 * PS32K + 9.39717966149334 * HAVE_CRYPTO * PS16K + -4.71747922739949 * HAVE_CRYPTO * PS4K + 0.365712909996368 * PS16K + 1.19266526102707 * PS32K * HAVE_HASH;10.1975362298712;10.1975362298712;10.1975362298712;10.1975362298712;2.559599;14;1.19266526102707 * PS32K * HAVE_HASH;2;1.10276920760327;11.498812858157
9;0.517221266496589 * PAGESIZE + 10.3388873030166 * HAVE_CRYPTO + -8.38877255070644 * HAVE_CRYPTO * PS1K + 26.4418714770043 * HAVE_CRYPTO * PS32K + 0.430500886127196 * PS32K + 9.28002697053244 * HAVE_CRYPTO * PS16K + -4.71747922739948 * HAVE_CRYPTO * PS4K + -0.0202490376218925 * PS16K + 1.19266526102709 * PS32K * HAVE_HASH + 0.979749559338536 * PS16K * HAVE_HASH;8.42052983417649;8.42052983417649;8.42052983417649;8.42052983417649;3.429259;16;0.979749559338536 * PS16K * HAVE_HASH;2;0.888503197847335;9.71099511015481
10;0.517221266496586 * PAGESIZE + 10.3388873030166 * HAVE_CRYPTO + -7.5918407468636 * HAVE_CRYPTO * PS1K + 26.4418714770042 * HAVE_CRYPTO * PS32K + 0.430500886127167 * PS32K + 9.28002697053237 * HAVE_CRYPTO * PS16K + -4.71747922739948 * HAVE_CRYPTO * PS4K + -0.0202490376218893 * PS16K + 1.19266526102711 * PS32K * HAVE_HASH + 0.979749559338543 * PS16K * HAVE_HASH + -1.19539770576422 * HAVE_CRYPTO * PS1K * HAVE_HASH;6.41923092443908;6.41923092443908;6.41923092443908;6.41923092443908;4.478886;19;-1.19539770576422 * HAVE_CRYPTO * PS1K * HAVE_HASH;3;0.667099636579137;7.5914855325696
11;0.517221266496574 * PAGESIZE + 10.3388873030166 * HAVE_CRYPTO + -7.59184074686365 * HAVE_CRYPTO * PS1K + 26.4418714770042 * HAVE_CRYPTO * PS32K + 0.430500886127175 * PS32K + 8.99646572087748 * HAVE_CRYPTO * PS16K + -4.71747922739955 * HAVE_CRYPTO * PS4K + 0.114069449056721 * PS16K + 1.19266526102704 * PS32K * HAVE_HASH + 0.638787247000556 * PS16K * HAVE_HASH + -1.19539770576427 * HAVE_CRYPTO * PS1K * HAVE_HASH + 0.631592956028531 * PS16K * HAVE_HASH * HAVE_CRYPTO;4.72979339519376;4.72979339519376;4.72979339519376;4.72979339519376;5.779292;22;0.631592956028531 * PS16K * HAVE_HASH * HAVE_CRYPTO;3;0.563145843081773;5.76929284264367
12;0.517221266496619 * PAGESIZE + 10.3388873030166 * HAVE_CRYPTO + -7.59184074686365 * HAVE_CRYPTO * PS1K + 26.4418714770043 * HAVE_CRYPTO * PS32K + 0.430500886127158 * PS32K + 8.99646572087757 * HAVE_CRYPTO * PS16K + -4.33094464816285 * HAVE_CRYPTO * PS4K + 0.114069449056681 * PS16K + 1.19266526102706 * PS32K * HAVE_HASH + 0.638787247000569 * PS16K * HAVE_HASH + -1.19539770576421 * HAVE_CRYPTO * PS1K * HAVE_HASH + 0.631592956028517 * PS16K * HAVE_HASH * HAVE_CRYPTO + -0.672234050846314 * HAVE_CRYPTO * PS4K * HAVE_HASH;4.15837674957232;4.15837674957232;4.15837674957232;4.15837674957232;7.296394;25;-0.672234050846314 * HAVE_CRYPTO * PS4K * HAVE_HASH;3;0.190472215207144;5.24273250230284
Analyze finished
command: clean-sampling
command: clean-global
