Current machine learning settings: epsilon:0 lossFunction:RELATIVE parallelization:True bagging:False baggingNumbers:3 considerEpsilonTube:False baggingTestDataFraction:50 useBackward:False abortError:1 limitFeatureSize:False featureSizeTreshold:4 quadraticFunctionSupport:True crossValidation:False crossValidation-k:5 learn-logFunction:False learn-accumulatedLogFunction:False learn-asymFunction:False learn-ratioFunction:False learn-mirrowedFunction:False learn-numeric-disabled:True numberOfRounds:70 backwardErrorDelta:1 minImprovementPerRound:0.1 withHierarchy:False bruteForceCandidates:False ignoreBadFeatures:False stopOnLongRound:True candidateSizePenalty:True learnTimeLimit:00:00:00 scoreMeasure:RELERROR outputRoundsToStdout:False debug:False pythonInfluenceAnalysis:False blacklisted: 
command: mlsettings bagging:False stopOnLongRound:False parallelization:True lossFunction:RELATIVE useBackward:False abortError:1 limitFeatureSize:False featureSizeTreshold:7 quadraticFunctionSupport:True crossValidation:False learn_logFunction:True numberOfRounds:70 backwardErrorDelta:1 minImprovementPerRound:0.25 withHierarchy:False
Current machine learning settings: epsilon:0 lossFunction:RELATIVE parallelization:True bagging:False baggingNumbers:3 considerEpsilonTube:False baggingTestDataFraction:50 useBackward:False abortError:1 limitFeatureSize:False featureSizeTreshold:7 quadraticFunctionSupport:True crossValidation:False crossValidation-k:5 learn-logFunction:True learn-accumulatedLogFunction:False learn-asymFunction:False learn-ratioFunction:False learn-mirrowedFunction:False learn-numeric-disabled:True numberOfRounds:70 backwardErrorDelta:1 minImprovementPerRound:0.25 withHierarchy:False bruteForceCandidates:False ignoreBadFeatures:False stopOnLongRound:False candidateSizePenalty:True learnTimeLimit:00:00:00 scoreMeasure:RELERROR outputRoundsToStdout:False debug:False pythonInfluenceAnalysis:False blacklisted: 
command: solver z3
command: vm /scratch/kallistos/Distance-Based_Data/SupplementaryWebsite/MeasuredPerformanceValues/Polly/FeatureModel.xml
command: all /scratch/kallistos/Distance-Based_Data/SupplementaryWebsite/MeasuredPerformanceValues/Polly/measurements.xml
Configs with too large deviation: 0
60000 configurations loaded.
command: nfp Performance
command: setsampleset /scratch/kallistos/Distance-Based_Data/Results/Polly/Polly_36/sampledConfigurations_divDistBased_t3.csv
command: learn-splconqueror
Learning: NumberOfConfigurationsLearning:2172 NumberOfConfigurationsValidation:2172
Learning progress:
1;21.6395696091348 * polly_vectorizer + 7.79719141940969 * memory_based;23.7072926572292;23.7072926572292;23.7072926572292;23.7072926572292;0.638621;2;7.79719141940969 * memory_based;1;8.05120847256593;
2;21.3385777713164 * polly_vectorizer + 7.66055516488736 * memory_based + 1.71769026243723 * parallel;22.6619358131707;22.6619358131707;22.6619358131707;22.6619358131707;2.387273;3;1.71769026243723 * parallel;1;1.04535684405842;
3;21.3988125665602 * polly_vectorizer + 7.56451127009701 * memory_based + 1.85824097815763 * parallel + -0.484296652487266 * parallel * value_based;22.6573416282933;22.6573416282933;22.6573416282933;22.6573416282933;5.195224;5;-0.484296652487266 * parallel * value_based;2;0.00229709243872556;
Elapsed=00:00:05.2214949
average model: 
command: analyze-learning
Round, Model, LearningError, LearningErrorRel, ValidationError, ValidationErrorRel, ElapsedSeconds, ModelComplexity, BestCandidate, BestCandidateSize, BestCandidateScore, TestError
Models:
Termination reason: minImprovementPerRound
1;21.6395696091348 * polly_vectorizer + 7.79719141940969 * memory_based;23.7072926572292;23.7072926572292;23.7072926572292;23.7072926572292;0.638621;2;7.79719141940969 * memory_based;1;8.05120847256593;28.0725518925698
2;21.3385777713164 * polly_vectorizer + 7.66055516488736 * memory_based + 1.71769026243723 * parallel;22.6619358131707;22.6619358131707;22.6619358131707;22.6619358131707;2.387273;3;1.71769026243723 * parallel;1;1.04535684405842;27.1521123142324
3;21.3988125665602 * polly_vectorizer + 7.56451127009701 * memory_based + 1.85824097815763 * parallel + -0.484296652487266 * parallel * value_based;22.6573416282933;22.6573416282933;22.6573416282933;22.6573416282933;5.195224;5;-0.484296652487266 * parallel * value_based;2;0.00229709243872556;27.1429202924028
Analyze finished
command: clean-sampling
command: clean-global
