Current machine learning settings: epsilon:0 lossFunction:RELATIVE parallelization:True bagging:False baggingNumbers:3 considerEpsilonTube:False baggingTestDataFraction:50 useBackward:False abortError:1 limitFeatureSize:False featureSizeTreshold:4 quadraticFunctionSupport:True crossValidation:False crossValidation-k:5 learn-logFunction:False learn-accumulatedLogFunction:False learn-asymFunction:False learn-ratioFunction:False learn-mirrowedFunction:False learn-numeric-disabled:True numberOfRounds:70 backwardErrorDelta:1 minImprovementPerRound:0.1 withHierarchy:False bruteForceCandidates:False ignoreBadFeatures:False stopOnLongRound:True candidateSizePenalty:True learnTimeLimit:00:00:00 scoreMeasure:RELERROR outputRoundsToStdout:False debug:False pythonInfluenceAnalysis:False blacklisted: 
command: solver z3
command: vm /scratch/kallistos/Distance-Based_Data/SupplementaryWebsite/MeasuredPerformanceValues/Polly/FeatureModel.xml
command: all /scratch/kallistos/Distance-Based_Data/SupplementaryWebsite/MeasuredPerformanceValues/Polly/measurements.xml
Configs with too large deviation: 0
60000 configurations loaded.
command: binary grammar-based numConfigs:2172 seed:64  confFaultsReport:./out_grammarBasedFailureReport_t3.log
command: printconfigs ./sampledConfigurations_grammarBased_t3FailureReport.csv
Number to sample: 2172; Number of Configurations in Grammar: 60000
Draw a new random number, cause 50733 is already in drawn.
Draw a new random number, cause 35684 is already in drawn.
Draw a new random number, cause 50118 is already in drawn.
Draw a new random number, cause 10646 is already in drawn.
Draw a new random number, cause 24438 is already in drawn.
Draw a new random number, cause 43799 is already in drawn.
Draw a new random number, cause 34441 is already in drawn.
Draw a new random number, cause 16022 is already in drawn.
Draw a new random number, cause 4107 is already in drawn.
Draw a new random number, cause 45468 is already in drawn.
Draw a new random number, cause 1410 is already in drawn.
Draw a new random number, cause 42917 is already in drawn.
Draw a new random number, cause 18141 is already in drawn.
Draw a new random number, cause 6820 is already in drawn.
Draw a new random number, cause 44934 is already in drawn.
Draw a new random number, cause 26051 is already in drawn.
Draw a new random number, cause 53269 is already in drawn.
Draw a new random number, cause 1986 is already in drawn.
Draw a new random number, cause 21261 is already in drawn.
Draw a new random number, cause 41599 is already in drawn.
Draw a new random number, cause 47744 is already in drawn.
Draw a new random number, cause 58167 is already in drawn.
Draw a new random number, cause 59982 is already in drawn.
Draw a new random number, cause 23378 is already in drawn.
Draw a new random number, cause 27961 is already in drawn.
Draw a new random number, cause 24854 is already in drawn.
Draw a new random number, cause 15107 is already in drawn.
Draw a new random number, cause 50461 is already in drawn.
Draw a new random number, cause 15426 is already in drawn.
Draw a new random number, cause 3927 is already in drawn.
Draw a new random number, cause 5601 is already in drawn.
Draw a new random number, cause 39011 is already in drawn.
Draw a new random number, cause 28004 is already in drawn.
Draw a new random number, cause 31937 is already in drawn.
Draw a new random number, cause 21889 is already in drawn.
Draw a new random number, cause 48416 is already in drawn.
Draw a new random number, cause 27309 is already in drawn.
Draw a new random number, cause 2469 is already in drawn.
Draw a new random number, cause 37428 is already in drawn.
Draw a new random number, cause 78 is already in drawn.
Draw a new random number, cause 4660 is already in drawn.
Draw a new random number, cause 2022 is already in drawn.
Draw a new random number, cause 31990 is already in drawn.
Draw a new random number, cause 25952 is already in drawn.
0 drawn configurations were invalid
command: clean-sampling
command: clean-global
