Current machine learning settings: epsilon:0 lossFunction:RELATIVE parallelization:True bagging:False baggingNumbers:3 considerEpsilonTube:False baggingTestDataFraction:50 useBackward:False abortError:1 limitFeatureSize:False featureSizeTreshold:4 quadraticFunctionSupport:True crossValidation:False crossValidation-k:5 learn-logFunction:False learn-accumulatedLogFunction:False learn-asymFunction:False learn-ratioFunction:False learn-mirrowedFunction:False learn-numeric-disabled:True numberOfRounds:70 backwardErrorDelta:1 minImprovementPerRound:0.1 withHierarchy:False bruteForceCandidates:False ignoreBadFeatures:False stopOnLongRound:True candidateSizePenalty:True learnTimeLimit:00:00:00 scoreMeasure:RELERROR outputRoundsToStdout:False debug:False pythonInfluenceAnalysis:False blacklisted: 
command: mlsettings bagging:False stopOnLongRound:False parallelization:True lossFunction:RELATIVE useBackward:False abortError:1 limitFeatureSize:False featureSizeTreshold:7 quadraticFunctionSupport:True crossValidation:False learn_logFunction:True numberOfRounds:70 backwardErrorDelta:1 minImprovementPerRound:0.25 withHierarchy:False
Current machine learning settings: epsilon:0 lossFunction:RELATIVE parallelization:True bagging:False baggingNumbers:3 considerEpsilonTube:False baggingTestDataFraction:50 useBackward:False abortError:1 limitFeatureSize:False featureSizeTreshold:7 quadraticFunctionSupport:True crossValidation:False crossValidation-k:5 learn-logFunction:True learn-accumulatedLogFunction:False learn-asymFunction:False learn-ratioFunction:False learn-mirrowedFunction:False learn-numeric-disabled:True numberOfRounds:70 backwardErrorDelta:1 minImprovementPerRound:0.25 withHierarchy:False bruteForceCandidates:False ignoreBadFeatures:False stopOnLongRound:False candidateSizePenalty:True learnTimeLimit:00:00:00 scoreMeasure:RELERROR outputRoundsToStdout:False debug:False pythonInfluenceAnalysis:False blacklisted: 
command: solver z3
command: vm /scratch/kallistos/Distance-Based_Data/SupplementaryWebsite/MeasuredPerformanceValues/7z/FeatureModel.xml
command: all /scratch/kallistos/Distance-Based_Data/SupplementaryWebsite/MeasuredPerformanceValues/7z/measurements.xml
Configs with too large deviation: 0
68640 configurations loaded.
command: nfp Performance
command: setsampleset /scratch/kallistos/Distance-Based_Data/Results/7z/7z_25/sampledConfigurations_grammarBased_t3.csv
command: learn-splconqueror
Learning: NumberOfConfigurationsLearning:4091 NumberOfConfigurationsValidation:4091
Learning progress:
1;7346.45067133684 * CompressionMethod + 24062.7523361821 * x_10;115.243288435363;115.243288435363;115.243288435363;115.243288435363;1.057634;2;24062.7523361821 * x_10;1;69.1737662496062;
2;5166.48648648654 * CompressionMethod + 26242.7165210321 * x_10 + 11472.4382446964 * x_8;77.9621943523167;77.9621943523167;77.9621943523167;77.9621943523167;3.339483;3;11472.4382446964 * x_8;1;37.2810940830464;
3;3357.37597151617 * CompressionMethod + 25973.6501138681 * x_10 + 11664.1248366534 * x_8 + 9401.2765525144 * BZip2;56.9317257464043;56.9317257464043;56.9317257464043;56.9317257464043;7.277471;4;9401.2765525144 * BZip2;1;21.0304686059123;
4;3579.79956537477 * CompressionMethod + 31027.0446671318 * x_10 + 11640.5576635452 * x_8 + 8245.42360690101 * BZip2 + -26923.4571357339 * x_10 * PPMd;50.788178389328;50.788178389328;50.788178389328;50.788178389328;13.385487;6;-26923.4571357339 * x_10 * PPMd;2;3.07177367853816;
5;3649.68606280712 * CompressionMethod + 31055.8395181006 * x_10 + 13679.3462018737 * x_8 + 7882.24939271571 * BZip2 + -27022.138484135 * x_10 * PPMd + -10918.6224286166 * x_8 * PPMd;46.6133022138184;46.6133022138184;46.6133022138184;46.6133022138184;21.885462;8;-10918.6224286166 * x_8 * PPMd;2;2.0874380877548;
6;1909.96298527775 * CompressionMethod + 32762.9442306081 * x_10 + 15393.6534393066 * x_8 + 8002.29385174215 * BZip2 + -26989.5201191131 * x_10 * PPMd + -10893.2065885174 * x_8 * PPMd + 6954.20116645782 * x_6;43.8781961694712;43.8781961694712;43.8781961694712;43.8781961694712;33.040625;9;6954.20116645782 * x_6;1;2.7351060443472;
7;1981.92916400349 * CompressionMethod + 32789.9346477739 * x_10 + 15398.793057146 * x_8 + 7638.10665189539 * BZip2 + -27088.4767150048 * x_10 * PPMd + -10970.3123850832 * x_8 * PPMd + 8831.78828404273 * x_6 + -8173.27441007159 * x_6 * PPMd;34.770293261092;34.770293261092;34.770293261092;34.770293261092;47.979077;11;-8173.27441007159 * x_6 * PPMd;2;4.55395145418959;
8;3221.27650844133 * CompressionMethod + 23386.261562624 * x_10 + 15487.3036857944 * x_8 + 1366.34890401379 * BZip2 + -18924.1509742923 * x_10 * PPMd + -12298.1703581706 * x_8 * PPMd + 9032.44603921452 * x_6 + -9613.27950968164 * x_6 * PPMd + 36318.6980589352 * x_10 * BZip2;28.1097733567235;28.1097733567235;28.1097733567235;28.1097733567235;66.641278;13;36318.6980589352 * x_10 * BZip2;2;3.33025995218428;
9;2872.52648870538 * CompressionMethod + 23735.0115823606 * x_10 + 15462.3969607941 * x_8 + 3131.20977870611 * BZip2 + -18924.1509742916 * x_10 * PPMd + -11924.5136134354 * x_8 * PPMd + 11205.5030679453 * x_6 + -11437.586518676 * x_6 * PPMd + 34553.8371842419 * x_10 * BZip2 + -9710.39636015076 * x_6 * BZip2;22.1193644445565;22.1193644445565;22.1193644445565;22.1193644445565;89.97281;15;-9710.39636015076 * x_6 * BZip2;2;2.9952044560835;
10;2872.52648870553 * CompressionMethod + 15362.2142520349 * x_10 + 15462.3969607934 * x_8 + 3131.20977870627 * BZip2 + -10551.3536439661 * x_10 * PPMd + -11924.5136134339 * x_8 * PPMd + 11205.5030679447 * x_6 + -11437.5865186754 * x_6 * PPMd + 42926.6345145672 * x_10 * BZip2 + -9710.39636014977 * x_6 * BZip2 + 26603.8882915176 * x_10 * Deflate;18.2456604674345;18.2456604674345;18.2456604674345;18.2456604674345;118.533429;17;26603.8882915176 * x_10 * Deflate;2;1.936851988561;
11;2574.34755245702 * CompressionMethod + 15025.2130593523 * x_10 + 15407.2596464197 * x_8 + 3441.15134202129 * BZip2 + -9916.17351503474 * x_10 * PPMd + -11571.1973628122 * x_8 * PPMd + 11117.6380345333 * x_6 + -11051.5425490153 * x_6 * PPMd + 43251.8730801848 * x_10 * BZip2 + -9634.29395380608 * x_6 * BZip2 + 27239.0684204487 * x_10 * Deflate + 1135.75254841841 * LZMA2;16.0022640644211;16.0022640644211;16.0022640644211;16.0022640644211;153.229672;18;1135.75254841841 * LZMA2;1;2.24339640301334;
12;1829.40675862554 * CompressionMethod + 14362.9555956692 * x_10 + 15280.7054978064 * x_8 + 4213.09035422324 * BZip2 + -8508.97525752054 * x_10 * PPMd + -10699.7024203666 * x_8 * PPMd + 10910.9743491274 * x_6 + -10099.9380697772 * x_6 * PPMd + 43887.132325496 * x_10 * BZip2 + -9454.62848676856 * x_6 * BZip2 + 28646.2666779639 * x_10 * Deflate + 2050.05157451545 * LZMA2 + 2032.64182007232 * LZMA;12.9996751905473;12.9996751905473;12.9996751905473;12.9996751905473;195.25016;19;2032.64182007232 * LZMA;1;3.00258887387383;
13;2447.11486795782 * CompressionMethod + 14954.5064298666 * x_10 + 15388.2869517328 * x_8 + 3572.43153472043 * BZip2 + -9718.23420104983 * x_10 * PPMd + -11424.9919836254 * x_8 * PPMd + 13858.6002614081 * x_6 + -13665.2720913923 * x_6 * PPMd + 43318.5322014701 * x_10 * BZip2 + -12379.3036888794 * x_6 * BZip2 + 27437.0077344341 * x_10 * Deflate + 838.033259497205 * LZMA2 + 826.884263892481 * LZMA + -8042.35798650919 * x_6 * Deflate;10.7752144563675;10.7752144563675;10.7752144563675;10.7752144563675;245.788614;21;-8042.35798650919 * x_6 * Deflate;2;1.11223036708991;
14;2120.14492753628 * CompressionMethod + 14733.7478017029 * x_10 + 14441.5863963458 * x_8 + 4101.36426029118 * BZip2 + -9170.5056324645 * x_10 * PPMd + -10151.3214878169 * x_8 * PPMd + 13637.94963543 * x_6 + -13117.6515249919 * x_6 * PPMd + 43337.3280444835 * x_10 * BZip2 + -12360.6158480517 * x_6 * BZip2 + 27984.7363030197 * x_10 * Deflate + 1386.93825656504 * LZMA2 + 1373.1200534786 * LZMA + -7494.73742010924 * x_6 * Deflate + 2976.38188366515 * x_8 * Deflate;9.10149024186752;9.10149024186752;9.10149024186752;9.10149024186752;305.032978;23;2976.38188366515 * x_8 * Deflate;2;0.836862107249976;
15;1974.32870370388 * CompressionMethod + 14733.7478017027 * x_10 + 14441.586396345 * x_8 + 4247.18048412335 * BZip2 + -9329.57787664612 * x_10 * PPMd + -10310.3937319966 * x_8 * PPMd + 13637.949635429 * x_6 + -13276.723769171 * x_6 * PPMd + 43337.3280444834 * x_10 * BZip2 + -12360.6158480493 * x_6 * BZip2 + 28130.5525268511 * x_10 * Deflate + 1532.75448039798 * LZMA2 + 1518.93627731115 * LZMA + -7348.92119627569 * x_6 * Deflate + 3122.1981074979 * x_8 * Deflate + 304.888468013396 * PPMd;8.86383146261736;8.86383146261736;8.86383146261736;8.86383146261736;374.241171;24;304.888468013396 * PPMd;1;0.237658779250163;
Elapsed=00:06:14.3057307
average model: 
command: analyze-learning
Round, Model, LearningError, LearningErrorRel, ValidationError, ValidationErrorRel, ElapsedSeconds, ModelComplexity, BestCandidate, BestCandidateSize, BestCandidateScore, TestError
Models:
Termination reason: minImprovementPerRound
1;7346.45067133684 * CompressionMethod + 24062.7523361821 * x_10;115.243288435363;115.243288435363;115.243288435363;115.243288435363;1.057634;2;24062.7523361821 * x_10;1;69.1737662496062;113.727604809056
2;5166.48648648654 * CompressionMethod + 26242.7165210321 * x_10 + 11472.4382446964 * x_8;77.9621943523167;77.9621943523167;77.9621943523167;77.9621943523167;3.339483;3;11472.4382446964 * x_8;1;37.2810940830464;78.0857906586699
3;3357.37597151617 * CompressionMethod + 25973.6501138681 * x_10 + 11664.1248366534 * x_8 + 9401.2765525144 * BZip2;56.9317257464043;56.9317257464043;56.9317257464043;56.9317257464043;7.277471;4;9401.2765525144 * BZip2;1;21.0304686059123;58.0071836455921
4;3579.79956537477 * CompressionMethod + 31027.0446671318 * x_10 + 11640.5576635452 * x_8 + 8245.42360690101 * BZip2 + -26923.4571357339 * x_10 * PPMd;50.788178389328;50.788178389328;50.788178389328;50.788178389328;13.385487;6;-26923.4571357339 * x_10 * PPMd;2;3.07177367853816;51.0039541172458
5;3649.68606280712 * CompressionMethod + 31055.8395181006 * x_10 + 13679.3462018737 * x_8 + 7882.24939271571 * BZip2 + -27022.138484135 * x_10 * PPMd + -10918.6224286166 * x_8 * PPMd;46.6133022138184;46.6133022138184;46.6133022138184;46.6133022138184;21.885462;8;-10918.6224286166 * x_8 * PPMd;2;2.0874380877548;46.4164690569017
6;1909.96298527775 * CompressionMethod + 32762.9442306081 * x_10 + 15393.6534393066 * x_8 + 8002.29385174215 * BZip2 + -26989.5201191131 * x_10 * PPMd + -10893.2065885174 * x_8 * PPMd + 6954.20116645782 * x_6;43.8781961694712;43.8781961694712;43.8781961694712;43.8781961694712;33.040625;9;6954.20116645782 * x_6;1;2.7351060443472;42.8230474795912
7;1981.92916400349 * CompressionMethod + 32789.9346477739 * x_10 + 15398.793057146 * x_8 + 7638.10665189539 * BZip2 + -27088.4767150048 * x_10 * PPMd + -10970.3123850832 * x_8 * PPMd + 8831.78828404273 * x_6 + -8173.27441007159 * x_6 * PPMd;34.770293261092;34.770293261092;34.770293261092;34.770293261092;47.979077;11;-8173.27441007159 * x_6 * PPMd;2;4.55395145418959;35.1148615244237
8;3221.27650844133 * CompressionMethod + 23386.261562624 * x_10 + 15487.3036857944 * x_8 + 1366.34890401379 * BZip2 + -18924.1509742923 * x_10 * PPMd + -12298.1703581706 * x_8 * PPMd + 9032.44603921452 * x_6 + -9613.27950968164 * x_6 * PPMd + 36318.6980589352 * x_10 * BZip2;28.1097733567235;28.1097733567235;28.1097733567235;28.1097733567235;66.641278;13;36318.6980589352 * x_10 * BZip2;2;3.33025995218428;28.3875408131157
9;2872.52648870538 * CompressionMethod + 23735.0115823606 * x_10 + 15462.3969607941 * x_8 + 3131.20977870611 * BZip2 + -18924.1509742916 * x_10 * PPMd + -11924.5136134354 * x_8 * PPMd + 11205.5030679453 * x_6 + -11437.586518676 * x_6 * PPMd + 34553.8371842419 * x_10 * BZip2 + -9710.39636015076 * x_6 * BZip2;22.1193644445565;22.1193644445565;22.1193644445565;22.1193644445565;89.97281;15;-9710.39636015076 * x_6 * BZip2;2;2.9952044560835;22.0448445069378
10;2872.52648870553 * CompressionMethod + 15362.2142520349 * x_10 + 15462.3969607934 * x_8 + 3131.20977870627 * BZip2 + -10551.3536439661 * x_10 * PPMd + -11924.5136134339 * x_8 * PPMd + 11205.5030679447 * x_6 + -11437.5865186754 * x_6 * PPMd + 42926.6345145672 * x_10 * BZip2 + -9710.39636014977 * x_6 * BZip2 + 26603.8882915176 * x_10 * Deflate;18.2456604674345;18.2456604674345;18.2456604674345;18.2456604674345;118.533429;17;26603.8882915176 * x_10 * Deflate;2;1.936851988561;18.0223169465743
11;2574.34755245702 * CompressionMethod + 15025.2130593523 * x_10 + 15407.2596464197 * x_8 + 3441.15134202129 * BZip2 + -9916.17351503474 * x_10 * PPMd + -11571.1973628122 * x_8 * PPMd + 11117.6380345333 * x_6 + -11051.5425490153 * x_6 * PPMd + 43251.8730801848 * x_10 * BZip2 + -9634.29395380608 * x_6 * BZip2 + 27239.0684204487 * x_10 * Deflate + 1135.75254841841 * LZMA2;16.0022640644211;16.0022640644211;16.0022640644211;16.0022640644211;153.229672;18;1135.75254841841 * LZMA2;1;2.24339640301334;15.7491048830887
12;1829.40675862554 * CompressionMethod + 14362.9555956692 * x_10 + 15280.7054978064 * x_8 + 4213.09035422324 * BZip2 + -8508.97525752054 * x_10 * PPMd + -10699.7024203666 * x_8 * PPMd + 10910.9743491274 * x_6 + -10099.9380697772 * x_6 * PPMd + 43887.132325496 * x_10 * BZip2 + -9454.62848676856 * x_6 * BZip2 + 28646.2666779639 * x_10 * Deflate + 2050.05157451545 * LZMA2 + 2032.64182007232 * LZMA;12.9996751905473;12.9996751905473;12.9996751905473;12.9996751905473;195.25016;19;2032.64182007232 * LZMA;1;3.00258887387383;12.8723754766012
13;2447.11486795782 * CompressionMethod + 14954.5064298666 * x_10 + 15388.2869517328 * x_8 + 3572.43153472043 * BZip2 + -9718.23420104983 * x_10 * PPMd + -11424.9919836254 * x_8 * PPMd + 13858.6002614081 * x_6 + -13665.2720913923 * x_6 * PPMd + 43318.5322014701 * x_10 * BZip2 + -12379.3036888794 * x_6 * BZip2 + 27437.0077344341 * x_10 * Deflate + 838.033259497205 * LZMA2 + 826.884263892481 * LZMA + -8042.35798650919 * x_6 * Deflate;10.7752144563675;10.7752144563675;10.7752144563675;10.7752144563675;245.788614;21;-8042.35798650919 * x_6 * Deflate;2;1.11223036708991;10.62598458669
14;2120.14492753628 * CompressionMethod + 14733.7478017029 * x_10 + 14441.5863963458 * x_8 + 4101.36426029118 * BZip2 + -9170.5056324645 * x_10 * PPMd + -10151.3214878169 * x_8 * PPMd + 13637.94963543 * x_6 + -13117.6515249919 * x_6 * PPMd + 43337.3280444835 * x_10 * BZip2 + -12360.6158480517 * x_6 * BZip2 + 27984.7363030197 * x_10 * Deflate + 1386.93825656504 * LZMA2 + 1373.1200534786 * LZMA + -7494.73742010924 * x_6 * Deflate + 2976.38188366515 * x_8 * Deflate;9.10149024186752;9.10149024186752;9.10149024186752;9.10149024186752;305.032978;23;2976.38188366515 * x_8 * Deflate;2;0.836862107249976;8.99292750578794
15;1974.32870370388 * CompressionMethod + 14733.7478017027 * x_10 + 14441.586396345 * x_8 + 4247.18048412335 * BZip2 + -9329.57787664612 * x_10 * PPMd + -10310.3937319966 * x_8 * PPMd + 13637.949635429 * x_6 + -13276.723769171 * x_6 * PPMd + 43337.3280444834 * x_10 * BZip2 + -12360.6158480493 * x_6 * BZip2 + 28130.5525268511 * x_10 * Deflate + 1532.75448039798 * LZMA2 + 1518.93627731115 * LZMA + -7348.92119627569 * x_6 * Deflate + 3122.1981074979 * x_8 * Deflate + 304.888468013396 * PPMd;8.86383146261736;8.86383146261736;8.86383146261736;8.86383146261736;374.241171;24;304.888468013396 * PPMd;1;0.237658779250163;8.73219662398137
Analyze finished
command: clean-sampling
command: clean-global
