Current machine learning settings: epsilon:0 lossFunction:RELATIVE parallelization:True bagging:False baggingNumbers:3 considerEpsilonTube:False baggingTestDataFraction:50 useBackward:False abortError:1 limitFeatureSize:False featureSizeTreshold:4 quadraticFunctionSupport:True crossValidation:False crossValidation-k:5 learn-logFunction:False learn-accumulatedLogFunction:False learn-asymFunction:False learn-ratioFunction:False learn-mirrowedFunction:False learn-numeric-disabled:True numberOfRounds:70 backwardErrorDelta:1 minImprovementPerRound:0.1 withHierarchy:False bruteForceCandidates:False ignoreBadFeatures:False stopOnLongRound:True candidateSizePenalty:True learnTimeLimit:00:00:00 scoreMeasure:RELERROR outputRoundsToStdout:False debug:False pythonInfluenceAnalysis:False blacklisted: 
command: solver z3
command: vm /scratch/kallistos/Distance-Based_Data/SupplementaryWebsite/MeasuredPerformanceValues/7z/FeatureModel.xml
command: all /scratch/kallistos/Distance-Based_Data/SupplementaryWebsite/MeasuredPerformanceValues/7z/measurements.xml
Configs with too large deviation: 0
68640 configurations loaded.
command: binary grammar-based numConfigs:4091 seed:28  confFaultsReport:./out_grammarBasedFailureReport_t3.log
command: printconfigs ./sampledConfigurations_grammarBased_t3FailureReport.csv
Number to sample: 4091; Number of Configurations in Grammar: 68640
Draw a new random number, cause 21210 is already in drawn.
Draw a new random number, cause 55493 is already in drawn.
Draw a new random number, cause 54702 is already in drawn.
Draw a new random number, cause 36104 is already in drawn.
Draw a new random number, cause 30998 is already in drawn.
Draw a new random number, cause 55323 is already in drawn.
Draw a new random number, cause 9545 is already in drawn.
Draw a new random number, cause 14798 is already in drawn.
Draw a new random number, cause 50272 is already in drawn.
Draw a new random number, cause 27535 is already in drawn.
Draw a new random number, cause 25007 is already in drawn.
Draw a new random number, cause 62973 is already in drawn.
Draw a new random number, cause 8873 is already in drawn.
Draw a new random number, cause 62699 is already in drawn.
Draw a new random number, cause 49096 is already in drawn.
Draw a new random number, cause 12415 is already in drawn.
Draw a new random number, cause 12632 is already in drawn.
Draw a new random number, cause 19896 is already in drawn.
Draw a new random number, cause 27863 is already in drawn.
Draw a new random number, cause 21904 is already in drawn.
Draw a new random number, cause 9922 is already in drawn.
Draw a new random number, cause 30776 is already in drawn.
Draw a new random number, cause 5070 is already in drawn.
Draw a new random number, cause 22430 is already in drawn.
Draw a new random number, cause 43316 is already in drawn.
Draw a new random number, cause 55937 is already in drawn.
Draw a new random number, cause 523 is already in drawn.
Draw a new random number, cause 47104 is already in drawn.
Draw a new random number, cause 37762 is already in drawn.
Draw a new random number, cause 15586 is already in drawn.
Draw a new random number, cause 61994 is already in drawn.
Draw a new random number, cause 11805 is already in drawn.
Draw a new random number, cause 14677 is already in drawn.
Draw a new random number, cause 10392 is already in drawn.
Draw a new random number, cause 18820 is already in drawn.
Draw a new random number, cause 6014 is already in drawn.
Draw a new random number, cause 9223 is already in drawn.
Draw a new random number, cause 42753 is already in drawn.
Draw a new random number, cause 32174 is already in drawn.
Draw a new random number, cause 43952 is already in drawn.
Draw a new random number, cause 30780 is already in drawn.
Draw a new random number, cause 21815 is already in drawn.
Draw a new random number, cause 64923 is already in drawn.
Draw a new random number, cause 48707 is already in drawn.
Draw a new random number, cause 26398 is already in drawn.
Draw a new random number, cause 25374 is already in drawn.
Draw a new random number, cause 36946 is already in drawn.
Draw a new random number, cause 12412 is already in drawn.
Draw a new random number, cause 37547 is already in drawn.
Draw a new random number, cause 49743 is already in drawn.
Draw a new random number, cause 58456 is already in drawn.
Draw a new random number, cause 31072 is already in drawn.
Draw a new random number, cause 16212 is already in drawn.
Draw a new random number, cause 66690 is already in drawn.
Draw a new random number, cause 42100 is already in drawn.
Draw a new random number, cause 58751 is already in drawn.
Draw a new random number, cause 47397 is already in drawn.
Draw a new random number, cause 8264 is already in drawn.
Draw a new random number, cause 21800 is already in drawn.
Draw a new random number, cause 57053 is already in drawn.
Draw a new random number, cause 63396 is already in drawn.
Draw a new random number, cause 65186 is already in drawn.
Draw a new random number, cause 22118 is already in drawn.
Draw a new random number, cause 22630 is already in drawn.
Draw a new random number, cause 5238 is already in drawn.
Draw a new random number, cause 37499 is already in drawn.
Draw a new random number, cause 37268 is already in drawn.
Draw a new random number, cause 55510 is already in drawn.
Draw a new random number, cause 64495 is already in drawn.
Draw a new random number, cause 66280 is already in drawn.
Draw a new random number, cause 28397 is already in drawn.
Draw a new random number, cause 31444 is already in drawn.
Draw a new random number, cause 66690 is already in drawn.
Draw a new random number, cause 11556 is already in drawn.
Draw a new random number, cause 39406 is already in drawn.
Draw a new random number, cause 29644 is already in drawn.
Draw a new random number, cause 38652 is already in drawn.
Draw a new random number, cause 35611 is already in drawn.
Draw a new random number, cause 43201 is already in drawn.
Draw a new random number, cause 51960 is already in drawn.
Draw a new random number, cause 23802 is already in drawn.
Draw a new random number, cause 13049 is already in drawn.
Draw a new random number, cause 2453 is already in drawn.
Draw a new random number, cause 52580 is already in drawn.
Draw a new random number, cause 60870 is already in drawn.
Draw a new random number, cause 34726 is already in drawn.
Draw a new random number, cause 49071 is already in drawn.
Draw a new random number, cause 19875 is already in drawn.
Draw a new random number, cause 53636 is already in drawn.
Draw a new random number, cause 40516 is already in drawn.
Draw a new random number, cause 12176 is already in drawn.
Draw a new random number, cause 60230 is already in drawn.
Draw a new random number, cause 23351 is already in drawn.
Draw a new random number, cause 27440 is already in drawn.
Draw a new random number, cause 25060 is already in drawn.
Draw a new random number, cause 51494 is already in drawn.
Draw a new random number, cause 9721 is already in drawn.
Draw a new random number, cause 65174 is already in drawn.
Draw a new random number, cause 56062 is already in drawn.
Draw a new random number, cause 57338 is already in drawn.
Draw a new random number, cause 65201 is already in drawn.
Draw a new random number, cause 36684 is already in drawn.
Draw a new random number, cause 57754 is already in drawn.
Draw a new random number, cause 26038 is already in drawn.
Draw a new random number, cause 39628 is already in drawn.
Draw a new random number, cause 46191 is already in drawn.
Draw a new random number, cause 28218 is already in drawn.
Draw a new random number, cause 3988 is already in drawn.
Draw a new random number, cause 53292 is already in drawn.
Draw a new random number, cause 39146 is already in drawn.
Draw a new random number, cause 13024 is already in drawn.
Draw a new random number, cause 9157 is already in drawn.
Draw a new random number, cause 18252 is already in drawn.
Draw a new random number, cause 39286 is already in drawn.
Draw a new random number, cause 42082 is already in drawn.
Draw a new random number, cause 23589 is already in drawn.
Draw a new random number, cause 8635 is already in drawn.
Draw a new random number, cause 19938 is already in drawn.
Draw a new random number, cause 59180 is already in drawn.
Draw a new random number, cause 21615 is already in drawn.
Draw a new random number, cause 22253 is already in drawn.
Draw a new random number, cause 26373 is already in drawn.
Draw a new random number, cause 29917 is already in drawn.
Draw a new random number, cause 49443 is already in drawn.
Draw a new random number, cause 40145 is already in drawn.
Draw a new random number, cause 21386 is already in drawn.
Draw a new random number, cause 35540 is already in drawn.
Draw a new random number, cause 30776 is already in drawn.
Draw a new random number, cause 67436 is already in drawn.
Draw a new random number, cause 24211 is already in drawn.
Draw a new random number, cause 63017 is already in drawn.
Draw a new random number, cause 49319 is already in drawn.
Draw a new random number, cause 36813 is already in drawn.
Draw a new random number, cause 2061 is already in drawn.
Draw a new random number, cause 198 is already in drawn.
Draw a new random number, cause 52226 is already in drawn.
Draw a new random number, cause 33527 is already in drawn.
Draw a new random number, cause 39595 is already in drawn.
Draw a new random number, cause 57729 is already in drawn.
0 drawn configurations were invalid
command: clean-sampling
command: clean-global
