Current machine learning settings: epsilon:0 lossFunction:RELATIVE parallelization:True bagging:False baggingNumbers:3 considerEpsilonTube:False baggingTestDataFraction:50 useBackward:False abortError:1 limitFeatureSize:False featureSizeTreshold:4 quadraticFunctionSupport:True crossValidation:False crossValidation-k:5 learn-logFunction:False learn-accumulatedLogFunction:False learn-asymFunction:False learn-ratioFunction:False learn-mirrowedFunction:False learn-numeric-disabled:True numberOfRounds:70 backwardErrorDelta:1 minImprovementPerRound:0.1 withHierarchy:False bruteForceCandidates:False ignoreBadFeatures:False stopOnLongRound:True candidateSizePenalty:True learnTimeLimit:00:00:00 scoreMeasure:RELERROR outputRoundsToStdout:False debug:False pythonInfluenceAnalysis:False blacklisted: 
command: mlsettings bagging:False stopOnLongRound:False parallelization:True lossFunction:RELATIVE useBackward:False abortError:1 limitFeatureSize:False featureSizeTreshold:7 quadraticFunctionSupport:True crossValidation:False learn_logFunction:True numberOfRounds:70 backwardErrorDelta:1 minImprovementPerRound:0.25 withHierarchy:False
Current machine learning settings: epsilon:0 lossFunction:RELATIVE parallelization:True bagging:False baggingNumbers:3 considerEpsilonTube:False baggingTestDataFraction:50 useBackward:False abortError:1 limitFeatureSize:False featureSizeTreshold:7 quadraticFunctionSupport:True crossValidation:False crossValidation-k:5 learn-logFunction:True learn-accumulatedLogFunction:False learn-asymFunction:False learn-ratioFunction:False learn-mirrowedFunction:False learn-numeric-disabled:True numberOfRounds:70 backwardErrorDelta:1 minImprovementPerRound:0.25 withHierarchy:False bruteForceCandidates:False ignoreBadFeatures:False stopOnLongRound:False candidateSizePenalty:True learnTimeLimit:00:00:00 scoreMeasure:RELERROR outputRoundsToStdout:False debug:False pythonInfluenceAnalysis:False blacklisted: 
command: solver z3
command: vm /scratch/kallistos/Distance-Based_Data/SupplementaryWebsite/MeasuredPerformanceValues/7z/FeatureModel.xml
command: all /scratch/kallistos/Distance-Based_Data/SupplementaryWebsite/MeasuredPerformanceValues/7z/measurements.xml
Configs with too large deviation: 0
68640 configurations loaded.
command: nfp Performance
command: setsampleset /scratch/kallistos/Distance-Based_Data/Results/7z/7z_30/sampledConfigurations_divDistBased_t3.csv
command: learn-splconqueror
Learning: NumberOfConfigurationsLearning:4091 NumberOfConfigurationsValidation:4091
Learning progress:
1;7007.35510444253 * CompressionMethod + 21639.4223522048 * x_10;111.751066302723;111.751066302723;111.751066302723;111.751066302723;1.33462;2;21639.4223522048 * x_10;1;64.5434972679864;
2;4838.12097351477 * CompressionMethod + 23808.6564831324 * x_10 + 12187.151753758 * x_8;71.5474792273114;71.5474792273114;71.5474792273114;71.5474792273114;4.043735;3;12187.151753758 * x_8;1;40.2035870754118;
3;3262.57639649614 * CompressionMethod + 23030.6628306335 * x_10 + 12124.0992508222 * x_8 + 11801.8003972917 * BZip2;51.8032989367261;51.8032989367261;51.8032989367261;51.8032989367261;8.788413;4;11801.8003972917 * BZip2;1;19.7441802905853;
4;3466.9737550925 * CompressionMethod + 28745.7244361294 * x_10 + 12132.2791304909 * x_8 + 10270.7381455006 * BZip2 + -24433.8302666955 * x_10 * PPMd;45.197996665068;45.197996665068;45.197996665068;45.197996665068;16.054144;6;-24433.8302666955 * x_10 * PPMd;2;3.30265113582907;
5;3500.61222526133 * CompressionMethod + 28777.3247238638 * x_10 + 13626.8998018487 * x_8 + 10018.7652617158 * BZip2 + -24499.0690245992 * x_10 * PPMd + -10266.2620271107 * x_8 * PPMd;42.2275618976358;42.2275618976358;42.2275618976358;42.2275618976358;26.218615;8;-10266.2620271107 * x_8 * PPMd;2;1.48521738371607;
6;3303.99026354901 * CompressionMethod + 28592.6162477121 * x_10 + 15270.7441475367 * x_8 + 11491.5849963645 * BZip2 + -24117.7385867341 * x_10 * PPMd + -11713.4844110876 * x_8 * PPMd + -10380.1289312586 * x_8 * BZip2;40.1120282585857;40.1120282585857;40.1120282585857;40.1120282585857;39.755017;10;-10380.1289312586 * x_8 * BZip2;2;1.05776681952507;
7;3186.64633095696 * CompressionMethod + 25772.3610378665 * x_10 + 15388.0880801284 * x_8 + 12370.5634083277 * BZip2 + -21180.1394442957 * x_10 * PPMd + -11713.4844110868 * x_8 * PPMd + -11259.1073432222 * x_8 * BZip2 + 15700.449152916 * x_10 * Deflate;38.333730967231;38.333730967231;38.333730967231;38.333730967231;57.266018;12;15700.449152916 * x_10 * Deflate;2;0.889148645677352;
8;3342.48475414663 * CompressionMethod + 25655.404606054 * x_10 + 15232.2496569389 * x_8 + 12246.3100880542 * BZip2 + -20555.0861695799 * x_10 * PPMd + -11049.5491449932 * x_8 * PPMd + -11134.8540229489 * x_8 * BZip2 + 15661.5671615381 * x_10 * Deflate + -663.935266091974 * PPMd;37.9838253272364;37.9838253272364;37.9838253272364;37.9838253272364;79.547697;13;-663.935266091974 * PPMd;1;0.349905639994596;
9;3342.48475414657 * CompressionMethod + 25655.4046060544 * x_10 + 15232.249656939 * x_8 + 12246.3100880544 * BZip2 + -20424.4441424155 * x_10 * PPMd + -11015.1893423833 * x_8 * PPMd + -11134.8540229492 * x_8 * BZip2 + 15661.5671615378 * x_10 * Deflate + -1088.20792714056 * PPMd + 562.497238403655 * PPMd * tmOff;37.2282085613822;37.2282085613822;37.2282085613822;37.2282085613822;108.378947;15;562.497238403655 * PPMd * tmOff;2;0.377808382927082;
10;3448.10280450097 * CompressionMethod + 24910.1524883728 * x_10 + 15126.6316065847 * x_8 + 14290.3580858171 * BZip2 + -19679.1920247341 * x_10 * PPMd + -10909.5712920294 * x_8 * PPMd + -13178.9020207125 * x_8 * BZip2 + 16301.201228866 * x_10 * Deflate + -1193.82597749469 * PPMd + 562.497238403483 * PPMd * tmOff + -11314.0290721373 * BZip2 * x_2;36.8619916857404;36.8619916857404;36.8619916857404;36.8619916857404;144.900843;17;-11314.0290721373 * BZip2 * x_2;2;0.18310843782092;
Elapsed=00:02:24.9617480
average model: 
command: analyze-learning
Round, Model, LearningError, LearningErrorRel, ValidationError, ValidationErrorRel, ElapsedSeconds, ModelComplexity, BestCandidate, BestCandidateSize, BestCandidateScore, TestError
Models:
Termination reason: minImprovementPerRound
1;7007.35510444253 * CompressionMethod + 21639.4223522048 * x_10;111.751066302723;111.751066302723;111.751066302723;111.751066302723;1.33462;2;21639.4223522048 * x_10;1;64.5434972679864;106.164220716618
2;4838.12097351477 * CompressionMethod + 23808.6564831324 * x_10 + 12187.151753758 * x_8;71.5474792273114;71.5474792273114;71.5474792273114;71.5474792273114;4.043735;3;12187.151753758 * x_8;1;40.2035870754118;71.5598926891187
3;3262.57639649614 * CompressionMethod + 23030.6628306335 * x_10 + 12124.0992508222 * x_8 + 11801.8003972917 * BZip2;51.8032989367261;51.8032989367261;51.8032989367261;51.8032989367261;8.788413;4;11801.8003972917 * BZip2;1;19.7441802905853;59.9074334877837
4;3466.9737550925 * CompressionMethod + 28745.7244361294 * x_10 + 12132.2791304909 * x_8 + 10270.7381455006 * BZip2 + -24433.8302666955 * x_10 * PPMd;45.197996665068;45.197996665068;45.197996665068;45.197996665068;16.054144;6;-24433.8302666955 * x_10 * PPMd;2;3.30265113582907;53.0968493566605
5;3500.61222526133 * CompressionMethod + 28777.3247238638 * x_10 + 13626.8998018487 * x_8 + 10018.7652617158 * BZip2 + -24499.0690245992 * x_10 * PPMd + -10266.2620271107 * x_8 * PPMd;42.2275618976358;42.2275618976358;42.2275618976358;42.2275618976358;26.218615;8;-10266.2620271107 * x_8 * PPMd;2;1.48521738371607;48.1384951865561
6;3303.99026354901 * CompressionMethod + 28592.6162477121 * x_10 + 15270.7441475367 * x_8 + 11491.5849963645 * BZip2 + -24117.7385867341 * x_10 * PPMd + -11713.4844110876 * x_8 * PPMd + -10380.1289312586 * x_8 * BZip2;40.1120282585857;40.1120282585857;40.1120282585857;40.1120282585857;39.755017;10;-10380.1289312586 * x_8 * BZip2;2;1.05776681952507;46.704503170246
7;3186.64633095696 * CompressionMethod + 25772.3610378665 * x_10 + 15388.0880801284 * x_8 + 12370.5634083277 * BZip2 + -21180.1394442957 * x_10 * PPMd + -11713.4844110868 * x_8 * PPMd + -11259.1073432222 * x_8 * BZip2 + 15700.449152916 * x_10 * Deflate;38.333730967231;38.333730967231;38.333730967231;38.333730967231;57.266018;12;15700.449152916 * x_10 * Deflate;2;0.889148645677352;45.2199208546179
8;3342.48475414663 * CompressionMethod + 25655.404606054 * x_10 + 15232.2496569389 * x_8 + 12246.3100880542 * BZip2 + -20555.0861695799 * x_10 * PPMd + -11049.5491449932 * x_8 * PPMd + -11134.8540229489 * x_8 * BZip2 + 15661.5671615381 * x_10 * Deflate + -663.935266091974 * PPMd;37.9838253272364;37.9838253272364;37.9838253272364;37.9838253272364;79.547697;13;-663.935266091974 * PPMd;1;0.349905639994596;43.5465893568304
9;3342.48475414657 * CompressionMethod + 25655.4046060544 * x_10 + 15232.249656939 * x_8 + 12246.3100880544 * BZip2 + -20424.4441424155 * x_10 * PPMd + -11015.1893423833 * x_8 * PPMd + -11134.8540229492 * x_8 * BZip2 + 15661.5671615378 * x_10 * Deflate + -1088.20792714056 * PPMd + 562.497238403655 * PPMd * tmOff;37.2282085613822;37.2282085613822;37.2282085613822;37.2282085613822;108.378947;15;562.497238403655 * PPMd * tmOff;2;0.377808382927082;43.126248936616
10;3448.10280450097 * CompressionMethod + 24910.1524883728 * x_10 + 15126.6316065847 * x_8 + 14290.3580858171 * BZip2 + -19679.1920247341 * x_10 * PPMd + -10909.5712920294 * x_8 * PPMd + -13178.9020207125 * x_8 * BZip2 + 16301.201228866 * x_10 * Deflate + -1193.82597749469 * PPMd + 562.497238403483 * PPMd * tmOff + -11314.0290721373 * BZip2 * x_2;36.8619916857404;36.8619916857404;36.8619916857404;36.8619916857404;144.900843;17;-11314.0290721373 * BZip2 * x_2;2;0.18310843782092;41.7943429744347
Analyze finished
command: clean-sampling
command: clean-global
