Current machine learning settings: epsilon:0 lossFunction:RELATIVE parallelization:True bagging:False baggingNumbers:3 considerEpsilonTube:False baggingTestDataFraction:50 useBackward:False abortError:1 limitFeatureSize:False featureSizeTreshold:4 quadraticFunctionSupport:True crossValidation:False crossValidation-k:5 learn-logFunction:False learn-accumulatedLogFunction:False learn-asymFunction:False learn-ratioFunction:False learn-mirrowedFunction:False learn-numeric-disabled:True numberOfRounds:70 backwardErrorDelta:1 minImprovementPerRound:0.1 withHierarchy:False bruteForceCandidates:False ignoreBadFeatures:False stopOnLongRound:True candidateSizePenalty:True learnTimeLimit:00:00:00 scoreMeasure:RELERROR outputRoundsToStdout:False debug:False pythonInfluenceAnalysis:False blacklisted: 
command: solver z3
command: vm /scratch/kallistos/Distance-Based_Data/SupplementaryWebsite/MeasuredPerformanceValues/Dune/FeatureModel.xml
Warning: Variability model contains outdated notation. Children nodes will no longer have effect on the model. Instead use the parent node to describe the parent of an configuration option. You can also use the converter providedby the Variability Model GUI in export>convert legacy model.
command: all /scratch/kallistos/Distance-Based_Data/SupplementaryWebsite/MeasuredPerformanceValues/Dune/measurements.xml
Configs with too large deviation: 0
2304 configurations loaded.
command: binary grammar-based numConfigs:1071 seed:54  confFaultsReport:./out_grammarBasedFailureReport_t3.log
command: printconfigs ./sampledConfigurations_grammarBased_t3FailureReport.csv
Number to sample: 1071; Number of Configurations in Grammar: 2352
Draw a new random number, cause 1726 is already in drawn.
Draw a new random number, cause 542 is already in drawn.
Draw a new random number, cause 277 is already in drawn.
Draw a new random number, cause 697 is already in drawn.
Draw a new random number, cause 1762 is already in drawn.
Draw a new random number, cause 242 is already in drawn.
Draw a new random number, cause 1199 is already in drawn.
Draw a new random number, cause 341 is already in drawn.
Draw a new random number, cause 970 is already in drawn.
Draw a new random number, cause 254 is already in drawn.
Draw a new random number, cause 754 is already in drawn.
Draw a new random number, cause 1100 is already in drawn.
Draw a new random number, cause 1159 is already in drawn.
Draw a new random number, cause 1785 is already in drawn.
Draw a new random number, cause 242 is already in drawn.
Draw a new random number, cause 542 is already in drawn.
Draw a new random number, cause 697 is already in drawn.
Draw a new random number, cause 79 is already in drawn.
Draw a new random number, cause 220 is already in drawn.
Draw a new random number, cause 618 is already in drawn.
Draw a new random number, cause 214 is already in drawn.
Draw a new random number, cause 1573 is already in drawn.
Draw a new random number, cause 1084 is already in drawn.
Draw a new random number, cause 116 is already in drawn.
Draw a new random number, cause 1720 is already in drawn.
Draw a new random number, cause 1156 is already in drawn.
Draw a new random number, cause 1324 is already in drawn.
Draw a new random number, cause 1285 is already in drawn.
Draw a new random number, cause 571 is already in drawn.
Draw a new random number, cause 2204 is already in drawn.
Draw a new random number, cause 2004 is already in drawn.
Draw a new random number, cause 962 is already in drawn.
Draw a new random number, cause 1568 is already in drawn.
Draw a new random number, cause 2281 is already in drawn.
Draw a new random number, cause 1221 is already in drawn.
Draw a new random number, cause 760 is already in drawn.
Draw a new random number, cause 1374 is already in drawn.
Draw a new random number, cause 472 is already in drawn.
Draw a new random number, cause 107 is already in drawn.
Draw a new random number, cause 1667 is already in drawn.
Draw a new random number, cause 1904 is already in drawn.
Draw a new random number, cause 365 is already in drawn.
Draw a new random number, cause 1029 is already in drawn.
Draw a new random number, cause 771 is already in drawn.
Draw a new random number, cause 107 is already in drawn.
Draw a new random number, cause 2038 is already in drawn.
Draw a new random number, cause 2254 is already in drawn.
Draw a new random number, cause 913 is already in drawn.
Draw a new random number, cause 1572 is already in drawn.
Draw a new random number, cause 988 is already in drawn.
Draw a new random number, cause 702 is already in drawn.
Draw a new random number, cause 1762 is already in drawn.
Draw a new random number, cause 1579 is already in drawn.
Draw a new random number, cause 2186 is already in drawn.
Draw a new random number, cause 1006 is already in drawn.
Draw a new random number, cause 1260 is already in drawn.
Draw a new random number, cause 2047 is already in drawn.
Draw a new random number, cause 2134 is already in drawn.
Draw a new random number, cause 782 is already in drawn.
Draw a new random number, cause 79 is already in drawn.
Draw a new random number, cause 1437 is already in drawn.
Draw a new random number, cause 1273 is already in drawn.
Draw a new random number, cause 1959 is already in drawn.
Draw a new random number, cause 1449 is already in drawn.
Draw a new random number, cause 1977 is already in drawn.
Draw a new random number, cause 769 is already in drawn.
Draw a new random number, cause 865 is already in drawn.
Draw a new random number, cause 119 is already in drawn.
Draw a new random number, cause 1148 is already in drawn.
Draw a new random number, cause 775 is already in drawn.
Draw a new random number, cause 293 is already in drawn.
Draw a new random number, cause 2333 is already in drawn.
Draw a new random number, cause 722 is already in drawn.
Draw a new random number, cause 470 is already in drawn.
Draw a new random number, cause 537 is already in drawn.
Draw a new random number, cause 370 is already in drawn.
Draw a new random number, cause 391 is already in drawn.
Draw a new random number, cause 1880 is already in drawn.
Draw a new random number, cause 788 is already in drawn.
Draw a new random number, cause 865 is already in drawn.
Draw a new random number, cause 1055 is already in drawn.
Draw a new random number, cause 16 is already in drawn.
Draw a new random number, cause 33 is already in drawn.
Draw a new random number, cause 1084 is already in drawn.
Draw a new random number, cause 2033 is already in drawn.
Draw a new random number, cause 2303 is already in drawn.
Draw a new random number, cause 216 is already in drawn.
Draw a new random number, cause 197 is already in drawn.
Draw a new random number, cause 1092 is already in drawn.
Draw a new random number, cause 1063 is already in drawn.
Draw a new random number, cause 810 is already in drawn.
Draw a new random number, cause 220 is already in drawn.
Draw a new random number, cause 1321 is already in drawn.
Draw a new random number, cause 913 is already in drawn.
Draw a new random number, cause 254 is already in drawn.
Draw a new random number, cause 1449 is already in drawn.
Draw a new random number, cause 714 is already in drawn.
Draw a new random number, cause 158 is already in drawn.
Draw a new random number, cause 1514 is already in drawn.
Draw a new random number, cause 659 is already in drawn.
Draw a new random number, cause 254 is already in drawn.
Draw a new random number, cause 1546 is already in drawn.
Draw a new random number, cause 2004 is already in drawn.
Draw a new random number, cause 1047 is already in drawn.
Draw a new random number, cause 1345 is already in drawn.
Draw a new random number, cause 548 is already in drawn.
Draw a new random number, cause 254 is already in drawn.
Draw a new random number, cause 103 is already in drawn.
Draw a new random number, cause 1207 is already in drawn.
Draw a new random number, cause 827 is already in drawn.
Draw a new random number, cause 2281 is already in drawn.
Draw a new random number, cause 866 is already in drawn.
Draw a new random number, cause 2178 is already in drawn.
Draw a new random number, cause 1511 is already in drawn.
Draw a new random number, cause 2144 is already in drawn.
Draw a new random number, cause 241 is already in drawn.
Draw a new random number, cause 470 is already in drawn.
Draw a new random number, cause 814 is already in drawn.
Draw a new random number, cause 1021 is already in drawn.
Draw a new random number, cause 1249 is already in drawn.
Draw a new random number, cause 714 is already in drawn.
Draw a new random number, cause 1291 is already in drawn.
Draw a new random number, cause 518 is already in drawn.
Draw a new random number, cause 621 is already in drawn.
Draw a new random number, cause 1120 is already in drawn.
Draw a new random number, cause 2335 is already in drawn.
Draw a new random number, cause 1967 is already in drawn.
Draw a new random number, cause 968 is already in drawn.
Draw a new random number, cause 1080 is already in drawn.
Draw a new random number, cause 227 is already in drawn.
Draw a new random number, cause 361 is already in drawn.
Draw a new random number, cause 1199 is already in drawn.
Draw a new random number, cause 210 is already in drawn.
Draw a new random number, cause 432 is already in drawn.
Draw a new random number, cause 537 is already in drawn.
Draw a new random number, cause 2082 is already in drawn.
Draw a new random number, cause 1494 is already in drawn.
Draw a new random number, cause 477 is already in drawn.
Draw a new random number, cause 1034 is already in drawn.
Draw a new random number, cause 254 is already in drawn.
Draw a new random number, cause 484 is already in drawn.
Draw a new random number, cause 1449 is already in drawn.
Draw a new random number, cause 2243 is already in drawn.
Draw a new random number, cause 2216 is already in drawn.
Draw a new random number, cause 1494 is already in drawn.
Draw a new random number, cause 641 is already in drawn.
Draw a new random number, cause 1370 is already in drawn.
Draw a new random number, cause 888 is already in drawn.
Draw a new random number, cause 919 is already in drawn.
Draw a new random number, cause 1425 is already in drawn.
Draw a new random number, cause 142 is already in drawn.
Draw a new random number, cause 1159 is already in drawn.
Draw a new random number, cause 1642 is already in drawn.
Draw a new random number, cause 1916 is already in drawn.
Draw a new random number, cause 1285 is already in drawn.
Draw a new random number, cause 660 is already in drawn.
Draw a new random number, cause 659 is already in drawn.
Draw a new random number, cause 1218 is already in drawn.
Draw a new random number, cause 537 is already in drawn.
Draw a new random number, cause 1733 is already in drawn.
Draw a new random number, cause 410 is already in drawn.
Draw a new random number, cause 1233 is already in drawn.
Draw a new random number, cause 1279 is already in drawn.
Draw a new random number, cause 2134 is already in drawn.
Draw a new random number, cause 1998 is already in drawn.
Draw a new random number, cause 1754 is already in drawn.
Draw a new random number, cause 641 is already in drawn.
Draw a new random number, cause 927 is already in drawn.
Draw a new random number, cause 829 is already in drawn.
Draw a new random number, cause 789 is already in drawn.
Draw a new random number, cause 1552 is already in drawn.
Draw a new random number, cause 1999 is already in drawn.
Draw a new random number, cause 1020 is already in drawn.
Draw a new random number, cause 114 is already in drawn.
Draw a new random number, cause 810 is already in drawn.
Draw a new random number, cause 1370 is already in drawn.
Draw a new random number, cause 782 is already in drawn.
Draw a new random number, cause 577 is already in drawn.
Draw a new random number, cause 1425 is already in drawn.
Draw a new random number, cause 62 is already in drawn.
Draw a new random number, cause 1378 is already in drawn.
Draw a new random number, cause 1739 is already in drawn.
Draw a new random number, cause 489 is already in drawn.
Draw a new random number, cause 1787 is already in drawn.
Draw a new random number, cause 99 is already in drawn.
Draw a new random number, cause 2346 is already in drawn.
Draw a new random number, cause 1355 is already in drawn.
Draw a new random number, cause 501 is already in drawn.
Draw a new random number, cause 1972 is already in drawn.
Draw a new random number, cause 236 is already in drawn.
Draw a new random number, cause 542 is already in drawn.
Draw a new random number, cause 895 is already in drawn.
Draw a new random number, cause 521 is already in drawn.
Draw a new random number, cause 1329 is already in drawn.
Draw a new random number, cause 325 is already in drawn.
Draw a new random number, cause 498 is already in drawn.
Draw a new random number, cause 1194 is already in drawn.
Draw a new random number, cause 1302 is already in drawn.
Draw a new random number, cause 2078 is already in drawn.
Draw a new random number, cause 579 is already in drawn.
Draw a new random number, cause 816 is already in drawn.
Draw a new random number, cause 1708 is already in drawn.
Draw a new random number, cause 1573 is already in drawn.
Draw a new random number, cause 1291 is already in drawn.
Draw a new random number, cause 155 is already in drawn.
Draw a new random number, cause 697 is already in drawn.
Draw a new random number, cause 1979 is already in drawn.
Draw a new random number, cause 790 is already in drawn.
Draw a new random number, cause 2142 is already in drawn.
Draw a new random number, cause 1344 is already in drawn.
Draw a new random number, cause 682 is already in drawn.
Draw a new random number, cause 1972 is already in drawn.
Draw a new random number, cause 97 is already in drawn.
Draw a new random number, cause 1675 is already in drawn.
Draw a new random number, cause 62 is already in drawn.
Draw a new random number, cause 1132 is already in drawn.
Draw a new random number, cause 198 is already in drawn.
Draw a new random number, cause 1931 is already in drawn.
Draw a new random number, cause 1165 is already in drawn.
Draw a new random number, cause 1095 is already in drawn.
Draw a new random number, cause 1207 is already in drawn.
Draw a new random number, cause 888 is already in drawn.
Draw a new random number, cause 600 is already in drawn.
Draw a new random number, cause 53 is already in drawn.
Draw a new random number, cause 279 is already in drawn.
Draw a new random number, cause 1795 is already in drawn.
Draw a new random number, cause 1946 is already in drawn.
Draw a new random number, cause 609 is already in drawn.
Draw a new random number, cause 2250 is already in drawn.
Draw a new random number, cause 248 is already in drawn.
Draw a new random number, cause 1063 is already in drawn.
Draw a new random number, cause 1511 is already in drawn.
Draw a new random number, cause 442 is already in drawn.
Draw a new random number, cause 1172 is already in drawn.
Draw a new random number, cause 904 is already in drawn.
Draw a new random number, cause 912 is already in drawn.
Draw a new random number, cause 253 is already in drawn.
Draw a new random number, cause 785 is already in drawn.
Draw a new random number, cause 1137 is already in drawn.
Draw a new random number, cause 158 is already in drawn.
Draw a new random number, cause 2336 is already in drawn.
Draw a new random number, cause 2144 is already in drawn.
Draw a new random number, cause 2006 is already in drawn.
Draw a new random number, cause 518 is already in drawn.
Draw a new random number, cause 997 is already in drawn.
Draw a new random number, cause 1572 is already in drawn.
Draw a new random number, cause 2312 is already in drawn.
Draw a new random number, cause 641 is already in drawn.
Draw a new random number, cause 1787 is already in drawn.
Draw a new random number, cause 919 is already in drawn.
Draw a new random number, cause 834 is already in drawn.
Draw a new random number, cause 2326 is already in drawn.
Draw a new random number, cause 218 is already in drawn.
Draw a new random number, cause 181 is already in drawn.
Draw a new random number, cause 607 is already in drawn.
Draw a new random number, cause 1667 is already in drawn.
Draw a new random number, cause 696 is already in drawn.
Draw a new random number, cause 197 is already in drawn.
Draw a new random number, cause 1341 is already in drawn.
Draw a new random number, cause 959 is already in drawn.
Draw a new random number, cause 1361 is already in drawn.
Draw a new random number, cause 1345 is already in drawn.
Draw a new random number, cause 1137 is already in drawn.
Draw a new random number, cause 26 is already in drawn.
Draw a new random number, cause 1159 is already in drawn.
Draw a new random number, cause 74 is already in drawn.
Draw a new random number, cause 254 is already in drawn.
Draw a new random number, cause 2079 is already in drawn.
Draw a new random number, cause 2219 is already in drawn.
Draw a new random number, cause 816 is already in drawn.
Draw a new random number, cause 953 is already in drawn.
Draw a new random number, cause 1265 is already in drawn.
Draw a new random number, cause 520 is already in drawn.
Draw a new random number, cause 1573 is already in drawn.
Draw a new random number, cause 1519 is already in drawn.
Draw a new random number, cause 1574 is already in drawn.
Draw a new random number, cause 1020 is already in drawn.
Draw a new random number, cause 567 is already in drawn.
Draw a new random number, cause 1080 is already in drawn.
Draw a new random number, cause 1124 is already in drawn.
Draw a new random number, cause 2303 is already in drawn.
Draw a new random number, cause 1092 is already in drawn.
Draw a new random number, cause 2013 is already in drawn.
Draw a new random number, cause 985 is already in drawn.
Draw a new random number, cause 1425 is already in drawn.
Draw a new random number, cause 782 is already in drawn.
Draw a new random number, cause 2134 is already in drawn.
Draw a new random number, cause 2005 is already in drawn.
Draw a new random number, cause 1293 is already in drawn.
Draw a new random number, cause 919 is already in drawn.
Draw a new random number, cause 253 is already in drawn.
Draw a new random number, cause 438 is already in drawn.
Draw a new random number, cause 1820 is already in drawn.
Draw a new random number, cause 7 is already in drawn.
Draw a new random number, cause 934 is already in drawn.
Draw a new random number, cause 1631 is already in drawn.
Draw a new random number, cause 1314 is already in drawn.
Draw a new random number, cause 2110 is already in drawn.
Draw a new random number, cause 752 is already in drawn.
Draw a new random number, cause 216 is already in drawn.
Draw a new random number, cause 786 is already in drawn.
Draw a new random number, cause 785 is already in drawn.
Draw a new random number, cause 84 is already in drawn.
Draw a new random number, cause 865 is already in drawn.
Draw a new random number, cause 133 is already in drawn.
Draw a new random number, cause 2074 is already in drawn.
Draw a new random number, cause 1136 is already in drawn.
Draw a new random number, cause 193 is already in drawn.
Draw a new random number, cause 661 is already in drawn.
Draw a new random number, cause 2078 is already in drawn.
Draw a new random number, cause 1706 is already in drawn.
Draw a new random number, cause 1820 is already in drawn.
Draw a new random number, cause 132 is already in drawn.
Draw a new random number, cause 1024 is already in drawn.
Draw a new random number, cause 2183 is already in drawn.
Draw a new random number, cause 1337 is already in drawn.
Draw a new random number, cause 1464 is already in drawn.
Draw a new random number, cause 363 is already in drawn.
Draw a new random number, cause 1286 is already in drawn.
Draw a new random number, cause 1574 is already in drawn.
Draw a new random number, cause 204 is already in drawn.
Draw a new random number, cause 2165 is already in drawn.
Draw a new random number, cause 1038 is already in drawn.
Draw a new random number, cause 1462 is already in drawn.
Draw a new random number, cause 385 is already in drawn.
Draw a new random number, cause 1132 is already in drawn.
Draw a new random number, cause 1233 is already in drawn.
Draw a new random number, cause 642 is already in drawn.
Draw a new random number, cause 311 is already in drawn.
Draw a new random number, cause 770 is already in drawn.
Draw a new random number, cause 1183 is already in drawn.
Draw a new random number, cause 1647 is already in drawn.
Draw a new random number, cause 652 is already in drawn.
Draw a new random number, cause 1371 is already in drawn.
Draw a new random number, cause 524 is already in drawn.
Draw a new random number, cause 490 is already in drawn.
Draw a new random number, cause 1148 is already in drawn.
Draw a new random number, cause 1810 is already in drawn.
Draw a new random number, cause 772 is already in drawn.
Draw a new random number, cause 85 is already in drawn.
Draw a new random number, cause 675 is already in drawn.
Draw a new random number, cause 1600 is already in drawn.
Draw a new random number, cause 204 is already in drawn.
Draw a new random number, cause 2330 is already in drawn.
Draw a new random number, cause 1211 is already in drawn.
Draw a new random number, cause 1145 is already in drawn.
Draw a new random number, cause 103 is already in drawn.
Draw a new random number, cause 960 is already in drawn.
Draw a new random number, cause 131 is already in drawn.
Draw a new random number, cause 827 is already in drawn.
Draw a new random number, cause 904 is already in drawn.
Draw a new random number, cause 1077 is already in drawn.
Draw a new random number, cause 1377 is already in drawn.
Draw a new random number, cause 2256 is already in drawn.
Draw a new random number, cause 64 is already in drawn.
Draw a new random number, cause 1668 is already in drawn.
Draw a new random number, cause 427 is already in drawn.
Draw a new random number, cause 170 is already in drawn.
Draw a new random number, cause 517 is already in drawn.
Draw a new random number, cause 1372 is already in drawn.
Draw a new random number, cause 1469 is already in drawn.
Draw a new random number, cause 1430 is already in drawn.
Draw a new random number, cause 133 is already in drawn.
Draw a new random number, cause 680 is already in drawn.
Draw a new random number, cause 2228 is already in drawn.
Draw a new random number, cause 301 is already in drawn.
Draw a new random number, cause 1651 is already in drawn.
Draw a new random number, cause 855 is already in drawn.
Draw a new random number, cause 1199 is already in drawn.
Draw a new random number, cause 1379 is already in drawn.
Draw a new random number, cause 1251 is already in drawn.
33 drawn configurations were invalid
command: clean-sampling
command: clean-global
