Current machine learning settings: epsilon:0 lossFunction:RELATIVE parallelization:True bagging:False baggingNumbers:3 considerEpsilonTube:False baggingTestDataFraction:50 useBackward:False abortError:1 limitFeatureSize:False featureSizeTreshold:4 quadraticFunctionSupport:True crossValidation:False crossValidation-k:5 learn-logFunction:False learn-accumulatedLogFunction:False learn-asymFunction:False learn-ratioFunction:False learn-mirrowedFunction:False learn-numeric-disabled:True numberOfRounds:70 backwardErrorDelta:1 minImprovementPerRound:0.1 withHierarchy:False bruteForceCandidates:False ignoreBadFeatures:False stopOnLongRound:True candidateSizePenalty:True learnTimeLimit:00:00:00 scoreMeasure:RELERROR outputRoundsToStdout:False debug:False pythonInfluenceAnalysis:False blacklisted: 
command: solver z3
command: vm /scratch/kallistos/Distance-Based_Data/SupplementaryWebsite/MeasuredPerformanceValues/Dune/FeatureModel.xml
Warning: Variability model contains outdated notation. Children nodes will no longer have effect on the model. Instead use the parent node to describe the parent of an configuration option. You can also use the converter providedby the Variability Model GUI in export>convert legacy model.
command: all /scratch/kallistos/Distance-Based_Data/SupplementaryWebsite/MeasuredPerformanceValues/Dune/measurements.xml
Configs with too large deviation: 0
2304 configurations loaded.
command: binary grammar-based numConfigs:1071 seed:55  confFaultsReport:./out_grammarBasedFailureReport_t3.log
command: printconfigs ./sampledConfigurations_grammarBased_t3FailureReport.csv
Number to sample: 1071; Number of Configurations in Grammar: 2352
Draw a new random number, cause 803 is already in drawn.
Draw a new random number, cause 1467 is already in drawn.
Draw a new random number, cause 1465 is already in drawn.
Draw a new random number, cause 1906 is already in drawn.
Draw a new random number, cause 2271 is already in drawn.
Draw a new random number, cause 1857 is already in drawn.
Draw a new random number, cause 956 is already in drawn.
Draw a new random number, cause 389 is already in drawn.
Draw a new random number, cause 2141 is already in drawn.
Draw a new random number, cause 1354 is already in drawn.
Draw a new random number, cause 1191 is already in drawn.
Draw a new random number, cause 810 is already in drawn.
Draw a new random number, cause 2054 is already in drawn.
Draw a new random number, cause 1222 is already in drawn.
Draw a new random number, cause 1899 is already in drawn.
Draw a new random number, cause 1629 is already in drawn.
Draw a new random number, cause 580 is already in drawn.
Draw a new random number, cause 1532 is already in drawn.
Draw a new random number, cause 1532 is already in drawn.
Draw a new random number, cause 2223 is already in drawn.
Draw a new random number, cause 2212 is already in drawn.
Draw a new random number, cause 1263 is already in drawn.
Draw a new random number, cause 520 is already in drawn.
Draw a new random number, cause 1629 is already in drawn.
Draw a new random number, cause 1263 is already in drawn.
Draw a new random number, cause 752 is already in drawn.
Draw a new random number, cause 433 is already in drawn.
Draw a new random number, cause 176 is already in drawn.
Draw a new random number, cause 20 is already in drawn.
Draw a new random number, cause 33 is already in drawn.
Draw a new random number, cause 2266 is already in drawn.
Draw a new random number, cause 1143 is already in drawn.
Draw a new random number, cause 175 is already in drawn.
Draw a new random number, cause 389 is already in drawn.
Draw a new random number, cause 1434 is already in drawn.
Draw a new random number, cause 669 is already in drawn.
Draw a new random number, cause 1817 is already in drawn.
Draw a new random number, cause 1012 is already in drawn.
Draw a new random number, cause 1857 is already in drawn.
Draw a new random number, cause 1078 is already in drawn.
Draw a new random number, cause 331 is already in drawn.
Draw a new random number, cause 1404 is already in drawn.
Draw a new random number, cause 2188 is already in drawn.
Draw a new random number, cause 1737 is already in drawn.
Draw a new random number, cause 1910 is already in drawn.
Draw a new random number, cause 1528 is already in drawn.
Draw a new random number, cause 2338 is already in drawn.
Draw a new random number, cause 1629 is already in drawn.
Draw a new random number, cause 73 is already in drawn.
Draw a new random number, cause 2119 is already in drawn.
Draw a new random number, cause 2350 is already in drawn.
Draw a new random number, cause 184 is already in drawn.
Draw a new random number, cause 1996 is already in drawn.
Draw a new random number, cause 2152 is already in drawn.
Draw a new random number, cause 1285 is already in drawn.
Draw a new random number, cause 1577 is already in drawn.
Draw a new random number, cause 1423 is already in drawn.
Draw a new random number, cause 1169 is already in drawn.
Draw a new random number, cause 364 is already in drawn.
Draw a new random number, cause 1952 is already in drawn.
Draw a new random number, cause 392 is already in drawn.
Draw a new random number, cause 2003 is already in drawn.
Draw a new random number, cause 1344 is already in drawn.
Draw a new random number, cause 2350 is already in drawn.
Draw a new random number, cause 1399 is already in drawn.
Draw a new random number, cause 138 is already in drawn.
Draw a new random number, cause 266 is already in drawn.
Draw a new random number, cause 573 is already in drawn.
Draw a new random number, cause 1619 is already in drawn.
Draw a new random number, cause 1982 is already in drawn.
Draw a new random number, cause 1052 is already in drawn.
Draw a new random number, cause 105 is already in drawn.
Draw a new random number, cause 1702 is already in drawn.
Draw a new random number, cause 1439 is already in drawn.
Draw a new random number, cause 1771 is already in drawn.
Draw a new random number, cause 1841 is already in drawn.
Draw a new random number, cause 1678 is already in drawn.
Draw a new random number, cause 789 is already in drawn.
Draw a new random number, cause 352 is already in drawn.
Draw a new random number, cause 1029 is already in drawn.
Draw a new random number, cause 1979 is already in drawn.
Draw a new random number, cause 1375 is already in drawn.
Draw a new random number, cause 1737 is already in drawn.
Draw a new random number, cause 1386 is already in drawn.
Draw a new random number, cause 417 is already in drawn.
Draw a new random number, cause 251 is already in drawn.
Draw a new random number, cause 2271 is already in drawn.
Draw a new random number, cause 364 is already in drawn.
Draw a new random number, cause 1081 is already in drawn.
Draw a new random number, cause 1070 is already in drawn.
Draw a new random number, cause 1152 is already in drawn.
Draw a new random number, cause 1930 is already in drawn.
Draw a new random number, cause 272 is already in drawn.
Draw a new random number, cause 320 is already in drawn.
Draw a new random number, cause 2309 is already in drawn.
Draw a new random number, cause 2260 is already in drawn.
Draw a new random number, cause 1437 is already in drawn.
Draw a new random number, cause 2136 is already in drawn.
Draw a new random number, cause 2276 is already in drawn.
Draw a new random number, cause 1012 is already in drawn.
Draw a new random number, cause 1509 is already in drawn.
Draw a new random number, cause 1814 is already in drawn.
Draw a new random number, cause 344 is already in drawn.
Draw a new random number, cause 786 is already in drawn.
Draw a new random number, cause 578 is already in drawn.
Draw a new random number, cause 1154 is already in drawn.
Draw a new random number, cause 1104 is already in drawn.
Draw a new random number, cause 123 is already in drawn.
Draw a new random number, cause 1123 is already in drawn.
Draw a new random number, cause 1611 is already in drawn.
Draw a new random number, cause 216 is already in drawn.
Draw a new random number, cause 1588 is already in drawn.
Draw a new random number, cause 946 is already in drawn.
Draw a new random number, cause 2122 is already in drawn.
Draw a new random number, cause 1530 is already in drawn.
Draw a new random number, cause 1007 is already in drawn.
Draw a new random number, cause 2161 is already in drawn.
Draw a new random number, cause 1020 is already in drawn.
Draw a new random number, cause 1881 is already in drawn.
Draw a new random number, cause 659 is already in drawn.
Draw a new random number, cause 352 is already in drawn.
Draw a new random number, cause 1972 is already in drawn.
Draw a new random number, cause 788 is already in drawn.
Draw a new random number, cause 81 is already in drawn.
Draw a new random number, cause 384 is already in drawn.
Draw a new random number, cause 2102 is already in drawn.
Draw a new random number, cause 1727 is already in drawn.
Draw a new random number, cause 1537 is already in drawn.
Draw a new random number, cause 1918 is already in drawn.
Draw a new random number, cause 1070 is already in drawn.
Draw a new random number, cause 1961 is already in drawn.
Draw a new random number, cause 788 is already in drawn.
Draw a new random number, cause 2003 is already in drawn.
Draw a new random number, cause 1756 is already in drawn.
Draw a new random number, cause 2144 is already in drawn.
Draw a new random number, cause 1488 is already in drawn.
Draw a new random number, cause 1827 is already in drawn.
Draw a new random number, cause 1798 is already in drawn.
Draw a new random number, cause 699 is already in drawn.
Draw a new random number, cause 1910 is already in drawn.
Draw a new random number, cause 1283 is already in drawn.
Draw a new random number, cause 1810 is already in drawn.
Draw a new random number, cause 389 is already in drawn.
Draw a new random number, cause 480 is already in drawn.
Draw a new random number, cause 1129 is already in drawn.
Draw a new random number, cause 1952 is already in drawn.
Draw a new random number, cause 182 is already in drawn.
Draw a new random number, cause 1380 is already in drawn.
Draw a new random number, cause 610 is already in drawn.
Draw a new random number, cause 261 is already in drawn.
Draw a new random number, cause 1030 is already in drawn.
Draw a new random number, cause 1925 is already in drawn.
Draw a new random number, cause 2141 is already in drawn.
Draw a new random number, cause 1121 is already in drawn.
Draw a new random number, cause 93 is already in drawn.
Draw a new random number, cause 1386 is already in drawn.
Draw a new random number, cause 1663 is already in drawn.
Draw a new random number, cause 746 is already in drawn.
Draw a new random number, cause 1501 is already in drawn.
Draw a new random number, cause 1029 is already in drawn.
Draw a new random number, cause 372 is already in drawn.
Draw a new random number, cause 1528 is already in drawn.
Draw a new random number, cause 690 is already in drawn.
Draw a new random number, cause 1628 is already in drawn.
Draw a new random number, cause 2351 is already in drawn.
Draw a new random number, cause 1143 is already in drawn.
Draw a new random number, cause 76 is already in drawn.
Draw a new random number, cause 205 is already in drawn.
Draw a new random number, cause 1576 is already in drawn.
Draw a new random number, cause 2102 is already in drawn.
Draw a new random number, cause 433 is already in drawn.
Draw a new random number, cause 33 is already in drawn.
Draw a new random number, cause 1121 is already in drawn.
Draw a new random number, cause 175 is already in drawn.
Draw a new random number, cause 1424 is already in drawn.
Draw a new random number, cause 1007 is already in drawn.
Draw a new random number, cause 696 is already in drawn.
Draw a new random number, cause 1129 is already in drawn.
Draw a new random number, cause 1537 is already in drawn.
Draw a new random number, cause 1300 is already in drawn.
Draw a new random number, cause 776 is already in drawn.
Draw a new random number, cause 1289 is already in drawn.
Draw a new random number, cause 1775 is already in drawn.
Draw a new random number, cause 1489 is already in drawn.
Draw a new random number, cause 148 is already in drawn.
Draw a new random number, cause 1199 is already in drawn.
Draw a new random number, cause 1857 is already in drawn.
Draw a new random number, cause 485 is already in drawn.
Draw a new random number, cause 1015 is already in drawn.
Draw a new random number, cause 1530 is already in drawn.
Draw a new random number, cause 1354 is already in drawn.
Draw a new random number, cause 2172 is already in drawn.
Draw a new random number, cause 180 is already in drawn.
Draw a new random number, cause 1450 is already in drawn.
Draw a new random number, cause 215 is already in drawn.
Draw a new random number, cause 1828 is already in drawn.
Draw a new random number, cause 1228 is already in drawn.
Draw a new random number, cause 1297 is already in drawn.
Draw a new random number, cause 304 is already in drawn.
Draw a new random number, cause 190 is already in drawn.
Draw a new random number, cause 2309 is already in drawn.
Draw a new random number, cause 1572 is already in drawn.
Draw a new random number, cause 2287 is already in drawn.
Draw a new random number, cause 2172 is already in drawn.
Draw a new random number, cause 1595 is already in drawn.
Draw a new random number, cause 279 is already in drawn.
Draw a new random number, cause 1391 is already in drawn.
Draw a new random number, cause 752 is already in drawn.
Draw a new random number, cause 1275 is already in drawn.
Draw a new random number, cause 2069 is already in drawn.
Draw a new random number, cause 1698 is already in drawn.
Draw a new random number, cause 1460 is already in drawn.
Draw a new random number, cause 1375 is already in drawn.
Draw a new random number, cause 483 is already in drawn.
Draw a new random number, cause 749 is already in drawn.
Draw a new random number, cause 864 is already in drawn.
Draw a new random number, cause 518 is already in drawn.
Draw a new random number, cause 1354 is already in drawn.
Draw a new random number, cause 1257 is already in drawn.
Draw a new random number, cause 480 is already in drawn.
Draw a new random number, cause 1087 is already in drawn.
Draw a new random number, cause 1017 is already in drawn.
Draw a new random number, cause 2211 is already in drawn.
Draw a new random number, cause 2054 is already in drawn.
Draw a new random number, cause 831 is already in drawn.
Draw a new random number, cause 1051 is already in drawn.
Draw a new random number, cause 510 is already in drawn.
Draw a new random number, cause 1316 is already in drawn.
Draw a new random number, cause 565 is already in drawn.
Draw a new random number, cause 1550 is already in drawn.
Draw a new random number, cause 671 is already in drawn.
Draw a new random number, cause 238 is already in drawn.
Draw a new random number, cause 352 is already in drawn.
Draw a new random number, cause 1219 is already in drawn.
Draw a new random number, cause 1498 is already in drawn.
Draw a new random number, cause 1393 is already in drawn.
Draw a new random number, cause 1309 is already in drawn.
Draw a new random number, cause 1546 is already in drawn.
Draw a new random number, cause 2044 is already in drawn.
Draw a new random number, cause 660 is already in drawn.
Draw a new random number, cause 1383 is already in drawn.
Draw a new random number, cause 1727 is already in drawn.
Draw a new random number, cause 293 is already in drawn.
Draw a new random number, cause 2136 is already in drawn.
Draw a new random number, cause 2122 is already in drawn.
Draw a new random number, cause 1857 is already in drawn.
Draw a new random number, cause 1570 is already in drawn.
Draw a new random number, cause 1369 is already in drawn.
Draw a new random number, cause 304 is already in drawn.
Draw a new random number, cause 659 is already in drawn.
Draw a new random number, cause 1702 is already in drawn.
Draw a new random number, cause 1442 is already in drawn.
Draw a new random number, cause 837 is already in drawn.
Draw a new random number, cause 2351 is already in drawn.
Draw a new random number, cause 1605 is already in drawn.
Draw a new random number, cause 1015 is already in drawn.
Draw a new random number, cause 1860 is already in drawn.
Draw a new random number, cause 1203 is already in drawn.
Draw a new random number, cause 13 is already in drawn.
Draw a new random number, cause 837 is already in drawn.
Draw a new random number, cause 2181 is already in drawn.
Draw a new random number, cause 1338 is already in drawn.
Draw a new random number, cause 425 is already in drawn.
Draw a new random number, cause 1984 is already in drawn.
Draw a new random number, cause 1424 is already in drawn.
Draw a new random number, cause 1839 is already in drawn.
Draw a new random number, cause 629 is already in drawn.
Draw a new random number, cause 499 is already in drawn.
Draw a new random number, cause 1355 is already in drawn.
Draw a new random number, cause 1421 is already in drawn.
Draw a new random number, cause 2267 is already in drawn.
Draw a new random number, cause 139 is already in drawn.
Draw a new random number, cause 604 is already in drawn.
Draw a new random number, cause 2275 is already in drawn.
Draw a new random number, cause 1008 is already in drawn.
Draw a new random number, cause 2330 is already in drawn.
Draw a new random number, cause 7 is already in drawn.
Draw a new random number, cause 327 is already in drawn.
Draw a new random number, cause 969 is already in drawn.
Draw a new random number, cause 1380 is already in drawn.
Draw a new random number, cause 565 is already in drawn.
Draw a new random number, cause 1843 is already in drawn.
Draw a new random number, cause 208 is already in drawn.
Draw a new random number, cause 2334 is already in drawn.
Draw a new random number, cause 509 is already in drawn.
Draw a new random number, cause 780 is already in drawn.
Draw a new random number, cause 1884 is already in drawn.
Draw a new random number, cause 1328 is already in drawn.
Draw a new random number, cause 1532 is already in drawn.
Draw a new random number, cause 186 is already in drawn.
Draw a new random number, cause 2115 is already in drawn.
Draw a new random number, cause 1121 is already in drawn.
Draw a new random number, cause 123 is already in drawn.
Draw a new random number, cause 1903 is already in drawn.
Draw a new random number, cause 1297 is already in drawn.
Draw a new random number, cause 1806 is already in drawn.
Draw a new random number, cause 1925 is already in drawn.
Draw a new random number, cause 1152 is already in drawn.
Draw a new random number, cause 1678 is already in drawn.
Draw a new random number, cause 284 is already in drawn.
Draw a new random number, cause 1514 is already in drawn.
Draw a new random number, cause 690 is already in drawn.
Draw a new random number, cause 2127 is already in drawn.
Draw a new random number, cause 1993 is already in drawn.
Draw a new random number, cause 1384 is already in drawn.
Draw a new random number, cause 577 is already in drawn.
Draw a new random number, cause 2186 is already in drawn.
Draw a new random number, cause 10 is already in drawn.
Draw a new random number, cause 1132 is already in drawn.
Draw a new random number, cause 2271 is already in drawn.
Draw a new random number, cause 1980 is already in drawn.
Draw a new random number, cause 1891 is already in drawn.
Draw a new random number, cause 2289 is already in drawn.
Draw a new random number, cause 2104 is already in drawn.
Draw a new random number, cause 2283 is already in drawn.
Draw a new random number, cause 138 is already in drawn.
Draw a new random number, cause 1501 is already in drawn.
Draw a new random number, cause 420 is already in drawn.
Draw a new random number, cause 2128 is already in drawn.
Draw a new random number, cause 1656 is already in drawn.
Draw a new random number, cause 903 is already in drawn.
Draw a new random number, cause 540 is already in drawn.
Draw a new random number, cause 142 is already in drawn.
Draw a new random number, cause 2270 is already in drawn.
Draw a new random number, cause 2138 is already in drawn.
Draw a new random number, cause 2226 is already in drawn.
Draw a new random number, cause 1423 is already in drawn.
Draw a new random number, cause 1503 is already in drawn.
Draw a new random number, cause 1209 is already in drawn.
Draw a new random number, cause 571 is already in drawn.
Draw a new random number, cause 2006 is already in drawn.
Draw a new random number, cause 824 is already in drawn.
Draw a new random number, cause 2048 is already in drawn.
Draw a new random number, cause 307 is already in drawn.
Draw a new random number, cause 792 is already in drawn.
Draw a new random number, cause 2350 is already in drawn.
Draw a new random number, cause 2259 is already in drawn.
Draw a new random number, cause 229 is already in drawn.
Draw a new random number, cause 1405 is already in drawn.
Draw a new random number, cause 1590 is already in drawn.
Draw a new random number, cause 1973 is already in drawn.
Draw a new random number, cause 601 is already in drawn.
Draw a new random number, cause 1165 is already in drawn.
Draw a new random number, cause 1073 is already in drawn.
Draw a new random number, cause 1396 is already in drawn.
Draw a new random number, cause 52 is already in drawn.
Draw a new random number, cause 1451 is already in drawn.
Draw a new random number, cause 1792 is already in drawn.
Draw a new random number, cause 1663 is already in drawn.
Draw a new random number, cause 2289 is already in drawn.
Draw a new random number, cause 2101 is already in drawn.
Draw a new random number, cause 90 is already in drawn.
Draw a new random number, cause 1918 is already in drawn.
Draw a new random number, cause 630 is already in drawn.
Draw a new random number, cause 1504 is already in drawn.
Draw a new random number, cause 980 is already in drawn.
Draw a new random number, cause 1047 is already in drawn.
Draw a new random number, cause 950 is already in drawn.
Draw a new random number, cause 218 is already in drawn.
Draw a new random number, cause 586 is already in drawn.
Draw a new random number, cause 20 is already in drawn.
Draw a new random number, cause 1263 is already in drawn.
Draw a new random number, cause 1779 is already in drawn.
Draw a new random number, cause 1979 is already in drawn.
Draw a new random number, cause 2044 is already in drawn.
Draw a new random number, cause 1773 is already in drawn.
Draw a new random number, cause 1532 is already in drawn.
Draw a new random number, cause 208 is already in drawn.
Draw a new random number, cause 302 is already in drawn.
Draw a new random number, cause 1546 is already in drawn.
Draw a new random number, cause 1946 is already in drawn.
Draw a new random number, cause 802 is already in drawn.
Draw a new random number, cause 1702 is already in drawn.
Draw a new random number, cause 1877 is already in drawn.
Draw a new random number, cause 2010 is already in drawn.
18 drawn configurations were invalid
command: clean-sampling
command: clean-global
