Current machine learning settings: epsilon:0 lossFunction:RELATIVE parallelization:True bagging:False baggingNumbers:3 considerEpsilonTube:False baggingTestDataFraction:50 useBackward:False abortError:1 limitFeatureSize:False featureSizeTreshold:4 quadraticFunctionSupport:True crossValidation:False crossValidation-k:5 learn-logFunction:False learn-accumulatedLogFunction:False learn-asymFunction:False learn-ratioFunction:False learn-mirrowedFunction:False learn-numeric-disabled:True numberOfRounds:70 backwardErrorDelta:1 minImprovementPerRound:0.1 withHierarchy:False bruteForceCandidates:False ignoreBadFeatures:False stopOnLongRound:True candidateSizePenalty:True learnTimeLimit:00:00:00 scoreMeasure:RELERROR outputRoundsToStdout:False debug:False pythonInfluenceAnalysis:False blacklisted: 
command: mlsettings bagging:False stopOnLongRound:False parallelization:True lossFunction:RELATIVE useBackward:False abortError:1 limitFeatureSize:False featureSizeTreshold:7 quadraticFunctionSupport:True crossValidation:False learn_logFunction:True numberOfRounds:70 backwardErrorDelta:1 minImprovementPerRound:0.25 withHierarchy:False
Current machine learning settings: epsilon:0 lossFunction:RELATIVE parallelization:True bagging:False baggingNumbers:3 considerEpsilonTube:False baggingTestDataFraction:50 useBackward:False abortError:1 limitFeatureSize:False featureSizeTreshold:7 quadraticFunctionSupport:True crossValidation:False crossValidation-k:5 learn-logFunction:True learn-accumulatedLogFunction:False learn-asymFunction:False learn-ratioFunction:False learn-mirrowedFunction:False learn-numeric-disabled:True numberOfRounds:70 backwardErrorDelta:1 minImprovementPerRound:0.25 withHierarchy:False bruteForceCandidates:False ignoreBadFeatures:False stopOnLongRound:False candidateSizePenalty:True learnTimeLimit:00:00:00 scoreMeasure:RELERROR outputRoundsToStdout:False debug:False pythonInfluenceAnalysis:False blacklisted: 
command: solver z3
command: vm /scratch/kallistos/Distance-Based_Data/SupplementaryWebsite/MeasuredPerformanceValues/Hipacc/FeatureModel.xml
Warning: Variability model contains outdated notation. Children nodes will no longer have effect on the model. Instead use the parent node to describe the parent of an configuration option. You can also use the converter providedby the Variability Model GUI in export>convert legacy model.
Warning: Default value nodes in models are no longer used and should be removed. You can also use the converter provided by the Variability Model GUI in export>convert legacy model to update your model.
command: all /scratch/kallistos/Distance-Based_Data/SupplementaryWebsite/MeasuredPerformanceValues/Hipacc/measurements.xml
Configs with too large deviation: 0
13485 configurations loaded.
command: nfp Performance
command: setsampleset /scratch/kallistos/Distance-Based_Data/Results/Hipacc/Hipacc_44/sampledConfigurations_grammarBased_t3.csv
command: learn-splconqueror
Learning: NumberOfConfigurationsLearning:4182 NumberOfConfigurationsValidation:4182
Learning progress:
1;26.4973801506434 * API + 19.7642889402653 * LocalMemory;20.6063204048216;20.6063204048216;20.6063204048216;20.6063204048216;1.584142;2;19.7642889402653 * LocalMemory;1;12.9646479624662;
2;25.7876940926892 * API + 19.5175567669633 * LocalMemory + 18.4110509517162 * bs_32x1;19.3887232678486;19.3887232678486;19.3887232678486;19.3887232678486;5.63118;3;18.4110509517162 * bs_32x1;1;1.21759713697303;
3;23.7874230430301 * API + 19.2312387598404 * LocalMemory + 18.3945510278202 * bs_32x1 + 7.51422171790632 * pixelPerThread_1;18.1856824843861;18.1856824843861;18.1856824843861;18.1856824843861;12.043343;4;7.51422171790632 * pixelPerThread_1;1;1.20304078346249;
4;23.6867572941929 * API + 17.9498174406462 * LocalMemory + 19.1008256023958 * bs_32x1 + 7.79002322728452 * pixelPerThread_1 + 24.042281821865 * LocalMemory * bs_512x1;17.2935561735119;17.2935561735119;17.2935561735119;17.2935561735119;22.594728;6;24.042281821865 * LocalMemory * bs_512x1;2;0.446063155437095;
5;23.6789583587919 * API + 23.7934342012796 * LocalMemory + 19.1655737108756 * bs_32x1 + 7.80993855467601 * pixelPerThread_1 + 24.4849350577759 * LocalMemory * bs_512x1 + -9.61429998561585 * LocalMemory * TextureMemory;16.5107496865696;16.5107496865696;16.5107496865696;16.5107496865696;37.117856;8;-9.61429998561585 * LocalMemory * TextureMemory;2;0.391403243471169;
6;22.959311542203 * API + 24.3286544752367 * LocalMemory + 19.7102997806976 * bs_32x1 + 7.3745100214163 * pixelPerThread_1 + 24.7314252556757 * LocalMemory * bs_512x1 + -9.57073074294524 * LocalMemory * TextureMemory + 15.9873412648569 * bs_1024x1;16.1191439234957;16.1191439234957;16.1191439234957;16.1191439234957;58.818108;9;15.9873412648569 * bs_1024x1;1;0.391605763073887;
7;23.5431802439311 * API + 23.4205855019285 * LocalMemory + 19.7871705967257 * bs_32x1 + 6.67301597814647 * pixelPerThread_1 + 25.1474192638294 * LocalMemory * bs_512x1 + -9.4880003260569 * LocalMemory * TextureMemory + 8.13619777973217 * bs_1024x1 + 37.4594873476931 * bs_1024x1 * LocalMemory;15.4011534264485;15.4011534264485;15.4011534264485;15.4011534264485;86.205434;11;37.4594873476931 * bs_1024x1 * LocalMemory;2;0.358995248523585;
8;23.1495031370314 * API + 23.5939555162572 * LocalMemory + 20.1081865914256 * bs_32x1 + 6.63099373085397 * pixelPerThread_1 + 25.3920643194191 * LocalMemory * bs_512x1 + -9.51187406956643 * LocalMemory * TextureMemory + 8.54193344455055 * bs_1024x1 + 37.3296094773952 * bs_1024x1 * LocalMemory + 7.91694913113039 * bs_32x32;15.0406345247918;15.0406345247918;15.0406345247918;15.0406345247918;120.213696;12;7.91694913113039 * bs_32x32;1;0.360518901656771;
9;22.7387990251578 * API + 23.8105434797214 * LocalMemory + 20.4483335526314 * bs_32x1 + 6.50096624567132 * pixelPerThread_1 + 25.6284260816663 * LocalMemory * bs_512x1 + -9.5351502787881 * LocalMemory * TextureMemory + 8.98994979130205 * bs_1024x1 + 37.2189266161286 * bs_1024x1 * LocalMemory + 8.30073463599585 * bs_32x32 + 7.48567601759824 * bs_64x16;14.743829627783;14.743829627783;14.743829627783;14.743829627783;162.104149;13;7.48567601759824 * bs_64x16;1;0.296804897008734;
10;23.0942315836765 * API + 23.7601378387046 * LocalMemory + 12.2234709864933 * bs_32x1 + 5.18388914359548 * pixelPerThread_1 + 25.5279262288995 * LocalMemory * bs_512x1 + -9.42906867870919 * LocalMemory * TextureMemory + 9.01246109685711 * bs_1024x1 + 38.1483525884365 * bs_1024x1 * LocalMemory + 8.33985968146423 * bs_32x32 + 7.59766759882677 * bs_64x16 + 28.5401681450677 * pixelPerThread_1 * bs_32x1;14.0813762258163;14.0813762258163;14.0813762258163;14.0813762258163;213.020336;15;28.5401681450677 * pixelPerThread_1 * bs_32x1;2;0.331226700983384;
11;22.6918978233099 * API + 23.9159601811627 * LocalMemory + 12.5320973807798 * bs_32x1 + 5.12330075750602 * pixelPerThread_1 + 25.7644468849935 * LocalMemory * bs_512x1 + -9.39450166278282 * LocalMemory * TextureMemory + 9.43218108975398 * bs_1024x1 + 38.0161444238447 * bs_1024x1 * LocalMemory + 8.70209704435516 * bs_32x32 + 7.96736852518135 * bs_64x16 + 28.5970137204859 * pixelPerThread_1 * bs_32x1 + 7.63083939918394 * bs_128x8;13.8130711563543;13.8130711563543;13.8130711563543;13.8130711563543;274.622499;16;7.63083939918394 * bs_128x8;1;0.26830506946199;
12;22.7586476760089 * API + 24.7319596349849 * LocalMemory + 12.0881413766877 * bs_32x1 + 5.10722040118432 * pixelPerThread_1 + 24.9859875270876 * LocalMemory * bs_512x1 + -9.54898041016704 * LocalMemory * TextureMemory + 9.37004560017377 * bs_1024x1 + 37.2991489200776 * bs_1024x1 * LocalMemory + 8.40394012943141 * bs_32x32 + 7.68677590072134 * bs_64x16 + 28.5855993965515 * pixelPerThread_1 * bs_32x1 + 7.33732616332705 * bs_128x8 + -11.9766984693253 * LocalMemory * bs_32x4;13.3195882360281;13.3195882360281;13.3195882360281;13.3195882360281;347.349562;18;-11.9766984693253 * LocalMemory * bs_32x4;2;0.246741460163112;
Elapsed=00:05:47.4199795
average model: 
command: analyze-learning
Round, Model, LearningError, LearningErrorRel, ValidationError, ValidationErrorRel, ElapsedSeconds, ModelComplexity, BestCandidate, BestCandidateSize, BestCandidateScore, TestError
Models:
Termination reason: minImprovementPerRound
1;26.4973801506434 * API + 19.7642889402653 * LocalMemory;20.6063204048216;20.6063204048216;20.6063204048216;20.6063204048216;1.584142;2;19.7642889402653 * LocalMemory;1;12.9646479624662;20.872003103345
2;25.7876940926892 * API + 19.5175567669633 * LocalMemory + 18.4110509517162 * bs_32x1;19.3887232678486;19.3887232678486;19.3887232678486;19.3887232678486;5.63118;3;18.4110509517162 * bs_32x1;1;1.21759713697303;19.5795530262559
3;23.7874230430301 * API + 19.2312387598404 * LocalMemory + 18.3945510278202 * bs_32x1 + 7.51422171790632 * pixelPerThread_1;18.1856824843861;18.1856824843861;18.1856824843861;18.1856824843861;12.043343;4;7.51422171790632 * pixelPerThread_1;1;1.20304078346249;18.2993703018251
4;23.6867572941929 * API + 17.9498174406462 * LocalMemory + 19.1008256023958 * bs_32x1 + 7.79002322728452 * pixelPerThread_1 + 24.042281821865 * LocalMemory * bs_512x1;17.2935561735119;17.2935561735119;17.2935561735119;17.2935561735119;22.594728;6;24.042281821865 * LocalMemory * bs_512x1;2;0.446063155437095;17.4137995267261
5;23.6789583587919 * API + 23.7934342012796 * LocalMemory + 19.1655737108756 * bs_32x1 + 7.80993855467601 * pixelPerThread_1 + 24.4849350577759 * LocalMemory * bs_512x1 + -9.61429998561585 * LocalMemory * TextureMemory;16.5107496865696;16.5107496865696;16.5107496865696;16.5107496865696;37.117856;8;-9.61429998561585 * LocalMemory * TextureMemory;2;0.391403243471169;16.6516032109398
6;22.959311542203 * API + 24.3286544752367 * LocalMemory + 19.7102997806976 * bs_32x1 + 7.3745100214163 * pixelPerThread_1 + 24.7314252556757 * LocalMemory * bs_512x1 + -9.57073074294524 * LocalMemory * TextureMemory + 15.9873412648569 * bs_1024x1;16.1191439234957;16.1191439234957;16.1191439234957;16.1191439234957;58.818108;9;15.9873412648569 * bs_1024x1;1;0.391605763073887;16.2984671483528
7;23.5431802439311 * API + 23.4205855019285 * LocalMemory + 19.7871705967257 * bs_32x1 + 6.67301597814647 * pixelPerThread_1 + 25.1474192638294 * LocalMemory * bs_512x1 + -9.4880003260569 * LocalMemory * TextureMemory + 8.13619777973217 * bs_1024x1 + 37.4594873476931 * bs_1024x1 * LocalMemory;15.4011534264485;15.4011534264485;15.4011534264485;15.4011534264485;86.205434;11;37.4594873476931 * bs_1024x1 * LocalMemory;2;0.358995248523585;15.6369778689412
8;23.1495031370314 * API + 23.5939555162572 * LocalMemory + 20.1081865914256 * bs_32x1 + 6.63099373085397 * pixelPerThread_1 + 25.3920643194191 * LocalMemory * bs_512x1 + -9.51187406956643 * LocalMemory * TextureMemory + 8.54193344455055 * bs_1024x1 + 37.3296094773952 * bs_1024x1 * LocalMemory + 7.91694913113039 * bs_32x32;15.0406345247918;15.0406345247918;15.0406345247918;15.0406345247918;120.213696;12;7.91694913113039 * bs_32x32;1;0.360518901656771;15.2769662327536
9;22.7387990251578 * API + 23.8105434797214 * LocalMemory + 20.4483335526314 * bs_32x1 + 6.50096624567132 * pixelPerThread_1 + 25.6284260816663 * LocalMemory * bs_512x1 + -9.5351502787881 * LocalMemory * TextureMemory + 8.98994979130205 * bs_1024x1 + 37.2189266161286 * bs_1024x1 * LocalMemory + 8.30073463599585 * bs_32x32 + 7.48567601759824 * bs_64x16;14.743829627783;14.743829627783;14.743829627783;14.743829627783;162.104149;13;7.48567601759824 * bs_64x16;1;0.296804897008734;14.9902909375799
10;23.0942315836765 * API + 23.7601378387046 * LocalMemory + 12.2234709864933 * bs_32x1 + 5.18388914359548 * pixelPerThread_1 + 25.5279262288995 * LocalMemory * bs_512x1 + -9.42906867870919 * LocalMemory * TextureMemory + 9.01246109685711 * bs_1024x1 + 38.1483525884365 * bs_1024x1 * LocalMemory + 8.33985968146423 * bs_32x32 + 7.59766759882677 * bs_64x16 + 28.5401681450677 * pixelPerThread_1 * bs_32x1;14.0813762258163;14.0813762258163;14.0813762258163;14.0813762258163;213.020336;15;28.5401681450677 * pixelPerThread_1 * bs_32x1;2;0.331226700983384;14.3117643212976
11;22.6918978233099 * API + 23.9159601811627 * LocalMemory + 12.5320973807798 * bs_32x1 + 5.12330075750602 * pixelPerThread_1 + 25.7644468849935 * LocalMemory * bs_512x1 + -9.39450166278282 * LocalMemory * TextureMemory + 9.43218108975398 * bs_1024x1 + 38.0161444238447 * bs_1024x1 * LocalMemory + 8.70209704435516 * bs_32x32 + 7.96736852518135 * bs_64x16 + 28.5970137204859 * pixelPerThread_1 * bs_32x1 + 7.63083939918394 * bs_128x8;13.8130711563543;13.8130711563543;13.8130711563543;13.8130711563543;274.622499;16;7.63083939918394 * bs_128x8;1;0.26830506946199;14.0726790108547
12;22.7586476760089 * API + 24.7319596349849 * LocalMemory + 12.0881413766877 * bs_32x1 + 5.10722040118432 * pixelPerThread_1 + 24.9859875270876 * LocalMemory * bs_512x1 + -9.54898041016704 * LocalMemory * TextureMemory + 9.37004560017377 * bs_1024x1 + 37.2991489200776 * bs_1024x1 * LocalMemory + 8.40394012943141 * bs_32x32 + 7.68677590072134 * bs_64x16 + 28.5855993965515 * pixelPerThread_1 * bs_32x1 + 7.33732616332705 * bs_128x8 + -11.9766984693253 * LocalMemory * bs_32x4;13.3195882360281;13.3195882360281;13.3195882360281;13.3195882360281;347.349562;18;-11.9766984693253 * LocalMemory * bs_32x4;2;0.246741460163112;13.60295165701
Analyze finished
command: clean-sampling
command: clean-global
