9735 - OpenCL, Array2D, bs_64x2, padding_64, pixelPerThread_4
13695 - OpenCL, Ldg, LocalMemory, bs_512x1, padding_192, pixelPerThread_4
4744 - OpenCL, Linear1D, LocalMemory, bs_64x16, padding_416, pixelPerThread_1
25279 - CUDA, Array2D, LocalMemory, bs_1024x1, padding_384, pixelPerThread_4
23527 - CUDA, Array2D, bs_128x4, padding_512, pixelPerThread_4
9610 - OpenCL, Array2D, bs_32x2, padding_160, pixelPerThread_3
3688 - OpenCL, Linear1D, bs_512x1, padding_128, pixelPerThread_1
10856 - OpenCL, Array2D, LocalMemory, bs_512x1, padding_352, pixelPerThread_1
3662 - OpenCL, Linear1D, bs_256x4, padding_448, pixelPerThread_3
5521 - OpenCL, Linear1D, LocalMemory, bs_64x8, padding_96, pixelPerThread_2
10955 - OpenCL, Array2D, LocalMemory, bs_1024x1, padding_32, pixelPerThread_4
4577 - OpenCL, Linear1D, LocalMemory, bs_64x1, padding_160, pixelPerThread_2
5298 - OpenCL, Linear1D, LocalMemory, bs_1024x1, padding_480, pixelPerThread_3
23860 - CUDA, Array2D, bs_1024x1, padding_480, pixelPerThread_1
23907 - CUDA, Array2D, bs_32x2, padding_288, pixelPerThread_4
8550 - OpenCL, Linear2D, LocalMemory, bs_256x2, padding_384, pixelPerThread_3
12399 - OpenCL, Ldg, bs_1024x1, padding_160, pixelPerThread_4
11955 - OpenCL, Ldg, bs_128x1, padding_416, pixelPerThread_4
7142 - OpenCL, Linear2D, LocalMemory, bs_32x1, padding_0, pixelPerThread_3
22378 - CUDA, Linear2D, LocalMemory, bs_1024x1, padding_32, pixelPerThread_3
25227 - CUDA, Array2D, LocalMemory, bs_512x2, padding_512, pixelPerThread_4
12821 - OpenCL, Ldg, bs_256x2, padding_288, pixelPerThread_2
23969 - CUDA, Array2D, bs_32x4, padding_256, pixelPerThread_2
8954 - OpenCL, Array2D, bs_64x4, padding_352, pixelPerThread_3
12031 - OpenCL, Ldg, bs_128x2, padding_480, pixelPerThread_4
24792 - CUDA, Array2D, LocalMemory, bs_128x1, padding_320, pixelPerThread_1
5736 - OpenCL, Linear2D, bs_32x1, padding_192, pixelPerThread_1
23793 - CUDA, Array2D, bs_512x2, padding_480, pixelPerThread_2
16711 - CUDA, LocalMemory, bs_1024x1, padding_384, pixelPerThread_4
5162 - OpenCL, Linear1D, LocalMemory, bs_512x1, padding_480, pixelPerThread_3
4831 - OpenCL, Linear1D, LocalMemory, bs_128x2, padding_0, pixelPerThread_4
4464 - OpenCL, Linear1D, LocalMemory, bs_32x16, padding_352, pixelPerThread_1
4846 - OpenCL, Linear1D, LocalMemory, bs_128x2, padding_128, pixelPerThread_3
25062 - CUDA, Array2D, LocalMemory, bs_256x4, padding_288, pixelPerThread_3
3692 - OpenCL, Linear1D, bs_512x1, padding_160, pixelPerThread_1
23366 - CUDA, Array2D, bs_128x1, padding_320, pixelPerThread_3
12242 - OpenCL, Ldg, bs_512x1, padding_0, pixelPerThread_3
9582 - OpenCL, Array2D, bs_1024x1, padding_480, pixelPerThread_3
4122 - OpenCL, Linear1D, bs_64x8, padding_320, pixelPerThread_3
14189 - OpenCL, Ldg, LocalMemory, bs_256x1, padding_352, pixelPerThread_2
9262 - OpenCL, Array2D, bs_128x8, padding_96, pixelPerThread_3
11826 - OpenCL, Ldg, bs_64x4, padding_480, pixelPerThread_3
5676 - OpenCL, Linear1D, LocalMemory, bs_256x2, padding_256, pixelPerThread_1
9066 - OpenCL, Array2D, bs_128x1, padding_160, pixelPerThread_3
7195 - OpenCL, Linear2D, LocalMemory, bs_32x1, padding_416, pixelPerThread_4
3387 - OpenCL, Linear1D, bs_128x1, padding_416, pixelPerThread_4
8339 - OpenCL, Linear2D, LocalMemory, bs_64x2, padding_320, pixelPerThread_4
13487 - OpenCL, Ldg, LocalMemory, bs_128x4, padding_160, pixelPerThread_4
5203 - OpenCL, Linear1D, LocalMemory, bs_512x2, padding_256, pixelPerThread_4
2858 - OpenCL, Linear1D, bs_32x1, padding_0, pixelPerThread_3
7974 - OpenCL, Linear2D, LocalMemory, bs_512x1, padding_128, pixelPerThread_3
5621 - OpenCL, Linear1D, LocalMemory, bs_256x1, padding_352, pixelPerThread_2
14147 - OpenCL, Ldg, LocalMemory, bs_256x1, padding_0, pixelPerThread_4
10435 - OpenCL, Array2D, LocalMemory, bs_64x16, padding_224, pixelPerThread_4
14211 - OpenCL, Ldg, LocalMemory, bs_256x1, padding_512, pixelPerThread_4
12589 - OpenCL, Ldg, bs_64x2, padding_64, pixelPerThread_2
19533 - CUDA, Linear1D, LocalMemory, bs_1024x1, padding_128, pixelPerThread_2
11800 - OpenCL, Ldg, bs_64x4, padding_288, pixelPerThread_1
5915 - OpenCL, Linear2D, bs_32x16, padding_512, pixelPerThread_4
4552 - OpenCL, Linear1D, LocalMemory, bs_32x32, padding_512, pixelPerThread_1
