Current machine learning settings: epsilon:0 lossFunction:RELATIVE parallelization:True bagging:False baggingNumbers:3 considerEpsilonTube:False baggingTestDataFraction:50 useBackward:False abortError:1 limitFeatureSize:False featureSizeTreshold:4 quadraticFunctionSupport:True crossValidation:False crossValidation-k:5 learn-logFunction:False learn-accumulatedLogFunction:False learn-asymFunction:False learn-ratioFunction:False learn-mirrowedFunction:False learn-numeric-disabled:True numberOfRounds:70 backwardErrorDelta:1 minImprovementPerRound:0.1 withHierarchy:False bruteForceCandidates:False ignoreBadFeatures:False stopOnLongRound:True candidateSizePenalty:True learnTimeLimit:00:00:00 scoreMeasure:RELERROR outputRoundsToStdout:False debug:False pythonInfluenceAnalysis:False blacklisted: 
command: mlsettings bagging:False stopOnLongRound:False parallelization:True lossFunction:RELATIVE useBackward:False abortError:1 limitFeatureSize:False featureSizeTreshold:7 quadraticFunctionSupport:True crossValidation:False learn_logFunction:True numberOfRounds:70 backwardErrorDelta:1 minImprovementPerRound:0.25 withHierarchy:False
Current machine learning settings: epsilon:0 lossFunction:RELATIVE parallelization:True bagging:False baggingNumbers:3 considerEpsilonTube:False baggingTestDataFraction:50 useBackward:False abortError:1 limitFeatureSize:False featureSizeTreshold:7 quadraticFunctionSupport:True crossValidation:False crossValidation-k:5 learn-logFunction:True learn-accumulatedLogFunction:False learn-asymFunction:False learn-ratioFunction:False learn-mirrowedFunction:False learn-numeric-disabled:True numberOfRounds:70 backwardErrorDelta:1 minImprovementPerRound:0.25 withHierarchy:False bruteForceCandidates:False ignoreBadFeatures:False stopOnLongRound:False candidateSizePenalty:True learnTimeLimit:00:00:00 scoreMeasure:RELERROR outputRoundsToStdout:False debug:False pythonInfluenceAnalysis:False blacklisted: 
command: solver z3
command: vm /scratch/kallistos/Distance-Based_Data/SupplementaryWebsite/MeasuredPerformanceValues/BerkeleyDBC/FeatureModel.xml
Warning: Variability model contains outdated notation. Children nodes will no longer have effect on the model. Instead use the parent node to describe the parent of an configuration option. You can also use the converter providedby the Variability Model GUI in export>convert legacy model.
command: all /scratch/kallistos/Distance-Based_Data/SupplementaryWebsite/MeasuredPerformanceValues/BerkeleyDBC/measurements.xml
Configs with too large deviation: 0
2560 configurations loaded.
command: nfp Performance
command: setsampleset /scratch/kallistos/Distance-Based_Data/Results/BerkeleyDBC/BerkeleyDBC_75/sampledConfigurations_grammarBased_t1.csv
command: learn-splconqueror
Learning: NumberOfConfigurationsLearning:15 NumberOfConfigurationsValidation:15
Learning progress:
1;0.863077711875846 * PAGESIZE + 11.4222842073665 * HAVE_CRYPTO;75.2160499583807;75.2160499583807;75.2160499583807;75.2160499583807;0.038973;2;11.4222842073665 * HAVE_CRYPTO;1;401.862472210263;
2;0.863077711875845 * PAGESIZE + 13.4623451533771 * HAVE_CRYPTO + -12.2403656760638 * PS1K;49.1635510652962;49.1635510652962;49.1635510652962;49.1635510652962;0.049542;3;-12.2403656760638 * PS1K;1;26.0524988930845;
3;0.863077711875846 * PAGESIZE + 18.8912941062808 * HAVE_CRYPTO + -17.6693146289674 * PS1K + -13.5723723822592 * PS4K;37.9675942317977;37.9675942317977;37.9675942317977;37.9675942317977;0.06102;4;-13.5723723822592 * PS4K;1;11.1959568334985;
4;0.863077711875848 * PAGESIZE + 9.97738093427801 * HAVE_CRYPTO + -8.75540145696466 * PS1K + -4.65845921025641 * PS4K + 26.7417395160084 * HAVE_CRYPTO * CS512MB;23.9831752628519;23.9831752628519;23.9831752628519;23.9831752628519;0.077868;6;26.7417395160084 * HAVE_CRYPTO * CS512MB;2;6.99220948447289;
5;0.636081952380962 * PAGESIZE + 10.2043766937729 * HAVE_CRYPTO + -8.75540145696466 * PS1K + -4.65845921025642 * PS4K + 25.7202585982813 * HAVE_CRYPTO * CS512MB + 1.02148091772699 * PS32K;14.281773744985;14.281773744985;14.281773744985;14.281773744985;0.102812;7;1.02148091772699 * PS32K;1;9.70140151786688;
6;0.636081952380949 * PAGESIZE + 10.2043766937729 * HAVE_CRYPTO + -8.75540145696467 * PS1K + -4.65845921025641 * PS4K + 26.4482665965944 * HAVE_CRYPTO * CS512MB + 0.29347291941392 * PS32K + 1.45601599662618 * PS32K * HAVE_HASH;7.02610339288474;7.02610339288474;7.02610339288474;7.02610339288474;0.136249;9;1.45601599662618 * PS32K * HAVE_HASH;2;3.62783517605014;
7;0.636081952380956 * PAGESIZE + 10.2043766937729 * HAVE_CRYPTO + -8.75540145696465 * PS1K + -5.00515654358975 * PS4K + 26.4482665965945 * HAVE_CRYPTO * CS512MB + 0.293472919413908 * PS32K + 1.45601599662617 * PS32K * HAVE_HASH + 0.693394666666671 * HAVE_CRYPTO * CS64MB;6.27598751913151;6.27598751913151;6.27598751913151;6.27598751913151;0.179462;11;0.693394666666671 * HAVE_CRYPTO * CS64MB;2;0.375057936876613;
8;0.58030135251664 * PAGESIZE + 10.1625412438746 * HAVE_CRYPTO + -8.85301750672722 * PS1K + -5.10277259335234 * PS4K + 26.4901020464927 * HAVE_CRYPTO * CS512MB + 0.349253519278245 * PS32K + 1.26078389710102 * PS32K * HAVE_HASH + 0.888626766191848 * HAVE_CRYPTO * CS64MB + 0.19523209952516 * HAVE_HASH;4.29523424815686;4.29523424815686;4.29523424815686;4.29523424815686;0.234679;12;0.19523209952516 * HAVE_HASH;1;1.98075327097465;
9;0.641261264957268 * PAGESIZE + 10.2082611782051 * HAVE_CRYPTO + -9.02065726593902 * PS1K + -5.27041235256411 * PS4K + 26.4443821121622 * HAVE_CRYPTO * CS512MB + 0.28829360683761 * PS32K + 1.19982398466038 * PS32K * HAVE_HASH + 0.949586678632471 * HAVE_CRYPTO * CS64MB + 0.256192011965804 * HAVE_HASH + -0.137159802991447 * PS8K;0.501521197437288;0.501521197437288;0.501521197437288;0.501521197437288;0.302729;13;-0.137159802991447 * PS8K;1;3.79371305071957;
Elapsed=00:00:00.3047652
average model: 
command: analyze-learning
Round, Model, LearningError, LearningErrorRel, ValidationError, ValidationErrorRel, ElapsedSeconds, ModelComplexity, BestCandidate, BestCandidateSize, BestCandidateScore, TestError
Models:
Termination reason: abortError
1;0.863077711875846 * PAGESIZE + 11.4222842073665 * HAVE_CRYPTO;75.2160499583807;75.2160499583807;75.2160499583807;75.2160499583807;0.038973;2;11.4222842073665 * HAVE_CRYPTO;1;401.862472210263;88.8148256832992
2;0.863077711875845 * PAGESIZE + 13.4623451533771 * HAVE_CRYPTO + -12.2403656760638 * PS1K;49.1635510652962;49.1635510652962;49.1635510652962;49.1635510652962;0.049542;3;-12.2403656760638 * PS1K;1;26.0524988930845;311.257254457732
3;0.863077711875846 * PAGESIZE + 18.8912941062808 * HAVE_CRYPTO + -17.6693146289674 * PS1K + -13.5723723822592 * PS4K;37.9675942317977;37.9675942317977;37.9675942317977;37.9675942317977;0.06102;4;-13.5723723822592 * PS4K;1;11.1959568334985;683.211978122621
4;0.863077711875848 * PAGESIZE + 9.97738093427801 * HAVE_CRYPTO + -8.75540145696466 * PS1K + -4.65845921025641 * PS4K + 26.7417395160084 * HAVE_CRYPTO * CS512MB;23.9831752628519;23.9831752628519;23.9831752628519;23.9831752628519;0.077868;6;26.7417395160084 * HAVE_CRYPTO * CS512MB;2;6.99220948447289;341.485140468541
5;0.636081952380962 * PAGESIZE + 10.2043766937729 * HAVE_CRYPTO + -8.75540145696466 * PS1K + -4.65845921025642 * PS4K + 25.7202585982813 * HAVE_CRYPTO * CS512MB + 1.02148091772699 * PS32K;14.281773744985;14.281773744985;14.281773744985;14.281773744985;0.102812;7;1.02148091772699 * PS32K;1;9.70140151786688;348.014026376628
6;0.636081952380949 * PAGESIZE + 10.2043766937729 * HAVE_CRYPTO + -8.75540145696467 * PS1K + -4.65845921025641 * PS4K + 26.4482665965944 * HAVE_CRYPTO * CS512MB + 0.29347291941392 * PS32K + 1.45601599662618 * PS32K * HAVE_HASH;7.02610339288474;7.02610339288474;7.02610339288474;7.02610339288474;0.136249;9;1.45601599662618 * PS32K * HAVE_HASH;2;3.62783517605014;344.615129937381
7;0.636081952380956 * PAGESIZE + 10.2043766937729 * HAVE_CRYPTO + -8.75540145696465 * PS1K + -5.00515654358975 * PS4K + 26.4482665965945 * HAVE_CRYPTO * CS512MB + 0.293472919413908 * PS32K + 1.45601599662617 * PS32K * HAVE_HASH + 0.693394666666671 * HAVE_CRYPTO * CS64MB;6.27598751913151;6.27598751913151;6.27598751913151;6.27598751913151;0.179462;11;0.693394666666671 * HAVE_CRYPTO * CS64MB;2;0.375057936876613;351.728964933636
8;0.58030135251664 * PAGESIZE + 10.1625412438746 * HAVE_CRYPTO + -8.85301750672722 * PS1K + -5.10277259335234 * PS4K + 26.4901020464927 * HAVE_CRYPTO * CS512MB + 0.349253519278245 * PS32K + 1.26078389710102 * PS32K * HAVE_HASH + 0.888626766191848 * HAVE_CRYPTO * CS64MB + 0.19523209952516 * HAVE_HASH;4.29523424815686;4.29523424815686;4.29523424815686;4.29523424815686;0.234679;12;0.19523209952516 * HAVE_HASH;1;1.98075327097465;352.789086111798
9;0.641261264957268 * PAGESIZE + 10.2082611782051 * HAVE_CRYPTO + -9.02065726593902 * PS1K + -5.27041235256411 * PS4K + 26.4443821121622 * HAVE_CRYPTO * CS512MB + 0.28829360683761 * PS32K + 1.19982398466038 * PS32K * HAVE_HASH + 0.949586678632471 * HAVE_CRYPTO * CS64MB + 0.256192011965804 * HAVE_HASH + -0.137159802991447 * PS8K;0.501521197437288;0.501521197437288;0.501521197437288;0.501521197437288;0.302729;13;-0.137159802991447 * PS8K;1;3.79371305071957;354.410659265213
Analyze finished
command: clean-sampling
command: clean-global
command: script ./learn_grammarBased_t2.a
command: log ./out_grammarBased_t2Predictions.log
