Current machine learning settings: epsilon:0 lossFunction:RELATIVE parallelization:True bagging:False baggingNumbers:3 considerEpsilonTube:False baggingTestDataFraction:50 useBackward:False abortError:1 limitFeatureSize:False featureSizeTreshold:4 quadraticFunctionSupport:True crossValidation:False crossValidation-k:5 learn-logFunction:False learn-accumulatedLogFunction:False learn-asymFunction:False learn-ratioFunction:False learn-mirrowedFunction:False learn-numeric-disabled:True numberOfRounds:70 backwardErrorDelta:1 minImprovementPerRound:0.1 withHierarchy:False bruteForceCandidates:False ignoreBadFeatures:False stopOnLongRound:True candidateSizePenalty:True learnTimeLimit:00:00:00 scoreMeasure:RELERROR outputRoundsToStdout:False debug:False pythonInfluenceAnalysis:False blacklisted: 
command: mlsettings bagging:False stopOnLongRound:False parallelization:True lossFunction:RELATIVE useBackward:False abortError:1 limitFeatureSize:False featureSizeTreshold:7 quadraticFunctionSupport:True crossValidation:False learn_logFunction:True numberOfRounds:70 backwardErrorDelta:1 minImprovementPerRound:0.25 withHierarchy:False
Current machine learning settings: epsilon:0 lossFunction:RELATIVE parallelization:True bagging:False baggingNumbers:3 considerEpsilonTube:False baggingTestDataFraction:50 useBackward:False abortError:1 limitFeatureSize:False featureSizeTreshold:7 quadraticFunctionSupport:True crossValidation:False crossValidation-k:5 learn-logFunction:True learn-accumulatedLogFunction:False learn-asymFunction:False learn-ratioFunction:False learn-mirrowedFunction:False learn-numeric-disabled:True numberOfRounds:70 backwardErrorDelta:1 minImprovementPerRound:0.25 withHierarchy:False bruteForceCandidates:False ignoreBadFeatures:False stopOnLongRound:False candidateSizePenalty:True learnTimeLimit:00:00:00 scoreMeasure:RELERROR outputRoundsToStdout:False debug:False pythonInfluenceAnalysis:False blacklisted: 
command: solver z3
command: vm /scratch/kallistos/Distance-Based_Data/SupplementaryWebsite/MeasuredPerformanceValues/Polly/FeatureModel.xml
command: all /scratch/kallistos/Distance-Based_Data/SupplementaryWebsite/MeasuredPerformanceValues/Polly/measurements.xml
Configs with too large deviation: 0
60000 configurations loaded.
command: nfp Performance
command: setsampleset /scratch/kallistos/Distance-Based_Data/Results/Polly/Polly_44/sampledConfigurations_grammarBased_t2.csv
command: learn-splconqueror
Learning: NumberOfConfigurationsLearning:345 NumberOfConfigurationsValidation:345
Learning progress:
1;23.8732215447156 * polly_vectorizer + 5.58548932084622 * max;28.3327135498922;28.3327135498922;28.3327135498922;28.3327135498922;0.111376;2;5.58548932084622 * max;1;4.72604996487278;
2;26.7021574747789 * polly_vectorizer + 5.76686398731183 * max + -5.39471502942316 * value_based;26.6594020701629;26.6594020701629;26.6594020701629;26.6594020701629;0.38377;3;-5.39471502942316 * value_based;1;1.67331147972929;
3;29.7289743589745 * polly_vectorizer + -0.211099358974383 * max + -11.1667844364938 * value_based + 11.0607576213123 * max * value_based;18.9206703396101;18.9206703396101;18.9206703396101;18.9206703396101;0.884032;5;11.0607576213123 * max * value_based;2;3.8693658652764;
4;29.7289743589745 * polly_vectorizer + -0.211099358974381 * max + -14.6165491571655 * value_based + 10.4908902860058 * max * value_based + 7.807362262573 * value_based * polly_no_tiling;15.6690538494175;15.6690538494175;15.6690538494175;15.6690538494175;1.72737;7;7.807362262573 * value_based * polly_no_tiling;2;1.62580824509631;
5;29.7289743589745 * polly_vectorizer + -0.21109935897437 * max + -18.6063007478633 * value_based + 18.3889699655503 * max * value_based + 0.216186551543725 * value_based * polly_no_tiling + 16.6206135215558 * value_based * polly_no_tiling * min;8.02723805469887;8.02723805469887;8.02723805469887;8.02723805469887;2.884073;10;16.6206135215558 * value_based * polly_no_tiling * min;3;2.54727193157287;
6;28.96685076943 * polly_vectorizer + -0.0721961886218629 * max + -18.6431776957444 * value_based + 18.7359895710199 * max * value_based + -0.0976438008328996 * value_based * polly_no_tiling + 17.2288124929838 * value_based * polly_no_tiling * min + 1.91760128982131 * parallel;6.64633689584578;6.64633689584578;6.64633689584578;6.64633689584578;4.399307;11;1.91760128982131 * parallel;1;1.38090115885309;
7;28.9176878352187 * polly_vectorizer + -0.0632358473865979 * max + -17.7965204307741 * value_based + 18.9161443826675 * max * value_based + -0.382216834716941 * value_based * polly_no_tiling + 17.5864683196731 * value_based * polly_no_tiling * min + 2.04130157590152 * parallel + -2.14493334726491 * value_based * polly;5.63750761684449;5.63750761684449;5.63750761684449;5.63750761684449;6.397784;13;-2.14493334726491 * value_based * polly;2;0.504414639500649;
8;28.944659228838 * polly_vectorizer + -0.0681516013849688 * max + -16.8339436046708 * value_based + 16.9506989659155 * max * value_based + -0.110697141795024 * value_based * polly_no_tiling + 17.3657754442842 * value_based * polly_no_tiling * min + 1.97343806937551 * parallel + -0.0317706232400545 * value_based * polly + -4.54163874592826 * value_based * polly * min;3.63158721383424;3.63158721383424;3.63158721383424;3.63158721383424;8.986438;16;-4.54163874592826 * value_based * polly * min;3;0.668640134336749;
9;28.948198176699 * polly_vectorizer + -0.0687966031725549 * max + -16.5468557665504 * value_based + 16.6615851191858 * max * value_based + -0.109086049276592 * value_based * polly_no_tiling + 18.3212448523161 * value_based * polly_no_tiling * min + 1.96453361991875 * parallel + -0.0305225075919342 * value_based * polly + -5.26772879515398 * value_based * polly * min + -1.62392552074535 * value_based * polly_no_tiling * min * none;3.28868577102436;3.28868577102436;3.28868577102436;3.28868577102436;12.121777;20;-1.62392552074535 * value_based * polly_no_tiling * min * none;4;0.0857253607024699;
Elapsed=00:00:12.1310049
average model: 
command: analyze-learning
Round, Model, LearningError, LearningErrorRel, ValidationError, ValidationErrorRel, ElapsedSeconds, ModelComplexity, BestCandidate, BestCandidateSize, BestCandidateScore, TestError
Models:
Termination reason: minImprovementPerRound
1;23.8732215447156 * polly_vectorizer + 5.58548932084622 * max;28.3327135498922;28.3327135498922;28.3327135498922;28.3327135498922;0.111376;2;5.58548932084622 * max;1;4.72604996487278;28.2580852798319
2;26.7021574747789 * polly_vectorizer + 5.76686398731183 * max + -5.39471502942316 * value_based;26.6594020701629;26.6594020701629;26.6594020701629;26.6594020701629;0.38377;3;-5.39471502942316 * value_based;1;1.67331147972929;26.6796482822284
3;29.7289743589745 * polly_vectorizer + -0.211099358974383 * max + -11.1667844364938 * value_based + 11.0607576213123 * max * value_based;18.9206703396101;18.9206703396101;18.9206703396101;18.9206703396101;0.884032;5;11.0607576213123 * max * value_based;2;3.8693658652764;19.2865956102489
4;29.7289743589745 * polly_vectorizer + -0.211099358974381 * max + -14.6165491571655 * value_based + 10.4908902860058 * max * value_based + 7.807362262573 * value_based * polly_no_tiling;15.6690538494175;15.6690538494175;15.6690538494175;15.6690538494175;1.72737;7;7.807362262573 * value_based * polly_no_tiling;2;1.62580824509631;15.6739982694565
5;29.7289743589745 * polly_vectorizer + -0.21109935897437 * max + -18.6063007478633 * value_based + 18.3889699655503 * max * value_based + 0.216186551543725 * value_based * polly_no_tiling + 16.6206135215558 * value_based * polly_no_tiling * min;8.02723805469887;8.02723805469887;8.02723805469887;8.02723805469887;2.884073;10;16.6206135215558 * value_based * polly_no_tiling * min;3;2.54727193157287;8.34953743841602
6;28.96685076943 * polly_vectorizer + -0.0721961886218629 * max + -18.6431776957444 * value_based + 18.7359895710199 * max * value_based + -0.0976438008328996 * value_based * polly_no_tiling + 17.2288124929838 * value_based * polly_no_tiling * min + 1.91760128982131 * parallel;6.64633689584578;6.64633689584578;6.64633689584578;6.64633689584578;4.399307;11;1.91760128982131 * parallel;1;1.38090115885309;6.82248177814298
7;28.9176878352187 * polly_vectorizer + -0.0632358473865979 * max + -17.7965204307741 * value_based + 18.9161443826675 * max * value_based + -0.382216834716941 * value_based * polly_no_tiling + 17.5864683196731 * value_based * polly_no_tiling * min + 2.04130157590152 * parallel + -2.14493334726491 * value_based * polly;5.63750761684449;5.63750761684449;5.63750761684449;5.63750761684449;6.397784;13;-2.14493334726491 * value_based * polly;2;0.504414639500649;5.69653796944456
8;28.944659228838 * polly_vectorizer + -0.0681516013849688 * max + -16.8339436046708 * value_based + 16.9506989659155 * max * value_based + -0.110697141795024 * value_based * polly_no_tiling + 17.3657754442842 * value_based * polly_no_tiling * min + 1.97343806937551 * parallel + -0.0317706232400545 * value_based * polly + -4.54163874592826 * value_based * polly * min;3.63158721383424;3.63158721383424;3.63158721383424;3.63158721383424;8.986438;16;-4.54163874592826 * value_based * polly * min;3;0.668640134336749;3.72860399859628
9;28.948198176699 * polly_vectorizer + -0.0687966031725549 * max + -16.5468557665504 * value_based + 16.6615851191858 * max * value_based + -0.109086049276592 * value_based * polly_no_tiling + 18.3212448523161 * value_based * polly_no_tiling * min + 1.96453361991875 * parallel + -0.0305225075919342 * value_based * polly + -5.26772879515398 * value_based * polly * min + -1.62392552074535 * value_based * polly_no_tiling * min * none;3.28868577102436;3.28868577102436;3.28868577102436;3.28868577102436;12.121777;20;-1.62392552074535 * value_based * polly_no_tiling * min * none;4;0.0857253607024699;3.33205874086513
Analyze finished
command: clean-sampling
command: clean-global
command: script ./learn_grammarBased_t3.a
command: log ./out_grammarBased_t3Predictions.log
