8382 - OpenCL, Linear2D, LocalMemory, bs_64x8, padding_128, pixelPerThread_3
24704 - CUDA, Array2D, LocalMemory, bs_64x16, padding_160, pixelPerThread_1
5668 - OpenCL, Linear1D, LocalMemory, bs_256x2, padding_192, pixelPerThread_1
5157 - OpenCL, Linear1D, LocalMemory, bs_512x1, padding_448, pixelPerThread_2
7145 - OpenCL, Linear2D, LocalMemory, bs_32x1, padding_32, pixelPerThread_2
9958 - OpenCL, Array2D, bs_256x2, padding_224, pixelPerThread_3
10851 - OpenCL, Array2D, LocalMemory, bs_512x1, padding_288, pixelPerThread_4
23118 - CUDA, Array2D, bs_32x32, padding_512, pixelPerThread_3
2343 - OpenCL, LocalMemory, bs_512x2, padding_224, pixelPerThread_4
3525 - OpenCL, Linear1D, bs_128x4, padding_448, pixelPerThread_2
24428 - CUDA, Array2D, LocalMemory, bs_32x16, padding_128, pixelPerThread_1
21659 - CUDA, Linear2D, LocalMemory, bs_32x32, padding_256, pixelPerThread_4
13600 - OpenCL, Ldg, LocalMemory, bs_256x4, padding_0, pixelPerThread_1
6155 - OpenCL, Linear2D, bs_64x16, padding_256, pixelPerThread_4
14249 - OpenCL, Ldg, LocalMemory, bs_256x2, padding_288, pixelPerThread_2
13018 - OpenCL, Ldg, LocalMemory, bs_32x16, padding_224, pixelPerThread_3
10722 - OpenCL, Array2D, LocalMemory, bs_128x8, padding_352, pixelPerThread_3
14199 - OpenCL, Ldg, LocalMemory, bs_256x1, padding_416, pixelPerThread_4
8415 - OpenCL, Linear2D, LocalMemory, bs_64x8, padding_384, pixelPerThread_4
6955 - OpenCL, Linear2D, bs_64x8, padding_128, pixelPerThread_4
12152 - OpenCL, Ldg, bs_128x8, padding_384, pixelPerThread_1
24472 - CUDA, Array2D, LocalMemory, bs_32x16, padding_480, pixelPerThread_1
23082 - CUDA, Array2D, bs_32x32, padding_224, pixelPerThread_3
23858 - CUDA, Array2D, bs_1024x1, padding_448, pixelPerThread_3
13960 - OpenCL, Ldg, LocalMemory, bs_32x4, padding_160, pixelPerThread_1
12471 - OpenCL, Ldg, bs_32x2, padding_192, pixelPerThread_4
10219 - OpenCL, Array2D, LocalMemory, bs_32x32, padding_128, pixelPerThread_4
12563 - OpenCL, Ldg, bs_32x4, padding_384, pixelPerThread_4
5673 - OpenCL, Linear1D, LocalMemory, bs_256x2, padding_224, pixelPerThread_2
5841 - OpenCL, Linear2D, bs_32x8, padding_480, pixelPerThread_2
2989 - OpenCL, Linear1D, bs_32x8, padding_512, pixelPerThread_2
24319 - CUDA, Array2D, LocalMemory, bs_32x1, padding_320, pixelPerThread_4
7384 - OpenCL, Linear2D, LocalMemory, bs_32x32, padding_320, pixelPerThread_1
8736 - OpenCL, Array2D, bs_32x16, padding_256, pixelPerThread_1
9711 - OpenCL, Array2D, bs_32x4, padding_416, pixelPerThread_4
5400 - OpenCL, Linear1D, LocalMemory, bs_32x4, padding_224, pixelPerThread_1
11095 - OpenCL, Array2D, LocalMemory, bs_32x4, padding_64, pixelPerThread_4
19023 - CUDA, Linear1D, LocalMemory, bs_64x16, padding_384, pixelPerThread_4
25303 - CUDA, Array2D, LocalMemory, bs_32x2, padding_32, pixelPerThread_4
15915 - CUDA, LocalMemory, bs_32x32, padding_0, pixelPerThread_4
3042 - OpenCL, Linear1D, bs_32x16, padding_384, pixelPerThread_3
6392 - OpenCL, Linear2D, bs_128x8, padding_0, pixelPerThread_1
12664 - OpenCL, Ldg, bs_64x8, padding_128, pixelPerThread_1
11549 - OpenCL, Ldg, bs_32x8, padding_448, pixelPerThread_2
7658 - OpenCL, Linear2D, LocalMemory, bs_128x1, padding_320, pixelPerThread_3
6310 - OpenCL, Linear2D, bs_128x2, padding_416, pixelPerThread_3
2983 - OpenCL, Linear1D, bs_32x8, padding_448, pixelPerThread_4
27922 - CUDA, Ldg, LocalMemory, bs_256x4, padding_320, pixelPerThread_3
28099 - CUDA, Ldg, LocalMemory, bs_1024x1, padding_96, pixelPerThread_4
