Current machine learning settings: epsilon:0 lossFunction:RELATIVE parallelization:True bagging:False baggingNumbers:3 considerEpsilonTube:False baggingTestDataFraction:50 useBackward:False abortError:1 limitFeatureSize:False featureSizeTreshold:4 quadraticFunctionSupport:True crossValidation:False crossValidation-k:5 learn-logFunction:False learn-accumulatedLogFunction:False learn-asymFunction:False learn-ratioFunction:False learn-mirrowedFunction:False learn-numeric-disabled:True numberOfRounds:70 backwardErrorDelta:1 minImprovementPerRound:0.1 withHierarchy:False bruteForceCandidates:False ignoreBadFeatures:False stopOnLongRound:True candidateSizePenalty:True learnTimeLimit:00:00:00 scoreMeasure:RELERROR outputRoundsToStdout:False debug:False pythonInfluenceAnalysis:False blacklisted: 
command: mlsettings bagging:False stopOnLongRound:False parallelization:True lossFunction:RELATIVE useBackward:False abortError:1 limitFeatureSize:False featureSizeTreshold:7 quadraticFunctionSupport:True crossValidation:False learn_logFunction:True numberOfRounds:70 backwardErrorDelta:1 minImprovementPerRound:0.25 withHierarchy:False
Current machine learning settings: epsilon:0 lossFunction:RELATIVE parallelization:True bagging:False baggingNumbers:3 considerEpsilonTube:False baggingTestDataFraction:50 useBackward:False abortError:1 limitFeatureSize:False featureSizeTreshold:7 quadraticFunctionSupport:True crossValidation:False crossValidation-k:5 learn-logFunction:True learn-accumulatedLogFunction:False learn-asymFunction:False learn-ratioFunction:False learn-mirrowedFunction:False learn-numeric-disabled:True numberOfRounds:70 backwardErrorDelta:1 minImprovementPerRound:0.25 withHierarchy:False bruteForceCandidates:False ignoreBadFeatures:False stopOnLongRound:False candidateSizePenalty:True learnTimeLimit:00:00:00 scoreMeasure:RELERROR outputRoundsToStdout:False debug:False pythonInfluenceAnalysis:False blacklisted: 
command: solver z3
command: vm /scratch/kallistos/Distance-Based_Data/SupplementaryWebsite/MeasuredPerformanceValues/7z/FeatureModel.xml
command: all /scratch/kallistos/Distance-Based_Data/SupplementaryWebsite/MeasuredPerformanceValues/7z/measurements.xml
Configs with too large deviation: 0
68640 configurations loaded.
command: nfp Performance
command: setsampleset /scratch/kallistos/Distance-Based_Data/Results/7z/7z_92/sampledConfigurations_divDistBased_t1.csv
command: learn-splconqueror
Learning: NumberOfConfigurationsLearning:39 NumberOfConfigurationsValidation:39
Learning progress:
1;20560.3448275862 * CompressionMethod + -15877.3448275862 * x_0;69.9100086925939;69.9100086925939;69.9100086925939;69.9100086925939;0.062559;2;-15877.3448275862 * x_0;1;66.6039964345402;
2;22422.3076923077 * CompressionMethod + -17739.3076923077 * x_0 + -17998.9743589744 * x_2;48.261688177529;48.261688177529;48.261688177529;48.261688177529;0.097212;3;-17998.9743589744 * x_2;1;21.6483205150648;
3;21416.3291139241 * CompressionMethod + -18477.0253164557 * x_0 + -16992.9957805907 * x_2 + 8718.48101265822 * BlockSize_1024;41.4684456071823;41.4684456071823;41.4684456071823;41.4684456071823;0.154183;4;8718.48101265822 * BlockSize_1024;1;6.79324257034671;
4;22031.5283018868 * CompressionMethod + -19011.9811320755 * x_0 + -17608.1949685535 * x_2 + 8317.26415094339 * BlockSize_1024 + -14791.5283018868 * x_4;38.2119476466203;38.2119476466203;38.2119476466203;38.2119476466203;0.244197;5;-14791.5283018868 * x_4;1;3.25649796056204;
5;22699.8224852071 * CompressionMethod + -19593.1065088757 * x_0 + -18276.4891518738 * x_2 + 7881.42011834318 * BlockSize_1024 + -15459.8224852071 * x_4 + -15399.8224852071 * Files_20;34.7192235447579;34.7192235447579;34.7192235447579;34.7192235447579;0.367296;6;-15399.8224852071 * Files_20;1;3.49272410186241;
6;22699.8224852071 * CompressionMethod + -19593.1065088757 * x_0 + -19174.8224852071 * x_2 + 7881.42011834319 * BlockSize_1024 + -15459.8224852071 * x_4 + -15399.8224852071 * Files_20 + 2695.00000000003 * x_2 * BlockSize_2;32.7640761080299;32.7640761080299;32.7640761080299;32.7640761080299;0.526453;8;2695.00000000003 * x_2 * BlockSize_2;2;0.977573718363971;
7;22678.2059800665 * CompressionMethod + -19971.3953488372 * x_0 + -19153.2059800665 * x_2 + 8054.35215946846 * BlockSize_1024 + -15438.2059800664 * x_4 + -15378.2059800664 * Files_20 + 2695.00000000001 * x_2 * BlockSize_2 + 3653.18936877076 * x_0 * BlockSize_2;31.188048582897;31.188048582897;31.188048582897;31.188048582897;0.736024;10;3653.18936877076 * x_0 * BlockSize_2;2;0.788013762566473;
8;20682.8190255221 * CompressionMethod + -18268.0162412993 * x_0 + -17157.819025522 * x_2 + 9368.38747099769 * BlockSize_1024 + -13442.819025522 * x_4 + -57330 * Files_20 + -41252.1809744779 * x_2 * BlockSize_2 + -40001.9837587006 * x_0 * BlockSize_2 + 43947.1809744779 * BlockSize_2;25.7197473987249;25.7197473987249;25.7197473987249;25.7197473987249;1.047332;11;43947.1809744779 * BlockSize_2;1;5.46830118417212;
9;20508.4243369735 * CompressionMethod + -17595.3510140406 * x_0 + -16983.4243369735 * x_2 + 10705.4134165367 * BlockSize_1024 + -13268.4243369735 * x_4 + -57330 * Files_20 + -41426.5756630265 * x_2 * BlockSize_2 + -40674.6489859594 * x_0 * BlockSize_2 + 44121.5756630265 * BlockSize_2 + -7158.48673946959 * Files_90;22.6846178496889;22.6846178496889;22.6846178496889;22.6846178496889;1.428953;12;-7158.48673946959 * Files_90;1;3.03512954903598;
10;20514.2346938776 * CompressionMethod + -17440.4081632653 * x_0 + -16989.2346938775 * x_2 + 10660.8673469388 * BlockSize_1024 + -13274.2346938776 * x_4 + -57330 * Files_20 + -41420.7653061224 * x_2 * BlockSize_2 + -40829.5918367347 * x_0 * BlockSize_2 + 44115.7653061225 * BlockSize_2 + -7274.69387755105 * Files_90 + -413.826530612278 * x_0 * PPMd;21.5810105172824;21.5810105172824;21.5810105172824;21.5810105172824;1.850047;14;-413.826530612278 * x_0 * PPMd;2;0.55180366620327;
11;21233.6997319035 * CompressionMethod + -18046.2734584451 * x_0 + -17708.6997319035 * x_2 + 10092.8686327078 * BlockSize_1024 + -13993.6997319035 * x_4 + -57330.0000000001 * Files_20 + -40701.3002680965 * x_2 * BlockSize_2 + -40223.7265415549 * x_0 * BlockSize_2 + 43396.3002680965 * BlockSize_2 + -6820.29490616618 * Files_90 + 14316.2734584451 * x_0 * PPMd + -14843.6997319035 * PPMd;17.2384791564365;17.2384791564365;17.2384791564365;17.2384791564365;2.36538;15;-14843.6997319035 * PPMd;1;4.34253136084587;
12;21345.5367231639 * CompressionMethod + -18140.4519774011 * x_0 + -17820.5367231638 * x_2 + 10004.5762711864 * BlockSize_1024 + -14105.5367231639 * x_4 + -57330 * Files_20 + -40589.4632768361 * x_2 * BlockSize_2 + -40129.5480225988 * x_0 * BlockSize_2 + 43284.4632768362 * BlockSize_2 + -6749.66101694911 * Files_90 + 14410.4519774011 * x_0 * PPMd + -14955.5367231638 * PPMd + -2195.53672316386 * Files_40;17.156488807272;17.156488807272;17.156488807272;17.156488807272;2.973372;16;-2195.53672316386 * Files_40;1;0.0819903491644496;
Elapsed=00:00:02.9768237
average model: 
command: analyze-learning
Round, Model, LearningError, LearningErrorRel, ValidationError, ValidationErrorRel, ElapsedSeconds, ModelComplexity, BestCandidate, BestCandidateSize, BestCandidateScore, TestError
Models:
Termination reason: minImprovementPerRound
1;20560.3448275862 * CompressionMethod + -15877.3448275862 * x_0;69.9100086925939;69.9100086925939;69.9100086925939;69.9100086925939;0.062559;2;-15877.3448275862 * x_0;1;66.6039964345402;269.418029403988
2;22422.3076923077 * CompressionMethod + -17739.3076923077 * x_0 + -17998.9743589744 * x_2;48.261688177529;48.261688177529;48.261688177529;48.261688177529;0.097212;3;-17998.9743589744 * x_2;1;21.6483205150648;196.702529316606
3;21416.3291139241 * CompressionMethod + -18477.0253164557 * x_0 + -16992.9957805907 * x_2 + 8718.48101265822 * BlockSize_1024;41.4684456071823;41.4684456071823;41.4684456071823;41.4684456071823;0.154183;4;8718.48101265822 * BlockSize_1024;1;6.79324257034671;194.0845913705
4;22031.5283018868 * CompressionMethod + -19011.9811320755 * x_0 + -17608.1949685535 * x_2 + 8317.26415094339 * BlockSize_1024 + -14791.5283018868 * x_4;38.2119476466203;38.2119476466203;38.2119476466203;38.2119476466203;0.244197;5;-14791.5283018868 * x_4;1;3.25649796056204;115.504518714057
5;22699.8224852071 * CompressionMethod + -19593.1065088757 * x_0 + -18276.4891518738 * x_2 + 7881.42011834318 * BlockSize_1024 + -15459.8224852071 * x_4 + -15399.8224852071 * Files_20;34.7192235447579;34.7192235447579;34.7192235447579;34.7192235447579;0.367296;6;-15399.8224852071 * Files_20;1;3.49272410186241;129.900532006029
6;22699.8224852071 * CompressionMethod + -19593.1065088757 * x_0 + -19174.8224852071 * x_2 + 7881.42011834319 * BlockSize_1024 + -15459.8224852071 * x_4 + -15399.8224852071 * Files_20 + 2695.00000000003 * x_2 * BlockSize_2;32.7640761080299;32.7640761080299;32.7640761080299;32.7640761080299;0.526453;8;2695.00000000003 * x_2 * BlockSize_2;2;0.977573718363971;127.470394734346
7;22678.2059800665 * CompressionMethod + -19971.3953488372 * x_0 + -19153.2059800665 * x_2 + 8054.35215946846 * BlockSize_1024 + -15438.2059800664 * x_4 + -15378.2059800664 * Files_20 + 2695.00000000001 * x_2 * BlockSize_2 + 3653.18936877076 * x_0 * BlockSize_2;31.188048582897;31.188048582897;31.188048582897;31.188048582897;0.736024;10;3653.18936877076 * x_0 * BlockSize_2;2;0.788013762566473;128.207535416871
8;20682.8190255221 * CompressionMethod + -18268.0162412993 * x_0 + -17157.819025522 * x_2 + 9368.38747099769 * BlockSize_1024 + -13442.819025522 * x_4 + -57330 * Files_20 + -41252.1809744779 * x_2 * BlockSize_2 + -40001.9837587006 * x_0 * BlockSize_2 + 43947.1809744779 * BlockSize_2;25.7197473987249;25.7197473987249;25.7197473987249;25.7197473987249;1.047332;11;43947.1809744779 * BlockSize_2;1;5.46830118417212;232.73865735939
9;20508.4243369735 * CompressionMethod + -17595.3510140406 * x_0 + -16983.4243369735 * x_2 + 10705.4134165367 * BlockSize_1024 + -13268.4243369735 * x_4 + -57330 * Files_20 + -41426.5756630265 * x_2 * BlockSize_2 + -40674.6489859594 * x_0 * BlockSize_2 + 44121.5756630265 * BlockSize_2 + -7158.48673946959 * Files_90;22.6846178496889;22.6846178496889;22.6846178496889;22.6846178496889;1.428953;12;-7158.48673946959 * Files_90;1;3.03512954903598;235.512813044358
10;20514.2346938776 * CompressionMethod + -17440.4081632653 * x_0 + -16989.2346938775 * x_2 + 10660.8673469388 * BlockSize_1024 + -13274.2346938776 * x_4 + -57330 * Files_20 + -41420.7653061224 * x_2 * BlockSize_2 + -40829.5918367347 * x_0 * BlockSize_2 + 44115.7653061225 * BlockSize_2 + -7274.69387755105 * Files_90 + -413.826530612278 * x_0 * PPMd;21.5810105172824;21.5810105172824;21.5810105172824;21.5810105172824;1.850047;14;-413.826530612278 * x_0 * PPMd;2;0.55180366620327;235.305510574333
11;21233.6997319035 * CompressionMethod + -18046.2734584451 * x_0 + -17708.6997319035 * x_2 + 10092.8686327078 * BlockSize_1024 + -13993.6997319035 * x_4 + -57330.0000000001 * Files_20 + -40701.3002680965 * x_2 * BlockSize_2 + -40223.7265415549 * x_0 * BlockSize_2 + 43396.3002680965 * BlockSize_2 + -6820.29490616618 * Files_90 + 14316.2734584451 * x_0 * PPMd + -14843.6997319035 * PPMd;17.2384791564365;17.2384791564365;17.2384791564365;17.2384791564365;2.36538;15;-14843.6997319035 * PPMd;1;4.34253136084587;234.003772057991
12;21345.5367231639 * CompressionMethod + -18140.4519774011 * x_0 + -17820.5367231638 * x_2 + 10004.5762711864 * BlockSize_1024 + -14105.5367231639 * x_4 + -57330 * Files_20 + -40589.4632768361 * x_2 * BlockSize_2 + -40129.5480225988 * x_0 * BlockSize_2 + 43284.4632768362 * BlockSize_2 + -6749.66101694911 * Files_90 + 14410.4519774011 * x_0 * PPMd + -14955.5367231638 * PPMd + -2195.53672316386 * Files_40;17.156488807272;17.156488807272;17.156488807272;17.156488807272;2.973372;16;-2195.53672316386 * Files_40;1;0.0819903491644496;233.95635162137
Analyze finished
command: clean-sampling
command: clean-global
command: script ./learn_divDistBased_t2.a
command: log ./out_divDistBased_t2Predictions.log
