Current machine learning settings: epsilon:0 lossFunction:RELATIVE parallelization:True bagging:False baggingNumbers:3 considerEpsilonTube:False baggingTestDataFraction:50 useBackward:False abortError:1 limitFeatureSize:False featureSizeTreshold:4 quadraticFunctionSupport:True crossValidation:False crossValidation-k:5 learn-logFunction:False learn-accumulatedLogFunction:False learn-asymFunction:False learn-ratioFunction:False learn-mirrowedFunction:False learn-numeric-disabled:True numberOfRounds:70 backwardErrorDelta:1 minImprovementPerRound:0.1 withHierarchy:False bruteForceCandidates:False ignoreBadFeatures:False stopOnLongRound:True candidateSizePenalty:True learnTimeLimit:00:00:00 scoreMeasure:RELERROR outputRoundsToStdout:False debug:False pythonInfluenceAnalysis:False blacklisted: 
command: solver z3
command: vm /scratch/kallistos/Distance-Based_Data/SupplementaryWebsite/MeasuredPerformanceValues/x264/FeatureModel.xml
Warning: Variability model contains outdated notation. Children nodes will no longer have effect on the model. Instead use the parent node to describe the parent of an configuration option. You can also use the converter providedby the Variability Model GUI in export>convert legacy model.
command: all /scratch/kallistos/Distance-Based_Data/SupplementaryWebsite/MeasuredPerformanceValues/x264/measurements.xml
Configs with too large deviation: 0
1152 configurations loaded.
command: binary grammar-based numConfigs:212 seed:25  confFaultsReport:./out_grammarBasedFailureReport_t3.log
command: printconfigs ./sampledConfigurations_grammarBased_t3FailureReport.csv
Number to sample: 212; Number of Configurations in Grammar: 1152
Draw a new random number, cause 548 is already in drawn.
Draw a new random number, cause 731 is already in drawn.
Draw a new random number, cause 678 is already in drawn.
Draw a new random number, cause 479 is already in drawn.
Draw a new random number, cause 697 is already in drawn.
Draw a new random number, cause 1099 is already in drawn.
Draw a new random number, cause 486 is already in drawn.
Draw a new random number, cause 908 is already in drawn.
Draw a new random number, cause 101 is already in drawn.
Draw a new random number, cause 362 is already in drawn.
Draw a new random number, cause 1145 is already in drawn.
Draw a new random number, cause 1130 is already in drawn.
Draw a new random number, cause 479 is already in drawn.
Draw a new random number, cause 438 is already in drawn.
Draw a new random number, cause 731 is already in drawn.
Draw a new random number, cause 204 is already in drawn.
Draw a new random number, cause 466 is already in drawn.
Draw a new random number, cause 117 is already in drawn.
Draw a new random number, cause 706 is already in drawn.
Draw a new random number, cause 1070 is already in drawn.
Draw a new random number, cause 1142 is already in drawn.
Draw a new random number, cause 30 is already in drawn.
0 drawn configurations were invalid
command: clean-sampling
command: clean-global
