Current machine learning settings: epsilon:0 lossFunction:RELATIVE parallelization:True bagging:False baggingNumbers:3 considerEpsilonTube:False baggingTestDataFraction:50 useBackward:False abortError:1 limitFeatureSize:False featureSizeTreshold:4 quadraticFunctionSupport:True crossValidation:False crossValidation-k:5 learn-logFunction:False learn-accumulatedLogFunction:False learn-asymFunction:False learn-ratioFunction:False learn-mirrowedFunction:False learn-numeric-disabled:True numberOfRounds:70 backwardErrorDelta:1 minImprovementPerRound:0.1 withHierarchy:False bruteForceCandidates:False ignoreBadFeatures:False stopOnLongRound:True candidateSizePenalty:True learnTimeLimit:00:00:00 scoreMeasure:RELERROR outputRoundsToStdout:False debug:False pythonInfluenceAnalysis:False blacklisted: 
command: solver z3
command: vm /scratch/kallistos/Distance-Based_Data/SupplementaryWebsite/MeasuredPerformanceValues/Dune/FeatureModel.xml
Warning: Variability model contains outdated notation. Children nodes will no longer have effect on the model. Instead use the parent node to describe the parent of an configuration option. You can also use the converter providedby the Variability Model GUI in export>convert legacy model.
command: all /scratch/kallistos/Distance-Based_Data/SupplementaryWebsite/MeasuredPerformanceValues/Dune/measurements.xml
Configs with too large deviation: 0
2304 configurations loaded.
command: binary grammar-based numConfigs:1071 seed:34  confFaultsReport:./out_grammarBasedFailureReport_t3.log
command: printconfigs ./sampledConfigurations_grammarBased_t3FailureReport.csv
Number to sample: 1071; Number of Configurations in Grammar: 2352
Draw a new random number, cause 1452 is already in drawn.
Draw a new random number, cause 1146 is already in drawn.
Draw a new random number, cause 1345 is already in drawn.
Draw a new random number, cause 1255 is already in drawn.
Draw a new random number, cause 2172 is already in drawn.
Draw a new random number, cause 962 is already in drawn.
Draw a new random number, cause 388 is already in drawn.
Draw a new random number, cause 344 is already in drawn.
Draw a new random number, cause 445 is already in drawn.
Draw a new random number, cause 1146 is already in drawn.
Draw a new random number, cause 329 is already in drawn.
Draw a new random number, cause 1343 is already in drawn.
Draw a new random number, cause 2127 is already in drawn.
Draw a new random number, cause 992 is already in drawn.
Draw a new random number, cause 1465 is already in drawn.
Draw a new random number, cause 2260 is already in drawn.
Draw a new random number, cause 792 is already in drawn.
Draw a new random number, cause 117 is already in drawn.
Draw a new random number, cause 369 is already in drawn.
Draw a new random number, cause 1762 is already in drawn.
Draw a new random number, cause 456 is already in drawn.
Draw a new random number, cause 1804 is already in drawn.
Draw a new random number, cause 607 is already in drawn.
Draw a new random number, cause 964 is already in drawn.
Draw a new random number, cause 1114 is already in drawn.
Draw a new random number, cause 2160 is already in drawn.
Draw a new random number, cause 1077 is already in drawn.
Draw a new random number, cause 1746 is already in drawn.
Draw a new random number, cause 467 is already in drawn.
Draw a new random number, cause 731 is already in drawn.
Draw a new random number, cause 417 is already in drawn.
Draw a new random number, cause 177 is already in drawn.
Draw a new random number, cause 234 is already in drawn.
Draw a new random number, cause 1047 is already in drawn.
Draw a new random number, cause 800 is already in drawn.
Draw a new random number, cause 1781 is already in drawn.
Draw a new random number, cause 1585 is already in drawn.
Draw a new random number, cause 1031 is already in drawn.
Draw a new random number, cause 728 is already in drawn.
Draw a new random number, cause 2057 is already in drawn.
Draw a new random number, cause 1031 is already in drawn.
Draw a new random number, cause 1461 is already in drawn.
Draw a new random number, cause 405 is already in drawn.
Draw a new random number, cause 802 is already in drawn.
Draw a new random number, cause 2279 is already in drawn.
Draw a new random number, cause 2003 is already in drawn.
Draw a new random number, cause 1740 is already in drawn.
Draw a new random number, cause 1405 is already in drawn.
Draw a new random number, cause 2206 is already in drawn.
Draw a new random number, cause 1285 is already in drawn.
Draw a new random number, cause 1413 is already in drawn.
Draw a new random number, cause 2196 is already in drawn.
Draw a new random number, cause 556 is already in drawn.
Draw a new random number, cause 1977 is already in drawn.
Draw a new random number, cause 2230 is already in drawn.
Draw a new random number, cause 1411 is already in drawn.
Draw a new random number, cause 992 is already in drawn.
Draw a new random number, cause 2279 is already in drawn.
Draw a new random number, cause 432 is already in drawn.
Draw a new random number, cause 666 is already in drawn.
Draw a new random number, cause 484 is already in drawn.
Draw a new random number, cause 16 is already in drawn.
Draw a new random number, cause 1461 is already in drawn.
Draw a new random number, cause 934 is already in drawn.
Draw a new random number, cause 312 is already in drawn.
Draw a new random number, cause 644 is already in drawn.
Draw a new random number, cause 691 is already in drawn.
Draw a new random number, cause 1529 is already in drawn.
Draw a new random number, cause 2242 is already in drawn.
Draw a new random number, cause 705 is already in drawn.
Draw a new random number, cause 607 is already in drawn.
Draw a new random number, cause 1990 is already in drawn.
Draw a new random number, cause 695 is already in drawn.
Draw a new random number, cause 1681 is already in drawn.
Draw a new random number, cause 79 is already in drawn.
Draw a new random number, cause 934 is already in drawn.
Draw a new random number, cause 1524 is already in drawn.
Draw a new random number, cause 1875 is already in drawn.
Draw a new random number, cause 496 is already in drawn.
Draw a new random number, cause 507 is already in drawn.
Draw a new random number, cause 1746 is already in drawn.
Draw a new random number, cause 234 is already in drawn.
Draw a new random number, cause 1532 is already in drawn.
Draw a new random number, cause 1375 is already in drawn.
Draw a new random number, cause 218 is already in drawn.
Draw a new random number, cause 1950 is already in drawn.
Draw a new random number, cause 556 is already in drawn.
Draw a new random number, cause 1209 is already in drawn.
Draw a new random number, cause 1594 is already in drawn.
Draw a new random number, cause 1160 is already in drawn.
Draw a new random number, cause 135 is already in drawn.
Draw a new random number, cause 251 is already in drawn.
Draw a new random number, cause 664 is already in drawn.
Draw a new random number, cause 835 is already in drawn.
Draw a new random number, cause 1496 is already in drawn.
Draw a new random number, cause 2211 is already in drawn.
Draw a new random number, cause 2125 is already in drawn.
Draw a new random number, cause 653 is already in drawn.
Draw a new random number, cause 1340 is already in drawn.
Draw a new random number, cause 242 is already in drawn.
Draw a new random number, cause 285 is already in drawn.
Draw a new random number, cause 1137 is already in drawn.
Draw a new random number, cause 1137 is already in drawn.
Draw a new random number, cause 1422 is already in drawn.
Draw a new random number, cause 209 is already in drawn.
Draw a new random number, cause 1127 is already in drawn.
Draw a new random number, cause 82 is already in drawn.
Draw a new random number, cause 1309 is already in drawn.
Draw a new random number, cause 941 is already in drawn.
Draw a new random number, cause 728 is already in drawn.
Draw a new random number, cause 329 is already in drawn.
Draw a new random number, cause 769 is already in drawn.
Draw a new random number, cause 901 is already in drawn.
Draw a new random number, cause 112 is already in drawn.
Draw a new random number, cause 113 is already in drawn.
Draw a new random number, cause 793 is already in drawn.
Draw a new random number, cause 2139 is already in drawn.
Draw a new random number, cause 1000 is already in drawn.
Draw a new random number, cause 1255 is already in drawn.
Draw a new random number, cause 1995 is already in drawn.
Draw a new random number, cause 933 is already in drawn.
Draw a new random number, cause 1761 is already in drawn.
Draw a new random number, cause 647 is already in drawn.
Draw a new random number, cause 1360 is already in drawn.
Draw a new random number, cause 2206 is already in drawn.
Draw a new random number, cause 370 is already in drawn.
Draw a new random number, cause 616 is already in drawn.
Draw a new random number, cause 215 is already in drawn.
Draw a new random number, cause 1250 is already in drawn.
Draw a new random number, cause 1746 is already in drawn.
Draw a new random number, cause 1496 is already in drawn.
Draw a new random number, cause 432 is already in drawn.
Draw a new random number, cause 1496 is already in drawn.
Draw a new random number, cause 1666 is already in drawn.
Draw a new random number, cause 933 is already in drawn.
Draw a new random number, cause 2182 is already in drawn.
Draw a new random number, cause 1780 is already in drawn.
Draw a new random number, cause 1681 is already in drawn.
Draw a new random number, cause 1414 is already in drawn.
Draw a new random number, cause 1705 is already in drawn.
Draw a new random number, cause 323 is already in drawn.
Draw a new random number, cause 1880 is already in drawn.
Draw a new random number, cause 664 is already in drawn.
Draw a new random number, cause 1519 is already in drawn.
Draw a new random number, cause 927 is already in drawn.
Draw a new random number, cause 383 is already in drawn.
Draw a new random number, cause 2321 is already in drawn.
Draw a new random number, cause 1736 is already in drawn.
Draw a new random number, cause 1858 is already in drawn.
Draw a new random number, cause 1965 is already in drawn.
Draw a new random number, cause 909 is already in drawn.
Draw a new random number, cause 2145 is already in drawn.
Draw a new random number, cause 873 is already in drawn.
Draw a new random number, cause 1341 is already in drawn.
Draw a new random number, cause 1698 is already in drawn.
Draw a new random number, cause 827 is already in drawn.
Draw a new random number, cause 2057 is already in drawn.
Draw a new random number, cause 1241 is already in drawn.
Draw a new random number, cause 312 is already in drawn.
Draw a new random number, cause 442 is already in drawn.
Draw a new random number, cause 177 is already in drawn.
Draw a new random number, cause 2047 is already in drawn.
Draw a new random number, cause 67 is already in drawn.
Draw a new random number, cause 594 is already in drawn.
Draw a new random number, cause 489 is already in drawn.
Draw a new random number, cause 81 is already in drawn.
Draw a new random number, cause 1532 is already in drawn.
Draw a new random number, cause 2052 is already in drawn.
Draw a new random number, cause 1457 is already in drawn.
Draw a new random number, cause 1991 is already in drawn.
Draw a new random number, cause 1928 is already in drawn.
Draw a new random number, cause 341 is already in drawn.
Draw a new random number, cause 1991 is already in drawn.
Draw a new random number, cause 1174 is already in drawn.
Draw a new random number, cause 771 is already in drawn.
Draw a new random number, cause 1855 is already in drawn.
Draw a new random number, cause 812 is already in drawn.
Draw a new random number, cause 1309 is already in drawn.
Draw a new random number, cause 1352 is already in drawn.
Draw a new random number, cause 731 is already in drawn.
Draw a new random number, cause 1876 is already in drawn.
Draw a new random number, cause 2217 is already in drawn.
Draw a new random number, cause 1750 is already in drawn.
Draw a new random number, cause 112 is already in drawn.
Draw a new random number, cause 442 is already in drawn.
Draw a new random number, cause 2057 is already in drawn.
Draw a new random number, cause 846 is already in drawn.
Draw a new random number, cause 2257 is already in drawn.
Draw a new random number, cause 1149 is already in drawn.
Draw a new random number, cause 718 is already in drawn.
Draw a new random number, cause 2185 is already in drawn.
Draw a new random number, cause 1340 is already in drawn.
Draw a new random number, cause 504 is already in drawn.
Draw a new random number, cause 2339 is already in drawn.
Draw a new random number, cause 433 is already in drawn.
Draw a new random number, cause 2118 is already in drawn.
Draw a new random number, cause 1880 is already in drawn.
Draw a new random number, cause 1604 is already in drawn.
Draw a new random number, cause 2205 is already in drawn.
Draw a new random number, cause 1250 is already in drawn.
Draw a new random number, cause 1285 is already in drawn.
Draw a new random number, cause 1185 is already in drawn.
Draw a new random number, cause 1012 is already in drawn.
Draw a new random number, cause 2057 is already in drawn.
Draw a new random number, cause 433 is already in drawn.
Draw a new random number, cause 553 is already in drawn.
Draw a new random number, cause 1241 is already in drawn.
Draw a new random number, cause 1465 is already in drawn.
Draw a new random number, cause 79 is already in drawn.
Draw a new random number, cause 1957 is already in drawn.
Draw a new random number, cause 1095 is already in drawn.
Draw a new random number, cause 2004 is already in drawn.
Draw a new random number, cause 60 is already in drawn.
Draw a new random number, cause 345 is already in drawn.
Draw a new random number, cause 2099 is already in drawn.
Draw a new random number, cause 1000 is already in drawn.
Draw a new random number, cause 620 is already in drawn.
Draw a new random number, cause 992 is already in drawn.
Draw a new random number, cause 116 is already in drawn.
Draw a new random number, cause 399 is already in drawn.
Draw a new random number, cause 1170 is already in drawn.
Draw a new random number, cause 791 is already in drawn.
Draw a new random number, cause 748 is already in drawn.
Draw a new random number, cause 2323 is already in drawn.
Draw a new random number, cause 2335 is already in drawn.
Draw a new random number, cause 1774 is already in drawn.
Draw a new random number, cause 1366 is already in drawn.
Draw a new random number, cause 324 is already in drawn.
Draw a new random number, cause 142 is already in drawn.
Draw a new random number, cause 67 is already in drawn.
Draw a new random number, cause 970 is already in drawn.
Draw a new random number, cause 1594 is already in drawn.
Draw a new random number, cause 873 is already in drawn.
Draw a new random number, cause 1855 is already in drawn.
Draw a new random number, cause 1640 is already in drawn.
Draw a new random number, cause 932 is already in drawn.
Draw a new random number, cause 1569 is already in drawn.
Draw a new random number, cause 1546 is already in drawn.
Draw a new random number, cause 1259 is already in drawn.
Draw a new random number, cause 2104 is already in drawn.
Draw a new random number, cause 112 is already in drawn.
Draw a new random number, cause 370 is already in drawn.
Draw a new random number, cause 130 is already in drawn.
Draw a new random number, cause 810 is already in drawn.
Draw a new random number, cause 2002 is already in drawn.
Draw a new random number, cause 1667 is already in drawn.
Draw a new random number, cause 166 is already in drawn.
Draw a new random number, cause 1776 is already in drawn.
Draw a new random number, cause 2252 is already in drawn.
Draw a new random number, cause 556 is already in drawn.
Draw a new random number, cause 507 is already in drawn.
Draw a new random number, cause 212 is already in drawn.
Draw a new random number, cause 1648 is already in drawn.
Draw a new random number, cause 1174 is already in drawn.
Draw a new random number, cause 524 is already in drawn.
Draw a new random number, cause 1220 is already in drawn.
Draw a new random number, cause 2130 is already in drawn.
Draw a new random number, cause 1423 is already in drawn.
Draw a new random number, cause 1721 is already in drawn.
Draw a new random number, cause 2103 is already in drawn.
Draw a new random number, cause 2164 is already in drawn.
Draw a new random number, cause 1013 is already in drawn.
Draw a new random number, cause 514 is already in drawn.
Draw a new random number, cause 2030 is already in drawn.
Draw a new random number, cause 580 is already in drawn.
Draw a new random number, cause 2004 is already in drawn.
Draw a new random number, cause 56 is already in drawn.
Draw a new random number, cause 1514 is already in drawn.
Draw a new random number, cause 16 is already in drawn.
Draw a new random number, cause 16 is already in drawn.
Draw a new random number, cause 847 is already in drawn.
Draw a new random number, cause 1115 is already in drawn.
Draw a new random number, cause 129 is already in drawn.
Draw a new random number, cause 352 is already in drawn.
Draw a new random number, cause 2345 is already in drawn.
Draw a new random number, cause 1743 is already in drawn.
Draw a new random number, cause 1404 is already in drawn.
Draw a new random number, cause 2242 is already in drawn.
Draw a new random number, cause 1960 is already in drawn.
Draw a new random number, cause 30 is already in drawn.
Draw a new random number, cause 1264 is already in drawn.
Draw a new random number, cause 639 is already in drawn.
Draw a new random number, cause 1880 is already in drawn.
Draw a new random number, cause 2290 is already in drawn.
Draw a new random number, cause 384 is already in drawn.
Draw a new random number, cause 1366 is already in drawn.
Draw a new random number, cause 184 is already in drawn.
Draw a new random number, cause 497 is already in drawn.
Draw a new random number, cause 1958 is already in drawn.
Draw a new random number, cause 2327 is already in drawn.
Draw a new random number, cause 1500 is already in drawn.
Draw a new random number, cause 1102 is already in drawn.
Draw a new random number, cause 873 is already in drawn.
Draw a new random number, cause 2242 is already in drawn.
Draw a new random number, cause 263 is already in drawn.
Draw a new random number, cause 2172 is already in drawn.
Draw a new random number, cause 345 is already in drawn.
Draw a new random number, cause 2034 is already in drawn.
Draw a new random number, cause 274 is already in drawn.
Draw a new random number, cause 881 is already in drawn.
Draw a new random number, cause 2118 is already in drawn.
Draw a new random number, cause 2231 is already in drawn.
Draw a new random number, cause 2328 is already in drawn.
Draw a new random number, cause 510 is already in drawn.
Draw a new random number, cause 389 is already in drawn.
Draw a new random number, cause 1107 is already in drawn.
Draw a new random number, cause 1341 is already in drawn.
Draw a new random number, cause 1558 is already in drawn.
Draw a new random number, cause 137 is already in drawn.
Draw a new random number, cause 1952 is already in drawn.
Draw a new random number, cause 1774 is already in drawn.
Draw a new random number, cause 1971 is already in drawn.
Draw a new random number, cause 2065 is already in drawn.
Draw a new random number, cause 1084 is already in drawn.
Draw a new random number, cause 1974 is already in drawn.
Draw a new random number, cause 975 is already in drawn.
Draw a new random number, cause 1533 is already in drawn.
Draw a new random number, cause 1666 is already in drawn.
Draw a new random number, cause 1465 is already in drawn.
Draw a new random number, cause 1337 is already in drawn.
Draw a new random number, cause 424 is already in drawn.
Draw a new random number, cause 1987 is already in drawn.
Draw a new random number, cause 1581 is already in drawn.
Draw a new random number, cause 927 is already in drawn.
Draw a new random number, cause 2093 is already in drawn.
Draw a new random number, cause 687 is already in drawn.
Draw a new random number, cause 2093 is already in drawn.
Draw a new random number, cause 1406 is already in drawn.
Draw a new random number, cause 967 is already in drawn.
Draw a new random number, cause 1858 is already in drawn.
Draw a new random number, cause 1704 is already in drawn.
Draw a new random number, cause 1269 is already in drawn.
Draw a new random number, cause 1381 is already in drawn.
Draw a new random number, cause 1838 is already in drawn.
Draw a new random number, cause 871 is already in drawn.
Draw a new random number, cause 502 is already in drawn.
Draw a new random number, cause 370 is already in drawn.
Draw a new random number, cause 72 is already in drawn.
Draw a new random number, cause 1958 is already in drawn.
Draw a new random number, cause 1342 is already in drawn.
Draw a new random number, cause 342 is already in drawn.
Draw a new random number, cause 2171 is already in drawn.
Draw a new random number, cause 1585 is already in drawn.
Draw a new random number, cause 1925 is already in drawn.
Draw a new random number, cause 1089 is already in drawn.
Draw a new random number, cause 412 is already in drawn.
Draw a new random number, cause 413 is already in drawn.
Draw a new random number, cause 213 is already in drawn.
Draw a new random number, cause 2303 is already in drawn.
Draw a new random number, cause 970 is already in drawn.
Draw a new random number, cause 1566 is already in drawn.
Draw a new random number, cause 379 is already in drawn.
Draw a new random number, cause 2273 is already in drawn.
Draw a new random number, cause 727 is already in drawn.
Draw a new random number, cause 214 is already in drawn.
Draw a new random number, cause 820 is already in drawn.
Draw a new random number, cause 119 is already in drawn.
Draw a new random number, cause 674 is already in drawn.
Draw a new random number, cause 195 is already in drawn.
Draw a new random number, cause 1808 is already in drawn.
Draw a new random number, cause 1137 is already in drawn.
Draw a new random number, cause 1402 is already in drawn.
Draw a new random number, cause 540 is already in drawn.
Draw a new random number, cause 2085 is already in drawn.
Draw a new random number, cause 1156 is already in drawn.
Draw a new random number, cause 1349 is already in drawn.
Draw a new random number, cause 225 is already in drawn.
Draw a new random number, cause 414 is already in drawn.
Draw a new random number, cause 1727 is already in drawn.
Draw a new random number, cause 525 is already in drawn.
Draw a new random number, cause 1969 is already in drawn.
27 drawn configurations were invalid
command: clean-sampling
command: clean-global
