Current machine learning settings: epsilon:0 lossFunction:RELATIVE parallelization:True bagging:False baggingNumbers:3 considerEpsilonTube:False baggingTestDataFraction:50 useBackward:False abortError:1 limitFeatureSize:False featureSizeTreshold:4 quadraticFunctionSupport:True crossValidation:False crossValidation-k:5 learn-logFunction:False learn-accumulatedLogFunction:False learn-asymFunction:False learn-ratioFunction:False learn-mirrowedFunction:False learn-numeric-disabled:True numberOfRounds:70 backwardErrorDelta:1 minImprovementPerRound:0.1 withHierarchy:False bruteForceCandidates:False ignoreBadFeatures:False stopOnLongRound:True candidateSizePenalty:True learnTimeLimit:00:00:00 scoreMeasure:RELERROR outputRoundsToStdout:False debug:False pythonInfluenceAnalysis:False blacklisted: 
command: mlsettings bagging:False stopOnLongRound:False parallelization:True lossFunction:RELATIVE useBackward:False abortError:1 limitFeatureSize:False featureSizeTreshold:7 quadraticFunctionSupport:True crossValidation:False learn_logFunction:True numberOfRounds:70 backwardErrorDelta:1 minImprovementPerRound:0.25 withHierarchy:False
Current machine learning settings: epsilon:0 lossFunction:RELATIVE parallelization:True bagging:False baggingNumbers:3 considerEpsilonTube:False baggingTestDataFraction:50 useBackward:False abortError:1 limitFeatureSize:False featureSizeTreshold:7 quadraticFunctionSupport:True crossValidation:False crossValidation-k:5 learn-logFunction:True learn-accumulatedLogFunction:False learn-asymFunction:False learn-ratioFunction:False learn-mirrowedFunction:False learn-numeric-disabled:True numberOfRounds:70 backwardErrorDelta:1 minImprovementPerRound:0.25 withHierarchy:False bruteForceCandidates:False ignoreBadFeatures:False stopOnLongRound:False candidateSizePenalty:True learnTimeLimit:00:00:00 scoreMeasure:RELERROR outputRoundsToStdout:False debug:False pythonInfluenceAnalysis:False blacklisted: 
command: solver z3
command: vm /scratch/kallistos/Distance-Based_Data/SupplementaryWebsite/MeasuredPerformanceValues/Polly/FeatureModel.xml
command: all /scratch/kallistos/Distance-Based_Data/SupplementaryWebsite/MeasuredPerformanceValues/Polly/measurements.xml
Configs with too large deviation: 0
60000 configurations loaded.
command: nfp Performance
command: setsampleset /scratch/kallistos/Distance-Based_Data/Results/Polly/Polly_42/sampledConfigurations_grammarBased_t3.csv
command: learn-splconqueror
Learning: NumberOfConfigurationsLearning:2172 NumberOfConfigurationsValidation:2172
Learning progress:
1;29.5373875539125 * polly_vectorizer + -5.40402058143539 * value_based;29.9520899289073;29.9520899289073;29.9520899289073;29.9520899289073;0.606596;2;-5.40402058143539 * value_based;1;4.25366635808212;
2;29.5373875539125 * polly_vectorizer + -10.5894282481076 * value_based + 10.604304609142 * value_based * max;20.9501700744286;20.9501700744286;20.9501700744286;20.9501700744286;2.199589;4;10.604304609142 * value_based * max;2;4.50095992723936;
3;29.5373875539126 * polly_vectorizer + -15.0121638688957 * value_based + 10.4721408533368 * value_based * max + 8.9255932636919 * value_based * polly_no_tiling;15.7683685934111;15.7683685934111;15.7683685934111;15.7683685934111;4.978461;6;8.9255932636919 * value_based * polly_no_tiling;2;2.59090074050876;
4;29.5373875539125 * polly_vectorizer + -19.1401752170204 * value_based + 19.0444862582547 * value_based * max + 17.2563987742189 * value_based * polly_no_tiling + -17.0397395262284 * value_based * max * polly_no_tiling;8.24508384821624;8.24508384821624;8.24508384821624;8.24508384821624;9.316862;9;-17.0397395262284 * value_based * max * polly_no_tiling;3;2.50776158173161;
5;28.9238720337733 * polly_vectorizer + -19.1408738823812 * value_based + 19.1209559372799 * value_based * max + 17.2796311152059 * value_based * polly_no_tiling + -17.2155483217307 * value_based * max * polly_no_tiling + 1.89663940797284 * parallel;6.83999749009319;6.83999749009319;6.83999749009319;6.83999749009319;15.456326;10;1.89663940797284 * parallel;1;1.40508635812305;
6;28.9201735964163 * polly_vectorizer + -18.0296394425971 * value_based + 19.0658174173648 * value_based * max + 17.3914101514074 * value_based * polly_no_tiling + -17.2527611686328 * value_based * max * polly_no_tiling + 1.90807286288847 * parallel + -2.29601515499533 * value_based * polly;5.56397216866618;5.56397216866618;5.56397216866618;5.56397216866618;23.952867;12;-2.29601515499533 * value_based * polly;2;0.638012660713504;
7;28.8869052885299 * polly_vectorizer + -16.9768951671195 * value_based + 16.9721937190124 * value_based * max + 17.4984361798661 * value_based * polly_no_tiling + -17.4427850990868 * value_based * max * polly_no_tiling + 2.01091946041138 * parallel + -0.0231659090624132 * value_based * polly + -4.44808297584256 * value_based * polly * min;3.74073577891568;3.74073577891568;3.74073577891568;3.74073577891568;35.323556;15;-4.44808297584256 * value_based * polly * min;3;0.607745463250169;
8;28.8882041882086 * polly_vectorizer + -16.5938821298385 * value_based + 16.5891564213173 * value_based * max + 16.6844802763107 * value_based * polly_no_tiling + -16.6284964331908 * value_based * max * polly_no_tiling + 2.00690400483335 * parallel + -0.0234620518561501 * value_based * polly + -5.23915630237299 * value_based * polly * min + 1.60039711531137 * value_based * polly * min * polly_no_tiling;3.36648988645828;3.36648988645828;3.36648988645828;3.36648988645828;49.646583;19;1.60039711531137 * value_based * polly * min * polly_no_tiling;4;0.0935614731143484;
Elapsed=00:00:49.6989366
average model: 
command: analyze-learning
Round, Model, LearningError, LearningErrorRel, ValidationError, ValidationErrorRel, ElapsedSeconds, ModelComplexity, BestCandidate, BestCandidateSize, BestCandidateScore, TestError
Models:
Termination reason: minImprovementPerRound
1;29.5373875539125 * polly_vectorizer + -5.40402058143539 * value_based;29.9520899289073;29.9520899289073;29.9520899289073;29.9520899289073;0.606596;2;-5.40402058143539 * value_based;1;4.25366635808212;28.3147921922752
2;29.5373875539125 * polly_vectorizer + -10.5894282481076 * value_based + 10.604304609142 * value_based * max;20.9501700744286;20.9501700744286;20.9501700744286;20.9501700744286;2.199589;4;10.604304609142 * value_based * max;2;4.50095992723936;19.6278919009838
3;29.5373875539126 * polly_vectorizer + -15.0121638688957 * value_based + 10.4721408533368 * value_based * max + 8.9255932636919 * value_based * polly_no_tiling;15.7683685934111;15.7683685934111;15.7683685934111;15.7683685934111;4.978461;6;8.9255932636919 * value_based * polly_no_tiling;2;2.59090074050876;15.2345049651427
4;29.5373875539125 * polly_vectorizer + -19.1401752170204 * value_based + 19.0444862582547 * value_based * max + 17.2563987742189 * value_based * polly_no_tiling + -17.0397395262284 * value_based * max * polly_no_tiling;8.24508384821624;8.24508384821624;8.24508384821624;8.24508384821624;9.316862;9;-17.0397395262284 * value_based * max * polly_no_tiling;3;2.50776158173161;8.06185994234832
5;28.9238720337733 * polly_vectorizer + -19.1408738823812 * value_based + 19.1209559372799 * value_based * max + 17.2796311152059 * value_based * polly_no_tiling + -17.2155483217307 * value_based * max * polly_no_tiling + 1.89663940797284 * parallel;6.83999749009319;6.83999749009319;6.83999749009319;6.83999749009319;15.456326;10;1.89663940797284 * parallel;1;1.40508635812305;6.63810466821213
6;28.9201735964163 * polly_vectorizer + -18.0296394425971 * value_based + 19.0658174173648 * value_based * max + 17.3914101514074 * value_based * polly_no_tiling + -17.2527611686328 * value_based * max * polly_no_tiling + 1.90807286288847 * parallel + -2.29601515499533 * value_based * polly;5.56397216866618;5.56397216866618;5.56397216866618;5.56397216866618;23.952867;12;-2.29601515499533 * value_based * polly;2;0.638012660713504;5.50714807778166
7;28.8869052885299 * polly_vectorizer + -16.9768951671195 * value_based + 16.9721937190124 * value_based * max + 17.4984361798661 * value_based * polly_no_tiling + -17.4427850990868 * value_based * max * polly_no_tiling + 2.01091946041138 * parallel + -0.0231659090624132 * value_based * polly + -4.44808297584256 * value_based * polly * min;3.74073577891568;3.74073577891568;3.74073577891568;3.74073577891568;35.323556;15;-4.44808297584256 * value_based * polly * min;3;0.607745463250169;3.67112670281949
8;28.8882041882086 * polly_vectorizer + -16.5938821298385 * value_based + 16.5891564213173 * value_based * max + 16.6844802763107 * value_based * polly_no_tiling + -16.6284964331908 * value_based * max * polly_no_tiling + 2.00690400483335 * parallel + -0.0234620518561501 * value_based * polly + -5.23915630237299 * value_based * polly * min + 1.60039711531137 * value_based * polly * min * polly_no_tiling;3.36648988645828;3.36648988645828;3.36648988645828;3.36648988645828;49.646583;19;1.60039711531137 * value_based * polly * min * polly_no_tiling;4;0.0935614731143484;3.30269635386245
Analyze finished
command: clean-sampling
command: clean-global
