Current machine learning settings: epsilon:0 lossFunction:RELATIVE parallelization:True bagging:False baggingNumbers:3 considerEpsilonTube:False baggingTestDataFraction:50 useBackward:False abortError:1 limitFeatureSize:False featureSizeTreshold:4 quadraticFunctionSupport:True crossValidation:False crossValidation-k:5 learn-logFunction:False learn-accumulatedLogFunction:False learn-asymFunction:False learn-ratioFunction:False learn-mirrowedFunction:False learn-numeric-disabled:True numberOfRounds:70 backwardErrorDelta:1 minImprovementPerRound:0.1 withHierarchy:False bruteForceCandidates:False ignoreBadFeatures:False stopOnLongRound:True candidateSizePenalty:True learnTimeLimit:00:00:00 scoreMeasure:RELERROR outputRoundsToStdout:False debug:False pythonInfluenceAnalysis:False blacklisted: 
command: mlsettings bagging:False stopOnLongRound:False parallelization:True lossFunction:RELATIVE useBackward:False abortError:1 limitFeatureSize:False featureSizeTreshold:7 quadraticFunctionSupport:True crossValidation:False learn_logFunction:True numberOfRounds:70 backwardErrorDelta:1 minImprovementPerRound:0.25 withHierarchy:False
Current machine learning settings: epsilon:0 lossFunction:RELATIVE parallelization:True bagging:False baggingNumbers:3 considerEpsilonTube:False baggingTestDataFraction:50 useBackward:False abortError:1 limitFeatureSize:False featureSizeTreshold:7 quadraticFunctionSupport:True crossValidation:False crossValidation-k:5 learn-logFunction:True learn-accumulatedLogFunction:False learn-asymFunction:False learn-ratioFunction:False learn-mirrowedFunction:False learn-numeric-disabled:True numberOfRounds:70 backwardErrorDelta:1 minImprovementPerRound:0.25 withHierarchy:False bruteForceCandidates:False ignoreBadFeatures:False stopOnLongRound:False candidateSizePenalty:True learnTimeLimit:00:00:00 scoreMeasure:RELERROR outputRoundsToStdout:False debug:False pythonInfluenceAnalysis:False blacklisted: 
command: solver z3
command: vm /scratch/kallistos/Distance-Based_Data/SupplementaryWebsite/MeasuredPerformanceValues/7z/FeatureModel.xml
command: all /scratch/kallistos/Distance-Based_Data/SupplementaryWebsite/MeasuredPerformanceValues/7z/measurements.xml
Configs with too large deviation: 0
68640 configurations loaded.
command: nfp Performance
command: setsampleset /scratch/kallistos/Distance-Based_Data/Results/7z/7z_43/sampledConfigurations_grammarBased_t3.csv
command: learn-splconqueror
Learning: NumberOfConfigurationsLearning:4091 NumberOfConfigurationsValidation:4091
Learning progress:
1;7599.20935741789 * CompressionMethod + 23506.7430235344 * x_10;116.255293238146;116.255293238146;116.255293238146;116.255293238146;1.419698;2;23506.7430235344 * x_10;1;68.1266059911002;
2;5384.95748613675 * CompressionMethod + 25720.9948948158 * x_10 + 11127.2746567206 * x_8;80.0375883757427;80.0375883757427;80.0375883757427;80.0375883757427;4.317044;3;11127.2746567206 * x_8;1;36.2177048624033;
3;3450.28554904817 * CompressionMethod + 25576.7443363288 * x_10 + 11249.5526233065 * x_8 + 9515.06834513607 * BZip2;59.7280306098266;59.7280306098266;59.7280306098266;59.7280306098266;9.38593;4;9515.06834513607 * BZip2;1;20.3095577659161;
4;3705.95922651621 * CompressionMethod + 30945.6517537942 * x_10 + 11233.3931614413 * x_8 + 8257.6187132245 * BZip2 + -26899.9208394673 * x_10 * PPMd;53.003866369936;53.003866369936;53.003866369936;53.003866369936;17.28925;6;-26899.9208394673 * x_10 * PPMd;2;3.36208211994528;
5;1811.82211297918 * CompressionMethod + 32835.0849132003 * x_10 + 13124.2449736812 * x_8 + 8274.86654503597 * BZip2 + -26895.2168853346 * x_10 * PPMd + 7142.67400086762 * x_6;49.5400765330223;49.5400765330223;49.5400765330223;49.5400765330223;28.429874;7;7142.67400086762 * x_6;1;3.46378983691374;
6;3076.72350419449 * CompressionMethod + 23499.7188034983 * x_10 + 13039.680841263 * x_8 + 2078.09593634802 * BZip2 + -18824.7521668476 * x_10 * PPMd + 7124.0504974337 * x_6 + 35788.4745764722 * x_10 * BZip2;40.1595609285859;40.1595609285859;40.1595609285859;40.1595609285859;43.940741;9;35788.4745764722 * x_10 * BZip2;2;4.69025780221819;
7;3175.46975676395 * CompressionMethod + 23400.9725509285 * x_10 + 13033.0792269113 * x_8 + 1594.3365857057 * BZip2 + -18824.7521668473 * x_10 * PPMd + 8942.68860250681 * x_6 + 36272.2339271147 * x_10 * BZip2 + -9443.37575057595 * x_6 * PPMd;32.8543945095261;32.8543945095261;32.8543945095261;32.8543945095261;63.731429;11;-9443.37575057595 * x_6 * PPMd;2;3.6525832095299;
8;2744.01668536557 * CompressionMethod + 23832.4256223265 * x_10 + 13061.9237320363 * x_8 + 3708.03155864067 * BZip2 + -18824.7521668467 * x_10 * PPMd + 11452.504051962 * x_6 + 34158.5389541804 * x_10 * BZip2 + -11521.7381286314 * x_6 * PPMd + -10456.0106293029 * x_6 * BZip2;26.2736828900102;26.2736828900102;26.2736828900102;26.2736828900102;88.590764;13;-10456.0106293029 * x_6 * BZip2;2;3.29035580975794;
9;2877.25710368069 * CompressionMethod + 23699.1852040115 * x_10 + 15229.2393279991 * x_8 + 3055.28478024457 * BZip2 + -18824.7521668479 * x_10 * PPMd + 11319.2636336469 * x_6 + 34811.2857325771 * x_10 * BZip2 + -11521.7381286319 * x_6 * PPMd + -9803.26385090614 * x_6 * BZip2 + -11699.3764316807 * x_8 * PPMd;21.7544664068721;21.7544664068721;21.7544664068721;21.7544664068721;119.169621;15;-11699.3764316807 * x_8 * PPMd;2;2.25960824156905;
10;2877.25710368042 * CompressionMethod + 15335.9946445714 * x_10 + 15229.2393279996 * x_8 + 3055.28478024491 * BZip2 + -10461.5616074064 * x_10 * PPMd + 11319.2636336468 * x_6 + 43174.4762920161 * x_10 * BZip2 + -11521.7381286311 * x_6 * PPMd + -9803.26385090484 * x_6 * BZip2 + -11699.3764316811 * x_8 * PPMd + 26762.2097902099 * x_10 * Deflate;17.6782242189544;17.6782242189544;17.6782242189544;17.6782242189544;156.610393;17;26762.2097902099 * x_10 * Deflate;2;2.03812109395885;
11;2604.9229912083 * CompressionMethod + 15108.4201525664 * x_10 + 15156.1446815572 * x_8 + 3345.1397068451 * BZip2 + -9961.65300292925 * x_10 * PPMd + 11271.2526899597 * x_6 + 43384.5299698934 * x_10 * BZip2 + -11201.3930724724 * x_6 * PPMd + -9772.77372134731 * x_6 * BZip2 + -11353.9476727678 * x_8 * PPMd + 27262.1183946888 * x_10 * Deflate + 986.02662676156 * LZMA2;15.414122062928;15.414122062928;15.414122062928;15.414122062928;201.952017;18;986.02662676156 * LZMA2;1;2.26410215602644;
12;1766.35255682486 * CompressionMethod + 14304.9642701504 * x_10 + 14925.9336998341 * x_8 + 4238.89179976952 * BZip2 + -8319.62668612987 * x_10 * PPMd + 10970.485429976 * x_6 + 44132.8041937691 * x_10 * BZip2 + -10062.0553781062 * x_6 * PPMd + -9527.18811990604 * x_6 * BZip2 + -10285.1662566591 * x_8 * PPMd + 28904.1447114873 * x_10 * Deflate + 2048.00140343605 * LZMA2 + 2238.53321976632 * LZMA;13.200037787871;13.200037787871;13.200037787871;13.200037787871;257.042067;19;2238.53321976632 * LZMA;1;2.21408427505698;
13;2444.3267251239 * CompressionMethod + 14933.3190469881 * x_10 + 15110.9944838944 * x_8 + 3516.55849221984 * BZip2 + -9625.95563126687 * x_10 * PPMd + 13754.4658823303 * x_6 + 43548.8085561817 * x_10 * BZip2 + -13524.0099987599 * x_6 * PPMd + -12266.8094330077 * x_6 * BZip2 + -11148.2012090179 * x_8 * PPMd + 27597.8157663507 * x_10 * Deflate + 781.346721150012 * LZMA2 + 891.40450077294 * LZMA + -8031.88613263413 * x_6 * Deflate;10.5018020820481;10.5018020820481;10.5018020820481;10.5018020820481;322.956084;21;-8031.88613263413 * x_6 * Deflate;2;1.34911785291145;
14;2117.60981912152 * CompressionMethod + 14718.4216265575 * x_10 + 14298.7541259677 * x_8 + 4037.96971622712 * BZip2 + -9084.34130483438 * x_10 * PPMd + 13539.54063697 * x_6 + 43569.011658607 * x_10 * BZip2 + -12982.3678473963 * x_6 * PPMd + -12246.5785056522 * x_6 * BZip2 + -10009.24394509 * x_8 * PPMd + 28139.430092783 * x_10 * Deflate + 1322.48845551916 * LZMA2 + 1433.50482613693 * LZMA + -7490.24398127089 * x_6 * Deflate + 3114.57355491095 * x_8 * Deflate;8.89585366697527;8.89585366697527;8.89585366697527;8.89585366697527;399.621838;23;3114.57355491095 * x_8 * Deflate;2;0.802974207536435;
15;1967.20930232552 * CompressionMethod + 14718.4216265583 * x_10 + 14298.7541259676 * x_8 + 4188.37023302343 * BZip2 + -9234.74182163031 * x_10 * PPMd + 13539.5406369694 * x_6 + 43569.0116586063 * x_10 * BZip2 + -13132.7683641921 * x_6 * PPMd + -12246.5785056524 * x_6 * BZip2 + -10159.6444618854 * x_8 * PPMd + 28289.8306095782 * x_10 * Deflate + 1472.88897231507 * LZMA2 + 1583.90534293283 * LZMA + -7339.84346447531 * x_6 * Deflate + 3264.97407170729 * x_8 * Deflate + 300.801033591885 * PPMd;8.6593909149584;8.6593909149584;8.6593909149584;8.6593909149584;489.176403;24;300.801033591885 * PPMd;1;0.23646275201687;
Elapsed=00:08:09.2588188
average model: 
command: analyze-learning
Round, Model, LearningError, LearningErrorRel, ValidationError, ValidationErrorRel, ElapsedSeconds, ModelComplexity, BestCandidate, BestCandidateSize, BestCandidateScore, TestError
Models:
Termination reason: minImprovementPerRound
1;7599.20935741789 * CompressionMethod + 23506.7430235344 * x_10;116.255293238146;116.255293238146;116.255293238146;116.255293238146;1.419698;2;23506.7430235344 * x_10;1;68.1266059911002;117.909049413627
2;5384.95748613675 * CompressionMethod + 25720.9948948158 * x_10 + 11127.2746567206 * x_8;80.0375883757427;80.0375883757427;80.0375883757427;80.0375883757427;4.317044;3;11127.2746567206 * x_8;1;36.2177048624033;80.9809704775473
3;3450.28554904817 * CompressionMethod + 25576.7443363288 * x_10 + 11249.5526233065 * x_8 + 9515.06834513607 * BZip2;59.7280306098266;59.7280306098266;59.7280306098266;59.7280306098266;9.38593;4;9515.06834513607 * BZip2;1;20.3095577659161;59.2854509558971
4;3705.95922651621 * CompressionMethod + 30945.6517537942 * x_10 + 11233.3931614413 * x_8 + 8257.6187132245 * BZip2 + -26899.9208394673 * x_10 * PPMd;53.003866369936;53.003866369936;53.003866369936;53.003866369936;17.28925;6;-26899.9208394673 * x_10 * PPMd;2;3.36208211994528;52.9970729563957
5;1811.82211297918 * CompressionMethod + 32835.0849132003 * x_10 + 13124.2449736812 * x_8 + 8274.86654503597 * BZip2 + -26895.2168853346 * x_10 * PPMd + 7142.67400086762 * x_6;49.5400765330223;49.5400765330223;49.5400765330223;49.5400765330223;28.429874;7;7142.67400086762 * x_6;1;3.46378983691374;49.10505150991
6;3076.72350419449 * CompressionMethod + 23499.7188034983 * x_10 + 13039.680841263 * x_8 + 2078.09593634802 * BZip2 + -18824.7521668476 * x_10 * PPMd + 7124.0504974337 * x_6 + 35788.4745764722 * x_10 * BZip2;40.1595609285859;40.1595609285859;40.1595609285859;40.1595609285859;43.940741;9;35788.4745764722 * x_10 * BZip2;2;4.69025780221819;40.719265427545
7;3175.46975676395 * CompressionMethod + 23400.9725509285 * x_10 + 13033.0792269113 * x_8 + 1594.3365857057 * BZip2 + -18824.7521668473 * x_10 * PPMd + 8942.68860250681 * x_6 + 36272.2339271147 * x_10 * BZip2 + -9443.37575057595 * x_6 * PPMd;32.8543945095261;32.8543945095261;32.8543945095261;32.8543945095261;63.731429;11;-9443.37575057595 * x_6 * PPMd;2;3.6525832095299;33.568979073407
8;2744.01668536557 * CompressionMethod + 23832.4256223265 * x_10 + 13061.9237320363 * x_8 + 3708.03155864067 * BZip2 + -18824.7521668467 * x_10 * PPMd + 11452.504051962 * x_6 + 34158.5389541804 * x_10 * BZip2 + -11521.7381286314 * x_6 * PPMd + -10456.0106293029 * x_6 * BZip2;26.2736828900102;26.2736828900102;26.2736828900102;26.2736828900102;88.590764;13;-10456.0106293029 * x_6 * BZip2;2;3.29035580975794;26.9292863016087
9;2877.25710368069 * CompressionMethod + 23699.1852040115 * x_10 + 15229.2393279991 * x_8 + 3055.28478024457 * BZip2 + -18824.7521668479 * x_10 * PPMd + 11319.2636336469 * x_6 + 34811.2857325771 * x_10 * BZip2 + -11521.7381286319 * x_6 * PPMd + -9803.26385090614 * x_6 * BZip2 + -11699.3764316807 * x_8 * PPMd;21.7544664068721;21.7544664068721;21.7544664068721;21.7544664068721;119.169621;15;-11699.3764316807 * x_8 * PPMd;2;2.25960824156905;22.1092334105652
10;2877.25710368042 * CompressionMethod + 15335.9946445714 * x_10 + 15229.2393279996 * x_8 + 3055.28478024491 * BZip2 + -10461.5616074064 * x_10 * PPMd + 11319.2636336468 * x_6 + 43174.4762920161 * x_10 * BZip2 + -11521.7381286311 * x_6 * PPMd + -9803.26385090484 * x_6 * BZip2 + -11699.3764316811 * x_8 * PPMd + 26762.2097902099 * x_10 * Deflate;17.6782242189544;17.6782242189544;17.6782242189544;17.6782242189544;156.610393;17;26762.2097902099 * x_10 * Deflate;2;2.03812109395885;18.0982991776437
11;2604.9229912083 * CompressionMethod + 15108.4201525664 * x_10 + 15156.1446815572 * x_8 + 3345.1397068451 * BZip2 + -9961.65300292925 * x_10 * PPMd + 11271.2526899597 * x_6 + 43384.5299698934 * x_10 * BZip2 + -11201.3930724724 * x_6 * PPMd + -9772.77372134731 * x_6 * BZip2 + -11353.9476727678 * x_8 * PPMd + 27262.1183946888 * x_10 * Deflate + 986.02662676156 * LZMA2;15.414122062928;15.414122062928;15.414122062928;15.414122062928;201.952017;18;986.02662676156 * LZMA2;1;2.26410215602644;15.7389559132605
12;1766.35255682486 * CompressionMethod + 14304.9642701504 * x_10 + 14925.9336998341 * x_8 + 4238.89179976952 * BZip2 + -8319.62668612987 * x_10 * PPMd + 10970.485429976 * x_6 + 44132.8041937691 * x_10 * BZip2 + -10062.0553781062 * x_6 * PPMd + -9527.18811990604 * x_6 * BZip2 + -10285.1662566591 * x_8 * PPMd + 28904.1447114873 * x_10 * Deflate + 2048.00140343605 * LZMA2 + 2238.53321976632 * LZMA;13.200037787871;13.200037787871;13.200037787871;13.200037787871;257.042067;19;2238.53321976632 * LZMA;1;2.21408427505698;13.3512884239578
13;2444.3267251239 * CompressionMethod + 14933.3190469881 * x_10 + 15110.9944838944 * x_8 + 3516.55849221984 * BZip2 + -9625.95563126687 * x_10 * PPMd + 13754.4658823303 * x_6 + 43548.8085561817 * x_10 * BZip2 + -13524.0099987599 * x_6 * PPMd + -12266.8094330077 * x_6 * BZip2 + -11148.2012090179 * x_8 * PPMd + 27597.8157663507 * x_10 * Deflate + 781.346721150012 * LZMA2 + 891.40450077294 * LZMA + -8031.88613263413 * x_6 * Deflate;10.5018020820481;10.5018020820481;10.5018020820481;10.5018020820481;322.956084;21;-8031.88613263413 * x_6 * Deflate;2;1.34911785291145;10.7463509171413
14;2117.60981912152 * CompressionMethod + 14718.4216265575 * x_10 + 14298.7541259677 * x_8 + 4037.96971622712 * BZip2 + -9084.34130483438 * x_10 * PPMd + 13539.54063697 * x_6 + 43569.011658607 * x_10 * BZip2 + -12982.3678473963 * x_6 * PPMd + -12246.5785056522 * x_6 * BZip2 + -10009.24394509 * x_8 * PPMd + 28139.430092783 * x_10 * Deflate + 1322.48845551916 * LZMA2 + 1433.50482613693 * LZMA + -7490.24398127089 * x_6 * Deflate + 3114.57355491095 * x_8 * Deflate;8.89585366697527;8.89585366697527;8.89585366697527;8.89585366697527;399.621838;23;3114.57355491095 * x_8 * Deflate;2;0.802974207536435;9.02872137378461
15;1967.20930232552 * CompressionMethod + 14718.4216265583 * x_10 + 14298.7541259676 * x_8 + 4188.37023302343 * BZip2 + -9234.74182163031 * x_10 * PPMd + 13539.5406369694 * x_6 + 43569.0116586063 * x_10 * BZip2 + -13132.7683641921 * x_6 * PPMd + -12246.5785056524 * x_6 * BZip2 + -10159.6444618854 * x_8 * PPMd + 28289.8306095782 * x_10 * Deflate + 1472.88897231507 * LZMA2 + 1583.90534293283 * LZMA + -7339.84346447531 * x_6 * Deflate + 3264.97407170729 * x_8 * Deflate + 300.801033591885 * PPMd;8.6593909149584;8.6593909149584;8.6593909149584;8.6593909149584;489.176403;24;300.801033591885 * PPMd;1;0.23646275201687;8.75371763371686
Analyze finished
command: clean-sampling
command: clean-global
