11725 - OpenCL, Ldg, bs_64x1, padding_224, pixelPerThread_2
24247 - CUDA, Array2D, bs_256x2, padding_288, pixelPerThread_4
11606 - OpenCL, Ldg, bs_32x16, padding_352, pixelPerThread_3
16631 - CUDA, LocalMemory, bs_512x2, padding_288, pixelPerThread_4
25132 - CUDA, Array2D, LocalMemory, bs_512x1, padding_320, pixelPerThread_1
3383 - OpenCL, Linear1D, bs_128x1, padding_384, pixelPerThread_4
6569 - OpenCL, Linear2D, bs_512x1, padding_320, pixelPerThread_2
3694 - OpenCL, Linear1D, bs_512x1, padding_160, pixelPerThread_3
7036 - OpenCL, Linear2D, bs_256x1, padding_256, pixelPerThread_1
3881 - OpenCL, Linear1D, bs_32x2, padding_32, pixelPerThread_2
11350 - OpenCL, Array2D, LocalMemory, bs_256x1, padding_480, pixelPerThread_3
23282 - CUDA, Array2D, bs_64x16, padding_192, pixelPerThread_3
7446 - OpenCL, Linear2D, LocalMemory, bs_64x1, padding_256, pixelPerThread_3
23227 - CUDA, Array2D, bs_64x4, padding_288, pixelPerThread_4
24459 - CUDA, Array2D, LocalMemory, bs_32x16, padding_352, pixelPerThread_4
3096 - OpenCL, Linear1D, bs_32x32, padding_288, pixelPerThread_1
4976 - OpenCL, Linear1D, LocalMemory, bs_128x8, padding_96, pixelPerThread_1
11377 - OpenCL, Array2D, LocalMemory, bs_256x2, padding_160, pixelPerThread_2
10164 - OpenCL, Array2D, LocalMemory, bs_32x16, padding_256, pixelPerThread_1
12071 - OpenCL, Ldg, bs_128x4, padding_256, pixelPerThread_4
4996 - OpenCL, Linear1D, LocalMemory, bs_128x8, padding_256, pixelPerThread_1
6112 - OpenCL, Linear2D, bs_64x4, padding_480, pixelPerThread_1
11574 - OpenCL, Ldg, bs_32x16, padding_96, pixelPerThread_3
18787 - CUDA, Linear1D, LocalMemory, bs_32x32, padding_128, pixelPerThread_4
7330 - OpenCL, Linear2D, LocalMemory, bs_32x16, padding_416, pixelPerThread_3
11707 - OpenCL, Ldg, bs_64x1, padding_64, pixelPerThread_4
8125 - OpenCL, Linear2D, LocalMemory, bs_1024x1, padding_256, pixelPerThread_2
9185 - OpenCL, Array2D, bs_128x4, padding_32, pixelPerThread_2
8716 - OpenCL, Array2D, bs_32x16, padding_96, pixelPerThread_1
10670 - OpenCL, Array2D, LocalMemory, bs_128x4, padding_480, pixelPerThread_3
5876 - OpenCL, Linear2D, bs_32x16, padding_224, pixelPerThread_1
2379 - OpenCL, LocalMemory, bs_512x2, padding_512, pixelPerThread_4
12223 - OpenCL, Ldg, bs_256x4, padding_384, pixelPerThread_4
13492 - OpenCL, Ldg, LocalMemory, bs_128x4, padding_224, pixelPerThread_1
11905 - OpenCL, Ldg, bs_128x1, padding_32, pixelPerThread_2
5459 - OpenCL, Linear1D, LocalMemory, bs_64x2, padding_128, pixelPerThread_4
4440 - OpenCL, Linear1D, LocalMemory, bs_32x16, padding_160, pixelPerThread_1
8750 - OpenCL, Array2D, bs_32x16, padding_352, pixelPerThread_3
9008 - OpenCL, Array2D, bs_64x16, padding_256, pixelPerThread_1
4439 - OpenCL, Linear1D, LocalMemory, bs_32x16, padding_128, pixelPerThread_4
3128 - OpenCL, Linear1D, bs_64x1, padding_0, pixelPerThread_1
27566 - CUDA, Ldg, LocalMemory, bs_64x16, padding_192, pixelPerThread_3
24325 - CUDA, Array2D, LocalMemory, bs_32x1, padding_384, pixelPerThread_2
6276 - OpenCL, Linear2D, bs_128x2, padding_160, pixelPerThread_1
8066 - OpenCL, Linear2D, LocalMemory, bs_512x2, padding_320, pixelPerThread_3
25326 - CUDA, Array2D, LocalMemory, bs_32x2, padding_224, pixelPerThread_3
25396 - CUDA, Array2D, LocalMemory, bs_32x4, padding_256, pixelPerThread_1
6194 - OpenCL, Linear2D, bs_128x1, padding_32, pixelPerThread_3
14190 - OpenCL, Ldg, LocalMemory, bs_256x1, padding_352, pixelPerThread_3
11054 - OpenCL, Array2D, LocalMemory, bs_32x2, padding_288, pixelPerThread_3
6564 - OpenCL, Linear2D, bs_512x1, padding_288, pixelPerThread_1
2985 - OpenCL, Linear1D, bs_32x8, padding_480, pixelPerThread_2
11477 - OpenCL, Ldg, bs_32x1, padding_416, pixelPerThread_2
6873 - OpenCL, Linear2D, bs_64x2, padding_32, pixelPerThread_2
8018 - OpenCL, Linear2D, LocalMemory, bs_512x1, padding_480, pixelPerThread_3
23984 - CUDA, Array2D, bs_32x4, padding_384, pixelPerThread_1
24635 - CUDA, Array2D, LocalMemory, bs_64x4, padding_128, pixelPerThread_4
3684 - OpenCL, Linear1D, bs_512x1, padding_96, pixelPerThread_1
6735 - OpenCL, Linear2D, bs_32x2, padding_0, pixelPerThread_4
9739 - OpenCL, Array2D, bs_64x2, padding_96, pixelPerThread_4
19543 - CUDA, Linear1D, LocalMemory, bs_1024x1, padding_192, pixelPerThread_4
2435 - OpenCL, LocalMemory, bs_1024x1, padding_416, pixelPerThread_4
4276 - OpenCL, Linear1D, bs_256x2, padding_480, pixelPerThread_1
7542 - OpenCL, Linear2D, LocalMemory, bs_64x4, padding_480, pixelPerThread_3
3373 - OpenCL, Linear1D, bs_128x1, padding_320, pixelPerThread_2
22859 - CUDA, Array2D, bs_32x1, padding_64, pixelPerThread_4
2423 - OpenCL, LocalMemory, bs_1024x1, padding_320, pixelPerThread_4
5946 - OpenCL, Linear2D, bs_32x32, padding_224, pixelPerThread_3
10279 - OpenCL, Array2D, LocalMemory, bs_64x1, padding_64, pixelPerThread_4
23095 - CUDA, Array2D, bs_32x32, padding_320, pixelPerThread_4
23960 - CUDA, Array2D, bs_32x4, padding_192, pixelPerThread_1
9244 - OpenCL, Array2D, bs_128x4, padding_512, pixelPerThread_1
18810 - CUDA, Linear1D, LocalMemory, bs_32x32, padding_320, pixelPerThread_3
12066 - OpenCL, Ldg, bs_128x4, padding_224, pixelPerThread_3
8786 - OpenCL, Array2D, bs_32x32, padding_96, pixelPerThread_3
5957 - OpenCL, Linear2D, bs_32x32, padding_320, pixelPerThread_2
9367 - OpenCL, Array2D, bs_256x4, padding_384, pixelPerThread_4
22961 - CUDA, Array2D, bs_32x8, padding_352, pixelPerThread_2
10816 - OpenCL, Array2D, LocalMemory, bs_512x1, padding_32, pixelPerThread_1
16715 - CUDA, LocalMemory, bs_1024x1, padding_416, pixelPerThread_4
24244 - CUDA, Array2D, bs_256x2, padding_288, pixelPerThread_1
8630 - OpenCL, Array2D, bs_32x1, padding_480, pixelPerThread_3
12337 - OpenCL, Ldg, bs_512x2, padding_224, pixelPerThread_2
12618 - OpenCL, Ldg, bs_64x2, padding_288, pixelPerThread_3
25370 - CUDA, Array2D, LocalMemory, bs_32x4, padding_32, pixelPerThread_3
13433 - OpenCL, Ldg, LocalMemory, bs_128x2, padding_288, pixelPerThread_2
23229 - CUDA, Array2D, bs_64x4, padding_320, pixelPerThread_2
6401 - OpenCL, Linear2D, bs_128x8, padding_64, pixelPerThread_2
7399 - OpenCL, Linear2D, LocalMemory, bs_32x32, padding_416, pixelPerThread_4
11043 - OpenCL, Array2D, LocalMemory, bs_32x2, padding_192, pixelPerThread_4
11240 - OpenCL, Array2D, LocalMemory, bs_64x8, padding_160, pixelPerThread_1
16419 - CUDA, LocalMemory, bs_128x8, padding_224, pixelPerThread_4
3355 - OpenCL, Linear1D, bs_128x1, padding_160, pixelPerThread_4
8948 - OpenCL, Array2D, bs_64x4, padding_320, pixelPerThread_1
23681 - CUDA, Array2D, bs_512x1, padding_128, pixelPerThread_2
10859 - OpenCL, Array2D, LocalMemory, bs_512x1, padding_352, pixelPerThread_4
10070 - OpenCL, Array2D, LocalMemory, bs_32x8, padding_32, pixelPerThread_3
7993 - OpenCL, Linear2D, LocalMemory, bs_512x1, padding_288, pixelPerThread_2
23341 - CUDA, Array2D, bs_128x1, padding_128, pixelPerThread_2
7435 - OpenCL, Linear2D, LocalMemory, bs_64x1, padding_160, pixelPerThread_4
12483 - OpenCL, Ldg, bs_32x2, padding_288, pixelPerThread_4
8355 - OpenCL, Linear2D, LocalMemory, bs_64x2, padding_448, pixelPerThread_4
25308 - CUDA, Array2D, LocalMemory, bs_32x2, padding_96, pixelPerThread_1
14161 - OpenCL, Ldg, LocalMemory, bs_256x1, padding_128, pixelPerThread_2
5023 - OpenCL, Linear1D, LocalMemory, bs_128x8, padding_448, pixelPerThread_4
5210 - OpenCL, Linear1D, LocalMemory, bs_512x2, padding_320, pixelPerThread_3
6661 - OpenCL, Linear2D, bs_512x2, padding_512, pixelPerThread_2
23935 - CUDA, Array2D, bs_32x2, padding_512, pixelPerThread_4
13112 - OpenCL, Ldg, LocalMemory, bs_32x32, padding_448, pixelPerThread_1
6710 - OpenCL, Linear2D, bs_1024x1, padding_352, pixelPerThread_3
5297 - OpenCL, Linear1D, LocalMemory, bs_1024x1, padding_480, pixelPerThread_2
4020 - OpenCL, Linear1D, bs_64x2, padding_64, pixelPerThread_1
8228 - OpenCL, Linear2D, LocalMemory, bs_32x4, padding_0, pixelPerThread_1
12318 - OpenCL, Ldg, bs_512x2, padding_64, pixelPerThread_3
11619 - OpenCL, Ldg, bs_32x16, padding_448, pixelPerThread_4
3880 - OpenCL, Linear1D, bs_32x2, padding_32, pixelPerThread_1
25103 - CUDA, Array2D, LocalMemory, bs_512x1, padding_64, pixelPerThread_4
5439 - OpenCL, Linear1D, LocalMemory, bs_32x4, padding_512, pixelPerThread_4
4319 - OpenCL, Linear1D, LocalMemory, bs_32x1, padding_256, pixelPerThread_4
5736 - OpenCL, Linear2D, bs_32x1, padding_192, pixelPerThread_1
9143 - OpenCL, Array2D, bs_128x2, padding_224, pixelPerThread_4
2885 - OpenCL, Linear1D, bs_32x1, padding_224, pixelPerThread_2
23751 - CUDA, Array2D, bs_512x2, padding_128, pixelPerThread_4
14196 - OpenCL, Ldg, LocalMemory, bs_256x1, padding_416, pixelPerThread_1
7041 - OpenCL, Linear2D, bs_256x1, padding_288, pixelPerThread_2
24785 - CUDA, Array2D, LocalMemory, bs_128x1, padding_256, pixelPerThread_2
3360 - OpenCL, Linear1D, bs_128x1, padding_224, pixelPerThread_1
8417 - OpenCL, Linear2D, LocalMemory, bs_64x8, padding_416, pixelPerThread_2
13611 - OpenCL, Ldg, LocalMemory, bs_256x4, padding_64, pixelPerThread_4
23677 - CUDA, Array2D, bs_512x1, padding_96, pixelPerThread_2
13689 - OpenCL, Ldg, LocalMemory, bs_512x1, padding_160, pixelPerThread_2
10280 - OpenCL, Array2D, LocalMemory, bs_64x1, padding_96, pixelPerThread_1
8480 - OpenCL, Linear2D, LocalMemory, bs_256x1, padding_384, pixelPerThread_1
12278 - OpenCL, Ldg, bs_512x1, padding_288, pixelPerThread_3
5094 - OpenCL, Linear1D, LocalMemory, bs_256x4, padding_480, pixelPerThread_3
7259 - OpenCL, Linear2D, LocalMemory, bs_32x8, padding_384, pixelPerThread_4
11399 - OpenCL, Array2D, LocalMemory, bs_256x2, padding_320, pixelPerThread_4
13148 - OpenCL, Ldg, LocalMemory, bs_64x1, padding_192, pixelPerThread_1
8149 - OpenCL, Linear2D, LocalMemory, bs_1024x1, padding_448, pixelPerThread_2
25251 - CUDA, Array2D, LocalMemory, bs_1024x1, padding_160, pixelPerThread_4
14187 - OpenCL, Ldg, LocalMemory, bs_256x1, padding_320, pixelPerThread_4
13036 - OpenCL, Ldg, LocalMemory, bs_32x16, padding_384, pixelPerThread_1
11625 - OpenCL, Ldg, bs_32x16, padding_512, pixelPerThread_2
10032 - OpenCL, Array2D, LocalMemory, bs_32x1, padding_288, pixelPerThread_1
12576 - OpenCL, Ldg, bs_32x4, padding_512, pixelPerThread_1
11373 - OpenCL, Array2D, LocalMemory, bs_256x2, padding_128, pixelPerThread_2
13563 - OpenCL, Ldg, LocalMemory, bs_128x8, padding_224, pixelPerThread_4
8586 - OpenCL, Array2D, bs_32x1, padding_128, pixelPerThread_3
11939 - OpenCL, Ldg, bs_128x1, padding_288, pixelPerThread_4
25582 - CUDA, Array2D, LocalMemory, bs_256x1, padding_96, pixelPerThread_3
3457 - OpenCL, Linear1D, bs_128x2, padding_448, pixelPerThread_2
9148 - OpenCL, Array2D, bs_128x2, padding_288, pixelPerThread_1
4846 - OpenCL, Linear1D, LocalMemory, bs_128x2, padding_128, pixelPerThread_3
5695 - OpenCL, Linear1D, LocalMemory, bs_256x2, padding_384, pixelPerThread_4
11745 - OpenCL, Ldg, bs_64x1, padding_384, pixelPerThread_2
5980 - OpenCL, Linear2D, bs_32x32, padding_512, pixelPerThread_1
6284 - OpenCL, Linear2D, bs_128x2, padding_224, pixelPerThread_1
6719 - OpenCL, Linear2D, bs_1024x1, padding_416, pixelPerThread_4
5281 - OpenCL, Linear1D, LocalMemory, bs_1024x1, padding_352, pixelPerThread_2
3065 - OpenCL, Linear1D, bs_32x32, padding_32, pixelPerThread_2
7477 - OpenCL, Linear2D, LocalMemory, bs_64x1, padding_512, pixelPerThread_2
3368 - OpenCL, Linear1D, bs_128x1, padding_288, pixelPerThread_1
23771 - CUDA, Array2D, bs_512x2, padding_288, pixelPerThread_4
11726 - OpenCL, Ldg, bs_64x1, padding_224, pixelPerThread_3
7450 - OpenCL, Linear2D, LocalMemory, bs_64x1, padding_288, pixelPerThread_3
13645 - OpenCL, Ldg, LocalMemory, bs_256x4, padding_352, pixelPerThread_2
8848 - OpenCL, Array2D, bs_64x1, padding_64, pixelPerThread_1
2315 - OpenCL, LocalMemory, bs_512x2, padding_0, pixelPerThread_4
25277 - CUDA, Array2D, LocalMemory, bs_1024x1, padding_384, pixelPerThread_2
6530 - OpenCL, Linear2D, bs_512x1, padding_0, pixelPerThread_3
11633 - OpenCL, Ldg, bs_32x32, padding_32, pixelPerThread_2
6743 - OpenCL, Linear2D, bs_32x2, padding_64, pixelPerThread_4
5693 - OpenCL, Linear1D, LocalMemory, bs_256x2, padding_384, pixelPerThread_2
8301 - OpenCL, Linear2D, LocalMemory, bs_64x2, padding_32, pixelPerThread_2
13505 - OpenCL, Ldg, LocalMemory, bs_128x4, padding_320, pixelPerThread_2
8206 - OpenCL, Linear2D, LocalMemory, bs_32x2, padding_352, pixelPerThread_3
10661 - OpenCL, Array2D, LocalMemory, bs_128x4, padding_416, pixelPerThread_2
7755 - OpenCL, Linear2D, LocalMemory, bs_128x4, padding_0, pixelPerThread_4
9706 - OpenCL, Array2D, bs_32x4, padding_384, pixelPerThread_3
10087 - OpenCL, Array2D, LocalMemory, bs_32x8, padding_160, pixelPerThread_4
10630 - OpenCL, Array2D, LocalMemory, bs_128x4, padding_160, pixelPerThread_3
6086 - OpenCL, Linear2D, bs_64x4, padding_256, pixelPerThread_3
5217 - OpenCL, Linear1D, LocalMemory, bs_512x2, padding_384, pixelPerThread_2
13856 - OpenCL, Ldg, LocalMemory, bs_1024x1, padding_416, pixelPerThread_1
13035 - OpenCL, Ldg, LocalMemory, bs_32x16, padding_352, pixelPerThread_4
25406 - CUDA, Array2D, LocalMemory, bs_32x4, padding_320, pixelPerThread_3
13036 - OpenCL, Ldg, LocalMemory, bs_32x16, padding_384, pixelPerThread_1
3664 - OpenCL, Linear1D, bs_256x4, padding_480, pixelPerThread_1
9566 - OpenCL, Array2D, bs_1024x1, padding_352, pixelPerThread_3
6824 - OpenCL, Linear2D, bs_32x4, padding_192, pixelPerThread_1
24882 - CUDA, Array2D, LocalMemory, bs_128x2, padding_480, pixelPerThread_3
5226 - OpenCL, Linear1D, LocalMemory, bs_512x2, padding_448, pixelPerThread_3
23627 - CUDA, Array2D, bs_256x4, padding_224, pixelPerThread_4
25696 - CUDA, Array2D, LocalMemory, bs_256x2, padding_480, pixelPerThread_1
7222 - OpenCL, Linear2D, LocalMemory, bs_32x8, padding_96, pixelPerThread_3
3557 - OpenCL, Linear1D, bs_128x8, padding_160, pixelPerThread_2
9343 - OpenCL, Array2D, bs_256x4, padding_192, pixelPerThread_4
12488 - OpenCL, Ldg, bs_32x2, padding_352, pixelPerThread_1
23237 - CUDA, Array2D, bs_64x4, padding_384, pixelPerThread_2
11577 - OpenCL, Ldg, bs_32x16, padding_128, pixelPerThread_2
10031 - OpenCL, Array2D, LocalMemory, bs_32x1, padding_256, pixelPerThread_4
5608 - OpenCL, Linear1D, LocalMemory, bs_256x1, padding_256, pixelPerThread_1
4541 - OpenCL, Linear1D, LocalMemory, bs_32x32, padding_416, pixelPerThread_2
10694 - OpenCL, Array2D, LocalMemory, bs_128x8, padding_128, pixelPerThread_3
3836 - OpenCL, Linear1D, bs_1024x1, padding_224, pixelPerThread_1
9003 - OpenCL, Array2D, bs_64x16, padding_192, pixelPerThread_4
23044 - CUDA, Array2D, bs_32x16, padding_480, pixelPerThread_1
10320 - OpenCL, Array2D, LocalMemory, bs_64x1, padding_416, pixelPerThread_1
10150 - OpenCL, Array2D, LocalMemory, bs_32x16, padding_128, pixelPerThread_3
23971 - CUDA, Array2D, bs_32x4, padding_256, pixelPerThread_4
22980 - CUDA, Array2D, bs_32x8, padding_512, pixelPerThread_1
13556 - OpenCL, Ldg, LocalMemory, bs_128x8, padding_192, pixelPerThread_1
3693 - OpenCL, Linear1D, bs_512x1, padding_160, pixelPerThread_2
12147 - OpenCL, Ldg, bs_128x8, padding_320, pixelPerThread_4
8948 - OpenCL, Array2D, bs_64x4, padding_320, pixelPerThread_1
13822 - OpenCL, Ldg, LocalMemory, bs_1024x1, padding_128, pixelPerThread_3
25081 - CUDA, Array2D, LocalMemory, bs_256x4, padding_448, pixelPerThread_2
13293 - OpenCL, Ldg, LocalMemory, bs_64x16, padding_256, pixelPerThread_2
4274 - OpenCL, Linear1D, bs_256x2, padding_448, pixelPerThread_3
23754 - CUDA, Array2D, bs_512x2, padding_160, pixelPerThread_3
6527 - OpenCL, Linear2D, bs_256x4, padding_512, pixelPerThread_4
19251 - CUDA, Linear1D, LocalMemory, bs_128x8, padding_32, pixelPerThread_4
12738 - OpenCL, Ldg, bs_256x1, padding_160, pixelPerThread_3
10340 - OpenCL, Array2D, LocalMemory, bs_64x4, padding_32, pixelPerThread_1
16458 - CUDA, LocalMemory, bs_256x4, padding_0, pixelPerThread_3
9954 - OpenCL, Array2D, bs_256x2, padding_192, pixelPerThread_3
13086 - OpenCL, Ldg, LocalMemory, bs_32x32, padding_224, pixelPerThread_3
22950 - CUDA, Array2D, bs_32x8, padding_256, pixelPerThread_3
25035 - CUDA, Array2D, LocalMemory, bs_256x4, padding_64, pixelPerThread_4
6980 - OpenCL, Linear2D, bs_64x8, padding_352, pixelPerThread_1
25335 - CUDA, Array2D, LocalMemory, bs_32x2, padding_288, pixelPerThread_4
13365 - OpenCL, Ldg, LocalMemory, bs_128x1, padding_288, pixelPerThread_2
9221 - OpenCL, Array2D, bs_128x4, padding_320, pixelPerThread_2
25255 - CUDA, Array2D, LocalMemory, bs_1024x1, padding_192, pixelPerThread_4
25587 - CUDA, Array2D, LocalMemory, bs_256x1, padding_128, pixelPerThread_4
18986 - CUDA, Linear1D, LocalMemory, bs_64x16, padding_96, pixelPerThread_3
5665 - OpenCL, Linear1D, LocalMemory, bs_256x2, padding_160, pixelPerThread_2
3622 - OpenCL, Linear1D, bs_256x4, padding_128, pixelPerThread_3
8262 - OpenCL, Linear2D, LocalMemory, bs_32x4, padding_256, pixelPerThread_3
13390 - OpenCL, Ldg, LocalMemory, bs_128x1, padding_480, pixelPerThread_3
5754 - OpenCL, Linear2D, bs_32x1, padding_320, pixelPerThread_3
3729 - OpenCL, Linear1D, bs_512x1, padding_448, pixelPerThread_2
5863 - OpenCL, Linear2D, bs_32x16, padding_96, pixelPerThread_4
10729 - OpenCL, Array2D, LocalMemory, bs_128x8, padding_416, pixelPerThread_2
15951 - CUDA, LocalMemory, bs_32x32, padding_288, pixelPerThread_4
9781 - OpenCL, Array2D, bs_64x2, padding_448, pixelPerThread_2
28058 - CUDA, Ldg, LocalMemory, bs_512x2, padding_320, pixelPerThread_3
4797 - OpenCL, Linear1D, LocalMemory, bs_128x1, padding_288, pixelPerThread_2
5632 - OpenCL, Linear1D, LocalMemory, bs_256x1, padding_448, pixelPerThread_1
8728 - OpenCL, Array2D, bs_32x16, padding_192, pixelPerThread_1
23244 - CUDA, Array2D, bs_64x4, padding_448, pixelPerThread_1
24312 - CUDA, Array2D, LocalMemory, bs_32x1, padding_288, pixelPerThread_1
3516 - OpenCL, Linear1D, bs_128x4, padding_384, pixelPerThread_1
13645 - OpenCL, Ldg, LocalMemory, bs_256x4, padding_352, pixelPerThread_2
11695 - OpenCL, Ldg, bs_32x32, padding_512, pixelPerThread_4
12665 - OpenCL, Ldg, bs_64x8, padding_128, pixelPerThread_2
9464 - OpenCL, Array2D, bs_512x2, padding_96, pixelPerThread_1
25000 - CUDA, Array2D, LocalMemory, bs_128x8, padding_352, pixelPerThread_1
6892 - OpenCL, Linear2D, bs_64x2, padding_192, pixelPerThread_1
24170 - CUDA, Array2D, bs_256x1, padding_224, pixelPerThread_3
23315 - CUDA, Array2D, bs_64x16, padding_448, pixelPerThread_4
13427 - OpenCL, Ldg, LocalMemory, bs_128x2, padding_224, pixelPerThread_4
24216 - CUDA, Array2D, bs_256x2, padding_64, pixelPerThread_1
23591 - CUDA, Array2D, bs_128x8, padding_480, pixelPerThread_4
24811 - CUDA, Array2D, LocalMemory, bs_128x1, padding_448, pixelPerThread_4
3584 - OpenCL, Linear1D, bs_128x8, padding_384, pixelPerThread_1
14056 - OpenCL, Ldg, LocalMemory, bs_64x2, padding_384, pixelPerThread_1
9723 - OpenCL, Array2D, bs_32x4, padding_512, pixelPerThread_4
10386 - OpenCL, Array2D, LocalMemory, bs_64x4, padding_384, pixelPerThread_3
11141 - OpenCL, Array2D, LocalMemory, bs_32x4, padding_448, pixelPerThread_2
6946 - OpenCL, Linear2D, bs_64x8, padding_64, pixelPerThread_3
28094 - CUDA, Ldg, LocalMemory, bs_1024x1, padding_64, pixelPerThread_3
11520 - OpenCL, Ldg, bs_32x8, padding_224, pixelPerThread_1
7797 - OpenCL, Linear2D, LocalMemory, bs_128x4, padding_352, pixelPerThread_2
10001 - OpenCL, Array2D, LocalMemory, bs_32x1, padding_32, pixelPerThread_2
13093 - OpenCL, Ldg, LocalMemory, bs_32x32, padding_288, pixelPerThread_2
16499 - CUDA, LocalMemory, bs_256x4, padding_320, pixelPerThread_4
3058 - OpenCL, Linear1D, bs_32x16, padding_512, pixelPerThread_3
7350 - OpenCL, Linear2D, LocalMemory, bs_32x32, padding_32, pixelPerThread_3
3062 - OpenCL, Linear1D, bs_32x32, padding_0, pixelPerThread_3
10601 - OpenCL, Array2D, LocalMemory, bs_128x2, padding_480, pixelPerThread_2
12477 - OpenCL, Ldg, bs_32x2, padding_256, pixelPerThread_2
3530 - OpenCL, Linear1D, bs_128x4, padding_480, pixelPerThread_3
3124 - OpenCL, Linear1D, bs_32x32, padding_512, pixelPerThread_1
5139 - OpenCL, Linear1D, LocalMemory, bs_512x1, padding_288, pixelPerThread_4
8995 - OpenCL, Array2D, bs_64x16, padding_128, pixelPerThread_4
5719 - OpenCL, Linear2D, bs_32x1, padding_32, pixelPerThread_4
11475 - OpenCL, Ldg, bs_32x1, padding_384, pixelPerThread_4
8092 - OpenCL, Linear2D, LocalMemory, bs_1024x1, padding_0, pixelPerThread_1
23931 - CUDA, Array2D, bs_32x2, padding_480, pixelPerThread_4
13313 - OpenCL, Ldg, LocalMemory, bs_64x16, padding_416, pixelPerThread_2
4952 - OpenCL, Linear1D, LocalMemory, bs_128x4, padding_448, pixelPerThread_1
5498 - OpenCL, Linear1D, LocalMemory, bs_64x2, padding_448, pixelPerThread_3
3213 - OpenCL, Linear1D, bs_64x4, padding_128, pixelPerThread_2
3032 - OpenCL, Linear1D, bs_32x16, padding_320, pixelPerThread_1
14186 - OpenCL, Ldg, LocalMemory, bs_256x1, padding_320, pixelPerThread_3
6665 - OpenCL, Linear2D, bs_1024x1, padding_0, pixelPerThread_2
9530 - OpenCL, Array2D, bs_1024x1, padding_64, pixelPerThread_3
8891 - OpenCL, Array2D, bs_64x1, padding_384, pixelPerThread_4
3883 - OpenCL, Linear1D, bs_32x2, padding_32, pixelPerThread_4
25317 - CUDA, Array2D, LocalMemory, bs_32x2, padding_160, pixelPerThread_2
13235 - OpenCL, Ldg, LocalMemory, bs_64x4, padding_320, pixelPerThread_4
4266 - OpenCL, Linear1D, bs_256x2, padding_384, pixelPerThread_3
6877 - OpenCL, Linear2D, bs_64x2, padding_64, pixelPerThread_2
7954 - OpenCL, Linear2D, LocalMemory, bs_256x4, padding_512, pixelPerThread_3
3507 - OpenCL, Linear1D, bs_128x4, padding_288, pixelPerThread_4
9640 - OpenCL, Array2D, bs_32x2, padding_416, pixelPerThread_1
10780 - OpenCL, Array2D, LocalMemory, bs_256x4, padding_288, pixelPerThread_1
6680 - OpenCL, Linear2D, bs_1024x1, padding_128, pixelPerThread_1
13277 - OpenCL, Ldg, LocalMemory, bs_64x16, padding_128, pixelPerThread_2
23526 - CUDA, Array2D, bs_128x4, padding_512, pixelPerThread_3
3216 - OpenCL, Linear1D, bs_64x4, padding_160, pixelPerThread_1
4707 - OpenCL, Linear1D, LocalMemory, bs_64x16, padding_96, pixelPerThread_4
7787 - OpenCL, Linear2D, LocalMemory, bs_128x4, padding_256, pixelPerThread_4
7524 - OpenCL, Linear2D, LocalMemory, bs_64x4, padding_352, pixelPerThread_1
24087 - CUDA, Array2D, bs_64x8, padding_96, pixelPerThread_4
28095 - CUDA, Ldg, LocalMemory, bs_1024x1, padding_64, pixelPerThread_4
11334 - OpenCL, Array2D, LocalMemory, bs_256x1, padding_352, pixelPerThread_3
10696 - OpenCL, Array2D, LocalMemory, bs_128x8, padding_160, pixelPerThread_1
12107 - OpenCL, Ldg, bs_128x8, padding_0, pixelPerThread_4
6436 - OpenCL, Linear2D, bs_128x8, padding_352, pixelPerThread_1
23407 - CUDA, Array2D, bs_128x2, padding_96, pixelPerThread_4
3784 - OpenCL, Linear1D, bs_512x2, padding_352, pixelPerThread_1
9669 - OpenCL, Array2D, bs_32x4, padding_96, pixelPerThread_2
7965 - OpenCL, Linear2D, LocalMemory, bs_512x1, padding_64, pixelPerThread_2
24911 - CUDA, Array2D, LocalMemory, bs_128x4, padding_160, pixelPerThread_4
11699 - OpenCL, Ldg, bs_64x1, padding_0, pixelPerThread_4
16139 - CUDA, LocalMemory, bs_64x16, padding_160, pixelPerThread_4
6976 - OpenCL, Linear2D, bs_64x8, padding_320, pixelPerThread_1
8160 - OpenCL, Linear2D, LocalMemory, bs_32x2, padding_0, pixelPerThread_1
8092 - OpenCL, Linear2D, LocalMemory, bs_1024x1, padding_0, pixelPerThread_1
24475 - CUDA, Array2D, LocalMemory, bs_32x16, padding_480, pixelPerThread_4
3949 - OpenCL, Linear1D, bs_32x4, padding_32, pixelPerThread_2
6785 - OpenCL, Linear2D, bs_32x2, padding_416, pixelPerThread_2
10174 - OpenCL, Array2D, LocalMemory, bs_32x16, padding_320, pixelPerThread_3
5871 - OpenCL, Linear2D, bs_32x16, padding_160, pixelPerThread_4
8944 - OpenCL, Array2D, bs_64x4, padding_288, pixelPerThread_1
13741 - OpenCL, Ldg, LocalMemory, bs_512x2, padding_32, pixelPerThread_2
12191 - OpenCL, Ldg, bs_256x4, padding_128, pixelPerThread_4
9535 - OpenCL, Array2D, bs_1024x1, padding_96, pixelPerThread_4
9859 - OpenCL, Array2D, bs_64x8, padding_512, pixelPerThread_4
4002 - OpenCL, Linear1D, bs_32x4, padding_448, pixelPerThread_3
13385 - OpenCL, Ldg, LocalMemory, bs_128x1, padding_448, pixelPerThread_2
13380 - OpenCL, Ldg, LocalMemory, bs_128x1, padding_416, pixelPerThread_1
7883 - OpenCL, Linear2D, LocalMemory, bs_128x8, padding_480, pixelPerThread_4
3740 - OpenCL, Linear1D, bs_512x2, padding_0, pixelPerThread_1
3989 - OpenCL, Linear1D, bs_32x4, padding_352, pixelPerThread_2
7737 - OpenCL, Linear2D, LocalMemory, bs_128x2, padding_416, pixelPerThread_2
12531 - OpenCL, Ldg, bs_32x4, padding_128, pixelPerThread_4
13245 - OpenCL, Ldg, LocalMemory, bs_64x4, padding_416, pixelPerThread_2
15926 - CUDA, LocalMemory, bs_32x32, padding_96, pixelPerThread_3
18807 - CUDA, Linear1D, LocalMemory, bs_32x32, padding_288, pixelPerThread_4
8157 - OpenCL, Linear2D, LocalMemory, bs_1024x1, padding_512, pixelPerThread_2
3939 - OpenCL, Linear1D, bs_32x2, padding_480, pixelPerThread_4
7028 - OpenCL, Linear2D, bs_256x1, padding_192, pixelPerThread_1
3950 - OpenCL, Linear1D, bs_32x4, padding_32, pixelPerThread_3
28054 - CUDA, Ldg, LocalMemory, bs_512x2, padding_288, pixelPerThread_3
12048 - OpenCL, Ldg, bs_128x4, padding_96, pixelPerThread_1
13757 - OpenCL, Ldg, LocalMemory, bs_512x2, padding_160, pixelPerThread_2
28067 - CUDA, Ldg, LocalMemory, bs_512x2, padding_384, pixelPerThread_4
25029 - CUDA, Array2D, LocalMemory, bs_256x4, padding_32, pixelPerThread_2
4158 - OpenCL, Linear1D, bs_256x1, padding_64, pixelPerThread_3
23267 - CUDA, Array2D, bs_64x16, padding_64, pixelPerThread_4
4742 - OpenCL, Linear1D, LocalMemory, bs_64x16, padding_384, pixelPerThread_3
7068 - OpenCL, Linear2D, bs_256x1, padding_512, pixelPerThread_1
24626 - CUDA, Array2D, LocalMemory, bs_64x4, padding_64, pixelPerThread_3
3045 - OpenCL, Linear1D, bs_32x16, padding_416, pixelPerThread_2
12389 - OpenCL, Ldg, bs_1024x1, padding_96, pixelPerThread_2
6284 - OpenCL, Linear2D, bs_128x2, padding_224, pixelPerThread_1
23787 - CUDA, Array2D, bs_512x2, padding_416, pixelPerThread_4
25331 - CUDA, Array2D, LocalMemory, bs_32x2, padding_256, pixelPerThread_4
11512 - OpenCL, Ldg, bs_32x8, padding_160, pixelPerThread_1
16510 - CUDA, LocalMemory, bs_256x4, padding_416, pixelPerThread_3
5595 - OpenCL, Linear1D, LocalMemory, bs_256x1, padding_128, pixelPerThread_4
11812 - OpenCL, Ldg, bs_64x4, padding_384, pixelPerThread_1
11286 - OpenCL, Array2D, LocalMemory, bs_64x8, padding_512, pixelPerThread_3
24394 - CUDA, Array2D, LocalMemory, bs_32x8, padding_384, pixelPerThread_3
2877 - OpenCL, Linear1D, bs_32x1, padding_160, pixelPerThread_2
4481 - OpenCL, Linear1D, LocalMemory, bs_32x16, padding_480, pixelPerThread_2
8116 - OpenCL, Linear2D, LocalMemory, bs_1024x1, padding_192, pixelPerThread_1
5639 - OpenCL, Linear1D, LocalMemory, bs_256x1, padding_480, pixelPerThread_4
13199 - OpenCL, Ldg, LocalMemory, bs_64x4, padding_32, pixelPerThread_4
13343 - OpenCL, Ldg, LocalMemory, bs_128x1, padding_96, pixelPerThread_4
11767 - OpenCL, Ldg, bs_64x4, padding_0, pixelPerThread_4
11738 - OpenCL, Ldg, bs_64x1, padding_320, pixelPerThread_3
12091 - OpenCL, Ldg, bs_128x4, padding_416, pixelPerThread_4
25165 - CUDA, Array2D, LocalMemory, bs_512x2, padding_32, pixelPerThread_2
5543 - OpenCL, Linear1D, LocalMemory, bs_64x8, padding_256, pixelPerThread_4
23199 - CUDA, Array2D, bs_64x4, padding_64, pixelPerThread_4
11854 - OpenCL, Ldg, bs_64x16, padding_160, pixelPerThread_3
11117 - OpenCL, Array2D, LocalMemory, bs_32x4, padding_256, pixelPerThread_2
1851 - OpenCL, LocalMemory, bs_64x16, padding_96, pixelPerThread_4
9468 - OpenCL, Array2D, bs_512x2, padding_128, pixelPerThread_1
5764 - OpenCL, Linear2D, bs_32x1, padding_416, pixelPerThread_1
13517 - OpenCL, Ldg, LocalMemory, bs_128x4, padding_416, pixelPerThread_2
11382 - OpenCL, Array2D, LocalMemory, bs_256x2, padding_192, pixelPerThread_3
4105 - OpenCL, Linear1D, bs_64x8, padding_192, pixelPerThread_2
11455 - OpenCL, Ldg, bs_32x1, padding_224, pixelPerThread_4
13064 - OpenCL, Ldg, LocalMemory, bs_32x32, padding_64, pixelPerThread_1
24342 - CUDA, Array2D, LocalMemory, bs_32x1, padding_512, pixelPerThread_3
13062 - OpenCL, Ldg, LocalMemory, bs_32x32, padding_32, pixelPerThread_3
24078 - CUDA, Array2D, bs_64x8, padding_32, pixelPerThread_3
7907 - OpenCL, Linear2D, LocalMemory, bs_256x4, padding_128, pixelPerThread_4
12539 - OpenCL, Ldg, bs_32x4, padding_192, pixelPerThread_4
13377 - OpenCL, Ldg, LocalMemory, bs_128x1, padding_384, pixelPerThread_2
13003 - OpenCL, Ldg, LocalMemory, bs_32x16, padding_96, pixelPerThread_4
5381 - OpenCL, Linear1D, LocalMemory, bs_32x4, padding_64, pixelPerThread_2
12019 - OpenCL, Ldg, bs_128x2, padding_384, pixelPerThread_4
25562 - CUDA, Array2D, LocalMemory, bs_64x8, padding_480, pixelPerThread_3
8191 - OpenCL, Linear2D, LocalMemory, bs_32x2, padding_224, pixelPerThread_4
9448 - OpenCL, Array2D, bs_512x1, padding_512, pixelPerThread_1
10086 - OpenCL, Array2D, LocalMemory, bs_32x8, padding_160, pixelPerThread_3
23958 - CUDA, Array2D, bs_32x4, padding_160, pixelPerThread_3
7662 - OpenCL, Linear2D, LocalMemory, bs_128x1, padding_352, pixelPerThread_3
13840 - OpenCL, Ldg, LocalMemory, bs_1024x1, padding_288, pixelPerThread_1
11859 - OpenCL, Ldg, bs_64x16, padding_192, pixelPerThread_4
12103 - OpenCL, Ldg, bs_128x4, padding_512, pixelPerThread_4
10024 - OpenCL, Array2D, LocalMemory, bs_32x1, padding_224, pixelPerThread_1
27875 - CUDA, Ldg, LocalMemory, bs_128x8, padding_480, pixelPerThread_4
4087 - OpenCL, Linear1D, bs_64x8, padding_32, pixelPerThread_4
12823 - OpenCL, Ldg, bs_256x2, padding_288, pixelPerThread_4
6509 - OpenCL, Linear2D, bs_256x4, padding_384, pixelPerThread_2
24986 - CUDA, Array2D, LocalMemory, bs_128x8, padding_224, pixelPerThread_3
16642 - CUDA, LocalMemory, bs_512x2, padding_384, pixelPerThread_3
8178 - OpenCL, Linear2D, LocalMemory, bs_32x2, padding_128, pixelPerThread_3
14096 - OpenCL, Ldg, LocalMemory, bs_64x8, padding_160, pixelPerThread_1
6853 - OpenCL, Linear2D, bs_32x4, padding_416, pixelPerThread_2
10760 - OpenCL, Array2D, LocalMemory, bs_256x4, padding_128, pixelPerThread_1
23238 - CUDA, Array2D, bs_64x4, padding_384, pixelPerThread_3
10161 - OpenCL, Array2D, LocalMemory, bs_32x16, padding_224, pixelPerThread_2
13049 - OpenCL, Ldg, LocalMemory, bs_32x16, padding_480, pixelPerThread_2
6162 - OpenCL, Linear2D, bs_64x16, padding_320, pixelPerThread_3
11185 - OpenCL, Array2D, LocalMemory, bs_64x2, padding_256, pixelPerThread_2
9982 - OpenCL, Array2D, bs_256x2, padding_416, pixelPerThread_3
23202 - CUDA, Array2D, bs_64x4, padding_96, pixelPerThread_3
4357 - OpenCL, Linear1D, LocalMemory, bs_32x8, padding_32, pixelPerThread_2
11721 - OpenCL, Ldg, bs_64x1, padding_192, pixelPerThread_2
7801 - OpenCL, Linear2D, LocalMemory, bs_128x4, padding_384, pixelPerThread_2
2954 - OpenCL, Linear1D, bs_32x8, padding_224, pixelPerThread_3
5806 - OpenCL, Linear2D, bs_32x8, padding_192, pixelPerThread_3
13022 - OpenCL, Ldg, LocalMemory, bs_32x16, padding_256, pixelPerThread_3
13662 - OpenCL, Ldg, LocalMemory, bs_256x4, padding_480, pixelPerThread_3
6584 - OpenCL, Linear2D, bs_512x1, padding_448, pixelPerThread_1
10340 - OpenCL, Array2D, LocalMemory, bs_64x4, padding_32, pixelPerThread_1
3606 - OpenCL, Linear1D, bs_256x4, padding_0, pixelPerThread_3
3080 - OpenCL, Linear1D, bs_32x32, padding_160, pixelPerThread_1
2933 - OpenCL, Linear1D, bs_32x8, padding_64, pixelPerThread_2
23954 - CUDA, Array2D, bs_32x4, padding_128, pixelPerThread_3
9128 - OpenCL, Array2D, bs_128x2, padding_128, pixelPerThread_1
25422 - CUDA, Array2D, LocalMemory, bs_32x4, padding_448, pixelPerThread_3
5043 - OpenCL, Linear1D, LocalMemory, bs_256x4, padding_64, pixelPerThread_4
6221 - OpenCL, Linear2D, bs_128x1, padding_256, pixelPerThread_2
13264 - OpenCL, Ldg, LocalMemory, bs_64x16, padding_32, pixelPerThread_1
5724 - OpenCL, Linear2D, bs_32x1, padding_96, pixelPerThread_1
12235 - OpenCL, Ldg, bs_256x4, padding_480, pixelPerThread_4
13952 - OpenCL, Ldg, LocalMemory, bs_32x4, padding_96, pixelPerThread_1
7805 - OpenCL, Linear2D, LocalMemory, bs_128x4, padding_416, pixelPerThread_2
24794 - CUDA, Array2D, LocalMemory, bs_128x1, padding_320, pixelPerThread_3
4355 - OpenCL, Linear1D, LocalMemory, bs_32x8, padding_0, pixelPerThread_4
19546 - CUDA, Linear1D, LocalMemory, bs_1024x1, padding_224, pixelPerThread_3
6376 - OpenCL, Linear2D, bs_128x4, padding_416, pixelPerThread_1
3198 - OpenCL, Linear1D, bs_64x4, padding_0, pixelPerThread_3
12603 - OpenCL, Ldg, bs_64x2, padding_160, pixelPerThread_4
8640 - OpenCL, Array2D, bs_32x8, padding_32, pixelPerThread_1
14108 - OpenCL, Ldg, LocalMemory, bs_64x8, padding_256, pixelPerThread_1
9022 - OpenCL, Array2D, bs_64x16, padding_352, pixelPerThread_3
8747 - OpenCL, Array2D, bs_32x16, padding_320, pixelPerThread_4
23193 - CUDA, Array2D, bs_64x4, padding_32, pixelPerThread_2
12332 - OpenCL, Ldg, bs_512x2, padding_192, pixelPerThread_1
23316 - CUDA, Array2D, bs_64x16, padding_480, pixelPerThread_1
3626 - OpenCL, Linear1D, bs_256x4, padding_160, pixelPerThread_3
14063 - OpenCL, Ldg, LocalMemory, bs_64x2, padding_416, pixelPerThread_4
24743 - CUDA, Array2D, LocalMemory, bs_64x16, padding_448, pixelPerThread_4
8609 - OpenCL, Array2D, bs_32x1, padding_320, pixelPerThread_2
6052 - OpenCL, Linear2D, bs_64x4, padding_0, pixelPerThread_1
23834 - CUDA, Array2D, bs_1024x1, padding_256, pixelPerThread_3
9234 - OpenCL, Array2D, bs_128x4, padding_416, pixelPerThread_3
8067 - OpenCL, Linear2D, LocalMemory, bs_512x2, padding_320, pixelPerThread_4
22347 - CUDA, Linear2D, LocalMemory, bs_512x2, padding_320, pixelPerThread_4
24877 - CUDA, Array2D, LocalMemory, bs_128x2, padding_448, pixelPerThread_2
5376 - OpenCL, Linear1D, LocalMemory, bs_32x4, padding_32, pixelPerThread_1
4623 - OpenCL, Linear1D, LocalMemory, bs_64x1, padding_512, pixelPerThread_4
14050 - OpenCL, Ldg, LocalMemory, bs_64x2, padding_320, pixelPerThread_3
25261 - CUDA, Array2D, LocalMemory, bs_1024x1, padding_256, pixelPerThread_2
12110 - OpenCL, Ldg, bs_128x8, padding_32, pixelPerThread_3
3488 - OpenCL, Linear1D, bs_128x4, padding_160, pixelPerThread_1
7130 - OpenCL, Linear2D, bs_256x2, padding_448, pixelPerThread_3
6444 - OpenCL, Linear2D, bs_128x8, padding_416, pixelPerThread_1
9894 - OpenCL, Array2D, bs_256x1, padding_256, pixelPerThread_3
6996 - OpenCL, Linear2D, bs_64x8, padding_480, pixelPerThread_1
4361 - OpenCL, Linear1D, LocalMemory, bs_32x8, padding_64, pixelPerThread_2
6062 - OpenCL, Linear2D, bs_64x4, padding_64, pixelPerThread_3
4534 - OpenCL, Linear1D, LocalMemory, bs_32x32, padding_352, pixelPerThread_3
19314 - CUDA, Linear1D, LocalMemory, bs_256x4, padding_0, pixelPerThread_3
13366 - OpenCL, Ldg, LocalMemory, bs_128x1, padding_288, pixelPerThread_3
4873 - OpenCL, Linear1D, LocalMemory, bs_128x2, padding_352, pixelPerThread_2
11825 - OpenCL, Ldg, bs_64x4, padding_480, pixelPerThread_2
24264 - CUDA, Array2D, bs_256x2, padding_448, pixelPerThread_1
24263 - CUDA, Array2D, bs_256x2, padding_416, pixelPerThread_4
7538 - OpenCL, Linear2D, LocalMemory, bs_64x4, padding_448, pixelPerThread_3
23694 - CUDA, Array2D, bs_512x1, padding_224, pixelPerThread_3
28042 - CUDA, Ldg, LocalMemory, bs_512x2, padding_192, pixelPerThread_3
25059 - CUDA, Array2D, LocalMemory, bs_256x4, padding_256, pixelPerThread_4
23176 - CUDA, Array2D, bs_64x1, padding_448, pixelPerThread_1
23271 - CUDA, Array2D, bs_64x16, padding_96, pixelPerThread_4
4431 - OpenCL, Linear1D, LocalMemory, bs_32x16, padding_64, pixelPerThread_4
13939 - OpenCL, Ldg, LocalMemory, bs_32x2, padding_512, pixelPerThread_4
10292 - OpenCL, Array2D, LocalMemory, bs_64x1, padding_192, pixelPerThread_1
4588 - OpenCL, Linear1D, LocalMemory, bs_64x1, padding_256, pixelPerThread_1
9173 - OpenCL, Array2D, bs_128x2, padding_480, pixelPerThread_2
8431 - OpenCL, Linear2D, LocalMemory, bs_64x8, padding_512, pixelPerThread_4
9631 - OpenCL, Array2D, bs_32x2, padding_320, pixelPerThread_4
12869 - OpenCL, Ldg, LocalMemory, bs_32x1, padding_128, pixelPerThread_2
11753 - OpenCL, Ldg, bs_64x1, padding_448, pixelPerThread_2
27354 - CUDA, Ldg, LocalMemory, bs_32x32, padding_128, pixelPerThread_3
9177 - OpenCL, Array2D, bs_128x2, padding_512, pixelPerThread_2
13435 - OpenCL, Ldg, LocalMemory, bs_128x2, padding_288, pixelPerThread_4
23587 - CUDA, Array2D, bs_128x8, padding_448, pixelPerThread_4
6284 - OpenCL, Linear2D, bs_128x2, padding_224, pixelPerThread_1
5915 - OpenCL, Linear2D, bs_32x16, padding_512, pixelPerThread_4
10741 - OpenCL, Array2D, LocalMemory, bs_128x8, padding_512, pixelPerThread_2
9561 - OpenCL, Array2D, bs_1024x1, padding_320, pixelPerThread_2
5270 - OpenCL, Linear1D, LocalMemory, bs_1024x1, padding_256, pixelPerThread_3
6715 - OpenCL, Linear2D, bs_1024x1, padding_384, pixelPerThread_4
6984 - OpenCL, Linear2D, bs_64x8, padding_384, pixelPerThread_1
4879 - OpenCL, Linear1D, LocalMemory, bs_128x2, padding_384, pixelPerThread_4
9562 - OpenCL, Array2D, bs_1024x1, padding_320, pixelPerThread_3
8124 - OpenCL, Linear2D, LocalMemory, bs_1024x1, padding_256, pixelPerThread_1
9823 - OpenCL, Array2D, bs_64x8, padding_224, pixelPerThread_4
3909 - OpenCL, Linear1D, bs_32x2, padding_256, pixelPerThread_2
23141 - CUDA, Array2D, bs_64x1, padding_160, pixelPerThread_2
7236 - OpenCL, Linear2D, LocalMemory, bs_32x8, padding_224, pixelPerThread_1
7909 - OpenCL, Linear2D, LocalMemory, bs_256x4, padding_160, pixelPerThread_2
3747 - OpenCL, Linear1D, bs_512x2, padding_32, pixelPerThread_4
23228 - CUDA, Array2D, bs_64x4, padding_320, pixelPerThread_1
4145 - OpenCL, Linear1D, bs_64x8, padding_512, pixelPerThread_2
11928 - OpenCL, Ldg, bs_128x1, padding_224, pixelPerThread_1
3007 - OpenCL, Linear1D, bs_32x16, padding_96, pixelPerThread_4
3876 - OpenCL, Linear1D, bs_32x2, padding_0, pixelPerThread_1
4663 - OpenCL, Linear1D, LocalMemory, bs_64x4, padding_288, pixelPerThread_4
11583 - OpenCL, Ldg, bs_32x16, padding_160, pixelPerThread_4
27878 - CUDA, Ldg, LocalMemory, bs_128x8, padding_512, pixelPerThread_3
10597 - OpenCL, Array2D, LocalMemory, bs_128x2, padding_448, pixelPerThread_2
13782 - OpenCL, Ldg, LocalMemory, bs_512x2, padding_352, pixelPerThread_3
3307 - OpenCL, Linear1D, bs_64x16, padding_320, pixelPerThread_4
23070 - CUDA, Array2D, bs_32x32, padding_128, pixelPerThread_3
25121 - CUDA, Array2D, LocalMemory, bs_512x1, padding_224, pixelPerThread_2
23444 - CUDA, Array2D, bs_128x2, padding_416, pixelPerThread_1
6198 - OpenCL, Linear2D, bs_128x1, padding_64, pixelPerThread_3
10560 - OpenCL, Array2D, LocalMemory, bs_128x2, padding_160, pixelPerThread_1
6993 - OpenCL, Linear2D, bs_64x8, padding_448, pixelPerThread_2
7687 - OpenCL, Linear2D, LocalMemory, bs_128x2, padding_0, pixelPerThread_4
3595 - OpenCL, Linear1D, bs_128x8, padding_448, pixelPerThread_4
23386 - CUDA, Array2D, bs_128x1, padding_480, pixelPerThread_3
8090 - OpenCL, Linear2D, LocalMemory, bs_512x2, padding_512, pixelPerThread_3
16402 - CUDA, LocalMemory, bs_128x8, padding_96, pixelPerThread_3
22410 - CUDA, Linear2D, LocalMemory, bs_1024x1, padding_288, pixelPerThread_3
7918 - OpenCL, Linear2D, LocalMemory, bs_256x4, padding_224, pixelPerThread_3
14260 - OpenCL, Ldg, LocalMemory, bs_256x2, padding_384, pixelPerThread_1
10210 - OpenCL, Array2D, LocalMemory, bs_32x32, padding_64, pixelPerThread_3
23686 - CUDA, Array2D, bs_512x1, padding_160, pixelPerThread_3
11984 - OpenCL, Ldg, bs_128x2, padding_128, pixelPerThread_1
16671 - CUDA, LocalMemory, bs_1024x1, padding_64, pixelPerThread_4
2215 - OpenCL, LocalMemory, bs_256x4, padding_288, pixelPerThread_4
8122 - OpenCL, Linear2D, LocalMemory, bs_1024x1, padding_224, pixelPerThread_3
12045 - OpenCL, Ldg, bs_128x4, padding_64, pixelPerThread_2
4799 - OpenCL, Linear1D, LocalMemory, bs_128x1, padding_288, pixelPerThread_4
8407 - OpenCL, Linear2D, LocalMemory, bs_64x8, padding_320, pixelPerThread_4
9807 - OpenCL, Array2D, bs_64x8, padding_96, pixelPerThread_4
7232 - OpenCL, Linear2D, LocalMemory, bs_32x8, padding_192, pixelPerThread_1
3895 - OpenCL, Linear1D, bs_32x2, padding_128, pixelPerThread_4
6474 - OpenCL, Linear2D, bs_256x4, padding_96, pixelPerThread_3
10944 - OpenCL, Array2D, LocalMemory, bs_512x2, padding_512, pixelPerThread_1
23776 - CUDA, Array2D, bs_512x2, padding_352, pixelPerThread_1
6753 - OpenCL, Linear2D, bs_32x2, padding_160, pixelPerThread_2
9092 - OpenCL, Array2D, bs_128x1, padding_384, pixelPerThread_1
2363 - OpenCL, LocalMemory, bs_512x2, padding_384, pixelPerThread_4
24197 - CUDA, Array2D, bs_256x1, padding_448, pixelPerThread_2
3988 - OpenCL, Linear1D, bs_32x4, padding_352, pixelPerThread_1
7858 - OpenCL, Linear2D, LocalMemory, bs_128x8, padding_288, pixelPerThread_3
11349 - OpenCL, Array2D, LocalMemory, bs_256x1, padding_480, pixelPerThread_2
10424 - OpenCL, Array2D, LocalMemory, bs_64x16, padding_160, pixelPerThread_1
6509 - OpenCL, Linear2D, bs_256x4, padding_384, pixelPerThread_2
12507 - OpenCL, Ldg, bs_32x2, padding_480, pixelPerThread_4
15935 - CUDA, LocalMemory, bs_32x32, padding_160, pixelPerThread_4
24206 - CUDA, Array2D, bs_256x1, padding_512, pixelPerThread_3
22999 - CUDA, Array2D, bs_32x16, padding_96, pixelPerThread_4
12741 - OpenCL, Ldg, bs_256x1, padding_192, pixelPerThread_2
25485 - CUDA, Array2D, LocalMemory, bs_64x2, padding_416, pixelPerThread_2
24704 - CUDA, Array2D, LocalMemory, bs_64x16, padding_160, pixelPerThread_1
14041 - OpenCL, Ldg, LocalMemory, bs_64x2, padding_256, pixelPerThread_2
21682 - CUDA, Linear2D, LocalMemory, bs_32x32, padding_448, pixelPerThread_3
13003 - OpenCL, Ldg, LocalMemory, bs_32x16, padding_96, pixelPerThread_4
12484 - OpenCL, Ldg, bs_32x2, padding_320, pixelPerThread_1
8056 - OpenCL, Linear2D, LocalMemory, bs_512x2, padding_256, pixelPerThread_1
12613 - OpenCL, Ldg, bs_64x2, padding_256, pixelPerThread_2
10127 - OpenCL, Array2D, LocalMemory, bs_32x8, padding_480, pixelPerThread_4
12937 - OpenCL, Ldg, LocalMemory, bs_32x8, padding_128, pixelPerThread_2
9457 - OpenCL, Array2D, bs_512x2, padding_32, pixelPerThread_2
27934 - CUDA, Ldg, LocalMemory, bs_256x4, padding_416, pixelPerThread_3
7348 - OpenCL, Linear2D, LocalMemory, bs_32x32, padding_32, pixelPerThread_1
4453 - OpenCL, Linear1D, LocalMemory, bs_32x16, padding_256, pixelPerThread_2
3709 - OpenCL, Linear1D, bs_512x1, padding_288, pixelPerThread_2
7307 - OpenCL, Linear2D, LocalMemory, bs_32x16, padding_224, pixelPerThread_4
4810 - OpenCL, Linear1D, LocalMemory, bs_128x1, padding_384, pixelPerThread_3
5770 - OpenCL, Linear2D, bs_32x1, padding_448, pixelPerThread_3
5911 - OpenCL, Linear2D, bs_32x16, padding_480, pixelPerThread_4
10932 - OpenCL, Array2D, LocalMemory, bs_512x2, padding_416, pixelPerThread_1
27574 - CUDA, Ldg, LocalMemory, bs_64x16, padding_256, pixelPerThread_3
5786 - OpenCL, Linear2D, bs_32x8, padding_32, pixelPerThread_3
3785 - OpenCL, Linear1D, bs_512x2, padding_352, pixelPerThread_2
11297 - OpenCL, Array2D, LocalMemory, bs_256x1, padding_64, pixelPerThread_2
9359 - OpenCL, Array2D, bs_256x4, padding_320, pixelPerThread_4
25611 - CUDA, Array2D, LocalMemory, bs_256x1, padding_320, pixelPerThread_4
12983 - OpenCL, Ldg, LocalMemory, bs_32x8, padding_480, pixelPerThread_4
16150 - CUDA, LocalMemory, bs_64x16, padding_256, pixelPerThread_3
24937 - CUDA, Array2D, LocalMemory, bs_128x4, padding_384, pixelPerThread_2
11481 - OpenCL, Ldg, bs_32x1, padding_448, pixelPerThread_2
10439 - OpenCL, Array2D, LocalMemory, bs_64x16, padding_256, pixelPerThread_4
22381 - CUDA, Linear2D, LocalMemory, bs_1024x1, padding_64, pixelPerThread_2
4927 - OpenCL, Linear1D, LocalMemory, bs_128x4, padding_224, pixelPerThread_4
23224 - CUDA, Array2D, bs_64x4, padding_288, pixelPerThread_1
13797 - OpenCL, Ldg, LocalMemory, bs_512x2, padding_480, pixelPerThread_2
7803 - OpenCL, Linear2D, LocalMemory, bs_128x4, padding_384, pixelPerThread_4
7166 - OpenCL, Linear2D, LocalMemory, bs_32x1, padding_192, pixelPerThread_3
3546 - OpenCL, Linear1D, bs_128x8, padding_64, pixelPerThread_3
27854 - CUDA, Ldg, LocalMemory, bs_128x8, padding_320, pixelPerThread_3
8334 - OpenCL, Linear2D, LocalMemory, bs_64x2, padding_288, pixelPerThread_3
24507 - CUDA, Array2D, LocalMemory, bs_32x32, padding_192, pixelPerThread_4
8853 - OpenCL, Array2D, bs_64x1, padding_96, pixelPerThread_2
4974 - OpenCL, Linear1D, LocalMemory, bs_128x8, padding_64, pixelPerThread_3
3192 - OpenCL, Linear1D, bs_64x1, padding_512, pixelPerThread_1
22884 - CUDA, Array2D, bs_32x1, padding_288, pixelPerThread_1
6676 - OpenCL, Linear2D, bs_1024x1, padding_96, pixelPerThread_1
11948 - OpenCL, Ldg, bs_128x1, padding_384, pixelPerThread_1
11979 - OpenCL, Ldg, bs_128x2, padding_64, pixelPerThread_4
25476 - CUDA, Array2D, LocalMemory, bs_64x2, padding_352, pixelPerThread_1
25516 - CUDA, Array2D, LocalMemory, bs_64x8, padding_128, pixelPerThread_1
6180 - OpenCL, Linear2D, bs_64x16, padding_480, pixelPerThread_1
12915 - OpenCL, Ldg, LocalMemory, bs_32x1, padding_480, pixelPerThread_4
23283 - CUDA, Array2D, bs_64x16, padding_192, pixelPerThread_4
19491 - CUDA, Linear1D, LocalMemory, bs_512x2, padding_320, pixelPerThread_4
7286 - OpenCL, Linear2D, LocalMemory, bs_32x16, padding_64, pixelPerThread_3
13688 - OpenCL, Ldg, LocalMemory, bs_512x1, padding_160, pixelPerThread_1
23568 - CUDA, Array2D, bs_128x8, padding_320, pixelPerThread_1
24341 - CUDA, Array2D, LocalMemory, bs_32x1, padding_512, pixelPerThread_2
24764 - CUDA, Array2D, LocalMemory, bs_128x1, padding_96, pixelPerThread_1
12298 - OpenCL, Ldg, bs_512x1, padding_448, pixelPerThread_3
10604 - OpenCL, Array2D, LocalMemory, bs_128x2, padding_512, pixelPerThread_1
23777 - CUDA, Array2D, bs_512x2, padding_352, pixelPerThread_2
2378 - OpenCL, LocalMemory, bs_512x2, padding_512, pixelPerThread_3
14247 - OpenCL, Ldg, LocalMemory, bs_256x2, padding_256, pixelPerThread_4
27550 - CUDA, Ldg, LocalMemory, bs_64x16, padding_64, pixelPerThread_3
13730 - OpenCL, Ldg, LocalMemory, bs_512x1, padding_480, pixelPerThread_3
13371 - OpenCL, Ldg, LocalMemory, bs_128x1, padding_320, pixelPerThread_4
14130 - OpenCL, Ldg, LocalMemory, bs_64x8, padding_416, pixelPerThread_3
14042 - OpenCL, Ldg, LocalMemory, bs_64x2, padding_256, pixelPerThread_3
7356 - OpenCL, Linear2D, LocalMemory, bs_32x32, padding_96, pixelPerThread_1
9686 - OpenCL, Array2D, bs_32x4, padding_224, pixelPerThread_3
9196 - OpenCL, Array2D, bs_128x4, padding_128, pixelPerThread_1
13938 - OpenCL, Ldg, LocalMemory, bs_32x2, padding_512, pixelPerThread_3
23233 - CUDA, Array2D, bs_64x4, padding_352, pixelPerThread_2
16167 - CUDA, LocalMemory, bs_64x16, padding_384, pixelPerThread_4
13177 - OpenCL, Ldg, LocalMemory, bs_64x1, padding_416, pixelPerThread_2
3801 - OpenCL, Linear1D, bs_512x2, padding_480, pixelPerThread_2
22973 - CUDA, Array2D, bs_32x8, padding_448, pixelPerThread_2
7822 - OpenCL, Linear2D, LocalMemory, bs_128x8, padding_0, pixelPerThread_3
22884 - CUDA, Array2D, bs_32x1, padding_288, pixelPerThread_1
5016 - OpenCL, Linear1D, LocalMemory, bs_128x8, padding_416, pixelPerThread_1
6974 - OpenCL, Linear2D, bs_64x8, padding_288, pixelPerThread_3
11310 - OpenCL, Array2D, LocalMemory, bs_256x1, padding_160, pixelPerThread_3
9837 - OpenCL, Array2D, bs_64x8, padding_352, pixelPerThread_2
3922 - OpenCL, Linear1D, bs_32x2, padding_352, pixelPerThread_3
11393 - OpenCL, Array2D, LocalMemory, bs_256x2, padding_288, pixelPerThread_2
11489 - OpenCL, Ldg, bs_32x1, padding_512, pixelPerThread_2
12614 - OpenCL, Ldg, bs_64x2, padding_256, pixelPerThread_3
10854 - OpenCL, Array2D, LocalMemory, bs_512x1, padding_320, pixelPerThread_3
4653 - OpenCL, Linear1D, LocalMemory, bs_64x4, padding_224, pixelPerThread_2
16154 - CUDA, LocalMemory, bs_64x16, padding_288, pixelPerThread_3
25159 - CUDA, Array2D, LocalMemory, bs_512x1, padding_512, pixelPerThread_4
7610 - OpenCL, Linear2D, LocalMemory, bs_64x16, padding_480, pixelPerThread_3
4352 - OpenCL, Linear1D, LocalMemory, bs_32x8, padding_0, pixelPerThread_1
10446 - OpenCL, Array2D, LocalMemory, bs_64x16, padding_320, pixelPerThread_3
4577 - OpenCL, Linear1D, LocalMemory, bs_64x1, padding_160, pixelPerThread_2
2166 - OpenCL, LocalMemory, bs_128x8, padding_448, pixelPerThread_3
12596 - OpenCL, Ldg, bs_64x2, padding_128, pixelPerThread_1
12317 - OpenCL, Ldg, bs_512x2, padding_64, pixelPerThread_2
9026 - OpenCL, Array2D, bs_64x16, padding_384, pixelPerThread_3
11513 - OpenCL, Ldg, bs_32x8, padding_160, pixelPerThread_2
7748 - OpenCL, Linear2D, LocalMemory, bs_128x2, padding_512, pixelPerThread_1
13731 - OpenCL, Ldg, LocalMemory, bs_512x1, padding_480, pixelPerThread_4
3441 - OpenCL, Linear1D, bs_128x2, padding_320, pixelPerThread_2
12245 - OpenCL, Ldg, bs_512x1, padding_32, pixelPerThread_2
4381 - OpenCL, Linear1D, LocalMemory, bs_32x8, padding_224, pixelPerThread_2
10358 - OpenCL, Array2D, LocalMemory, bs_64x4, padding_160, pixelPerThread_3
9564 - OpenCL, Array2D, bs_1024x1, padding_352, pixelPerThread_1
3576 - OpenCL, Linear1D, bs_128x8, padding_320, pixelPerThread_1
24352 - CUDA, Array2D, LocalMemory, bs_32x8, padding_64, pixelPerThread_1
25421 - CUDA, Array2D, LocalMemory, bs_32x4, padding_448, pixelPerThread_2
12687 - OpenCL, Ldg, bs_64x8, padding_288, pixelPerThread_4
25084 - CUDA, Array2D, LocalMemory, bs_256x4, padding_480, pixelPerThread_1
12968 - OpenCL, Ldg, LocalMemory, bs_32x8, padding_384, pixelPerThread_1
19482 - CUDA, Linear1D, LocalMemory, bs_512x2, padding_256, pixelPerThread_3
5001 - OpenCL, Linear1D, LocalMemory, bs_128x8, padding_288, pixelPerThread_2
23925 - CUDA, Array2D, bs_32x2, padding_448, pixelPerThread_2
13099 - OpenCL, Ldg, LocalMemory, bs_32x32, padding_320, pixelPerThread_4
3032 - OpenCL, Linear1D, bs_32x16, padding_320, pixelPerThread_1
8740 - OpenCL, Array2D, bs_32x16, padding_288, pixelPerThread_1
12149 - OpenCL, Ldg, bs_128x8, padding_352, pixelPerThread_2
10162 - OpenCL, Array2D, LocalMemory, bs_32x16, padding_224, pixelPerThread_3
4336 - OpenCL, Linear1D, LocalMemory, bs_32x1, padding_416, pixelPerThread_1
23970 - CUDA, Array2D, bs_32x4, padding_256, pixelPerThread_3
24933 - CUDA, Array2D, LocalMemory, bs_128x4, padding_352, pixelPerThread_2
12034 - OpenCL, Ldg, bs_128x2, padding_512, pixelPerThread_3
4424 - OpenCL, Linear1D, LocalMemory, bs_32x16, padding_32, pixelPerThread_1
9257 - OpenCL, Array2D, bs_128x8, padding_64, pixelPerThread_2
4658 - OpenCL, Linear1D, LocalMemory, bs_64x4, padding_256, pixelPerThread_3
11541 - OpenCL, Ldg, bs_32x8, padding_384, pixelPerThread_2
3999 - OpenCL, Linear1D, bs_32x4, padding_416, pixelPerThread_4
19358 - CUDA, Linear1D, LocalMemory, bs_256x4, padding_352, pixelPerThread_3
5670 - OpenCL, Linear1D, LocalMemory, bs_256x2, padding_192, pixelPerThread_3
2127 - OpenCL, LocalMemory, bs_128x8, padding_128, pixelPerThread_4
5912 - OpenCL, Linear2D, bs_32x16, padding_512, pixelPerThread_1
11567 - OpenCL, Ldg, bs_32x16, padding_32, pixelPerThread_4
8632 - OpenCL, Array2D, bs_32x1, padding_512, pixelPerThread_1
27839 - CUDA, Ldg, LocalMemory, bs_128x8, padding_192, pixelPerThread_4
24071 - CUDA, Array2D, bs_64x2, padding_512, pixelPerThread_4
8628 - OpenCL, Array2D, bs_32x1, padding_480, pixelPerThread_1
3005 - OpenCL, Linear1D, bs_32x16, padding_96, pixelPerThread_2
24349 - CUDA, Array2D, LocalMemory, bs_32x8, padding_32, pixelPerThread_2
22346 - CUDA, Linear2D, LocalMemory, bs_512x2, padding_320, pixelPerThread_3
13522 - OpenCL, Ldg, LocalMemory, bs_128x4, padding_448, pixelPerThread_3
3763 - OpenCL, Linear1D, bs_512x2, padding_160, pixelPerThread_4
8441 - OpenCL, Linear2D, LocalMemory, bs_256x1, padding_64, pixelPerThread_2
10166 - OpenCL, Array2D, LocalMemory, bs_32x16, padding_256, pixelPerThread_3
1854 - OpenCL, LocalMemory, bs_64x16, padding_128, pixelPerThread_3
8150 - OpenCL, Linear2D, LocalMemory, bs_1024x1, padding_448, pixelPerThread_3
12549 - OpenCL, Ldg, bs_32x4, padding_288, pixelPerThread_2
13537 - OpenCL, Ldg, LocalMemory, bs_128x8, padding_32, pixelPerThread_2
23783 - CUDA, Array2D, bs_512x2, padding_384, pixelPerThread_4
13807 - OpenCL, Ldg, LocalMemory, bs_1024x1, padding_0, pixelPerThread_4
4065 - OpenCL, Linear1D, bs_64x2, padding_416, pixelPerThread_2
23488 - CUDA, Array2D, bs_128x4, padding_224, pixelPerThread_1
24585 - CUDA, Array2D, LocalMemory, bs_64x1, padding_288, pixelPerThread_2
12261 - OpenCL, Ldg, bs_512x1, padding_160, pixelPerThread_2
3237 - OpenCL, Linear1D, bs_64x4, padding_320, pixelPerThread_2
9676 - OpenCL, Array2D, bs_32x4, padding_160, pixelPerThread_1
5489 - OpenCL, Linear1D, LocalMemory, bs_64x2, padding_384, pixelPerThread_2
6400 - OpenCL, Linear2D, bs_128x8, padding_64, pixelPerThread_1
11227 - OpenCL, Array2D, LocalMemory, bs_64x8, padding_32, pixelPerThread_4
25363 - CUDA, Array2D, LocalMemory, bs_32x2, padding_512, pixelPerThread_4
24064 - CUDA, Array2D, bs_64x2, padding_480, pixelPerThread_1
9361 - OpenCL, Array2D, bs_256x4, padding_352, pixelPerThread_2
23655 - CUDA, Array2D, bs_256x4, padding_448, pixelPerThread_4
13626 - OpenCL, Ldg, LocalMemory, bs_256x4, padding_192, pixelPerThread_3
11239 - OpenCL, Array2D, LocalMemory, bs_64x8, padding_128, pixelPerThread_4
24552 - CUDA, Array2D, LocalMemory, bs_64x1, padding_32, pixelPerThread_1
7224 - OpenCL, Linear2D, LocalMemory, bs_32x8, padding_128, pixelPerThread_1
3911 - OpenCL, Linear1D, bs_32x2, padding_256, pixelPerThread_4
12415 - OpenCL, Ldg, bs_1024x1, padding_288, pixelPerThread_4
7788 - OpenCL, Linear2D, LocalMemory, bs_128x4, padding_288, pixelPerThread_1
10977 - OpenCL, Array2D, LocalMemory, bs_1024x1, padding_224, pixelPerThread_2
7157 - OpenCL, Linear2D, LocalMemory, bs_32x1, padding_128, pixelPerThread_2
2872 - OpenCL, Linear1D, bs_32x1, padding_128, pixelPerThread_1
4611 - OpenCL, Linear1D, LocalMemory, bs_64x1, padding_416, pixelPerThread_4
7262 - OpenCL, Linear2D, LocalMemory, bs_32x8, padding_416, pixelPerThread_3
10944 - OpenCL, Array2D, LocalMemory, bs_512x2, padding_512, pixelPerThread_1
10445 - OpenCL, Array2D, LocalMemory, bs_64x16, padding_320, pixelPerThread_2
2949 - OpenCL, Linear1D, bs_32x8, padding_192, pixelPerThread_2
3608 - OpenCL, Linear1D, bs_256x4, padding_32, pixelPerThread_1
5810 - OpenCL, Linear2D, bs_32x8, padding_224, pixelPerThread_3
13684 - OpenCL, Ldg, LocalMemory, bs_512x1, padding_128, pixelPerThread_1
9982 - OpenCL, Array2D, bs_256x2, padding_416, pixelPerThread_3
11996 - OpenCL, Ldg, bs_128x2, padding_224, pixelPerThread_1
24462 - CUDA, Array2D, LocalMemory, bs_32x16, padding_384, pixelPerThread_3
7290 - OpenCL, Linear2D, LocalMemory, bs_32x16, padding_96, pixelPerThread_3
3844 - OpenCL, Linear1D, bs_1024x1, padding_288, pixelPerThread_1
24705 - CUDA, Array2D, LocalMemory, bs_64x16, padding_160, pixelPerThread_2
9841 - OpenCL, Array2D, bs_64x8, padding_384, pixelPerThread_2
11464 - OpenCL, Ldg, bs_32x1, padding_320, pixelPerThread_1
10285 - OpenCL, Array2D, LocalMemory, bs_64x1, padding_128, pixelPerThread_2
11046 - OpenCL, Array2D, LocalMemory, bs_32x2, padding_224, pixelPerThread_3
7799 - OpenCL, Linear2D, LocalMemory, bs_128x4, padding_352, pixelPerThread_4
3412 - OpenCL, Linear1D, bs_128x2, padding_96, pixelPerThread_1
10832 - OpenCL, Array2D, LocalMemory, bs_512x1, padding_160, pixelPerThread_1
11485 - OpenCL, Ldg, bs_32x1, padding_480, pixelPerThread_2
24439 - CUDA, Array2D, LocalMemory, bs_32x16, padding_192, pixelPerThread_4
16611 - CUDA, LocalMemory, bs_512x2, padding_128, pixelPerThread_4
5167 - OpenCL, Linear1D, LocalMemory, bs_512x1, padding_512, pixelPerThread_4
5103 - OpenCL, Linear1D, LocalMemory, bs_512x1, padding_0, pixelPerThread_4
8537 - OpenCL, Linear2D, LocalMemory, bs_256x2, padding_288, pixelPerThread_2
8708 - OpenCL, Array2D, bs_32x16, padding_32, pixelPerThread_1
8632 - OpenCL, Array2D, bs_32x1, padding_512, pixelPerThread_1
11844 - OpenCL, Ldg, bs_64x16, padding_96, pixelPerThread_1
12727 - OpenCL, Ldg, bs_256x1, padding_64, pixelPerThread_4
8739 - OpenCL, Array2D, bs_32x16, padding_256, pixelPerThread_4
2166 - OpenCL, LocalMemory, bs_128x8, padding_448, pixelPerThread_3
21883 - CUDA, Linear2D, LocalMemory, bs_64x16, padding_416, pixelPerThread_4
23323 - CUDA, Array2D, bs_64x16, padding_512, pixelPerThread_4
6329 - OpenCL, Linear2D, bs_128x4, padding_32, pixelPerThread_2
10376 - OpenCL, Array2D, LocalMemory, bs_64x4, padding_320, pixelPerThread_1
2182 - OpenCL, LocalMemory, bs_256x4, padding_32, pixelPerThread_3
13629 - OpenCL, Ldg, LocalMemory, bs_256x4, padding_224, pixelPerThread_2
24365 - CUDA, Array2D, LocalMemory, bs_32x8, padding_160, pixelPerThread_2
23315 - CUDA, Array2D, bs_64x16, padding_448, pixelPerThread_4
12688 - OpenCL, Ldg, bs_64x8, padding_320, pixelPerThread_1
2870 - OpenCL, Linear1D, bs_32x1, padding_96, pixelPerThread_3
25660 - CUDA, Array2D, LocalMemory, bs_256x2, padding_192, pixelPerThread_1
6957 - OpenCL, Linear2D, bs_64x8, padding_160, pixelPerThread_2
12415 - OpenCL, Ldg, bs_1024x1, padding_288, pixelPerThread_4
25128 - CUDA, Array2D, LocalMemory, bs_512x1, padding_288, pixelPerThread_1
2414 - OpenCL, LocalMemory, bs_1024x1, padding_256, pixelPerThread_3
10227 - OpenCL, Array2D, LocalMemory, bs_32x32, padding_192, pixelPerThread_4
12219 - OpenCL, Ldg, bs_256x4, padding_352, pixelPerThread_4
7303 - OpenCL, Linear2D, LocalMemory, bs_32x16, padding_192, pixelPerThread_4
4540 - OpenCL, Linear1D, LocalMemory, bs_32x32, padding_416, pixelPerThread_1
9936 - OpenCL, Array2D, bs_256x2, padding_64, pixelPerThread_1
4393 - OpenCL, Linear1D, LocalMemory, bs_32x8, padding_320, pixelPerThread_2
23288 - CUDA, Array2D, bs_64x16, padding_256, pixelPerThread_1
10403 - OpenCL, Array2D, LocalMemory, bs_64x4, padding_512, pixelPerThread_4
23287 - CUDA, Array2D, bs_64x16, padding_224, pixelPerThread_4
12726 - OpenCL, Ldg, bs_256x1, padding_64, pixelPerThread_3
23638 - CUDA, Array2D, bs_256x4, padding_320, pixelPerThread_3
25482 - CUDA, Array2D, LocalMemory, bs_64x2, padding_384, pixelPerThread_3
8347 - OpenCL, Linear2D, LocalMemory, bs_64x2, padding_384, pixelPerThread_4
24561 - CUDA, Array2D, LocalMemory, bs_64x1, padding_96, pixelPerThread_2
11638 - OpenCL, Ldg, bs_32x32, padding_64, pixelPerThread_3
12922 - OpenCL, Ldg, LocalMemory, bs_32x8, padding_0, pixelPerThread_3
27859 - CUDA, Ldg, LocalMemory, bs_128x8, padding_352, pixelPerThread_4
23476 - CUDA, Array2D, bs_128x4, padding_128, pixelPerThread_1
8386 - OpenCL, Linear2D, LocalMemory, bs_64x8, padding_160, pixelPerThread_3
9944 - OpenCL, Array2D, bs_256x2, padding_128, pixelPerThread_1
13222 - OpenCL, Ldg, LocalMemory, bs_64x4, padding_224, pixelPerThread_3
23095 - CUDA, Array2D, bs_32x32, padding_320, pixelPerThread_4
11536 - OpenCL, Ldg, bs_32x8, padding_352, pixelPerThread_1
11314 - OpenCL, Array2D, LocalMemory, bs_256x1, padding_192, pixelPerThread_3
23493 - CUDA, Array2D, bs_128x4, padding_256, pixelPerThread_2
10442 - OpenCL, Array2D, LocalMemory, bs_64x16, padding_288, pixelPerThread_3
9380 - OpenCL, Array2D, bs_256x4, padding_512, pixelPerThread_1
13291 - OpenCL, Ldg, LocalMemory, bs_64x16, padding_224, pixelPerThread_4
9309 - OpenCL, Array2D, bs_128x8, padding_480, pixelPerThread_2
6498 - OpenCL, Linear2D, bs_256x4, padding_288, pixelPerThread_3
3974 - OpenCL, Linear1D, bs_32x4, padding_224, pixelPerThread_3
3872 - OpenCL, Linear1D, bs_1024x1, padding_512, pixelPerThread_1
7264 - OpenCL, Linear2D, LocalMemory, bs_32x8, padding_448, pixelPerThread_1
8538 - OpenCL, Linear2D, LocalMemory, bs_256x2, padding_288, pixelPerThread_3
19014 - CUDA, Linear1D, LocalMemory, bs_64x16, padding_320, pixelPerThread_3
25574 - CUDA, Array2D, LocalMemory, bs_256x1, padding_32, pixelPerThread_3
19567 - CUDA, Linear1D, LocalMemory, bs_1024x1, padding_384, pixelPerThread_4
9476 - OpenCL, Array2D, bs_512x2, padding_192, pixelPerThread_1
2982 - OpenCL, Linear1D, bs_32x8, padding_448, pixelPerThread_3
4590 - OpenCL, Linear1D, LocalMemory, bs_64x1, padding_256, pixelPerThread_3
3349 - OpenCL, Linear1D, bs_128x1, padding_128, pixelPerThread_2
12102 - OpenCL, Ldg, bs_128x4, padding_512, pixelPerThread_3
4626 - OpenCL, Linear1D, LocalMemory, bs_64x4, padding_0, pixelPerThread_3
10434 - OpenCL, Array2D, LocalMemory, bs_64x16, padding_224, pixelPerThread_3
3081 - OpenCL, Linear1D, bs_32x32, padding_160, pixelPerThread_2
14119 - OpenCL, Ldg, LocalMemory, bs_64x8, padding_320, pixelPerThread_4
9265 - OpenCL, Array2D, bs_128x8, padding_128, pixelPerThread_2
3541 - OpenCL, Linear1D, bs_128x8, padding_32, pixelPerThread_2
14167 - OpenCL, Ldg, LocalMemory, bs_256x1, padding_160, pixelPerThread_4
13808 - OpenCL, Ldg, LocalMemory, bs_1024x1, padding_32, pixelPerThread_1
5875 - OpenCL, Linear2D, bs_32x16, padding_192, pixelPerThread_4
23386 - CUDA, Array2D, bs_128x1, padding_480, pixelPerThread_3
4412 - OpenCL, Linear1D, LocalMemory, bs_32x8, padding_480, pixelPerThread_1
5958 - OpenCL, Linear2D, bs_32x32, padding_320, pixelPerThread_3
24040 - CUDA, Array2D, bs_64x2, padding_288, pixelPerThread_1
9445 - OpenCL, Array2D, bs_512x1, padding_480, pixelPerThread_2
12789 - OpenCL, Ldg, bs_256x2, padding_32, pixelPerThread_2
5852 - OpenCL, Linear2D, bs_32x16, padding_32, pixelPerThread_1
5485 - OpenCL, Linear1D, LocalMemory, bs_64x2, padding_352, pixelPerThread_2
9942 - OpenCL, Array2D, bs_256x2, padding_96, pixelPerThread_3
22955 - CUDA, Array2D, bs_32x8, padding_288, pixelPerThread_4
10407 - OpenCL, Array2D, LocalMemory, bs_64x16, padding_0, pixelPerThread_4
11135 - OpenCL, Array2D, LocalMemory, bs_32x4, padding_384, pixelPerThread_4
9509 - OpenCL, Array2D, bs_512x2, padding_448, pixelPerThread_2
22979 - CUDA, Array2D, bs_32x8, padding_480, pixelPerThread_4
9749 - OpenCL, Array2D, bs_64x2, padding_192, pixelPerThread_2
11430 - OpenCL, Ldg, bs_32x1, padding_32, pixelPerThread_3
12179 - OpenCL, Ldg, bs_256x4, padding_32, pixelPerThread_4
9763 - OpenCL, Array2D, bs_64x2, padding_288, pixelPerThread_4
10488 - OpenCL, Array2D, LocalMemory, bs_128x1, padding_128, pixelPerThread_1
27947 - CUDA, Ldg, LocalMemory, bs_256x4, padding_512, pixelPerThread_4
8113 - OpenCL, Linear2D, LocalMemory, bs_1024x1, padding_160, pixelPerThread_2
6727 - OpenCL, Linear2D, bs_1024x1, padding_480, pixelPerThread_4
19579 - CUDA, Linear1D, LocalMemory, bs_1024x1, padding_480, pixelPerThread_4
5586 - OpenCL, Linear1D, LocalMemory, bs_256x1, padding_64, pixelPerThread_3
13525 - OpenCL, Ldg, LocalMemory, bs_128x4, padding_480, pixelPerThread_2
8267 - OpenCL, Linear2D, LocalMemory, bs_32x4, padding_288, pixelPerThread_4
10354 - OpenCL, Array2D, LocalMemory, bs_64x4, padding_128, pixelPerThread_3
13136 - OpenCL, Ldg, LocalMemory, bs_64x1, padding_96, pixelPerThread_1
4625 - OpenCL, Linear1D, LocalMemory, bs_64x4, padding_0, pixelPerThread_2
24027 - CUDA, Array2D, bs_64x2, padding_160, pixelPerThread_4
12251 - OpenCL, Ldg, bs_512x1, padding_64, pixelPerThread_4
3519 - OpenCL, Linear1D, bs_128x4, padding_384, pixelPerThread_4
25009 - CUDA, Array2D, LocalMemory, bs_128x8, padding_416, pixelPerThread_2
11333 - OpenCL, Array2D, LocalMemory, bs_256x1, padding_352, pixelPerThread_2
23094 - CUDA, Array2D, bs_32x32, padding_320, pixelPerThread_3
14135 - OpenCL, Ldg, LocalMemory, bs_64x8, padding_448, pixelPerThread_4
24648 - CUDA, Array2D, LocalMemory, bs_64x4, padding_256, pixelPerThread_1
5544 - OpenCL, Linear1D, LocalMemory, bs_64x8, padding_288, pixelPerThread_1
22359 - CUDA, Linear2D, LocalMemory, bs_512x2, padding_416, pixelPerThread_4
12552 - OpenCL, Ldg, bs_32x4, padding_320, pixelPerThread_1
9857 - OpenCL, Array2D, bs_64x8, padding_512, pixelPerThread_2
3375 - OpenCL, Linear1D, bs_128x1, padding_320, pixelPerThread_4
24741 - CUDA, Array2D, LocalMemory, bs_64x16, padding_448, pixelPerThread_2
23867 - CUDA, Array2D, bs_1024x1, padding_512, pixelPerThread_4
6250 - OpenCL, Linear2D, bs_128x1, padding_480, pixelPerThread_3
18830 - CUDA, Linear1D, LocalMemory, bs_32x32, padding_480, pixelPerThread_3
24544 - CUDA, Array2D, LocalMemory, bs_32x32, padding_512, pixelPerThread_1
11678 - OpenCL, Ldg, bs_32x32, padding_384, pixelPerThread_3
6805 - OpenCL, Linear2D, bs_32x4, padding_32, pixelPerThread_2
16711 - CUDA, LocalMemory, bs_1024x1, padding_384, pixelPerThread_4
6969 - OpenCL, Linear2D, bs_64x8, padding_256, pixelPerThread_2
6113 - OpenCL, Linear2D, bs_64x4, padding_480, pixelPerThread_2
10053 - OpenCL, Array2D, LocalMemory, bs_32x1, padding_448, pixelPerThread_2
8246 - OpenCL, Linear2D, LocalMemory, bs_32x4, padding_128, pixelPerThread_3
19521 - CUDA, Linear1D, LocalMemory, bs_1024x1, padding_32, pixelPerThread_2
3145 - OpenCL, Linear1D, bs_64x1, padding_128, pixelPerThread_2
12915 - OpenCL, Ldg, LocalMemory, bs_32x1, padding_480, pixelPerThread_4
12178 - OpenCL, Ldg, bs_256x4, padding_32, pixelPerThread_3
3947 - OpenCL, Linear1D, bs_32x4, padding_0, pixelPerThread_4
8211 - OpenCL, Linear2D, LocalMemory, bs_32x2, padding_384, pixelPerThread_4
7789 - OpenCL, Linear2D, LocalMemory, bs_128x4, padding_288, pixelPerThread_2
5425 - OpenCL, Linear1D, LocalMemory, bs_32x4, padding_416, pixelPerThread_2
23376 - CUDA, Array2D, bs_128x1, padding_416, pixelPerThread_1
9148 - OpenCL, Array2D, bs_128x2, padding_288, pixelPerThread_1
6725 - OpenCL, Linear2D, bs_1024x1, padding_480, pixelPerThread_2
7818 - OpenCL, Linear2D, LocalMemory, bs_128x4, padding_512, pixelPerThread_3
12458 - OpenCL, Ldg, bs_32x2, padding_96, pixelPerThread_3
11610 - OpenCL, Ldg, bs_32x16, padding_384, pixelPerThread_3
23266 - CUDA, Array2D, bs_64x16, padding_64, pixelPerThread_3
23689 - CUDA, Array2D, bs_512x1, padding_192, pixelPerThread_2
4321 - OpenCL, Linear1D, LocalMemory, bs_32x1, padding_288, pixelPerThread_2
4345 - OpenCL, Linear1D, LocalMemory, bs_32x1, padding_480, pixelPerThread_2
3104 - OpenCL, Linear1D, bs_32x32, padding_352, pixelPerThread_1
11628 - OpenCL, Ldg, bs_32x32, padding_0, pixelPerThread_1
23684 - CUDA, Array2D, bs_512x1, padding_160, pixelPerThread_1
10000 - OpenCL, Array2D, LocalMemory, bs_32x1, padding_32, pixelPerThread_1
10845 - OpenCL, Array2D, LocalMemory, bs_512x1, padding_256, pixelPerThread_2
12764 - OpenCL, Ldg, bs_256x1, padding_384, pixelPerThread_1
10002 - OpenCL, Array2D, LocalMemory, bs_32x1, padding_32, pixelPerThread_3
13430 - OpenCL, Ldg, LocalMemory, bs_128x2, padding_256, pixelPerThread_3
13693 - OpenCL, Ldg, LocalMemory, bs_512x1, padding_192, pixelPerThread_2
11702 - OpenCL, Ldg, bs_64x1, padding_32, pixelPerThread_3
23944 - CUDA, Array2D, bs_32x4, padding_64, pixelPerThread_1
13602 - OpenCL, Ldg, LocalMemory, bs_256x4, padding_0, pixelPerThread_3
9022 - OpenCL, Array2D, bs_64x16, padding_352, pixelPerThread_3
10487 - OpenCL, Array2D, LocalMemory, bs_128x1, padding_96, pixelPerThread_4
11748 - OpenCL, Ldg, bs_64x1, padding_416, pixelPerThread_1
3866 - OpenCL, Linear1D, bs_1024x1, padding_448, pixelPerThread_3
12478 - OpenCL, Ldg, bs_32x2, padding_256, pixelPerThread_3
2892 - OpenCL, Linear1D, bs_32x1, padding_288, pixelPerThread_1
23108 - CUDA, Array2D, bs_32x32, padding_448, pixelPerThread_1
14024 - OpenCL, Ldg, LocalMemory, bs_64x2, padding_128, pixelPerThread_1
6121 - OpenCL, Linear2D, bs_64x16, padding_0, pixelPerThread_2
21646 - CUDA, Linear2D, LocalMemory, bs_32x32, padding_160, pixelPerThread_3
6409 - OpenCL, Linear2D, bs_128x8, padding_128, pixelPerThread_2
13614 - OpenCL, Ldg, LocalMemory, bs_256x4, padding_96, pixelPerThread_3
11134 - OpenCL, Array2D, LocalMemory, bs_32x4, padding_384, pixelPerThread_3
13542 - OpenCL, Ldg, LocalMemory, bs_128x8, padding_64, pixelPerThread_3
10258 - OpenCL, Array2D, LocalMemory, bs_32x32, padding_448, pixelPerThread_3
4548 - OpenCL, Linear1D, LocalMemory, bs_32x32, padding_480, pixelPerThread_1
11171 - OpenCL, Array2D, LocalMemory, bs_64x2, padding_128, pixelPerThread_4
23375 - CUDA, Array2D, bs_128x1, padding_384, pixelPerThread_4
5710 - OpenCL, Linear1D, LocalMemory, bs_256x2, padding_512, pixelPerThread_3
23450 - CUDA, Array2D, bs_128x2, padding_448, pixelPerThread_3
6611 - OpenCL, Linear2D, bs_512x2, padding_96, pixelPerThread_4
11640 - OpenCL, Ldg, bs_32x32, padding_96, pixelPerThread_1
6831 - OpenCL, Linear2D, bs_32x4, padding_224, pixelPerThread_4
3447 - OpenCL, Linear1D, bs_128x2, padding_352, pixelPerThread_4
7572 - OpenCL, Linear2D, LocalMemory, bs_64x16, padding_192, pixelPerThread_1
8886 - OpenCL, Array2D, bs_64x1, padding_352, pixelPerThread_3
4203 - OpenCL, Linear1D, bs_256x1, padding_416, pixelPerThread_4
25028 - CUDA, Array2D, LocalMemory, bs_256x4, padding_32, pixelPerThread_1
3152 - OpenCL, Linear1D, bs_64x1, padding_192, pixelPerThread_1
8036 - OpenCL, Linear2D, LocalMemory, bs_512x2, padding_96, pixelPerThread_1
10648 - OpenCL, Array2D, LocalMemory, bs_128x4, padding_320, pixelPerThread_1
5938 - OpenCL, Linear2D, bs_32x32, padding_160, pixelPerThread_3
11224 - OpenCL, Array2D, LocalMemory, bs_64x8, padding_32, pixelPerThread_1
24670 - CUDA, Array2D, LocalMemory, bs_64x4, padding_416, pixelPerThread_3
6224 - OpenCL, Linear2D, bs_128x1, padding_288, pixelPerThread_1
13962 - OpenCL, Ldg, LocalMemory, bs_32x4, padding_160, pixelPerThread_3
11954 - OpenCL, Ldg, bs_128x1, padding_416, pixelPerThread_3
5402 - OpenCL, Linear1D, LocalMemory, bs_32x4, padding_224, pixelPerThread_3
15935 - CUDA, LocalMemory, bs_32x32, padding_160, pixelPerThread_4
4926 - OpenCL, Linear1D, LocalMemory, bs_128x4, padding_224, pixelPerThread_3
