Current machine learning settings: epsilon:0 lossFunction:RELATIVE parallelization:True bagging:False baggingNumbers:3 considerEpsilonTube:False baggingTestDataFraction:50 useBackward:False abortError:1 limitFeatureSize:False featureSizeTreshold:4 quadraticFunctionSupport:True crossValidation:False crossValidation-k:5 learn-logFunction:False learn-accumulatedLogFunction:False learn-asymFunction:False learn-ratioFunction:False learn-mirrowedFunction:False learn-numeric-disabled:True numberOfRounds:70 backwardErrorDelta:1 minImprovementPerRound:0.1 withHierarchy:False bruteForceCandidates:False ignoreBadFeatures:False stopOnLongRound:True candidateSizePenalty:True learnTimeLimit:00:00:00 scoreMeasure:RELERROR outputRoundsToStdout:False debug:False pythonInfluenceAnalysis:False blacklisted: 
command: mlsettings bagging:False stopOnLongRound:False parallelization:True lossFunction:RELATIVE useBackward:False abortError:1 limitFeatureSize:False featureSizeTreshold:7 quadraticFunctionSupport:True crossValidation:False learn_logFunction:True numberOfRounds:70 backwardErrorDelta:1 minImprovementPerRound:0.25 withHierarchy:False
Current machine learning settings: epsilon:0 lossFunction:RELATIVE parallelization:True bagging:False baggingNumbers:3 considerEpsilonTube:False baggingTestDataFraction:50 useBackward:False abortError:1 limitFeatureSize:False featureSizeTreshold:7 quadraticFunctionSupport:True crossValidation:False crossValidation-k:5 learn-logFunction:True learn-accumulatedLogFunction:False learn-asymFunction:False learn-ratioFunction:False learn-mirrowedFunction:False learn-numeric-disabled:True numberOfRounds:70 backwardErrorDelta:1 minImprovementPerRound:0.25 withHierarchy:False bruteForceCandidates:False ignoreBadFeatures:False stopOnLongRound:False candidateSizePenalty:True learnTimeLimit:00:00:00 scoreMeasure:RELERROR outputRoundsToStdout:False debug:False pythonInfluenceAnalysis:False blacklisted: 
command: solver z3
command: vm /scratch/kallistos/Distance-Based_Data/SupplementaryWebsite/MeasuredPerformanceValues/7z/FeatureModel.xml
command: all /scratch/kallistos/Distance-Based_Data/SupplementaryWebsite/MeasuredPerformanceValues/7z/measurements.xml
Configs with too large deviation: 0
68640 configurations loaded.
command: nfp Performance
command: setsampleset /scratch/kallistos/Distance-Based_Data/Results/7z/7z_64/sampledConfigurations_divDistBased_t2.csv
command: learn-splconqueror
Learning: NumberOfConfigurationsLearning:600 NumberOfConfigurationsValidation:600
Learning progress:
1;7371.99616122848 * CompressionMethod + 28337.2443451006 * x_10;105.279452969567;105.279452969567;105.279452969567;105.279452969567;0.177726;2;28337.2443451006 * x_10;1;67.6778473106521;
2;4954.96437054636 * CompressionMethod + 30754.2761357828 * x_10 + 12592.7356294537 * x_8;64.7850598249618;64.7850598249618;64.7850598249618;64.7850598249618;0.586104;3;12592.7356294537 * x_8;1;40.4943931446051;
3;3331.90114068443 * CompressionMethod + 32377.3393656447 * x_10 + 14215.7988593156 * x_8 + 4324.74442893588 * x_6;46.965953063578;46.965953063578;46.965953063578;46.965953063578;1.306061;4;4324.74442893588 * x_6;1;17.8191067613838;
4;3331.9011406845 * CompressionMethod + 32377.3393656445 * x_10 + 14215.7988593154 * x_8 + 6442.59427215958 * x_6 + -6828.9852087624 * x_6 * PPMd;37.2084211157057;37.2084211157057;37.2084211157057;37.2084211157057;2.537239;6;-6828.9852087624 * x_6 * PPMd;2;4.87876597393616;
5;3331.90114068442 * CompressionMethod + 19353.8396000563 * x_10 + 14215.7988593156 * x_8 + 6442.59427215962 * x_6 + -6828.98520876226 * x_6 * PPMd + 41154.2592592594 * x_10 * BZip2;29.7871209032559;29.7871209032559;29.7871209032559;29.7871209032559;4.174656;8;41154.2592592594 * x_10 * BZip2;2;3.71065010622488;
6;3021.26917207059 * CompressionMethod + 19664.4715686703 * x_10 + 13913.7092698385 * x_8 + 6420.11224385019 * x_6 + -6495.8712118392 * x_6 * PPMd + 38884.9201552188 * x_10 * BZip2 + 2269.33910404021 * BZip2;25.8335839488789;25.8335839488789;25.8335839488789;25.8335839488789;6.436906;9;2269.33910404021 * BZip2;1;3.953536954377;
7;2869.212699634 * CompressionMethod + 19598.711852725 * x_10 + 13942.2654629831 * x_8 + 6477.44946427911 * x_6 + -6401.15195983157 * x_6 * PPMd + 38972.0521843511 * x_10 * BZip2 + 2400.0232632899 * BZip2 + 588.103708630731 * LZMA2;24.1486325892885;24.1486325892885;24.1486325892885;24.1486325892885;9.413654;10;588.103708630731 * LZMA2;1;1.68495135959039;
8;2437.87271486583 * CompressionMethod + 19577.8270548722 * x_10 + 13800.7458755746 * x_8 + 6677.43117322913 * x_6 + -6169.79368401325 * x_6 * PPMd + 38985.0721528769 * x_10 * BZip2 + 2839.22807738511 * BZip2 + 1017.06521489314 * LZMA2 + 1218.53139509894 * LZMA;21.9176412655744;21.9176412655744;21.9176412655744;21.9176412655744;13.293546;11;1218.53139509894 * LZMA;1;2.23099132371415;
9;2132.7571289019 * CompressionMethod + 19758.1099359287 * x_10 + 13586.610805354 * x_8 + 7693.77121061273 * x_6 + -6881.01813543287 * x_6 * PPMd + 37584.5645362071 * x_10 * BZip2 + 4364.56839896233 * BZip2 + 1188.03041469936 * LZMA2 + 1474.04386193554 * LZMA + -6679.84673847699 * x_6 * BZip2;20.0232731007748;20.0232731007748;20.0232731007748;20.0232731007748;18.070148;13;-6679.84673847699 * x_6 * BZip2;2;0.947184082399813;
10;2633.00537080534 * CompressionMethod + 19711.2242666845 * x_10 + 15048.0751900885 * x_8 + 7386.29129170511 * x_6 + -7073.78645842883 * x_6 * PPMd + 38257.7920846232 * x_10 * BZip2 + 3237.97827788686 * BZip2 + 534.758929480161 * LZMA2 + 595.878537380798 * LZMA + -5746.02494039739 * x_6 * BZip2 + -10654.4138942271 * x_8 * PPMd;18.3630822692923;18.3630822692923;18.3630822692923;18.3630822692923;23.944181;15;-10654.4138942271 * x_8 * PPMd;2;0.830095415741203;
11;2363.20345099379 * CompressionMethod + 23496.8286091732 * x_10 + 14964.7861231385 * x_8 + 7524.04862252802 * x_6 + -6941.74186944016 * x_6 * PPMd + 38725.9374591637 * x_10 * BZip2 + 3543.47551210558 * BZip2 + 1087.54041175828 * LZMA2 + 1049.99913978541 * LZMA + -5919.47758562733 * x_6 * BZip2 + -10301.3229074656 * x_8 * PPMd + -7659.72327042191 * x_10 * tmOff;17.1126899282764;17.1126899282764;17.1126899282764;17.1126899282764;30.963741;17;-7659.72327042191 * x_10 * tmOff;2;0.625196170507989;
12;2200.53485974485 * CompressionMethod + 23540.8485426403 * x_10 + 14961.7545541391 * x_8 + 7488.71000987012 * x_6 + -6909.52125438839 * x_6 * PPMd + 38667.8094864761 * x_10 * BZip2 + 3593.97163750624 * BZip2 + 1140.61559243924 * LZMA2 + 1062.47562672474 * LZMA + -5954.74622133387 * x_6 * BZip2 + -10433.4859851934 * x_8 * PPMd + -7828.79444998815 * x_10 * tmOff + 324.941714155894 * mtOff;16.6409074370012;16.6409074370012;16.6409074370012;16.6409074370012;39.427919;18;324.941714155894 * mtOff;1;0.471782491275199;
13;2154.18084635618 * CompressionMethod + 23620.8216918105 * x_10 + 15413.1415118438 * x_8 + 7568.12399486579 * x_6 + -6925.49800703841 * x_6 * PPMd + 38006.0966762582 * x_10 * BZip2 + 4226.32251267157 * BZip2 + 1108.94141974856 * LZMA2 + 980.170521986392 * LZMA + -6601.32281920619 * x_6 * BZip2 + -10807.8260794503 * x_8 * PPMd + -7795.73853302962 * x_10 * tmOff + 291.458605000315 * mtOff + -1791.43043513083 * x_8 * BZip2;16.0592535473582;16.0592535473582;16.0592535473582;16.0592535473582;49.923471;20;-1791.43043513083 * x_8 * BZip2;2;0.290826944821493;
14;2156.84236011932 * CompressionMethod + 23622.4028006117 * x_10 + 15415.1305338669 * x_8 + 7210.62536159492 * x_6 + -7261.69111490343 * x_6 * PPMd + 38000.0404553627 * x_10 * BZip2 + 4214.67551548798 * BZip2 + 1077.30465486658 * LZMA2 + 965.917833986245 * LZMA + -6640.97157971406 * x_6 * BZip2 + -10832.2446787613 * x_8 * PPMd + -7797.88802129283 * x_10 * tmOff + 313.023765209337 * mtOff + -1790.02494119511 * x_8 * BZip2 + 900.577084757781 * x_6 * HeaderCompressionOff;15.7761930010844;15.7761930010844;15.7761930010844;15.7761930010844;62.028542;22;900.577084757781 * x_6 * HeaderCompressionOff;2;0.141530273136881;
Elapsed=00:01:02.0415030
average model: 
command: analyze-learning
Round, Model, LearningError, LearningErrorRel, ValidationError, ValidationErrorRel, ElapsedSeconds, ModelComplexity, BestCandidate, BestCandidateSize, BestCandidateScore, TestError
Models:
Termination reason: minImprovementPerRound
1;7371.99616122848 * CompressionMethod + 28337.2443451006 * x_10;105.279452969567;105.279452969567;105.279452969567;105.279452969567;0.177726;2;28337.2443451006 * x_10;1;67.6778473106521;117.070809905748
2;4954.96437054636 * CompressionMethod + 30754.2761357828 * x_10 + 12592.7356294537 * x_8;64.7850598249618;64.7850598249618;64.7850598249618;64.7850598249618;0.586104;3;12592.7356294537 * x_8;1;40.4943931446051;77.9862762050538
3;3331.90114068443 * CompressionMethod + 32377.3393656447 * x_10 + 14215.7988593156 * x_8 + 4324.74442893588 * x_6;46.965953063578;46.965953063578;46.965953063578;46.965953063578;1.306061;4;4324.74442893588 * x_6;1;17.8191067613838;57.0762399408962
4;3331.9011406845 * CompressionMethod + 32377.3393656445 * x_10 + 14215.7988593154 * x_8 + 6442.59427215958 * x_6 + -6828.9852087624 * x_6 * PPMd;37.2084211157057;37.2084211157057;37.2084211157057;37.2084211157057;2.537239;6;-6828.9852087624 * x_6 * PPMd;2;4.87876597393616;51.6790263810007
5;3331.90114068442 * CompressionMethod + 19353.8396000563 * x_10 + 14215.7988593156 * x_8 + 6442.59427215962 * x_6 + -6828.98520876226 * x_6 * PPMd + 41154.2592592594 * x_10 * BZip2;29.7871209032559;29.7871209032559;29.7871209032559;29.7871209032559;4.174656;8;41154.2592592594 * x_10 * BZip2;2;3.71065010622488;40.8457593351493
6;3021.26917207059 * CompressionMethod + 19664.4715686703 * x_10 + 13913.7092698385 * x_8 + 6420.11224385019 * x_6 + -6495.8712118392 * x_6 * PPMd + 38884.9201552188 * x_10 * BZip2 + 2269.33910404021 * BZip2;25.8335839488789;25.8335839488789;25.8335839488789;25.8335839488789;6.436906;9;2269.33910404021 * BZip2;1;3.953536954377;35.8217854156951
7;2869.212699634 * CompressionMethod + 19598.711852725 * x_10 + 13942.2654629831 * x_8 + 6477.44946427911 * x_6 + -6401.15195983157 * x_6 * PPMd + 38972.0521843511 * x_10 * BZip2 + 2400.0232632899 * BZip2 + 588.103708630731 * LZMA2;24.1486325892885;24.1486325892885;24.1486325892885;24.1486325892885;9.413654;10;588.103708630731 * LZMA2;1;1.68495135959039;34.0018105070919
8;2437.87271486583 * CompressionMethod + 19577.8270548722 * x_10 + 13800.7458755746 * x_8 + 6677.43117322913 * x_6 + -6169.79368401325 * x_6 * PPMd + 38985.0721528769 * x_10 * BZip2 + 2839.22807738511 * BZip2 + 1017.06521489314 * LZMA2 + 1218.53139509894 * LZMA;21.9176412655744;21.9176412655744;21.9176412655744;21.9176412655744;13.293546;11;1218.53139509894 * LZMA;1;2.23099132371415;30.443180292158
9;2132.7571289019 * CompressionMethod + 19758.1099359287 * x_10 + 13586.610805354 * x_8 + 7693.77121061273 * x_6 + -6881.01813543287 * x_6 * PPMd + 37584.5645362071 * x_10 * BZip2 + 4364.56839896233 * BZip2 + 1188.03041469936 * LZMA2 + 1474.04386193554 * LZMA + -6679.84673847699 * x_6 * BZip2;20.0232731007748;20.0232731007748;20.0232731007748;20.0232731007748;18.070148;13;-6679.84673847699 * x_6 * BZip2;2;0.947184082399813;25.8593498369344
10;2633.00537080534 * CompressionMethod + 19711.2242666845 * x_10 + 15048.0751900885 * x_8 + 7386.29129170511 * x_6 + -7073.78645842883 * x_6 * PPMd + 38257.7920846232 * x_10 * BZip2 + 3237.97827788686 * BZip2 + 534.758929480161 * LZMA2 + 595.878537380798 * LZMA + -5746.02494039739 * x_6 * BZip2 + -10654.4138942271 * x_8 * PPMd;18.3630822692923;18.3630822692923;18.3630822692923;18.3630822692923;23.944181;15;-10654.4138942271 * x_8 * PPMd;2;0.830095415741203;23.8014770266165
11;2363.20345099379 * CompressionMethod + 23496.8286091732 * x_10 + 14964.7861231385 * x_8 + 7524.04862252802 * x_6 + -6941.74186944016 * x_6 * PPMd + 38725.9374591637 * x_10 * BZip2 + 3543.47551210558 * BZip2 + 1087.54041175828 * LZMA2 + 1049.99913978541 * LZMA + -5919.47758562733 * x_6 * BZip2 + -10301.3229074656 * x_8 * PPMd + -7659.72327042191 * x_10 * tmOff;17.1126899282764;17.1126899282764;17.1126899282764;17.1126899282764;30.963741;17;-7659.72327042191 * x_10 * tmOff;2;0.625196170507989;22.1421243957815
12;2200.53485974485 * CompressionMethod + 23540.8485426403 * x_10 + 14961.7545541391 * x_8 + 7488.71000987012 * x_6 + -6909.52125438839 * x_6 * PPMd + 38667.8094864761 * x_10 * BZip2 + 3593.97163750624 * BZip2 + 1140.61559243924 * LZMA2 + 1062.47562672474 * LZMA + -5954.74622133387 * x_6 * BZip2 + -10433.4859851934 * x_8 * PPMd + -7828.79444998815 * x_10 * tmOff + 324.941714155894 * mtOff;16.6409074370012;16.6409074370012;16.6409074370012;16.6409074370012;39.427919;18;324.941714155894 * mtOff;1;0.471782491275199;22.1916300604683
13;2154.18084635618 * CompressionMethod + 23620.8216918105 * x_10 + 15413.1415118438 * x_8 + 7568.12399486579 * x_6 + -6925.49800703841 * x_6 * PPMd + 38006.0966762582 * x_10 * BZip2 + 4226.32251267157 * BZip2 + 1108.94141974856 * LZMA2 + 980.170521986392 * LZMA + -6601.32281920619 * x_6 * BZip2 + -10807.8260794503 * x_8 * PPMd + -7795.73853302962 * x_10 * tmOff + 291.458605000315 * mtOff + -1791.43043513083 * x_8 * BZip2;16.0592535473582;16.0592535473582;16.0592535473582;16.0592535473582;49.923471;20;-1791.43043513083 * x_8 * BZip2;2;0.290826944821493;21.4191515090157
14;2156.84236011932 * CompressionMethod + 23622.4028006117 * x_10 + 15415.1305338669 * x_8 + 7210.62536159492 * x_6 + -7261.69111490343 * x_6 * PPMd + 38000.0404553627 * x_10 * BZip2 + 4214.67551548798 * BZip2 + 1077.30465486658 * LZMA2 + 965.917833986245 * LZMA + -6640.97157971406 * x_6 * BZip2 + -10832.2446787613 * x_8 * PPMd + -7797.88802129283 * x_10 * tmOff + 313.023765209337 * mtOff + -1790.02494119511 * x_8 * BZip2 + 900.577084757781 * x_6 * HeaderCompressionOff;15.7761930010844;15.7761930010844;15.7761930010844;15.7761930010844;62.028542;22;900.577084757781 * x_6 * HeaderCompressionOff;2;0.141530273136881;21.5529660242964
Analyze finished
command: clean-sampling
command: clean-global
command: script ./learn_divDistBased_t3.a
command: log ./out_divDistBased_t3Predictions.log
