Current machine learning settings: epsilon:0 lossFunction:RELATIVE parallelization:True bagging:False baggingNumbers:3 considerEpsilonTube:False baggingTestDataFraction:50 useBackward:False abortError:1 limitFeatureSize:False featureSizeTreshold:4 quadraticFunctionSupport:True crossValidation:False crossValidation-k:5 learn-logFunction:False learn-accumulatedLogFunction:False learn-asymFunction:False learn-ratioFunction:False learn-mirrowedFunction:False learn-numeric-disabled:True numberOfRounds:70 backwardErrorDelta:1 minImprovementPerRound:0.1 withHierarchy:False bruteForceCandidates:False ignoreBadFeatures:False stopOnLongRound:True candidateSizePenalty:True learnTimeLimit:00:00:00 scoreMeasure:RELERROR outputRoundsToStdout:False debug:False pythonInfluenceAnalysis:False blacklisted: 
command: mlsettings bagging:False stopOnLongRound:False parallelization:True lossFunction:RELATIVE useBackward:False abortError:1 limitFeatureSize:False featureSizeTreshold:7 quadraticFunctionSupport:True crossValidation:False learn_logFunction:True numberOfRounds:70 backwardErrorDelta:1 minImprovementPerRound:0.25 withHierarchy:False
Current machine learning settings: epsilon:0 lossFunction:RELATIVE parallelization:True bagging:False baggingNumbers:3 considerEpsilonTube:False baggingTestDataFraction:50 useBackward:False abortError:1 limitFeatureSize:False featureSizeTreshold:7 quadraticFunctionSupport:True crossValidation:False crossValidation-k:5 learn-logFunction:True learn-accumulatedLogFunction:False learn-asymFunction:False learn-ratioFunction:False learn-mirrowedFunction:False learn-numeric-disabled:True numberOfRounds:70 backwardErrorDelta:1 minImprovementPerRound:0.25 withHierarchy:False bruteForceCandidates:False ignoreBadFeatures:False stopOnLongRound:False candidateSizePenalty:True learnTimeLimit:00:00:00 scoreMeasure:RELERROR outputRoundsToStdout:False debug:False pythonInfluenceAnalysis:False blacklisted: 
command: solver z3
command: vm /scratch/kallistos/Distance-Based_Data/SupplementaryWebsite/MeasuredPerformanceValues/Polly/FeatureModel.xml
command: all /scratch/kallistos/Distance-Based_Data/SupplementaryWebsite/MeasuredPerformanceValues/Polly/measurements.xml
Configs with too large deviation: 0
60000 configurations loaded.
command: nfp Performance
command: setsampleset /scratch/kallistos/Distance-Based_Data/Results/Polly/Polly_90/sampledConfigurations_grammarBased_t3.csv
command: learn-splconqueror
Learning: NumberOfConfigurationsLearning:2172 NumberOfConfigurationsValidation:2172
Learning progress:
1;29.5624836016697 * polly_vectorizer + -4.99237449351025 * value_based;27.2524125584456;27.2524125584456;27.2524125584456;27.2524125584456;0.613132;2;-4.99237449351025 * value_based;1;3.48387314679365;
2;29.5624836016697 * polly_vectorizer + -9.76102372512656 * value_based + 9.7785141831197 * value_based * max;19.873835732135;19.873835732135;19.873835732135;19.873835732135;2.158288;4;9.7785141831197 * value_based * max;2;3.68928841315528;
3;29.5624836016697 * polly_vectorizer + -14.3333462633253 * value_based + 9.75163820826974 * value_based * max + 8.75551124335937 * value_based * polly_no_tiling;15.2564705961219;15.2564705961219;15.2564705961219;15.2564705961219;4.870098;6;8.75551124335937 * value_based * polly_no_tiling;2;2.30868256800656;
4;29.5624836016697 * polly_vectorizer + -18.6909978135561 * value_based + 18.7169704960396 * value_based * max + -0.016147642177855 * value_based * polly_no_tiling + 17.1160980242771 * value_based * polly_no_tiling * min;8.17232395396492;8.17232395396492;8.17232395396492;8.17232395396492;9.093072;9;17.1160980242771 * value_based * polly_no_tiling * min;3;2.36138221405234;
5;28.9013745957705 * polly_vectorizer + -18.7039607352404 * value_based + 18.6867793353487 * value_based * max + -0.0403458830512018 * value_based * polly_no_tiling + 17.1242469335412 * value_based * polly_no_tiling * min + 2.07036377757777 * parallel;6.59454558521124;6.59454558521124;6.59454558521124;6.59454558521124;15.063135;10;2.07036377757777 * parallel;1;1.57777836875367;
6;28.9195829249171 * polly_vectorizer + -19.8309830123368 * value_based + 18.6044435376175 * value_based * max + -0.0316707072930022 * value_based * polly_no_tiling + 17.0520490068919 * value_based * polly_no_tiling * min + 2.01334161515256 * parallel + 2.25475860631626 * value_based * none;5.50869969811971;5.50869969811971;5.50869969811971;5.50869969811971;23.357201;12;2.25475860631626 * value_based * none;2;0.542922943545769;
7;28.9229476213539 * polly_vectorizer + -20.9245323827034 * value_based + 20.9353819390396 * value_based * max + -0.0397323867215807 * value_based * polly_no_tiling + 16.998143271383 * value_based * polly_no_tiling * min + 2.00280455460259 * parallel + 4.44198929592905 * value_based * none + -4.49157674673055 * value_based * max * none;3.78972227814155;3.78972227814155;3.78972227814155;3.78972227814155;34.318113;15;-4.49157674673055 * value_based * max * none;3;0.572992473326053;
8;28.9293199519319 * polly_vectorizer + -21.3779814874112 * value_based + 21.3888471662559 * value_based * max + -0.03949649829908 * value_based * polly_no_tiling + 17.8904685331631 * value_based * polly_no_tiling * min + 1.98284862859073 * parallel + 5.34913740066153 * value_based * none + -5.39798012393758 * value_based * max * none + -1.73768996384283 * value_based * polly_no_tiling * min * none;3.38966443796731;3.38966443796731;3.38966443796731;3.38966443796731;48.049516;19;-1.73768996384283 * value_based * polly_no_tiling * min * none;4;0.100014460043559;
Elapsed=00:00:48.0958286
average model: 
command: analyze-learning
Round, Model, LearningError, LearningErrorRel, ValidationError, ValidationErrorRel, ElapsedSeconds, ModelComplexity, BestCandidate, BestCandidateSize, BestCandidateScore, TestError
Models:
Termination reason: minImprovementPerRound
1;29.5624836016697 * polly_vectorizer + -4.99237449351025 * value_based;27.2524125584456;27.2524125584456;27.2524125584456;27.2524125584456;0.613132;2;-4.99237449351025 * value_based;1;3.48387314679365;28.4347452801235
2;29.5624836016697 * polly_vectorizer + -9.76102372512656 * value_based + 9.7785141831197 * value_based * max;19.873835732135;19.873835732135;19.873835732135;19.873835732135;2.158288;4;9.7785141831197 * value_based * max;2;3.68928841315528;20.4262997346477
3;29.5624836016697 * polly_vectorizer + -14.3333462633253 * value_based + 9.75163820826974 * value_based * max + 8.75551124335937 * value_based * polly_no_tiling;15.2564705961219;15.2564705961219;15.2564705961219;15.2564705961219;4.870098;6;8.75551124335937 * value_based * polly_no_tiling;2;2.30868256800656;15.7103957304456
4;29.5624836016697 * polly_vectorizer + -18.6909978135561 * value_based + 18.7169704960396 * value_based * max + -0.016147642177855 * value_based * polly_no_tiling + 17.1160980242771 * value_based * polly_no_tiling * min;8.17232395396492;8.17232395396492;8.17232395396492;8.17232395396492;9.093072;9;17.1160980242771 * value_based * polly_no_tiling * min;3;2.36138221405234;8.22717226198295
5;28.9013745957705 * polly_vectorizer + -18.7039607352404 * value_based + 18.6867793353487 * value_based * max + -0.0403458830512018 * value_based * polly_no_tiling + 17.1242469335412 * value_based * polly_no_tiling * min + 2.07036377757777 * parallel;6.59454558521124;6.59454558521124;6.59454558521124;6.59454558521124;15.063135;10;2.07036377757777 * parallel;1;1.57777836875367;6.84494426388502
6;28.9195829249171 * polly_vectorizer + -19.8309830123368 * value_based + 18.6044435376175 * value_based * max + -0.0316707072930022 * value_based * polly_no_tiling + 17.0520490068919 * value_based * polly_no_tiling * min + 2.01334161515256 * parallel + 2.25475860631626 * value_based * none;5.50869969811971;5.50869969811971;5.50869969811971;5.50869969811971;23.357201;12;2.25475860631626 * value_based * none;2;0.542922943545769;5.77240800145601
7;28.9229476213539 * polly_vectorizer + -20.9245323827034 * value_based + 20.9353819390396 * value_based * max + -0.0397323867215807 * value_based * polly_no_tiling + 16.998143271383 * value_based * polly_no_tiling * min + 2.00280455460259 * parallel + 4.44198929592905 * value_based * none + -4.49157674673055 * value_based * max * none;3.78972227814155;3.78972227814155;3.78972227814155;3.78972227814155;34.318113;15;-4.49157674673055 * value_based * max * none;3;0.572992473326053;4.0996363698171
8;28.9293199519319 * polly_vectorizer + -21.3779814874112 * value_based + 21.3888471662559 * value_based * max + -0.03949649829908 * value_based * polly_no_tiling + 17.8904685331631 * value_based * polly_no_tiling * min + 1.98284862859073 * parallel + 5.34913740066153 * value_based * none + -5.39798012393758 * value_based * max * none + -1.73768996384283 * value_based * polly_no_tiling * min * none;3.38966443796731;3.38966443796731;3.38966443796731;3.38966443796731;48.049516;19;-1.73768996384283 * value_based * polly_no_tiling * min * none;4;0.100014460043559;3.73421690233385
Analyze finished
command: clean-sampling
command: clean-global
