Current machine learning settings: epsilon:0 lossFunction:RELATIVE parallelization:True bagging:False baggingNumbers:3 considerEpsilonTube:False baggingTestDataFraction:50 useBackward:False abortError:1 limitFeatureSize:False featureSizeTreshold:4 quadraticFunctionSupport:True crossValidation:False crossValidation-k:5 learn-logFunction:False learn-accumulatedLogFunction:False learn-asymFunction:False learn-ratioFunction:False learn-mirrowedFunction:False learn-numeric-disabled:True numberOfRounds:70 backwardErrorDelta:1 minImprovementPerRound:0.1 withHierarchy:False bruteForceCandidates:False ignoreBadFeatures:False stopOnLongRound:True candidateSizePenalty:True learnTimeLimit:00:00:00 scoreMeasure:RELERROR outputRoundsToStdout:False debug:False pythonInfluenceAnalysis:False blacklisted: 
command: mlsettings bagging:False stopOnLongRound:False parallelization:True lossFunction:RELATIVE useBackward:False abortError:1 limitFeatureSize:False featureSizeTreshold:7 quadraticFunctionSupport:True crossValidation:False learn_logFunction:True numberOfRounds:70 backwardErrorDelta:1 minImprovementPerRound:0.25 withHierarchy:False
Current machine learning settings: epsilon:0 lossFunction:RELATIVE parallelization:True bagging:False baggingNumbers:3 considerEpsilonTube:False baggingTestDataFraction:50 useBackward:False abortError:1 limitFeatureSize:False featureSizeTreshold:7 quadraticFunctionSupport:True crossValidation:False crossValidation-k:5 learn-logFunction:True learn-accumulatedLogFunction:False learn-asymFunction:False learn-ratioFunction:False learn-mirrowedFunction:False learn-numeric-disabled:True numberOfRounds:70 backwardErrorDelta:1 minImprovementPerRound:0.25 withHierarchy:False bruteForceCandidates:False ignoreBadFeatures:False stopOnLongRound:False candidateSizePenalty:True learnTimeLimit:00:00:00 scoreMeasure:RELERROR outputRoundsToStdout:False debug:False pythonInfluenceAnalysis:False blacklisted: 
command: solver z3
command: vm /scratch/kallistos/Distance-Based_Data/SupplementaryWebsite/MeasuredPerformanceValues/7z/FeatureModel.xml
command: all /scratch/kallistos/Distance-Based_Data/SupplementaryWebsite/MeasuredPerformanceValues/7z/measurements.xml
Configs with too large deviation: 0
68640 configurations loaded.
command: nfp Performance
command: setsampleset /scratch/kallistos/Distance-Based_Data/Results/7z/7z_80/sampledConfigurations_divDistBased_t2.csv
command: learn-splconqueror
Learning: NumberOfConfigurationsLearning:600 NumberOfConfigurationsValidation:600
Learning progress:
1;7233.20833333337 * CompressionMethod + 18163.7916666667 * x_10;102.775068838829;102.775068838829;102.775068838829;102.775068838829;0.193255;2;18163.7916666667 * x_10;1;64.6124223503243;
2;5151.31578947374 * CompressionMethod + 20245.6842105263 * x_10 + 9993.0842105263 * x_8;76.0569094275394;76.0569094275394;76.0569094275394;76.0569094275394;0.631473;3;9993.0842105263 * x_8;1;26.7181594112892;
3;3235.47355726642 * CompressionMethod + 21599.7825783518 * x_10 + 11100.0152780238 * x_8 + 6740.92637258122 * BZip2;51.3718797079773;51.3718797079773;51.3718797079773;51.3718797079773;1.380902;4;6740.92637258122 * BZip2;1;24.6850297195621;
4;3076.98456509649 * CompressionMethod + 16300.849874218 * x_10 + 11191.5866957221 * x_8 + 7298.57282651243 * BZip2 + 25972.5655606854 * x_10 * Deflate;43.5302393033118;43.5302393033118;43.5302393033118;43.5302393033118;2.67195;6;25972.5655606854 * x_10 * Deflate;2;3.92082020233274;
5;3191.32639551932 * CompressionMethod + 16228.8568698776 * x_10 + 14371.2777207521 * x_8 + 6896.25897872841 * BZip2 + 25930.2167346033 * x_10 * Deflate + -11192.2592886853 * x_8 * PPMd;36.7096026077023;36.7096026077023;36.7096026077023;36.7096026077023;4.361977;8;-11192.2592886853 * x_8 * PPMd;2;3.41031834780477;
6;2102.66901689764 * CompressionMethod + 17380.1699827126 * x_10 + 15560.5372641668 * x_8 + 6301.0295037025 * BZip2 + 25867.5610003899 * x_10 * Deflate + -11292.8614534782 * x_8 * PPMd + 4828.02613312157 * x_6;33.7699374527453;33.7699374527453;33.7699374527453;33.7699374527453;6.558733;9;4828.02613312157 * x_6;1;2.939665154957;
7;2221.48615180325 * CompressionMethod + 21943.2145589595 * x_10 + 15524.7050876086 * x_8 + 5810.03516681317 * BZip2 + 21185.6992892374 * x_10 * Deflate + -11375.8464118256 * x_8 * PPMd + 4907.59054847426 * x_6 + -16291.3673774297 * x_10 * PPMd;28.9867969972076;28.9867969972076;28.9867969972076;28.9867969972076;9.591089;11;-16291.3673774297 * x_10 * PPMd;2;2.39157022776882;
8;2301.70271916288 * CompressionMethod + 21911.7455163146 * x_10 + 15500.5138444281 * x_8 + 5478.55199875346 * BZip2 + 21136.9517645226 * x_10 * Deflate + -11431.8717360048 * x_8 * PPMd + 5739.33163436494 * x_6 + -16340.1149021442 * x_10 * PPMd + -5501.74863924209 * x_6 * PPMd;24.7295037174324;24.7295037174324;24.7295037174324;24.7295037174324;13.32208;13;-5501.74863924209 * x_6 * PPMd;2;2.1286466398876;
9;2364.12666658491 * CompressionMethod + 21855.1188639396 * x_10 + 15444.7527037082 * x_8 + 5439.13039243334 * BZip2 + 21131.1544694756 * x_10 * Deflate + -11147.1529741611 * x_8 * PPMd + 5695.45903109357 * x_6 + -16054.5306286455 * x_10 * PPMd + -5228.91841484708 * x_6 * PPMd + -291.38156854571 * PPMd;24.0517550705604;24.0517550705604;24.0517550705604;24.0517550705604;17.960621;14;-291.38156854571 * PPMd;1;0.677748646872072;
10;2589.68037213673 * CompressionMethod + 28422.7483300298 * x_10 + 15348.1402217111 * x_8 + 4676.22815306703 * BZip2 + 14337.9712978334 * x_10 * Deflate + -11050.5404921641 * x_8 * PPMd + 5828.91814406704 * x_6 + -22622.1600947357 * x_10 * PPMd + -5362.37752782069 * x_6 * PPMd + -516.935274097471 * PPMd + -12619.6509243887 * x_10 * LZMA2;22.2469178957438;22.2469178957438;22.2469178957438;22.2469178957438;23.711646;16;-12619.6509243887 * x_10 * LZMA2;2;0.902418587408265;
11;2708.227550529 * CompressionMethod + 28339.4865579944 * x_10 + 15314.1409232758 * x_8 + 4563.31485272532 * BZip2 + 14634.6815966797 * x_10 * Deflate + -11016.5411937287 * x_8 * PPMd + 5841.62327294219 * x_6 + -22538.8983227003 * x_10 * PPMd + -5375.08265669583 * x_6 * PPMd + -635.482452489767 * PPMd + -12654.9363307457 * x_10 * LZMA2 + -331.995705203221 * Deflate;20.6106722725357;20.6106722725357;20.6106722725357;20.6106722725357;30.711557;17;-331.995705203221 * Deflate;1;1.63624562320809;
12;2850.048029797 * CompressionMethod + 28223.4845207557 * x_10 + 14753.6651270665 * x_8 + 4480.69583823149 * BZip2 + 15066.5007350921 * x_10 * Deflate + -10456.0653975195 * x_8 * PPMd + 5846.36176059873 * x_6 + -22422.8962854615 * x_10 * PPMd + -5379.82114435216 * x_6 * PPMd + -777.302931757812 * PPMd + -12680.7547727748 * x_10 * LZMA2 + -789.633285644823 * Deflate + 2651.63441449566 * x_8 * Deflate;18.7426662423242;18.7426662423242;18.7426662423242;18.7426662423242;39.091524;19;2651.63441449566 * x_8 * Deflate;2;0.934003015105791;
13;2858.98671322391 * CompressionMethod + 28212.7492701917 * x_10 + 14743.5161247262 * x_8 + 4486.44485307037 * BZip2 + 14939.2570858824 * x_10 * Deflate + -10445.9163951792 * x_8 * PPMd + 5804.35525457786 * x_6 + -22412.1610348975 * x_10 * PPMd + -5337.8146383313 * x_6 * PPMd + -786.241615184735 * PPMd + -12678.9582056378 * x_10 * LZMA2 + -660.593069297964 * Deflate + 2523.80451706222 * x_8 * Deflate + -324.522676183976 * Deflate * x_4;18.398560820476;18.398560820476;18.398560820476;18.398560820476;48.892946;21;-324.522676183976 * Deflate * x_4;2;0.172052710924058;
Elapsed=00:00:48.9055300
average model: 
command: analyze-learning
Round, Model, LearningError, LearningErrorRel, ValidationError, ValidationErrorRel, ElapsedSeconds, ModelComplexity, BestCandidate, BestCandidateSize, BestCandidateScore, TestError
Models:
Termination reason: minImprovementPerRound
1;7233.20833333337 * CompressionMethod + 18163.7916666667 * x_10;102.775068838829;102.775068838829;102.775068838829;102.775068838829;0.193255;2;18163.7916666667 * x_10;1;64.6124223503243;107.733637396882
2;5151.31578947374 * CompressionMethod + 20245.6842105263 * x_10 + 9993.0842105263 * x_8;76.0569094275394;76.0569094275394;76.0569094275394;76.0569094275394;0.631473;3;9993.0842105263 * x_8;1;26.7181594112892;74.0043758448132
3;3235.47355726642 * CompressionMethod + 21599.7825783518 * x_10 + 11100.0152780238 * x_8 + 6740.92637258122 * BZip2;51.3718797079773;51.3718797079773;51.3718797079773;51.3718797079773;1.380902;4;6740.92637258122 * BZip2;1;24.6850297195621;47.6869562258897
4;3076.98456509649 * CompressionMethod + 16300.849874218 * x_10 + 11191.5866957221 * x_8 + 7298.57282651243 * BZip2 + 25972.5655606854 * x_10 * Deflate;43.5302393033118;43.5302393033118;43.5302393033118;43.5302393033118;2.67195;6;25972.5655606854 * x_10 * Deflate;2;3.92082020233274;41.861211222415
5;3191.32639551932 * CompressionMethod + 16228.8568698776 * x_10 + 14371.2777207521 * x_8 + 6896.25897872841 * BZip2 + 25930.2167346033 * x_10 * Deflate + -11192.2592886853 * x_8 * PPMd;36.7096026077023;36.7096026077023;36.7096026077023;36.7096026077023;4.361977;8;-11192.2592886853 * x_8 * PPMd;2;3.41031834780477;37.2895714084627
6;2102.66901689764 * CompressionMethod + 17380.1699827126 * x_10 + 15560.5372641668 * x_8 + 6301.0295037025 * BZip2 + 25867.5610003899 * x_10 * Deflate + -11292.8614534782 * x_8 * PPMd + 4828.02613312157 * x_6;33.7699374527453;33.7699374527453;33.7699374527453;33.7699374527453;6.558733;9;4828.02613312157 * x_6;1;2.939665154957;35.6095594901709
7;2221.48615180325 * CompressionMethod + 21943.2145589595 * x_10 + 15524.7050876086 * x_8 + 5810.03516681317 * BZip2 + 21185.6992892374 * x_10 * Deflate + -11375.8464118256 * x_8 * PPMd + 4907.59054847426 * x_6 + -16291.3673774297 * x_10 * PPMd;28.9867969972076;28.9867969972076;28.9867969972076;28.9867969972076;9.591089;11;-16291.3673774297 * x_10 * PPMd;2;2.39157022776882;31.3125679622311
8;2301.70271916288 * CompressionMethod + 21911.7455163146 * x_10 + 15500.5138444281 * x_8 + 5478.55199875346 * BZip2 + 21136.9517645226 * x_10 * Deflate + -11431.8717360048 * x_8 * PPMd + 5739.33163436494 * x_6 + -16340.1149021442 * x_10 * PPMd + -5501.74863924209 * x_6 * PPMd;24.7295037174324;24.7295037174324;24.7295037174324;24.7295037174324;13.32208;13;-5501.74863924209 * x_6 * PPMd;2;2.1286466398876;25.2025631654814
9;2364.12666658491 * CompressionMethod + 21855.1188639396 * x_10 + 15444.7527037082 * x_8 + 5439.13039243334 * BZip2 + 21131.1544694756 * x_10 * Deflate + -11147.1529741611 * x_8 * PPMd + 5695.45903109357 * x_6 + -16054.5306286455 * x_10 * PPMd + -5228.91841484708 * x_6 * PPMd + -291.38156854571 * PPMd;24.0517550705604;24.0517550705604;24.0517550705604;24.0517550705604;17.960621;14;-291.38156854571 * PPMd;1;0.677748646872072;24.943951599876
10;2589.68037213673 * CompressionMethod + 28422.7483300298 * x_10 + 15348.1402217111 * x_8 + 4676.22815306703 * BZip2 + 14337.9712978334 * x_10 * Deflate + -11050.5404921641 * x_8 * PPMd + 5828.91814406704 * x_6 + -22622.1600947357 * x_10 * PPMd + -5362.37752782069 * x_6 * PPMd + -516.935274097471 * PPMd + -12619.6509243887 * x_10 * LZMA2;22.2469178957438;22.2469178957438;22.2469178957438;22.2469178957438;23.711646;16;-12619.6509243887 * x_10 * LZMA2;2;0.902418587408265;23.4927929445659
11;2708.227550529 * CompressionMethod + 28339.4865579944 * x_10 + 15314.1409232758 * x_8 + 4563.31485272532 * BZip2 + 14634.6815966797 * x_10 * Deflate + -11016.5411937287 * x_8 * PPMd + 5841.62327294219 * x_6 + -22538.8983227003 * x_10 * PPMd + -5375.08265669583 * x_6 * PPMd + -635.482452489767 * PPMd + -12654.9363307457 * x_10 * LZMA2 + -331.995705203221 * Deflate;20.6106722725357;20.6106722725357;20.6106722725357;20.6106722725357;30.711557;17;-331.995705203221 * Deflate;1;1.63624562320809;21.757608944304
12;2850.048029797 * CompressionMethod + 28223.4845207557 * x_10 + 14753.6651270665 * x_8 + 4480.69583823149 * BZip2 + 15066.5007350921 * x_10 * Deflate + -10456.0653975195 * x_8 * PPMd + 5846.36176059873 * x_6 + -22422.8962854615 * x_10 * PPMd + -5379.82114435216 * x_6 * PPMd + -777.302931757812 * PPMd + -12680.7547727748 * x_10 * LZMA2 + -789.633285644823 * Deflate + 2651.63441449566 * x_8 * Deflate;18.7426662423242;18.7426662423242;18.7426662423242;18.7426662423242;39.091524;19;2651.63441449566 * x_8 * Deflate;2;0.934003015105791;19.5368756694422
13;2858.98671322391 * CompressionMethod + 28212.7492701917 * x_10 + 14743.5161247262 * x_8 + 4486.44485307037 * BZip2 + 14939.2570858824 * x_10 * Deflate + -10445.9163951792 * x_8 * PPMd + 5804.35525457786 * x_6 + -22412.1610348975 * x_10 * PPMd + -5337.8146383313 * x_6 * PPMd + -786.241615184735 * PPMd + -12678.9582056378 * x_10 * LZMA2 + -660.593069297964 * Deflate + 2523.80451706222 * x_8 * Deflate + -324.522676183976 * Deflate * x_4;18.398560820476;18.398560820476;18.398560820476;18.398560820476;48.892946;21;-324.522676183976 * Deflate * x_4;2;0.172052710924058;19.662011282787
Analyze finished
command: clean-sampling
command: clean-global
command: script ./learn_divDistBased_t3.a
command: log ./out_divDistBased_t3Predictions.log
