Current machine learning settings: epsilon:0 lossFunction:RELATIVE parallelization:True bagging:False baggingNumbers:3 considerEpsilonTube:False baggingTestDataFraction:50 useBackward:False abortError:1 limitFeatureSize:False featureSizeTreshold:4 quadraticFunctionSupport:True crossValidation:False crossValidation-k:5 learn-logFunction:False learn-accumulatedLogFunction:False learn-asymFunction:False learn-ratioFunction:False learn-mirrowedFunction:False learn-numeric-disabled:True numberOfRounds:70 backwardErrorDelta:1 minImprovementPerRound:0.1 withHierarchy:False bruteForceCandidates:False ignoreBadFeatures:False stopOnLongRound:True candidateSizePenalty:True learnTimeLimit:00:00:00 scoreMeasure:RELERROR outputRoundsToStdout:False debug:False pythonInfluenceAnalysis:False blacklisted: 
command: mlsettings bagging:False stopOnLongRound:False parallelization:True lossFunction:RELATIVE useBackward:False abortError:1 limitFeatureSize:False featureSizeTreshold:7 quadraticFunctionSupport:True crossValidation:False learn_logFunction:True numberOfRounds:70 backwardErrorDelta:1 minImprovementPerRound:0.25 withHierarchy:False
Current machine learning settings: epsilon:0 lossFunction:RELATIVE parallelization:True bagging:False baggingNumbers:3 considerEpsilonTube:False baggingTestDataFraction:50 useBackward:False abortError:1 limitFeatureSize:False featureSizeTreshold:7 quadraticFunctionSupport:True crossValidation:False crossValidation-k:5 learn-logFunction:True learn-accumulatedLogFunction:False learn-asymFunction:False learn-ratioFunction:False learn-mirrowedFunction:False learn-numeric-disabled:True numberOfRounds:70 backwardErrorDelta:1 minImprovementPerRound:0.25 withHierarchy:False bruteForceCandidates:False ignoreBadFeatures:False stopOnLongRound:False candidateSizePenalty:True learnTimeLimit:00:00:00 scoreMeasure:RELERROR outputRoundsToStdout:False debug:False pythonInfluenceAnalysis:False blacklisted: 
command: solver z3
command: vm /scratch/kallistos/Distance-Based_Data/SupplementaryWebsite/MeasuredPerformanceValues/Polly/FeatureModel.xml
command: all /scratch/kallistos/Distance-Based_Data/SupplementaryWebsite/MeasuredPerformanceValues/Polly/measurements.xml
Configs with too large deviation: 0
60000 configurations loaded.
command: nfp Performance
command: setsampleset /scratch/kallistos/Distance-Based_Data/Results/Polly/Polly_44/sampledConfigurations_grammarBased_t1.csv
command: learn-splconqueror
Learning: NumberOfConfigurationsLearning:28 NumberOfConfigurationsValidation:28
Learning progress:
1;19.6492592592592 * polly_vectorizer + 9.06126705653023 * polly_parallel;41.6205909220607;41.6205909220607;41.6205909220607;41.6205909220607;0.057315;2;9.06126705653023 * polly_parallel;1;14.7008644110376;
2;16.3822417840375 * polly_vectorizer + 7.68568075117372 * polly_parallel + 7.35078931924885 * max;35.3713301089886;35.3713301089886;35.3713301089886;35.3713301089886;0.093003;3;7.35078931924885 * max;1;6.24926081307217;
3;14.1551289844907 * polly_vectorizer + 9.42641259449771 * polly_parallel + 6.90920660899385 * max + 7.27011534564726 * pollyoptmaxconstantterm_10;27.0660046430946;27.0660046430946;27.0660046430946;27.0660046430946;0.152822;4;7.27011534564726 * pollyoptmaxconstantterm_10;1;8.30532546589401;
4;12.2540003565607 * polly_vectorizer + 8.95709632233089 * polly_parallel + 5.6523935411573 * max + 8.97900990729421 * pollyoptmaxconstantterm_10 + 5.67024207925836 * polly_no_tiling;24.0467195984549;24.0467195984549;24.0467195984549;24.0467195984549;0.243715;5;5.67024207925836 * polly_no_tiling;1;3.01928504463967;
5;12.3416642131884 * polly_vectorizer + 9.52386081664531 * polly_parallel + 5.74551631925995 * max + 9.3134491258939 * pollyoptmaxconstantterm_10 + 6.34955668986583 * polly_no_tiling + -4.20272730968122 * pollyoptmaxcoefficient_1;19.9476581432502;19.9476581432502;19.9476581432502;19.9476581432502;0.373185;6;-4.20272730968122 * pollyoptmaxcoefficient_1;1;4.0990614552047;
6;13.2669539858042 * polly_vectorizer + 9.29270712618559 * polly_parallel + 5.30913435224989 * max + 9.79985689158556 * pollyoptmaxconstantterm_10 + 6.40748261467605 * polly_no_tiling + -3.80744599885935 * pollyoptmaxcoefficient_1 + -2.87012082260979 * pollydefaulttilesize_64;17.6618945964374;17.6618945964374;17.6618945964374;17.6618945964374;0.548115;7;-2.87012082260979 * pollydefaulttilesize_64;1;2.28576354681276;
7;15.404685895313 * polly_vectorizer + 6.28965318094184 * polly_parallel + 5.3252994251944 * max + 9.14691878014903 * pollyoptmaxconstantterm_10 + 6.21107439612039 * polly_no_tiling + -2.84089858621956 * pollyoptmaxcoefficient_1 + -8.77770612261661 * pollydefaulttilesize_64 + 9.57867508722205 * pollydefaulttilesize_64 * polly_parallel;13.7881353960431;13.7881353960431;13.7881353960431;13.7881353960431;0.773272;9;9.57867508722205 * pollydefaulttilesize_64 * polly_parallel;2;1.93687960019715;
8;13.9036480043408 * polly_vectorizer + 9.22571850483378 * polly_parallel + 4.97248444602804 * max + 8.33633125567411 * pollyoptmaxconstantterm_10 + 12.0539980622614 * polly_no_tiling + -1.42770940104191 * pollyoptmaxcoefficient_1 + -9.30757168087024 * pollydefaulttilesize_64 + 10.1267347193615 * pollydefaulttilesize_64 * polly_parallel + -8.69785253093711 * polly_no_tiling * polly_parallel;10.6904680445507;10.6904680445507;10.6904680445507;10.6904680445507;1.068701;11;-8.69785253093711 * polly_no_tiling * polly_parallel;2;1.54883367574621;
9;12.0674452616468 * polly_vectorizer + 9.10537668323265 * polly_parallel + 8.29136933107481 * max + 8.38686652391148 * pollyoptmaxconstantterm_10 + 8.67047328933491 * polly_no_tiling + 0.361993352296334 * pollyoptmaxcoefficient_1 + -8.06323498274154 * pollydefaulttilesize_64 + 8.44424970303729 * pollydefaulttilesize_64 * polly_parallel + -8.62721629406501 * polly_no_tiling * polly_parallel + 7.72654081040195 * polly_no_tiling * min;6.88305266372737;6.88305266372737;6.88305266372737;6.88305266372737;1.453154;13;7.72654081040195 * polly_no_tiling * min;2;1.90370769041167;
10;12.0999686104907 * polly_vectorizer + 8.49754625409297 * polly_parallel + 8.64061438771432 * max + 7.80248797538154 * pollyoptmaxconstantterm_10 + 8.35015728724252 * polly_no_tiling + 0.271615129546595 * pollyoptmaxcoefficient_1 + -7.88048242600791 * pollydefaulttilesize_64 + 8.17741460015296 * pollydefaulttilesize_64 * polly_parallel + -8.90285757973585 * polly_no_tiling * polly_parallel + 8.29305464866472 * polly_no_tiling * min + 1.61961295052518 * parallel;5.66318967039269;5.66318967039269;5.66318967039269;5.66318967039269;1.934427;14;1.61961295052518 * parallel;1;1.21986299333468;
11;12.0366559243743 * polly_vectorizer + 8.45034643893006 * polly_parallel + 8.72789988183478 * max + 7.76278189565654 * pollyoptmaxconstantterm_10 + 8.00314999820962 * polly_no_tiling + 0.147035127296155 * pollyoptmaxcoefficient_1 + -7.67583378092884 * pollydefaulttilesize_64 + 7.6533934901708 * pollydefaulttilesize_64 * polly_parallel + -8.61392004153687 * polly_no_tiling * polly_parallel + 9.18450102051777 * polly_no_tiling * min + 2.08658699466467 * parallel + -2.79732033515954 * parallel * pollyoptmaxconstantterm_100;5.12933028406093;5.12933028406093;5.12933028406093;5.12933028406093;2.496841;16;-2.79732033515954 * parallel * pollyoptmaxconstantterm_100;2;0.266929693165882;
12;12.1720223401364 * polly_vectorizer + 8.37151739870423 * polly_parallel + 8.6550854560277 * max + 7.75171751121535 * pollyoptmaxconstantterm_10 + 7.96493213575711 * polly_no_tiling + 0.181468794843575 * pollyoptmaxcoefficient_1 + -7.78197919497322 * pollydefaulttilesize_64 + 7.85183817464971 * pollydefaulttilesize_64 * polly_parallel + -8.45076109498138 * polly_no_tiling * polly_parallel + 9.15589401068855 * polly_no_tiling * min + 1.97269776455614 * parallel + -2.83630255486109 * parallel * pollyoptmaxconstantterm_100 + -0.466583713535182 * pollyrtcmaxparameters_1;4.88192117580075;4.88192117580075;4.88192117580075;4.88192117580075;3.162676;17;-0.466583713535182 * pollyrtcmaxparameters_1;1;0.24740910826018;
Elapsed=00:00:03.1663280
average model: 
command: analyze-learning
Round, Model, LearningError, LearningErrorRel, ValidationError, ValidationErrorRel, ElapsedSeconds, ModelComplexity, BestCandidate, BestCandidateSize, BestCandidateScore, TestError
Models:
Termination reason: minImprovementPerRound
1;19.6492592592592 * polly_vectorizer + 9.06126705653023 * polly_parallel;41.6205909220607;41.6205909220607;41.6205909220607;41.6205909220607;0.057315;2;9.06126705653023 * polly_parallel;1;14.7008644110376;34.4170334699083
2;16.3822417840375 * polly_vectorizer + 7.68568075117372 * polly_parallel + 7.35078931924885 * max;35.3713301089886;35.3713301089886;35.3713301089886;35.3713301089886;0.093003;3;7.35078931924885 * max;1;6.24926081307217;31.4491377112455
3;14.1551289844907 * polly_vectorizer + 9.42641259449771 * polly_parallel + 6.90920660899385 * max + 7.27011534564726 * pollyoptmaxconstantterm_10;27.0660046430946;27.0660046430946;27.0660046430946;27.0660046430946;0.152822;4;7.27011534564726 * pollyoptmaxconstantterm_10;1;8.30532546589401;33.6208106874264
4;12.2540003565607 * polly_vectorizer + 8.95709632233089 * polly_parallel + 5.6523935411573 * max + 8.97900990729421 * pollyoptmaxconstantterm_10 + 5.67024207925836 * polly_no_tiling;24.0467195984549;24.0467195984549;24.0467195984549;24.0467195984549;0.243715;5;5.67024207925836 * polly_no_tiling;1;3.01928504463967;32.4856052196208
5;12.3416642131884 * polly_vectorizer + 9.52386081664531 * polly_parallel + 5.74551631925995 * max + 9.3134491258939 * pollyoptmaxconstantterm_10 + 6.34955668986583 * polly_no_tiling + -4.20272730968122 * pollyoptmaxcoefficient_1;19.9476581432502;19.9476581432502;19.9476581432502;19.9476581432502;0.373185;6;-4.20272730968122 * pollyoptmaxcoefficient_1;1;4.0990614552047;33.1267955065898
6;13.2669539858042 * polly_vectorizer + 9.29270712618559 * polly_parallel + 5.30913435224989 * max + 9.79985689158556 * pollyoptmaxconstantterm_10 + 6.40748261467605 * polly_no_tiling + -3.80744599885935 * pollyoptmaxcoefficient_1 + -2.87012082260979 * pollydefaulttilesize_64;17.6618945964374;17.6618945964374;17.6618945964374;17.6618945964374;0.548115;7;-2.87012082260979 * pollydefaulttilesize_64;1;2.28576354681276;33.2567750980992
7;15.404685895313 * polly_vectorizer + 6.28965318094184 * polly_parallel + 5.3252994251944 * max + 9.14691878014903 * pollyoptmaxconstantterm_10 + 6.21107439612039 * polly_no_tiling + -2.84089858621956 * pollyoptmaxcoefficient_1 + -8.77770612261661 * pollydefaulttilesize_64 + 9.57867508722205 * pollydefaulttilesize_64 * polly_parallel;13.7881353960431;13.7881353960431;13.7881353960431;13.7881353960431;0.773272;9;9.57867508722205 * pollydefaulttilesize_64 * polly_parallel;2;1.93687960019715;32.4971190904139
8;13.9036480043408 * polly_vectorizer + 9.22571850483378 * polly_parallel + 4.97248444602804 * max + 8.33633125567411 * pollyoptmaxconstantterm_10 + 12.0539980622614 * polly_no_tiling + -1.42770940104191 * pollyoptmaxcoefficient_1 + -9.30757168087024 * pollydefaulttilesize_64 + 10.1267347193615 * pollydefaulttilesize_64 * polly_parallel + -8.69785253093711 * polly_no_tiling * polly_parallel;10.6904680445507;10.6904680445507;10.6904680445507;10.6904680445507;1.068701;11;-8.69785253093711 * polly_no_tiling * polly_parallel;2;1.54883367574621;31.2758528307164
9;12.0674452616468 * polly_vectorizer + 9.10537668323265 * polly_parallel + 8.29136933107481 * max + 8.38686652391148 * pollyoptmaxconstantterm_10 + 8.67047328933491 * polly_no_tiling + 0.361993352296334 * pollyoptmaxcoefficient_1 + -8.06323498274154 * pollydefaulttilesize_64 + 8.44424970303729 * pollydefaulttilesize_64 * polly_parallel + -8.62721629406501 * polly_no_tiling * polly_parallel + 7.72654081040195 * polly_no_tiling * min;6.88305266372737;6.88305266372737;6.88305266372737;6.88305266372737;1.453154;13;7.72654081040195 * polly_no_tiling * min;2;1.90370769041167;27.5873275458653
10;12.0999686104907 * polly_vectorizer + 8.49754625409297 * polly_parallel + 8.64061438771432 * max + 7.80248797538154 * pollyoptmaxconstantterm_10 + 8.35015728724252 * polly_no_tiling + 0.271615129546595 * pollyoptmaxcoefficient_1 + -7.88048242600791 * pollydefaulttilesize_64 + 8.17741460015296 * pollydefaulttilesize_64 * polly_parallel + -8.90285757973585 * polly_no_tiling * polly_parallel + 8.29305464866472 * polly_no_tiling * min + 1.61961295052518 * parallel;5.66318967039269;5.66318967039269;5.66318967039269;5.66318967039269;1.934427;14;1.61961295052518 * parallel;1;1.21986299333468;26.5434101981965
11;12.0366559243743 * polly_vectorizer + 8.45034643893006 * polly_parallel + 8.72789988183478 * max + 7.76278189565654 * pollyoptmaxconstantterm_10 + 8.00314999820962 * polly_no_tiling + 0.147035127296155 * pollyoptmaxcoefficient_1 + -7.67583378092884 * pollydefaulttilesize_64 + 7.6533934901708 * pollydefaulttilesize_64 * polly_parallel + -8.61392004153687 * polly_no_tiling * polly_parallel + 9.18450102051777 * polly_no_tiling * min + 2.08658699466467 * parallel + -2.79732033515954 * parallel * pollyoptmaxconstantterm_100;5.12933028406093;5.12933028406093;5.12933028406093;5.12933028406093;2.496841;16;-2.79732033515954 * parallel * pollyoptmaxconstantterm_100;2;0.266929693165882;26.7360285089718
12;12.1720223401364 * polly_vectorizer + 8.37151739870423 * polly_parallel + 8.6550854560277 * max + 7.75171751121535 * pollyoptmaxconstantterm_10 + 7.96493213575711 * polly_no_tiling + 0.181468794843575 * pollyoptmaxcoefficient_1 + -7.78197919497322 * pollydefaulttilesize_64 + 7.85183817464971 * pollydefaulttilesize_64 * polly_parallel + -8.45076109498138 * polly_no_tiling * polly_parallel + 9.15589401068855 * polly_no_tiling * min + 1.97269776455614 * parallel + -2.83630255486109 * parallel * pollyoptmaxconstantterm_100 + -0.466583713535182 * pollyrtcmaxparameters_1;4.88192117580075;4.88192117580075;4.88192117580075;4.88192117580075;3.162676;17;-0.466583713535182 * pollyrtcmaxparameters_1;1;0.24740910826018;26.761189953527
Analyze finished
command: clean-sampling
command: clean-global
command: script ./learn_grammarBased_t2.a
command: log ./out_grammarBased_t2Predictions.log
