Current machine learning settings: epsilon:0 lossFunction:RELATIVE parallelization:True bagging:False baggingNumbers:3 considerEpsilonTube:False baggingTestDataFraction:50 useBackward:False abortError:1 limitFeatureSize:False featureSizeTreshold:4 quadraticFunctionSupport:True crossValidation:False crossValidation-k:5 learn-logFunction:False learn-accumulatedLogFunction:False learn-asymFunction:False learn-ratioFunction:False learn-mirrowedFunction:False learn-numeric-disabled:True numberOfRounds:70 backwardErrorDelta:1 minImprovementPerRound:0.1 withHierarchy:False bruteForceCandidates:False ignoreBadFeatures:False stopOnLongRound:True candidateSizePenalty:True learnTimeLimit:00:00:00 scoreMeasure:RELERROR outputRoundsToStdout:False debug:False pythonInfluenceAnalysis:False blacklisted: 
command: mlsettings bagging:False stopOnLongRound:False parallelization:True lossFunction:RELATIVE useBackward:False abortError:1 limitFeatureSize:False featureSizeTreshold:7 quadraticFunctionSupport:True crossValidation:False learn_logFunction:True numberOfRounds:70 backwardErrorDelta:1 minImprovementPerRound:0.25 withHierarchy:False
Current machine learning settings: epsilon:0 lossFunction:RELATIVE parallelization:True bagging:False baggingNumbers:3 considerEpsilonTube:False baggingTestDataFraction:50 useBackward:False abortError:1 limitFeatureSize:False featureSizeTreshold:7 quadraticFunctionSupport:True crossValidation:False crossValidation-k:5 learn-logFunction:True learn-accumulatedLogFunction:False learn-asymFunction:False learn-ratioFunction:False learn-mirrowedFunction:False learn-numeric-disabled:True numberOfRounds:70 backwardErrorDelta:1 minImprovementPerRound:0.25 withHierarchy:False bruteForceCandidates:False ignoreBadFeatures:False stopOnLongRound:False candidateSizePenalty:True learnTimeLimit:00:00:00 scoreMeasure:RELERROR outputRoundsToStdout:False debug:False pythonInfluenceAnalysis:False blacklisted: 
command: solver z3
command: vm /scratch/kallistos/Distance-Based_Data/SupplementaryWebsite/MeasuredPerformanceValues/Polly/FeatureModel.xml
command: all /scratch/kallistos/Distance-Based_Data/SupplementaryWebsite/MeasuredPerformanceValues/Polly/measurements.xml
Configs with too large deviation: 0
60000 configurations loaded.
command: nfp Performance
command: setsampleset /scratch/kallistos/Distance-Based_Data/Results/Polly/Polly_41/sampledConfigurations_grammarBased_t1.csv
command: learn-splconqueror
Learning: NumberOfConfigurationsLearning:28 NumberOfConfigurationsValidation:28
Learning progress:
1;28.11 * polly_vectorizer + -7.416 * pollyrtcmaxparameters_2;27.071161383284;27.071161383284;27.071161383284;27.071161383284;0.060165;2;-7.416 * pollyrtcmaxparameters_2;1;5.97981237907486;
2;28.11 * polly_vectorizer + -20.5483333333334 * pollyrtcmaxparameters_2 + 21.8872222222223 * pollyrtcmaxparameters_2 * none;12.2444755589254;12.2444755589254;12.2444755589254;12.2444755589254;0.089442;4;21.8872222222223 * pollyrtcmaxparameters_2 * none;2;7.41334291217931;
3;28.7001666666667 * polly_vectorizer + -21.1385 * pollyrtcmaxparameters_2 + 21.8872222222222 * pollyrtcmaxparameters_2 * none + -4.5246111111111 * pollydefaulttilesize_64;11.3852182856025;11.3852182856025;11.3852182856025;11.3852182856025;0.142398;5;-4.5246111111111 * pollydefaulttilesize_64;1;0.859257273322944;
4;28.7001666666667 * polly_vectorizer + -21.1385 * pollyrtcmaxparameters_2 + 21.8872222222223 * pollyrtcmaxparameters_2 * none + 0.376500000000017 * pollydefaulttilesize_64 + -14.7033333333333 * pollydefaulttilesize_64 * pollyoptmaxcoefficient_100;7.91600129253181;7.91600129253181;7.91600129253181;7.91600129253181;0.219524;7;-14.7033333333333 * pollydefaulttilesize_64 * pollyoptmaxcoefficient_100;2;1.73460849653533;
5;27.4370530726257 * polly_vectorizer + -21.4542783985103 * pollyrtcmaxparameters_2 + 22.4135195530727 * pollyrtcmaxparameters_2 * none + 1.639613594041 * pollydefaulttilesize_64 + -17.8611173184357 * pollydefaulttilesize_64 * pollyoptmaxcoefficient_100 + 3.15778398510243 * parallel;7.24072361112949;7.24072361112949;7.24072361112949;7.24072361112949;0.337525;8;3.15778398510243 * parallel;1;0.67527768140232;
6;28.432251344086 * polly_vectorizer + -22.0152083333334 * pollyrtcmaxparameters_2 + 22.2687634408602 * pollyrtcmaxparameters_2 * none + 0.64441532258065 * pollydefaulttilesize_64 + -16.9925806451613 * pollydefaulttilesize_64 * pollyoptmaxcoefficient_100 + 2.28924731182795 * parallel + -3.23891801075268 * pollyoptmaxconstantterm_10;6.20005304358076;6.20005304358076;6.20005304358076;6.20005304358076;0.501088;9;-3.23891801075268 * pollyoptmaxconstantterm_10;1;1.04067056754873;
7;28.432251344086 * polly_vectorizer + -22.0152083333334 * pollyrtcmaxparameters_2 + 22.2687634408603 * pollyrtcmaxparameters_2 * none + 0.644415322580623 * pollydefaulttilesize_64 + -16.9925806451613 * pollydefaulttilesize_64 * pollyoptmaxcoefficient_100 + 2.28924731182797 * parallel + 0.421081989247308 * pollyoptmaxconstantterm_10 + -14.64 * pollyoptmaxconstantterm_10 * value_based;2.18395623004064;2.18395623004064;2.18395623004064;2.18395623004064;0.708801;11;-14.64 * pollyoptmaxconstantterm_10 * value_based;2;2.00804840677006;
8;28.3772916666667 * polly_vectorizer + -21.4472916666668 * pollyrtcmaxparameters_2 + 21.7191666666668 * pollyrtcmaxparameters_2 * none + 0.699374999999968 * pollydefaulttilesize_64 + -17.1025 * pollydefaulttilesize_64 * pollyoptmaxcoefficient_100 + 2.39916666666665 * parallel + 0.476041666666652 * pollyoptmaxconstantterm_10 + -14.64 * pollyoptmaxconstantterm_10 * value_based + -1.13583333333322 * pollyrtcmaxparameters_2 * pollyoptmaxcoefficient_10;1.70438936205528;1.70438936205528;1.70438936205528;1.70438936205528;0.977543;13;-1.13583333333322 * pollyrtcmaxparameters_2 * pollyoptmaxcoefficient_10;2;0.239783433992682;
Elapsed=00:00:00.9809299
average model: 
command: analyze-learning
Round, Model, LearningError, LearningErrorRel, ValidationError, ValidationErrorRel, ElapsedSeconds, ModelComplexity, BestCandidate, BestCandidateSize, BestCandidateScore, TestError
Models:
Termination reason: minImprovementPerRound
1;28.11 * polly_vectorizer + -7.416 * pollyrtcmaxparameters_2;27.071161383284;27.071161383284;27.071161383284;27.071161383284;0.060165;2;-7.416 * pollyrtcmaxparameters_2;1;5.97981237907486;32.9180299968842
2;28.11 * polly_vectorizer + -20.5483333333334 * pollyrtcmaxparameters_2 + 21.8872222222223 * pollyrtcmaxparameters_2 * none;12.2444755589254;12.2444755589254;12.2444755589254;12.2444755589254;0.089442;4;21.8872222222223 * pollyrtcmaxparameters_2 * none;2;7.41334291217931;33.2634875383239
3;28.7001666666667 * polly_vectorizer + -21.1385 * pollyrtcmaxparameters_2 + 21.8872222222222 * pollyrtcmaxparameters_2 * none + -4.5246111111111 * pollydefaulttilesize_64;11.3852182856025;11.3852182856025;11.3852182856025;11.3852182856025;0.142398;5;-4.5246111111111 * pollydefaulttilesize_64;1;0.859257273322944;33.8510260932255
4;28.7001666666667 * polly_vectorizer + -21.1385 * pollyrtcmaxparameters_2 + 21.8872222222223 * pollyrtcmaxparameters_2 * none + 0.376500000000017 * pollydefaulttilesize_64 + -14.7033333333333 * pollydefaulttilesize_64 * pollyoptmaxcoefficient_100;7.91600129253181;7.91600129253181;7.91600129253181;7.91600129253181;0.219524;7;-14.7033333333333 * pollydefaulttilesize_64 * pollyoptmaxcoefficient_100;2;1.73460849653533;33.8145058812493
5;27.4370530726257 * polly_vectorizer + -21.4542783985103 * pollyrtcmaxparameters_2 + 22.4135195530727 * pollyrtcmaxparameters_2 * none + 1.639613594041 * pollydefaulttilesize_64 + -17.8611173184357 * pollydefaulttilesize_64 * pollyoptmaxcoefficient_100 + 3.15778398510243 * parallel;7.24072361112949;7.24072361112949;7.24072361112949;7.24072361112949;0.337525;8;3.15778398510243 * parallel;1;0.67527768140232;34.2509089928035
6;28.432251344086 * polly_vectorizer + -22.0152083333334 * pollyrtcmaxparameters_2 + 22.2687634408602 * pollyrtcmaxparameters_2 * none + 0.64441532258065 * pollydefaulttilesize_64 + -16.9925806451613 * pollydefaulttilesize_64 * pollyoptmaxcoefficient_100 + 2.28924731182795 * parallel + -3.23891801075268 * pollyoptmaxconstantterm_10;6.20005304358076;6.20005304358076;6.20005304358076;6.20005304358076;0.501088;9;-3.23891801075268 * pollyoptmaxconstantterm_10;1;1.04067056754873;34.315742029778
7;28.432251344086 * polly_vectorizer + -22.0152083333334 * pollyrtcmaxparameters_2 + 22.2687634408603 * pollyrtcmaxparameters_2 * none + 0.644415322580623 * pollydefaulttilesize_64 + -16.9925806451613 * pollydefaulttilesize_64 * pollyoptmaxcoefficient_100 + 2.28924731182797 * parallel + 0.421081989247308 * pollyoptmaxconstantterm_10 + -14.64 * pollyoptmaxconstantterm_10 * value_based;2.18395623004064;2.18395623004064;2.18395623004064;2.18395623004064;0.708801;11;-14.64 * pollyoptmaxconstantterm_10 * value_based;2;2.00804840677006;34.1000938549697
8;28.3772916666667 * polly_vectorizer + -21.4472916666668 * pollyrtcmaxparameters_2 + 21.7191666666668 * pollyrtcmaxparameters_2 * none + 0.699374999999968 * pollydefaulttilesize_64 + -17.1025 * pollydefaulttilesize_64 * pollyoptmaxcoefficient_100 + 2.39916666666665 * parallel + 0.476041666666652 * pollyoptmaxconstantterm_10 + -14.64 * pollyoptmaxconstantterm_10 * value_based + -1.13583333333322 * pollyrtcmaxparameters_2 * pollyoptmaxcoefficient_10;1.70438936205528;1.70438936205528;1.70438936205528;1.70438936205528;0.977543;13;-1.13583333333322 * pollyrtcmaxparameters_2 * pollyoptmaxcoefficient_10;2;0.239783433992682;34.0812594551379
Analyze finished
command: clean-sampling
command: clean-global
command: script ./learn_grammarBased_t2.a
command: log ./out_grammarBased_t2Predictions.log
