Current machine learning settings: epsilon:0 lossFunction:RELATIVE parallelization:True bagging:False baggingNumbers:3 considerEpsilonTube:False baggingTestDataFraction:50 useBackward:False abortError:1 limitFeatureSize:False featureSizeTreshold:4 quadraticFunctionSupport:True crossValidation:False crossValidation-k:5 learn-logFunction:False learn-accumulatedLogFunction:False learn-asymFunction:False learn-ratioFunction:False learn-mirrowedFunction:False learn-numeric-disabled:True numberOfRounds:70 backwardErrorDelta:1 minImprovementPerRound:0.1 withHierarchy:False bruteForceCandidates:False ignoreBadFeatures:False stopOnLongRound:True candidateSizePenalty:True learnTimeLimit:00:00:00 scoreMeasure:RELERROR outputRoundsToStdout:False debug:False pythonInfluenceAnalysis:False blacklisted: 
command: mlsettings bagging:False stopOnLongRound:False parallelization:True lossFunction:RELATIVE useBackward:False abortError:1 limitFeatureSize:False featureSizeTreshold:7 quadraticFunctionSupport:True crossValidation:False learn_logFunction:True numberOfRounds:70 backwardErrorDelta:1 minImprovementPerRound:0.25 withHierarchy:False
Current machine learning settings: epsilon:0 lossFunction:RELATIVE parallelization:True bagging:False baggingNumbers:3 considerEpsilonTube:False baggingTestDataFraction:50 useBackward:False abortError:1 limitFeatureSize:False featureSizeTreshold:7 quadraticFunctionSupport:True crossValidation:False crossValidation-k:5 learn-logFunction:True learn-accumulatedLogFunction:False learn-asymFunction:False learn-ratioFunction:False learn-mirrowedFunction:False learn-numeric-disabled:True numberOfRounds:70 backwardErrorDelta:1 minImprovementPerRound:0.25 withHierarchy:False bruteForceCandidates:False ignoreBadFeatures:False stopOnLongRound:False candidateSizePenalty:True learnTimeLimit:00:00:00 scoreMeasure:RELERROR outputRoundsToStdout:False debug:False pythonInfluenceAnalysis:False blacklisted: 
command: solver z3
command: vm /scratch/kallistos/Distance-Based_Data/SupplementaryWebsite/MeasuredPerformanceValues/Dune/FeatureModel.xml
Warning: Variability model contains outdated notation. Children nodes will no longer have effect on the model. Instead use the parent node to describe the parent of an configuration option. You can also use the converter providedby the Variability Model GUI in export>convert legacy model.
command: all /scratch/kallistos/Distance-Based_Data/SupplementaryWebsite/MeasuredPerformanceValues/Dune/measurements.xml
Configs with too large deviation: 0
2304 configurations loaded.
command: nfp Performance
command: setsampleset /scratch/kallistos/Distance-Based_Data/Results/Dune/Dune_43/sampledConfigurations_divDistBased_t2.csv
command: learn-splconqueror
Learning: NumberOfConfigurationsLearning:265 NumberOfConfigurationsValidation:265
Learning progress:
1;10300.5417841479 * Precon + 7158.07558071701 * post_0;17.770477616937;17.770477616937;17.770477616937;17.770477616937;0.039075;2;7158.07558071701 * post_0;1;4.95983484666938;
2;10623.6318024222 * Precon + 7096.95044212455 * post_0 + -1938.54010964597 * cells_50;16.6019897917947;16.6019897917947;16.6019897917947;16.6019897917947;0.121026;3;-1938.54010964597 * cells_50;1;1.16848782514225;
3;11095.2997959608 * Precon + 7234.39575887186 * post_0 + -2426.19011675979 * cells_50 + -2871.2774921439 * cells_51;15.3954015590422;15.3954015590422;15.3954015590422;15.3954015590422;0.267524;4;-2871.2774921439 * cells_51;1;1.20658823275251;
4;10588.7826919535 * Precon + 7299.52585958967 * post_0 + -2442.08391933397 * cells_50 + -2826.93305519474 * cells_51 + 1006.27356724604 * SeqSOR;14.3185676856861;14.3185676856861;14.3185676856861;14.3185676856861;0.499723;5;1006.27356724604 * SeqSOR;1;1.07683387335616;
5;10570.197642661 * Precon + 4419.29747212399 * post_0 + -2756.78761019869 * cells_50 + -2671.60259083619 * cells_51 + 1106.10591019736 * SeqSOR + 13268.123109581 * post_0 * pre_1;13.4047906663782;13.4047906663782;13.4047906663782;13.4047906663782;0.858362;7;13268.123109581 * post_0 * pre_1;2;0.456888509653954;
6;9946.18453579285 * Precon + 4997.1619070012 * post_0 + -2367.26586978771 * cells_50 + -2439.02537949759 * cells_51 + 1011.81998700279 * SeqSOR + 13223.1764162498 * post_0 * pre_1 + 3119.33009340455 * post_1;12.8762533360872;12.8762533360872;12.8762533360872;12.8762533360872;1.342276;8;3119.33009340455 * post_1;1;0.52853733029098;
7;10024.727547339 * Precon + 5006.49476668567 * post_0 + -2231.3060434152 * cells_50 + -2527.44965569863 * cells_51 + 825.225057187532 * SeqSOR + 13182.3367216319 * post_0 * pre_1 + 1424.82393215396 * post_1 + 10301.136185575 * post_1 * pre_0;11.4534484301041;11.4534484301041;11.4534484301041;11.4534484301041;1.981314;10;10301.136185575 * post_1 * pre_0;2;0.711402452991522;
8;10133.8601573285 * Precon + 5002.5170007423 * post_0 + -2335.87623942235 * cells_50 + -2631.03384956575 * cells_51 + 809.97126585718 * SeqSOR + 13181.8668550329 * post_0 * pre_1 + 1478.23332246776 * post_1 + 10164.2874924887 * post_1 * pre_0 + -478.993859704587 * cells_52;11.1214334434098;11.1214334434098;11.1214334434098;11.1214334434098;2.79003;11;-478.993859704587 * cells_52;1;0.332014986694363;
9;10324.4239899813 * Precon + 4813.32817824112 * post_0 + -2401.11396474055 * cells_50 + -2574.54786450729 * cells_51 + 791.665684269898 * SeqSOR + 13194.8896670537 * post_0 * pre_1 + 1293.91290009351 * post_1 + 10163.0500711926 * post_1 * pre_0 + -465.270226744708 * cells_52 + -878.360016220755 * post_6;10.7876327094963;10.7876327094963;10.7876327094963;10.7876327094963;3.81152;12;-878.360016220755 * post_6;1;0.33380073391351;
10;10249.924583371 * Precon + 4800.61569844265 * post_0 + -2402.56048836633 * cells_50 + -2311.3131111147 * cells_51 + 935.989608090446 * SeqSOR + 22783.5409482722 * post_0 * pre_1 + 1337.61638713686 * post_1 + 10053.1525089746 * post_1 * pre_0 + -695.804040067341 * cells_52 + -887.292076917045 * post_6 + -19118.5737056893 * post_0 * pre_1 * LoopSolver;9.85259784381084;9.85259784381084;9.85259784381084;9.85259784381084;5.045737;15;-19118.5737056893 * post_0 * pre_1 * LoopSolver;3;0.311678288561806;
11;10091.9036600325 * Precon + 4766.56880067132 * post_0 + -2243.64212502395 * cells_50 + -2142.89949802917 * cells_51 + 944.760214814363 * SeqSOR + 22893.7256452724 * post_0 * pre_1 + 1349.45443271206 * post_1 + 10101.0659055608 * post_1 * pre_0 + -535.960513694606 * cells_52 + -935.780128471806 * post_6 + -19241.8138094324 * post_0 * pre_1 * LoopSolver + 475.6197215348 * cells_55;9.55793233027511;9.55793233027511;9.55793233027511;9.55793233027511;6.548635;16;475.6197215348 * cells_55;1;0.294665513535731;
12;10297.7668039517 * Precon + 4786.09727541871 * post_0 + -2284.01154097189 * cells_50 + -2163.07484438144 * cells_51 + 947.850178071343 * SeqSOR + 22726.4172626109 * post_0 * pre_1 + 1335.69273181108 * post_1 + 10178.3608037101 * post_1 * pre_0 + -731.014005024603 * cells_52 + -984.368807946746 * post_6 + -19291.867986611 * post_0 * pre_1 * LoopSolver + 497.868322015181 * cells_55 + -951.648729292824 * GradientSolver;9.30528814439767;9.30528814439767;9.30528814439767;9.30528814439767;8.345812;17;-951.648729292824 * GradientSolver;1;0.25264418587744;
13;10183.7037742927 * Precon + 4911.04588203941 * post_0 + -2311.02395308445 * cells_50 + -2194.91650467572 * cells_51 + 994.800783726449 * SeqSOR + 22721.6878603986 * post_0 * pre_1 + 1454.46910399198 * post_1 + 9423.50869017348 * post_1 * pre_0 + -775.576897564885 * cells_52 + -960.784713890303 * post_6 + -19304.2267610313 * post_0 * pre_1 * LoopSolver + 487.63158179536 * cells_55 + -1018.98933856011 * GradientSolver + 741.85399826796 * pre_0;9.11553994021591;9.11553994021591;9.11553994021591;9.11553994021591;10.781955;18;741.85399826796 * pre_0;1;0.189748204181758;
Elapsed=00:00:10.7868600
average model: 
command: analyze-learning
Round, Model, LearningError, LearningErrorRel, ValidationError, ValidationErrorRel, ElapsedSeconds, ModelComplexity, BestCandidate, BestCandidateSize, BestCandidateScore, TestError
Models:
Termination reason: minImprovementPerRound
1;10300.5417841479 * Precon + 7158.07558071701 * post_0;17.770477616937;17.770477616937;17.770477616937;17.770477616937;0.039075;2;7158.07558071701 * post_0;1;4.95983484666938;18.3662950841068
2;10623.6318024222 * Precon + 7096.95044212455 * post_0 + -1938.54010964597 * cells_50;16.6019897917947;16.6019897917947;16.6019897917947;16.6019897917947;0.121026;3;-1938.54010964597 * cells_50;1;1.16848782514225;17.1865917835066
3;11095.2997959608 * Precon + 7234.39575887186 * post_0 + -2426.19011675979 * cells_50 + -2871.2774921439 * cells_51;15.3954015590422;15.3954015590422;15.3954015590422;15.3954015590422;0.267524;4;-2871.2774921439 * cells_51;1;1.20658823275251;16.8875256635175
4;10588.7826919535 * Precon + 7299.52585958967 * post_0 + -2442.08391933397 * cells_50 + -2826.93305519474 * cells_51 + 1006.27356724604 * SeqSOR;14.3185676856861;14.3185676856861;14.3185676856861;14.3185676856861;0.499723;5;1006.27356724604 * SeqSOR;1;1.07683387335616;16.1614085784349
5;10570.197642661 * Precon + 4419.29747212399 * post_0 + -2756.78761019869 * cells_50 + -2671.60259083619 * cells_51 + 1106.10591019736 * SeqSOR + 13268.123109581 * post_0 * pre_1;13.4047906663782;13.4047906663782;13.4047906663782;13.4047906663782;0.858362;7;13268.123109581 * post_0 * pre_1;2;0.456888509653954;14.9039282103769
6;9946.18453579285 * Precon + 4997.1619070012 * post_0 + -2367.26586978771 * cells_50 + -2439.02537949759 * cells_51 + 1011.81998700279 * SeqSOR + 13223.1764162498 * post_0 * pre_1 + 3119.33009340455 * post_1;12.8762533360872;12.8762533360872;12.8762533360872;12.8762533360872;1.342276;8;3119.33009340455 * post_1;1;0.52853733029098;13.9685363321401
7;10024.727547339 * Precon + 5006.49476668567 * post_0 + -2231.3060434152 * cells_50 + -2527.44965569863 * cells_51 + 825.225057187532 * SeqSOR + 13182.3367216319 * post_0 * pre_1 + 1424.82393215396 * post_1 + 10301.136185575 * post_1 * pre_0;11.4534484301041;11.4534484301041;11.4534484301041;11.4534484301041;1.981314;10;10301.136185575 * post_1 * pre_0;2;0.711402452991522;12.947504635103
8;10133.8601573285 * Precon + 5002.5170007423 * post_0 + -2335.87623942235 * cells_50 + -2631.03384956575 * cells_51 + 809.97126585718 * SeqSOR + 13181.8668550329 * post_0 * pre_1 + 1478.23332246776 * post_1 + 10164.2874924887 * post_1 * pre_0 + -478.993859704587 * cells_52;11.1214334434098;11.1214334434098;11.1214334434098;11.1214334434098;2.79003;11;-478.993859704587 * cells_52;1;0.332014986694363;12.3973659520293
9;10324.4239899813 * Precon + 4813.32817824112 * post_0 + -2401.11396474055 * cells_50 + -2574.54786450729 * cells_51 + 791.665684269898 * SeqSOR + 13194.8896670537 * post_0 * pre_1 + 1293.91290009351 * post_1 + 10163.0500711926 * post_1 * pre_0 + -465.270226744708 * cells_52 + -878.360016220755 * post_6;10.7876327094963;10.7876327094963;10.7876327094963;10.7876327094963;3.81152;12;-878.360016220755 * post_6;1;0.33380073391351;11.9991756440348
10;10249.924583371 * Precon + 4800.61569844265 * post_0 + -2402.56048836633 * cells_50 + -2311.3131111147 * cells_51 + 935.989608090446 * SeqSOR + 22783.5409482722 * post_0 * pre_1 + 1337.61638713686 * post_1 + 10053.1525089746 * post_1 * pre_0 + -695.804040067341 * cells_52 + -887.292076917045 * post_6 + -19118.5737056893 * post_0 * pre_1 * LoopSolver;9.85259784381084;9.85259784381084;9.85259784381084;9.85259784381084;5.045737;15;-19118.5737056893 * post_0 * pre_1 * LoopSolver;3;0.311678288561806;11.9755160324815
11;10091.9036600325 * Precon + 4766.56880067132 * post_0 + -2243.64212502395 * cells_50 + -2142.89949802917 * cells_51 + 944.760214814363 * SeqSOR + 22893.7256452724 * post_0 * pre_1 + 1349.45443271206 * post_1 + 10101.0659055608 * post_1 * pre_0 + -535.960513694606 * cells_52 + -935.780128471806 * post_6 + -19241.8138094324 * post_0 * pre_1 * LoopSolver + 475.6197215348 * cells_55;9.55793233027511;9.55793233027511;9.55793233027511;9.55793233027511;6.548635;16;475.6197215348 * cells_55;1;0.294665513535731;11.685684976477
12;10297.7668039517 * Precon + 4786.09727541871 * post_0 + -2284.01154097189 * cells_50 + -2163.07484438144 * cells_51 + 947.850178071343 * SeqSOR + 22726.4172626109 * post_0 * pre_1 + 1335.69273181108 * post_1 + 10178.3608037101 * post_1 * pre_0 + -731.014005024603 * cells_52 + -984.368807946746 * post_6 + -19291.867986611 * post_0 * pre_1 * LoopSolver + 497.868322015181 * cells_55 + -951.648729292824 * GradientSolver;9.30528814439767;9.30528814439767;9.30528814439767;9.30528814439767;8.345812;17;-951.648729292824 * GradientSolver;1;0.25264418587744;11.2146287215327
13;10183.7037742927 * Precon + 4911.04588203941 * post_0 + -2311.02395308445 * cells_50 + -2194.91650467572 * cells_51 + 994.800783726449 * SeqSOR + 22721.6878603986 * post_0 * pre_1 + 1454.46910399198 * post_1 + 9423.50869017348 * post_1 * pre_0 + -775.576897564885 * cells_52 + -960.784713890303 * post_6 + -19304.2267610313 * post_0 * pre_1 * LoopSolver + 487.63158179536 * cells_55 + -1018.98933856011 * GradientSolver + 741.85399826796 * pre_0;9.11553994021591;9.11553994021591;9.11553994021591;9.11553994021591;10.781955;18;741.85399826796 * pre_0;1;0.189748204181758;11.1500192966071
Analyze finished
command: clean-sampling
command: clean-global
command: script ./learn_divDistBased_t3.a
command: log ./out_divDistBased_t3Predictions.log
