Current machine learning settings: epsilon:0 lossFunction:RELATIVE parallelization:True bagging:False baggingNumbers:3 considerEpsilonTube:False baggingTestDataFraction:50 useBackward:False abortError:1 limitFeatureSize:False featureSizeTreshold:4 quadraticFunctionSupport:True crossValidation:False crossValidation-k:5 learn-logFunction:False learn-accumulatedLogFunction:False learn-asymFunction:False learn-ratioFunction:False learn-mirrowedFunction:False learn-numeric-disabled:True numberOfRounds:70 backwardErrorDelta:1 minImprovementPerRound:0.1 withHierarchy:False bruteForceCandidates:False ignoreBadFeatures:False stopOnLongRound:True candidateSizePenalty:True learnTimeLimit:00:00:00 scoreMeasure:RELERROR outputRoundsToStdout:False debug:False pythonInfluenceAnalysis:False blacklisted: 
command: solver z3
command: vm /scratch/kallistos/Distance-Based_Data/SupplementaryWebsite/MeasuredPerformanceValues/Dune/FeatureModel.xml
Warning: Variability model contains outdated notation. Children nodes will no longer have effect on the model. Instead use the parent node to describe the parent of an configuration option. You can also use the converter providedby the Variability Model GUI in export>convert legacy model.
command: all /scratch/kallistos/Distance-Based_Data/SupplementaryWebsite/MeasuredPerformanceValues/Dune/measurements.xml
Configs with too large deviation: 0
2304 configurations loaded.
command: binary grammar-based numConfigs:1071 seed:16  confFaultsReport:./out_grammarBasedFailureReport_t3.log
command: printconfigs ./sampledConfigurations_grammarBased_t3FailureReport.csv
Number to sample: 1071; Number of Configurations in Grammar: 2352
Draw a new random number, cause 187 is already in drawn.
Draw a new random number, cause 1403 is already in drawn.
Draw a new random number, cause 1204 is already in drawn.
Draw a new random number, cause 632 is already in drawn.
Draw a new random number, cause 900 is already in drawn.
Draw a new random number, cause 440 is already in drawn.
Draw a new random number, cause 1705 is already in drawn.
Draw a new random number, cause 155 is already in drawn.
Draw a new random number, cause 1317 is already in drawn.
Draw a new random number, cause 740 is already in drawn.
Draw a new random number, cause 614 is already in drawn.
Draw a new random number, cause 1403 is already in drawn.
Draw a new random number, cause 1147 is already in drawn.
Draw a new random number, cause 2274 is already in drawn.
Draw a new random number, cause 1016 is already in drawn.
Draw a new random number, cause 435 is already in drawn.
Draw a new random number, cause 2071 is already in drawn.
Draw a new random number, cause 1758 is already in drawn.
Draw a new random number, cause 2073 is already in drawn.
Draw a new random number, cause 1457 is already in drawn.
Draw a new random number, cause 1171 is already in drawn.
Draw a new random number, cause 1792 is already in drawn.
Draw a new random number, cause 2274 is already in drawn.
Draw a new random number, cause 1779 is already in drawn.
Draw a new random number, cause 1450 is already in drawn.
Draw a new random number, cause 2001 is already in drawn.
Draw a new random number, cause 1006 is already in drawn.
Draw a new random number, cause 1122 is already in drawn.
Draw a new random number, cause 143 is already in drawn.
Draw a new random number, cause 365 is already in drawn.
Draw a new random number, cause 1010 is already in drawn.
Draw a new random number, cause 1476 is already in drawn.
Draw a new random number, cause 1811 is already in drawn.
Draw a new random number, cause 2121 is already in drawn.
Draw a new random number, cause 17 is already in drawn.
Draw a new random number, cause 1723 is already in drawn.
Draw a new random number, cause 227 is already in drawn.
Draw a new random number, cause 1636 is already in drawn.
Draw a new random number, cause 2203 is already in drawn.
Draw a new random number, cause 1457 is already in drawn.
Draw a new random number, cause 1383 is already in drawn.
Draw a new random number, cause 1972 is already in drawn.
Draw a new random number, cause 962 is already in drawn.
Draw a new random number, cause 1909 is already in drawn.
Draw a new random number, cause 1567 is already in drawn.
Draw a new random number, cause 353 is already in drawn.
Draw a new random number, cause 1709 is already in drawn.
Draw a new random number, cause 1419 is already in drawn.
Draw a new random number, cause 847 is already in drawn.
Draw a new random number, cause 1138 is already in drawn.
Draw a new random number, cause 670 is already in drawn.
Draw a new random number, cause 2315 is already in drawn.
Draw a new random number, cause 2016 is already in drawn.
Draw a new random number, cause 2176 is already in drawn.
Draw a new random number, cause 1449 is already in drawn.
Draw a new random number, cause 1026 is already in drawn.
Draw a new random number, cause 1279 is already in drawn.
Draw a new random number, cause 1968 is already in drawn.
Draw a new random number, cause 691 is already in drawn.
Draw a new random number, cause 110 is already in drawn.
Draw a new random number, cause 571 is already in drawn.
Draw a new random number, cause 354 is already in drawn.
Draw a new random number, cause 1429 is already in drawn.
Draw a new random number, cause 732 is already in drawn.
Draw a new random number, cause 1223 is already in drawn.
Draw a new random number, cause 322 is already in drawn.
Draw a new random number, cause 1106 is already in drawn.
Draw a new random number, cause 563 is already in drawn.
Draw a new random number, cause 2272 is already in drawn.
Draw a new random number, cause 1660 is already in drawn.
Draw a new random number, cause 2271 is already in drawn.
Draw a new random number, cause 1426 is already in drawn.
Draw a new random number, cause 702 is already in drawn.
Draw a new random number, cause 907 is already in drawn.
Draw a new random number, cause 596 is already in drawn.
Draw a new random number, cause 1530 is already in drawn.
Draw a new random number, cause 2343 is already in drawn.
Draw a new random number, cause 1220 is already in drawn.
Draw a new random number, cause 1997 is already in drawn.
Draw a new random number, cause 338 is already in drawn.
Draw a new random number, cause 1914 is already in drawn.
Draw a new random number, cause 925 is already in drawn.
Draw a new random number, cause 1138 is already in drawn.
Draw a new random number, cause 538 is already in drawn.
Draw a new random number, cause 1852 is already in drawn.
Draw a new random number, cause 1013 is already in drawn.
Draw a new random number, cause 1160 is already in drawn.
Draw a new random number, cause 1903 is already in drawn.
Draw a new random number, cause 1552 is already in drawn.
Draw a new random number, cause 1034 is already in drawn.
Draw a new random number, cause 154 is already in drawn.
Draw a new random number, cause 718 is already in drawn.
Draw a new random number, cause 1160 is already in drawn.
Draw a new random number, cause 1844 is already in drawn.
Draw a new random number, cause 1430 is already in drawn.
Draw a new random number, cause 1251 is already in drawn.
Draw a new random number, cause 165 is already in drawn.
Draw a new random number, cause 1025 is already in drawn.
Draw a new random number, cause 1034 is already in drawn.
Draw a new random number, cause 965 is already in drawn.
Draw a new random number, cause 2195 is already in drawn.
Draw a new random number, cause 691 is already in drawn.
Draw a new random number, cause 1224 is already in drawn.
Draw a new random number, cause 425 is already in drawn.
Draw a new random number, cause 1636 is already in drawn.
Draw a new random number, cause 425 is already in drawn.
Draw a new random number, cause 1957 is already in drawn.
Draw a new random number, cause 2052 is already in drawn.
Draw a new random number, cause 2039 is already in drawn.
Draw a new random number, cause 934 is already in drawn.
Draw a new random number, cause 908 is already in drawn.
Draw a new random number, cause 1248 is already in drawn.
Draw a new random number, cause 1419 is already in drawn.
Draw a new random number, cause 725 is already in drawn.
Draw a new random number, cause 479 is already in drawn.
Draw a new random number, cause 565 is already in drawn.
Draw a new random number, cause 1171 is already in drawn.
Draw a new random number, cause 1170 is already in drawn.
Draw a new random number, cause 1918 is already in drawn.
Draw a new random number, cause 2171 is already in drawn.
Draw a new random number, cause 1205 is already in drawn.
Draw a new random number, cause 1568 is already in drawn.
Draw a new random number, cause 675 is already in drawn.
Draw a new random number, cause 1339 is already in drawn.
Draw a new random number, cause 1104 is already in drawn.
Draw a new random number, cause 1908 is already in drawn.
Draw a new random number, cause 1122 is already in drawn.
Draw a new random number, cause 170 is already in drawn.
Draw a new random number, cause 915 is already in drawn.
Draw a new random number, cause 2191 is already in drawn.
Draw a new random number, cause 1336 is already in drawn.
Draw a new random number, cause 2183 is already in drawn.
Draw a new random number, cause 1866 is already in drawn.
Draw a new random number, cause 522 is already in drawn.
Draw a new random number, cause 829 is already in drawn.
Draw a new random number, cause 571 is already in drawn.
Draw a new random number, cause 1348 is already in drawn.
Draw a new random number, cause 2165 is already in drawn.
Draw a new random number, cause 1106 is already in drawn.
Draw a new random number, cause 688 is already in drawn.
Draw a new random number, cause 2185 is already in drawn.
Draw a new random number, cause 752 is already in drawn.
Draw a new random number, cause 121 is already in drawn.
Draw a new random number, cause 2081 is already in drawn.
Draw a new random number, cause 806 is already in drawn.
Draw a new random number, cause 1897 is already in drawn.
Draw a new random number, cause 2221 is already in drawn.
Draw a new random number, cause 155 is already in drawn.
Draw a new random number, cause 733 is already in drawn.
Draw a new random number, cause 792 is already in drawn.
Draw a new random number, cause 561 is already in drawn.
Draw a new random number, cause 2194 is already in drawn.
Draw a new random number, cause 183 is already in drawn.
Draw a new random number, cause 150 is already in drawn.
Draw a new random number, cause 1028 is already in drawn.
Draw a new random number, cause 1171 is already in drawn.
Draw a new random number, cause 35 is already in drawn.
Draw a new random number, cause 18 is already in drawn.
Draw a new random number, cause 1026 is already in drawn.
Draw a new random number, cause 874 is already in drawn.
Draw a new random number, cause 963 is already in drawn.
Draw a new random number, cause 217 is already in drawn.
Draw a new random number, cause 1082 is already in drawn.
Draw a new random number, cause 1706 is already in drawn.
Draw a new random number, cause 194 is already in drawn.
Draw a new random number, cause 737 is already in drawn.
Draw a new random number, cause 99 is already in drawn.
Draw a new random number, cause 77 is already in drawn.
Draw a new random number, cause 1637 is already in drawn.
Draw a new random number, cause 642 is already in drawn.
Draw a new random number, cause 1026 is already in drawn.
Draw a new random number, cause 625 is already in drawn.
Draw a new random number, cause 1668 is already in drawn.
Draw a new random number, cause 118 is already in drawn.
Draw a new random number, cause 2208 is already in drawn.
Draw a new random number, cause 743 is already in drawn.
Draw a new random number, cause 1155 is already in drawn.
Draw a new random number, cause 908 is already in drawn.
Draw a new random number, cause 1819 is already in drawn.
Draw a new random number, cause 1341 is already in drawn.
Draw a new random number, cause 757 is already in drawn.
Draw a new random number, cause 760 is already in drawn.
Draw a new random number, cause 1791 is already in drawn.
Draw a new random number, cause 1092 is already in drawn.
Draw a new random number, cause 1709 is already in drawn.
Draw a new random number, cause 190 is already in drawn.
Draw a new random number, cause 2040 is already in drawn.
Draw a new random number, cause 760 is already in drawn.
Draw a new random number, cause 1884 is already in drawn.
Draw a new random number, cause 1048 is already in drawn.
Draw a new random number, cause 410 is already in drawn.
Draw a new random number, cause 2126 is already in drawn.
Draw a new random number, cause 1906 is already in drawn.
Draw a new random number, cause 1637 is already in drawn.
Draw a new random number, cause 908 is already in drawn.
Draw a new random number, cause 99 is already in drawn.
Draw a new random number, cause 740 is already in drawn.
Draw a new random number, cause 6 is already in drawn.
Draw a new random number, cause 388 is already in drawn.
Draw a new random number, cause 199 is already in drawn.
Draw a new random number, cause 1547 is already in drawn.
Draw a new random number, cause 632 is already in drawn.
Draw a new random number, cause 743 is already in drawn.
Draw a new random number, cause 2294 is already in drawn.
Draw a new random number, cause 415 is already in drawn.
Draw a new random number, cause 1855 is already in drawn.
Draw a new random number, cause 187 is already in drawn.
Draw a new random number, cause 2204 is already in drawn.
Draw a new random number, cause 1205 is already in drawn.
Draw a new random number, cause 1681 is already in drawn.
Draw a new random number, cause 367 is already in drawn.
Draw a new random number, cause 2250 is already in drawn.
Draw a new random number, cause 906 is already in drawn.
Draw a new random number, cause 142 is already in drawn.
Draw a new random number, cause 550 is already in drawn.
Draw a new random number, cause 1776 is already in drawn.
Draw a new random number, cause 217 is already in drawn.
Draw a new random number, cause 925 is already in drawn.
Draw a new random number, cause 250 is already in drawn.
Draw a new random number, cause 2287 is already in drawn.
Draw a new random number, cause 1551 is already in drawn.
Draw a new random number, cause 1697 is already in drawn.
Draw a new random number, cause 630 is already in drawn.
Draw a new random number, cause 2032 is already in drawn.
Draw a new random number, cause 107 is already in drawn.
Draw a new random number, cause 1637 is already in drawn.
Draw a new random number, cause 1095 is already in drawn.
Draw a new random number, cause 1866 is already in drawn.
Draw a new random number, cause 600 is already in drawn.
Draw a new random number, cause 1928 is already in drawn.
Draw a new random number, cause 1398 is already in drawn.
Draw a new random number, cause 1630 is already in drawn.
Draw a new random number, cause 1440 is already in drawn.
Draw a new random number, cause 738 is already in drawn.
Draw a new random number, cause 2042 is already in drawn.
Draw a new random number, cause 2144 is already in drawn.
Draw a new random number, cause 1016 is already in drawn.
Draw a new random number, cause 661 is already in drawn.
Draw a new random number, cause 2120 is already in drawn.
Draw a new random number, cause 1583 is already in drawn.
Draw a new random number, cause 1723 is already in drawn.
Draw a new random number, cause 829 is already in drawn.
Draw a new random number, cause 536 is already in drawn.
Draw a new random number, cause 293 is already in drawn.
Draw a new random number, cause 1205 is already in drawn.
Draw a new random number, cause 537 is already in drawn.
Draw a new random number, cause 396 is already in drawn.
Draw a new random number, cause 1935 is already in drawn.
Draw a new random number, cause 54 is already in drawn.
Draw a new random number, cause 464 is already in drawn.
Draw a new random number, cause 2046 is already in drawn.
Draw a new random number, cause 1103 is already in drawn.
Draw a new random number, cause 585 is already in drawn.
Draw a new random number, cause 2270 is already in drawn.
Draw a new random number, cause 453 is already in drawn.
Draw a new random number, cause 174 is already in drawn.
Draw a new random number, cause 1791 is already in drawn.
Draw a new random number, cause 1547 is already in drawn.
Draw a new random number, cause 1169 is already in drawn.
Draw a new random number, cause 1348 is already in drawn.
Draw a new random number, cause 1723 is already in drawn.
Draw a new random number, cause 1212 is already in drawn.
Draw a new random number, cause 581 is already in drawn.
Draw a new random number, cause 101 is already in drawn.
Draw a new random number, cause 645 is already in drawn.
Draw a new random number, cause 2070 is already in drawn.
Draw a new random number, cause 901 is already in drawn.
Draw a new random number, cause 1760 is already in drawn.
Draw a new random number, cause 1269 is already in drawn.
Draw a new random number, cause 152 is already in drawn.
Draw a new random number, cause 2194 is already in drawn.
Draw a new random number, cause 458 is already in drawn.
Draw a new random number, cause 1103 is already in drawn.
Draw a new random number, cause 658 is already in drawn.
Draw a new random number, cause 1265 is already in drawn.
Draw a new random number, cause 1707 is already in drawn.
Draw a new random number, cause 962 is already in drawn.
Draw a new random number, cause 768 is already in drawn.
Draw a new random number, cause 630 is already in drawn.
Draw a new random number, cause 1034 is already in drawn.
Draw a new random number, cause 1787 is already in drawn.
Draw a new random number, cause 721 is already in drawn.
Draw a new random number, cause 1223 is already in drawn.
Draw a new random number, cause 519 is already in drawn.
Draw a new random number, cause 493 is already in drawn.
Draw a new random number, cause 837 is already in drawn.
Draw a new random number, cause 1184 is already in drawn.
Draw a new random number, cause 2297 is already in drawn.
Draw a new random number, cause 1541 is already in drawn.
Draw a new random number, cause 1425 is already in drawn.
Draw a new random number, cause 502 is already in drawn.
Draw a new random number, cause 1888 is already in drawn.
Draw a new random number, cause 1222 is already in drawn.
Draw a new random number, cause 709 is already in drawn.
Draw a new random number, cause 986 is already in drawn.
Draw a new random number, cause 2077 is already in drawn.
Draw a new random number, cause 2328 is already in drawn.
Draw a new random number, cause 1463 is already in drawn.
Draw a new random number, cause 1073 is already in drawn.
Draw a new random number, cause 2144 is already in drawn.
Draw a new random number, cause 2121 is already in drawn.
Draw a new random number, cause 1654 is already in drawn.
Draw a new random number, cause 1554 is already in drawn.
Draw a new random number, cause 1098 is already in drawn.
Draw a new random number, cause 620 is already in drawn.
Draw a new random number, cause 1775 is already in drawn.
Draw a new random number, cause 1292 is already in drawn.
Draw a new random number, cause 1980 is already in drawn.
Draw a new random number, cause 187 is already in drawn.
Draw a new random number, cause 519 is already in drawn.
Draw a new random number, cause 342 is already in drawn.
Draw a new random number, cause 2320 is already in drawn.
Draw a new random number, cause 77 is already in drawn.
Draw a new random number, cause 423 is already in drawn.
Draw a new random number, cause 1016 is already in drawn.
Draw a new random number, cause 1732 is already in drawn.
Draw a new random number, cause 1737 is already in drawn.
Draw a new random number, cause 1312 is already in drawn.
Draw a new random number, cause 1853 is already in drawn.
Draw a new random number, cause 1254 is already in drawn.
Draw a new random number, cause 458 is already in drawn.
Draw a new random number, cause 1679 is already in drawn.
Draw a new random number, cause 1957 is already in drawn.
Draw a new random number, cause 1122 is already in drawn.
Draw a new random number, cause 105 is already in drawn.
Draw a new random number, cause 1889 is already in drawn.
Draw a new random number, cause 256 is already in drawn.
Draw a new random number, cause 155 is already in drawn.
Draw a new random number, cause 583 is already in drawn.
Draw a new random number, cause 247 is already in drawn.
Draw a new random number, cause 1586 is already in drawn.
Draw a new random number, cause 69 is already in drawn.
Draw a new random number, cause 509 is already in drawn.
Draw a new random number, cause 818 is already in drawn.
Draw a new random number, cause 2186 is already in drawn.
Draw a new random number, cause 911 is already in drawn.
Draw a new random number, cause 745 is already in drawn.
Draw a new random number, cause 2211 is already in drawn.
Draw a new random number, cause 2203 is already in drawn.
Draw a new random number, cause 1055 is already in drawn.
Draw a new random number, cause 1697 is already in drawn.
Draw a new random number, cause 738 is already in drawn.
Draw a new random number, cause 1994 is already in drawn.
Draw a new random number, cause 1838 is already in drawn.
Draw a new random number, cause 658 is already in drawn.
Draw a new random number, cause 873 is already in drawn.
Draw a new random number, cause 2331 is already in drawn.
Draw a new random number, cause 1544 is already in drawn.
Draw a new random number, cause 819 is already in drawn.
Draw a new random number, cause 2136 is already in drawn.
Draw a new random number, cause 2117 is already in drawn.
Draw a new random number, cause 1650 is already in drawn.
Draw a new random number, cause 1724 is already in drawn.
Draw a new random number, cause 388 is already in drawn.
Draw a new random number, cause 171 is already in drawn.
Draw a new random number, cause 1041 is already in drawn.
Draw a new random number, cause 793 is already in drawn.
Draw a new random number, cause 1309 is already in drawn.
Draw a new random number, cause 2253 is already in drawn.
Draw a new random number, cause 1444 is already in drawn.
Draw a new random number, cause 550 is already in drawn.
Draw a new random number, cause 1628 is already in drawn.
Draw a new random number, cause 583 is already in drawn.
Draw a new random number, cause 2039 is already in drawn.
Draw a new random number, cause 1888 is already in drawn.
29 drawn configurations were invalid
command: clean-sampling
command: clean-global
