11846 - OpenCL, Ldg, bs_64x16, padding_96, pixelPerThread_3
10524 - OpenCL, Array2D, LocalMemory, bs_128x1, padding_416, pixelPerThread_1
24865 - CUDA, Array2D, LocalMemory, bs_128x2, padding_352, pixelPerThread_2
3849 - OpenCL, Linear1D, bs_1024x1, padding_320, pixelPerThread_2
25003 - CUDA, Array2D, LocalMemory, bs_128x8, padding_352, pixelPerThread_4
23348 - CUDA, Array2D, bs_128x1, padding_192, pixelPerThread_1
9671 - OpenCL, Array2D, bs_32x4, padding_96, pixelPerThread_4
24138 - CUDA, Array2D, bs_64x8, padding_512, pixelPerThread_3
3712 - OpenCL, Linear1D, bs_512x1, padding_320, pixelPerThread_1
4038 - OpenCL, Linear1D, bs_64x2, padding_192, pixelPerThread_3
24427 - CUDA, Array2D, LocalMemory, bs_32x16, padding_96, pixelPerThread_4
3196 - OpenCL, Linear1D, bs_64x4, padding_0, pixelPerThread_1
23889 - CUDA, Array2D, bs_32x2, padding_160, pixelPerThread_2
24534 - CUDA, Array2D, LocalMemory, bs_32x32, padding_416, pixelPerThread_3
24301 - CUDA, Array2D, LocalMemory, bs_32x1, padding_192, pixelPerThread_2
25539 - CUDA, Array2D, LocalMemory, bs_64x8, padding_288, pixelPerThread_4
5315 - OpenCL, Linear1D, LocalMemory, bs_32x2, padding_64, pixelPerThread_4
11820 - OpenCL, Ldg, bs_64x4, padding_448, pixelPerThread_1
9061 - OpenCL, Array2D, bs_128x1, padding_128, pixelPerThread_2
4260 - OpenCL, Linear1D, bs_256x2, padding_352, pixelPerThread_1
11980 - OpenCL, Ldg, bs_128x2, padding_96, pixelPerThread_1
5512 - OpenCL, Linear1D, LocalMemory, bs_64x8, padding_32, pixelPerThread_1
12584 - OpenCL, Ldg, bs_64x2, padding_32, pixelPerThread_1
12644 - OpenCL, Ldg, bs_64x2, padding_512, pixelPerThread_1
7743 - OpenCL, Linear2D, LocalMemory, bs_128x2, padding_448, pixelPerThread_4
24293 - CUDA, Array2D, LocalMemory, bs_32x1, padding_128, pixelPerThread_2
13385 - OpenCL, Ldg, LocalMemory, bs_128x1, padding_448, pixelPerThread_2
10535 - OpenCL, Array2D, LocalMemory, bs_128x1, padding_480, pixelPerThread_4
8211 - OpenCL, Linear2D, LocalMemory, bs_32x2, padding_384, pixelPerThread_4
9270 - OpenCL, Array2D, bs_128x8, padding_160, pixelPerThread_3
6462 - OpenCL, Linear2D, bs_256x4, padding_0, pixelPerThread_3
3940 - OpenCL, Linear1D, bs_32x2, padding_512, pixelPerThread_1
8153 - OpenCL, Linear2D, LocalMemory, bs_1024x1, padding_480, pixelPerThread_2
23050 - CUDA, Array2D, bs_32x16, padding_512, pixelPerThread_3
11976 - OpenCL, Ldg, bs_128x2, padding_64, pixelPerThread_1
7609 - OpenCL, Linear2D, LocalMemory, bs_64x16, padding_480, pixelPerThread_2
10678 - OpenCL, Array2D, LocalMemory, bs_128x8, padding_0, pixelPerThread_3
3603 - OpenCL, Linear1D, bs_128x8, padding_512, pixelPerThread_4
6724 - OpenCL, Linear2D, bs_1024x1, padding_480, pixelPerThread_1
25529 - CUDA, Array2D, LocalMemory, bs_64x8, padding_224, pixelPerThread_2
5628 - OpenCL, Linear1D, LocalMemory, bs_256x1, padding_416, pixelPerThread_1
12446 - OpenCL, Ldg, bs_32x2, padding_0, pixelPerThread_3
11949 - OpenCL, Ldg, bs_128x1, padding_384, pixelPerThread_2
11657 - OpenCL, Ldg, bs_32x32, padding_224, pixelPerThread_2
12154 - OpenCL, Ldg, bs_128x8, padding_384, pixelPerThread_3
7028 - OpenCL, Linear2D, bs_256x1, padding_192, pixelPerThread_1
6113 - OpenCL, Linear2D, bs_64x4, padding_480, pixelPerThread_2
5776 - OpenCL, Linear2D, bs_32x1, padding_512, pixelPerThread_1
5643 - OpenCL, Linear1D, LocalMemory, bs_256x1, padding_512, pixelPerThread_4
4218 - OpenCL, Linear1D, bs_256x2, padding_0, pixelPerThread_3
7879 - OpenCL, Linear2D, LocalMemory, bs_128x8, padding_448, pixelPerThread_4
9260 - OpenCL, Array2D, bs_128x8, padding_96, pixelPerThread_1
16715 - CUDA, LocalMemory, bs_1024x1, padding_416, pixelPerThread_4
19034 - CUDA, Linear1D, LocalMemory, bs_64x16, padding_480, pixelPerThread_3
25695 - CUDA, Array2D, LocalMemory, bs_256x2, padding_448, pixelPerThread_4
19338 - CUDA, Linear1D, LocalMemory, bs_256x4, padding_192, pixelPerThread_3
5916 - OpenCL, Linear2D, bs_32x32, padding_0, pixelPerThread_1
6661 - OpenCL, Linear2D, bs_512x2, padding_512, pixelPerThread_2
11241 - OpenCL, Array2D, LocalMemory, bs_64x8, padding_160, pixelPerThread_2
8676 - OpenCL, Array2D, bs_32x8, padding_320, pixelPerThread_1
4856 - OpenCL, Linear1D, LocalMemory, bs_128x2, padding_224, pixelPerThread_1
11100 - OpenCL, Array2D, LocalMemory, bs_32x4, padding_128, pixelPerThread_1
4447 - OpenCL, Linear1D, LocalMemory, bs_32x16, padding_192, pixelPerThread_4
7816 - OpenCL, Linear2D, LocalMemory, bs_128x4, padding_512, pixelPerThread_1
4565 - OpenCL, Linear1D, LocalMemory, bs_64x1, padding_64, pixelPerThread_2
25290 - CUDA, Array2D, LocalMemory, bs_1024x1, padding_480, pixelPerThread_3
6856 - OpenCL, Linear2D, bs_32x4, padding_448, pixelPerThread_1
8813 - OpenCL, Array2D, bs_32x32, padding_320, pixelPerThread_2
10859 - OpenCL, Array2D, LocalMemory, bs_512x1, padding_352, pixelPerThread_4
3338 - OpenCL, Linear1D, bs_128x1, padding_32, pixelPerThread_3
10960 - OpenCL, Array2D, LocalMemory, bs_1024x1, padding_96, pixelPerThread_1
23508 - CUDA, Array2D, bs_128x4, padding_384, pixelPerThread_1
13447 - OpenCL, Ldg, LocalMemory, bs_128x2, padding_384, pixelPerThread_4
5492 - OpenCL, Linear1D, LocalMemory, bs_64x2, padding_416, pixelPerThread_1
23431 - CUDA, Array2D, bs_128x2, padding_288, pixelPerThread_4
25659 - CUDA, Array2D, LocalMemory, bs_256x2, padding_160, pixelPerThread_4
7738 - OpenCL, Linear2D, LocalMemory, bs_128x2, padding_416, pixelPerThread_3
27922 - CUDA, Ldg, LocalMemory, bs_256x4, padding_320, pixelPerThread_3
5678 - OpenCL, Linear1D, LocalMemory, bs_256x2, padding_256, pixelPerThread_3
19483 - CUDA, Linear1D, LocalMemory, bs_512x2, padding_256, pixelPerThread_4
3470 - OpenCL, Linear1D, bs_128x4, padding_0, pixelPerThread_3
12268 - OpenCL, Ldg, bs_512x1, padding_224, pixelPerThread_1
25681 - CUDA, Array2D, LocalMemory, bs_256x2, padding_352, pixelPerThread_2
4080 - OpenCL, Linear1D, bs_64x8, padding_0, pixelPerThread_1
2901 - OpenCL, Linear1D, bs_32x1, padding_352, pixelPerThread_2
8308 - OpenCL, Linear2D, LocalMemory, bs_64x2, padding_96, pixelPerThread_1
7912 - OpenCL, Linear2D, LocalMemory, bs_256x4, padding_192, pixelPerThread_1
9197 - OpenCL, Array2D, bs_128x4, padding_128, pixelPerThread_2
10810 - OpenCL, Array2D, LocalMemory, bs_256x4, padding_512, pixelPerThread_3
14241 - OpenCL, Ldg, LocalMemory, bs_256x2, padding_224, pixelPerThread_2
23125 - CUDA, Array2D, bs_64x1, padding_32, pixelPerThread_2
12021 - OpenCL, Ldg, bs_128x2, padding_416, pixelPerThread_2
7724 - OpenCL, Linear2D, LocalMemory, bs_128x2, padding_320, pixelPerThread_1
10239 - OpenCL, Array2D, LocalMemory, bs_32x32, padding_288, pixelPerThread_4
9693 - OpenCL, Array2D, bs_32x4, padding_288, pixelPerThread_2
8591 - OpenCL, Array2D, bs_32x1, padding_160, pixelPerThread_4
12852 - OpenCL, Ldg, LocalMemory, bs_32x1, padding_0, pixelPerThread_1
6540 - OpenCL, Linear2D, bs_512x1, padding_96, pixelPerThread_1
3385 - OpenCL, Linear1D, bs_128x1, padding_416, pixelPerThread_2
25105 - CUDA, Array2D, LocalMemory, bs_512x1, padding_96, pixelPerThread_2
13738 - OpenCL, Ldg, LocalMemory, bs_512x2, padding_0, pixelPerThread_3
12371 - OpenCL, Ldg, bs_512x2, padding_480, pixelPerThread_4
4103 - OpenCL, Linear1D, bs_64x8, padding_160, pixelPerThread_4
24747 - CUDA, Array2D, LocalMemory, bs_64x16, padding_480, pixelPerThread_4
12387 - OpenCL, Ldg, bs_1024x1, padding_64, pixelPerThread_4
3237 - OpenCL, Linear1D, bs_64x4, padding_320, pixelPerThread_2
5139 - OpenCL, Linear1D, LocalMemory, bs_512x1, padding_288, pixelPerThread_4
14121 - OpenCL, Ldg, LocalMemory, bs_64x8, padding_352, pixelPerThread_2
24854 - CUDA, Array2D, LocalMemory, bs_128x2, padding_256, pixelPerThread_3
7109 - OpenCL, Linear2D, bs_256x2, padding_288, pixelPerThread_2
27842 - CUDA, Ldg, LocalMemory, bs_128x8, padding_224, pixelPerThread_3
12336 - OpenCL, Ldg, bs_512x2, padding_224, pixelPerThread_1
13173 - OpenCL, Ldg, LocalMemory, bs_64x1, padding_384, pixelPerThread_2
9817 - OpenCL, Array2D, bs_64x8, padding_192, pixelPerThread_2
8562 - OpenCL, Linear2D, LocalMemory, bs_256x2, padding_480, pixelPerThread_3
5079 - OpenCL, Linear1D, LocalMemory, bs_256x4, padding_352, pixelPerThread_4
3352 - OpenCL, Linear1D, bs_128x1, padding_160, pixelPerThread_1
22870 - CUDA, Array2D, bs_32x1, padding_160, pixelPerThread_3
10061 - OpenCL, Array2D, LocalMemory, bs_32x1, padding_512, pixelPerThread_2
23620 - CUDA, Array2D, bs_256x4, padding_192, pixelPerThread_1
7425 - OpenCL, Linear2D, LocalMemory, bs_64x1, padding_96, pixelPerThread_2
5882 - OpenCL, Linear2D, bs_32x16, padding_256, pixelPerThread_3
12638 - OpenCL, Ldg, bs_64x2, padding_448, pixelPerThread_3
23613 - CUDA, Array2D, bs_256x4, padding_128, pixelPerThread_2
12914 - OpenCL, Ldg, LocalMemory, bs_32x1, padding_480, pixelPerThread_3
8658 - OpenCL, Array2D, bs_32x8, padding_160, pixelPerThread_3
13944 - OpenCL, Ldg, LocalMemory, bs_32x4, padding_32, pixelPerThread_1
11346 - OpenCL, Array2D, LocalMemory, bs_256x1, padding_448, pixelPerThread_3
23977 - CUDA, Array2D, bs_32x4, padding_320, pixelPerThread_2
24859 - CUDA, Array2D, LocalMemory, bs_128x2, padding_288, pixelPerThread_4
24341 - CUDA, Array2D, LocalMemory, bs_32x1, padding_512, pixelPerThread_2
3809 - OpenCL, Linear1D, bs_1024x1, padding_0, pixelPerThread_2
9034 - OpenCL, Array2D, bs_64x16, padding_448, pixelPerThread_3
10240 - OpenCL, Array2D, LocalMemory, bs_32x32, padding_320, pixelPerThread_1
23774 - CUDA, Array2D, bs_512x2, padding_320, pixelPerThread_3
23637 - CUDA, Array2D, bs_256x4, padding_320, pixelPerThread_2
10467 - OpenCL, Array2D, LocalMemory, bs_64x16, padding_480, pixelPerThread_4
2964 - OpenCL, Linear1D, bs_32x8, padding_320, pixelPerThread_1
6309 - OpenCL, Linear2D, bs_128x2, padding_416, pixelPerThread_2
3611 - OpenCL, Linear1D, bs_256x4, padding_32, pixelPerThread_4
6620 - OpenCL, Linear2D, bs_512x2, padding_192, pixelPerThread_1
25205 - CUDA, Array2D, LocalMemory, bs_512x2, padding_352, pixelPerThread_2
13731 - OpenCL, Ldg, LocalMemory, bs_512x1, padding_480, pixelPerThread_4
9583 - OpenCL, Array2D, bs_1024x1, padding_480, pixelPerThread_4
3914 - OpenCL, Linear1D, bs_32x2, padding_288, pixelPerThread_3
3944 - OpenCL, Linear1D, bs_32x4, padding_0, pixelPerThread_1
9007 - OpenCL, Array2D, bs_64x16, padding_224, pixelPerThread_4
7507 - OpenCL, Linear2D, LocalMemory, bs_64x4, padding_192, pixelPerThread_4
11661 - OpenCL, Ldg, bs_32x32, padding_256, pixelPerThread_2
4469 - OpenCL, Linear1D, LocalMemory, bs_32x16, padding_384, pixelPerThread_2
27843 - CUDA, Ldg, LocalMemory, bs_128x8, padding_224, pixelPerThread_4
7589 - OpenCL, Linear2D, LocalMemory, bs_64x16, padding_320, pixelPerThread_2
13103 - OpenCL, Ldg, LocalMemory, bs_32x32, padding_352, pixelPerThread_4
8969 - OpenCL, Array2D, bs_64x4, padding_480, pixelPerThread_2
3905 - OpenCL, Linear1D, bs_32x2, padding_224, pixelPerThread_2
11495 - OpenCL, Ldg, bs_32x8, padding_0, pixelPerThread_4
9934 - OpenCL, Array2D, bs_256x2, padding_32, pixelPerThread_3
3278 - OpenCL, Linear1D, bs_64x16, padding_96, pixelPerThread_3
7127 - OpenCL, Linear2D, bs_256x2, padding_416, pixelPerThread_4
3619 - OpenCL, Linear1D, bs_256x4, padding_96, pixelPerThread_4
24881 - CUDA, Array2D, LocalMemory, bs_128x2, padding_480, pixelPerThread_2
22415 - CUDA, Linear2D, LocalMemory, bs_1024x1, padding_320, pixelPerThread_4
8465 - OpenCL, Linear2D, LocalMemory, bs_256x1, padding_256, pixelPerThread_2
8326 - OpenCL, Linear2D, LocalMemory, bs_64x2, padding_224, pixelPerThread_3
5537 - OpenCL, Linear1D, LocalMemory, bs_64x8, padding_224, pixelPerThread_2
12407 - OpenCL, Ldg, bs_1024x1, padding_224, pixelPerThread_4
23605 - CUDA, Array2D, bs_256x4, padding_64, pixelPerThread_2
7586 - OpenCL, Linear2D, LocalMemory, bs_64x16, padding_288, pixelPerThread_3
7863 - OpenCL, Linear2D, LocalMemory, bs_128x8, padding_320, pixelPerThread_4
10307 - OpenCL, Array2D, LocalMemory, bs_64x1, padding_288, pixelPerThread_4
11864 - OpenCL, Ldg, bs_64x16, padding_256, pixelPerThread_1
4974 - OpenCL, Linear1D, LocalMemory, bs_128x8, padding_64, pixelPerThread_3
14259 - OpenCL, Ldg, LocalMemory, bs_256x2, padding_352, pixelPerThread_4
2151 - OpenCL, LocalMemory, bs_128x8, padding_320, pixelPerThread_4
24377 - CUDA, Array2D, LocalMemory, bs_32x8, padding_256, pixelPerThread_2
6814 - OpenCL, Linear2D, bs_32x4, padding_96, pixelPerThread_3
7887 - OpenCL, Linear2D, LocalMemory, bs_128x8, padding_512, pixelPerThread_4
12726 - OpenCL, Ldg, bs_256x1, padding_64, pixelPerThread_3
1879 - OpenCL, LocalMemory, bs_64x16, padding_320, pixelPerThread_4
2401 - OpenCL, LocalMemory, bs_1024x1, padding_160, pixelPerThread_2
5501 - OpenCL, Linear1D, LocalMemory, bs_64x2, padding_480, pixelPerThread_2
24302 - CUDA, Array2D, LocalMemory, bs_32x1, padding_192, pixelPerThread_3
11841 - OpenCL, Ldg, bs_64x16, padding_64, pixelPerThread_2
3334 - OpenCL, Linear1D, bs_128x1, padding_0, pixelPerThread_3
25152 - CUDA, Array2D, LocalMemory, bs_512x1, padding_480, pixelPerThread_1
16455 - CUDA, LocalMemory, bs_128x8, padding_512, pixelPerThread_4
11028 - OpenCL, Array2D, LocalMemory, bs_32x2, padding_96, pixelPerThread_1
4238 - OpenCL, Linear1D, bs_256x2, padding_160, pixelPerThread_3
12812 - OpenCL, Ldg, bs_256x2, padding_224, pixelPerThread_1
10963 - OpenCL, Array2D, LocalMemory, bs_1024x1, padding_96, pixelPerThread_4
4959 - OpenCL, Linear1D, LocalMemory, bs_128x4, padding_480, pixelPerThread_4
8217 - OpenCL, Linear2D, LocalMemory, bs_32x2, padding_448, pixelPerThread_2
4799 - OpenCL, Linear1D, LocalMemory, bs_128x1, padding_288, pixelPerThread_4
12648 - OpenCL, Ldg, bs_64x8, padding_0, pixelPerThread_1
19019 - CUDA, Linear1D, LocalMemory, bs_64x16, padding_352, pixelPerThread_4
10878 - OpenCL, Array2D, LocalMemory, bs_512x1, padding_512, pixelPerThread_3
5185 - OpenCL, Linear1D, LocalMemory, bs_512x2, padding_128, pixelPerThread_2
2362 - OpenCL, LocalMemory, bs_512x2, padding_384, pixelPerThread_3
1639 - OpenCL, LocalMemory, bs_32x32, padding_32, pixelPerThread_4
10089 - OpenCL, Array2D, LocalMemory, bs_32x8, padding_192, pixelPerThread_2
25465 - CUDA, Array2D, LocalMemory, bs_64x2, padding_256, pixelPerThread_2
25588 - CUDA, Array2D, LocalMemory, bs_256x1, padding_160, pixelPerThread_1
8629 - OpenCL, Array2D, bs_32x1, padding_480, pixelPerThread_2
6781 - OpenCL, Linear2D, bs_32x2, padding_384, pixelPerThread_2
7766 - OpenCL, Linear2D, LocalMemory, bs_128x4, padding_96, pixelPerThread_3
11646 - OpenCL, Ldg, bs_32x32, padding_128, pixelPerThread_3
10416 - OpenCL, Array2D, LocalMemory, bs_64x16, padding_96, pixelPerThread_1
3706 - OpenCL, Linear1D, bs_512x1, padding_256, pixelPerThread_3
19502 - CUDA, Linear1D, LocalMemory, bs_512x2, padding_416, pixelPerThread_3
10648 - OpenCL, Array2D, LocalMemory, bs_128x4, padding_320, pixelPerThread_1
13208 - OpenCL, Ldg, LocalMemory, bs_64x4, padding_128, pixelPerThread_1
5936 - OpenCL, Linear2D, bs_32x32, padding_160, pixelPerThread_1
10103 - OpenCL, Array2D, LocalMemory, bs_32x8, padding_288, pixelPerThread_4
11577 - OpenCL, Ldg, bs_32x16, padding_128, pixelPerThread_2
5778 - OpenCL, Linear2D, bs_32x1, padding_512, pixelPerThread_3
7592 - OpenCL, Linear2D, LocalMemory, bs_64x16, padding_352, pixelPerThread_1
3319 - OpenCL, Linear1D, bs_64x16, padding_416, pixelPerThread_4
12096 - OpenCL, Ldg, bs_128x4, padding_480, pixelPerThread_1
7893 - OpenCL, Linear2D, LocalMemory, bs_256x4, padding_32, pixelPerThread_2
7510 - OpenCL, Linear2D, LocalMemory, bs_64x4, padding_224, pixelPerThread_3
5874 - OpenCL, Linear2D, bs_32x16, padding_192, pixelPerThread_3
12238 - OpenCL, Ldg, bs_256x4, padding_512, pixelPerThread_3
5032 - OpenCL, Linear1D, LocalMemory, bs_256x4, padding_0, pixelPerThread_1
3111 - OpenCL, Linear1D, bs_32x32, padding_384, pixelPerThread_4
3126 - OpenCL, Linear1D, bs_32x32, padding_512, pixelPerThread_3
6829 - OpenCL, Linear2D, bs_32x4, padding_224, pixelPerThread_2
3649 - OpenCL, Linear1D, bs_256x4, padding_352, pixelPerThread_2
5077 - OpenCL, Linear1D, LocalMemory, bs_256x4, padding_352, pixelPerThread_2
23622 - CUDA, Array2D, bs_256x4, padding_192, pixelPerThread_3
7019 - OpenCL, Linear2D, bs_256x1, padding_96, pixelPerThread_4
7720 - OpenCL, Linear2D, LocalMemory, bs_128x2, padding_288, pixelPerThread_1
24750 - CUDA, Array2D, LocalMemory, bs_64x16, padding_512, pixelPerThread_3
19529 - CUDA, Linear1D, LocalMemory, bs_1024x1, padding_96, pixelPerThread_2
10984 - OpenCL, Array2D, LocalMemory, bs_1024x1, padding_288, pixelPerThread_1
8037 - OpenCL, Linear2D, LocalMemory, bs_512x2, padding_96, pixelPerThread_2
4446 - OpenCL, Linear1D, LocalMemory, bs_32x16, padding_192, pixelPerThread_3
11735 - OpenCL, Ldg, bs_64x1, padding_288, pixelPerThread_4
6207 - OpenCL, Linear2D, bs_128x1, padding_128, pixelPerThread_4
7177 - OpenCL, Linear2D, LocalMemory, bs_32x1, padding_288, pixelPerThread_2
11609 - OpenCL, Ldg, bs_32x16, padding_384, pixelPerThread_2
12134 - OpenCL, Ldg, bs_128x8, padding_224, pixelPerThread_3
22872 - CUDA, Array2D, bs_32x1, padding_192, pixelPerThread_1
4773 - OpenCL, Linear1D, LocalMemory, bs_128x1, padding_96, pixelPerThread_2
13757 - OpenCL, Ldg, LocalMemory, bs_512x2, padding_160, pixelPerThread_2
13232 - OpenCL, Ldg, LocalMemory, bs_64x4, padding_320, pixelPerThread_1
8176 - OpenCL, Linear2D, LocalMemory, bs_32x2, padding_128, pixelPerThread_1
3273 - OpenCL, Linear1D, bs_64x16, padding_64, pixelPerThread_2
7927 - OpenCL, Linear2D, LocalMemory, bs_256x4, padding_288, pixelPerThread_4
4300 - OpenCL, Linear1D, LocalMemory, bs_32x1, padding_128, pixelPerThread_1
22226 - CUDA, Linear2D, LocalMemory, bs_256x4, padding_448, pixelPerThread_3
12530 - OpenCL, Ldg, bs_32x4, padding_128, pixelPerThread_3
3502 - OpenCL, Linear1D, bs_128x4, padding_256, pixelPerThread_3
19038 - CUDA, Linear1D, LocalMemory, bs_64x16, padding_512, pixelPerThread_3
12217 - OpenCL, Ldg, bs_256x4, padding_352, pixelPerThread_2
10146 - OpenCL, Array2D, LocalMemory, bs_32x16, padding_96, pixelPerThread_3
25085 - CUDA, Array2D, LocalMemory, bs_256x4, padding_480, pixelPerThread_2
3023 - OpenCL, Linear1D, bs_32x16, padding_224, pixelPerThread_4
4200 - OpenCL, Linear1D, bs_256x1, padding_416, pixelPerThread_1
24731 - CUDA, Array2D, LocalMemory, bs_64x16, padding_352, pixelPerThread_4
11852 - OpenCL, Ldg, bs_64x16, padding_160, pixelPerThread_1
9868 - OpenCL, Array2D, bs_256x1, padding_64, pixelPerThread_1
12012 - OpenCL, Ldg, bs_128x2, padding_352, pixelPerThread_1
5504 - OpenCL, Linear1D, LocalMemory, bs_64x2, padding_512, pixelPerThread_1
23047 - CUDA, Array2D, bs_32x16, padding_480, pixelPerThread_4
5942 - OpenCL, Linear2D, bs_32x32, padding_192, pixelPerThread_3
16719 - CUDA, LocalMemory, bs_1024x1, padding_448, pixelPerThread_4
12211 - OpenCL, Ldg, bs_256x4, padding_288, pixelPerThread_4
3057 - OpenCL, Linear1D, bs_32x16, padding_512, pixelPerThread_2
8993 - OpenCL, Array2D, bs_64x16, padding_128, pixelPerThread_2
22961 - CUDA, Array2D, bs_32x8, padding_352, pixelPerThread_2
10023 - OpenCL, Array2D, LocalMemory, bs_32x1, padding_192, pixelPerThread_4
13261 - OpenCL, Ldg, LocalMemory, bs_64x16, padding_0, pixelPerThread_2
23245 - CUDA, Array2D, bs_64x4, padding_448, pixelPerThread_2
12001 - OpenCL, Ldg, bs_128x2, padding_256, pixelPerThread_2
9556 - OpenCL, Array2D, bs_1024x1, padding_288, pixelPerThread_1
24883 - CUDA, Array2D, LocalMemory, bs_128x2, padding_480, pixelPerThread_4
11418 - OpenCL, Array2D, LocalMemory, bs_256x2, padding_480, pixelPerThread_3
10484 - OpenCL, Array2D, LocalMemory, bs_128x1, padding_96, pixelPerThread_1
22991 - CUDA, Array2D, bs_32x16, padding_32, pixelPerThread_4
24326 - CUDA, Array2D, LocalMemory, bs_32x1, padding_384, pixelPerThread_3
10082 - OpenCL, Array2D, LocalMemory, bs_32x8, padding_128, pixelPerThread_3
4473 - OpenCL, Linear1D, LocalMemory, bs_32x16, padding_416, pixelPerThread_2
3453 - OpenCL, Linear1D, bs_128x2, padding_416, pixelPerThread_2
13198 - OpenCL, Ldg, LocalMemory, bs_64x4, padding_32, pixelPerThread_3
5254 - OpenCL, Linear1D, LocalMemory, bs_1024x1, padding_128, pixelPerThread_3
7716 - OpenCL, Linear2D, LocalMemory, bs_128x2, padding_256, pixelPerThread_1
7020 - OpenCL, Linear2D, bs_256x1, padding_128, pixelPerThread_1
5986 - OpenCL, Linear2D, bs_64x1, padding_0, pixelPerThread_3
5300 - OpenCL, Linear1D, LocalMemory, bs_1024x1, padding_512, pixelPerThread_1
4119 - OpenCL, Linear1D, bs_64x8, padding_288, pixelPerThread_4
8475 - OpenCL, Linear2D, LocalMemory, bs_256x1, padding_320, pixelPerThread_4
12879 - OpenCL, Ldg, LocalMemory, bs_32x1, padding_192, pixelPerThread_4
2945 - OpenCL, Linear1D, bs_32x8, padding_160, pixelPerThread_2
25223 - CUDA, Array2D, LocalMemory, bs_512x2, padding_480, pixelPerThread_4
4819 - OpenCL, Linear1D, LocalMemory, bs_128x1, padding_448, pixelPerThread_4
22210 - CUDA, Linear2D, LocalMemory, bs_256x4, padding_320, pixelPerThread_3
25286 - CUDA, Array2D, LocalMemory, bs_1024x1, padding_448, pixelPerThread_3
23040 - CUDA, Array2D, bs_32x16, padding_448, pixelPerThread_1
24079 - CUDA, Array2D, bs_64x8, padding_32, pixelPerThread_4
4319 - OpenCL, Linear1D, LocalMemory, bs_32x1, padding_256, pixelPerThread_4
7433 - OpenCL, Linear2D, LocalMemory, bs_64x1, padding_160, pixelPerThread_2
22423 - CUDA, Linear2D, LocalMemory, bs_1024x1, padding_384, pixelPerThread_4
10310 - OpenCL, Array2D, LocalMemory, bs_64x1, padding_320, pixelPerThread_3
25067 - CUDA, Array2D, LocalMemory, bs_256x4, padding_320, pixelPerThread_4
7031 - OpenCL, Linear2D, bs_256x1, padding_192, pixelPerThread_4
23145 - CUDA, Array2D, bs_64x1, padding_192, pixelPerThread_2
11127 - OpenCL, Array2D, LocalMemory, bs_32x4, padding_320, pixelPerThread_4
11751 - OpenCL, Ldg, bs_64x1, padding_416, pixelPerThread_4
4827 - OpenCL, Linear1D, LocalMemory, bs_128x1, padding_512, pixelPerThread_4
24001 - CUDA, Array2D, bs_32x4, padding_512, pixelPerThread_2
11743 - OpenCL, Ldg, bs_64x1, padding_352, pixelPerThread_4
2175 - OpenCL, LocalMemory, bs_128x8, padding_512, pixelPerThread_4
7263 - OpenCL, Linear2D, LocalMemory, bs_32x8, padding_416, pixelPerThread_4
4571 - OpenCL, Linear1D, LocalMemory, bs_64x1, padding_96, pixelPerThread_4
23334 - CUDA, Array2D, bs_128x1, padding_64, pixelPerThread_3
6194 - OpenCL, Linear2D, bs_128x1, padding_32, pixelPerThread_3
16471 - CUDA, LocalMemory, bs_256x4, padding_96, pixelPerThread_4
9734 - OpenCL, Array2D, bs_64x2, padding_64, pixelPerThread_3
3397 - OpenCL, Linear1D, bs_128x1, padding_512, pixelPerThread_2
3217 - OpenCL, Linear1D, bs_64x4, padding_160, pixelPerThread_2
4663 - OpenCL, Linear1D, LocalMemory, bs_64x4, padding_288, pixelPerThread_4
23550 - CUDA, Array2D, bs_128x8, padding_160, pixelPerThread_3
14101 - OpenCL, Ldg, LocalMemory, bs_64x8, padding_192, pixelPerThread_2
9533 - OpenCL, Array2D, bs_1024x1, padding_96, pixelPerThread_2
7477 - OpenCL, Linear2D, LocalMemory, bs_64x1, padding_512, pixelPerThread_2
25283 - CUDA, Array2D, LocalMemory, bs_1024x1, padding_416, pixelPerThread_4
8052 - OpenCL, Linear2D, LocalMemory, bs_512x2, padding_224, pixelPerThread_1
12664 - OpenCL, Ldg, bs_64x8, padding_128, pixelPerThread_1
9484 - OpenCL, Array2D, bs_512x2, padding_256, pixelPerThread_1
21635 - CUDA, Linear2D, LocalMemory, bs_32x32, padding_64, pixelPerThread_4
3288 - OpenCL, Linear1D, bs_64x16, padding_192, pixelPerThread_1
23111 - CUDA, Array2D, bs_32x32, padding_448, pixelPerThread_4
5202 - OpenCL, Linear1D, LocalMemory, bs_512x2, padding_256, pixelPerThread_3
3424 - OpenCL, Linear1D, bs_128x2, padding_192, pixelPerThread_1
25483 - CUDA, Array2D, LocalMemory, bs_64x2, padding_384, pixelPerThread_4
2861 - OpenCL, Linear1D, bs_32x1, padding_32, pixelPerThread_2
8838 - OpenCL, Array2D, bs_32x32, padding_512, pixelPerThread_3
3629 - OpenCL, Linear1D, bs_256x4, padding_192, pixelPerThread_2
8396 - OpenCL, Linear2D, LocalMemory, bs_64x8, padding_256, pixelPerThread_1
23215 - CUDA, Array2D, bs_64x4, padding_192, pixelPerThread_4
23652 - CUDA, Array2D, bs_256x4, padding_448, pixelPerThread_1
8147 - OpenCL, Linear2D, LocalMemory, bs_1024x1, padding_416, pixelPerThread_4
7079 - OpenCL, Linear2D, bs_256x2, padding_32, pixelPerThread_4
10239 - OpenCL, Array2D, LocalMemory, bs_32x32, padding_288, pixelPerThread_4
19379 - CUDA, Linear1D, LocalMemory, bs_256x4, padding_512, pixelPerThread_4
10539 - OpenCL, Array2D, LocalMemory, bs_128x1, padding_512, pixelPerThread_4
25079 - CUDA, Array2D, LocalMemory, bs_256x4, padding_416, pixelPerThread_4
10670 - OpenCL, Array2D, LocalMemory, bs_128x4, padding_480, pixelPerThread_3
5558 - OpenCL, Linear1D, LocalMemory, bs_64x8, padding_384, pixelPerThread_3
2906 - OpenCL, Linear1D, bs_32x1, padding_384, pixelPerThread_3
23269 - CUDA, Array2D, bs_64x16, padding_96, pixelPerThread_2
4532 - OpenCL, Linear1D, LocalMemory, bs_32x32, padding_352, pixelPerThread_1
6294 - OpenCL, Linear2D, bs_128x2, padding_288, pixelPerThread_3
24471 - CUDA, Array2D, LocalMemory, bs_32x16, padding_448, pixelPerThread_4
10604 - OpenCL, Array2D, LocalMemory, bs_128x2, padding_512, pixelPerThread_1
5705 - OpenCL, Linear1D, LocalMemory, bs_256x2, padding_480, pixelPerThread_2
12821 - OpenCL, Ldg, bs_256x2, padding_288, pixelPerThread_2
7818 - OpenCL, Linear2D, LocalMemory, bs_128x4, padding_512, pixelPerThread_3
12959 - OpenCL, Ldg, LocalMemory, bs_32x8, padding_288, pixelPerThread_4
21635 - CUDA, Linear2D, LocalMemory, bs_32x32, padding_64, pixelPerThread_4
2942 - OpenCL, Linear1D, bs_32x8, padding_128, pixelPerThread_3
12871 - OpenCL, Ldg, LocalMemory, bs_32x1, padding_128, pixelPerThread_4
16631 - CUDA, LocalMemory, bs_512x2, padding_288, pixelPerThread_4
6104 - OpenCL, Linear2D, bs_64x4, padding_416, pixelPerThread_1
12079 - OpenCL, Ldg, bs_128x4, padding_320, pixelPerThread_4
6342 - OpenCL, Linear2D, bs_128x4, padding_128, pixelPerThread_3
11974 - OpenCL, Ldg, bs_128x2, padding_32, pixelPerThread_3
14044 - OpenCL, Ldg, LocalMemory, bs_64x2, padding_288, pixelPerThread_1
9199 - OpenCL, Array2D, bs_128x4, padding_128, pixelPerThread_4
12235 - OpenCL, Ldg, bs_256x4, padding_480, pixelPerThread_4
25035 - CUDA, Array2D, LocalMemory, bs_256x4, padding_64, pixelPerThread_4
13190 - OpenCL, Ldg, LocalMemory, bs_64x1, padding_512, pixelPerThread_3
13762 - OpenCL, Ldg, LocalMemory, bs_512x2, padding_192, pixelPerThread_3
9647 - OpenCL, Array2D, bs_32x2, padding_448, pixelPerThread_4
8045 - OpenCL, Linear2D, LocalMemory, bs_512x2, padding_160, pixelPerThread_2
12119 - OpenCL, Ldg, bs_128x8, padding_96, pixelPerThread_4
13450 - OpenCL, Ldg, LocalMemory, bs_128x2, padding_416, pixelPerThread_3
19562 - CUDA, Linear1D, LocalMemory, bs_1024x1, padding_352, pixelPerThread_3
9049 - OpenCL, Array2D, bs_128x1, padding_32, pixelPerThread_2
23606 - CUDA, Array2D, bs_256x4, padding_64, pixelPerThread_3
11901 - OpenCL, Ldg, bs_128x1, padding_0, pixelPerThread_2
25396 - CUDA, Array2D, LocalMemory, bs_32x4, padding_256, pixelPerThread_1
9372 - OpenCL, Array2D, bs_256x4, padding_448, pixelPerThread_1
4429 - OpenCL, Linear1D, LocalMemory, bs_32x16, padding_64, pixelPerThread_2
14051 - OpenCL, Ldg, LocalMemory, bs_64x2, padding_320, pixelPerThread_4
2867 - OpenCL, Linear1D, bs_32x1, padding_64, pixelPerThread_4
7097 - OpenCL, Linear2D, bs_256x2, padding_192, pixelPerThread_2
11526 - OpenCL, Ldg, bs_32x8, padding_256, pixelPerThread_3
13621 - OpenCL, Ldg, LocalMemory, bs_256x4, padding_160, pixelPerThread_2
22399 - CUDA, Linear2D, LocalMemory, bs_1024x1, padding_192, pixelPerThread_4
10309 - OpenCL, Array2D, LocalMemory, bs_64x1, padding_320, pixelPerThread_2
13350 - OpenCL, Ldg, LocalMemory, bs_128x1, padding_160, pixelPerThread_3
9399 - OpenCL, Array2D, bs_512x1, padding_96, pixelPerThread_4
24038 - CUDA, Array2D, bs_64x2, padding_256, pixelPerThread_3
24225 - CUDA, Array2D, bs_256x2, padding_128, pixelPerThread_2
6983 - OpenCL, Linear2D, bs_64x8, padding_352, pixelPerThread_4
7867 - OpenCL, Linear2D, LocalMemory, bs_128x8, padding_352, pixelPerThread_4
9358 - OpenCL, Array2D, bs_256x4, padding_320, pixelPerThread_3
3527 - OpenCL, Linear1D, bs_128x4, padding_448, pixelPerThread_4
13394 - OpenCL, Ldg, LocalMemory, bs_128x1, padding_512, pixelPerThread_3
11835 - OpenCL, Ldg, bs_64x16, padding_0, pixelPerThread_4
14081 - OpenCL, Ldg, LocalMemory, bs_64x8, padding_32, pixelPerThread_2
3568 - OpenCL, Linear1D, bs_128x8, padding_256, pixelPerThread_1
9009 - OpenCL, Array2D, bs_64x16, padding_256, pixelPerThread_2
3818 - OpenCL, Linear1D, bs_1024x1, padding_64, pixelPerThread_3
12963 - OpenCL, Ldg, LocalMemory, bs_32x8, padding_320, pixelPerThread_4
6263 - OpenCL, Linear2D, bs_128x2, padding_32, pixelPerThread_4
6780 - OpenCL, Linear2D, bs_32x2, padding_384, pixelPerThread_1
25078 - CUDA, Array2D, LocalMemory, bs_256x4, padding_416, pixelPerThread_3
3140 - OpenCL, Linear1D, bs_64x1, padding_96, pixelPerThread_1
13207 - OpenCL, Ldg, LocalMemory, bs_64x4, padding_96, pixelPerThread_4
10212 - OpenCL, Array2D, LocalMemory, bs_32x32, padding_96, pixelPerThread_1
13570 - OpenCL, Ldg, LocalMemory, bs_128x8, padding_288, pixelPerThread_3
9145 - OpenCL, Array2D, bs_128x2, padding_256, pixelPerThread_2
4918 - OpenCL, Linear1D, LocalMemory, bs_128x4, padding_160, pixelPerThread_3
5806 - OpenCL, Linear2D, bs_32x8, padding_192, pixelPerThread_3
7568 - OpenCL, Linear2D, LocalMemory, bs_64x16, padding_160, pixelPerThread_1
6740 - OpenCL, Linear2D, bs_32x2, padding_64, pixelPerThread_1
4341 - OpenCL, Linear1D, LocalMemory, bs_32x1, padding_448, pixelPerThread_2
11075 - OpenCL, Array2D, LocalMemory, bs_32x2, padding_448, pixelPerThread_4
23071 - CUDA, Array2D, bs_32x32, padding_128, pixelPerThread_4
4502 - OpenCL, Linear1D, LocalMemory, bs_32x32, padding_96, pixelPerThread_3
5645 - OpenCL, Linear1D, LocalMemory, bs_256x2, padding_0, pixelPerThread_2
24213 - CUDA, Array2D, bs_256x2, padding_32, pixelPerThread_2
10353 - OpenCL, Array2D, LocalMemory, bs_64x4, padding_128, pixelPerThread_2
3868 - OpenCL, Linear1D, bs_1024x1, padding_480, pixelPerThread_1
7235 - OpenCL, Linear2D, LocalMemory, bs_32x8, padding_192, pixelPerThread_4
9120 - OpenCL, Array2D, bs_128x2, padding_64, pixelPerThread_1
16686 - CUDA, LocalMemory, bs_1024x1, padding_192, pixelPerThread_3
8784 - OpenCL, Array2D, bs_32x32, padding_96, pixelPerThread_1
12061 - OpenCL, Ldg, bs_128x4, padding_192, pixelPerThread_2
8333 - OpenCL, Linear2D, LocalMemory, bs_64x2, padding_288, pixelPerThread_2
5605 - OpenCL, Linear1D, LocalMemory, bs_256x1, padding_224, pixelPerThread_2
5797 - OpenCL, Linear2D, bs_32x8, padding_128, pixelPerThread_2
3188 - OpenCL, Linear1D, bs_64x1, padding_480, pixelPerThread_1
24960 - CUDA, Array2D, LocalMemory, bs_128x8, padding_32, pixelPerThread_1
8866 - OpenCL, Array2D, bs_64x1, padding_192, pixelPerThread_3
23739 - CUDA, Array2D, bs_512x2, padding_32, pixelPerThread_4
9912 - OpenCL, Array2D, bs_256x1, padding_416, pixelPerThread_1
10586 - OpenCL, Array2D, LocalMemory, bs_128x2, padding_352, pixelPerThread_3
3485 - OpenCL, Linear1D, bs_128x4, padding_128, pixelPerThread_2
4715 - OpenCL, Linear1D, LocalMemory, bs_64x16, padding_160, pixelPerThread_4
4154 - OpenCL, Linear1D, bs_256x1, padding_32, pixelPerThread_3
11295 - OpenCL, Array2D, LocalMemory, bs_256x1, padding_32, pixelPerThread_4
10646 - OpenCL, Array2D, LocalMemory, bs_128x4, padding_288, pixelPerThread_3
5003 - OpenCL, Linear1D, LocalMemory, bs_128x8, padding_288, pixelPerThread_4
9238 - OpenCL, Array2D, bs_128x4, padding_448, pixelPerThread_3
12045 - OpenCL, Ldg, bs_128x4, padding_64, pixelPerThread_2
24466 - CUDA, Array2D, LocalMemory, bs_32x16, padding_416, pixelPerThread_3
11270 - OpenCL, Array2D, LocalMemory, bs_64x8, padding_384, pixelPerThread_3
8089 - OpenCL, Linear2D, LocalMemory, bs_512x2, padding_512, pixelPerThread_2
12969 - OpenCL, Ldg, LocalMemory, bs_32x8, padding_384, pixelPerThread_2
11345 - OpenCL, Array2D, LocalMemory, bs_256x1, padding_448, pixelPerThread_2
12355 - OpenCL, Ldg, bs_512x2, padding_352, pixelPerThread_4
13014 - OpenCL, Ldg, LocalMemory, bs_32x16, padding_192, pixelPerThread_3
6613 - OpenCL, Linear2D, bs_512x2, padding_128, pixelPerThread_2
3986 - OpenCL, Linear1D, bs_32x4, padding_320, pixelPerThread_3
25338 - CUDA, Array2D, LocalMemory, bs_32x2, padding_320, pixelPerThread_3
8149 - OpenCL, Linear2D, LocalMemory, bs_1024x1, padding_448, pixelPerThread_2
4740 - OpenCL, Linear1D, LocalMemory, bs_64x16, padding_384, pixelPerThread_1
7977 - OpenCL, Linear2D, LocalMemory, bs_512x1, padding_160, pixelPerThread_2
5635 - OpenCL, Linear1D, LocalMemory, bs_256x1, padding_448, pixelPerThread_4
12532 - OpenCL, Ldg, bs_32x4, padding_160, pixelPerThread_1
11315 - OpenCL, Array2D, LocalMemory, bs_256x1, padding_192, pixelPerThread_4
6583 - OpenCL, Linear2D, bs_512x1, padding_416, pixelPerThread_4
11546 - OpenCL, Ldg, bs_32x8, padding_416, pixelPerThread_3
6410 - OpenCL, Linear2D, bs_128x8, padding_128, pixelPerThread_3
6510 - OpenCL, Linear2D, bs_256x4, padding_384, pixelPerThread_3
8973 - OpenCL, Array2D, bs_64x4, padding_512, pixelPerThread_2
7282 - OpenCL, Linear2D, LocalMemory, bs_32x16, padding_32, pixelPerThread_3
10769 - OpenCL, Array2D, LocalMemory, bs_256x4, padding_192, pixelPerThread_2
3481 - OpenCL, Linear1D, bs_128x4, padding_96, pixelPerThread_2
14107 - OpenCL, Ldg, LocalMemory, bs_64x8, padding_224, pixelPerThread_4
8959 - OpenCL, Array2D, bs_64x4, padding_384, pixelPerThread_4
4032 - OpenCL, Linear1D, bs_64x2, padding_160, pixelPerThread_1
25088 - CUDA, Array2D, LocalMemory, bs_256x4, padding_512, pixelPerThread_1
5144 - OpenCL, Linear1D, LocalMemory, bs_512x1, padding_352, pixelPerThread_1
4529 - OpenCL, Linear1D, LocalMemory, bs_32x32, padding_320, pixelPerThread_2
8798 - OpenCL, Array2D, bs_32x32, padding_192, pixelPerThread_3
9558 - OpenCL, Array2D, bs_1024x1, padding_288, pixelPerThread_3
7304 - OpenCL, Linear2D, LocalMemory, bs_32x16, padding_224, pixelPerThread_1
5635 - OpenCL, Linear1D, LocalMemory, bs_256x1, padding_448, pixelPerThread_4
14154 - OpenCL, Ldg, LocalMemory, bs_256x1, padding_64, pixelPerThread_3
3682 - OpenCL, Linear1D, bs_512x1, padding_64, pixelPerThread_3
12374 - OpenCL, Ldg, bs_512x2, padding_512, pixelPerThread_3
11753 - OpenCL, Ldg, bs_64x1, padding_448, pixelPerThread_2
6504 - OpenCL, Linear2D, bs_256x4, padding_352, pixelPerThread_1
9632 - OpenCL, Array2D, bs_32x2, padding_352, pixelPerThread_1
23521 - CUDA, Array2D, bs_128x4, padding_480, pixelPerThread_2
9786 - OpenCL, Array2D, bs_64x2, padding_480, pixelPerThread_3
4126 - OpenCL, Linear1D, bs_64x8, padding_352, pixelPerThread_3
9692 - OpenCL, Array2D, bs_32x4, padding_288, pixelPerThread_1
16175 - CUDA, LocalMemory, bs_64x16, padding_448, pixelPerThread_4
4275 - OpenCL, Linear1D, bs_256x2, padding_448, pixelPerThread_4
24632 - CUDA, Array2D, LocalMemory, bs_64x4, padding_128, pixelPerThread_1
9542 - OpenCL, Array2D, bs_1024x1, padding_160, pixelPerThread_3
24656 - CUDA, Array2D, LocalMemory, bs_64x4, padding_320, pixelPerThread_1
7777 - OpenCL, Linear2D, LocalMemory, bs_128x4, padding_192, pixelPerThread_2
7987 - OpenCL, Linear2D, LocalMemory, bs_512x1, padding_224, pixelPerThread_4
7935 - OpenCL, Linear2D, LocalMemory, bs_256x4, padding_352, pixelPerThread_4
13757 - OpenCL, Ldg, LocalMemory, bs_512x2, padding_160, pixelPerThread_2
4474 - OpenCL, Linear1D, LocalMemory, bs_32x16, padding_416, pixelPerThread_3
12597 - OpenCL, Ldg, bs_64x2, padding_128, pixelPerThread_2
9411 - OpenCL, Array2D, bs_512x1, padding_192, pixelPerThread_4
6924 - OpenCL, Linear2D, bs_64x2, padding_448, pixelPerThread_1
6045 - OpenCL, Linear2D, bs_64x1, padding_480, pixelPerThread_2
11921 - OpenCL, Ldg, bs_128x1, padding_160, pixelPerThread_2
5258 - OpenCL, Linear1D, LocalMemory, bs_1024x1, padding_160, pixelPerThread_3
10397 - OpenCL, Array2D, LocalMemory, bs_64x4, padding_480, pixelPerThread_2
11107 - OpenCL, Array2D, LocalMemory, bs_32x4, padding_160, pixelPerThread_4
8792 - OpenCL, Array2D, bs_32x32, padding_160, pixelPerThread_1
10217 - OpenCL, Array2D, LocalMemory, bs_32x32, padding_128, pixelPerThread_2
8513 - OpenCL, Linear2D, LocalMemory, bs_256x2, padding_96, pixelPerThread_2
10452 - OpenCL, Array2D, LocalMemory, bs_64x16, padding_384, pixelPerThread_1
12960 - OpenCL, Ldg, LocalMemory, bs_32x8, padding_320, pixelPerThread_1
3335 - OpenCL, Linear1D, bs_128x1, padding_0, pixelPerThread_4
13805 - OpenCL, Ldg, LocalMemory, bs_1024x1, padding_0, pixelPerThread_2
8187 - OpenCL, Linear2D, LocalMemory, bs_32x2, padding_192, pixelPerThread_4
6569 - OpenCL, Linear2D, bs_512x1, padding_320, pixelPerThread_2
5215 - OpenCL, Linear1D, LocalMemory, bs_512x2, padding_352, pixelPerThread_4
3183 - OpenCL, Linear1D, bs_64x1, padding_416, pixelPerThread_4
5606 - OpenCL, Linear1D, LocalMemory, bs_256x1, padding_224, pixelPerThread_3
9808 - OpenCL, Array2D, bs_64x8, padding_128, pixelPerThread_1
19347 - CUDA, Linear1D, LocalMemory, bs_256x4, padding_256, pixelPerThread_4
28109 - CUDA, Ldg, LocalMemory, bs_1024x1, padding_192, pixelPerThread_2
8962 - OpenCL, Array2D, bs_64x4, padding_416, pixelPerThread_3
12270 - OpenCL, Ldg, bs_512x1, padding_224, pixelPerThread_3
14258 - OpenCL, Ldg, LocalMemory, bs_256x2, padding_352, pixelPerThread_3
25440 - CUDA, Array2D, LocalMemory, bs_64x2, padding_64, pixelPerThread_1
4965 - OpenCL, Linear1D, LocalMemory, bs_128x8, padding_0, pixelPerThread_2
8740 - OpenCL, Array2D, bs_32x16, padding_288, pixelPerThread_1
25010 - CUDA, Array2D, LocalMemory, bs_128x8, padding_416, pixelPerThread_3
3588 - OpenCL, Linear1D, bs_128x8, padding_416, pixelPerThread_1
13120 - OpenCL, Ldg, LocalMemory, bs_32x32, padding_512, pixelPerThread_1
23445 - CUDA, Array2D, bs_128x2, padding_416, pixelPerThread_2
11308 - OpenCL, Array2D, LocalMemory, bs_256x1, padding_160, pixelPerThread_1
5182 - OpenCL, Linear1D, LocalMemory, bs_512x2, padding_96, pixelPerThread_3
23049 - CUDA, Array2D, bs_32x16, padding_512, pixelPerThread_2
23961 - CUDA, Array2D, bs_32x4, padding_192, pixelPerThread_2
10858 - OpenCL, Array2D, LocalMemory, bs_512x1, padding_352, pixelPerThread_3
5873 - OpenCL, Linear2D, bs_32x16, padding_192, pixelPerThread_2
10668 - OpenCL, Array2D, LocalMemory, bs_128x4, padding_480, pixelPerThread_1
28111 - CUDA, Ldg, LocalMemory, bs_1024x1, padding_192, pixelPerThread_4
22167 - CUDA, Linear2D, LocalMemory, bs_128x8, padding_512, pixelPerThread_4
2886 - OpenCL, Linear1D, bs_32x1, padding_224, pixelPerThread_3
7910 - OpenCL, Linear2D, LocalMemory, bs_256x4, padding_160, pixelPerThread_3
10826 - OpenCL, Array2D, LocalMemory, bs_512x1, padding_96, pixelPerThread_3
27359 - CUDA, Ldg, LocalMemory, bs_32x32, padding_160, pixelPerThread_4
11307 - OpenCL, Array2D, LocalMemory, bs_256x1, padding_128, pixelPerThread_4
12070 - OpenCL, Ldg, bs_128x4, padding_256, pixelPerThread_3
23003 - CUDA, Array2D, bs_32x16, padding_128, pixelPerThread_4
9156 - OpenCL, Array2D, bs_128x2, padding_352, pixelPerThread_1
16721 - CUDA, LocalMemory, bs_1024x1, padding_480, pixelPerThread_2
5291 - OpenCL, Linear1D, LocalMemory, bs_1024x1, padding_416, pixelPerThread_4
24468 - CUDA, Array2D, LocalMemory, bs_32x16, padding_448, pixelPerThread_1
9075 - OpenCL, Array2D, bs_128x1, padding_224, pixelPerThread_4
6374 - OpenCL, Linear2D, bs_128x4, padding_384, pixelPerThread_3
12149 - OpenCL, Ldg, bs_128x8, padding_352, pixelPerThread_2
19554 - CUDA, Linear1D, LocalMemory, bs_1024x1, padding_288, pixelPerThread_3
8788 - OpenCL, Array2D, bs_32x32, padding_128, pixelPerThread_1
10103 - OpenCL, Array2D, LocalMemory, bs_32x8, padding_288, pixelPerThread_4
11533 - OpenCL, Ldg, bs_32x8, padding_320, pixelPerThread_2
13305 - OpenCL, Ldg, LocalMemory, bs_64x16, padding_352, pixelPerThread_2
9377 - OpenCL, Array2D, bs_256x4, padding_480, pixelPerThread_2
27366 - CUDA, Ldg, LocalMemory, bs_32x32, padding_224, pixelPerThread_3
11374 - OpenCL, Array2D, LocalMemory, bs_256x2, padding_128, pixelPerThread_3
11616 - OpenCL, Ldg, bs_32x16, padding_448, pixelPerThread_1
10365 - OpenCL, Array2D, LocalMemory, bs_64x4, padding_224, pixelPerThread_2
25029 - CUDA, Array2D, LocalMemory, bs_256x4, padding_32, pixelPerThread_2
9068 - OpenCL, Array2D, bs_128x1, padding_192, pixelPerThread_1
11390 - OpenCL, Array2D, LocalMemory, bs_256x2, padding_256, pixelPerThread_3
27394 - CUDA, Ldg, LocalMemory, bs_32x32, padding_448, pixelPerThread_3
24656 - CUDA, Array2D, LocalMemory, bs_64x4, padding_320, pixelPerThread_1
7756 - OpenCL, Linear2D, LocalMemory, bs_128x4, padding_32, pixelPerThread_1
25285 - CUDA, Array2D, LocalMemory, bs_1024x1, padding_448, pixelPerThread_2
25110 - CUDA, Array2D, LocalMemory, bs_512x1, padding_128, pixelPerThread_3
23673 - CUDA, Array2D, bs_512x1, padding_64, pixelPerThread_2
14214 - OpenCL, Ldg, LocalMemory, bs_256x2, padding_0, pixelPerThread_3
6265 - OpenCL, Linear2D, bs_128x2, padding_64, pixelPerThread_2
6312 - OpenCL, Linear2D, bs_128x2, padding_448, pixelPerThread_1
3847 - OpenCL, Linear1D, bs_1024x1, padding_288, pixelPerThread_4
23280 - CUDA, Array2D, bs_64x16, padding_192, pixelPerThread_1
6485 - OpenCL, Linear2D, bs_256x4, padding_192, pixelPerThread_2
13094 - OpenCL, Ldg, LocalMemory, bs_32x32, padding_288, pixelPerThread_3
6328 - OpenCL, Linear2D, bs_128x4, padding_32, pixelPerThread_1
11109 - OpenCL, Array2D, LocalMemory, bs_32x4, padding_192, pixelPerThread_2
4797 - OpenCL, Linear1D, LocalMemory, bs_128x1, padding_288, pixelPerThread_2
13275 - OpenCL, Ldg, LocalMemory, bs_64x16, padding_96, pixelPerThread_4
3080 - OpenCL, Linear1D, bs_32x32, padding_160, pixelPerThread_1
8164 - OpenCL, Linear2D, LocalMemory, bs_32x2, padding_32, pixelPerThread_1
7193 - OpenCL, Linear2D, LocalMemory, bs_32x1, padding_416, pixelPerThread_2
23354 - CUDA, Array2D, bs_128x1, padding_224, pixelPerThread_3
5145 - OpenCL, Linear1D, LocalMemory, bs_512x1, padding_352, pixelPerThread_2
9609 - OpenCL, Array2D, bs_32x2, padding_160, pixelPerThread_2
5020 - OpenCL, Linear1D, LocalMemory, bs_128x8, padding_448, pixelPerThread_1
14244 - OpenCL, Ldg, LocalMemory, bs_256x2, padding_256, pixelPerThread_1
12652 - OpenCL, Ldg, bs_64x8, padding_32, pixelPerThread_1
23960 - CUDA, Array2D, bs_32x4, padding_192, pixelPerThread_1
4099 - OpenCL, Linear1D, bs_64x8, padding_128, pixelPerThread_4
8493 - OpenCL, Linear2D, LocalMemory, bs_256x1, padding_480, pixelPerThread_2
22174 - CUDA, Linear2D, LocalMemory, bs_256x4, padding_32, pixelPerThread_3
13432 - OpenCL, Ldg, LocalMemory, bs_128x2, padding_288, pixelPerThread_1
16163 - CUDA, LocalMemory, bs_64x16, padding_352, pixelPerThread_4
23152 - CUDA, Array2D, bs_64x1, padding_256, pixelPerThread_1
16669 - CUDA, LocalMemory, bs_1024x1, padding_64, pixelPerThread_2
12616 - OpenCL, Ldg, bs_64x2, padding_288, pixelPerThread_1
8824 - OpenCL, Array2D, bs_32x32, padding_416, pixelPerThread_1
13163 - OpenCL, Ldg, LocalMemory, bs_64x1, padding_288, pixelPerThread_4
12578 - OpenCL, Ldg, bs_32x4, padding_512, pixelPerThread_3
8833 - OpenCL, Array2D, bs_32x32, padding_480, pixelPerThread_2
6803 - OpenCL, Linear2D, bs_32x4, padding_0, pixelPerThread_4
2958 - OpenCL, Linear1D, bs_32x8, padding_256, pixelPerThread_3
7173 - OpenCL, Linear2D, LocalMemory, bs_32x1, padding_256, pixelPerThread_2
11835 - OpenCL, Ldg, bs_64x16, padding_0, pixelPerThread_4
13022 - OpenCL, Ldg, LocalMemory, bs_32x16, padding_256, pixelPerThread_3
7021 - OpenCL, Linear2D, bs_256x1, padding_128, pixelPerThread_2
11470 - OpenCL, Ldg, bs_32x1, padding_352, pixelPerThread_3
9621 - OpenCL, Array2D, bs_32x2, padding_256, pixelPerThread_2
9036 - OpenCL, Array2D, bs_64x16, padding_480, pixelPerThread_1
4886 - OpenCL, Linear1D, LocalMemory, bs_128x2, padding_448, pixelPerThread_3
7052 - OpenCL, Linear2D, bs_256x1, padding_384, pixelPerThread_1
22391 - CUDA, Linear2D, LocalMemory, bs_1024x1, padding_128, pixelPerThread_4
23160 - CUDA, Array2D, bs_64x1, padding_320, pixelPerThread_1
7009 - OpenCL, Linear2D, bs_256x1, padding_32, pixelPerThread_2
24864 - CUDA, Array2D, LocalMemory, bs_128x2, padding_352, pixelPerThread_1
24496 - CUDA, Array2D, LocalMemory, bs_32x32, padding_128, pixelPerThread_1
12788 - OpenCL, Ldg, bs_256x2, padding_32, pixelPerThread_1
25671 - CUDA, Array2D, LocalMemory, bs_256x2, padding_256, pixelPerThread_4
8487 - OpenCL, Linear2D, LocalMemory, bs_256x1, padding_416, pixelPerThread_4
23136 - CUDA, Array2D, bs_64x1, padding_128, pixelPerThread_1
25590 - CUDA, Array2D, LocalMemory, bs_256x1, padding_160, pixelPerThread_3
5636 - OpenCL, Linear1D, LocalMemory, bs_256x1, padding_480, pixelPerThread_1
11285 - OpenCL, Array2D, LocalMemory, bs_64x8, padding_512, pixelPerThread_2
5478 - OpenCL, Linear1D, LocalMemory, bs_64x2, padding_288, pixelPerThread_3
2988 - OpenCL, Linear1D, bs_32x8, padding_512, pixelPerThread_1
11051 - OpenCL, Array2D, LocalMemory, bs_32x2, padding_256, pixelPerThread_4
8452 - OpenCL, Linear2D, LocalMemory, bs_256x1, padding_160, pixelPerThread_1
7370 - OpenCL, Linear2D, LocalMemory, bs_32x32, padding_192, pixelPerThread_3
7326 - OpenCL, Linear2D, LocalMemory, bs_32x16, padding_384, pixelPerThread_3
24056 - CUDA, Array2D, bs_64x2, padding_416, pixelPerThread_1
6541 - OpenCL, Linear2D, bs_512x1, padding_96, pixelPerThread_2
6448 - OpenCL, Linear2D, bs_128x8, padding_448, pixelPerThread_1
7632 - OpenCL, Linear2D, LocalMemory, bs_128x1, padding_128, pixelPerThread_1
7730 - OpenCL, Linear2D, LocalMemory, bs_128x2, padding_352, pixelPerThread_3
14233 - OpenCL, Ldg, LocalMemory, bs_256x2, padding_160, pixelPerThread_2
6653 - OpenCL, Linear2D, bs_512x2, padding_448, pixelPerThread_2
11236 - OpenCL, Array2D, LocalMemory, bs_64x8, padding_128, pixelPerThread_1
4534 - OpenCL, Linear1D, LocalMemory, bs_32x32, padding_352, pixelPerThread_3
24012 - CUDA, Array2D, bs_64x2, padding_64, pixelPerThread_1
12444 - OpenCL, Ldg, bs_32x2, padding_0, pixelPerThread_1
9185 - OpenCL, Array2D, bs_128x4, padding_32, pixelPerThread_2
24774 - CUDA, Array2D, LocalMemory, bs_128x1, padding_160, pixelPerThread_3
12300 - OpenCL, Ldg, bs_512x1, padding_480, pixelPerThread_1
22929 - CUDA, Array2D, bs_32x8, padding_96, pixelPerThread_2
9332 - OpenCL, Array2D, bs_256x4, padding_128, pixelPerThread_1
23841 - CUDA, Array2D, bs_1024x1, padding_320, pixelPerThread_2
11340 - OpenCL, Array2D, LocalMemory, bs_256x1, padding_416, pixelPerThread_1
13126 - OpenCL, Ldg, LocalMemory, bs_64x1, padding_0, pixelPerThread_3
24127 - CUDA, Array2D, bs_64x8, padding_416, pixelPerThread_4
12423 - OpenCL, Ldg, bs_1024x1, padding_352, pixelPerThread_4
12757 - OpenCL, Ldg, bs_256x1, padding_320, pixelPerThread_2
5648 - OpenCL, Linear1D, LocalMemory, bs_256x2, padding_32, pixelPerThread_1
6844 - OpenCL, Linear2D, bs_32x4, padding_352, pixelPerThread_1
4632 - OpenCL, Linear1D, LocalMemory, bs_64x4, padding_64, pixelPerThread_1
8795 - OpenCL, Array2D, bs_32x32, padding_160, pixelPerThread_4
6516 - OpenCL, Linear2D, bs_256x4, padding_448, pixelPerThread_1
12999 - OpenCL, Ldg, LocalMemory, bs_32x16, padding_64, pixelPerThread_4
23485 - CUDA, Array2D, bs_128x4, padding_192, pixelPerThread_2
24248 - CUDA, Array2D, bs_256x2, padding_320, pixelPerThread_1
4154 - OpenCL, Linear1D, bs_256x1, padding_32, pixelPerThread_3
11755 - OpenCL, Ldg, bs_64x1, padding_448, pixelPerThread_4
12171 - OpenCL, Ldg, bs_128x8, padding_512, pixelPerThread_4
9272 - OpenCL, Array2D, bs_128x8, padding_192, pixelPerThread_1
9881 - OpenCL, Array2D, bs_256x1, padding_160, pixelPerThread_2
8322 - OpenCL, Linear2D, LocalMemory, bs_64x2, padding_192, pixelPerThread_3
7406 - OpenCL, Linear2D, LocalMemory, bs_32x32, padding_480, pixelPerThread_3
28085 - CUDA, Ldg, LocalMemory, bs_1024x1, padding_0, pixelPerThread_2
13264 - OpenCL, Ldg, LocalMemory, bs_64x16, padding_32, pixelPerThread_1
13973 - OpenCL, Ldg, LocalMemory, bs_32x4, padding_256, pixelPerThread_2
24152 - CUDA, Array2D, bs_256x1, padding_96, pixelPerThread_1
11589 - OpenCL, Ldg, bs_32x16, padding_224, pixelPerThread_2
25598 - CUDA, Array2D, LocalMemory, bs_256x1, padding_224, pixelPerThread_3
12743 - OpenCL, Ldg, bs_256x1, padding_192, pixelPerThread_4
3537 - OpenCL, Linear1D, bs_128x8, padding_0, pixelPerThread_2
5508 - OpenCL, Linear1D, LocalMemory, bs_64x8, padding_0, pixelPerThread_1
6001 - OpenCL, Linear2D, bs_64x1, padding_128, pixelPerThread_2
21678 - CUDA, Linear2D, LocalMemory, bs_32x32, padding_416, pixelPerThread_3
5166 - OpenCL, Linear1D, LocalMemory, bs_512x1, padding_512, pixelPerThread_3
7015 - OpenCL, Linear2D, bs_256x1, padding_64, pixelPerThread_4
4823 - OpenCL, Linear1D, LocalMemory, bs_128x1, padding_480, pixelPerThread_4
5535 - OpenCL, Linear1D, LocalMemory, bs_64x8, padding_192, pixelPerThread_4
6958 - OpenCL, Linear2D, bs_64x8, padding_160, pixelPerThread_3
7084 - OpenCL, Linear2D, bs_256x2, padding_96, pixelPerThread_1
4156 - OpenCL, Linear1D, bs_256x1, padding_64, pixelPerThread_1
5760 - OpenCL, Linear2D, bs_32x1, padding_384, pixelPerThread_1
7132 - OpenCL, Linear2D, bs_256x2, padding_480, pixelPerThread_1
8603 - OpenCL, Array2D, bs_32x1, padding_256, pixelPerThread_4
4021 - OpenCL, Linear1D, bs_64x2, padding_64, pixelPerThread_2
11505 - OpenCL, Ldg, bs_32x8, padding_96, pixelPerThread_2
23163 - CUDA, Array2D, bs_64x1, padding_320, pixelPerThread_4
6663 - OpenCL, Linear2D, bs_512x2, padding_512, pixelPerThread_4
3270 - OpenCL, Linear1D, bs_64x16, padding_32, pixelPerThread_3
3155 - OpenCL, Linear1D, bs_64x1, padding_192, pixelPerThread_4
12595 - OpenCL, Ldg, bs_64x2, padding_96, pixelPerThread_4
23623 - CUDA, Array2D, bs_256x4, padding_192, pixelPerThread_4
23841 - CUDA, Array2D, bs_1024x1, padding_320, pixelPerThread_2
24255 - CUDA, Array2D, bs_256x2, padding_352, pixelPerThread_4
23216 - CUDA, Array2D, bs_64x4, padding_224, pixelPerThread_1
9728 - OpenCL, Array2D, bs_64x2, padding_32, pixelPerThread_1
6161 - OpenCL, Linear2D, bs_64x16, padding_320, pixelPerThread_2
7187 - OpenCL, Linear2D, LocalMemory, bs_32x1, padding_352, pixelPerThread_4
24793 - CUDA, Array2D, LocalMemory, bs_128x1, padding_320, pixelPerThread_2
5189 - OpenCL, Linear1D, LocalMemory, bs_512x2, padding_160, pixelPerThread_2
3929 - OpenCL, Linear1D, bs_32x2, padding_416, pixelPerThread_2
25415 - CUDA, Array2D, LocalMemory, bs_32x4, padding_384, pixelPerThread_4
9093 - OpenCL, Array2D, bs_128x1, padding_384, pixelPerThread_2
10479 - OpenCL, Array2D, LocalMemory, bs_128x1, padding_32, pixelPerThread_4
11437 - OpenCL, Ldg, bs_32x1, padding_96, pixelPerThread_2
13947 - OpenCL, Ldg, LocalMemory, bs_32x4, padding_32, pixelPerThread_4
4038 - OpenCL, Linear1D, bs_64x2, padding_192, pixelPerThread_3
22853 - CUDA, Array2D, bs_32x1, padding_32, pixelPerThread_2
7933 - OpenCL, Linear2D, LocalMemory, bs_256x4, padding_352, pixelPerThread_2
5663 - OpenCL, Linear1D, LocalMemory, bs_256x2, padding_128, pixelPerThread_4
24851 - CUDA, Array2D, LocalMemory, bs_128x2, padding_224, pixelPerThread_4
5312 - OpenCL, Linear1D, LocalMemory, bs_32x2, padding_64, pixelPerThread_1
3029 - OpenCL, Linear1D, bs_32x16, padding_288, pixelPerThread_2
10601 - OpenCL, Array2D, LocalMemory, bs_128x2, padding_480, pixelPerThread_2
5120 - OpenCL, Linear1D, LocalMemory, bs_512x1, padding_160, pixelPerThread_1
3310 - OpenCL, Linear1D, bs_64x16, padding_352, pixelPerThread_3
16654 - CUDA, LocalMemory, bs_512x2, padding_480, pixelPerThread_3
8539 - OpenCL, Linear2D, LocalMemory, bs_256x2, padding_288, pixelPerThread_4
23267 - CUDA, Array2D, bs_64x16, padding_64, pixelPerThread_4
6397 - OpenCL, Linear2D, bs_128x8, padding_32, pixelPerThread_2
6545 - OpenCL, Linear2D, bs_512x1, padding_128, pixelPerThread_2
10304 - OpenCL, Array2D, LocalMemory, bs_64x1, padding_288, pixelPerThread_1
6508 - OpenCL, Linear2D, bs_256x4, padding_384, pixelPerThread_1
7934 - OpenCL, Linear2D, LocalMemory, bs_256x4, padding_352, pixelPerThread_3
12380 - OpenCL, Ldg, bs_1024x1, padding_32, pixelPerThread_1
16666 - CUDA, LocalMemory, bs_1024x1, padding_32, pixelPerThread_3
8898 - OpenCL, Array2D, bs_64x1, padding_448, pixelPerThread_3
24275 - CUDA, Array2D, bs_256x2, padding_512, pixelPerThread_4
23542 - CUDA, Array2D, bs_128x8, padding_96, pixelPerThread_3
3738 - OpenCL, Linear1D, bs_512x1, padding_512, pixelPerThread_3
3747 - OpenCL, Linear1D, bs_512x2, padding_32, pixelPerThread_4
23635 - CUDA, Array2D, bs_256x4, padding_288, pixelPerThread_4
25102 - CUDA, Array2D, LocalMemory, bs_512x1, padding_64, pixelPerThread_3
5783 - OpenCL, Linear2D, bs_32x8, padding_0, pixelPerThread_4
5407 - OpenCL, Linear1D, LocalMemory, bs_32x4, padding_256, pixelPerThread_4
3214 - OpenCL, Linear1D, bs_64x4, padding_128, pixelPerThread_3
12563 - OpenCL, Ldg, bs_32x4, padding_384, pixelPerThread_4
13054 - OpenCL, Ldg, LocalMemory, bs_32x16, padding_512, pixelPerThread_3
13267 - OpenCL, Ldg, LocalMemory, bs_64x16, padding_32, pixelPerThread_4
21678 - CUDA, Linear2D, LocalMemory, bs_32x32, padding_416, pixelPerThread_3
23831 - CUDA, Array2D, bs_1024x1, padding_224, pixelPerThread_4
19490 - CUDA, Linear1D, LocalMemory, bs_512x2, padding_320, pixelPerThread_3
11473 - OpenCL, Ldg, bs_32x1, padding_384, pixelPerThread_2
10167 - OpenCL, Array2D, LocalMemory, bs_32x16, padding_256, pixelPerThread_4
12823 - OpenCL, Ldg, bs_256x2, padding_288, pixelPerThread_4
5203 - OpenCL, Linear1D, LocalMemory, bs_512x2, padding_256, pixelPerThread_4
19529 - CUDA, Linear1D, LocalMemory, bs_1024x1, padding_96, pixelPerThread_2
11752 - OpenCL, Ldg, bs_64x1, padding_448, pixelPerThread_1
9855 - OpenCL, Array2D, bs_64x8, padding_480, pixelPerThread_4
24496 - CUDA, Array2D, LocalMemory, bs_32x32, padding_128, pixelPerThread_1
23165 - CUDA, Array2D, bs_64x1, padding_352, pixelPerThread_2
3886 - OpenCL, Linear1D, bs_32x2, padding_64, pixelPerThread_3
10278 - OpenCL, Array2D, LocalMemory, bs_64x1, padding_64, pixelPerThread_3
19031 - CUDA, Linear1D, LocalMemory, bs_64x16, padding_448, pixelPerThread_4
5683 - OpenCL, Linear1D, LocalMemory, bs_256x2, padding_288, pixelPerThread_4
11712 - OpenCL, Ldg, bs_64x1, padding_128, pixelPerThread_1
10487 - OpenCL, Array2D, LocalMemory, bs_128x1, padding_96, pixelPerThread_4
10619 - OpenCL, Array2D, LocalMemory, bs_128x4, padding_64, pixelPerThread_4
8844 - OpenCL, Array2D, bs_64x1, padding_32, pixelPerThread_1
6457 - OpenCL, Linear2D, bs_128x8, padding_512, pixelPerThread_2
6957 - OpenCL, Linear2D, bs_64x8, padding_160, pixelPerThread_2
22397 - CUDA, Linear2D, LocalMemory, bs_1024x1, padding_192, pixelPerThread_2
3722 - OpenCL, Linear1D, bs_512x1, padding_384, pixelPerThread_3
10764 - OpenCL, Array2D, LocalMemory, bs_256x4, padding_160, pixelPerThread_1
6686 - OpenCL, Linear2D, bs_1024x1, padding_160, pixelPerThread_3
6131 - OpenCL, Linear2D, bs_64x16, padding_64, pixelPerThread_4
5262 - OpenCL, Linear1D, LocalMemory, bs_1024x1, padding_192, pixelPerThread_3
6971 - OpenCL, Linear2D, bs_64x8, padding_256, pixelPerThread_4
5213 - OpenCL, Linear1D, LocalMemory, bs_512x2, padding_352, pixelPerThread_2
24298 - CUDA, Array2D, LocalMemory, bs_32x1, padding_160, pixelPerThread_3
7865 - OpenCL, Linear2D, LocalMemory, bs_128x8, padding_352, pixelPerThread_2
9830 - OpenCL, Array2D, bs_64x8, padding_288, pixelPerThread_3
11065 - OpenCL, Array2D, LocalMemory, bs_32x2, padding_384, pixelPerThread_2
4483 - OpenCL, Linear1D, LocalMemory, bs_32x16, padding_480, pixelPerThread_4
11429 - OpenCL, Ldg, bs_32x1, padding_32, pixelPerThread_2
3443 - OpenCL, Linear1D, bs_128x2, padding_320, pixelPerThread_4
6932 - OpenCL, Linear2D, bs_64x2, padding_512, pixelPerThread_1
24513 - CUDA, Array2D, LocalMemory, bs_32x32, padding_256, pixelPerThread_2
2897 - OpenCL, Linear1D, bs_32x1, padding_320, pixelPerThread_2
12021 - OpenCL, Ldg, bs_128x2, padding_416, pixelPerThread_2
8554 - OpenCL, Linear2D, LocalMemory, bs_256x2, padding_416, pixelPerThread_3
6467 - OpenCL, Linear2D, bs_256x4, padding_32, pixelPerThread_4
3591 - OpenCL, Linear1D, bs_128x8, padding_416, pixelPerThread_4
12900 - OpenCL, Ldg, LocalMemory, bs_32x1, padding_384, pixelPerThread_1
13454 - OpenCL, Ldg, LocalMemory, bs_128x2, padding_448, pixelPerThread_3
9005 - OpenCL, Array2D, bs_64x16, padding_224, pixelPerThread_2
12467 - OpenCL, Ldg, bs_32x2, padding_160, pixelPerThread_4
12989 - OpenCL, Ldg, LocalMemory, bs_32x16, padding_0, pixelPerThread_2
13106 - OpenCL, Ldg, LocalMemory, bs_32x32, padding_384, pixelPerThread_3
14170 - OpenCL, Ldg, LocalMemory, bs_256x1, padding_192, pixelPerThread_3
8417 - OpenCL, Linear2D, LocalMemory, bs_64x8, padding_416, pixelPerThread_2
12567 - OpenCL, Ldg, bs_32x4, padding_416, pixelPerThread_4
6280 - OpenCL, Linear2D, bs_128x2, padding_192, pixelPerThread_1
10912 - OpenCL, Array2D, LocalMemory, bs_512x2, padding_256, pixelPerThread_1
7015 - OpenCL, Linear2D, bs_256x1, padding_64, pixelPerThread_4
12276 - OpenCL, Ldg, bs_512x1, padding_288, pixelPerThread_1
12292 - OpenCL, Ldg, bs_512x1, padding_416, pixelPerThread_1
13478 - OpenCL, Ldg, LocalMemory, bs_128x4, padding_96, pixelPerThread_3
4273 - OpenCL, Linear1D, bs_256x2, padding_448, pixelPerThread_2
16118 - CUDA, LocalMemory, bs_64x16, padding_0, pixelPerThread_3
24935 - CUDA, Array2D, LocalMemory, bs_128x4, padding_352, pixelPerThread_4
4013 - OpenCL, Linear1D, bs_64x2, padding_0, pixelPerThread_2
22386 - CUDA, Linear2D, LocalMemory, bs_1024x1, padding_96, pixelPerThread_3
3804 - OpenCL, Linear1D, bs_512x2, padding_512, pixelPerThread_1
5906 - OpenCL, Linear2D, bs_32x16, padding_448, pixelPerThread_3
5740 - OpenCL, Linear2D, bs_32x1, padding_224, pixelPerThread_1
12491 - OpenCL, Ldg, bs_32x2, padding_352, pixelPerThread_4
5814 - OpenCL, Linear2D, bs_32x8, padding_256, pixelPerThread_3
13701 - OpenCL, Ldg, LocalMemory, bs_512x1, padding_256, pixelPerThread_2
22981 - CUDA, Array2D, bs_32x8, padding_512, pixelPerThread_2
10978 - OpenCL, Array2D, LocalMemory, bs_1024x1, padding_224, pixelPerThread_3
9195 - OpenCL, Array2D, bs_128x4, padding_96, pixelPerThread_4
1878 - OpenCL, LocalMemory, bs_64x16, padding_320, pixelPerThread_3
23499 - CUDA, Array2D, bs_128x4, padding_288, pixelPerThread_4
23379 - CUDA, Array2D, bs_128x1, padding_416, pixelPerThread_4
3587 - OpenCL, Linear1D, bs_128x8, padding_384, pixelPerThread_4
11951 - OpenCL, Ldg, bs_128x1, padding_384, pixelPerThread_4
3522 - OpenCL, Linear1D, bs_128x4, padding_416, pixelPerThread_3
8655 - OpenCL, Array2D, bs_32x8, padding_128, pixelPerThread_4
5372 - OpenCL, Linear1D, LocalMemory, bs_32x4, padding_0, pixelPerThread_1
8960 - OpenCL, Array2D, bs_64x4, padding_416, pixelPerThread_1
24565 - CUDA, Array2D, LocalMemory, bs_64x1, padding_128, pixelPerThread_2
12051 - OpenCL, Ldg, bs_128x4, padding_96, pixelPerThread_4
25698 - CUDA, Array2D, LocalMemory, bs_256x2, padding_480, pixelPerThread_3
6536 - OpenCL, Linear2D, bs_512x1, padding_64, pixelPerThread_1
23769 - CUDA, Array2D, bs_512x2, padding_288, pixelPerThread_2
2417 - OpenCL, LocalMemory, bs_1024x1, padding_288, pixelPerThread_2
6651 - OpenCL, Linear2D, bs_512x2, padding_416, pixelPerThread_4
10558 - OpenCL, Array2D, LocalMemory, bs_128x2, padding_128, pixelPerThread_3
11471 - OpenCL, Ldg, bs_32x1, padding_352, pixelPerThread_4
12891 - OpenCL, Ldg, LocalMemory, bs_32x1, padding_288, pixelPerThread_4
23400 - CUDA, Array2D, bs_128x2, padding_64, pixelPerThread_1
8985 - OpenCL, Array2D, bs_64x16, padding_64, pixelPerThread_2
2319 - OpenCL, LocalMemory, bs_512x2, padding_32, pixelPerThread_4
3473 - OpenCL, Linear1D, bs_128x4, padding_32, pixelPerThread_2
6519 - OpenCL, Linear2D, bs_256x4, padding_448, pixelPerThread_4
8968 - OpenCL, Array2D, bs_64x4, padding_480, pixelPerThread_1
8328 - OpenCL, Linear2D, LocalMemory, bs_64x2, padding_256, pixelPerThread_1
4567 - OpenCL, Linear1D, LocalMemory, bs_64x1, padding_64, pixelPerThread_4
4779 - OpenCL, Linear1D, LocalMemory, bs_128x1, padding_128, pixelPerThread_4
13189 - OpenCL, Ldg, LocalMemory, bs_64x1, padding_512, pixelPerThread_2
12596 - OpenCL, Ldg, bs_64x2, padding_128, pixelPerThread_1
22853 - CUDA, Array2D, bs_32x1, padding_32, pixelPerThread_2
6669 - OpenCL, Linear2D, bs_1024x1, padding_32, pixelPerThread_2
24920 - CUDA, Array2D, LocalMemory, bs_128x4, padding_256, pixelPerThread_1
24419 - CUDA, Array2D, LocalMemory, bs_32x16, padding_32, pixelPerThread_4
14238 - OpenCL, Ldg, LocalMemory, bs_256x2, padding_192, pixelPerThread_3
25496 - CUDA, Array2D, LocalMemory, bs_64x2, padding_512, pixelPerThread_1
16454 - CUDA, LocalMemory, bs_128x8, padding_512, pixelPerThread_3
10828 - OpenCL, Array2D, LocalMemory, bs_512x1, padding_128, pixelPerThread_1
12376 - OpenCL, Ldg, bs_1024x1, padding_0, pixelPerThread_1
8276 - OpenCL, Linear2D, LocalMemory, bs_32x4, padding_384, pixelPerThread_1
22395 - CUDA, Linear2D, LocalMemory, bs_1024x1, padding_160, pixelPerThread_4
24542 - CUDA, Array2D, LocalMemory, bs_32x32, padding_480, pixelPerThread_3
23797 - CUDA, Array2D, bs_512x2, padding_512, pixelPerThread_2
12603 - OpenCL, Ldg, bs_64x2, padding_160, pixelPerThread_4
3062 - OpenCL, Linear1D, bs_32x32, padding_0, pixelPerThread_3
6052 - OpenCL, Linear2D, bs_64x4, padding_0, pixelPerThread_1
24650 - CUDA, Array2D, LocalMemory, bs_64x4, padding_256, pixelPerThread_3
4633 - OpenCL, Linear1D, LocalMemory, bs_64x4, padding_64, pixelPerThread_2
5779 - OpenCL, Linear2D, bs_32x1, padding_512, pixelPerThread_4
10314 - OpenCL, Array2D, LocalMemory, bs_64x1, padding_352, pixelPerThread_3
6127 - OpenCL, Linear2D, bs_64x16, padding_32, pixelPerThread_4
12625 - OpenCL, Ldg, bs_64x2, padding_352, pixelPerThread_2
5382 - OpenCL, Linear1D, LocalMemory, bs_32x4, padding_64, pixelPerThread_3
11764 - OpenCL, Ldg, bs_64x4, padding_0, pixelPerThread_1
7460 - OpenCL, Linear2D, LocalMemory, bs_64x1, padding_384, pixelPerThread_1
7227 - OpenCL, Linear2D, LocalMemory, bs_32x8, padding_128, pixelPerThread_4
24512 - CUDA, Array2D, LocalMemory, bs_32x32, padding_256, pixelPerThread_1
13452 - OpenCL, Ldg, LocalMemory, bs_128x2, padding_448, pixelPerThread_1
10943 - OpenCL, Array2D, LocalMemory, bs_512x2, padding_480, pixelPerThread_4
6595 - OpenCL, Linear2D, bs_512x1, padding_512, pixelPerThread_4
5382 - OpenCL, Linear1D, LocalMemory, bs_32x4, padding_64, pixelPerThread_3
23620 - CUDA, Array2D, bs_256x4, padding_192, pixelPerThread_1
12364 - OpenCL, Ldg, bs_512x2, padding_448, pixelPerThread_1
13672 - OpenCL, Ldg, LocalMemory, bs_512x1, padding_32, pixelPerThread_1
27603 - CUDA, Ldg, LocalMemory, bs_64x16, padding_480, pixelPerThread_4
6358 - OpenCL, Linear2D, bs_128x4, padding_256, pixelPerThread_3
2954 - OpenCL, Linear1D, bs_32x8, padding_224, pixelPerThread_3
4331 - OpenCL, Linear1D, LocalMemory, bs_32x1, padding_352, pixelPerThread_4
7576 - OpenCL, Linear2D, LocalMemory, bs_64x16, padding_224, pixelPerThread_1
7220 - OpenCL, Linear2D, LocalMemory, bs_32x8, padding_96, pixelPerThread_1
4789 - OpenCL, Linear1D, LocalMemory, bs_128x1, padding_224, pixelPerThread_2
22437 - CUDA, Linear2D, LocalMemory, bs_1024x1, padding_512, pixelPerThread_2
12494 - OpenCL, Ldg, bs_32x2, padding_384, pixelPerThread_3
10891 - OpenCL, Array2D, LocalMemory, bs_512x2, padding_64, pixelPerThread_4
3719 - OpenCL, Linear1D, bs_512x1, padding_352, pixelPerThread_4
6134 - OpenCL, Linear2D, bs_64x16, padding_96, pixelPerThread_3
7472 - OpenCL, Linear2D, LocalMemory, bs_64x1, padding_480, pixelPerThread_1
13079 - OpenCL, Ldg, LocalMemory, bs_32x32, padding_160, pixelPerThread_4
11649 - OpenCL, Ldg, bs_32x32, padding_160, pixelPerThread_2
7945 - OpenCL, Linear2D, LocalMemory, bs_256x4, padding_448, pixelPerThread_2
23423 - CUDA, Array2D, bs_128x2, padding_224, pixelPerThread_4
10839 - OpenCL, Array2D, LocalMemory, bs_512x1, padding_192, pixelPerThread_4
15942 - CUDA, LocalMemory, bs_32x32, padding_224, pixelPerThread_3
23216 - CUDA, Array2D, bs_64x4, padding_224, pixelPerThread_1
24387 - CUDA, Array2D, LocalMemory, bs_32x8, padding_320, pixelPerThread_4
14044 - OpenCL, Ldg, LocalMemory, bs_64x2, padding_288, pixelPerThread_1
8058 - OpenCL, Linear2D, LocalMemory, bs_512x2, padding_256, pixelPerThread_3
3633 - OpenCL, Linear1D, bs_256x4, padding_224, pixelPerThread_2
4358 - OpenCL, Linear1D, LocalMemory, bs_32x8, padding_32, pixelPerThread_3
9971 - OpenCL, Array2D, bs_256x2, padding_320, pixelPerThread_4
13585 - OpenCL, Ldg, LocalMemory, bs_128x8, padding_416, pixelPerThread_2
3503 - OpenCL, Linear1D, bs_128x4, padding_256, pixelPerThread_4
6229 - OpenCL, Linear2D, bs_128x1, padding_320, pixelPerThread_2
6200 - OpenCL, Linear2D, bs_128x1, padding_96, pixelPerThread_1
7589 - OpenCL, Linear2D, LocalMemory, bs_64x16, padding_320, pixelPerThread_2
7114 - OpenCL, Linear2D, bs_256x2, padding_320, pixelPerThread_3
13949 - OpenCL, Ldg, LocalMemory, bs_32x4, padding_64, pixelPerThread_2
8206 - OpenCL, Linear2D, LocalMemory, bs_32x2, padding_352, pixelPerThread_3
23509 - CUDA, Array2D, bs_128x4, padding_384, pixelPerThread_2
5400 - OpenCL, Linear1D, LocalMemory, bs_32x4, padding_224, pixelPerThread_1
6014 - OpenCL, Linear2D, bs_64x1, padding_224, pixelPerThread_3
13361 - OpenCL, Ldg, LocalMemory, bs_128x1, padding_256, pixelPerThread_2
7540 - OpenCL, Linear2D, LocalMemory, bs_64x4, padding_480, pixelPerThread_1
24186 - CUDA, Array2D, bs_256x1, padding_352, pixelPerThread_3
13759 - OpenCL, Ldg, LocalMemory, bs_512x2, padding_160, pixelPerThread_4
23570 - CUDA, Array2D, bs_128x8, padding_320, pixelPerThread_3
3107 - OpenCL, Linear1D, bs_32x32, padding_352, pixelPerThread_4
6181 - OpenCL, Linear2D, bs_64x16, padding_480, pixelPerThread_2
5130 - OpenCL, Linear1D, LocalMemory, bs_512x1, padding_224, pixelPerThread_3
4441 - OpenCL, Linear1D, LocalMemory, bs_32x16, padding_160, pixelPerThread_2
4639 - OpenCL, Linear1D, LocalMemory, bs_64x4, padding_96, pixelPerThread_4
6818 - OpenCL, Linear2D, bs_32x4, padding_128, pixelPerThread_3
8827 - OpenCL, Array2D, bs_32x32, padding_416, pixelPerThread_4
23997 - CUDA, Array2D, bs_32x4, padding_480, pixelPerThread_2
9266 - OpenCL, Array2D, bs_128x8, padding_128, pixelPerThread_3
5909 - OpenCL, Linear2D, bs_32x16, padding_480, pixelPerThread_2
22126 - CUDA, Linear2D, LocalMemory, bs_128x8, padding_192, pixelPerThread_3
6272 - OpenCL, Linear2D, bs_128x2, padding_128, pixelPerThread_1
14252 - OpenCL, Ldg, LocalMemory, bs_256x2, padding_320, pixelPerThread_1
11488 - OpenCL, Ldg, bs_32x1, padding_512, pixelPerThread_1
12130 - OpenCL, Ldg, bs_128x8, padding_192, pixelPerThread_3
11962 - OpenCL, Ldg, bs_128x1, padding_480, pixelPerThread_3
3103 - OpenCL, Linear1D, bs_32x32, padding_320, pixelPerThread_4
13196 - OpenCL, Ldg, LocalMemory, bs_64x4, padding_32, pixelPerThread_1
10049 - OpenCL, Array2D, LocalMemory, bs_32x1, padding_416, pixelPerThread_2
10574 - OpenCL, Array2D, LocalMemory, bs_128x2, padding_256, pixelPerThread_3
11218 - OpenCL, Array2D, LocalMemory, bs_64x2, padding_512, pixelPerThread_3
9962 - OpenCL, Array2D, bs_256x2, padding_256, pixelPerThread_3
25307 - CUDA, Array2D, LocalMemory, bs_32x2, padding_64, pixelPerThread_4
13643 - OpenCL, Ldg, LocalMemory, bs_256x4, padding_320, pixelPerThread_4
11218 - OpenCL, Array2D, LocalMemory, bs_64x2, padding_512, pixelPerThread_3
24324 - CUDA, Array2D, LocalMemory, bs_32x1, padding_384, pixelPerThread_1
5979 - OpenCL, Linear2D, bs_32x32, padding_480, pixelPerThread_4
23415 - CUDA, Array2D, bs_128x2, padding_160, pixelPerThread_4
11892 - OpenCL, Ldg, bs_64x16, padding_480, pixelPerThread_1
16726 - CUDA, LocalMemory, bs_1024x1, padding_512, pixelPerThread_3
4963 - OpenCL, Linear1D, LocalMemory, bs_128x4, padding_512, pixelPerThread_4
7598 - OpenCL, Linear2D, LocalMemory, bs_64x16, padding_384, pixelPerThread_3
3694 - OpenCL, Linear1D, bs_512x1, padding_160, pixelPerThread_3
22226 - CUDA, Linear2D, LocalMemory, bs_256x4, padding_448, pixelPerThread_3
12077 - OpenCL, Ldg, bs_128x4, padding_320, pixelPerThread_2
5117 - OpenCL, Linear1D, LocalMemory, bs_512x1, padding_128, pixelPerThread_2
4289 - OpenCL, Linear1D, LocalMemory, bs_32x1, padding_32, pixelPerThread_2
6698 - OpenCL, Linear2D, bs_1024x1, padding_256, pixelPerThread_3
25588 - CUDA, Array2D, LocalMemory, bs_256x1, padding_160, pixelPerThread_1
19022 - CUDA, Linear1D, LocalMemory, bs_64x16, padding_384, pixelPerThread_3
23727 - CUDA, Array2D, bs_512x1, padding_480, pixelPerThread_4
5777 - OpenCL, Linear2D, bs_32x1, padding_512, pixelPerThread_2
11139 - OpenCL, Array2D, LocalMemory, bs_32x4, padding_416, pixelPerThread_4
24457 - CUDA, Array2D, LocalMemory, bs_32x16, padding_352, pixelPerThread_2
2947 - OpenCL, Linear1D, bs_32x8, padding_160, pixelPerThread_4
24471 - CUDA, Array2D, LocalMemory, bs_32x16, padding_448, pixelPerThread_4
5238 - OpenCL, Linear1D, LocalMemory, bs_1024x1, padding_0, pixelPerThread_3
24971 - CUDA, Array2D, LocalMemory, bs_128x8, padding_96, pixelPerThread_4
