14083 - OpenCL, Ldg, LocalMemory, bs_64x8, padding_32, pixelPerThread_4
10079 - OpenCL, Array2D, LocalMemory, bs_32x8, padding_96, pixelPerThread_4
6492 - OpenCL, Linear2D, bs_256x4, padding_256, pixelPerThread_1
3786 - OpenCL, Linear1D, bs_512x2, padding_352, pixelPerThread_3
23132 - CUDA, Array2D, bs_64x1, padding_96, pixelPerThread_1
6859 - OpenCL, Linear2D, bs_32x4, padding_448, pixelPerThread_4
6994 - OpenCL, Linear2D, bs_64x8, padding_448, pixelPerThread_3
24998 - CUDA, Array2D, LocalMemory, bs_128x8, padding_320, pixelPerThread_3
14230 - OpenCL, Ldg, LocalMemory, bs_256x2, padding_128, pixelPerThread_3
25253 - CUDA, Array2D, LocalMemory, bs_1024x1, padding_192, pixelPerThread_2
3479 - OpenCL, Linear1D, bs_128x4, padding_64, pixelPerThread_4
19355 - CUDA, Linear1D, LocalMemory, bs_256x4, padding_320, pixelPerThread_4
24098 - CUDA, Array2D, bs_64x8, padding_192, pixelPerThread_3
13763 - OpenCL, Ldg, LocalMemory, bs_512x2, padding_192, pixelPerThread_4
9374 - OpenCL, Array2D, bs_256x4, padding_448, pixelPerThread_3
27842 - CUDA, Ldg, LocalMemory, bs_128x8, padding_224, pixelPerThread_3
8985 - OpenCL, Array2D, bs_64x16, padding_64, pixelPerThread_2
7852 - OpenCL, Linear2D, LocalMemory, bs_128x8, padding_256, pixelPerThread_1
13075 - OpenCL, Ldg, LocalMemory, bs_32x32, padding_128, pixelPerThread_4
10743 - OpenCL, Array2D, LocalMemory, bs_128x8, padding_512, pixelPerThread_4
11420 - OpenCL, Array2D, LocalMemory, bs_256x2, padding_512, pixelPerThread_1
10931 - OpenCL, Array2D, LocalMemory, bs_512x2, padding_384, pixelPerThread_4
11440 - OpenCL, Ldg, bs_32x1, padding_128, pixelPerThread_1
14112 - OpenCL, Ldg, LocalMemory, bs_64x8, padding_288, pixelPerThread_1
12990 - OpenCL, Ldg, LocalMemory, bs_32x16, padding_0, pixelPerThread_3
24691 - CUDA, Array2D, LocalMemory, bs_64x16, padding_32, pixelPerThread_4
5307 - OpenCL, Linear1D, LocalMemory, bs_32x2, padding_0, pixelPerThread_4
13894 - OpenCL, Ldg, LocalMemory, bs_32x2, padding_160, pixelPerThread_3
23136 - CUDA, Array2D, bs_64x1, padding_128, pixelPerThread_1
4484 - OpenCL, Linear1D, LocalMemory, bs_32x16, padding_512, pixelPerThread_1
24547 - CUDA, Array2D, LocalMemory, bs_32x32, padding_512, pixelPerThread_4
10692 - OpenCL, Array2D, LocalMemory, bs_128x8, padding_128, pixelPerThread_1
24295 - CUDA, Array2D, LocalMemory, bs_32x1, padding_128, pixelPerThread_4
4639 - OpenCL, Linear1D, LocalMemory, bs_64x4, padding_96, pixelPerThread_4
28123 - CUDA, Ldg, LocalMemory, bs_1024x1, padding_288, pixelPerThread_4
12444 - OpenCL, Ldg, bs_32x2, padding_0, pixelPerThread_1
14011 - OpenCL, Ldg, LocalMemory, bs_64x2, padding_0, pixelPerThread_4
23757 - CUDA, Array2D, bs_512x2, padding_192, pixelPerThread_2
11747 - OpenCL, Ldg, bs_64x1, padding_384, pixelPerThread_4
8687 - OpenCL, Array2D, bs_32x8, padding_384, pixelPerThread_4
22170 - CUDA, Linear2D, LocalMemory, bs_256x4, padding_0, pixelPerThread_3
24369 - CUDA, Array2D, LocalMemory, bs_32x8, padding_192, pixelPerThread_2
3712 - OpenCL, Linear1D, bs_512x1, padding_320, pixelPerThread_1
16166 - CUDA, LocalMemory, bs_64x16, padding_384, pixelPerThread_3
24285 - CUDA, Array2D, LocalMemory, bs_32x1, padding_64, pixelPerThread_2
6027 - OpenCL, Linear2D, bs_64x1, padding_320, pixelPerThread_4
23921 - CUDA, Array2D, bs_32x2, padding_416, pixelPerThread_2
5179 - OpenCL, Linear1D, LocalMemory, bs_512x2, padding_64, pixelPerThread_4
11719 - OpenCL, Ldg, bs_64x1, padding_160, pixelPerThread_4
25300 - CUDA, Array2D, LocalMemory, bs_32x2, padding_32, pixelPerThread_1
10314 - OpenCL, Array2D, LocalMemory, bs_64x1, padding_352, pixelPerThread_3
22405 - CUDA, Linear2D, LocalMemory, bs_1024x1, padding_256, pixelPerThread_2
9110 - OpenCL, Array2D, bs_128x1, padding_512, pixelPerThread_3
23659 - CUDA, Array2D, bs_256x4, padding_480, pixelPerThread_4
11061 - OpenCL, Array2D, LocalMemory, bs_32x2, padding_352, pixelPerThread_2
24908 - CUDA, Array2D, LocalMemory, bs_128x4, padding_160, pixelPerThread_1
5636 - OpenCL, Linear1D, LocalMemory, bs_256x1, padding_480, pixelPerThread_1
9649 - OpenCL, Array2D, bs_32x2, padding_480, pixelPerThread_2
11461 - OpenCL, Ldg, bs_32x1, padding_288, pixelPerThread_2
24621 - CUDA, Array2D, LocalMemory, bs_64x4, padding_32, pixelPerThread_2
7371 - OpenCL, Linear2D, LocalMemory, bs_32x32, padding_192, pixelPerThread_4
6110 - OpenCL, Linear2D, bs_64x4, padding_448, pixelPerThread_3
23137 - CUDA, Array2D, bs_64x1, padding_128, pixelPerThread_2
25691 - CUDA, Array2D, LocalMemory, bs_256x2, padding_416, pixelPerThread_4
23420 - CUDA, Array2D, bs_128x2, padding_224, pixelPerThread_1
6416 - OpenCL, Linear2D, bs_128x8, padding_192, pixelPerThread_1
24309 - CUDA, Array2D, LocalMemory, bs_32x1, padding_256, pixelPerThread_2
5550 - OpenCL, Linear1D, LocalMemory, bs_64x8, padding_320, pixelPerThread_3
7470 - OpenCL, Linear2D, LocalMemory, bs_64x1, padding_448, pixelPerThread_3
12276 - OpenCL, Ldg, bs_512x1, padding_288, pixelPerThread_1
6239 - OpenCL, Linear2D, bs_128x1, padding_384, pixelPerThread_4
2314 - OpenCL, LocalMemory, bs_512x2, padding_0, pixelPerThread_3
25356 - CUDA, Array2D, LocalMemory, bs_32x2, padding_480, pixelPerThread_1
2988 - OpenCL, Linear1D, bs_32x8, padding_512, pixelPerThread_1
24937 - CUDA, Array2D, LocalMemory, bs_128x4, padding_384, pixelPerThread_2
8369 - OpenCL, Linear2D, LocalMemory, bs_64x8, padding_32, pixelPerThread_2
27355 - CUDA, Ldg, LocalMemory, bs_32x32, padding_128, pixelPerThread_4
8436 - OpenCL, Linear2D, LocalMemory, bs_256x1, padding_32, pixelPerThread_1
5608 - OpenCL, Linear1D, LocalMemory, bs_256x1, padding_256, pixelPerThread_1
3736 - OpenCL, Linear1D, bs_512x1, padding_512, pixelPerThread_1
21842 - CUDA, Linear2D, LocalMemory, bs_64x16, padding_96, pixelPerThread_3
11270 - OpenCL, Array2D, LocalMemory, bs_64x8, padding_384, pixelPerThread_3
13361 - OpenCL, Ldg, LocalMemory, bs_128x1, padding_256, pixelPerThread_2
3293 - OpenCL, Linear1D, bs_64x16, padding_224, pixelPerThread_2
3591 - OpenCL, Linear1D, bs_128x8, padding_416, pixelPerThread_4
3299 - OpenCL, Linear1D, bs_64x16, padding_256, pixelPerThread_4
3577 - OpenCL, Linear1D, bs_128x8, padding_320, pixelPerThread_2
23638 - CUDA, Array2D, bs_256x4, padding_320, pixelPerThread_3
12345 - OpenCL, Ldg, bs_512x2, padding_288, pixelPerThread_2
9246 - OpenCL, Array2D, bs_128x4, padding_512, pixelPerThread_3
8134 - OpenCL, Linear2D, LocalMemory, bs_1024x1, padding_320, pixelPerThread_3
4700 - OpenCL, Linear1D, LocalMemory, bs_64x16, padding_64, pixelPerThread_1
3796 - OpenCL, Linear1D, bs_512x2, padding_448, pixelPerThread_1
10039 - OpenCL, Array2D, LocalMemory, bs_32x1, padding_320, pixelPerThread_4
15939 - CUDA, LocalMemory, bs_32x32, padding_192, pixelPerThread_4
6755 - OpenCL, Linear2D, bs_32x2, padding_160, pixelPerThread_4
27594 - CUDA, Ldg, LocalMemory, bs_64x16, padding_416, pixelPerThread_3
9380 - OpenCL, Array2D, bs_256x4, padding_512, pixelPerThread_1
22980 - CUDA, Array2D, bs_32x8, padding_512, pixelPerThread_1
18994 - CUDA, Linear1D, LocalMemory, bs_64x16, padding_160, pixelPerThread_3
11515 - OpenCL, Ldg, bs_32x8, padding_160, pixelPerThread_4
7254 - OpenCL, Linear2D, LocalMemory, bs_32x8, padding_352, pixelPerThread_3
7745 - OpenCL, Linear2D, LocalMemory, bs_128x2, padding_480, pixelPerThread_2
11161 - OpenCL, Array2D, LocalMemory, bs_64x2, padding_64, pixelPerThread_2
16518 - CUDA, LocalMemory, bs_256x4, padding_480, pixelPerThread_3
10280 - OpenCL, Array2D, LocalMemory, bs_64x1, padding_96, pixelPerThread_1
4885 - OpenCL, Linear1D, LocalMemory, bs_128x2, padding_448, pixelPerThread_2
13290 - OpenCL, Ldg, LocalMemory, bs_64x16, padding_224, pixelPerThread_3
10775 - OpenCL, Array2D, LocalMemory, bs_256x4, padding_224, pixelPerThread_4
11443 - OpenCL, Ldg, bs_32x1, padding_128, pixelPerThread_4
24360 - CUDA, Array2D, LocalMemory, bs_32x8, padding_128, pixelPerThread_1
24627 - CUDA, Array2D, LocalMemory, bs_64x4, padding_64, pixelPerThread_4
19542 - CUDA, Linear1D, LocalMemory, bs_1024x1, padding_192, pixelPerThread_3
7112 - OpenCL, Linear2D, bs_256x2, padding_320, pixelPerThread_1
16675 - CUDA, LocalMemory, bs_1024x1, padding_96, pixelPerThread_4
11353 - OpenCL, Array2D, LocalMemory, bs_256x1, padding_512, pixelPerThread_2
4557 - OpenCL, Linear1D, LocalMemory, bs_64x1, padding_0, pixelPerThread_2
8059 - OpenCL, Linear2D, LocalMemory, bs_512x2, padding_256, pixelPerThread_4
5631 - OpenCL, Linear1D, LocalMemory, bs_256x1, padding_416, pixelPerThread_4
4982 - OpenCL, Linear1D, LocalMemory, bs_128x8, padding_128, pixelPerThread_3
5064 - OpenCL, Linear1D, LocalMemory, bs_256x4, padding_256, pixelPerThread_1
25514 - CUDA, Array2D, LocalMemory, bs_64x8, padding_96, pixelPerThread_3
4775 - OpenCL, Linear1D, LocalMemory, bs_128x1, padding_96, pixelPerThread_4
9691 - OpenCL, Array2D, bs_32x4, padding_256, pixelPerThread_4
12867 - OpenCL, Ldg, LocalMemory, bs_32x1, padding_96, pixelPerThread_4
9255 - OpenCL, Array2D, bs_128x8, padding_32, pixelPerThread_4
7115 - OpenCL, Linear2D, bs_256x2, padding_320, pixelPerThread_4
10151 - OpenCL, Array2D, LocalMemory, bs_32x16, padding_128, pixelPerThread_4
5153 - OpenCL, Linear1D, LocalMemory, bs_512x1, padding_416, pixelPerThread_2
24539 - CUDA, Array2D, LocalMemory, bs_32x32, padding_448, pixelPerThread_4
5567 - OpenCL, Linear1D, LocalMemory, bs_64x8, padding_448, pixelPerThread_4
2976 - OpenCL, Linear1D, bs_32x8, padding_416, pixelPerThread_1
22855 - CUDA, Array2D, bs_32x1, padding_32, pixelPerThread_4
22926 - CUDA, Array2D, bs_32x8, padding_64, pixelPerThread_3
10324 - OpenCL, Array2D, LocalMemory, bs_64x1, padding_448, pixelPerThread_1
10905 - OpenCL, Array2D, LocalMemory, bs_512x2, padding_192, pixelPerThread_2
13062 - OpenCL, Ldg, LocalMemory, bs_32x32, padding_32, pixelPerThread_3
8459 - OpenCL, Linear2D, LocalMemory, bs_256x1, padding_192, pixelPerThread_4
27582 - CUDA, Ldg, LocalMemory, bs_64x16, padding_320, pixelPerThread_3
11993 - OpenCL, Ldg, bs_128x2, padding_192, pixelPerThread_2
8308 - OpenCL, Linear2D, LocalMemory, bs_64x2, padding_96, pixelPerThread_1
24249 - CUDA, Array2D, bs_256x2, padding_320, pixelPerThread_2
5710 - OpenCL, Linear1D, LocalMemory, bs_256x2, padding_512, pixelPerThread_3
19582 - CUDA, Linear1D, LocalMemory, bs_1024x1, padding_512, pixelPerThread_3
25596 - CUDA, Array2D, LocalMemory, bs_256x1, padding_224, pixelPerThread_1
11493 - OpenCL, Ldg, bs_32x8, padding_0, pixelPerThread_2
12426 - OpenCL, Ldg, bs_1024x1, padding_384, pixelPerThread_3
25521 - CUDA, Array2D, LocalMemory, bs_64x8, padding_160, pixelPerThread_2
24637 - CUDA, Array2D, LocalMemory, bs_64x4, padding_160, pixelPerThread_2
23333 - CUDA, Array2D, bs_128x1, padding_64, pixelPerThread_2
4712 - OpenCL, Linear1D, LocalMemory, bs_64x16, padding_160, pixelPerThread_1
5678 - OpenCL, Linear1D, LocalMemory, bs_256x2, padding_256, pixelPerThread_3
10687 - OpenCL, Array2D, LocalMemory, bs_128x8, padding_64, pixelPerThread_4
13091 - OpenCL, Ldg, LocalMemory, bs_32x32, padding_256, pixelPerThread_4
4872 - OpenCL, Linear1D, LocalMemory, bs_128x2, padding_352, pixelPerThread_1
22429 - CUDA, Linear2D, LocalMemory, bs_1024x1, padding_448, pixelPerThread_2
9883 - OpenCL, Array2D, bs_256x1, padding_160, pixelPerThread_4
8093 - OpenCL, Linear2D, LocalMemory, bs_1024x1, padding_0, pixelPerThread_2
5900 - OpenCL, Linear2D, bs_32x16, padding_416, pixelPerThread_1
22900 - CUDA, Array2D, bs_32x1, padding_416, pixelPerThread_1
1886 - OpenCL, LocalMemory, bs_64x16, padding_384, pixelPerThread_3
7501 - OpenCL, Linear2D, LocalMemory, bs_64x4, padding_160, pixelPerThread_2
24132 - CUDA, Array2D, bs_64x8, padding_480, pixelPerThread_1
11362 - OpenCL, Array2D, LocalMemory, bs_256x2, padding_32, pixelPerThread_3
7554 - OpenCL, Linear2D, LocalMemory, bs_64x16, padding_32, pixelPerThread_3
8106 - OpenCL, Linear2D, LocalMemory, bs_1024x1, padding_96, pixelPerThread_3
3181 - OpenCL, Linear1D, bs_64x1, padding_416, pixelPerThread_2
12994 - OpenCL, Ldg, LocalMemory, bs_32x16, padding_32, pixelPerThread_3
8349 - OpenCL, Linear2D, LocalMemory, bs_64x2, padding_416, pixelPerThread_2
5967 - OpenCL, Linear2D, bs_32x32, padding_384, pixelPerThread_4
6315 - OpenCL, Linear2D, bs_128x2, padding_448, pixelPerThread_4
25158 - CUDA, Array2D, LocalMemory, bs_512x1, padding_512, pixelPerThread_3
25265 - CUDA, Array2D, LocalMemory, bs_1024x1, padding_288, pixelPerThread_2
23908 - CUDA, Array2D, bs_32x2, padding_320, pixelPerThread_1
4391 - OpenCL, Linear1D, LocalMemory, bs_32x8, padding_288, pixelPerThread_4
3166 - OpenCL, Linear1D, bs_64x1, padding_288, pixelPerThread_3
11688 - OpenCL, Ldg, bs_32x32, padding_480, pixelPerThread_1
4333 - OpenCL, Linear1D, LocalMemory, bs_32x1, padding_384, pixelPerThread_2
27363 - CUDA, Ldg, LocalMemory, bs_32x32, padding_192, pixelPerThread_4
25104 - CUDA, Array2D, LocalMemory, bs_512x1, padding_96, pixelPerThread_1
23549 - CUDA, Array2D, bs_128x8, padding_160, pixelPerThread_2
28091 - CUDA, Ldg, LocalMemory, bs_1024x1, padding_32, pixelPerThread_4
10105 - OpenCL, Array2D, LocalMemory, bs_32x8, padding_320, pixelPerThread_2
4984 - OpenCL, Linear1D, LocalMemory, bs_128x8, padding_160, pixelPerThread_1
14214 - OpenCL, Ldg, LocalMemory, bs_256x2, padding_0, pixelPerThread_3
25449 - CUDA, Array2D, LocalMemory, bs_64x2, padding_128, pixelPerThread_2
23388 - CUDA, Array2D, bs_128x1, padding_512, pixelPerThread_1
10424 - OpenCL, Array2D, LocalMemory, bs_64x16, padding_160, pixelPerThread_1
9301 - OpenCL, Array2D, bs_128x8, padding_416, pixelPerThread_2
25279 - CUDA, Array2D, LocalMemory, bs_1024x1, padding_384, pixelPerThread_4
5181 - OpenCL, Linear1D, LocalMemory, bs_512x2, padding_96, pixelPerThread_2
7297 - OpenCL, Linear2D, LocalMemory, bs_32x16, padding_160, pixelPerThread_2
9356 - OpenCL, Array2D, bs_256x4, padding_320, pixelPerThread_1
3773 - OpenCL, Linear1D, bs_512x2, padding_256, pixelPerThread_2
4377 - OpenCL, Linear1D, LocalMemory, bs_32x8, padding_192, pixelPerThread_2
3154 - OpenCL, Linear1D, bs_64x1, padding_192, pixelPerThread_3
6282 - OpenCL, Linear2D, bs_128x2, padding_192, pixelPerThread_3
10978 - OpenCL, Array2D, LocalMemory, bs_1024x1, padding_224, pixelPerThread_3
24770 - CUDA, Array2D, LocalMemory, bs_128x1, padding_128, pixelPerThread_3
23727 - CUDA, Array2D, bs_512x1, padding_480, pixelPerThread_4
5276 - OpenCL, Linear1D, LocalMemory, bs_1024x1, padding_320, pixelPerThread_1
25240 - CUDA, Array2D, LocalMemory, bs_1024x1, padding_96, pixelPerThread_1
7539 - OpenCL, Linear2D, LocalMemory, bs_64x4, padding_448, pixelPerThread_4
4751 - OpenCL, Linear1D, LocalMemory, bs_64x16, padding_448, pixelPerThread_4
23538 - CUDA, Array2D, bs_128x8, padding_64, pixelPerThread_3
6962 - OpenCL, Linear2D, bs_64x8, padding_192, pixelPerThread_3
9435 - OpenCL, Array2D, bs_512x1, padding_384, pixelPerThread_4
3713 - OpenCL, Linear1D, bs_512x1, padding_320, pixelPerThread_2
12031 - OpenCL, Ldg, bs_128x2, padding_480, pixelPerThread_4
23329 - CUDA, Array2D, bs_128x1, padding_32, pixelPerThread_2
9241 - OpenCL, Array2D, bs_128x4, padding_480, pixelPerThread_2
13733 - OpenCL, Ldg, LocalMemory, bs_512x1, padding_512, pixelPerThread_2
13081 - OpenCL, Ldg, LocalMemory, bs_32x32, padding_192, pixelPerThread_2
9000 - OpenCL, Array2D, bs_64x16, padding_192, pixelPerThread_1
13733 - OpenCL, Ldg, LocalMemory, bs_512x1, padding_512, pixelPerThread_2
12410 - OpenCL, Ldg, bs_1024x1, padding_256, pixelPerThread_3
12287 - OpenCL, Ldg, bs_512x1, padding_352, pixelPerThread_4
24190 - CUDA, Array2D, bs_256x1, padding_384, pixelPerThread_3
14134 - OpenCL, Ldg, LocalMemory, bs_64x8, padding_448, pixelPerThread_3
10013 - OpenCL, Array2D, LocalMemory, bs_32x1, padding_128, pixelPerThread_2
10616 - OpenCL, Array2D, LocalMemory, bs_128x4, padding_64, pixelPerThread_1
6769 - OpenCL, Linear2D, bs_32x2, padding_288, pixelPerThread_2
8001 - OpenCL, Linear2D, LocalMemory, bs_512x1, padding_352, pixelPerThread_2
9864 - OpenCL, Array2D, bs_256x1, padding_32, pixelPerThread_1
11404 - OpenCL, Array2D, LocalMemory, bs_256x2, padding_384, pixelPerThread_1
11512 - OpenCL, Ldg, bs_32x8, padding_160, pixelPerThread_1
24596 - CUDA, Array2D, LocalMemory, bs_64x1, padding_384, pixelPerThread_1
7070 - OpenCL, Linear2D, bs_256x1, padding_512, pixelPerThread_3
3093 - OpenCL, Linear1D, bs_32x32, padding_256, pixelPerThread_2
6825 - OpenCL, Linear2D, bs_32x4, padding_192, pixelPerThread_2
2389 - OpenCL, LocalMemory, bs_1024x1, padding_64, pixelPerThread_2
2195 - OpenCL, LocalMemory, bs_256x4, padding_128, pixelPerThread_4
6499 - OpenCL, Linear2D, bs_256x4, padding_288, pixelPerThread_4
7336 - OpenCL, Linear2D, LocalMemory, bs_32x16, padding_480, pixelPerThread_1
10181 - OpenCL, Array2D, LocalMemory, bs_32x16, padding_384, pixelPerThread_2
11331 - OpenCL, Array2D, LocalMemory, bs_256x1, padding_320, pixelPerThread_4
23861 - CUDA, Array2D, bs_1024x1, padding_480, pixelPerThread_2
5289 - OpenCL, Linear1D, LocalMemory, bs_1024x1, padding_416, pixelPerThread_2
12126 - OpenCL, Ldg, bs_128x8, padding_160, pixelPerThread_3
12712 - OpenCL, Ldg, bs_64x8, padding_512, pixelPerThread_1
9422 - OpenCL, Array2D, bs_512x1, padding_288, pixelPerThread_3
6256 - OpenCL, Linear2D, bs_128x2, padding_0, pixelPerThread_1
25218 - CUDA, Array2D, LocalMemory, bs_512x2, padding_448, pixelPerThread_3
25436 - CUDA, Array2D, LocalMemory, bs_64x2, padding_32, pixelPerThread_1
7784 - OpenCL, Linear2D, LocalMemory, bs_128x4, padding_256, pixelPerThread_1
10673 - OpenCL, Array2D, LocalMemory, bs_128x4, padding_512, pixelPerThread_2
11040 - OpenCL, Array2D, LocalMemory, bs_32x2, padding_192, pixelPerThread_1
21639 - CUDA, Linear2D, LocalMemory, bs_32x32, padding_96, pixelPerThread_4
23589 - CUDA, Array2D, bs_128x8, padding_480, pixelPerThread_2
8227 - OpenCL, Linear2D, LocalMemory, bs_32x2, padding_512, pixelPerThread_4
12964 - OpenCL, Ldg, LocalMemory, bs_32x8, padding_352, pixelPerThread_1
23015 - CUDA, Array2D, bs_32x16, padding_224, pixelPerThread_4
24304 - CUDA, Array2D, LocalMemory, bs_32x1, padding_224, pixelPerThread_1
6115 - OpenCL, Linear2D, bs_64x4, padding_480, pixelPerThread_4
7557 - OpenCL, Linear2D, LocalMemory, bs_64x16, padding_64, pixelPerThread_2
27359 - CUDA, Ldg, LocalMemory, bs_32x32, padding_160, pixelPerThread_4
9232 - OpenCL, Array2D, bs_128x4, padding_416, pixelPerThread_1
25397 - CUDA, Array2D, LocalMemory, bs_32x4, padding_256, pixelPerThread_2
6996 - OpenCL, Linear2D, bs_64x8, padding_480, pixelPerThread_1
10167 - OpenCL, Array2D, LocalMemory, bs_32x16, padding_256, pixelPerThread_4
23637 - CUDA, Array2D, bs_256x4, padding_320, pixelPerThread_2
5512 - OpenCL, Linear1D, LocalMemory, bs_64x8, padding_32, pixelPerThread_1
22970 - CUDA, Array2D, bs_32x8, padding_416, pixelPerThread_3
23091 - CUDA, Array2D, bs_32x32, padding_288, pixelPerThread_4
4279 - OpenCL, Linear1D, bs_256x2, padding_480, pixelPerThread_4
25223 - CUDA, Array2D, LocalMemory, bs_512x2, padding_480, pixelPerThread_4
12820 - OpenCL, Ldg, bs_256x2, padding_288, pixelPerThread_1
5512 - OpenCL, Linear1D, LocalMemory, bs_64x8, padding_32, pixelPerThread_1
22413 - CUDA, Linear2D, LocalMemory, bs_1024x1, padding_320, pixelPerThread_2
4485 - OpenCL, Linear1D, LocalMemory, bs_32x16, padding_512, pixelPerThread_2
8413 - OpenCL, Linear2D, LocalMemory, bs_64x8, padding_384, pixelPerThread_2
8730 - OpenCL, Array2D, bs_32x16, padding_192, pixelPerThread_3
6415 - OpenCL, Linear2D, bs_128x8, padding_160, pixelPerThread_4
2203 - OpenCL, LocalMemory, bs_256x4, padding_192, pixelPerThread_4
10793 - OpenCL, Array2D, LocalMemory, bs_256x4, padding_384, pixelPerThread_2
24121 - CUDA, Array2D, bs_64x8, padding_384, pixelPerThread_2
3420 - OpenCL, Linear1D, bs_128x2, padding_160, pixelPerThread_1
11407 - OpenCL, Array2D, LocalMemory, bs_256x2, padding_384, pixelPerThread_4
7887 - OpenCL, Linear2D, LocalMemory, bs_128x8, padding_512, pixelPerThread_4
14202 - OpenCL, Ldg, LocalMemory, bs_256x1, padding_448, pixelPerThread_3
11472 - OpenCL, Ldg, bs_32x1, padding_384, pixelPerThread_1
13286 - OpenCL, Ldg, LocalMemory, bs_64x16, padding_192, pixelPerThread_3
11015 - OpenCL, Array2D, LocalMemory, bs_1024x1, padding_512, pixelPerThread_4
5308 - OpenCL, Linear1D, LocalMemory, bs_32x2, padding_32, pixelPerThread_1
5752 - OpenCL, Linear2D, bs_32x1, padding_320, pixelPerThread_1
11483 - OpenCL, Ldg, bs_32x1, padding_448, pixelPerThread_4
6258 - OpenCL, Linear2D, bs_128x2, padding_0, pixelPerThread_3
22874 - CUDA, Array2D, bs_32x1, padding_192, pixelPerThread_3
9758 - OpenCL, Array2D, bs_64x2, padding_256, pixelPerThread_3
6760 - OpenCL, Linear2D, bs_32x2, padding_224, pixelPerThread_1
7964 - OpenCL, Linear2D, LocalMemory, bs_512x1, padding_64, pixelPerThread_1
3414 - OpenCL, Linear1D, bs_128x2, padding_96, pixelPerThread_3
23279 - CUDA, Array2D, bs_64x16, padding_160, pixelPerThread_4
22992 - CUDA, Array2D, bs_32x16, padding_64, pixelPerThread_1
3196 - OpenCL, Linear1D, bs_64x4, padding_0, pixelPerThread_1
13816 - OpenCL, Ldg, LocalMemory, bs_1024x1, padding_96, pixelPerThread_1
12731 - OpenCL, Ldg, bs_256x1, padding_96, pixelPerThread_4
7574 - OpenCL, Linear2D, LocalMemory, bs_64x16, padding_192, pixelPerThread_3
4780 - OpenCL, Linear1D, LocalMemory, bs_128x1, padding_160, pixelPerThread_1
14034 - OpenCL, Ldg, LocalMemory, bs_64x2, padding_192, pixelPerThread_3
4411 - OpenCL, Linear1D, LocalMemory, bs_32x8, padding_448, pixelPerThread_4
23518 - CUDA, Array2D, bs_128x4, padding_448, pixelPerThread_3
11716 - OpenCL, Ldg, bs_64x1, padding_160, pixelPerThread_1
13636 - OpenCL, Ldg, LocalMemory, bs_256x4, padding_288, pixelPerThread_1
9106 - OpenCL, Array2D, bs_128x1, padding_480, pixelPerThread_3
22876 - CUDA, Array2D, bs_32x1, padding_224, pixelPerThread_1
7385 - OpenCL, Linear2D, LocalMemory, bs_32x32, padding_320, pixelPerThread_2
23780 - CUDA, Array2D, bs_512x2, padding_384, pixelPerThread_1
4490 - OpenCL, Linear1D, LocalMemory, bs_32x32, padding_0, pixelPerThread_3
3508 - OpenCL, Linear1D, bs_128x4, padding_320, pixelPerThread_1
25096 - CUDA, Array2D, LocalMemory, bs_512x1, padding_32, pixelPerThread_1
7994 - OpenCL, Linear2D, LocalMemory, bs_512x1, padding_288, pixelPerThread_3
11993 - OpenCL, Ldg, bs_128x2, padding_192, pixelPerThread_2
24924 - CUDA, Array2D, LocalMemory, bs_128x4, padding_288, pixelPerThread_1
12535 - OpenCL, Ldg, bs_32x4, padding_160, pixelPerThread_4
12899 - OpenCL, Ldg, LocalMemory, bs_32x1, padding_352, pixelPerThread_4
5548 - OpenCL, Linear1D, LocalMemory, bs_64x8, padding_320, pixelPerThread_1
12865 - OpenCL, Ldg, LocalMemory, bs_32x1, padding_96, pixelPerThread_2
16431 - CUDA, LocalMemory, bs_128x8, padding_320, pixelPerThread_4
9496 - OpenCL, Array2D, bs_512x2, padding_352, pixelPerThread_1
12356 - OpenCL, Ldg, bs_512x2, padding_384, pixelPerThread_1
4977 - OpenCL, Linear1D, LocalMemory, bs_128x8, padding_96, pixelPerThread_2
9362 - OpenCL, Array2D, bs_256x4, padding_352, pixelPerThread_3
23926 - CUDA, Array2D, bs_32x2, padding_448, pixelPerThread_3
3552 - OpenCL, Linear1D, bs_128x8, padding_128, pixelPerThread_1
4358 - OpenCL, Linear1D, LocalMemory, bs_32x8, padding_32, pixelPerThread_3
11026 - OpenCL, Array2D, LocalMemory, bs_32x2, padding_64, pixelPerThread_3
12167 - OpenCL, Ldg, bs_128x8, padding_480, pixelPerThread_4
7498 - OpenCL, Linear2D, LocalMemory, bs_64x4, padding_128, pixelPerThread_3
3397 - OpenCL, Linear1D, bs_128x1, padding_512, pixelPerThread_2
8240 - OpenCL, Linear2D, LocalMemory, bs_32x4, padding_96, pixelPerThread_1
4066 - OpenCL, Linear1D, bs_64x2, padding_416, pixelPerThread_3
9374 - OpenCL, Array2D, bs_256x4, padding_448, pixelPerThread_3
13521 - OpenCL, Ldg, LocalMemory, bs_128x4, padding_448, pixelPerThread_2
27555 - CUDA, Ldg, LocalMemory, bs_64x16, padding_96, pixelPerThread_4
25119 - CUDA, Array2D, LocalMemory, bs_512x1, padding_192, pixelPerThread_4
13372 - OpenCL, Ldg, LocalMemory, bs_128x1, padding_352, pixelPerThread_1
7086 - OpenCL, Linear2D, bs_256x2, padding_96, pixelPerThread_3
25231 - CUDA, Array2D, LocalMemory, bs_1024x1, padding_0, pixelPerThread_4
13514 - OpenCL, Ldg, LocalMemory, bs_128x4, padding_384, pixelPerThread_3
5906 - OpenCL, Linear2D, bs_32x16, padding_448, pixelPerThread_3
9124 - OpenCL, Array2D, bs_128x2, padding_96, pixelPerThread_1
7592 - OpenCL, Linear2D, LocalMemory, bs_64x16, padding_352, pixelPerThread_1
3636 - OpenCL, Linear1D, bs_256x4, padding_256, pixelPerThread_1
12552 - OpenCL, Ldg, bs_32x4, padding_320, pixelPerThread_1
4612 - OpenCL, Linear1D, LocalMemory, bs_64x1, padding_448, pixelPerThread_1
9468 - OpenCL, Array2D, bs_512x2, padding_128, pixelPerThread_1
8191 - OpenCL, Linear2D, LocalMemory, bs_32x2, padding_224, pixelPerThread_4
5429 - OpenCL, Linear1D, LocalMemory, bs_32x4, padding_448, pixelPerThread_2
12189 - OpenCL, Ldg, bs_256x4, padding_128, pixelPerThread_2
27366 - CUDA, Ldg, LocalMemory, bs_32x32, padding_224, pixelPerThread_3
11677 - OpenCL, Ldg, bs_32x32, padding_384, pixelPerThread_2
19545 - CUDA, Linear1D, LocalMemory, bs_1024x1, padding_224, pixelPerThread_2
11800 - OpenCL, Ldg, bs_64x4, padding_288, pixelPerThread_1
8805 - OpenCL, Array2D, bs_32x32, padding_256, pixelPerThread_2
3748 - OpenCL, Linear1D, bs_512x2, padding_64, pixelPerThread_1
13581 - OpenCL, Ldg, LocalMemory, bs_128x8, padding_384, pixelPerThread_2
4111 - OpenCL, Linear1D, bs_64x8, padding_224, pixelPerThread_4
23748 - CUDA, Array2D, bs_512x2, padding_128, pixelPerThread_1
24034 - CUDA, Array2D, bs_64x2, padding_224, pixelPerThread_3
25351 - CUDA, Array2D, LocalMemory, bs_32x2, padding_416, pixelPerThread_4
13041 - OpenCL, Ldg, LocalMemory, bs_32x16, padding_416, pixelPerThread_2
13527 - OpenCL, Ldg, LocalMemory, bs_128x4, padding_480, pixelPerThread_4
10318 - OpenCL, Array2D, LocalMemory, bs_64x1, padding_384, pixelPerThread_3
12650 - OpenCL, Ldg, bs_64x8, padding_0, pixelPerThread_3
24722 - CUDA, Array2D, LocalMemory, bs_64x16, padding_288, pixelPerThread_3
9241 - OpenCL, Array2D, bs_128x4, padding_480, pixelPerThread_2
24271 - CUDA, Array2D, bs_256x2, padding_480, pixelPerThread_4
13433 - OpenCL, Ldg, LocalMemory, bs_128x2, padding_288, pixelPerThread_2
11468 - OpenCL, Ldg, bs_32x1, padding_352, pixelPerThread_1
11977 - OpenCL, Ldg, bs_128x2, padding_64, pixelPerThread_2
9074 - OpenCL, Array2D, bs_128x1, padding_224, pixelPerThread_3
25218 - CUDA, Array2D, LocalMemory, bs_512x2, padding_448, pixelPerThread_3
8627 - OpenCL, Array2D, bs_32x1, padding_448, pixelPerThread_4
7721 - OpenCL, Linear2D, LocalMemory, bs_128x2, padding_288, pixelPerThread_2
6032 - OpenCL, Linear2D, bs_64x1, padding_384, pixelPerThread_1
3876 - OpenCL, Linear1D, bs_32x2, padding_0, pixelPerThread_1
6858 - OpenCL, Linear2D, bs_32x4, padding_448, pixelPerThread_3
4222 - OpenCL, Linear1D, bs_256x2, padding_32, pixelPerThread_3
12014 - OpenCL, Ldg, bs_128x2, padding_352, pixelPerThread_3
24290 - CUDA, Array2D, LocalMemory, bs_32x1, padding_96, pixelPerThread_3
10464 - OpenCL, Array2D, LocalMemory, bs_64x16, padding_480, pixelPerThread_1
6049 - OpenCL, Linear2D, bs_64x1, padding_512, pixelPerThread_2
9389 - OpenCL, Array2D, bs_512x1, padding_32, pixelPerThread_2
24663 - CUDA, Array2D, LocalMemory, bs_64x4, padding_352, pixelPerThread_4
19291 - CUDA, Linear1D, LocalMemory, bs_128x8, padding_352, pixelPerThread_4
6633 - OpenCL, Linear2D, bs_512x2, padding_288, pixelPerThread_2
3854 - OpenCL, Linear1D, bs_1024x1, padding_352, pixelPerThread_3
9707 - OpenCL, Array2D, bs_32x4, padding_384, pixelPerThread_4
24033 - CUDA, Array2D, bs_64x2, padding_224, pixelPerThread_2
9169 - OpenCL, Array2D, bs_128x2, padding_448, pixelPerThread_2
24600 - CUDA, Array2D, LocalMemory, bs_64x1, padding_416, pixelPerThread_1
5805 - OpenCL, Linear2D, bs_32x8, padding_192, pixelPerThread_2
13378 - OpenCL, Ldg, LocalMemory, bs_128x1, padding_384, pixelPerThread_3
11710 - OpenCL, Ldg, bs_64x1, padding_96, pixelPerThread_3
3459 - OpenCL, Linear1D, bs_128x2, padding_448, pixelPerThread_4
25227 - CUDA, Array2D, LocalMemory, bs_512x2, padding_512, pixelPerThread_4
8427 - OpenCL, Linear2D, LocalMemory, bs_64x8, padding_480, pixelPerThread_4
24244 - CUDA, Array2D, bs_256x2, padding_288, pixelPerThread_1
10979 - OpenCL, Array2D, LocalMemory, bs_1024x1, padding_224, pixelPerThread_4
14044 - OpenCL, Ldg, LocalMemory, bs_64x2, padding_288, pixelPerThread_1
7611 - OpenCL, Linear2D, LocalMemory, bs_64x16, padding_480, pixelPerThread_4
11618 - OpenCL, Ldg, bs_32x16, padding_448, pixelPerThread_3
13145 - OpenCL, Ldg, LocalMemory, bs_64x1, padding_160, pixelPerThread_2
13536 - OpenCL, Ldg, LocalMemory, bs_128x8, padding_32, pixelPerThread_1
13736 - OpenCL, Ldg, LocalMemory, bs_512x2, padding_0, pixelPerThread_1
8967 - OpenCL, Array2D, bs_64x4, padding_448, pixelPerThread_4
3671 - OpenCL, Linear1D, bs_256x4, padding_512, pixelPerThread_4
12360 - OpenCL, Ldg, bs_512x2, padding_416, pixelPerThread_1
5343 - OpenCL, Linear1D, LocalMemory, bs_32x2, padding_288, pixelPerThread_4
6412 - OpenCL, Linear2D, bs_128x8, padding_160, pixelPerThread_1
10912 - OpenCL, Array2D, LocalMemory, bs_512x2, padding_256, pixelPerThread_1
13898 - OpenCL, Ldg, LocalMemory, bs_32x2, padding_192, pixelPerThread_3
6615 - OpenCL, Linear2D, bs_512x2, padding_128, pixelPerThread_4
13705 - OpenCL, Ldg, LocalMemory, bs_512x1, padding_288, pixelPerThread_2
4733 - OpenCL, Linear1D, LocalMemory, bs_64x16, padding_320, pixelPerThread_2
24213 - CUDA, Array2D, bs_256x2, padding_32, pixelPerThread_2
14260 - OpenCL, Ldg, LocalMemory, bs_256x2, padding_384, pixelPerThread_1
8194 - OpenCL, Linear2D, LocalMemory, bs_32x2, padding_256, pixelPerThread_3
9988 - OpenCL, Array2D, bs_256x2, padding_480, pixelPerThread_1
6591 - OpenCL, Linear2D, bs_512x1, padding_480, pixelPerThread_4
22138 - CUDA, Linear2D, LocalMemory, bs_128x8, padding_288, pixelPerThread_3
11691 - OpenCL, Ldg, bs_32x32, padding_480, pixelPerThread_4
6319 - OpenCL, Linear2D, bs_128x2, padding_480, pixelPerThread_4
8060 - OpenCL, Linear2D, LocalMemory, bs_512x2, padding_288, pixelPerThread_1
27558 - CUDA, Ldg, LocalMemory, bs_64x16, padding_128, pixelPerThread_3
9244 - OpenCL, Array2D, bs_128x4, padding_512, pixelPerThread_1
9920 - OpenCL, Array2D, bs_256x1, padding_480, pixelPerThread_1
9567 - OpenCL, Array2D, bs_1024x1, padding_352, pixelPerThread_4
4567 - OpenCL, Linear1D, LocalMemory, bs_64x1, padding_64, pixelPerThread_4
6477 - OpenCL, Linear2D, bs_256x4, padding_128, pixelPerThread_2
4825 - OpenCL, Linear1D, LocalMemory, bs_128x1, padding_512, pixelPerThread_2
6377 - OpenCL, Linear2D, bs_128x4, padding_416, pixelPerThread_2
23438 - CUDA, Array2D, bs_128x2, padding_352, pixelPerThread_3
4955 - OpenCL, Linear1D, LocalMemory, bs_128x4, padding_448, pixelPerThread_4
16134 - CUDA, LocalMemory, bs_64x16, padding_128, pixelPerThread_3
11041 - OpenCL, Array2D, LocalMemory, bs_32x2, padding_192, pixelPerThread_2
28035 - CUDA, Ldg, LocalMemory, bs_512x2, padding_128, pixelPerThread_4
12251 - OpenCL, Ldg, bs_512x1, padding_64, pixelPerThread_4
5567 - OpenCL, Linear1D, LocalMemory, bs_64x8, padding_448, pixelPerThread_4
6552 - OpenCL, Linear2D, bs_512x1, padding_192, pixelPerThread_1
7474 - OpenCL, Linear2D, LocalMemory, bs_64x1, padding_480, pixelPerThread_3
22994 - CUDA, Array2D, bs_32x16, padding_64, pixelPerThread_3
8321 - OpenCL, Linear2D, LocalMemory, bs_64x2, padding_192, pixelPerThread_2
23726 - CUDA, Array2D, bs_512x1, padding_480, pixelPerThread_3
7782 - OpenCL, Linear2D, LocalMemory, bs_128x4, padding_224, pixelPerThread_3
11850 - OpenCL, Ldg, bs_64x16, padding_128, pixelPerThread_3
5434 - OpenCL, Linear1D, LocalMemory, bs_32x4, padding_480, pixelPerThread_3
1635 - OpenCL, LocalMemory, bs_32x32, padding_0, pixelPerThread_4
23083 - CUDA, Array2D, bs_32x32, padding_224, pixelPerThread_4
4561 - OpenCL, Linear1D, LocalMemory, bs_64x1, padding_32, pixelPerThread_2
10990 - OpenCL, Array2D, LocalMemory, bs_1024x1, padding_320, pixelPerThread_3
5203 - OpenCL, Linear1D, LocalMemory, bs_512x2, padding_256, pixelPerThread_4
6844 - OpenCL, Linear2D, bs_32x4, padding_352, pixelPerThread_1
24368 - CUDA, Array2D, LocalMemory, bs_32x8, padding_192, pixelPerThread_1
6415 - OpenCL, Linear2D, bs_128x8, padding_160, pixelPerThread_4
8723 - OpenCL, Array2D, bs_32x16, padding_128, pixelPerThread_4
15963 - CUDA, LocalMemory, bs_32x32, padding_384, pixelPerThread_4
24036 - CUDA, Array2D, bs_64x2, padding_256, pixelPerThread_1
23750 - CUDA, Array2D, bs_512x2, padding_128, pixelPerThread_3
23899 - CUDA, Array2D, bs_32x2, padding_224, pixelPerThread_4
13841 - OpenCL, Ldg, LocalMemory, bs_1024x1, padding_288, pixelPerThread_2
22119 - CUDA, Linear2D, LocalMemory, bs_128x8, padding_128, pixelPerThread_4
25676 - CUDA, Array2D, LocalMemory, bs_256x2, padding_320, pixelPerThread_1
23459 - CUDA, Array2D, bs_128x2, padding_512, pixelPerThread_4
24060 - CUDA, Array2D, bs_64x2, padding_448, pixelPerThread_1
13665 - OpenCL, Ldg, LocalMemory, bs_256x4, padding_512, pixelPerThread_2
12485 - OpenCL, Ldg, bs_32x2, padding_320, pixelPerThread_2
5629 - OpenCL, Linear1D, LocalMemory, bs_256x1, padding_416, pixelPerThread_2
12911 - OpenCL, Ldg, LocalMemory, bs_32x1, padding_448, pixelPerThread_4
4502 - OpenCL, Linear1D, LocalMemory, bs_32x32, padding_96, pixelPerThread_3
24358 - CUDA, Array2D, LocalMemory, bs_32x8, padding_96, pixelPerThread_3
2862 - OpenCL, Linear1D, bs_32x1, padding_32, pixelPerThread_3
11562 - OpenCL, Ldg, bs_32x16, padding_0, pixelPerThread_3
7521 - OpenCL, Linear2D, LocalMemory, bs_64x4, padding_320, pixelPerThread_2
27606 - CUDA, Ldg, LocalMemory, bs_64x16, padding_512, pixelPerThread_3
9370 - OpenCL, Array2D, bs_256x4, padding_416, pixelPerThread_3
10505 - OpenCL, Array2D, LocalMemory, bs_128x1, padding_256, pixelPerThread_2
24133 - CUDA, Array2D, bs_64x8, padding_480, pixelPerThread_2
23968 - CUDA, Array2D, bs_32x4, padding_256, pixelPerThread_1
8149 - OpenCL, Linear2D, LocalMemory, bs_1024x1, padding_448, pixelPerThread_2
11249 - OpenCL, Array2D, LocalMemory, bs_64x8, padding_224, pixelPerThread_2
23646 - CUDA, Array2D, bs_256x4, padding_384, pixelPerThread_3
13698 - OpenCL, Ldg, LocalMemory, bs_512x1, padding_224, pixelPerThread_3
10914 - OpenCL, Array2D, LocalMemory, bs_512x2, padding_256, pixelPerThread_3
13373 - OpenCL, Ldg, LocalMemory, bs_128x1, padding_352, pixelPerThread_2
11551 - OpenCL, Ldg, bs_32x8, padding_448, pixelPerThread_4
2963 - OpenCL, Linear1D, bs_32x8, padding_288, pixelPerThread_4
4601 - OpenCL, Linear1D, LocalMemory, bs_64x1, padding_352, pixelPerThread_2
10874 - OpenCL, Array2D, LocalMemory, bs_512x1, padding_480, pixelPerThread_3
7251 - OpenCL, Linear2D, LocalMemory, bs_32x8, padding_320, pixelPerThread_4
3121 - OpenCL, Linear1D, bs_32x32, padding_480, pixelPerThread_2
6860 - OpenCL, Linear2D, bs_32x4, padding_480, pixelPerThread_1
22940 - CUDA, Array2D, bs_32x8, padding_192, pixelPerThread_1
3357 - OpenCL, Linear1D, bs_128x1, padding_192, pixelPerThread_2
12817 - OpenCL, Ldg, bs_256x2, padding_256, pixelPerThread_2
5735 - OpenCL, Linear2D, bs_32x1, padding_160, pixelPerThread_4
23849 - CUDA, Array2D, bs_1024x1, padding_384, pixelPerThread_2
25408 - CUDA, Array2D, LocalMemory, bs_32x4, padding_352, pixelPerThread_1
9339 - OpenCL, Array2D, bs_256x4, padding_160, pixelPerThread_4
9151 - OpenCL, Array2D, bs_128x2, padding_288, pixelPerThread_4
8464 - OpenCL, Linear2D, LocalMemory, bs_256x1, padding_256, pixelPerThread_1
1839 - OpenCL, LocalMemory, bs_64x16, padding_0, pixelPerThread_4
24825 - CUDA, Array2D, LocalMemory, bs_128x2, padding_32, pixelPerThread_2
19367 - CUDA, Linear1D, LocalMemory, bs_256x4, padding_416, pixelPerThread_4
5871 - OpenCL, Linear2D, bs_32x16, padding_160, pixelPerThread_4
9048 - OpenCL, Array2D, bs_128x1, padding_32, pixelPerThread_1
24391 - CUDA, Array2D, LocalMemory, bs_32x8, padding_352, pixelPerThread_4
24784 - CUDA, Array2D, LocalMemory, bs_128x1, padding_256, pixelPerThread_1
6121 - OpenCL, Linear2D, bs_64x16, padding_0, pixelPerThread_2
13152 - OpenCL, Ldg, LocalMemory, bs_64x1, padding_224, pixelPerThread_1
12765 - OpenCL, Ldg, bs_256x1, padding_384, pixelPerThread_2
23296 - CUDA, Array2D, bs_64x16, padding_320, pixelPerThread_1
3750 - OpenCL, Linear1D, bs_512x2, padding_64, pixelPerThread_3
9476 - OpenCL, Array2D, bs_512x2, padding_192, pixelPerThread_1
2987 - OpenCL, Linear1D, bs_32x8, padding_480, pixelPerThread_4
6988 - OpenCL, Linear2D, bs_64x8, padding_416, pixelPerThread_1
24008 - CUDA, Array2D, bs_64x2, padding_32, pixelPerThread_1
5258 - OpenCL, Linear1D, LocalMemory, bs_1024x1, padding_160, pixelPerThread_3
8357 - OpenCL, Linear2D, LocalMemory, bs_64x2, padding_480, pixelPerThread_2
28066 - CUDA, Ldg, LocalMemory, bs_512x2, padding_384, pixelPerThread_3
27347 - CUDA, Ldg, LocalMemory, bs_32x32, padding_64, pixelPerThread_4
10595 - OpenCL, Array2D, LocalMemory, bs_128x2, padding_416, pixelPerThread_4
7536 - OpenCL, Linear2D, LocalMemory, bs_64x4, padding_448, pixelPerThread_1
23753 - CUDA, Array2D, bs_512x2, padding_160, pixelPerThread_2
3987 - OpenCL, Linear1D, bs_32x4, padding_320, pixelPerThread_4
22868 - CUDA, Array2D, bs_32x1, padding_160, pixelPerThread_1
24948 - CUDA, Array2D, LocalMemory, bs_128x4, padding_480, pixelPerThread_1
11926 - OpenCL, Ldg, bs_128x1, padding_192, pixelPerThread_3
10697 - OpenCL, Array2D, LocalMemory, bs_128x8, padding_160, pixelPerThread_2
12642 - OpenCL, Ldg, bs_64x2, padding_480, pixelPerThread_3
13851 - OpenCL, Ldg, LocalMemory, bs_1024x1, padding_352, pixelPerThread_4
9779 - OpenCL, Array2D, bs_64x2, padding_416, pixelPerThread_4
11175 - OpenCL, Array2D, LocalMemory, bs_64x2, padding_160, pixelPerThread_4
24952 - CUDA, Array2D, LocalMemory, bs_128x4, padding_512, pixelPerThread_1
23699 - CUDA, Array2D, bs_512x1, padding_256, pixelPerThread_4
23504 - CUDA, Array2D, bs_128x4, padding_352, pixelPerThread_1
3790 - OpenCL, Linear1D, bs_512x2, padding_384, pixelPerThread_3
13670 - OpenCL, Ldg, LocalMemory, bs_512x1, padding_0, pixelPerThread_3
25277 - CUDA, Array2D, LocalMemory, bs_1024x1, padding_384, pixelPerThread_2
7334 - OpenCL, Linear2D, LocalMemory, bs_32x16, padding_448, pixelPerThread_3
25072 - CUDA, Array2D, LocalMemory, bs_256x4, padding_384, pixelPerThread_1
9286 - OpenCL, Array2D, bs_128x8, padding_288, pixelPerThread_3
23036 - CUDA, Array2D, bs_32x16, padding_416, pixelPerThread_1
4376 - OpenCL, Linear1D, LocalMemory, bs_32x8, padding_192, pixelPerThread_1
7361 - OpenCL, Linear2D, LocalMemory, bs_32x32, padding_128, pixelPerThread_2
5643 - OpenCL, Linear1D, LocalMemory, bs_256x1, padding_512, pixelPerThread_4
11758 - OpenCL, Ldg, bs_64x1, padding_480, pixelPerThread_3
24851 - CUDA, Array2D, LocalMemory, bs_128x2, padding_224, pixelPerThread_4
11365 - OpenCL, Array2D, LocalMemory, bs_256x2, padding_64, pixelPerThread_2
10532 - OpenCL, Array2D, LocalMemory, bs_128x1, padding_480, pixelPerThread_1
14215 - OpenCL, Ldg, LocalMemory, bs_256x2, padding_0, pixelPerThread_4
4155 - OpenCL, Linear1D, bs_256x1, padding_32, pixelPerThread_4
5579 - OpenCL, Linear1D, LocalMemory, bs_256x1, padding_0, pixelPerThread_4
23889 - CUDA, Array2D, bs_32x2, padding_160, pixelPerThread_2
14202 - OpenCL, Ldg, LocalMemory, bs_256x1, padding_448, pixelPerThread_3
16661 - CUDA, LocalMemory, bs_1024x1, padding_0, pixelPerThread_2
9043 - OpenCL, Array2D, bs_64x16, padding_512, pixelPerThread_4
11278 - OpenCL, Array2D, LocalMemory, bs_64x8, padding_448, pixelPerThread_3
16442 - CUDA, LocalMemory, bs_128x8, padding_416, pixelPerThread_3
4592 - OpenCL, Linear1D, LocalMemory, bs_64x1, padding_288, pixelPerThread_1
8731 - OpenCL, Array2D, bs_32x16, padding_192, pixelPerThread_4
3349 - OpenCL, Linear1D, bs_128x1, padding_128, pixelPerThread_2
28062 - CUDA, Ldg, LocalMemory, bs_512x2, padding_352, pixelPerThread_3
25334 - CUDA, Array2D, LocalMemory, bs_32x2, padding_288, pixelPerThread_3
5403 - OpenCL, Linear1D, LocalMemory, bs_32x4, padding_224, pixelPerThread_4
3814 - OpenCL, Linear1D, bs_1024x1, padding_32, pixelPerThread_3
8742 - OpenCL, Array2D, bs_32x16, padding_288, pixelPerThread_3
4078 - OpenCL, Linear1D, bs_64x2, padding_512, pixelPerThread_3
12138 - OpenCL, Ldg, bs_128x8, padding_256, pixelPerThread_3
22940 - CUDA, Array2D, bs_32x8, padding_192, pixelPerThread_1
5502 - OpenCL, Linear1D, LocalMemory, bs_64x2, padding_480, pixelPerThread_3
11061 - OpenCL, Array2D, LocalMemory, bs_32x2, padding_352, pixelPerThread_2
23629 - CUDA, Array2D, bs_256x4, padding_256, pixelPerThread_2
19378 - CUDA, Linear1D, LocalMemory, bs_256x4, padding_512, pixelPerThread_3
23644 - CUDA, Array2D, bs_256x4, padding_384, pixelPerThread_1
22982 - CUDA, Array2D, bs_32x8, padding_512, pixelPerThread_3
9431 - OpenCL, Array2D, bs_512x1, padding_352, pixelPerThread_4
13858 - OpenCL, Ldg, LocalMemory, bs_1024x1, padding_416, pixelPerThread_3
24642 - CUDA, Array2D, LocalMemory, bs_64x4, padding_192, pixelPerThread_3
8132 - OpenCL, Linear2D, LocalMemory, bs_1024x1, padding_320, pixelPerThread_1
23875 - CUDA, Array2D, bs_32x2, padding_32, pixelPerThread_4
10550 - OpenCL, Array2D, LocalMemory, bs_128x2, padding_64, pixelPerThread_3
23795 - CUDA, Array2D, bs_512x2, padding_480, pixelPerThread_4
7069 - OpenCL, Linear2D, bs_256x1, padding_512, pixelPerThread_2
8066 - OpenCL, Linear2D, LocalMemory, bs_512x2, padding_320, pixelPerThread_3
7182 - OpenCL, Linear2D, LocalMemory, bs_32x1, padding_320, pixelPerThread_3
7380 - OpenCL, Linear2D, LocalMemory, bs_32x32, padding_288, pixelPerThread_1
12164 - OpenCL, Ldg, bs_128x8, padding_480, pixelPerThread_1
24017 - CUDA, Array2D, bs_64x2, padding_96, pixelPerThread_2
23453 - CUDA, Array2D, bs_128x2, padding_480, pixelPerThread_2
6852 - OpenCL, Linear2D, bs_32x4, padding_416, pixelPerThread_1
24535 - CUDA, Array2D, LocalMemory, bs_32x32, padding_416, pixelPerThread_4
14070 - OpenCL, Ldg, LocalMemory, bs_64x2, padding_480, pixelPerThread_3
25464 - CUDA, Array2D, LocalMemory, bs_64x2, padding_256, pixelPerThread_1
24008 - CUDA, Array2D, bs_64x2, padding_32, pixelPerThread_1
23482 - CUDA, Array2D, bs_128x4, padding_160, pixelPerThread_3
13646 - OpenCL, Ldg, LocalMemory, bs_256x4, padding_352, pixelPerThread_3
11058 - OpenCL, Array2D, LocalMemory, bs_32x2, padding_320, pixelPerThread_3
8927 - OpenCL, Array2D, bs_64x4, padding_128, pixelPerThread_4
7731 - OpenCL, Linear2D, LocalMemory, bs_128x2, padding_352, pixelPerThread_4
8333 - OpenCL, Linear2D, LocalMemory, bs_64x2, padding_288, pixelPerThread_2
11176 - OpenCL, Array2D, LocalMemory, bs_64x2, padding_192, pixelPerThread_1
13426 - OpenCL, Ldg, LocalMemory, bs_128x2, padding_224, pixelPerThread_3
9479 - OpenCL, Array2D, bs_512x2, padding_192, pixelPerThread_4
24908 - CUDA, Array2D, LocalMemory, bs_128x4, padding_160, pixelPerThread_1
6161 - OpenCL, Linear2D, bs_64x16, padding_320, pixelPerThread_2
5725 - OpenCL, Linear2D, bs_32x1, padding_96, pixelPerThread_2
12177 - OpenCL, Ldg, bs_256x4, padding_32, pixelPerThread_2
12527 - OpenCL, Ldg, bs_32x4, padding_96, pixelPerThread_4
11329 - OpenCL, Array2D, LocalMemory, bs_256x1, padding_320, pixelPerThread_2
7744 - OpenCL, Linear2D, LocalMemory, bs_128x2, padding_480, pixelPerThread_1
24650 - CUDA, Array2D, LocalMemory, bs_64x4, padding_256, pixelPerThread_3
21682 - CUDA, Linear2D, LocalMemory, bs_32x32, padding_448, pixelPerThread_3
8848 - OpenCL, Array2D, bs_64x1, padding_64, pixelPerThread_1
25567 - CUDA, Array2D, LocalMemory, bs_64x8, padding_512, pixelPerThread_4
12898 - OpenCL, Ldg, LocalMemory, bs_32x1, padding_352, pixelPerThread_3
12276 - OpenCL, Ldg, bs_512x1, padding_288, pixelPerThread_1
6924 - OpenCL, Linear2D, bs_64x2, padding_448, pixelPerThread_1
8561 - OpenCL, Linear2D, LocalMemory, bs_256x2, padding_480, pixelPerThread_2
25689 - CUDA, Array2D, LocalMemory, bs_256x2, padding_416, pixelPerThread_2
5125 - OpenCL, Linear1D, LocalMemory, bs_512x1, padding_192, pixelPerThread_2
8664 - OpenCL, Array2D, bs_32x8, padding_224, pixelPerThread_1
5869 - OpenCL, Linear2D, bs_32x16, padding_160, pixelPerThread_2
9221 - OpenCL, Array2D, bs_128x4, padding_320, pixelPerThread_2
13455 - OpenCL, Ldg, LocalMemory, bs_128x2, padding_448, pixelPerThread_4
10479 - OpenCL, Array2D, LocalMemory, bs_128x1, padding_32, pixelPerThread_4
3376 - OpenCL, Linear1D, bs_128x1, padding_352, pixelPerThread_1
12242 - OpenCL, Ldg, bs_512x1, padding_0, pixelPerThread_3
10924 - OpenCL, Array2D, LocalMemory, bs_512x2, padding_352, pixelPerThread_1
4971 - OpenCL, Linear1D, LocalMemory, bs_128x8, padding_32, pixelPerThread_4
8054 - OpenCL, Linear2D, LocalMemory, bs_512x2, padding_224, pixelPerThread_3
12010 - OpenCL, Ldg, bs_128x2, padding_320, pixelPerThread_3
24771 - CUDA, Array2D, LocalMemory, bs_128x1, padding_128, pixelPerThread_4
14103 - OpenCL, Ldg, LocalMemory, bs_64x8, padding_192, pixelPerThread_4
23580 - CUDA, Array2D, bs_128x8, padding_416, pixelPerThread_1
16474 - CUDA, LocalMemory, bs_256x4, padding_128, pixelPerThread_3
3966 - OpenCL, Linear1D, bs_32x4, padding_160, pixelPerThread_3
5720 - OpenCL, Linear2D, bs_32x1, padding_64, pixelPerThread_1
3022 - OpenCL, Linear1D, bs_32x16, padding_224, pixelPerThread_3
9759 - OpenCL, Array2D, bs_64x2, padding_256, pixelPerThread_4
8527 - OpenCL, Linear2D, LocalMemory, bs_256x2, padding_192, pixelPerThread_4
7821 - OpenCL, Linear2D, LocalMemory, bs_128x8, padding_0, pixelPerThread_2
23260 - CUDA, Array2D, bs_64x16, padding_32, pixelPerThread_1
16661 - CUDA, LocalMemory, bs_1024x1, padding_0, pixelPerThread_2
11842 - OpenCL, Ldg, bs_64x16, padding_64, pixelPerThread_3
3441 - OpenCL, Linear1D, bs_128x2, padding_320, pixelPerThread_2
11060 - OpenCL, Array2D, LocalMemory, bs_32x2, padding_352, pixelPerThread_1
5552 - OpenCL, Linear1D, LocalMemory, bs_64x8, padding_352, pixelPerThread_1
12718 - OpenCL, Ldg, bs_256x1, padding_0, pixelPerThread_3
25625 - CUDA, Array2D, LocalMemory, bs_256x1, padding_448, pixelPerThread_2
6650 - OpenCL, Linear2D, bs_512x2, padding_416, pixelPerThread_3
8913 - OpenCL, Array2D, bs_64x4, padding_32, pixelPerThread_2
10849 - OpenCL, Array2D, LocalMemory, bs_512x1, padding_288, pixelPerThread_2
25540 - CUDA, Array2D, LocalMemory, bs_64x8, padding_320, pixelPerThread_1
13281 - OpenCL, Ldg, LocalMemory, bs_64x16, padding_160, pixelPerThread_2
13548 - OpenCL, Ldg, LocalMemory, bs_128x8, padding_128, pixelPerThread_1
23772 - CUDA, Array2D, bs_512x2, padding_320, pixelPerThread_1
8426 - OpenCL, Linear2D, LocalMemory, bs_64x8, padding_480, pixelPerThread_3
7528 - OpenCL, Linear2D, LocalMemory, bs_64x4, padding_384, pixelPerThread_1
10044 - OpenCL, Array2D, LocalMemory, bs_32x1, padding_384, pixelPerThread_1
12288 - OpenCL, Ldg, bs_512x1, padding_384, pixelPerThread_1
8110 - OpenCL, Linear2D, LocalMemory, bs_1024x1, padding_128, pixelPerThread_3
3459 - OpenCL, Linear1D, bs_128x2, padding_448, pixelPerThread_4
12728 - OpenCL, Ldg, bs_256x1, padding_96, pixelPerThread_1
24932 - CUDA, Array2D, LocalMemory, bs_128x4, padding_352, pixelPerThread_1
25535 - CUDA, Array2D, LocalMemory, bs_64x8, padding_256, pixelPerThread_4
9008 - OpenCL, Array2D, bs_64x16, padding_256, pixelPerThread_1
11547 - OpenCL, Ldg, bs_32x8, padding_416, pixelPerThread_4
23771 - CUDA, Array2D, bs_512x2, padding_288, pixelPerThread_4
7751 - OpenCL, Linear2D, LocalMemory, bs_128x2, padding_512, pixelPerThread_4
21846 - CUDA, Linear2D, LocalMemory, bs_64x16, padding_128, pixelPerThread_3
13336 - OpenCL, Ldg, LocalMemory, bs_128x1, padding_64, pixelPerThread_1
9875 - OpenCL, Array2D, bs_256x1, padding_96, pixelPerThread_4
4019 - OpenCL, Linear1D, bs_64x2, padding_32, pixelPerThread_4
3288 - OpenCL, Linear1D, bs_64x16, padding_192, pixelPerThread_1
24510 - CUDA, Array2D, LocalMemory, bs_32x32, padding_224, pixelPerThread_3
6326 - OpenCL, Linear2D, bs_128x4, padding_0, pixelPerThread_3
11384 - OpenCL, Array2D, LocalMemory, bs_256x2, padding_224, pixelPerThread_1
25085 - CUDA, Array2D, LocalMemory, bs_256x4, padding_480, pixelPerThread_2
24861 - CUDA, Array2D, LocalMemory, bs_128x2, padding_320, pixelPerThread_2
24541 - CUDA, Array2D, LocalMemory, bs_32x32, padding_480, pixelPerThread_2
9472 - OpenCL, Array2D, bs_512x2, padding_160, pixelPerThread_1
24999 - CUDA, Array2D, LocalMemory, bs_128x8, padding_320, pixelPerThread_4
9803 - OpenCL, Array2D, bs_64x8, padding_64, pixelPerThread_4
8363 - OpenCL, Linear2D, LocalMemory, bs_64x2, padding_512, pixelPerThread_4
11378 - OpenCL, Array2D, LocalMemory, bs_256x2, padding_160, pixelPerThread_3
7031 - OpenCL, Linear2D, bs_256x1, padding_192, pixelPerThread_4
4674 - OpenCL, Linear1D, LocalMemory, bs_64x4, padding_384, pixelPerThread_3
4989 - OpenCL, Linear1D, LocalMemory, bs_128x8, padding_192, pixelPerThread_2
8258 - OpenCL, Linear2D, LocalMemory, bs_32x4, padding_224, pixelPerThread_3
8988 - OpenCL, Array2D, bs_64x16, padding_96, pixelPerThread_1
7335 - OpenCL, Linear2D, LocalMemory, bs_32x16, padding_448, pixelPerThread_4
25544 - CUDA, Array2D, LocalMemory, bs_64x8, padding_352, pixelPerThread_1
11150 - OpenCL, Array2D, LocalMemory, bs_32x4, padding_512, pixelPerThread_3
24362 - CUDA, Array2D, LocalMemory, bs_32x8, padding_128, pixelPerThread_3
9944 - OpenCL, Array2D, bs_256x2, padding_128, pixelPerThread_1
11389 - OpenCL, Array2D, LocalMemory, bs_256x2, padding_256, pixelPerThread_2
8681 - OpenCL, Array2D, bs_32x8, padding_352, pixelPerThread_2
7579 - OpenCL, Linear2D, LocalMemory, bs_64x16, padding_224, pixelPerThread_4
9159 - OpenCL, Array2D, bs_128x2, padding_352, pixelPerThread_4
7146 - OpenCL, Linear2D, LocalMemory, bs_32x1, padding_32, pixelPerThread_3
13131 - OpenCL, Ldg, LocalMemory, bs_64x1, padding_32, pixelPerThread_4
10934 - OpenCL, Array2D, LocalMemory, bs_512x2, padding_416, pixelPerThread_3
11627 - OpenCL, Ldg, bs_32x16, padding_512, pixelPerThread_4
8866 - OpenCL, Array2D, bs_64x1, padding_192, pixelPerThread_3
24221 - CUDA, Array2D, bs_256x2, padding_96, pixelPerThread_2
7266 - OpenCL, Linear2D, LocalMemory, bs_32x8, padding_448, pixelPerThread_3
22988 - CUDA, Array2D, bs_32x16, padding_32, pixelPerThread_1
5920 - OpenCL, Linear2D, bs_32x32, padding_32, pixelPerThread_1
24726 - CUDA, Array2D, LocalMemory, bs_64x16, padding_320, pixelPerThread_3
23010 - CUDA, Array2D, bs_32x16, padding_192, pixelPerThread_3
25406 - CUDA, Array2D, LocalMemory, bs_32x4, padding_320, pixelPerThread_3
11379 - OpenCL, Array2D, LocalMemory, bs_256x2, padding_160, pixelPerThread_4
12663 - OpenCL, Ldg, bs_64x8, padding_96, pixelPerThread_4
7738 - OpenCL, Linear2D, LocalMemory, bs_128x2, padding_416, pixelPerThread_3
11229 - OpenCL, Array2D, LocalMemory, bs_64x8, padding_64, pixelPerThread_2
6274 - OpenCL, Linear2D, bs_128x2, padding_128, pixelPerThread_3
8913 - OpenCL, Array2D, bs_64x4, padding_32, pixelPerThread_2
8889 - OpenCL, Array2D, bs_64x1, padding_384, pixelPerThread_2
1842 - OpenCL, LocalMemory, bs_64x16, padding_32, pixelPerThread_3
7894 - OpenCL, Linear2D, LocalMemory, bs_256x4, padding_32, pixelPerThread_3
8168 - OpenCL, Linear2D, LocalMemory, bs_32x2, padding_64, pixelPerThread_1
23400 - CUDA, Array2D, bs_128x2, padding_64, pixelPerThread_1
13070 - OpenCL, Ldg, LocalMemory, bs_32x32, padding_96, pixelPerThread_3
6025 - OpenCL, Linear2D, bs_64x1, padding_320, pixelPerThread_2
24766 - CUDA, Array2D, LocalMemory, bs_128x1, padding_96, pixelPerThread_3
9117 - OpenCL, Array2D, bs_128x2, padding_32, pixelPerThread_2
11825 - OpenCL, Ldg, bs_64x4, padding_480, pixelPerThread_2
6004 - OpenCL, Linear2D, bs_64x1, padding_160, pixelPerThread_1
6657 - OpenCL, Linear2D, bs_512x2, padding_480, pixelPerThread_2
22975 - CUDA, Array2D, bs_32x8, padding_448, pixelPerThread_4
7516 - OpenCL, Linear2D, LocalMemory, bs_64x4, padding_288, pixelPerThread_1
3196 - OpenCL, Linear1D, bs_64x4, padding_0, pixelPerThread_1
4133 - OpenCL, Linear1D, bs_64x8, padding_416, pixelPerThread_2
25578 - CUDA, Array2D, LocalMemory, bs_256x1, padding_64, pixelPerThread_3
25373 - CUDA, Array2D, LocalMemory, bs_32x4, padding_64, pixelPerThread_2
4078 - OpenCL, Linear1D, bs_64x2, padding_512, pixelPerThread_3
4593 - OpenCL, Linear1D, LocalMemory, bs_64x1, padding_288, pixelPerThread_2
11593 - OpenCL, Ldg, bs_32x16, padding_256, pixelPerThread_2
23008 - CUDA, Array2D, bs_32x16, padding_192, pixelPerThread_1
4906 - OpenCL, Linear1D, LocalMemory, bs_128x4, padding_64, pixelPerThread_3
2908 - OpenCL, Linear1D, bs_32x1, padding_416, pixelPerThread_1
7494 - OpenCL, Linear2D, LocalMemory, bs_64x4, padding_96, pixelPerThread_3
12630 - OpenCL, Ldg, bs_64x2, padding_384, pixelPerThread_3
13752 - OpenCL, Ldg, LocalMemory, bs_512x2, padding_128, pixelPerThread_1
12944 - OpenCL, Ldg, LocalMemory, bs_32x8, padding_192, pixelPerThread_1
8937 - OpenCL, Array2D, bs_64x4, padding_224, pixelPerThread_2
5627 - OpenCL, Linear1D, LocalMemory, bs_256x1, padding_384, pixelPerThread_4
22390 - CUDA, Linear2D, LocalMemory, bs_1024x1, padding_128, pixelPerThread_3
11363 - OpenCL, Array2D, LocalMemory, bs_256x2, padding_32, pixelPerThread_4
21875 - CUDA, Linear2D, LocalMemory, bs_64x16, padding_352, pixelPerThread_4
13881 - OpenCL, Ldg, LocalMemory, bs_32x2, padding_64, pixelPerThread_2
24604 - CUDA, Array2D, LocalMemory, bs_64x1, padding_448, pixelPerThread_1
13556 - OpenCL, Ldg, LocalMemory, bs_128x8, padding_192, pixelPerThread_1
9171 - OpenCL, Array2D, bs_128x2, padding_448, pixelPerThread_4
4575 - OpenCL, Linear1D, LocalMemory, bs_64x1, padding_128, pixelPerThread_4
6507 - OpenCL, Linear2D, bs_256x4, padding_352, pixelPerThread_4
8143 - OpenCL, Linear2D, LocalMemory, bs_1024x1, padding_384, pixelPerThread_4
3087 - OpenCL, Linear1D, bs_32x32, padding_192, pixelPerThread_4
4757 - OpenCL, Linear1D, LocalMemory, bs_64x16, padding_512, pixelPerThread_2
12285 - OpenCL, Ldg, bs_512x1, padding_352, pixelPerThread_2
2151 - OpenCL, LocalMemory, bs_128x8, padding_320, pixelPerThread_4
24215 - CUDA, Array2D, bs_256x2, padding_32, pixelPerThread_4
13754 - OpenCL, Ldg, LocalMemory, bs_512x2, padding_128, pixelPerThread_3
8675 - OpenCL, Array2D, bs_32x8, padding_288, pixelPerThread_4
19266 - CUDA, Linear1D, LocalMemory, bs_128x8, padding_160, pixelPerThread_3
9399 - OpenCL, Array2D, bs_512x1, padding_96, pixelPerThread_4
11206 - OpenCL, Array2D, LocalMemory, bs_64x2, padding_416, pixelPerThread_3
9197 - OpenCL, Array2D, bs_128x4, padding_128, pixelPerThread_2
12000 - OpenCL, Ldg, bs_128x2, padding_256, pixelPerThread_1
11259 - OpenCL, Array2D, LocalMemory, bs_64x8, padding_288, pixelPerThread_4
6712 - OpenCL, Linear2D, bs_1024x1, padding_384, pixelPerThread_1
8369 - OpenCL, Linear2D, LocalMemory, bs_64x8, padding_32, pixelPerThread_2
2429 - OpenCL, LocalMemory, bs_1024x1, padding_384, pixelPerThread_2
9946 - OpenCL, Array2D, bs_256x2, padding_128, pixelPerThread_3
24921 - CUDA, Array2D, LocalMemory, bs_128x4, padding_256, pixelPerThread_2
24479 - CUDA, Array2D, LocalMemory, bs_32x16, padding_512, pixelPerThread_4
11691 - OpenCL, Ldg, bs_32x32, padding_480, pixelPerThread_4
12886 - OpenCL, Ldg, LocalMemory, bs_32x1, padding_256, pixelPerThread_3
25539 - CUDA, Array2D, LocalMemory, bs_64x8, padding_288, pixelPerThread_4
24328 - CUDA, Array2D, LocalMemory, bs_32x1, padding_416, pixelPerThread_1
5043 - OpenCL, Linear1D, LocalMemory, bs_256x4, padding_64, pixelPerThread_4
15926 - CUDA, LocalMemory, bs_32x32, padding_96, pixelPerThread_3
11953 - OpenCL, Ldg, bs_128x1, padding_416, pixelPerThread_2
25267 - CUDA, Array2D, LocalMemory, bs_1024x1, padding_288, pixelPerThread_4
11819 - OpenCL, Ldg, bs_64x4, padding_416, pixelPerThread_4
11786 - OpenCL, Ldg, bs_64x4, padding_160, pixelPerThread_3
7010 - OpenCL, Linear2D, bs_256x1, padding_32, pixelPerThread_3
9892 - OpenCL, Array2D, bs_256x1, padding_256, pixelPerThread_1
12004 - OpenCL, Ldg, bs_128x2, padding_288, pixelPerThread_1
24470 - CUDA, Array2D, LocalMemory, bs_32x16, padding_448, pixelPerThread_3
5098 - OpenCL, Linear1D, LocalMemory, bs_256x4, padding_512, pixelPerThread_3
3422 - OpenCL, Linear1D, bs_128x2, padding_160, pixelPerThread_3
5573 - OpenCL, Linear1D, LocalMemory, bs_64x8, padding_512, pixelPerThread_2
22342 - CUDA, Linear2D, LocalMemory, bs_512x2, padding_288, pixelPerThread_3
25490 - CUDA, Array2D, LocalMemory, bs_64x2, padding_448, pixelPerThread_3
2975 - OpenCL, Linear1D, bs_32x8, padding_384, pixelPerThread_4
5816 - OpenCL, Linear2D, bs_32x8, padding_288, pixelPerThread_1
7574 - OpenCL, Linear2D, LocalMemory, bs_64x16, padding_192, pixelPerThread_3
12217 - OpenCL, Ldg, bs_256x4, padding_352, pixelPerThread_2
4462 - OpenCL, Linear1D, LocalMemory, bs_32x16, padding_320, pixelPerThread_3
12574 - OpenCL, Ldg, bs_32x4, padding_480, pixelPerThread_3
11094 - OpenCL, Array2D, LocalMemory, bs_32x4, padding_64, pixelPerThread_3
23242 - CUDA, Array2D, bs_64x4, padding_416, pixelPerThread_3
3947 - OpenCL, Linear1D, bs_32x4, padding_0, pixelPerThread_4
10479 - OpenCL, Array2D, LocalMemory, bs_128x1, padding_32, pixelPerThread_4
4421 - OpenCL, Linear1D, LocalMemory, bs_32x16, padding_0, pixelPerThread_2
6940 - OpenCL, Linear2D, bs_64x8, padding_32, pixelPerThread_1
5119 - OpenCL, Linear1D, LocalMemory, bs_512x1, padding_128, pixelPerThread_4
2936 - OpenCL, Linear1D, bs_32x8, padding_96, pixelPerThread_1
12475 - OpenCL, Ldg, bs_32x2, padding_224, pixelPerThread_4
7787 - OpenCL, Linear2D, LocalMemory, bs_128x4, padding_256, pixelPerThread_4
24974 - CUDA, Array2D, LocalMemory, bs_128x8, padding_128, pixelPerThread_3
23620 - CUDA, Array2D, bs_256x4, padding_192, pixelPerThread_1
28030 - CUDA, Ldg, LocalMemory, bs_512x2, padding_96, pixelPerThread_3
23535 - CUDA, Array2D, bs_128x8, padding_32, pixelPerThread_4
24999 - CUDA, Array2D, LocalMemory, bs_128x8, padding_320, pixelPerThread_4
18995 - CUDA, Linear1D, LocalMemory, bs_64x16, padding_160, pixelPerThread_4
13224 - OpenCL, Ldg, LocalMemory, bs_64x4, padding_256, pixelPerThread_1
6002 - OpenCL, Linear2D, bs_64x1, padding_128, pixelPerThread_3
4211 - OpenCL, Linear1D, bs_256x1, padding_480, pixelPerThread_4
10031 - OpenCL, Array2D, LocalMemory, bs_32x1, padding_256, pixelPerThread_4
23608 - CUDA, Array2D, bs_256x4, padding_96, pixelPerThread_1
13652 - OpenCL, Ldg, LocalMemory, bs_256x4, padding_416, pixelPerThread_1
12671 - OpenCL, Ldg, bs_64x8, padding_160, pixelPerThread_4
22996 - CUDA, Array2D, bs_32x16, padding_96, pixelPerThread_1
27358 - CUDA, Ldg, LocalMemory, bs_32x32, padding_160, pixelPerThread_3
12103 - OpenCL, Ldg, bs_128x4, padding_512, pixelPerThread_4
23492 - CUDA, Array2D, bs_128x4, padding_256, pixelPerThread_1
7342 - OpenCL, Linear2D, LocalMemory, bs_32x16, padding_512, pixelPerThread_3
16666 - CUDA, LocalMemory, bs_1024x1, padding_32, pixelPerThread_3
24352 - CUDA, Array2D, LocalMemory, bs_32x8, padding_64, pixelPerThread_1
16506 - CUDA, LocalMemory, bs_256x4, padding_384, pixelPerThread_3
8047 - OpenCL, Linear2D, LocalMemory, bs_512x2, padding_160, pixelPerThread_4
11624 - OpenCL, Ldg, bs_32x16, padding_512, pixelPerThread_1
7507 - OpenCL, Linear2D, LocalMemory, bs_64x4, padding_192, pixelPerThread_4
23821 - CUDA, Array2D, bs_1024x1, padding_160, pixelPerThread_2
25468 - CUDA, Array2D, LocalMemory, bs_64x2, padding_288, pixelPerThread_1
8500 - OpenCL, Linear2D, LocalMemory, bs_256x2, padding_0, pixelPerThread_1
23713 - CUDA, Array2D, bs_512x1, padding_384, pixelPerThread_2
23818 - CUDA, Array2D, bs_1024x1, padding_128, pixelPerThread_3
10014 - OpenCL, Array2D, LocalMemory, bs_32x1, padding_128, pixelPerThread_3
8333 - OpenCL, Linear2D, LocalMemory, bs_64x2, padding_288, pixelPerThread_2
5785 - OpenCL, Linear2D, bs_32x8, padding_32, pixelPerThread_2
12661 - OpenCL, Ldg, bs_64x8, padding_96, pixelPerThread_2
12418 - OpenCL, Ldg, bs_1024x1, padding_320, pixelPerThread_3
11391 - OpenCL, Array2D, LocalMemory, bs_256x2, padding_256, pixelPerThread_4
4516 - OpenCL, Linear1D, LocalMemory, bs_32x32, padding_224, pixelPerThread_1
23553 - CUDA, Array2D, bs_128x8, padding_192, pixelPerThread_2
4623 - OpenCL, Linear1D, LocalMemory, bs_64x1, padding_512, pixelPerThread_4
5483 - OpenCL, Linear1D, LocalMemory, bs_64x2, padding_320, pixelPerThread_4
13015 - OpenCL, Ldg, LocalMemory, bs_32x16, padding_192, pixelPerThread_4
25074 - CUDA, Array2D, LocalMemory, bs_256x4, padding_384, pixelPerThread_3
15950 - CUDA, LocalMemory, bs_32x32, padding_288, pixelPerThread_3
25199 - CUDA, Array2D, LocalMemory, bs_512x2, padding_288, pixelPerThread_4
10223 - OpenCL, Array2D, LocalMemory, bs_32x32, padding_160, pixelPerThread_4
25620 - CUDA, Array2D, LocalMemory, bs_256x1, padding_416, pixelPerThread_1
8644 - OpenCL, Array2D, bs_32x8, padding_64, pixelPerThread_1
6565 - OpenCL, Linear2D, bs_512x1, padding_288, pixelPerThread_2
10787 - OpenCL, Array2D, LocalMemory, bs_256x4, padding_320, pixelPerThread_4
12074 - OpenCL, Ldg, bs_128x4, padding_288, pixelPerThread_3
12498 - OpenCL, Ldg, bs_32x2, padding_416, pixelPerThread_3
11402 - OpenCL, Array2D, LocalMemory, bs_256x2, padding_352, pixelPerThread_3
14077 - OpenCL, Ldg, LocalMemory, bs_64x8, padding_0, pixelPerThread_2
25033 - CUDA, Array2D, LocalMemory, bs_256x4, padding_64, pixelPerThread_2
10954 - OpenCL, Array2D, LocalMemory, bs_1024x1, padding_32, pixelPerThread_3
3016 - OpenCL, Linear1D, bs_32x16, padding_192, pixelPerThread_1
6098 - OpenCL, Linear2D, bs_64x4, padding_352, pixelPerThread_3
10803 - OpenCL, Array2D, LocalMemory, bs_256x4, padding_448, pixelPerThread_4
3544 - OpenCL, Linear1D, bs_128x8, padding_64, pixelPerThread_1
28150 - CUDA, Ldg, LocalMemory, bs_1024x1, padding_512, pixelPerThread_3
24059 - CUDA, Array2D, bs_64x2, padding_416, pixelPerThread_4
4967 - OpenCL, Linear1D, LocalMemory, bs_128x8, padding_0, pixelPerThread_4
11693 - OpenCL, Ldg, bs_32x32, padding_512, pixelPerThread_2
11531 - OpenCL, Ldg, bs_32x8, padding_288, pixelPerThread_4
5509 - OpenCL, Linear1D, LocalMemory, bs_64x8, padding_0, pixelPerThread_2
4946 - OpenCL, Linear1D, LocalMemory, bs_128x4, padding_384, pixelPerThread_3
5539 - OpenCL, Linear1D, LocalMemory, bs_64x8, padding_224, pixelPerThread_4
13840 - OpenCL, Ldg, LocalMemory, bs_1024x1, padding_288, pixelPerThread_1
5194 - OpenCL, Linear1D, LocalMemory, bs_512x2, padding_192, pixelPerThread_3
10757 - OpenCL, Array2D, LocalMemory, bs_256x4, padding_96, pixelPerThread_2
12835 - OpenCL, Ldg, bs_256x2, padding_384, pixelPerThread_4
13145 - OpenCL, Ldg, LocalMemory, bs_64x1, padding_160, pixelPerThread_2
14205 - OpenCL, Ldg, LocalMemory, bs_256x1, padding_480, pixelPerThread_2
11675 - OpenCL, Ldg, bs_32x32, padding_352, pixelPerThread_4
11832 - OpenCL, Ldg, bs_64x16, padding_0, pixelPerThread_1
10918 - OpenCL, Array2D, LocalMemory, bs_512x2, padding_288, pixelPerThread_3
24078 - CUDA, Array2D, bs_64x8, padding_32, pixelPerThread_3
12726 - OpenCL, Ldg, bs_256x1, padding_64, pixelPerThread_3
10124 - OpenCL, Array2D, LocalMemory, bs_32x8, padding_480, pixelPerThread_1
12895 - OpenCL, Ldg, LocalMemory, bs_32x1, padding_320, pixelPerThread_4
14011 - OpenCL, Ldg, LocalMemory, bs_64x2, padding_0, pixelPerThread_4
24110 - CUDA, Array2D, bs_64x8, padding_288, pixelPerThread_3
25522 - CUDA, Array2D, LocalMemory, bs_64x8, padding_160, pixelPerThread_3
3797 - OpenCL, Linear1D, bs_512x2, padding_448, pixelPerThread_2
22956 - CUDA, Array2D, bs_32x8, padding_320, pixelPerThread_1
11464 - OpenCL, Ldg, bs_32x1, padding_320, pixelPerThread_1
11527 - OpenCL, Ldg, bs_32x8, padding_256, pixelPerThread_4
12262 - OpenCL, Ldg, bs_512x1, padding_160, pixelPerThread_3
5731 - OpenCL, Linear2D, bs_32x1, padding_128, pixelPerThread_4
22383 - CUDA, Linear2D, LocalMemory, bs_1024x1, padding_64, pixelPerThread_4
25019 - CUDA, Array2D, LocalMemory, bs_128x8, padding_480, pixelPerThread_4
3360 - OpenCL, Linear1D, bs_128x1, padding_224, pixelPerThread_1
21831 - CUDA, Linear2D, LocalMemory, bs_64x16, padding_0, pixelPerThread_4
12988 - OpenCL, Ldg, LocalMemory, bs_32x16, padding_0, pixelPerThread_1
7860 - OpenCL, Linear2D, LocalMemory, bs_128x8, padding_320, pixelPerThread_1
10913 - OpenCL, Array2D, LocalMemory, bs_512x2, padding_256, pixelPerThread_2
4227 - OpenCL, Linear1D, bs_256x2, padding_64, pixelPerThread_4
7821 - OpenCL, Linear2D, LocalMemory, bs_128x8, padding_0, pixelPerThread_2
11799 - OpenCL, Ldg, bs_64x4, padding_256, pixelPerThread_4
7389 - OpenCL, Linear2D, LocalMemory, bs_32x32, padding_352, pixelPerThread_2
27854 - CUDA, Ldg, LocalMemory, bs_128x8, padding_320, pixelPerThread_3
12105 - OpenCL, Ldg, bs_128x8, padding_0, pixelPerThread_2
4513 - OpenCL, Linear1D, LocalMemory, bs_32x32, padding_192, pixelPerThread_2
3055 - OpenCL, Linear1D, bs_32x16, padding_480, pixelPerThread_4
9120 - OpenCL, Array2D, bs_128x2, padding_64, pixelPerThread_1
6020 - OpenCL, Linear2D, bs_64x1, padding_288, pixelPerThread_1
7492 - OpenCL, Linear2D, LocalMemory, bs_64x4, padding_96, pixelPerThread_1
12235 - OpenCL, Ldg, bs_256x4, padding_480, pixelPerThread_4
8362 - OpenCL, Linear2D, LocalMemory, bs_64x2, padding_512, pixelPerThread_3
10650 - OpenCL, Array2D, LocalMemory, bs_128x4, padding_320, pixelPerThread_3
6851 - OpenCL, Linear2D, bs_32x4, padding_384, pixelPerThread_4
11855 - OpenCL, Ldg, bs_64x16, padding_160, pixelPerThread_4
23068 - CUDA, Array2D, bs_32x32, padding_128, pixelPerThread_1
23563 - CUDA, Array2D, bs_128x8, padding_256, pixelPerThread_4
11936 - OpenCL, Ldg, bs_128x1, padding_288, pixelPerThread_1
