Current machine learning settings: epsilon:0 lossFunction:RELATIVE parallelization:True bagging:False baggingNumbers:3 considerEpsilonTube:False baggingTestDataFraction:50 useBackward:False abortError:1 limitFeatureSize:False featureSizeTreshold:4 quadraticFunctionSupport:True crossValidation:False crossValidation-k:5 learn-logFunction:False learn-accumulatedLogFunction:False learn-asymFunction:False learn-ratioFunction:False learn-mirrowedFunction:False learn-numeric-disabled:True numberOfRounds:70 backwardErrorDelta:1 minImprovementPerRound:0.1 withHierarchy:False bruteForceCandidates:False ignoreBadFeatures:False stopOnLongRound:True candidateSizePenalty:True learnTimeLimit:00:00:00 scoreMeasure:RELERROR outputRoundsToStdout:False debug:False pythonInfluenceAnalysis:False blacklisted: 
command: mlsettings bagging:False stopOnLongRound:False parallelization:True lossFunction:RELATIVE useBackward:False abortError:1 limitFeatureSize:False featureSizeTreshold:7 quadraticFunctionSupport:True crossValidation:False learn_logFunction:True numberOfRounds:70 backwardErrorDelta:1 minImprovementPerRound:0.25 withHierarchy:False
Current machine learning settings: epsilon:0 lossFunction:RELATIVE parallelization:True bagging:False baggingNumbers:3 considerEpsilonTube:False baggingTestDataFraction:50 useBackward:False abortError:1 limitFeatureSize:False featureSizeTreshold:7 quadraticFunctionSupport:True crossValidation:False crossValidation-k:5 learn-logFunction:True learn-accumulatedLogFunction:False learn-asymFunction:False learn-ratioFunction:False learn-mirrowedFunction:False learn-numeric-disabled:True numberOfRounds:70 backwardErrorDelta:1 minImprovementPerRound:0.25 withHierarchy:False bruteForceCandidates:False ignoreBadFeatures:False stopOnLongRound:False candidateSizePenalty:True learnTimeLimit:00:00:00 scoreMeasure:RELERROR outputRoundsToStdout:False debug:False pythonInfluenceAnalysis:False blacklisted: 
command: solver z3
command: vm /scratch/kallistos/Distance-Based_Data/SupplementaryWebsite/MeasuredPerformanceValues/7z/FeatureModel.xml
command: all /scratch/kallistos/Distance-Based_Data/SupplementaryWebsite/MeasuredPerformanceValues/7z/measurements.xml
Configs with too large deviation: 0
68640 configurations loaded.
command: nfp Performance
command: setsampleset /scratch/kallistos/Distance-Based_Data/Results/7z/7z_48/sampledConfigurations_grammarBased_t2.csv
command: learn-splconqueror
Learning: NumberOfConfigurationsLearning:600 NumberOfConfigurationsValidation:600
Learning progress:
1;7382.19512195129 * CompressionMethod + 21335.7678410117 * x_10;111.713567234183;111.713567234183;111.713567234183;111.713567234183;0.189107;2;21335.7678410117 * x_10;1;67.4184059408311;
2;5341.58690176326 * CompressionMethod + 23376.3760611998 * x_10 + 10568.202571921 * x_8;80.1696867561692;80.1696867561692;80.1696867561692;80.1696867561692;0.627253;3;10568.202571921 * x_8;1;31.5438804780135;
3;3537.60655737711 * CompressionMethod + 25180.3564055859 * x_10 + 12372.1829163071 * x_8 + 7784.56735566642 * x_6;57.8617456972551;57.8617456972551;57.8617456972551;57.8617456972551;1.437843;4;7784.56735566642 * x_6;1;22.3079410589141;
4;3537.60655737711 * CompressionMethod + 30845.68756027 * x_10 + 12372.1829163071 * x_8 + 7784.56735566641 * x_6 + -26602.4245524298 * x_10 * PPMd;49.4478837656912;49.4478837656912;49.4478837656912;49.4478837656912;2.570434;6;-26602.4245524298 * x_10 * PPMd;2;4.20693096578194;
5;1982.79338731497 * CompressionMethod + 31025.9557539004 * x_10 + 12552.4511099375 * x_8 + 7471.79224253328 * x_6 + -25227.8795759981 * x_10 * PPMd + 6872.72488215852 * BZip2;42.9308434737519;42.9308434737519;42.9308434737519;42.9308434737519;4.236035;7;6872.72488215852 * BZip2;1;6.51704029193925;
6;2088.1175248013 * CompressionMethod + 31013.7442596991 * x_10 + 15000.2924526106 * x_8 + 7492.97984864071 * x_6 + -25320.9922192829 * x_10 * PPMd + 6407.16166573336 * BZip2 + -10622.9554319573 * x_8 * PPMd;36.8376397531324;36.8376397531324;36.8376397531324;36.8376397531324;6.520126;9;-10622.9554319573 * x_8 * PPMd;2;3.04660186030976;
7;2379.04384884207 * CompressionMethod + 38487.9717515255 * x_10 + 15044.0729079653 * x_8 + 7551.50425251589 * x_6 + -33086.1460351503 * x_10 * PPMd + 5121.18298700271 * BZip2 + -10957.6622113525 * x_8 * PPMd + -22792.0156003676 * x_10 * LZMA2;30.9008819118341;30.9008819118341;30.9008819118341;30.9008819118341;9.427467;11;-22792.0156003676 * x_10 * LZMA2;2;2.96837892064918;
8;2804.13425065154 * CompressionMethod + 49409.026689381 * x_10 + 15108.0432324785 * x_8 + 7637.01786989324 * x_6 + -44432.2913748151 * x_10 * PPMd + 3242.16019639544 * BZip2 + -11446.7229376755 * x_8 * PPMd + -34138.1609400327 * x_10 * LZMA2 + -34154.8276066991 * x_10 * LZMA;26.0059340925476;26.0059340925476;26.0059340925476;26.0059340925476;13.108539;13;-34154.8276066991 * x_10 * LZMA;2;2.44747390964324;
9;2647.85503062128 * CompressionMethod + 49264.1882000629 * x_10 + 15084.5253351619 * x_8 + 4973.87644428417 * x_6 + -44131.1736654668 * x_10 * PPMd + 3932.95964725374 * BZip2 + -11266.9258203286 * x_8 * PPMd + -33837.0432306842 * x_10 * LZMA2 + -33853.7098973508 * x_10 * LZMA + 9684.66852509465 * x_6 * LZMA;21.3091609579859;21.3091609579859;21.3091609579859;21.3091609579859;17.690932;15;9684.66852509465 * x_6 * LZMA;2;2.34838656728083;
10;2454.68894315052 * CompressionMethod + 49391.0379238936 * x_10 + 15072.2783422924 * x_8 + 5110.27479290557 * x_6 + -44064.8573018268 * x_10 * PPMd + 4085.09718736962 * BZip2 + -11061.5127399883 * x_8 * PPMd + -33770.7268670441 * x_10 * LZMA2 + -34499.42539269 * x_10 * LZMA + 9029.40440496446 * x_6 * LZMA + 712.03185897925 * LZMA;19.2560224712307;19.2560224712307;19.2560224712307;19.2560224712307;23.247396;16;712.03185897925 * LZMA;1;2.05313848675526;
11;2215.0017732885 * CompressionMethod + 49274.4625265782 * x_10 + 15042.0143323449 * x_8 + 2208.91713371254 * x_6 + -43708.5947346493 * x_10 * PPMd + 4902.40542971778 * BZip2 + -10791.5615601789 * x_8 * PPMd + -33414.4642998668 * x_10 * LZMA2 + -34388.9027973642 * x_10 * LZMA + 11924.7092621681 * x_6 * LZMA + 957.771830830876 * LZMA + 11876.081092999 * x_6 * LZMA2;15.8456650373213;15.8456650373213;15.8456650373213;15.8456650373213;30.175364;18;11876.081092999 * x_6 * LZMA2;2;1.7051787169547;
12;1871.58085453529 * CompressionMethod + 49491.1754422304 * x_10 + 14944.570690546 * x_8 + 2409.84635347685 * x_6 + -43581.8867315484 * x_10 * PPMd + 5193.08849565535 * BZip2 + -10350.6969996269 * x_8 * PPMd + -34751.3756300911 * x_10 * LZMA2 + -34625.104441376 * x_10 * LZMA + 11704.2913140446 * x_6 * LZMA + 1320.68147794355 * LZMA + 10554.9534586621 * x_6 * LZMA2 + 1463.61933332579 * LZMA2;13.0338146223483;13.0338146223483;13.0338146223483;13.0338146223483;38.358085;19;1463.61933332579 * LZMA2;1;2.81185041497299;
13;1913.86902859101 * CompressionMethod + 49500.1905394731 * x_10 + 14951.5383024049 * x_8 + 2790.54004544594 * x_6 + -43633.1900028467 * x_10 * PPMd + 5075.39275561762 * BZip2 + -10399.9527855414 * x_8 * PPMd + -34758.6171534064 * x_10 * LZMA2 + -34632.7260162469 * x_10 * LZMA + 11324.9911444467 * x_6 * LZMA + 1276.99978151623 * LZMA + 10176.0333406206 * x_6 * LZMA2 + 1419.55758534239 * LZMA2 + -2069.96462959252 * x_6 * PPMd;12.0990061129517;12.0990061129517;12.0990061129517;12.0990061129517;48.119929;21;-2069.96462959252 * x_6 * PPMd;2;0.467404254698286;
14;1954.48103420791 * CompressionMethod + 49123.6936926902 * x_10 + 14958.2297403366 * x_8 + 2817.20819222356 * x_6 + -43515.0012480263 * x_10 * PPMd + 4962.36209959533 * BZip2 + -10447.2562290899 * x_8 * PPMd + -34380.4170315136 * x_10 * LZMA2 + -34533.0581033193 * x_10 * LZMA + 11299.6612852559 * x_6 * LZMA + 1235.04948831291 * LZMA + 10151.0684689533 * x_6 * LZMA2 + 1377.24230461526 * LZMA2 + -2137.24478198675 * x_6 * PPMd + 5007.00998595126 * x_10 * BlockSize_32;12.0029568296929;12.0029568296929;12.0029568296929;12.0029568296929;59.389217;23;5007.00998595126 * x_10 * BlockSize_32;2;0.0480246416293957;
Elapsed=00:00:59.4003837
average model: 
command: analyze-learning
Round, Model, LearningError, LearningErrorRel, ValidationError, ValidationErrorRel, ElapsedSeconds, ModelComplexity, BestCandidate, BestCandidateSize, BestCandidateScore, TestError
Models:
Termination reason: minImprovementPerRound
1;7382.19512195129 * CompressionMethod + 21335.7678410117 * x_10;111.713567234183;111.713567234183;111.713567234183;111.713567234183;0.189107;2;21335.7678410117 * x_10;1;67.4184059408311;112.524406947896
2;5341.58690176326 * CompressionMethod + 23376.3760611998 * x_10 + 10568.202571921 * x_8;80.1696867561692;80.1696867561692;80.1696867561692;80.1696867561692;0.627253;3;10568.202571921 * x_8;1;31.5438804780135;78.8099207781202
3;3537.60655737711 * CompressionMethod + 25180.3564055859 * x_10 + 12372.1829163071 * x_8 + 7784.56735566642 * x_6;57.8617456972551;57.8617456972551;57.8617456972551;57.8617456972551;1.437843;4;7784.56735566642 * x_6;1;22.3079410589141;60.3948783791146
4;3537.60655737711 * CompressionMethod + 30845.68756027 * x_10 + 12372.1829163071 * x_8 + 7784.56735566641 * x_6 + -26602.4245524298 * x_10 * PPMd;49.4478837656912;49.4478837656912;49.4478837656912;49.4478837656912;2.570434;6;-26602.4245524298 * x_10 * PPMd;2;4.20693096578194;52.950821320296
5;1982.79338731497 * CompressionMethod + 31025.9557539004 * x_10 + 12552.4511099375 * x_8 + 7471.79224253328 * x_6 + -25227.8795759981 * x_10 * PPMd + 6872.72488215852 * BZip2;42.9308434737519;42.9308434737519;42.9308434737519;42.9308434737519;4.236035;7;6872.72488215852 * BZip2;1;6.51704029193925;45.5396625286483
6;2088.1175248013 * CompressionMethod + 31013.7442596991 * x_10 + 15000.2924526106 * x_8 + 7492.97984864071 * x_6 + -25320.9922192829 * x_10 * PPMd + 6407.16166573336 * BZip2 + -10622.9554319573 * x_8 * PPMd;36.8376397531324;36.8376397531324;36.8376397531324;36.8376397531324;6.520126;9;-10622.9554319573 * x_8 * PPMd;2;3.04660186030976;39.8224820367181
7;2379.04384884207 * CompressionMethod + 38487.9717515255 * x_10 + 15044.0729079653 * x_8 + 7551.50425251589 * x_6 + -33086.1460351503 * x_10 * PPMd + 5121.18298700271 * BZip2 + -10957.6622113525 * x_8 * PPMd + -22792.0156003676 * x_10 * LZMA2;30.9008819118341;30.9008819118341;30.9008819118341;30.9008819118341;9.427467;11;-22792.0156003676 * x_10 * LZMA2;2;2.96837892064918;35.5642011094589
8;2804.13425065154 * CompressionMethod + 49409.026689381 * x_10 + 15108.0432324785 * x_8 + 7637.01786989324 * x_6 + -44432.2913748151 * x_10 * PPMd + 3242.16019639544 * BZip2 + -11446.7229376755 * x_8 * PPMd + -34138.1609400327 * x_10 * LZMA2 + -34154.8276066991 * x_10 * LZMA;26.0059340925476;26.0059340925476;26.0059340925476;26.0059340925476;13.108539;13;-34154.8276066991 * x_10 * LZMA;2;2.44747390964324;30.7005569930216
9;2647.85503062128 * CompressionMethod + 49264.1882000629 * x_10 + 15084.5253351619 * x_8 + 4973.87644428417 * x_6 + -44131.1736654668 * x_10 * PPMd + 3932.95964725374 * BZip2 + -11266.9258203286 * x_8 * PPMd + -33837.0432306842 * x_10 * LZMA2 + -33853.7098973508 * x_10 * LZMA + 9684.66852509465 * x_6 * LZMA;21.3091609579859;21.3091609579859;21.3091609579859;21.3091609579859;17.690932;15;9684.66852509465 * x_6 * LZMA;2;2.34838656728083;24.5838545378309
10;2454.68894315052 * CompressionMethod + 49391.0379238936 * x_10 + 15072.2783422924 * x_8 + 5110.27479290557 * x_6 + -44064.8573018268 * x_10 * PPMd + 4085.09718736962 * BZip2 + -11061.5127399883 * x_8 * PPMd + -33770.7268670441 * x_10 * LZMA2 + -34499.42539269 * x_10 * LZMA + 9029.40440496446 * x_6 * LZMA + 712.03185897925 * LZMA;19.2560224712307;19.2560224712307;19.2560224712307;19.2560224712307;23.247396;16;712.03185897925 * LZMA;1;2.05313848675526;22.7616191670388
11;2215.0017732885 * CompressionMethod + 49274.4625265782 * x_10 + 15042.0143323449 * x_8 + 2208.91713371254 * x_6 + -43708.5947346493 * x_10 * PPMd + 4902.40542971778 * BZip2 + -10791.5615601789 * x_8 * PPMd + -33414.4642998668 * x_10 * LZMA2 + -34388.9027973642 * x_10 * LZMA + 11924.7092621681 * x_6 * LZMA + 957.771830830876 * LZMA + 11876.081092999 * x_6 * LZMA2;15.8456650373213;15.8456650373213;15.8456650373213;15.8456650373213;30.175364;18;11876.081092999 * x_6 * LZMA2;2;1.7051787169547;17.3867299949484
12;1871.58085453529 * CompressionMethod + 49491.1754422304 * x_10 + 14944.570690546 * x_8 + 2409.84635347685 * x_6 + -43581.8867315484 * x_10 * PPMd + 5193.08849565535 * BZip2 + -10350.6969996269 * x_8 * PPMd + -34751.3756300911 * x_10 * LZMA2 + -34625.104441376 * x_10 * LZMA + 11704.2913140446 * x_6 * LZMA + 1320.68147794355 * LZMA + 10554.9534586621 * x_6 * LZMA2 + 1463.61933332579 * LZMA2;13.0338146223483;13.0338146223483;13.0338146223483;13.0338146223483;38.358085;19;1463.61933332579 * LZMA2;1;2.81185041497299;13.6704454845013
13;1913.86902859101 * CompressionMethod + 49500.1905394731 * x_10 + 14951.5383024049 * x_8 + 2790.54004544594 * x_6 + -43633.1900028467 * x_10 * PPMd + 5075.39275561762 * BZip2 + -10399.9527855414 * x_8 * PPMd + -34758.6171534064 * x_10 * LZMA2 + -34632.7260162469 * x_10 * LZMA + 11324.9911444467 * x_6 * LZMA + 1276.99978151623 * LZMA + 10176.0333406206 * x_6 * LZMA2 + 1419.55758534239 * LZMA2 + -2069.96462959252 * x_6 * PPMd;12.0990061129517;12.0990061129517;12.0990061129517;12.0990061129517;48.119929;21;-2069.96462959252 * x_6 * PPMd;2;0.467404254698286;11.8314511452105
14;1954.48103420791 * CompressionMethod + 49123.6936926902 * x_10 + 14958.2297403366 * x_8 + 2817.20819222356 * x_6 + -43515.0012480263 * x_10 * PPMd + 4962.36209959533 * BZip2 + -10447.2562290899 * x_8 * PPMd + -34380.4170315136 * x_10 * LZMA2 + -34533.0581033193 * x_10 * LZMA + 11299.6612852559 * x_6 * LZMA + 1235.04948831291 * LZMA + 10151.0684689533 * x_6 * LZMA2 + 1377.24230461526 * LZMA2 + -2137.24478198675 * x_6 * PPMd + 5007.00998595126 * x_10 * BlockSize_32;12.0029568296929;12.0029568296929;12.0029568296929;12.0029568296929;59.389217;23;5007.00998595126 * x_10 * BlockSize_32;2;0.0480246416293957;11.9704410336259
Analyze finished
command: clean-sampling
command: clean-global
command: script ./learn_grammarBased_t3.a
command: log ./out_grammarBased_t3Predictions.log
