7173 - OpenCL, Linear2D, LocalMemory, bs_32x1, padding_256, pixelPerThread_2
8545 - OpenCL, Linear2D, LocalMemory, bs_256x2, padding_352, pixelPerThread_2
28101 - CUDA, Ldg, LocalMemory, bs_1024x1, padding_128, pixelPerThread_2
10678 - OpenCL, Array2D, LocalMemory, bs_128x8, padding_0, pixelPerThread_3
11146 - OpenCL, Array2D, LocalMemory, bs_32x4, padding_480, pixelPerThread_3
9961 - OpenCL, Array2D, bs_256x2, padding_256, pixelPerThread_2
11126 - OpenCL, Array2D, LocalMemory, bs_32x4, padding_320, pixelPerThread_3
10833 - OpenCL, Array2D, LocalMemory, bs_512x1, padding_160, pixelPerThread_2
24186 - CUDA, Array2D, bs_256x1, padding_352, pixelPerThread_3
14216 - OpenCL, Ldg, LocalMemory, bs_256x2, padding_32, pixelPerThread_1
12760 - OpenCL, Ldg, bs_256x1, padding_352, pixelPerThread_1
4435 - OpenCL, Linear1D, LocalMemory, bs_32x16, padding_96, pixelPerThread_4
24336 - CUDA, Array2D, LocalMemory, bs_32x1, padding_480, pixelPerThread_1
13829 - OpenCL, Ldg, LocalMemory, bs_1024x1, padding_192, pixelPerThread_2
7503 - OpenCL, Linear2D, LocalMemory, bs_64x4, padding_160, pixelPerThread_4
11367 - OpenCL, Array2D, LocalMemory, bs_256x2, padding_64, pixelPerThread_4
23446 - CUDA, Array2D, bs_128x2, padding_416, pixelPerThread_3
9404 - OpenCL, Array2D, bs_512x1, padding_160, pixelPerThread_1
24149 - CUDA, Array2D, bs_256x1, padding_64, pixelPerThread_2
8316 - OpenCL, Linear2D, LocalMemory, bs_64x2, padding_160, pixelPerThread_1
10424 - OpenCL, Array2D, LocalMemory, bs_64x16, padding_160, pixelPerThread_1
11048 - OpenCL, Array2D, LocalMemory, bs_32x2, padding_256, pixelPerThread_1
10228 - OpenCL, Array2D, LocalMemory, bs_32x32, padding_224, pixelPerThread_1
19371 - CUDA, Linear1D, LocalMemory, bs_256x4, padding_448, pixelPerThread_4
13486 - OpenCL, Ldg, LocalMemory, bs_128x4, padding_160, pixelPerThread_3
5964 - OpenCL, Linear2D, bs_32x32, padding_384, pixelPerThread_1
8861 - OpenCL, Array2D, bs_64x1, padding_160, pixelPerThread_2
10463 - OpenCL, Array2D, LocalMemory, bs_64x16, padding_448, pixelPerThread_4
9750 - OpenCL, Array2D, bs_64x2, padding_192, pixelPerThread_3
23148 - CUDA, Array2D, bs_64x1, padding_224, pixelPerThread_1
8155 - OpenCL, Linear2D, LocalMemory, bs_1024x1, padding_480, pixelPerThread_4
6495 - OpenCL, Linear2D, bs_256x4, padding_256, pixelPerThread_4
13138 - OpenCL, Ldg, LocalMemory, bs_64x1, padding_96, pixelPerThread_3
24855 - CUDA, Array2D, LocalMemory, bs_128x2, padding_256, pixelPerThread_4
3988 - OpenCL, Linear1D, bs_32x4, padding_352, pixelPerThread_1
4770 - OpenCL, Linear1D, LocalMemory, bs_128x1, padding_64, pixelPerThread_3
6971 - OpenCL, Linear2D, bs_64x8, padding_256, pixelPerThread_4
25005 - CUDA, Array2D, LocalMemory, bs_128x8, padding_384, pixelPerThread_2
3440 - OpenCL, Linear1D, bs_128x2, padding_320, pixelPerThread_1
9300 - OpenCL, Array2D, bs_128x8, padding_416, pixelPerThread_1
8573 - OpenCL, Array2D, bs_32x1, padding_32, pixelPerThread_2
25213 - CUDA, Array2D, LocalMemory, bs_512x2, padding_416, pixelPerThread_2
19038 - CUDA, Linear1D, LocalMemory, bs_64x16, padding_512, pixelPerThread_3
12120 - OpenCL, Ldg, bs_128x8, padding_128, pixelPerThread_1
24192 - CUDA, Array2D, bs_256x1, padding_416, pixelPerThread_1
9822 - OpenCL, Array2D, bs_64x8, padding_224, pixelPerThread_3
28050 - CUDA, Ldg, LocalMemory, bs_512x2, padding_256, pixelPerThread_3
4442 - OpenCL, Linear1D, LocalMemory, bs_32x16, padding_160, pixelPerThread_3
10869 - OpenCL, Array2D, LocalMemory, bs_512x1, padding_448, pixelPerThread_2
13714 - OpenCL, Ldg, LocalMemory, bs_512x1, padding_352, pixelPerThread_3
