Current machine learning settings: epsilon:0 lossFunction:RELATIVE parallelization:True bagging:False baggingNumbers:3 considerEpsilonTube:False baggingTestDataFraction:50 useBackward:False abortError:1 limitFeatureSize:False featureSizeTreshold:4 quadraticFunctionSupport:True crossValidation:False crossValidation-k:5 learn-logFunction:False learn-accumulatedLogFunction:False learn-asymFunction:False learn-ratioFunction:False learn-mirrowedFunction:False learn-numeric-disabled:True numberOfRounds:70 backwardErrorDelta:1 minImprovementPerRound:0.1 withHierarchy:False bruteForceCandidates:False ignoreBadFeatures:False stopOnLongRound:True candidateSizePenalty:True learnTimeLimit:00:00:00 scoreMeasure:RELERROR outputRoundsToStdout:False debug:False pythonInfluenceAnalysis:False blacklisted: 
command: solver z3
command: vm /scratch/kallistos/Distance-Based_Data/SupplementaryWebsite/MeasuredPerformanceValues/Hipacc/FeatureModel.xml
Warning: Variability model contains outdated notation. Children nodes will no longer have effect on the model. Instead use the parent node to describe the parent of an configuration option. You can also use the converter providedby the Variability Model GUI in export>convert legacy model.
Warning: Default value nodes in models are no longer used and should be removed. You can also use the converter provided by the Variability Model GUI in export>convert legacy model to update your model.
command: all /scratch/kallistos/Distance-Based_Data/SupplementaryWebsite/MeasuredPerformanceValues/Hipacc/measurements.xml
Configs with too large deviation: 0
13485 configurations loaded.
command: binary grammar-based numConfigs:4601 seed:68  confFaultsReport:./out_grammarBasedFailureReport_t3.log
command: printconfigs ./sampledConfigurations_grammarBased_t3FailureReport.csv
Number to sample: 4601; Number of Configurations in Grammar: 28560
Draw a new random number, cause 14536 is already in drawn.
Draw a new random number, cause 22754 is already in drawn.
Draw a new random number, cause 1389 is already in drawn.
Draw a new random number, cause 460 is already in drawn.
Draw a new random number, cause 15972 is already in drawn.
Draw a new random number, cause 15456 is already in drawn.
Draw a new random number, cause 26347 is already in drawn.
Draw a new random number, cause 26334 is already in drawn.
Draw a new random number, cause 27996 is already in drawn.
Draw a new random number, cause 1653 is already in drawn.
Draw a new random number, cause 2554 is already in drawn.
Draw a new random number, cause 15953 is already in drawn.
Draw a new random number, cause 27360 is already in drawn.
Draw a new random number, cause 26381 is already in drawn.
Draw a new random number, cause 14524 is already in drawn.
Draw a new random number, cause 27997 is already in drawn.
Draw a new random number, cause 2730 is already in drawn.
Draw a new random number, cause 16759 is already in drawn.
Draw a new random number, cause 20287 is already in drawn.
Draw a new random number, cause 21808 is already in drawn.
Draw a new random number, cause 19590 is already in drawn.
Draw a new random number, cause 25905 is already in drawn.
Draw a new random number, cause 18093 is already in drawn.
Draw a new random number, cause 21240 is already in drawn.
Draw a new random number, cause 15241 is already in drawn.
Draw a new random number, cause 14722 is already in drawn.
Draw a new random number, cause 22277 is already in drawn.
Draw a new random number, cause 19590 is already in drawn.
Draw a new random number, cause 26628 is already in drawn.
Draw a new random number, cause 20497 is already in drawn.
Draw a new random number, cause 2785 is already in drawn.
Draw a new random number, cause 22566 is already in drawn.
Draw a new random number, cause 2811 is already in drawn.
Draw a new random number, cause 21681 is already in drawn.
Draw a new random number, cause 22059 is already in drawn.
Draw a new random number, cause 216 is already in drawn.
Draw a new random number, cause 21761 is already in drawn.
Draw a new random number, cause 15708 is already in drawn.
Draw a new random number, cause 1059 is already in drawn.
Draw a new random number, cause 21523 is already in drawn.
Draw a new random number, cause 788 is already in drawn.
Draw a new random number, cause 20200 is already in drawn.
Draw a new random number, cause 14389 is already in drawn.
Draw a new random number, cause 25759 is already in drawn.
Draw a new random number, cause 17684 is already in drawn.
Draw a new random number, cause 18718 is already in drawn.
Draw a new random number, cause 27091 is already in drawn.
Draw a new random number, cause 21620 is already in drawn.
Draw a new random number, cause 20849 is already in drawn.
Draw a new random number, cause 18309 is already in drawn.
Draw a new random number, cause 20176 is already in drawn.
Draw a new random number, cause 14726 is already in drawn.
Draw a new random number, cause 1904 is already in drawn.
Draw a new random number, cause 27916 is already in drawn.
Draw a new random number, cause 26327 is already in drawn.
Draw a new random number, cause 2149 is already in drawn.
Draw a new random number, cause 15373 is already in drawn.
Draw a new random number, cause 1697 is already in drawn.
Draw a new random number, cause 26490 is already in drawn.
Draw a new random number, cause 18760 is already in drawn.
Draw a new random number, cause 17598 is already in drawn.
Draw a new random number, cause 18471 is already in drawn.
Draw a new random number, cause 20569 is already in drawn.
Draw a new random number, cause 27913 is already in drawn.
Draw a new random number, cause 26571 is already in drawn.
Draw a new random number, cause 28182 is already in drawn.
Draw a new random number, cause 24073 is already in drawn.
Draw a new random number, cause 26283 is already in drawn.
Draw a new random number, cause 26049 is already in drawn.
Draw a new random number, cause 1472 is already in drawn.
Draw a new random number, cause 18031 is already in drawn.
Draw a new random number, cause 19489 is already in drawn.
Draw a new random number, cause 18484 is already in drawn.
Draw a new random number, cause 26433 is already in drawn.
Draw a new random number, cause 26336 is already in drawn.
Draw a new random number, cause 747 is already in drawn.
Draw a new random number, cause 25769 is already in drawn.
Draw a new random number, cause 16902 is already in drawn.
Draw a new random number, cause 20555 is already in drawn.
Draw a new random number, cause 22005 is already in drawn.
Draw a new random number, cause 17589 is already in drawn.
Draw a new random number, cause 1124 is already in drawn.
Draw a new random number, cause 22157 is already in drawn.
Draw a new random number, cause 16196 is already in drawn.
Draw a new random number, cause 22297 is already in drawn.
Draw a new random number, cause 18481 is already in drawn.
Draw a new random number, cause 43 is already in drawn.
Draw a new random number, cause 21985 is already in drawn.
Draw a new random number, cause 2479 is already in drawn.
Draw a new random number, cause 1497 is already in drawn.
Draw a new random number, cause 26172 is already in drawn.
Draw a new random number, cause 26609 is already in drawn.
Draw a new random number, cause 20376 is already in drawn.
Draw a new random number, cause 17995 is already in drawn.
Draw a new random number, cause 21479 is already in drawn.
Draw a new random number, cause 16140 is already in drawn.
Draw a new random number, cause 17998 is already in drawn.
Draw a new random number, cause 1007 is already in drawn.
Draw a new random number, cause 14740 is already in drawn.
Draw a new random number, cause 20666 is already in drawn.
Draw a new random number, cause 1323 is already in drawn.
Draw a new random number, cause 22294 is already in drawn.
Draw a new random number, cause 32 is already in drawn.
Draw a new random number, cause 16300 is already in drawn.
Draw a new random number, cause 22546 is already in drawn.
Draw a new random number, cause 22496 is already in drawn.
Draw a new random number, cause 28362 is already in drawn.
Draw a new random number, cause 986 is already in drawn.
Draw a new random number, cause 15867 is already in drawn.
Draw a new random number, cause 27512 is already in drawn.
Draw a new random number, cause 15634 is already in drawn.
Draw a new random number, cause 2260 is already in drawn.
Draw a new random number, cause 18608 is already in drawn.
Draw a new random number, cause 20455 is already in drawn.
Draw a new random number, cause 17303 is already in drawn.
Draw a new random number, cause 25808 is already in drawn.
Draw a new random number, cause 21413 is already in drawn.
Draw a new random number, cause 18805 is already in drawn.
Draw a new random number, cause 17784 is already in drawn.
Draw a new random number, cause 22647 is already in drawn.
Draw a new random number, cause 11358 is already in drawn.
Draw a new random number, cause 18143 is already in drawn.
Draw a new random number, cause 2796 is already in drawn.
Draw a new random number, cause 24143 is already in drawn.
Draw a new random number, cause 884 is already in drawn.
Draw a new random number, cause 17124 is already in drawn.
Draw a new random number, cause 66 is already in drawn.
Draw a new random number, cause 19396 is already in drawn.
Draw a new random number, cause 15267 is already in drawn.
Draw a new random number, cause 15021 is already in drawn.
Draw a new random number, cause 20544 is already in drawn.
Draw a new random number, cause 26382 is already in drawn.
Draw a new random number, cause 16023 is already in drawn.
Draw a new random number, cause 846 is already in drawn.
Draw a new random number, cause 16236 is already in drawn.
Draw a new random number, cause 25763 is already in drawn.
Draw a new random number, cause 24072 is already in drawn.
Draw a new random number, cause 21947 is already in drawn.
Draw a new random number, cause 18954 is already in drawn.
Draw a new random number, cause 21262 is already in drawn.
Draw a new random number, cause 19908 is already in drawn.
Draw a new random number, cause 15999 is already in drawn.
Draw a new random number, cause 18484 is already in drawn.
Draw a new random number, cause 16273 is already in drawn.
Draw a new random number, cause 28477 is already in drawn.
Draw a new random number, cause 27139 is already in drawn.
Draw a new random number, cause 22658 is already in drawn.
Draw a new random number, cause 27028 is already in drawn.
Draw a new random number, cause 20176 is already in drawn.
Draw a new random number, cause 21479 is already in drawn.
Draw a new random number, cause 22626 is already in drawn.
Draw a new random number, cause 25977 is already in drawn.
Draw a new random number, cause 11358 is already in drawn.
Draw a new random number, cause 19414 is already in drawn.
Draw a new random number, cause 116 is already in drawn.
Draw a new random number, cause 16571 is already in drawn.
Draw a new random number, cause 16193 is already in drawn.
Draw a new random number, cause 15272 is already in drawn.
Draw a new random number, cause 15563 is already in drawn.
Draw a new random number, cause 26657 is already in drawn.
Draw a new random number, cause 17004 is already in drawn.
Draw a new random number, cause 313 is already in drawn.
Draw a new random number, cause 2365 is already in drawn.
Draw a new random number, cause 22169 is already in drawn.
Draw a new random number, cause 2670 is already in drawn.
Draw a new random number, cause 1996 is already in drawn.
Draw a new random number, cause 20861 is already in drawn.
Draw a new random number, cause 16310 is already in drawn.
Draw a new random number, cause 19755 is already in drawn.
Draw a new random number, cause 26189 is already in drawn.
Draw a new random number, cause 27516 is already in drawn.
Draw a new random number, cause 16792 is already in drawn.
Draw a new random number, cause 26391 is already in drawn.
Draw a new random number, cause 26318 is already in drawn.
Draw a new random number, cause 27999 is already in drawn.
Draw a new random number, cause 19817 is already in drawn.
Draw a new random number, cause 2458 is already in drawn.
Draw a new random number, cause 22659 is already in drawn.
Draw a new random number, cause 18372 is already in drawn.
Draw a new random number, cause 26809 is already in drawn.
Draw a new random number, cause 17538 is already in drawn.
Draw a new random number, cause 20794 is already in drawn.
Draw a new random number, cause 21908 is already in drawn.
Draw a new random number, cause 16149 is already in drawn.
Draw a new random number, cause 20794 is already in drawn.
Draw a new random number, cause 16900 is already in drawn.
Draw a new random number, cause 863 is already in drawn.
Draw a new random number, cause 20575 is already in drawn.
Draw a new random number, cause 700 is already in drawn.
Draw a new random number, cause 20214 is already in drawn.
Draw a new random number, cause 1590 is already in drawn.
Draw a new random number, cause 21050 is already in drawn.
Draw a new random number, cause 1476 is already in drawn.
Draw a new random number, cause 18390 is already in drawn.
Draw a new random number, cause 14688 is already in drawn.
Draw a new random number, cause 27324 is already in drawn.
Draw a new random number, cause 17005 is already in drawn.
Draw a new random number, cause 27429 is already in drawn.
Draw a new random number, cause 26807 is already in drawn.
Draw a new random number, cause 14702 is already in drawn.
Draw a new random number, cause 28140 is already in drawn.
Draw a new random number, cause 2690 is already in drawn.
Draw a new random number, cause 19150 is already in drawn.
Draw a new random number, cause 18218 is already in drawn.
Draw a new random number, cause 28376 is already in drawn.
Draw a new random number, cause 23392 is already in drawn.
Draw a new random number, cause 14635 is already in drawn.
Draw a new random number, cause 19396 is already in drawn.
Draw a new random number, cause 22236 is already in drawn.
Draw a new random number, cause 21584 is already in drawn.
Draw a new random number, cause 26464 is already in drawn.
Draw a new random number, cause 20478 is already in drawn.
Draw a new random number, cause 16176 is already in drawn.
Draw a new random number, cause 20904 is already in drawn.
Draw a new random number, cause 18888 is already in drawn.
Draw a new random number, cause 17358 is already in drawn.
Draw a new random number, cause 17811 is already in drawn.
Draw a new random number, cause 17454 is already in drawn.
Draw a new random number, cause 639 is already in drawn.
Draw a new random number, cause 2689 is already in drawn.
Draw a new random number, cause 26809 is already in drawn.
Draw a new random number, cause 14287 is already in drawn.
Draw a new random number, cause 21429 is already in drawn.
Draw a new random number, cause 19591 is already in drawn.
Draw a new random number, cause 15551 is already in drawn.
Draw a new random number, cause 27158 is already in drawn.
Draw a new random number, cause 21312 is already in drawn.
Draw a new random number, cause 15181 is already in drawn.
Draw a new random number, cause 19709 is already in drawn.
Draw a new random number, cause 601 is already in drawn.
Draw a new random number, cause 22603 is already in drawn.
Draw a new random number, cause 27503 is already in drawn.
Draw a new random number, cause 15695 is already in drawn.
Draw a new random number, cause 17072 is already in drawn.
Draw a new random number, cause 19417 is already in drawn.
Draw a new random number, cause 16115 is already in drawn.
Draw a new random number, cause 20900 is already in drawn.
Draw a new random number, cause 20698 is already in drawn.
Draw a new random number, cause 15253 is already in drawn.
Draw a new random number, cause 17938 is already in drawn.
Draw a new random number, cause 17205 is already in drawn.
Draw a new random number, cause 21129 is already in drawn.
Draw a new random number, cause 22539 is already in drawn.
Draw a new random number, cause 19222 is already in drawn.
Draw a new random number, cause 28514 is already in drawn.
Draw a new random number, cause 643 is already in drawn.
Draw a new random number, cause 16918 is already in drawn.
Draw a new random number, cause 20034 is already in drawn.
Draw a new random number, cause 20828 is already in drawn.
Draw a new random number, cause 8705 is already in drawn.
Draw a new random number, cause 15765 is already in drawn.
Draw a new random number, cause 21519 is already in drawn.
Draw a new random number, cause 22447 is already in drawn.
Draw a new random number, cause 26792 is already in drawn.
Draw a new random number, cause 18847 is already in drawn.
Draw a new random number, cause 18883 is already in drawn.
Draw a new random number, cause 19917 is already in drawn.
Draw a new random number, cause 20219 is already in drawn.
Draw a new random number, cause 15678 is already in drawn.
Draw a new random number, cause 17861 is already in drawn.
Draw a new random number, cause 26057 is already in drawn.
Draw a new random number, cause 22168 is already in drawn.
Draw a new random number, cause 18096 is already in drawn.
Draw a new random number, cause 20362 is already in drawn.
Draw a new random number, cause 28307 is already in drawn.
Draw a new random number, cause 19089 is already in drawn.
Draw a new random number, cause 16579 is already in drawn.
Draw a new random number, cause 483 is already in drawn.
Draw a new random number, cause 22562 is already in drawn.
Draw a new random number, cause 15270 is already in drawn.
Draw a new random number, cause 21776 is already in drawn.
Draw a new random number, cause 15753 is already in drawn.
Draw a new random number, cause 25768 is already in drawn.
Draw a new random number, cause 26971 is already in drawn.
Draw a new random number, cause 16900 is already in drawn.
Draw a new random number, cause 22496 is already in drawn.
Draw a new random number, cause 15760 is already in drawn.
Draw a new random number, cause 9251 is already in drawn.
Draw a new random number, cause 22040 is already in drawn.
Draw a new random number, cause 10200 is already in drawn.
Draw a new random number, cause 1688 is already in drawn.
Draw a new random number, cause 20337 is already in drawn.
Draw a new random number, cause 22524 is already in drawn.
Draw a new random number, cause 22236 is already in drawn.
Draw a new random number, cause 14990 is already in drawn.
Draw a new random number, cause 741 is already in drawn.
Draw a new random number, cause 27196 is already in drawn.
Draw a new random number, cause 22024 is already in drawn.
Draw a new random number, cause 28076 is already in drawn.
Draw a new random number, cause 19875 is already in drawn.
Draw a new random number, cause 25977 is already in drawn.
Draw a new random number, cause 22542 is already in drawn.
Draw a new random number, cause 17823 is already in drawn.
Draw a new random number, cause 18892 is already in drawn.
Draw a new random number, cause 26732 is already in drawn.
Draw a new random number, cause 20027 is already in drawn.
Draw a new random number, cause 2657 is already in drawn.
Draw a new random number, cause 27958 is already in drawn.
Draw a new random number, cause 1481 is already in drawn.
Draw a new random number, cause 15 is already in drawn.
Draw a new random number, cause 22283 is already in drawn.
Draw a new random number, cause 2718 is already in drawn.
Draw a new random number, cause 25977 is already in drawn.
Draw a new random number, cause 28104 is already in drawn.
Draw a new random number, cause 1280 is already in drawn.
Draw a new random number, cause 23190 is already in drawn.
Draw a new random number, cause 20176 is already in drawn.
Draw a new random number, cause 14945 is already in drawn.
Draw a new random number, cause 488 is already in drawn.
Draw a new random number, cause 14498 is already in drawn.
Draw a new random number, cause 14896 is already in drawn.
Draw a new random number, cause 19728 is already in drawn.
Draw a new random number, cause 116 is already in drawn.
Draw a new random number, cause 19417 is already in drawn.
Draw a new random number, cause 19105 is already in drawn.
Draw a new random number, cause 15395 is already in drawn.
Draw a new random number, cause 19428 is already in drawn.
Draw a new random number, cause 16653 is already in drawn.
Draw a new random number, cause 975 is already in drawn.
Draw a new random number, cause 19764 is already in drawn.
Draw a new random number, cause 1305 is already in drawn.
Draw a new random number, cause 17632 is already in drawn.
Draw a new random number, cause 26809 is already in drawn.
Draw a new random number, cause 20928 is already in drawn.
Draw a new random number, cause 19701 is already in drawn.
Draw a new random number, cause 2284 is already in drawn.
Draw a new random number, cause 17452 is already in drawn.
Draw a new random number, cause 25768 is already in drawn.
Draw a new random number, cause 27325 is already in drawn.
Draw a new random number, cause 20813 is already in drawn.
Draw a new random number, cause 470 is already in drawn.
Draw a new random number, cause 20589 is already in drawn.
Draw a new random number, cause 290 is already in drawn.
Draw a new random number, cause 18151 is already in drawn.
Draw a new random number, cause 15729 is already in drawn.
Draw a new random number, cause 14484 is already in drawn.
Draw a new random number, cause 19138 is already in drawn.
Draw a new random number, cause 19145 is already in drawn.
Draw a new random number, cause 26380 is already in drawn.
Draw a new random number, cause 25888 is already in drawn.
Draw a new random number, cause 1116 is already in drawn.
Draw a new random number, cause 27511 is already in drawn.
Draw a new random number, cause 22496 is already in drawn.
Draw a new random number, cause 1041 is already in drawn.
Draw a new random number, cause 192 is already in drawn.
Draw a new random number, cause 665 is already in drawn.
Draw a new random number, cause 26634 is already in drawn.
Draw a new random number, cause 26894 is already in drawn.
Draw a new random number, cause 14372 is already in drawn.
Draw a new random number, cause 18574 is already in drawn.
Draw a new random number, cause 21351 is already in drawn.
Draw a new random number, cause 18545 is already in drawn.
Draw a new random number, cause 1138 is already in drawn.
Draw a new random number, cause 509 is already in drawn.
Draw a new random number, cause 22624 is already in drawn.
Draw a new random number, cause 16915 is already in drawn.
Draw a new random number, cause 417 is already in drawn.
Draw a new random number, cause 25818 is already in drawn.
Draw a new random number, cause 2705 is already in drawn.
Draw a new random number, cause 21384 is already in drawn.
Draw a new random number, cause 17772 is already in drawn.
Draw a new random number, cause 17106 is already in drawn.
Draw a new random number, cause 16005 is already in drawn.
Draw a new random number, cause 20034 is already in drawn.
Draw a new random number, cause 19528 is already in drawn.
Draw a new random number, cause 19863 is already in drawn.
Draw a new random number, cause 26994 is already in drawn.
Draw a new random number, cause 22598 is already in drawn.
Draw a new random number, cause 28493 is already in drawn.
Draw a new random number, cause 2077 is already in drawn.
Draw a new random number, cause 14355 is already in drawn.
Draw a new random number, cause 2348 is already in drawn.
Draw a new random number, cause 21774 is already in drawn.
Draw a new random number, cause 18429 is already in drawn.
Draw a new random number, cause 28294 is already in drawn.
Draw a new random number, cause 21529 is already in drawn.
Draw a new random number, cause 14316 is already in drawn.
Draw a new random number, cause 27281 is already in drawn.
Draw a new random number, cause 22245 is already in drawn.
Draw a new random number, cause 14775 is already in drawn.
5425 drawn configurations were invalid
command: clean-sampling
command: clean-global
