Current machine learning settings: epsilon:0 lossFunction:RELATIVE parallelization:True bagging:False baggingNumbers:3 considerEpsilonTube:False baggingTestDataFraction:50 useBackward:False abortError:1 limitFeatureSize:False featureSizeTreshold:4 quadraticFunctionSupport:True crossValidation:False crossValidation-k:5 learn-logFunction:False learn-accumulatedLogFunction:False learn-asymFunction:False learn-ratioFunction:False learn-mirrowedFunction:False learn-numeric-disabled:True numberOfRounds:70 backwardErrorDelta:1 minImprovementPerRound:0.1 withHierarchy:False bruteForceCandidates:False ignoreBadFeatures:False stopOnLongRound:True candidateSizePenalty:True learnTimeLimit:00:00:00 scoreMeasure:RELERROR outputRoundsToStdout:False debug:False pythonInfluenceAnalysis:False blacklisted: 
command: mlsettings bagging:False stopOnLongRound:False parallelization:True lossFunction:RELATIVE useBackward:False abortError:1 limitFeatureSize:False featureSizeTreshold:7 quadraticFunctionSupport:True crossValidation:False learn_logFunction:True numberOfRounds:70 backwardErrorDelta:1 minImprovementPerRound:0.25 withHierarchy:False
Current machine learning settings: epsilon:0 lossFunction:RELATIVE parallelization:True bagging:False baggingNumbers:3 considerEpsilonTube:False baggingTestDataFraction:50 useBackward:False abortError:1 limitFeatureSize:False featureSizeTreshold:7 quadraticFunctionSupport:True crossValidation:False crossValidation-k:5 learn-logFunction:True learn-accumulatedLogFunction:False learn-asymFunction:False learn-ratioFunction:False learn-mirrowedFunction:False learn-numeric-disabled:True numberOfRounds:70 backwardErrorDelta:1 minImprovementPerRound:0.25 withHierarchy:False bruteForceCandidates:False ignoreBadFeatures:False stopOnLongRound:False candidateSizePenalty:True learnTimeLimit:00:00:00 scoreMeasure:RELERROR outputRoundsToStdout:False debug:False pythonInfluenceAnalysis:False blacklisted: 
command: solver z3
command: vm /scratch/kallistos/Distance-Based_Data/SupplementaryWebsite/MeasuredPerformanceValues/lrzip/FeatureModel.xml
Warning: Variability model contains outdated notation. Children nodes will no longer have effect on the model. Instead use the parent node to describe the parent of an configuration option. You can also use the converter providedby the Variability Model GUI in export>convert legacy model.
command: all /scratch/kallistos/Distance-Based_Data/SupplementaryWebsite/MeasuredPerformanceValues/lrzip/measurements.xml
Configs with too large deviation: 0
432 configurations loaded.
command: nfp Performance
command: setsampleset /scratch/kallistos/Distance-Based_Data/Results/lrzip/lrzip_58/sampledConfigurations_grammarBased_t2.csv
command: learn-splconqueror
Learning: NumberOfConfigurationsLearning:99 NumberOfConfigurationsValidation:99
Learning progress:
1;162061.481481482 * level + 1872929.62962963 * compressionZpaq;120.196439760046;120.196439760046;120.196439760046;120.196439760046;0.017945;2;1872929.62962963 * compressionZpaq;1;332.195344710757;
2;111658.985507246 * level + 1923332.12560387 * compressionZpaq + 340216.847826088 * compressionLrzip;81.2365458601792;81.2365458601792;81.2365458601792;81.2365458601792;0.048638;3;340216.847826088 * compressionLrzip;1;38.9598938998667;
3;79714.8214285713 * level + 1955276.28968254 * compressionZpaq + 372161.011904763 * compressionLrzip + 169549.793956045 * compressionBzip2;50.6957619097164;50.6957619097164;50.6957619097164;50.6957619097164;0.099892;4;169549.793956045 * compressionBzip2;1;30.5407839504629;
4;53092.5000000001 * level + 1981898.61111111 * compressionZpaq + 398783.333333336 * compressionLrzip + 196172.115384617 * compressionBzip2 + 93178.1250000007 * compressionGzip;34.5391568626433;34.5391568626433;34.5391568626433;34.5391568626433;0.175813;5;93178.1250000007 * compressionGzip;1;16.1566050470731;
5;53092.4999999995 * level + 2369257.5 * compressionZpaq + 398783.333333336 * compressionLrzip + 196172.115384616 * compressionBzip2 + 93178.1249999974 * compressionGzip + -1743115 * compressionZpaq * level3;27.7082767947343;27.7082767947343;27.7082767947343;27.7082767947343;0.28533;7;-1743115 * compressionZpaq * level3;2;3.41544003395447;
6;53092.4999999999 * level + 2844927.5 * compressionZpaq + 398783.333333329 * compressionLrzip + 196172.115384614 * compressionBzip2 + 93178.1250000046 * compressionGzip + -2218784.99999999 * compressionZpaq * level3 + -2219793.33333333 * compressionZpaq * level1;21.6602434830575;21.6602434830575;21.6602434830575;21.6602434830575;0.431461;9;-2219793.33333333 * compressionZpaq * level1;2;3.0240166558384;
7;53092.4999999996 * level + 2223919.72222222 * compressionZpaq + 398783.333333333 * compressionLrzip + 196172.115384616 * compressionBzip2 + 93178.1250000008 * compressionGzip + -1597777.22222222 * compressionZpaq * level3 + -1598785.55555555 * compressionZpaq * level1 + 3415542.77777778 * compressionZpaq * level9;18.2550795455681;18.2550795455681;18.2550795455681;18.2550795455681;0.621986;11;3415542.77777778 * compressionZpaq * level9;2;1.70258196874472;
8;48144.7043190511 * level + 2223631.75527783 * compressionZpaq + 397448.21386387 * compressionLrzip + 195320.297080567 * compressionBzip2 + 92824.7110227893 * compressionGzip + -1597253.64595969 * compressionZpaq * level3 + -1599832.70808062 * compressionZpaq * level1 + 3416066.35404031 * compressionZpaq * level9 + 9424.37272561736 * encryption;15.8868166451748;15.8868166451748;15.8868166451748;15.8868166451748;0.863876;12;9424.37272561736 * encryption;1;2.36826290039328;
9;48479.2293622682 * level + 2223651.22498934 * compressionZpaq + 397538.482526326 * compressionLrzip + 195377.889304127 * compressionBzip2 + 67313.2167283988 * compressionGzip + -1597289.04543516 * compressionZpaq * level3 + -1599761.90912968 * compressionZpaq * level1 + 3416030.95456484 * compressionZpaq * level9 + 8787.18216710783 * encryption + 81713.2446090688 * compressionGzip * level9;13.1034440798931;13.1034440798931;13.1034440798931;13.1034440798931;1.193943;14;81713.2446090688 * compressionGzip * level9;2;1.39168628264086;
10;45239.10200308 * level + 2219902.20785482 * compressionZpaq + 393823.387211094 * compressionLrzip + 191647.137764609 * compressionBzip2 + 63561.1157921289 * compressionGzip + -1597306.0063448 * compressionZpaq * level3 + -1599727.98731039 * compressionZpaq * level1 + 3416013.9936552 * compressionZpaq * level9 + 8481.88579353209 * encryption + 81729.8971385355 * compressionGzip * level9 + 7158.75359013717 * compression;11.9563900079938;11.9563900079938;11.9563900079938;11.9563900079938;1.6036;15;7158.75359013717 * compression;1;1.14705407189932;
11;45077.2160435979 * level + 2219910.16014756 * compressionZpaq + 393793.566113293 * compressionLrzip + 191634.750539369 * compressionBzip2 + 47302.3823697849 * compressionGzip + -1597287.11964953 * compressionZpaq * level3 + -1599765.76070094 * compressionZpaq * level1 + 3416032.88035047 * compressionZpaq * level9 + 8821.84630844201 * encryption + 97981.4734974051 * compressionGzip * level9 + 7123.82030414693 * compression + 89485.6581282506 * compressionGzip * level8;10.286773368794;10.286773368794;10.286773368794;10.286773368794;2.143848;17;89485.6581282506 * compressionGzip * level8;2;0.834808319599865;
12;45077.2160435987 * level + 2219910.16014756 * compressionZpaq + 447224.399446628 * compressionLrzip + 191634.750539369 * compressionBzip2 + 47302.3823697903 * compressionGzip + -1597287.11964953 * compressionZpaq * level3 + -1599765.76070094 * compressionZpaq * level1 + 3416032.88035047 * compressionZpaq * level9 + 8821.84630844131 * encryption + 97981.4734974027 * compressionGzip * level9 + 7123.82030414535 * compression + 89485.6581282474 * compressionGzip * level8 + -213723.333333332 * compressionLrzip * level3;9.7230618082465;9.7230618082465;9.7230618082465;9.7230618082465;2.771366;19;-213723.333333332 * compressionLrzip * level3;2;0.281855780273774;
13;45077.2160435985 * level + 2219910.16014756 * compressionZpaq + 526464.399446626 * compressionLrzip + 191634.750539367 * compressionBzip2 + 47302.3823697866 * compressionGzip + -1597287.11964953 * compressionZpaq * level3 + -1599765.76070093 * compressionZpaq * level1 + 3416032.88035046 * compressionZpaq * level9 + 8821.84630844122 * encryption + 97981.4734974049 * compressionGzip * level9 + 7123.82030414615 * compression + 89485.6581282486 * compressionGzip * level8 + -292963.333333332 * compressionLrzip * level3 + -237719.999999999 * compressionLrzip * level4;9.27062407359957;9.27062407359957;9.27062407359957;9.27062407359957;3.500123;21;-237719.999999999 * compressionLrzip * level4;2;0.226218867323466;
Elapsed=00:00:03.5021202
average model: 
command: analyze-learning
Round, Model, LearningError, LearningErrorRel, ValidationError, ValidationErrorRel, ElapsedSeconds, ModelComplexity, BestCandidate, BestCandidateSize, BestCandidateScore, TestError
Models:
Termination reason: minImprovementPerRound
1;162061.481481482 * level + 1872929.62962963 * compressionZpaq;120.196439760046;120.196439760046;120.196439760046;120.196439760046;0.017945;2;1872929.62962963 * compressionZpaq;1;332.195344710757;107.425984516374
2;111658.985507246 * level + 1923332.12560387 * compressionZpaq + 340216.847826088 * compressionLrzip;81.2365458601792;81.2365458601792;81.2365458601792;81.2365458601792;0.048638;3;340216.847826088 * compressionLrzip;1;38.9598938998667;75.1763950644027
3;79714.8214285713 * level + 1955276.28968254 * compressionZpaq + 372161.011904763 * compressionLrzip + 169549.793956045 * compressionBzip2;50.6957619097164;50.6957619097164;50.6957619097164;50.6957619097164;0.099892;4;169549.793956045 * compressionBzip2;1;30.5407839504629;48.1214665623466
4;53092.5000000001 * level + 1981898.61111111 * compressionZpaq + 398783.333333336 * compressionLrzip + 196172.115384617 * compressionBzip2 + 93178.1250000007 * compressionGzip;34.5391568626433;34.5391568626433;34.5391568626433;34.5391568626433;0.175813;5;93178.1250000007 * compressionGzip;1;16.1566050470731;35.5217412066657
5;53092.4999999995 * level + 2369257.5 * compressionZpaq + 398783.333333336 * compressionLrzip + 196172.115384616 * compressionBzip2 + 93178.1249999974 * compressionGzip + -1743115 * compressionZpaq * level3;27.7082767947343;27.7082767947343;27.7082767947343;27.7082767947343;0.28533;7;-1743115 * compressionZpaq * level3;2;3.41544003395447;33.387648553176
6;53092.4999999999 * level + 2844927.5 * compressionZpaq + 398783.333333329 * compressionLrzip + 196172.115384614 * compressionBzip2 + 93178.1250000046 * compressionGzip + -2218784.99999999 * compressionZpaq * level3 + -2219793.33333333 * compressionZpaq * level1;21.6602434830575;21.6602434830575;21.6602434830575;21.6602434830575;0.431461;9;-2219793.33333333 * compressionZpaq * level1;2;3.0240166558384;31.1670600247193
7;53092.4999999996 * level + 2223919.72222222 * compressionZpaq + 398783.333333333 * compressionLrzip + 196172.115384616 * compressionBzip2 + 93178.1250000008 * compressionGzip + -1597777.22222222 * compressionZpaq * level3 + -1598785.55555555 * compressionZpaq * level1 + 3415542.77777778 * compressionZpaq * level9;18.2550795455681;18.2550795455681;18.2550795455681;18.2550795455681;0.621986;11;3415542.77777778 * compressionZpaq * level9;2;1.70258196874472;26.7859814955208
8;48144.7043190511 * level + 2223631.75527783 * compressionZpaq + 397448.21386387 * compressionLrzip + 195320.297080567 * compressionBzip2 + 92824.7110227893 * compressionGzip + -1597253.64595969 * compressionZpaq * level3 + -1599832.70808062 * compressionZpaq * level1 + 3416066.35404031 * compressionZpaq * level9 + 9424.37272561736 * encryption;15.8868166451748;15.8868166451748;15.8868166451748;15.8868166451748;0.863876;12;9424.37272561736 * encryption;1;2.36826290039328;24.9296396228514
9;48479.2293622682 * level + 2223651.22498934 * compressionZpaq + 397538.482526326 * compressionLrzip + 195377.889304127 * compressionBzip2 + 67313.2167283988 * compressionGzip + -1597289.04543516 * compressionZpaq * level3 + -1599761.90912968 * compressionZpaq * level1 + 3416030.95456484 * compressionZpaq * level9 + 8787.18216710783 * encryption + 81713.2446090688 * compressionGzip * level9;13.1034440798931;13.1034440798931;13.1034440798931;13.1034440798931;1.193943;14;81713.2446090688 * compressionGzip * level9;2;1.39168628264086;22.5649587481051
10;45239.10200308 * level + 2219902.20785482 * compressionZpaq + 393823.387211094 * compressionLrzip + 191647.137764609 * compressionBzip2 + 63561.1157921289 * compressionGzip + -1597306.0063448 * compressionZpaq * level3 + -1599727.98731039 * compressionZpaq * level1 + 3416013.9936552 * compressionZpaq * level9 + 8481.88579353209 * encryption + 81729.8971385355 * compressionGzip * level9 + 7158.75359013717 * compression;11.9563900079938;11.9563900079938;11.9563900079938;11.9563900079938;1.6036;15;7158.75359013717 * compression;1;1.14705407189932;21.7384618641371
11;45077.2160435979 * level + 2219910.16014756 * compressionZpaq + 393793.566113293 * compressionLrzip + 191634.750539369 * compressionBzip2 + 47302.3823697849 * compressionGzip + -1597287.11964953 * compressionZpaq * level3 + -1599765.76070094 * compressionZpaq * level1 + 3416032.88035047 * compressionZpaq * level9 + 8821.84630844201 * encryption + 97981.4734974051 * compressionGzip * level9 + 7123.82030414693 * compression + 89485.6581282506 * compressionGzip * level8;10.286773368794;10.286773368794;10.286773368794;10.286773368794;2.143848;17;89485.6581282506 * compressionGzip * level8;2;0.834808319599865;20.0961308578902
12;45077.2160435987 * level + 2219910.16014756 * compressionZpaq + 447224.399446628 * compressionLrzip + 191634.750539369 * compressionBzip2 + 47302.3823697903 * compressionGzip + -1597287.11964953 * compressionZpaq * level3 + -1599765.76070094 * compressionZpaq * level1 + 3416032.88035047 * compressionZpaq * level9 + 8821.84630844131 * encryption + 97981.4734974027 * compressionGzip * level9 + 7123.82030414535 * compression + 89485.6581282474 * compressionGzip * level8 + -213723.333333332 * compressionLrzip * level3;9.7230618082465;9.7230618082465;9.7230618082465;9.7230618082465;2.771366;19;-213723.333333332 * compressionLrzip * level3;2;0.281855780273774;20.5295610298818
13;45077.2160435985 * level + 2219910.16014756 * compressionZpaq + 526464.399446626 * compressionLrzip + 191634.750539367 * compressionBzip2 + 47302.3823697866 * compressionGzip + -1597287.11964953 * compressionZpaq * level3 + -1599765.76070093 * compressionZpaq * level1 + 3416032.88035046 * compressionZpaq * level9 + 8821.84630844122 * encryption + 97981.4734974049 * compressionGzip * level9 + 7123.82030414615 * compression + 89485.6581282486 * compressionGzip * level8 + -292963.333333332 * compressionLrzip * level3 + -237719.999999999 * compressionLrzip * level4;9.27062407359957;9.27062407359957;9.27062407359957;9.27062407359957;3.500123;21;-237719.999999999 * compressionLrzip * level4;2;0.226218867323466;21.409194991965
Analyze finished
command: clean-sampling
command: clean-global
command: script ./learn_grammarBased_t3.a
command: log ./out_grammarBased_t3Predictions.log
