Current machine learning settings: epsilon:0 lossFunction:RELATIVE parallelization:True bagging:False baggingNumbers:3 considerEpsilonTube:False baggingTestDataFraction:50 useBackward:False abortError:1 limitFeatureSize:False featureSizeTreshold:4 quadraticFunctionSupport:True crossValidation:False crossValidation-k:5 learn-logFunction:False learn-accumulatedLogFunction:False learn-asymFunction:False learn-ratioFunction:False learn-mirrowedFunction:False learn-numeric-disabled:True numberOfRounds:70 backwardErrorDelta:1 minImprovementPerRound:0.1 withHierarchy:False bruteForceCandidates:False ignoreBadFeatures:False stopOnLongRound:True candidateSizePenalty:True learnTimeLimit:00:00:00 scoreMeasure:RELERROR outputRoundsToStdout:False debug:False pythonInfluenceAnalysis:False blacklisted: 
command: mlsettings bagging:False stopOnLongRound:False parallelization:True lossFunction:RELATIVE useBackward:False abortError:1 limitFeatureSize:False featureSizeTreshold:7 quadraticFunctionSupport:True crossValidation:False learn_logFunction:True numberOfRounds:70 backwardErrorDelta:1 minImprovementPerRound:0.25 withHierarchy:False
Current machine learning settings: epsilon:0 lossFunction:RELATIVE parallelization:True bagging:False baggingNumbers:3 considerEpsilonTube:False baggingTestDataFraction:50 useBackward:False abortError:1 limitFeatureSize:False featureSizeTreshold:7 quadraticFunctionSupport:True crossValidation:False crossValidation-k:5 learn-logFunction:True learn-accumulatedLogFunction:False learn-asymFunction:False learn-ratioFunction:False learn-mirrowedFunction:False learn-numeric-disabled:True numberOfRounds:70 backwardErrorDelta:1 minImprovementPerRound:0.25 withHierarchy:False bruteForceCandidates:False ignoreBadFeatures:False stopOnLongRound:False candidateSizePenalty:True learnTimeLimit:00:00:00 scoreMeasure:RELERROR outputRoundsToStdout:False debug:False pythonInfluenceAnalysis:False blacklisted: 
command: solver z3
command: vm /scratch/kallistos/Distance-Based_Data/SupplementaryWebsite/MeasuredPerformanceValues/Polly/FeatureModel.xml
command: all /scratch/kallistos/Distance-Based_Data/SupplementaryWebsite/MeasuredPerformanceValues/Polly/measurements.xml
Configs with too large deviation: 0
60000 configurations loaded.
command: nfp Performance
command: setsampleset /scratch/kallistos/Distance-Based_Data/Results/Polly/Polly_97/sampledConfigurations_grammarBased_t2.csv
command: learn-splconqueror
Learning: NumberOfConfigurationsLearning:345 NumberOfConfigurationsValidation:345
Learning progress:
1;24.7265483234715 * polly_vectorizer + 4.81314864622554 * memory_based;28.6094021034284;28.6094021034284;28.6094021034284;28.6094021034284;0.099158;2;4.81314864622554 * memory_based;1;3.04444178729624;
2;26.9625224303115 * polly_vectorizer + 4.93368549871456 * memory_based + -4.60828809824346 * min;27.0593994563321;27.0593994563321;27.0593994563321;27.0593994563321;0.358486;3;-4.60828809824346 * min;1;1.55000264709627;
3;29.2984674329503 * polly_vectorizer + 0.234633342243638 * memory_based + -9.4226137744136 * min + 9.43551299921977 * min * memory_based;21.0627310035262;21.0627310035262;21.0627310035262;21.0627310035262;0.826155;5;9.43551299921977 * min * memory_based;2;2.99833422640298;
4;29.2984674329502 * polly_vectorizer + 0.23463334224363 * memory_based + -14.065017522989 * min + 9.75204052753169 * min * memory_based + 8.65175244052694 * min * polly_no_tiling;16.4882195033239;16.4882195033239;16.4882195033239;16.4882195033239;1.652159;7;8.65175244052694 * min * polly_no_tiling;2;2.28725575010115;
5;29.2984674329502 * polly_vectorizer + 0.234633342243666 * memory_based + -19.2525025206695 * min + 19.3200684121423 * min * memory_based + -0.109333333333342 * min * polly_no_tiling + 18.4286714513557 * min * polly_no_tiling * value_based;7.65446613509795;7.65446613509795;7.65446613509795;7.65446613509795;2.729888;10;18.4286714513557 * min * polly_no_tiling * value_based;3;2.9445844560753;
6;28.8434202463666 * polly_vectorizer + -0.0129412898695322 * memory_based + -19.4554460027746 * min + 19.531088007106 * min * memory_based + -0.0630302862774412 * min * polly_no_tiling + 18.0932512923001 * min * polly_no_tiling * value_based + 2.08363711751456 * parallel;6.3418345012788;6.3418345012788;6.3418345012788;6.3418345012788;4.194076;11;2.08363711751456 * parallel;1;1.31263163381915;
7;28.8557535176119 * polly_vectorizer + -0.00623120533029997 * memory_based + -18.4634777004506 * min + 19.6033118241829 * min * memory_based + -0.156842729724115 * min * polly_no_tiling + 18.1550424701348 * min * polly_no_tiling * value_based + 2.02716371760178 * parallel + -2.08254327759338 * min * polly;5.23760520408711;5.23760520408711;5.23760520408711;5.23760520408711;6.209241;13;-2.08254327759338 * min * polly;2;0.552114648595843;
8;28.8395449834755 * polly_vectorizer + -0.0150496795330257 * memory_based + -17.3217956982888 * min + 17.3327639889863 * min * memory_based + -0.0570061794337511 * min * polly_no_tiling + 17.9984870891065 * min * polly_no_tiling * value_based + 2.10138174233176 * parallel + 0.12667009157512 * min * polly + -4.63469159593103 * min * polly * value_based;3.32767334817406;3.32767334817406;3.32767334817406;3.32767334817406;8.655577;16;-4.63469159593103 * min * polly * value_based;3;0.636643951971019;
9;28.8378426564426 * polly_vectorizer + -0.0159758537878463 * memory_based + -16.643262305575 * min + 16.6538702938677 * min * memory_based + -0.0567990023601639 * min * polly_no_tiling + 19.4311728425123 * min * polly_no_tiling * value_based + 2.1091766082196 * parallel + 0.127434142785852 * min * polly + -6.06951780750427 * min * polly * value_based + -2.67927124756467 * min * polly_no_tiling * value_based * none;2.71131984714253;2.71131984714253;2.71131984714253;2.71131984714253;11.73913;20;-2.67927124756467 * min * polly_no_tiling * value_based * none;4;0.154088375257883;
Elapsed=00:00:11.7478119
average model: 
command: analyze-learning
Round, Model, LearningError, LearningErrorRel, ValidationError, ValidationErrorRel, ElapsedSeconds, ModelComplexity, BestCandidate, BestCandidateSize, BestCandidateScore, TestError
Models:
Termination reason: minImprovementPerRound
1;24.7265483234715 * polly_vectorizer + 4.81314864622554 * memory_based;28.6094021034284;28.6094021034284;28.6094021034284;28.6094021034284;0.099158;2;4.81314864622554 * memory_based;1;3.04444178729624;28.4699012277879
2;26.9625224303115 * polly_vectorizer + 4.93368549871456 * memory_based + -4.60828809824346 * min;27.0593994563321;27.0593994563321;27.0593994563321;27.0593994563321;0.358486;3;-4.60828809824346 * min;1;1.55000264709627;26.7604661955265
3;29.2984674329503 * polly_vectorizer + 0.234633342243638 * memory_based + -9.4226137744136 * min + 9.43551299921977 * min * memory_based;21.0627310035262;21.0627310035262;21.0627310035262;21.0627310035262;0.826155;5;9.43551299921977 * min * memory_based;2;2.99833422640298;20.4550977651288
4;29.2984674329502 * polly_vectorizer + 0.23463334224363 * memory_based + -14.065017522989 * min + 9.75204052753169 * min * memory_based + 8.65175244052694 * min * polly_no_tiling;16.4882195033239;16.4882195033239;16.4882195033239;16.4882195033239;1.652159;7;8.65175244052694 * min * polly_no_tiling;2;2.28725575010115;15.6498665237728
5;29.2984674329502 * polly_vectorizer + 0.234633342243666 * memory_based + -19.2525025206695 * min + 19.3200684121423 * min * memory_based + -0.109333333333342 * min * polly_no_tiling + 18.4286714513557 * min * polly_no_tiling * value_based;7.65446613509795;7.65446613509795;7.65446613509795;7.65446613509795;2.729888;10;18.4286714513557 * min * polly_no_tiling * value_based;3;2.9445844560753;7.84471965239101
6;28.8434202463666 * polly_vectorizer + -0.0129412898695322 * memory_based + -19.4554460027746 * min + 19.531088007106 * min * memory_based + -0.0630302862774412 * min * polly_no_tiling + 18.0932512923001 * min * polly_no_tiling * value_based + 2.08363711751456 * parallel;6.3418345012788;6.3418345012788;6.3418345012788;6.3418345012788;4.194076;11;2.08363711751456 * parallel;1;1.31263163381915;6.58662807849739
7;28.8557535176119 * polly_vectorizer + -0.00623120533029997 * memory_based + -18.4634777004506 * min + 19.6033118241829 * min * memory_based + -0.156842729724115 * min * polly_no_tiling + 18.1550424701348 * min * polly_no_tiling * value_based + 2.02716371760178 * parallel + -2.08254327759338 * min * polly;5.23760520408711;5.23760520408711;5.23760520408711;5.23760520408711;6.209241;13;-2.08254327759338 * min * polly;2;0.552114648595843;5.38040793452641
8;28.8395449834755 * polly_vectorizer + -0.0150496795330257 * memory_based + -17.3217956982888 * min + 17.3327639889863 * min * memory_based + -0.0570061794337511 * min * polly_no_tiling + 17.9984870891065 * min * polly_no_tiling * value_based + 2.10138174233176 * parallel + 0.12667009157512 * min * polly + -4.63469159593103 * min * polly * value_based;3.32767334817406;3.32767334817406;3.32767334817406;3.32767334817406;8.655577;16;-4.63469159593103 * min * polly * value_based;3;0.636643951971019;3.41856976947518
9;28.8378426564426 * polly_vectorizer + -0.0159758537878463 * memory_based + -16.643262305575 * min + 16.6538702938677 * min * memory_based + -0.0567990023601639 * min * polly_no_tiling + 19.4311728425123 * min * polly_no_tiling * value_based + 2.1091766082196 * parallel + 0.127434142785852 * min * polly + -6.06951780750427 * min * polly * value_based + -2.67927124756467 * min * polly_no_tiling * value_based * none;2.71131984714253;2.71131984714253;2.71131984714253;2.71131984714253;11.73913;20;-2.67927124756467 * min * polly_no_tiling * value_based * none;4;0.154088375257883;3.07358240933681
Analyze finished
command: clean-sampling
command: clean-global
command: script ./learn_grammarBased_t3.a
command: log ./out_grammarBased_t3Predictions.log
