Current machine learning settings: epsilon:0 lossFunction:RELATIVE parallelization:True bagging:False baggingNumbers:3 considerEpsilonTube:False baggingTestDataFraction:50 useBackward:False abortError:1 limitFeatureSize:False featureSizeTreshold:4 quadraticFunctionSupport:True crossValidation:False crossValidation-k:5 learn-logFunction:False learn-accumulatedLogFunction:False learn-asymFunction:False learn-ratioFunction:False learn-mirrowedFunction:False learn-numeric-disabled:True numberOfRounds:70 backwardErrorDelta:1 minImprovementPerRound:0.1 withHierarchy:False bruteForceCandidates:False ignoreBadFeatures:False stopOnLongRound:True candidateSizePenalty:True learnTimeLimit:00:00:00 scoreMeasure:RELERROR outputRoundsToStdout:False debug:False pythonInfluenceAnalysis:False blacklisted: 
command: mlsettings bagging:False stopOnLongRound:False parallelization:True lossFunction:RELATIVE useBackward:False abortError:1 limitFeatureSize:False featureSizeTreshold:7 quadraticFunctionSupport:True crossValidation:False learn_logFunction:True numberOfRounds:70 backwardErrorDelta:1 minImprovementPerRound:0.25 withHierarchy:False
Current machine learning settings: epsilon:0 lossFunction:RELATIVE parallelization:True bagging:False baggingNumbers:3 considerEpsilonTube:False baggingTestDataFraction:50 useBackward:False abortError:1 limitFeatureSize:False featureSizeTreshold:7 quadraticFunctionSupport:True crossValidation:False crossValidation-k:5 learn-logFunction:True learn-accumulatedLogFunction:False learn-asymFunction:False learn-ratioFunction:False learn-mirrowedFunction:False learn-numeric-disabled:True numberOfRounds:70 backwardErrorDelta:1 minImprovementPerRound:0.25 withHierarchy:False bruteForceCandidates:False ignoreBadFeatures:False stopOnLongRound:False candidateSizePenalty:True learnTimeLimit:00:00:00 scoreMeasure:RELERROR outputRoundsToStdout:False debug:False pythonInfluenceAnalysis:False blacklisted: 
command: solver z3
command: vm /scratch/kallistos/Distance-Based_Data/SupplementaryWebsite/MeasuredPerformanceValues/Polly/FeatureModel.xml
command: all /scratch/kallistos/Distance-Based_Data/SupplementaryWebsite/MeasuredPerformanceValues/Polly/measurements.xml
Configs with too large deviation: 0
60000 configurations loaded.
command: nfp Performance
command: setsampleset /scratch/kallistos/Distance-Based_Data/Results/Polly/Polly_25/sampledConfigurations_grammarBased_t3.csv
command: learn-splconqueror
Learning: NumberOfConfigurationsLearning:2172 NumberOfConfigurationsValidation:2172
Learning progress:
1;24.9227746654217 * polly_vectorizer + 4.56049811689734 * max;26.0973243651449;26.0973243651449;26.0973243651449;26.0973243651449;0.581886;2;4.56049811689734 * max;1;2.89700365963415;
2;27.2148946697042 * polly_vectorizer + 4.58638772488364 * max + -4.63181231054069 * value_based;24.9619722812665;24.9619722812665;24.9619722812665;24.9619722812665;2.146196;3;-4.63181231054069 * value_based;1;1.13535208387842;
3;24.9816591506078 * polly_vectorizer + 4.7677728047702 * max + -4.66027727281572 * value_based + 4.12844197419912 * polly_no_tiling;22.1242691434384;22.1242691434384;22.1242691434384;22.1242691434384;5.077857;4;4.12844197419912 * polly_no_tiling;1;2.83770313782809;
4;27.3641918575988 * polly_vectorizer + -0.0627184875590519 * max + -9.58639877600149 * value_based + 4.22990315344627 * polly_no_tiling + 9.71613473856183 * max * value_based;18.7554446919541;18.7554446919541;18.7554446919541;18.7554446919541;9.756108;6;9.71613473856183 * max * value_based;2;1.68441222574214;
5;25.0873181714637 * polly_vectorizer + 4.31408756226975 * max + -9.70653675644287 * value_based + 8.5218497185999 * polly_no_tiling + 9.77987073414882 * max * value_based + -8.43159817817008 * max * polly_no_tiling;14.7788163162851;14.7788163162851;14.7788163162851;14.7788163162851;16.467624;8;-8.43159817817008 * max * polly_no_tiling;2;1.98831418783451;
6;27.2732169713563 * polly_vectorizer + 4.2528330505707 * max + -14.2651633134837 * value_based + 4.40139239894181 * polly_no_tiling + 10.1501304148226 * max * value_based + -8.49950773487909 * max * polly_no_tiling + 8.36892256049807 * value_based * polly_no_tiling;12.6650208269065;12.6650208269065;12.6650208269065;12.6650208269065;25.835921;10;8.36892256049807 * value_based * polly_no_tiling;2;1.05689774468931;
7;29.5414435695538 * polly_vectorizer + -0.141332868446749 * max + -18.9954820310923 * value_based + 0.125745745196488 * polly_no_tiling + 19.0713689404991 * max * value_based + -0.0329412730656763 * max * polly_no_tiling + -0.0051011022523525 * value_based * polly_no_tiling + 17.0581460708467 * value_based * polly_no_tiling * min;7.64644205047023;7.64644205047023;7.64644205047023;7.64644205047023;37.704267;13;17.0581460708467 * value_based * polly_no_tiling * min;3;1.67285959214541;
8;28.9620769734849 * polly_vectorizer + -0.0906987709071685 * max + -19.0450005435767 * value_based + 0.0169484970077574 * polly_no_tiling + 19.1013474502527 * max * value_based + 0.0771364471237144 * max * polly_no_tiling + -0.0774416503891552 * value_based * polly_no_tiling + 17.2336368725097 * value_based * polly_no_tiling * min + 1.93630415001939 * parallel;6.22092641582585;6.22092641582585;6.22092641582585;6.22092641582585;52.246632;14;1.93630415001939 * parallel;1;1.42551563464439;
9;28.9634818961502 * polly_vectorizer + -0.0908215549817809 * max + -20.0731965907043 * value_based + 0.0172123225729025 * polly_no_tiling + 19.0361164746329 * max * value_based + 0.0768695165052534 * max * polly_no_tiling + -0.0264201228197208 * value_based * polly_no_tiling + 17.1654912996699 * value_based * polly_no_tiling * min + 1.93160875058635 * parallel + 2.14844619179564 * value_based * none;5.28413185052648;5.28413185052648;5.28413185052648;5.28413185052648;69.944776;16;2.14844619179564 * value_based * none;2;0.468397282649684;
10;28.951587513549 * polly_vectorizer + -0.0897820381493202 * max + -21.174729106346 * value_based + 0.0149787176245216 * polly_no_tiling + 21.2623401093115 * max * value_based + 0.0791294095137232 * max * polly_no_tiling + -0.0802215972827877 * value_based * polly_no_tiling + 17.2033517877944 * value_based * polly_no_tiling * min + 1.97136102927965 * parallel + 4.44773834365382 * value_based * none + -4.50986077635582 * max * value_based * none;3.47401137839485;3.47401137839485;3.47401137839485;3.47401137839485;91.181057;19;-4.50986077635582 * max * value_based * none;3;0.603373490710542;
11;28.9528810335836 * polly_vectorizer + -0.0898950861229942 * max + -21.6190273557139 * value_based + 0.0152216232757161 * polly_no_tiling + 21.7066089206109 * max * value_based + 0.0788836450229412 * max * polly_no_tiling + -0.0800566890632571 * value_based * polly_no_tiling + 18.0041633310822 * value_based * polly_no_tiling * min + 1.9670379491642 * parallel + 5.37623531466085 * value_based * none + -5.43821419211461 * max * value_based * none + -1.66191496451428 * value_based * polly_no_tiling * min * none;3.08085397619043;3.08085397619043;3.08085397619043;3.08085397619043;117.676614;23;-1.66191496451428 * value_based * polly_no_tiling * min * none;4;0.0982893505511061;
Elapsed=00:01:57.7407021
average model: 
command: analyze-learning
Round, Model, LearningError, LearningErrorRel, ValidationError, ValidationErrorRel, ElapsedSeconds, ModelComplexity, BestCandidate, BestCandidateSize, BestCandidateScore, TestError
Models:
Termination reason: minImprovementPerRound
1;24.9227746654217 * polly_vectorizer + 4.56049811689734 * max;26.0973243651449;26.0973243651449;26.0973243651449;26.0973243651449;0.581886;2;4.56049811689734 * max;1;2.89700365963415;28.5152977769776
2;27.2148946697042 * polly_vectorizer + 4.58638772488364 * max + -4.63181231054069 * value_based;24.9619722812665;24.9619722812665;24.9619722812665;24.9619722812665;2.146196;3;-4.63181231054069 * value_based;1;1.13535208387842;26.7779499016222
3;24.9816591506078 * polly_vectorizer + 4.7677728047702 * max + -4.66027727281572 * value_based + 4.12844197419912 * polly_no_tiling;22.1242691434384;22.1242691434384;22.1242691434384;22.1242691434384;5.077857;4;4.12844197419912 * polly_no_tiling;1;2.83770313782809;23.6928517970941
4;27.3641918575988 * polly_vectorizer + -0.0627184875590519 * max + -9.58639877600149 * value_based + 4.22990315344627 * polly_no_tiling + 9.71613473856183 * max * value_based;18.7554446919541;18.7554446919541;18.7554446919541;18.7554446919541;9.756108;6;9.71613473856183 * max * value_based;2;1.68441222574214;19.8978198311413
5;25.0873181714637 * polly_vectorizer + 4.31408756226975 * max + -9.70653675644287 * value_based + 8.5218497185999 * polly_no_tiling + 9.77987073414882 * max * value_based + -8.43159817817008 * max * polly_no_tiling;14.7788163162851;14.7788163162851;14.7788163162851;14.7788163162851;16.467624;8;-8.43159817817008 * max * polly_no_tiling;2;1.98831418783451;15.7699657637494
6;27.2732169713563 * polly_vectorizer + 4.2528330505707 * max + -14.2651633134837 * value_based + 4.40139239894181 * polly_no_tiling + 10.1501304148226 * max * value_based + -8.49950773487909 * max * polly_no_tiling + 8.36892256049807 * value_based * polly_no_tiling;12.6650208269065;12.6650208269065;12.6650208269065;12.6650208269065;25.835921;10;8.36892256049807 * value_based * polly_no_tiling;2;1.05689774468931;13.3460699183771
7;29.5414435695538 * polly_vectorizer + -0.141332868446749 * max + -18.9954820310923 * value_based + 0.125745745196488 * polly_no_tiling + 19.0713689404991 * max * value_based + -0.0329412730656763 * max * polly_no_tiling + -0.0051011022523525 * value_based * polly_no_tiling + 17.0581460708467 * value_based * polly_no_tiling * min;7.64644205047023;7.64644205047023;7.64644205047023;7.64644205047023;37.704267;13;17.0581460708467 * value_based * polly_no_tiling * min;3;1.67285959214541;8.09447716291247
8;28.9620769734849 * polly_vectorizer + -0.0906987709071685 * max + -19.0450005435767 * value_based + 0.0169484970077574 * polly_no_tiling + 19.1013474502527 * max * value_based + 0.0771364471237144 * max * polly_no_tiling + -0.0774416503891552 * value_based * polly_no_tiling + 17.2336368725097 * value_based * polly_no_tiling * min + 1.93630415001939 * parallel;6.22092641582585;6.22092641582585;6.22092641582585;6.22092641582585;52.246632;14;1.93630415001939 * parallel;1;1.42551563464439;6.68842816682492
9;28.9634818961502 * polly_vectorizer + -0.0908215549817809 * max + -20.0731965907043 * value_based + 0.0172123225729025 * polly_no_tiling + 19.0361164746329 * max * value_based + 0.0768695165052534 * max * polly_no_tiling + -0.0264201228197208 * value_based * polly_no_tiling + 17.1654912996699 * value_based * polly_no_tiling * min + 1.93160875058635 * parallel + 2.14844619179564 * value_based * none;5.28413185052648;5.28413185052648;5.28413185052648;5.28413185052648;69.944776;16;2.14844619179564 * value_based * none;2;0.468397282649684;5.65237457508552
10;28.951587513549 * polly_vectorizer + -0.0897820381493202 * max + -21.174729106346 * value_based + 0.0149787176245216 * polly_no_tiling + 21.2623401093115 * max * value_based + 0.0791294095137232 * max * polly_no_tiling + -0.0802215972827877 * value_based * polly_no_tiling + 17.2033517877944 * value_based * polly_no_tiling * min + 1.97136102927965 * parallel + 4.44773834365382 * value_based * none + -4.50986077635582 * max * value_based * none;3.47401137839485;3.47401137839485;3.47401137839485;3.47401137839485;91.181057;19;-4.50986077635582 * max * value_based * none;3;0.603373490710542;3.90796135346546
11;28.9528810335836 * polly_vectorizer + -0.0898950861229942 * max + -21.6190273557139 * value_based + 0.0152216232757161 * polly_no_tiling + 21.7066089206109 * max * value_based + 0.0788836450229412 * max * polly_no_tiling + -0.0800566890632571 * value_based * polly_no_tiling + 18.0041633310822 * value_based * polly_no_tiling * min + 1.9670379491642 * parallel + 5.37623531466085 * value_based * none + -5.43821419211461 * max * value_based * none + -1.66191496451428 * value_based * polly_no_tiling * min * none;3.08085397619043;3.08085397619043;3.08085397619043;3.08085397619043;117.676614;23;-1.66191496451428 * value_based * polly_no_tiling * min * none;4;0.0982893505511061;3.52468075955421
Analyze finished
command: clean-sampling
command: clean-global
