Current machine learning settings: epsilon:0 lossFunction:RELATIVE parallelization:True bagging:False baggingNumbers:3 considerEpsilonTube:False baggingTestDataFraction:50 useBackward:False abortError:1 limitFeatureSize:False featureSizeTreshold:4 quadraticFunctionSupport:True crossValidation:False crossValidation-k:5 learn-logFunction:False learn-accumulatedLogFunction:False learn-asymFunction:False learn-ratioFunction:False learn-mirrowedFunction:False learn-numeric-disabled:True numberOfRounds:70 backwardErrorDelta:1 minImprovementPerRound:0.1 withHierarchy:False bruteForceCandidates:False ignoreBadFeatures:False stopOnLongRound:True candidateSizePenalty:True learnTimeLimit:00:00:00 scoreMeasure:RELERROR outputRoundsToStdout:False debug:False pythonInfluenceAnalysis:False blacklisted: 
command: mlsettings bagging:False stopOnLongRound:False parallelization:True lossFunction:RELATIVE useBackward:False abortError:1 limitFeatureSize:False featureSizeTreshold:7 quadraticFunctionSupport:True crossValidation:False learn_logFunction:True numberOfRounds:70 backwardErrorDelta:1 minImprovementPerRound:0.25 withHierarchy:False
Current machine learning settings: epsilon:0 lossFunction:RELATIVE parallelization:True bagging:False baggingNumbers:3 considerEpsilonTube:False baggingTestDataFraction:50 useBackward:False abortError:1 limitFeatureSize:False featureSizeTreshold:7 quadraticFunctionSupport:True crossValidation:False crossValidation-k:5 learn-logFunction:True learn-accumulatedLogFunction:False learn-asymFunction:False learn-ratioFunction:False learn-mirrowedFunction:False learn-numeric-disabled:True numberOfRounds:70 backwardErrorDelta:1 minImprovementPerRound:0.25 withHierarchy:False bruteForceCandidates:False ignoreBadFeatures:False stopOnLongRound:False candidateSizePenalty:True learnTimeLimit:00:00:00 scoreMeasure:RELERROR outputRoundsToStdout:False debug:False pythonInfluenceAnalysis:False blacklisted: 
command: solver z3
command: vm /scratch/kallistos/Distance-Based_Data/SupplementaryWebsite/MeasuredPerformanceValues/BerkeleyDBC/FeatureModel.xml
Warning: Variability model contains outdated notation. Children nodes will no longer have effect on the model. Instead use the parent node to describe the parent of an configuration option. You can also use the converter providedby the Variability Model GUI in export>convert legacy model.
command: all /scratch/kallistos/Distance-Based_Data/SupplementaryWebsite/MeasuredPerformanceValues/BerkeleyDBC/measurements.xml
Configs with too large deviation: 0
2560 configurations loaded.
command: nfp Performance
command: setsampleset /scratch/kallistos/Distance-Based_Data/Results/BerkeleyDBC/BerkeleyDBC_74/sampledConfigurations_grammarBased_t3.csv
command: learn-splconqueror
Learning: NumberOfConfigurationsLearning:363 NumberOfConfigurationsValidation:363
Learning progress:
1;0.803774013629337 * PAGESIZE + 15.4317607356699 * HAVE_CRYPTO;120.960527766902;120.960527766902;120.960527766902;120.960527766902;0.058842;2;15.4317607356699 * HAVE_CRYPTO;1;554.786794773284;
2;0.803774013629343 * PAGESIZE + 19.4722019980586 * HAVE_CRYPTO + -17.6881539709017 * HAVE_CRYPTO * PS1K;61.1030668210788;61.1030668210788;61.1030668210788;61.1030668210788;0.194019;4;-17.6881539709017 * HAVE_CRYPTO * PS1K;2;29.9287304729116;
3;0.80377401362933 * PAGESIZE + 11.9178195007914 * HAVE_CRYPTO + -10.1337714736345 * HAVE_CRYPTO * PS1K + 25.5170253241026 * HAVE_CRYPTO * PS32K;40.4388066365277;40.4388066365277;40.4388066365277;40.4388066365277;0.396436;6;25.5170253241026 * HAVE_CRYPTO * PS32K;2;10.3321300922756;
4;0.64383973983155 * PAGESIZE + 12.0777537745892 * HAVE_CRYPTO + -10.1337714736345 * HAVE_CRYPTO * PS1K + 24.6320556757547 * HAVE_CRYPTO * PS32K + 0.884969648347956 * PS32K;33.4955663898692;33.4955663898692;33.4955663898692;33.4955663898692;0.699729;7;0.884969648347956 * PS32K;1;6.94324024665858;
5;0.643839739831587 * PAGESIZE + 8.00489912625909 * HAVE_CRYPTO + -6.06091682530444 * HAVE_CRYPTO * PS1K + 28.7049103240848 * HAVE_CRYPTO * PS32K + 0.884969648347914 * PS32K + 12.1054290936477 * HAVE_CRYPTO * PS16K;24.1824116349791;24.1824116349791;24.1824116349791;24.1824116349791;1.138575;9;12.1054290936477 * HAVE_CRYPTO * PS16K;2;4.65657737744505;
6;0.534857412222808 * PAGESIZE + 8.11388145386787 * HAVE_CRYPTO + -6.06091682530444 * HAVE_CRYPTO * PS1K + 28.595927996476 * HAVE_CRYPTO * PS32K + 0.993951975956718 * PS32K + 11.6562898041087 * HAVE_CRYPTO * PS16K + 0.449139289539043 * PS16K;20.6933816804898;20.6933816804898;20.6933816804898;20.6933816804898;1.707871;10;0.449139289539043 * PS16K;1;3.48902995448923;
7;0.534857412222771 * PAGESIZE + 10.2987802245193 * HAVE_CRYPTO + -8.24581559595582 * HAVE_CRYPTO * PS1K + 26.4110292258246 * HAVE_CRYPTO * PS32K + 0.993951975956704 * PS32K + 9.47139103345721 * HAVE_CRYPTO * PS16K + 0.449139289539128 * PS16K + -4.70084280958334 * HAVE_CRYPTO * PS4K;15.396455791286;15.396455791286;15.396455791286;15.396455791286;2.434594;12;-4.70084280958334 * HAVE_CRYPTO * PS4K;2;2.64846294460193;
8;0.534857412222751 * PAGESIZE + 10.2987802245193 * HAVE_CRYPTO + -8.24581559595581 * HAVE_CRYPTO * PS1K + 26.4659980359172 * HAVE_CRYPTO * PS32K + 0.416779469983976 * PS32K + 9.47139103345723 * HAVE_CRYPTO * PS16K + 0.449139289539151 * PS16K + -4.70084280958328 * HAVE_CRYPTO * PS4K + 1.23679822708466 * PS32K * HAVE_HASH;11.4689191561412;11.4689191561412;11.4689191561412;11.4689191561412;3.35599;14;1.23679822708466 * PS32K * HAVE_HASH;2;1.96376831757241;
9;0.534857412222774 * PAGESIZE + 10.2987802245193 * HAVE_CRYPTO + -8.24581559595581 * HAVE_CRYPTO * PS1K + 26.4659980359173 * HAVE_CRYPTO * PS32K + 0.416779469983873 * PS32K + 9.40833851303236 * HAVE_CRYPTO * PS16K + -0.0746816493755585 * PS16K + -4.70084280958334 * HAVE_CRYPTO * PS4K + 1.23679822708468 * PS32K * HAVE_HASH + 0.960338388010172 * PS16K * HAVE_HASH;9.53969480659728;9.53969480659728;9.53969480659728;9.53969480659728;4.492882;16;0.960338388010172 * PS16K * HAVE_HASH;2;0.964612174771947;
10;0.534857412222767 * PAGESIZE + 10.2987802245193 * HAVE_CRYPTO + -7.57480977705826 * HAVE_CRYPTO * PS1K + 26.4659980359173 * HAVE_CRYPTO * PS32K + 0.416779469983846 * PS32K + 9.40833851303231 * HAVE_CRYPTO * PS16K + -0.0746816493754807 * PS16K + -4.70084280958322 * HAVE_CRYPTO * PS4K + 1.2367982270847 * PS32K * HAVE_HASH + 0.960338388010154 * PS16K * HAVE_HASH + -1.2078104740155 * HAVE_CRYPTO * PS1K * HAVE_HASH;6.71517805421931;6.71517805421931;6.71517805421931;6.71517805421931;5.894471;19;-1.2078104740155 * HAVE_CRYPTO * PS1K * HAVE_HASH;3;0.94150558412599;
11;0.534857412222798 * PAGESIZE + 10.2987802245192 * HAVE_CRYPTO + -7.57480977705829 * HAVE_CRYPTO * PS1K + 26.4659980359173 * HAVE_CRYPTO * PS32K + 0.416779469983899 * PS32K + 9.04752477498448 * HAVE_CRYPTO * PS16K + 0.0995042931303248 * PS16K + -4.7008428095833 * HAVE_CRYPTO * PS4K + 1.23679822708469 * PS32K * HAVE_HASH + 0.640997493416045 * PS16K * HAVE_HASH + -1.20781047401556 * HAVE_CRYPTO * PS1K * HAVE_HASH + 0.624731832753854 * PS16K * HAVE_HASH * HAVE_CRYPTO;5.08549033492616;5.08549033492616;5.08549033492616;5.08549033492616;7.573415;22;0.624731832753854 * PS16K * HAVE_HASH * HAVE_CRYPTO;3;0.543229239764382;
12;0.534857412222789 * PAGESIZE + 10.2987802245193 * HAVE_CRYPTO + -7.57480977705832 * HAVE_CRYPTO * PS1K + 26.4659980359173 * HAVE_CRYPTO * PS32K + 0.41677946998388 * PS32K + 9.04752477498437 * HAVE_CRYPTO * PS16K + 0.0995042931303841 * PS16K + -4.30933115953813 * HAVE_CRYPTO * PS4K + 1.23679822708464 * PS32K * HAVE_HASH + 0.640997493415971 * PS16K * HAVE_HASH + -1.20781047401553 * HAVE_CRYPTO * PS1K * HAVE_HASH + 0.624731832753857 * PS16K * HAVE_HASH * HAVE_CRYPTO + -0.679993918499507 * HAVE_CRYPTO * PS4K * HAVE_HASH;4.61006177968051;4.61006177968051;4.61006177968051;4.61006177968051;9.536168;25;-0.679993918499507 * HAVE_CRYPTO * PS4K * HAVE_HASH;3;0.158476185081883;
Elapsed=00:00:09.5431812
average model: 
command: analyze-learning
Round, Model, LearningError, LearningErrorRel, ValidationError, ValidationErrorRel, ElapsedSeconds, ModelComplexity, BestCandidate, BestCandidateSize, BestCandidateScore, TestError
Models:
Termination reason: minImprovementPerRound
1;0.803774013629337 * PAGESIZE + 15.4317607356699 * HAVE_CRYPTO;120.960527766902;120.960527766902;120.960527766902;120.960527766902;0.058842;2;15.4317607356699 * HAVE_CRYPTO;1;554.786794773284;108.307770806062
2;0.803774013629343 * PAGESIZE + 19.4722019980586 * HAVE_CRYPTO + -17.6881539709017 * HAVE_CRYPTO * PS1K;61.1030668210788;61.1030668210788;61.1030668210788;61.1030668210788;0.194019;4;-17.6881539709017 * HAVE_CRYPTO * PS1K;2;29.9287304729116;63.603126706685
3;0.80377401362933 * PAGESIZE + 11.9178195007914 * HAVE_CRYPTO + -10.1337714736345 * HAVE_CRYPTO * PS1K + 25.5170253241026 * HAVE_CRYPTO * PS32K;40.4388066365277;40.4388066365277;40.4388066365277;40.4388066365277;0.396436;6;25.5170253241026 * HAVE_CRYPTO * PS32K;2;10.3321300922756;43.3405183768239
4;0.64383973983155 * PAGESIZE + 12.0777537745892 * HAVE_CRYPTO + -10.1337714736345 * HAVE_CRYPTO * PS1K + 24.6320556757547 * HAVE_CRYPTO * PS32K + 0.884969648347956 * PS32K;33.4955663898692;33.4955663898692;33.4955663898692;33.4955663898692;0.699729;7;0.884969648347956 * PS32K;1;6.94324024665858;35.6409485081327
5;0.643839739831587 * PAGESIZE + 8.00489912625909 * HAVE_CRYPTO + -6.06091682530444 * HAVE_CRYPTO * PS1K + 28.7049103240848 * HAVE_CRYPTO * PS32K + 0.884969648347914 * PS32K + 12.1054290936477 * HAVE_CRYPTO * PS16K;24.1824116349791;24.1824116349791;24.1824116349791;24.1824116349791;1.138575;9;12.1054290936477 * HAVE_CRYPTO * PS16K;2;4.65657737744505;25.787878349967
6;0.534857412222808 * PAGESIZE + 8.11388145386787 * HAVE_CRYPTO + -6.06091682530444 * HAVE_CRYPTO * PS1K + 28.595927996476 * HAVE_CRYPTO * PS32K + 0.993951975956718 * PS32K + 11.6562898041087 * HAVE_CRYPTO * PS16K + 0.449139289539043 * PS16K;20.6933816804898;20.6933816804898;20.6933816804898;20.6933816804898;1.707871;10;0.449139289539043 * PS16K;1;3.48902995448923;22.4488758434622
7;0.534857412222771 * PAGESIZE + 10.2987802245193 * HAVE_CRYPTO + -8.24581559595582 * HAVE_CRYPTO * PS1K + 26.4110292258246 * HAVE_CRYPTO * PS32K + 0.993951975956704 * PS32K + 9.47139103345721 * HAVE_CRYPTO * PS16K + 0.449139289539128 * PS16K + -4.70084280958334 * HAVE_CRYPTO * PS4K;15.396455791286;15.396455791286;15.396455791286;15.396455791286;2.434594;12;-4.70084280958334 * HAVE_CRYPTO * PS4K;2;2.64846294460193;17.0421529988099
8;0.534857412222751 * PAGESIZE + 10.2987802245193 * HAVE_CRYPTO + -8.24581559595581 * HAVE_CRYPTO * PS1K + 26.4659980359172 * HAVE_CRYPTO * PS32K + 0.416779469983976 * PS32K + 9.47139103345723 * HAVE_CRYPTO * PS16K + 0.449139289539151 * PS16K + -4.70084280958328 * HAVE_CRYPTO * PS4K + 1.23679822708466 * PS32K * HAVE_HASH;11.4689191561412;11.4689191561412;11.4689191561412;11.4689191561412;3.35599;14;1.23679822708466 * PS32K * HAVE_HASH;2;1.96376831757241;12.4805854761242
9;0.534857412222774 * PAGESIZE + 10.2987802245193 * HAVE_CRYPTO + -8.24581559595581 * HAVE_CRYPTO * PS1K + 26.4659980359173 * HAVE_CRYPTO * PS32K + 0.416779469983873 * PS32K + 9.40833851303236 * HAVE_CRYPTO * PS16K + -0.0746816493755585 * PS16K + -4.70084280958334 * HAVE_CRYPTO * PS4K + 1.23679822708468 * PS32K * HAVE_HASH + 0.960338388010172 * PS16K * HAVE_HASH;9.53969480659728;9.53969480659728;9.53969480659728;9.53969480659728;4.492882;16;0.960338388010172 * PS16K * HAVE_HASH;2;0.964612174771947;10.3680507261251
10;0.534857412222767 * PAGESIZE + 10.2987802245193 * HAVE_CRYPTO + -7.57480977705826 * HAVE_CRYPTO * PS1K + 26.4659980359173 * HAVE_CRYPTO * PS32K + 0.416779469983846 * PS32K + 9.40833851303231 * HAVE_CRYPTO * PS16K + -0.0746816493754807 * PS16K + -4.70084280958322 * HAVE_CRYPTO * PS4K + 1.2367982270847 * PS32K * HAVE_HASH + 0.960338388010154 * PS16K * HAVE_HASH + -1.2078104740155 * HAVE_CRYPTO * PS1K * HAVE_HASH;6.71517805421931;6.71517805421931;6.71517805421931;6.71517805421931;5.894471;19;-1.2078104740155 * HAVE_CRYPTO * PS1K * HAVE_HASH;3;0.94150558412599;8.13655643687754
11;0.534857412222798 * PAGESIZE + 10.2987802245192 * HAVE_CRYPTO + -7.57480977705829 * HAVE_CRYPTO * PS1K + 26.4659980359173 * HAVE_CRYPTO * PS32K + 0.416779469983899 * PS32K + 9.04752477498448 * HAVE_CRYPTO * PS16K + 0.0995042931303248 * PS16K + -4.7008428095833 * HAVE_CRYPTO * PS4K + 1.23679822708469 * PS32K * HAVE_HASH + 0.640997493416045 * PS16K * HAVE_HASH + -1.20781047401556 * HAVE_CRYPTO * PS1K * HAVE_HASH + 0.624731832753854 * PS16K * HAVE_HASH * HAVE_CRYPTO;5.08549033492616;5.08549033492616;5.08549033492616;5.08549033492616;7.573415;22;0.624731832753854 * PS16K * HAVE_HASH * HAVE_CRYPTO;3;0.543229239764382;6.2405668010065
12;0.534857412222789 * PAGESIZE + 10.2987802245193 * HAVE_CRYPTO + -7.57480977705832 * HAVE_CRYPTO * PS1K + 26.4659980359173 * HAVE_CRYPTO * PS32K + 0.41677946998388 * PS32K + 9.04752477498437 * HAVE_CRYPTO * PS16K + 0.0995042931303841 * PS16K + -4.30933115953813 * HAVE_CRYPTO * PS4K + 1.23679822708464 * PS32K * HAVE_HASH + 0.640997493415971 * PS16K * HAVE_HASH + -1.20781047401553 * HAVE_CRYPTO * PS1K * HAVE_HASH + 0.624731832753857 * PS16K * HAVE_HASH * HAVE_CRYPTO + -0.679993918499507 * HAVE_CRYPTO * PS4K * HAVE_HASH;4.61006177968051;4.61006177968051;4.61006177968051;4.61006177968051;9.536168;25;-0.679993918499507 * HAVE_CRYPTO * PS4K * HAVE_HASH;3;0.158476185081883;5.7127782653556
Analyze finished
command: clean-sampling
command: clean-global
