Current machine learning settings: epsilon:0 lossFunction:RELATIVE parallelization:True bagging:False baggingNumbers:3 considerEpsilonTube:False baggingTestDataFraction:50 useBackward:False abortError:1 limitFeatureSize:False featureSizeTreshold:4 quadraticFunctionSupport:True crossValidation:False crossValidation-k:5 learn-logFunction:False learn-accumulatedLogFunction:False learn-asymFunction:False learn-ratioFunction:False learn-mirrowedFunction:False learn-numeric-disabled:True numberOfRounds:70 backwardErrorDelta:1 minImprovementPerRound:0.1 withHierarchy:False bruteForceCandidates:False ignoreBadFeatures:False stopOnLongRound:True candidateSizePenalty:True learnTimeLimit:00:00:00 scoreMeasure:RELERROR outputRoundsToStdout:False debug:False pythonInfluenceAnalysis:False blacklisted: 
command: solver z3
command: vm /scratch/kallistos/Distance-Based_Data/SupplementaryWebsite/MeasuredPerformanceValues/JavaGC/FeatureModel.xml
command: all /scratch/kallistos/Distance-Based_Data/SupplementaryWebsite/MeasuredPerformanceValues/JavaGC/measurements.xml
Configs with too large deviation: 0
193536 configurations loaded.
command: binary grammar-based numConfigs:3504 seed:2  confFaultsReport:./out_grammarBasedFailureReport_t3.log
command: printconfigs ./sampledConfigurations_grammarBased_t3FailureReport.csv
Number to sample: 3504; Number of Configurations in Grammar: 193536
Draw a new random number, cause 187512 is already in drawn.
Draw a new random number, cause 189692 is already in drawn.
Draw a new random number, cause 62724 is already in drawn.
Draw a new random number, cause 92030 is already in drawn.
Draw a new random number, cause 105372 is already in drawn.
Draw a new random number, cause 144805 is already in drawn.
Draw a new random number, cause 177446 is already in drawn.
Draw a new random number, cause 173268 is already in drawn.
Draw a new random number, cause 28597 is already in drawn.
Draw a new random number, cause 13134 is already in drawn.
Draw a new random number, cause 148046 is already in drawn.
Draw a new random number, cause 133893 is already in drawn.
Draw a new random number, cause 53896 is already in drawn.
Draw a new random number, cause 65481 is already in drawn.
Draw a new random number, cause 60164 is already in drawn.
Draw a new random number, cause 166139 is already in drawn.
Draw a new random number, cause 190715 is already in drawn.
Draw a new random number, cause 10469 is already in drawn.
Draw a new random number, cause 166806 is already in drawn.
Draw a new random number, cause 58330 is already in drawn.
Draw a new random number, cause 82046 is already in drawn.
Draw a new random number, cause 119112 is already in drawn.
Draw a new random number, cause 141390 is already in drawn.
Draw a new random number, cause 72993 is already in drawn.
Draw a new random number, cause 93624 is already in drawn.
Draw a new random number, cause 35853 is already in drawn.
Draw a new random number, cause 100643 is already in drawn.
Draw a new random number, cause 174594 is already in drawn.
Draw a new random number, cause 114352 is already in drawn.
Draw a new random number, cause 164683 is already in drawn.
Draw a new random number, cause 98041 is already in drawn.
0 drawn configurations were invalid
command: clean-sampling
command: clean-global
