Current machine learning settings: epsilon:0 lossFunction:RELATIVE parallelization:True bagging:False baggingNumbers:3 considerEpsilonTube:False baggingTestDataFraction:50 useBackward:False abortError:1 limitFeatureSize:False featureSizeTreshold:4 quadraticFunctionSupport:True crossValidation:False crossValidation-k:5 learn-logFunction:False learn-accumulatedLogFunction:False learn-asymFunction:False learn-ratioFunction:False learn-mirrowedFunction:False learn-numeric-disabled:True numberOfRounds:70 backwardErrorDelta:1 minImprovementPerRound:0.1 withHierarchy:False bruteForceCandidates:False ignoreBadFeatures:False stopOnLongRound:True candidateSizePenalty:True learnTimeLimit:00:00:00 scoreMeasure:RELERROR outputRoundsToStdout:False debug:False pythonInfluenceAnalysis:False blacklisted: 
command: solver z3
command: vm /scratch/kallistos/Distance-Based_Data/SupplementaryWebsite/MeasuredPerformanceValues/VP9/FeatureModel.xml
command: all /scratch/kallistos/Distance-Based_Data/SupplementaryWebsite/MeasuredPerformanceValues/VP9/measurements.csv
216001 configurations loaded.
command: binary grammar-based numConfigs:3893 seed:50  confFaultsReport:./out_grammarBasedFailureReport_t3.log
command: printconfigs ./sampledConfigurations_grammarBased_t3FailureReport.csv
Number to sample: 3893; Number of Configurations in Grammar: 216000
Draw a new random number, cause 36097 is already in drawn.
Draw a new random number, cause 183128 is already in drawn.
Draw a new random number, cause 124890 is already in drawn.
Draw a new random number, cause 103220 is already in drawn.
Draw a new random number, cause 90615 is already in drawn.
Draw a new random number, cause 55111 is already in drawn.
Draw a new random number, cause 199209 is already in drawn.
Draw a new random number, cause 49296 is already in drawn.
Draw a new random number, cause 87453 is already in drawn.
Draw a new random number, cause 21528 is already in drawn.
Draw a new random number, cause 177135 is already in drawn.
Draw a new random number, cause 201728 is already in drawn.
Draw a new random number, cause 129134 is already in drawn.
Draw a new random number, cause 183559 is already in drawn.
Draw a new random number, cause 175143 is already in drawn.
Draw a new random number, cause 109762 is already in drawn.
Draw a new random number, cause 60216 is already in drawn.
Draw a new random number, cause 18696 is already in drawn.
Draw a new random number, cause 105613 is already in drawn.
Draw a new random number, cause 23037 is already in drawn.
Draw a new random number, cause 175012 is already in drawn.
Draw a new random number, cause 77399 is already in drawn.
Draw a new random number, cause 197136 is already in drawn.
Draw a new random number, cause 36996 is already in drawn.
Draw a new random number, cause 93994 is already in drawn.
Draw a new random number, cause 132567 is already in drawn.
Draw a new random number, cause 47046 is already in drawn.
Draw a new random number, cause 213524 is already in drawn.
Draw a new random number, cause 151701 is already in drawn.
Draw a new random number, cause 15269 is already in drawn.
Draw a new random number, cause 151530 is already in drawn.
Draw a new random number, cause 18951 is already in drawn.
Draw a new random number, cause 141597 is already in drawn.
Draw a new random number, cause 145764 is already in drawn.
Draw a new random number, cause 170358 is already in drawn.
Draw a new random number, cause 127702 is already in drawn.
Draw a new random number, cause 97075 is already in drawn.
Draw a new random number, cause 71619 is already in drawn.
Draw a new random number, cause 158939 is already in drawn.
Draw a new random number, cause 164656 is already in drawn.
0 drawn configurations were invalid
command: clean-sampling
command: clean-global
