Current machine learning settings: epsilon:0 lossFunction:RELATIVE parallelization:True bagging:False baggingNumbers:3 considerEpsilonTube:False baggingTestDataFraction:50 useBackward:False abortError:1 limitFeatureSize:False featureSizeTreshold:4 quadraticFunctionSupport:True crossValidation:False crossValidation-k:5 learn-logFunction:False learn-accumulatedLogFunction:False learn-asymFunction:False learn-ratioFunction:False learn-mirrowedFunction:False learn-numeric-disabled:True numberOfRounds:70 backwardErrorDelta:1 minImprovementPerRound:0.1 withHierarchy:False bruteForceCandidates:False ignoreBadFeatures:False stopOnLongRound:True candidateSizePenalty:True learnTimeLimit:00:00:00 scoreMeasure:RELERROR outputRoundsToStdout:False debug:False pythonInfluenceAnalysis:False blacklisted: 
command: mlsettings bagging:False stopOnLongRound:False parallelization:True lossFunction:RELATIVE useBackward:False abortError:1 limitFeatureSize:False featureSizeTreshold:7 quadraticFunctionSupport:True crossValidation:False learn_logFunction:True numberOfRounds:70 backwardErrorDelta:1 minImprovementPerRound:0.25 withHierarchy:False
Current machine learning settings: epsilon:0 lossFunction:RELATIVE parallelization:True bagging:False baggingNumbers:3 considerEpsilonTube:False baggingTestDataFraction:50 useBackward:False abortError:1 limitFeatureSize:False featureSizeTreshold:7 quadraticFunctionSupport:True crossValidation:False crossValidation-k:5 learn-logFunction:True learn-accumulatedLogFunction:False learn-asymFunction:False learn-ratioFunction:False learn-mirrowedFunction:False learn-numeric-disabled:True numberOfRounds:70 backwardErrorDelta:1 minImprovementPerRound:0.25 withHierarchy:False bruteForceCandidates:False ignoreBadFeatures:False stopOnLongRound:False candidateSizePenalty:True learnTimeLimit:00:00:00 scoreMeasure:RELERROR outputRoundsToStdout:False debug:False pythonInfluenceAnalysis:False blacklisted: 
command: solver z3
command: vm /scratch/kallistos/Distance-Based_Data/SupplementaryWebsite/MeasuredPerformanceValues/Polly/FeatureModel.xml
command: all /scratch/kallistos/Distance-Based_Data/SupplementaryWebsite/MeasuredPerformanceValues/Polly/measurements.xml
Configs with too large deviation: 0
60000 configurations loaded.
command: nfp Performance
command: setsampleset /scratch/kallistos/Distance-Based_Data/Results/Polly/Polly_71/sampledConfigurations_grammarBased_t2.csv
command: learn-splconqueror
Learning: NumberOfConfigurationsLearning:345 NumberOfConfigurationsValidation:345
Learning progress:
1;23.3455719921106 * polly_vectorizer + 6.25149240182893 * memory_based;34.4771956995653;34.4771956995653;34.4771956995653;34.4771956995653;0.088785;2;6.25149240182893 * memory_based;1;5.99367580951477;
2;20.4903433294074 * polly_vectorizer + 6.58821169113424 * memory_based + 5.61085632554462 * polly_no_tiling;31.5684402989786;31.5684402989786;31.5684402989786;31.5684402989786;0.345854;3;5.61085632554462 * polly_no_tiling;1;2.90875540058675;
3;17.555562248996 * polly_vectorizer + 12.0341972011759 * memory_based + 0.0162743051023926 * polly_no_tiling + 11.3617680970644 * polly_no_tiling * value_based;22.6514773285809;22.6514773285809;22.6514773285809;22.6514773285809;0.810603;5;11.3617680970644 * polly_no_tiling * value_based;2;4.45848148519885;
4;16.6975094137409 * polly_vectorizer + 12.0356715187622 * memory_based + 0.0314541775674409 * polly_no_tiling + 11.3489162749276 * polly_no_tiling * value_based + 2.37394617753947 * parallel;21.3871173915066;21.3871173915066;21.3871173915066;21.3871173915066;1.610416;6;2.37394617753947 * parallel;1;1.26435993707432;
5;16.6996609557506 * polly_vectorizer + 12.0356678219547 * memory_based + 0.0314161144879126 * polly_no_tiling + 12.0796560455 * polly_no_tiling * value_based + 2.36799357797897 * parallel + -1.84826026090743 * polly_no_tiling * value_based * polly;21.151648765314;21.151648765314;21.151648765314;21.151648765314;2.653342;9;-1.84826026090743 * polly_no_tiling * value_based * polly;3;0.0784895420641938;
Elapsed=00:00:02.6597283
average model: 
command: analyze-learning
Round, Model, LearningError, LearningErrorRel, ValidationError, ValidationErrorRel, ElapsedSeconds, ModelComplexity, BestCandidate, BestCandidateSize, BestCandidateScore, TestError
Models:
Termination reason: minImprovementPerRound
1;23.3455719921106 * polly_vectorizer + 6.25149240182893 * memory_based;34.4771956995653;34.4771956995653;34.4771956995653;34.4771956995653;0.088785;2;6.25149240182893 * memory_based;1;5.99367580951477;28.2461592183084
2;20.4903433294074 * polly_vectorizer + 6.58821169113424 * memory_based + 5.61085632554462 * polly_no_tiling;31.5684402989786;31.5684402989786;31.5684402989786;31.5684402989786;0.345854;3;5.61085632554462 * polly_no_tiling;1;2.90875540058675;26.8521749778892
3;17.555562248996 * polly_vectorizer + 12.0341972011759 * memory_based + 0.0162743051023926 * polly_no_tiling + 11.3617680970644 * polly_no_tiling * value_based;22.6514773285809;22.6514773285809;22.6514773285809;22.6514773285809;0.810603;5;11.3617680970644 * polly_no_tiling * value_based;2;4.45848148519885;19.5974558388315
4;16.6975094137409 * polly_vectorizer + 12.0356715187622 * memory_based + 0.0314541775674409 * polly_no_tiling + 11.3489162749276 * polly_no_tiling * value_based + 2.37394617753947 * parallel;21.3871173915066;21.3871173915066;21.3871173915066;21.3871173915066;1.610416;6;2.37394617753947 * parallel;1;1.26435993707432;18.5162045791365
5;16.6996609557506 * polly_vectorizer + 12.0356678219547 * memory_based + 0.0314161144879126 * polly_no_tiling + 12.0796560455 * polly_no_tiling * value_based + 2.36799357797897 * parallel + -1.84826026090743 * polly_no_tiling * value_based * polly;21.151648765314;21.151648765314;21.151648765314;21.151648765314;2.653342;9;-1.84826026090743 * polly_no_tiling * value_based * polly;3;0.0784895420641938;18.3293182418153
Analyze finished
command: clean-sampling
command: clean-global
command: script ./learn_grammarBased_t3.a
command: log ./out_grammarBased_t3Predictions.log
