7624 - OpenCL, Linear2D, LocalMemory, bs_128x1, padding_64, pixelPerThread_1
10736 - OpenCL, Array2D, LocalMemory, bs_128x8, padding_480, pixelPerThread_1
28030 - CUDA, Ldg, LocalMemory, bs_512x2, padding_96, pixelPerThread_3
8317 - OpenCL, Linear2D, LocalMemory, bs_64x2, padding_160, pixelPerThread_2
2387 - OpenCL, LocalMemory, bs_1024x1, padding_32, pixelPerThread_4
6733 - OpenCL, Linear2D, bs_32x2, padding_0, pixelPerThread_2
23706 - CUDA, Array2D, bs_512x1, padding_320, pixelPerThread_3
9550 - OpenCL, Array2D, bs_1024x1, padding_224, pixelPerThread_3
5446 - OpenCL, Linear1D, LocalMemory, bs_64x2, padding_32, pixelPerThread_3
23211 - CUDA, Array2D, bs_64x4, padding_160, pixelPerThread_4
24612 - CUDA, Array2D, LocalMemory, bs_64x1, padding_512, pixelPerThread_1
3285 - OpenCL, Linear1D, bs_64x16, padding_160, pixelPerThread_2
11860 - OpenCL, Ldg, bs_64x16, padding_224, pixelPerThread_1
4015 - OpenCL, Linear1D, bs_64x2, padding_0, pixelPerThread_4
4960 - OpenCL, Linear1D, LocalMemory, bs_128x4, padding_512, pixelPerThread_1
10605 - OpenCL, Array2D, LocalMemory, bs_128x2, padding_512, pixelPerThread_2
23507 - CUDA, Array2D, bs_128x4, padding_352, pixelPerThread_4
4930 - OpenCL, Linear1D, LocalMemory, bs_128x4, padding_256, pixelPerThread_3
19483 - CUDA, Linear1D, LocalMemory, bs_512x2, padding_256, pixelPerThread_4
10533 - OpenCL, Array2D, LocalMemory, bs_128x1, padding_480, pixelPerThread_2
22342 - CUDA, Linear2D, LocalMemory, bs_512x2, padding_288, pixelPerThread_3
12090 - OpenCL, Ldg, bs_128x4, padding_416, pixelPerThread_3
25431 - CUDA, Array2D, LocalMemory, bs_32x4, padding_512, pixelPerThread_4
7710 - OpenCL, Linear2D, LocalMemory, bs_128x2, padding_192, pixelPerThread_3
11936 - OpenCL, Ldg, bs_128x1, padding_288, pixelPerThread_1
11714 - OpenCL, Ldg, bs_64x1, padding_128, pixelPerThread_3
11349 - OpenCL, Array2D, LocalMemory, bs_256x1, padding_480, pixelPerThread_2
10437 - OpenCL, Array2D, LocalMemory, bs_64x16, padding_256, pixelPerThread_2
5263 - OpenCL, Linear1D, LocalMemory, bs_1024x1, padding_192, pixelPerThread_4
25291 - CUDA, Array2D, LocalMemory, bs_1024x1, padding_480, pixelPerThread_4
8490 - OpenCL, Linear2D, LocalMemory, bs_256x1, padding_448, pixelPerThread_3
25212 - CUDA, Array2D, LocalMemory, bs_512x2, padding_416, pixelPerThread_1
7103 - OpenCL, Linear2D, bs_256x2, padding_224, pixelPerThread_4
11875 - OpenCL, Ldg, bs_64x16, padding_320, pixelPerThread_4
4200 - OpenCL, Linear1D, bs_256x1, padding_416, pixelPerThread_1
10367 - OpenCL, Array2D, LocalMemory, bs_64x4, padding_224, pixelPerThread_4
6720 - OpenCL, Linear2D, bs_1024x1, padding_448, pixelPerThread_1
11802 - OpenCL, Ldg, bs_64x4, padding_288, pixelPerThread_3
24759 - CUDA, Array2D, LocalMemory, bs_128x1, padding_32, pixelPerThread_4
11275 - OpenCL, Array2D, LocalMemory, bs_64x8, padding_416, pixelPerThread_4
12897 - OpenCL, Ldg, LocalMemory, bs_32x1, padding_352, pixelPerThread_2
13943 - OpenCL, Ldg, LocalMemory, bs_32x4, padding_0, pixelPerThread_4
5277 - OpenCL, Linear1D, LocalMemory, bs_1024x1, padding_320, pixelPerThread_2
21666 - CUDA, Linear2D, LocalMemory, bs_32x32, padding_320, pixelPerThread_3
8277 - OpenCL, Linear2D, LocalMemory, bs_32x4, padding_384, pixelPerThread_2
12379 - OpenCL, Ldg, bs_1024x1, padding_0, pixelPerThread_4
11036 - OpenCL, Array2D, LocalMemory, bs_32x2, padding_160, pixelPerThread_1
24656 - CUDA, Array2D, LocalMemory, bs_64x4, padding_320, pixelPerThread_1
24394 - CUDA, Array2D, LocalMemory, bs_32x8, padding_384, pixelPerThread_3
9273 - OpenCL, Array2D, bs_128x8, padding_192, pixelPerThread_2
24485 - CUDA, Array2D, LocalMemory, bs_32x32, padding_32, pixelPerThread_2
21654 - CUDA, Linear2D, LocalMemory, bs_32x32, padding_224, pixelPerThread_3
16698 - CUDA, LocalMemory, bs_1024x1, padding_288, pixelPerThread_3
9064 - OpenCL, Array2D, bs_128x1, padding_160, pixelPerThread_1
8885 - OpenCL, Array2D, bs_64x1, padding_352, pixelPerThread_2
10754 - OpenCL, Array2D, LocalMemory, bs_256x4, padding_64, pixelPerThread_3
13937 - OpenCL, Ldg, LocalMemory, bs_32x2, padding_512, pixelPerThread_2
7561 - OpenCL, Linear2D, LocalMemory, bs_64x16, padding_96, pixelPerThread_2
6975 - OpenCL, Linear2D, bs_64x8, padding_288, pixelPerThread_4
6903 - OpenCL, Linear2D, bs_64x2, padding_256, pixelPerThread_4
24057 - CUDA, Array2D, bs_64x2, padding_416, pixelPerThread_2
2966 - OpenCL, Linear1D, bs_32x8, padding_320, pixelPerThread_3
9912 - OpenCL, Array2D, bs_256x1, padding_416, pixelPerThread_1
19350 - CUDA, Linear1D, LocalMemory, bs_256x4, padding_288, pixelPerThread_3
13613 - OpenCL, Ldg, LocalMemory, bs_256x4, padding_96, pixelPerThread_2
13723 - OpenCL, Ldg, LocalMemory, bs_512x1, padding_416, pixelPerThread_4
6924 - OpenCL, Linear2D, bs_64x2, padding_448, pixelPerThread_1
21663 - CUDA, Linear2D, LocalMemory, bs_32x32, padding_288, pixelPerThread_4
11801 - OpenCL, Ldg, bs_64x4, padding_288, pixelPerThread_2
12182 - OpenCL, Ldg, bs_256x4, padding_64, pixelPerThread_3
9296 - OpenCL, Array2D, bs_128x8, padding_384, pixelPerThread_1
7892 - OpenCL, Linear2D, LocalMemory, bs_256x4, padding_32, pixelPerThread_1
10691 - OpenCL, Array2D, LocalMemory, bs_128x8, padding_96, pixelPerThread_4
10911 - OpenCL, Array2D, LocalMemory, bs_512x2, padding_224, pixelPerThread_4
22899 - CUDA, Array2D, bs_32x1, padding_384, pixelPerThread_4
3475 - OpenCL, Linear1D, bs_128x4, padding_32, pixelPerThread_4
23007 - CUDA, Array2D, bs_32x16, padding_160, pixelPerThread_4
12191 - OpenCL, Ldg, bs_256x4, padding_128, pixelPerThread_4
9954 - OpenCL, Array2D, bs_256x2, padding_192, pixelPerThread_3
6306 - OpenCL, Linear2D, bs_128x2, padding_384, pixelPerThread_3
6071 - OpenCL, Linear2D, bs_64x4, padding_128, pixelPerThread_4
6912 - OpenCL, Linear2D, bs_64x2, padding_352, pixelPerThread_1
10191 - OpenCL, Array2D, LocalMemory, bs_32x16, padding_448, pixelPerThread_4
6143 - OpenCL, Linear2D, bs_64x16, padding_160, pixelPerThread_4
5311 - OpenCL, Linear1D, LocalMemory, bs_32x2, padding_32, pixelPerThread_4
23901 - CUDA, Array2D, bs_32x2, padding_256, pixelPerThread_2
8853 - OpenCL, Array2D, bs_64x1, padding_96, pixelPerThread_2
11935 - OpenCL, Ldg, bs_128x1, padding_256, pixelPerThread_4
5794 - OpenCL, Linear2D, bs_32x8, padding_96, pixelPerThread_3
16607 - CUDA, LocalMemory, bs_512x2, padding_96, pixelPerThread_4
12789 - OpenCL, Ldg, bs_256x2, padding_32, pixelPerThread_2
12716 - OpenCL, Ldg, bs_256x1, padding_0, pixelPerThread_1
11874 - OpenCL, Ldg, bs_64x16, padding_320, pixelPerThread_3
5144 - OpenCL, Linear1D, LocalMemory, bs_512x1, padding_352, pixelPerThread_1
12333 - OpenCL, Ldg, bs_512x2, padding_192, pixelPerThread_2
8659 - OpenCL, Array2D, bs_32x8, padding_160, pixelPerThread_4
23399 - CUDA, Array2D, bs_128x2, padding_32, pixelPerThread_4
9809 - OpenCL, Array2D, bs_64x8, padding_128, pixelPerThread_2
10247 - OpenCL, Array2D, LocalMemory, bs_32x32, padding_352, pixelPerThread_4
5493 - OpenCL, Linear1D, LocalMemory, bs_64x2, padding_416, pixelPerThread_2
23293 - CUDA, Array2D, bs_64x16, padding_288, pixelPerThread_2
24255 - CUDA, Array2D, bs_256x2, padding_352, pixelPerThread_4
5729 - OpenCL, Linear2D, bs_32x1, padding_128, pixelPerThread_2
10058 - OpenCL, Array2D, LocalMemory, bs_32x1, padding_480, pixelPerThread_3
9322 - OpenCL, Array2D, bs_256x4, padding_32, pixelPerThread_3
16603 - CUDA, LocalMemory, bs_512x2, padding_64, pixelPerThread_4
6871 - OpenCL, Linear2D, bs_64x2, padding_0, pixelPerThread_4
23851 - CUDA, Array2D, bs_1024x1, padding_384, pixelPerThread_4
6594 - OpenCL, Linear2D, bs_512x1, padding_512, pixelPerThread_3
23469 - CUDA, Array2D, bs_128x4, padding_64, pixelPerThread_2
10963 - OpenCL, Array2D, LocalMemory, bs_1024x1, padding_96, pixelPerThread_4
9140 - OpenCL, Array2D, bs_128x2, padding_224, pixelPerThread_1
12378 - OpenCL, Ldg, bs_1024x1, padding_0, pixelPerThread_3
10218 - OpenCL, Array2D, LocalMemory, bs_32x32, padding_128, pixelPerThread_3
28035 - CUDA, Ldg, LocalMemory, bs_512x2, padding_128, pixelPerThread_4
4809 - OpenCL, Linear1D, LocalMemory, bs_128x1, padding_384, pixelPerThread_2
4051 - OpenCL, Linear1D, bs_64x2, padding_288, pixelPerThread_4
3441 - OpenCL, Linear1D, bs_128x2, padding_320, pixelPerThread_2
7886 - OpenCL, Linear2D, LocalMemory, bs_128x8, padding_512, pixelPerThread_3
7466 - OpenCL, Linear2D, LocalMemory, bs_64x1, padding_416, pixelPerThread_3
13653 - OpenCL, Ldg, LocalMemory, bs_256x4, padding_416, pixelPerThread_2
23277 - CUDA, Array2D, bs_64x16, padding_160, pixelPerThread_2
12859 - OpenCL, Ldg, LocalMemory, bs_32x1, padding_32, pixelPerThread_4
24296 - CUDA, Array2D, LocalMemory, bs_32x1, padding_160, pixelPerThread_1
7285 - OpenCL, Linear2D, LocalMemory, bs_32x16, padding_64, pixelPerThread_2
24745 - CUDA, Array2D, LocalMemory, bs_64x16, padding_480, pixelPerThread_2
5003 - OpenCL, Linear1D, LocalMemory, bs_128x8, padding_288, pixelPerThread_4
13123 - OpenCL, Ldg, LocalMemory, bs_32x32, padding_512, pixelPerThread_4
9140 - OpenCL, Array2D, bs_128x2, padding_224, pixelPerThread_1
12035 - OpenCL, Ldg, bs_128x2, padding_512, pixelPerThread_4
13750 - OpenCL, Ldg, LocalMemory, bs_512x2, padding_96, pixelPerThread_3
12436 - OpenCL, Ldg, bs_1024x1, padding_480, pixelPerThread_1
8034 - OpenCL, Linear2D, LocalMemory, bs_512x2, padding_64, pixelPerThread_3
23379 - CUDA, Array2D, bs_128x1, padding_416, pixelPerThread_4
23834 - CUDA, Array2D, bs_1024x1, padding_256, pixelPerThread_3
23817 - CUDA, Array2D, bs_1024x1, padding_128, pixelPerThread_2
3779 - OpenCL, Linear1D, bs_512x2, padding_288, pixelPerThread_4
1678 - OpenCL, LocalMemory, bs_32x32, padding_352, pixelPerThread_3
7790 - OpenCL, Linear2D, LocalMemory, bs_128x4, padding_288, pixelPerThread_3
13161 - OpenCL, Ldg, LocalMemory, bs_64x1, padding_288, pixelPerThread_2
12134 - OpenCL, Ldg, bs_128x8, padding_224, pixelPerThread_3
13114 - OpenCL, Ldg, LocalMemory, bs_32x32, padding_448, pixelPerThread_3
10198 - OpenCL, Array2D, LocalMemory, bs_32x16, padding_512, pixelPerThread_3
11918 - OpenCL, Ldg, bs_128x1, padding_128, pixelPerThread_3
13712 - OpenCL, Ldg, LocalMemory, bs_512x1, padding_352, pixelPerThread_1
23282 - CUDA, Array2D, bs_64x16, padding_192, pixelPerThread_3
24840 - CUDA, Array2D, LocalMemory, bs_128x2, padding_160, pixelPerThread_1
16642 - CUDA, LocalMemory, bs_512x2, padding_384, pixelPerThread_3
8143 - OpenCL, Linear2D, LocalMemory, bs_1024x1, padding_384, pixelPerThread_4
14032 - OpenCL, Ldg, LocalMemory, bs_64x2, padding_192, pixelPerThread_1
6780 - OpenCL, Linear2D, bs_32x2, padding_384, pixelPerThread_1
12281 - OpenCL, Ldg, bs_512x1, padding_320, pixelPerThread_2
5490 - OpenCL, Linear1D, LocalMemory, bs_64x2, padding_384, pixelPerThread_3
23471 - CUDA, Array2D, bs_128x4, padding_64, pixelPerThread_4
4807 - OpenCL, Linear1D, LocalMemory, bs_128x1, padding_352, pixelPerThread_4
24010 - CUDA, Array2D, bs_64x2, padding_32, pixelPerThread_3
8662 - OpenCL, Array2D, bs_32x8, padding_192, pixelPerThread_3
10035 - OpenCL, Array2D, LocalMemory, bs_32x1, padding_288, pixelPerThread_4
14245 - OpenCL, Ldg, LocalMemory, bs_256x2, padding_256, pixelPerThread_2
11181 - OpenCL, Array2D, LocalMemory, bs_64x2, padding_224, pixelPerThread_2
28054 - CUDA, Ldg, LocalMemory, bs_512x2, padding_288, pixelPerThread_3
11584 - OpenCL, Ldg, bs_32x16, padding_192, pixelPerThread_1
9120 - OpenCL, Array2D, bs_128x2, padding_64, pixelPerThread_1
6843 - OpenCL, Linear2D, bs_32x4, padding_320, pixelPerThread_4
3055 - OpenCL, Linear1D, bs_32x16, padding_480, pixelPerThread_4
13558 - OpenCL, Ldg, LocalMemory, bs_128x8, padding_192, pixelPerThread_3
11753 - OpenCL, Ldg, bs_64x1, padding_448, pixelPerThread_2
9348 - OpenCL, Array2D, bs_256x4, padding_256, pixelPerThread_1
9802 - OpenCL, Array2D, bs_64x8, padding_64, pixelPerThread_3
24011 - CUDA, Array2D, bs_64x2, padding_32, pixelPerThread_4
24791 - CUDA, Array2D, LocalMemory, bs_128x1, padding_288, pixelPerThread_4
6767 - OpenCL, Linear2D, bs_32x2, padding_256, pixelPerThread_4
10362 - OpenCL, Array2D, LocalMemory, bs_64x4, padding_192, pixelPerThread_3
10071 - OpenCL, Array2D, LocalMemory, bs_32x8, padding_32, pixelPerThread_4
3078 - OpenCL, Linear1D, bs_32x32, padding_128, pixelPerThread_3
6622 - OpenCL, Linear2D, bs_512x2, padding_192, pixelPerThread_3
9253 - OpenCL, Array2D, bs_128x8, padding_32, pixelPerThread_2
12504 - OpenCL, Ldg, bs_32x2, padding_480, pixelPerThread_1
8764 - OpenCL, Array2D, bs_32x16, padding_480, pixelPerThread_1
13659 - OpenCL, Ldg, LocalMemory, bs_256x4, padding_448, pixelPerThread_4
14121 - OpenCL, Ldg, LocalMemory, bs_64x8, padding_352, pixelPerThread_2
8648 - OpenCL, Array2D, bs_32x8, padding_96, pixelPerThread_1
6297 - OpenCL, Linear2D, bs_128x2, padding_320, pixelPerThread_2
25469 - CUDA, Array2D, LocalMemory, bs_64x2, padding_288, pixelPerThread_2
3597 - OpenCL, Linear1D, bs_128x8, padding_480, pixelPerThread_2
4443 - OpenCL, Linear1D, LocalMemory, bs_32x16, padding_160, pixelPerThread_4
13879 - OpenCL, Ldg, LocalMemory, bs_32x2, padding_32, pixelPerThread_4
5756 - OpenCL, Linear2D, bs_32x1, padding_352, pixelPerThread_1
4414 - OpenCL, Linear1D, LocalMemory, bs_32x8, padding_480, pixelPerThread_3
14113 - OpenCL, Ldg, LocalMemory, bs_64x8, padding_288, pixelPerThread_2
8046 - OpenCL, Linear2D, LocalMemory, bs_512x2, padding_160, pixelPerThread_3
4757 - OpenCL, Linear1D, LocalMemory, bs_64x16, padding_512, pixelPerThread_2
25491 - CUDA, Array2D, LocalMemory, bs_64x2, padding_448, pixelPerThread_4
28109 - CUDA, Ldg, LocalMemory, bs_1024x1, padding_192, pixelPerThread_2
24992 - CUDA, Array2D, LocalMemory, bs_128x8, padding_288, pixelPerThread_1
4304 - OpenCL, Linear1D, LocalMemory, bs_32x1, padding_160, pixelPerThread_1
2985 - OpenCL, Linear1D, bs_32x8, padding_480, pixelPerThread_2
8948 - OpenCL, Array2D, bs_64x4, padding_320, pixelPerThread_1
23787 - CUDA, Array2D, bs_512x2, padding_416, pixelPerThread_4
6588 - OpenCL, Linear2D, bs_512x1, padding_480, pixelPerThread_1
7354 - OpenCL, Linear2D, LocalMemory, bs_32x32, padding_64, pixelPerThread_3
3775 - OpenCL, Linear1D, bs_512x2, padding_256, pixelPerThread_4
9078 - OpenCL, Array2D, bs_128x1, padding_256, pixelPerThread_3
10387 - OpenCL, Array2D, LocalMemory, bs_64x4, padding_384, pixelPerThread_4
13162 - OpenCL, Ldg, LocalMemory, bs_64x1, padding_288, pixelPerThread_3
2390 - OpenCL, LocalMemory, bs_1024x1, padding_64, pixelPerThread_3
9814 - OpenCL, Array2D, bs_64x8, padding_160, pixelPerThread_3
6748 - OpenCL, Linear2D, bs_32x2, padding_128, pixelPerThread_1
9245 - OpenCL, Array2D, bs_128x4, padding_512, pixelPerThread_2
5224 - OpenCL, Linear1D, LocalMemory, bs_512x2, padding_448, pixelPerThread_1
23305 - CUDA, Array2D, bs_64x16, padding_384, pixelPerThread_2
11727 - OpenCL, Ldg, bs_64x1, padding_224, pixelPerThread_4
5319 - OpenCL, Linear1D, LocalMemory, bs_32x2, padding_96, pixelPerThread_4
12883 - OpenCL, Ldg, LocalMemory, bs_32x1, padding_224, pixelPerThread_4
27375 - CUDA, Ldg, LocalMemory, bs_32x32, padding_288, pixelPerThread_4
5460 - OpenCL, Linear1D, LocalMemory, bs_64x2, padding_160, pixelPerThread_1
25649 - CUDA, Array2D, LocalMemory, bs_256x2, padding_96, pixelPerThread_2
23061 - CUDA, Array2D, bs_32x32, padding_64, pixelPerThread_2
5393 - OpenCL, Linear1D, LocalMemory, bs_32x4, padding_160, pixelPerThread_2
23895 - CUDA, Array2D, bs_32x2, padding_192, pixelPerThread_4
6728 - OpenCL, Linear2D, bs_1024x1, padding_512, pixelPerThread_1
23100 - CUDA, Array2D, bs_32x32, padding_384, pixelPerThread_1
6320 - OpenCL, Linear2D, bs_128x2, padding_512, pixelPerThread_1
3689 - OpenCL, Linear1D, bs_512x1, padding_128, pixelPerThread_2
23050 - CUDA, Array2D, bs_32x16, padding_512, pixelPerThread_3
24797 - CUDA, Array2D, LocalMemory, bs_128x1, padding_352, pixelPerThread_2
23780 - CUDA, Array2D, bs_512x2, padding_384, pixelPerThread_1
5986 - OpenCL, Linear2D, bs_64x1, padding_0, pixelPerThread_3
6128 - OpenCL, Linear2D, bs_64x16, padding_64, pixelPerThread_1
14153 - OpenCL, Ldg, LocalMemory, bs_256x1, padding_64, pixelPerThread_2
9029 - OpenCL, Array2D, bs_64x16, padding_416, pixelPerThread_2
10938 - OpenCL, Array2D, LocalMemory, bs_512x2, padding_448, pixelPerThread_3
9895 - OpenCL, Array2D, bs_256x1, padding_256, pixelPerThread_4
10170 - OpenCL, Array2D, LocalMemory, bs_32x16, padding_288, pixelPerThread_3
13038 - OpenCL, Ldg, LocalMemory, bs_32x16, padding_384, pixelPerThread_3
25490 - CUDA, Array2D, LocalMemory, bs_64x2, padding_448, pixelPerThread_3
24700 - CUDA, Array2D, LocalMemory, bs_64x16, padding_128, pixelPerThread_1
4420 - OpenCL, Linear1D, LocalMemory, bs_32x16, padding_0, pixelPerThread_1
4766 - OpenCL, Linear1D, LocalMemory, bs_128x1, padding_32, pixelPerThread_3
13909 - OpenCL, Ldg, LocalMemory, bs_32x2, padding_288, pixelPerThread_2
9780 - OpenCL, Array2D, bs_64x2, padding_448, pixelPerThread_1
23057 - CUDA, Array2D, bs_32x32, padding_32, pixelPerThread_2
23176 - CUDA, Array2D, bs_64x1, padding_448, pixelPerThread_1
12574 - OpenCL, Ldg, bs_32x4, padding_480, pixelPerThread_3
3989 - OpenCL, Linear1D, bs_32x4, padding_352, pixelPerThread_2
7436 - OpenCL, Linear2D, LocalMemory, bs_64x1, padding_192, pixelPerThread_1
9966 - OpenCL, Array2D, bs_256x2, padding_288, pixelPerThread_3
10240 - OpenCL, Array2D, LocalMemory, bs_32x32, padding_320, pixelPerThread_1
19583 - CUDA, Linear1D, LocalMemory, bs_1024x1, padding_512, pixelPerThread_4
4041 - OpenCL, Linear1D, bs_64x2, padding_224, pixelPerThread_2
6284 - OpenCL, Linear2D, bs_128x2, padding_224, pixelPerThread_1
12957 - OpenCL, Ldg, LocalMemory, bs_32x8, padding_288, pixelPerThread_2
25118 - CUDA, Array2D, LocalMemory, bs_512x1, padding_192, pixelPerThread_3
5807 - OpenCL, Linear2D, bs_32x8, padding_192, pixelPerThread_4
8395 - OpenCL, Linear2D, LocalMemory, bs_64x8, padding_224, pixelPerThread_4
10180 - OpenCL, Array2D, LocalMemory, bs_32x16, padding_384, pixelPerThread_1
5448 - OpenCL, Linear1D, LocalMemory, bs_64x2, padding_64, pixelPerThread_1
3499 - OpenCL, Linear1D, bs_128x4, padding_224, pixelPerThread_4
24765 - CUDA, Array2D, LocalMemory, bs_128x1, padding_96, pixelPerThread_2
11631 - OpenCL, Ldg, bs_32x32, padding_0, pixelPerThread_4
19537 - CUDA, Linear1D, LocalMemory, bs_1024x1, padding_160, pixelPerThread_2
8824 - OpenCL, Array2D, bs_32x32, padding_416, pixelPerThread_1
1843 - OpenCL, LocalMemory, bs_64x16, padding_32, pixelPerThread_4
8265 - OpenCL, Linear2D, LocalMemory, bs_32x4, padding_288, pixelPerThread_2
5602 - OpenCL, Linear1D, LocalMemory, bs_256x1, padding_192, pixelPerThread_3
4381 - OpenCL, Linear1D, LocalMemory, bs_32x8, padding_224, pixelPerThread_2
5179 - OpenCL, Linear1D, LocalMemory, bs_512x2, padding_64, pixelPerThread_4
11815 - OpenCL, Ldg, bs_64x4, padding_384, pixelPerThread_4
12105 - OpenCL, Ldg, bs_128x8, padding_0, pixelPerThread_2
9144 - OpenCL, Array2D, bs_128x2, padding_256, pixelPerThread_1
25606 - CUDA, Array2D, LocalMemory, bs_256x1, padding_288, pixelPerThread_3
23852 - CUDA, Array2D, bs_1024x1, padding_416, pixelPerThread_1
4178 - OpenCL, Linear1D, bs_256x1, padding_224, pixelPerThread_3
10198 - OpenCL, Array2D, LocalMemory, bs_32x16, padding_512, pixelPerThread_3
24741 - CUDA, Array2D, LocalMemory, bs_64x16, padding_448, pixelPerThread_2
13919 - OpenCL, Ldg, LocalMemory, bs_32x2, padding_352, pixelPerThread_4
25174 - CUDA, Array2D, LocalMemory, bs_512x2, padding_96, pixelPerThread_3
6467 - OpenCL, Linear2D, bs_256x4, padding_32, pixelPerThread_4
23377 - CUDA, Array2D, bs_128x1, padding_416, pixelPerThread_2
7889 - OpenCL, Linear2D, LocalMemory, bs_256x4, padding_0, pixelPerThread_2
3789 - OpenCL, Linear1D, bs_512x2, padding_384, pixelPerThread_2
12686 - OpenCL, Ldg, bs_64x8, padding_288, pixelPerThread_3
4441 - OpenCL, Linear1D, LocalMemory, bs_32x16, padding_160, pixelPerThread_2
22397 - CUDA, Linear2D, LocalMemory, bs_1024x1, padding_192, pixelPerThread_2
9297 - OpenCL, Array2D, bs_128x8, padding_384, pixelPerThread_2
3033 - OpenCL, Linear1D, bs_32x16, padding_320, pixelPerThread_2
10919 - OpenCL, Array2D, LocalMemory, bs_512x2, padding_288, pixelPerThread_4
8661 - OpenCL, Array2D, bs_32x8, padding_192, pixelPerThread_2
5000 - OpenCL, Linear1D, LocalMemory, bs_128x8, padding_288, pixelPerThread_1
8215 - OpenCL, Linear2D, LocalMemory, bs_32x2, padding_416, pixelPerThread_4
28086 - CUDA, Ldg, LocalMemory, bs_1024x1, padding_0, pixelPerThread_3
10565 - OpenCL, Array2D, LocalMemory, bs_128x2, padding_192, pixelPerThread_2
13692 - OpenCL, Ldg, LocalMemory, bs_512x1, padding_192, pixelPerThread_1
4959 - OpenCL, Linear1D, LocalMemory, bs_128x4, padding_480, pixelPerThread_4
6229 - OpenCL, Linear2D, bs_128x1, padding_320, pixelPerThread_2
8920 - OpenCL, Array2D, bs_64x4, padding_96, pixelPerThread_1
12084 - OpenCL, Ldg, bs_128x4, padding_384, pixelPerThread_1
25470 - CUDA, Array2D, LocalMemory, bs_64x2, padding_288, pixelPerThread_3
4916 - OpenCL, Linear1D, LocalMemory, bs_128x4, padding_160, pixelPerThread_1
25149 - CUDA, Array2D, LocalMemory, bs_512x1, padding_448, pixelPerThread_2
7115 - OpenCL, Linear2D, bs_256x2, padding_320, pixelPerThread_4
23265 - CUDA, Array2D, bs_64x16, padding_64, pixelPerThread_2
23465 - CUDA, Array2D, bs_128x4, padding_32, pixelPerThread_2
5079 - OpenCL, Linear1D, LocalMemory, bs_256x4, padding_352, pixelPerThread_4
22426 - CUDA, Linear2D, LocalMemory, bs_1024x1, padding_416, pixelPerThread_3
24077 - CUDA, Array2D, bs_64x8, padding_32, pixelPerThread_2
5198 - OpenCL, Linear1D, LocalMemory, bs_512x2, padding_224, pixelPerThread_3
8626 - OpenCL, Array2D, bs_32x1, padding_448, pixelPerThread_3
24229 - CUDA, Array2D, bs_256x2, padding_160, pixelPerThread_2
3920 - OpenCL, Linear1D, bs_32x2, padding_352, pixelPerThread_1
5563 - OpenCL, Linear1D, LocalMemory, bs_64x8, padding_416, pixelPerThread_4
7756 - OpenCL, Linear2D, LocalMemory, bs_128x4, padding_32, pixelPerThread_1
24000 - CUDA, Array2D, bs_32x4, padding_512, pixelPerThread_1
6457 - OpenCL, Linear2D, bs_128x8, padding_512, pixelPerThread_2
6776 - OpenCL, Linear2D, bs_32x2, padding_352, pixelPerThread_1
13476 - OpenCL, Ldg, LocalMemory, bs_128x4, padding_96, pixelPerThread_1
13602 - OpenCL, Ldg, LocalMemory, bs_256x4, padding_0, pixelPerThread_3
6123 - OpenCL, Linear2D, bs_64x16, padding_0, pixelPerThread_4
3512 - OpenCL, Linear1D, bs_128x4, padding_352, pixelPerThread_1
11797 - OpenCL, Ldg, bs_64x4, padding_256, pixelPerThread_2
3745 - OpenCL, Linear1D, bs_512x2, padding_32, pixelPerThread_2
7710 - OpenCL, Linear2D, LocalMemory, bs_128x2, padding_192, pixelPerThread_3
9087 - OpenCL, Array2D, bs_128x1, padding_320, pixelPerThread_4
11917 - OpenCL, Ldg, bs_128x1, padding_128, pixelPerThread_2
23991 - CUDA, Array2D, bs_32x4, padding_416, pixelPerThread_4
7756 - OpenCL, Linear2D, LocalMemory, bs_128x4, padding_32, pixelPerThread_1
18787 - CUDA, Linear1D, LocalMemory, bs_32x32, padding_128, pixelPerThread_4
11093 - OpenCL, Array2D, LocalMemory, bs_32x4, padding_64, pixelPerThread_2
2147 - OpenCL, LocalMemory, bs_128x8, padding_288, pixelPerThread_4
3722 - OpenCL, Linear1D, bs_512x1, padding_384, pixelPerThread_3
3458 - OpenCL, Linear1D, bs_128x2, padding_448, pixelPerThread_3
5167 - OpenCL, Linear1D, LocalMemory, bs_512x1, padding_512, pixelPerThread_4
8510 - OpenCL, Linear2D, LocalMemory, bs_256x2, padding_64, pixelPerThread_3
22118 - CUDA, Linear2D, LocalMemory, bs_128x8, padding_128, pixelPerThread_3
3093 - OpenCL, Linear1D, bs_32x32, padding_256, pixelPerThread_2
4522 - OpenCL, Linear1D, LocalMemory, bs_32x32, padding_256, pixelPerThread_3
9392 - OpenCL, Array2D, bs_512x1, padding_64, pixelPerThread_1
22198 - CUDA, Linear2D, LocalMemory, bs_256x4, padding_224, pixelPerThread_3
5596 - OpenCL, Linear1D, LocalMemory, bs_256x1, padding_160, pixelPerThread_1
9663 - OpenCL, Array2D, bs_32x4, padding_32, pixelPerThread_4
8438 - OpenCL, Linear2D, LocalMemory, bs_256x1, padding_32, pixelPerThread_3
7871 - OpenCL, Linear2D, LocalMemory, bs_128x8, padding_384, pixelPerThread_4
4415 - OpenCL, Linear1D, LocalMemory, bs_32x8, padding_480, pixelPerThread_4
8489 - OpenCL, Linear2D, LocalMemory, bs_256x1, padding_448, pixelPerThread_2
3969 - OpenCL, Linear1D, bs_32x4, padding_192, pixelPerThread_2
6589 - OpenCL, Linear2D, bs_512x1, padding_480, pixelPerThread_2
4628 - OpenCL, Linear1D, LocalMemory, bs_64x4, padding_32, pixelPerThread_1
9753 - OpenCL, Array2D, bs_64x2, padding_224, pixelPerThread_2
8434 - OpenCL, Linear2D, LocalMemory, bs_256x1, padding_0, pixelPerThread_3
9519 - OpenCL, Array2D, bs_512x2, padding_512, pixelPerThread_4
6585 - OpenCL, Linear2D, bs_512x1, padding_448, pixelPerThread_2
4617 - OpenCL, Linear1D, LocalMemory, bs_64x1, padding_480, pixelPerThread_2
11630 - OpenCL, Ldg, bs_32x32, padding_0, pixelPerThread_3
23901 - CUDA, Array2D, bs_32x2, padding_256, pixelPerThread_2
11252 - OpenCL, Array2D, LocalMemory, bs_64x8, padding_256, pixelPerThread_1
6115 - OpenCL, Linear2D, bs_64x4, padding_480, pixelPerThread_4
10375 - OpenCL, Array2D, LocalMemory, bs_64x4, padding_288, pixelPerThread_4
6235 - OpenCL, Linear2D, bs_128x1, padding_352, pixelPerThread_4
10985 - OpenCL, Array2D, LocalMemory, bs_1024x1, padding_288, pixelPerThread_2
14063 - OpenCL, Ldg, LocalMemory, bs_64x2, padding_416, pixelPerThread_4
24312 - CUDA, Array2D, LocalMemory, bs_32x1, padding_288, pixelPerThread_1
10318 - OpenCL, Array2D, LocalMemory, bs_64x1, padding_384, pixelPerThread_3
10023 - OpenCL, Array2D, LocalMemory, bs_32x1, padding_192, pixelPerThread_4
4763 - OpenCL, Linear1D, LocalMemory, bs_128x1, padding_0, pixelPerThread_4
12445 - OpenCL, Ldg, bs_32x2, padding_0, pixelPerThread_2
11842 - OpenCL, Ldg, bs_64x16, padding_64, pixelPerThread_3
9393 - OpenCL, Array2D, bs_512x1, padding_64, pixelPerThread_2
13747 - OpenCL, Ldg, LocalMemory, bs_512x2, padding_64, pixelPerThread_4
9403 - OpenCL, Array2D, bs_512x1, padding_128, pixelPerThread_4
7227 - OpenCL, Linear2D, LocalMemory, bs_32x8, padding_128, pixelPerThread_4
1890 - OpenCL, LocalMemory, bs_64x16, padding_416, pixelPerThread_3
6696 - OpenCL, Linear2D, bs_1024x1, padding_256, pixelPerThread_1
24205 - CUDA, Array2D, bs_256x1, padding_512, pixelPerThread_2
4149 - OpenCL, Linear1D, bs_256x1, padding_0, pixelPerThread_2
24115 - CUDA, Array2D, bs_64x8, padding_320, pixelPerThread_4
3518 - OpenCL, Linear1D, bs_128x4, padding_384, pixelPerThread_3
11328 - OpenCL, Array2D, LocalMemory, bs_256x1, padding_320, pixelPerThread_1
5835 - OpenCL, Linear2D, bs_32x8, padding_416, pixelPerThread_4
25533 - CUDA, Array2D, LocalMemory, bs_64x8, padding_256, pixelPerThread_2
24016 - CUDA, Array2D, bs_64x2, padding_96, pixelPerThread_1
24826 - CUDA, Array2D, LocalMemory, bs_128x2, padding_32, pixelPerThread_3
5492 - OpenCL, Linear1D, LocalMemory, bs_64x2, padding_416, pixelPerThread_1
13697 - OpenCL, Ldg, LocalMemory, bs_512x1, padding_224, pixelPerThread_2
13877 - OpenCL, Ldg, LocalMemory, bs_32x2, padding_32, pixelPerThread_2
10023 - OpenCL, Array2D, LocalMemory, bs_32x1, padding_192, pixelPerThread_4
10275 - OpenCL, Array2D, LocalMemory, bs_64x1, padding_32, pixelPerThread_4
11959 - OpenCL, Ldg, bs_128x1, padding_448, pixelPerThread_4
11346 - OpenCL, Array2D, LocalMemory, bs_256x1, padding_448, pixelPerThread_3
25188 - CUDA, Array2D, LocalMemory, bs_512x2, padding_224, pixelPerThread_1
13365 - OpenCL, Ldg, LocalMemory, bs_128x1, padding_288, pixelPerThread_2
23932 - CUDA, Array2D, bs_32x2, padding_512, pixelPerThread_1
9184 - OpenCL, Array2D, bs_128x4, padding_32, pixelPerThread_1
24221 - CUDA, Array2D, bs_256x2, padding_96, pixelPerThread_2
7367 - OpenCL, Linear2D, LocalMemory, bs_32x32, padding_160, pixelPerThread_4
6169 - OpenCL, Linear2D, bs_64x16, padding_384, pixelPerThread_2
5899 - OpenCL, Linear2D, bs_32x16, padding_384, pixelPerThread_4
10509 - OpenCL, Array2D, LocalMemory, bs_128x1, padding_288, pixelPerThread_2
8927 - OpenCL, Array2D, bs_64x4, padding_128, pixelPerThread_4
23952 - CUDA, Array2D, bs_32x4, padding_128, pixelPerThread_1
13937 - OpenCL, Ldg, LocalMemory, bs_32x2, padding_512, pixelPerThread_2
24832 - CUDA, Array2D, LocalMemory, bs_128x2, padding_96, pixelPerThread_1
24265 - CUDA, Array2D, bs_256x2, padding_448, pixelPerThread_2
4365 - OpenCL, Linear1D, LocalMemory, bs_32x8, padding_96, pixelPerThread_2
4128 - OpenCL, Linear1D, bs_64x8, padding_384, pixelPerThread_1
5327 - OpenCL, Linear1D, LocalMemory, bs_32x2, padding_160, pixelPerThread_4
8632 - OpenCL, Array2D, bs_32x1, padding_512, pixelPerThread_1
12769 - OpenCL, Ldg, bs_256x1, padding_416, pixelPerThread_2
9745 - OpenCL, Array2D, bs_64x2, padding_160, pixelPerThread_2
10463 - OpenCL, Array2D, LocalMemory, bs_64x16, padding_448, pixelPerThread_4
7043 - OpenCL, Linear2D, bs_256x1, padding_288, pixelPerThread_4
22379 - CUDA, Linear2D, LocalMemory, bs_1024x1, padding_32, pixelPerThread_4
8892 - OpenCL, Array2D, bs_64x1, padding_416, pixelPerThread_1
7797 - OpenCL, Linear2D, LocalMemory, bs_128x4, padding_352, pixelPerThread_2
8980 - OpenCL, Array2D, bs_64x16, padding_32, pixelPerThread_1
12068 - OpenCL, Ldg, bs_128x4, padding_256, pixelPerThread_1
7707 - OpenCL, Linear2D, LocalMemory, bs_128x2, padding_160, pixelPerThread_4
5876 - OpenCL, Linear2D, bs_32x16, padding_224, pixelPerThread_1
4818 - OpenCL, Linear1D, LocalMemory, bs_128x1, padding_448, pixelPerThread_3
23338 - CUDA, Array2D, bs_128x1, padding_96, pixelPerThread_3
12043 - OpenCL, Ldg, bs_128x4, padding_32, pixelPerThread_4
4351 - OpenCL, Linear1D, LocalMemory, bs_32x1, padding_512, pixelPerThread_4
12884 - OpenCL, Ldg, LocalMemory, bs_32x1, padding_256, pixelPerThread_1
18774 - CUDA, Linear1D, LocalMemory, bs_32x32, padding_32, pixelPerThread_3
13489 - OpenCL, Ldg, LocalMemory, bs_128x4, padding_192, pixelPerThread_2
6407 - OpenCL, Linear2D, bs_128x8, padding_96, pixelPerThread_4
27383 - CUDA, Ldg, LocalMemory, bs_32x32, padding_352, pixelPerThread_4
7044 - OpenCL, Linear2D, bs_256x1, padding_320, pixelPerThread_1
16467 - CUDA, LocalMemory, bs_256x4, padding_64, pixelPerThread_4
3696 - OpenCL, Linear1D, bs_512x1, padding_192, pixelPerThread_1
8367 - OpenCL, Linear2D, LocalMemory, bs_64x8, padding_0, pixelPerThread_4
8054 - OpenCL, Linear2D, LocalMemory, bs_512x2, padding_224, pixelPerThread_3
4728 - OpenCL, Linear1D, LocalMemory, bs_64x16, padding_288, pixelPerThread_1
25124 - CUDA, Array2D, LocalMemory, bs_512x1, padding_256, pixelPerThread_1
7348 - OpenCL, Linear2D, LocalMemory, bs_32x32, padding_32, pixelPerThread_1
3869 - OpenCL, Linear1D, bs_1024x1, padding_480, pixelPerThread_2
8440 - OpenCL, Linear2D, LocalMemory, bs_256x1, padding_64, pixelPerThread_1
11529 - OpenCL, Ldg, bs_32x8, padding_288, pixelPerThread_2
6613 - OpenCL, Linear2D, bs_512x2, padding_128, pixelPerThread_2
4540 - OpenCL, Linear1D, LocalMemory, bs_32x32, padding_416, pixelPerThread_1
10530 - OpenCL, Array2D, LocalMemory, bs_128x1, padding_448, pixelPerThread_3
12681 - OpenCL, Ldg, bs_64x8, padding_256, pixelPerThread_2
2927 - OpenCL, Linear1D, bs_32x8, padding_0, pixelPerThread_4
27594 - CUDA, Ldg, LocalMemory, bs_64x16, padding_416, pixelPerThread_3
9671 - OpenCL, Array2D, bs_32x4, padding_96, pixelPerThread_4
8884 - OpenCL, Array2D, bs_64x1, padding_352, pixelPerThread_1
8083 - OpenCL, Linear2D, LocalMemory, bs_512x2, padding_448, pixelPerThread_4
3217 - OpenCL, Linear1D, bs_64x4, padding_160, pixelPerThread_2
10210 - OpenCL, Array2D, LocalMemory, bs_32x32, padding_64, pixelPerThread_3
7813 - OpenCL, Linear2D, LocalMemory, bs_128x4, padding_480, pixelPerThread_2
3988 - OpenCL, Linear1D, bs_32x4, padding_352, pixelPerThread_1
9199 - OpenCL, Array2D, bs_128x4, padding_128, pixelPerThread_4
22967 - CUDA, Array2D, bs_32x8, padding_384, pixelPerThread_4
5049 - OpenCL, Linear1D, LocalMemory, bs_256x4, padding_128, pixelPerThread_2
23438 - CUDA, Array2D, bs_128x2, padding_352, pixelPerThread_3
5897 - OpenCL, Linear2D, bs_32x16, padding_384, pixelPerThread_2
3411 - OpenCL, Linear1D, bs_128x2, padding_64, pixelPerThread_4
5937 - OpenCL, Linear2D, bs_32x32, padding_160, pixelPerThread_2
24787 - CUDA, Array2D, LocalMemory, bs_128x1, padding_256, pixelPerThread_4
19574 - CUDA, Linear1D, LocalMemory, bs_1024x1, padding_448, pixelPerThread_3
13948 - OpenCL, Ldg, LocalMemory, bs_32x4, padding_64, pixelPerThread_1
16490 - CUDA, LocalMemory, bs_256x4, padding_256, pixelPerThread_3
6913 - OpenCL, Linear2D, bs_64x2, padding_352, pixelPerThread_2
23617 - CUDA, Array2D, bs_256x4, padding_160, pixelPerThread_2
5903 - OpenCL, Linear2D, bs_32x16, padding_416, pixelPerThread_4
9592 - OpenCL, Array2D, bs_32x2, padding_32, pixelPerThread_1
10407 - OpenCL, Array2D, LocalMemory, bs_64x16, padding_0, pixelPerThread_4
12292 - OpenCL, Ldg, bs_512x1, padding_416, pixelPerThread_1
16419 - CUDA, LocalMemory, bs_128x8, padding_224, pixelPerThread_4
4917 - OpenCL, Linear1D, LocalMemory, bs_128x4, padding_160, pixelPerThread_2
9828 - OpenCL, Array2D, bs_64x8, padding_288, pixelPerThread_1
11375 - OpenCL, Array2D, LocalMemory, bs_256x2, padding_128, pixelPerThread_4
3482 - OpenCL, Linear1D, bs_128x4, padding_96, pixelPerThread_3
8519 - OpenCL, Linear2D, LocalMemory, bs_256x2, padding_128, pixelPerThread_4
12134 - OpenCL, Ldg, bs_128x8, padding_224, pixelPerThread_3
24651 - CUDA, Array2D, LocalMemory, bs_64x4, padding_256, pixelPerThread_4
13322 - OpenCL, Ldg, LocalMemory, bs_64x16, padding_480, pixelPerThread_3
13778 - OpenCL, Ldg, LocalMemory, bs_512x2, padding_320, pixelPerThread_3
16674 - CUDA, LocalMemory, bs_1024x1, padding_96, pixelPerThread_3
16439 - CUDA, LocalMemory, bs_128x8, padding_384, pixelPerThread_4
12031 - OpenCL, Ldg, bs_128x2, padding_480, pixelPerThread_4
11856 - OpenCL, Ldg, bs_64x16, padding_192, pixelPerThread_1
10108 - OpenCL, Array2D, LocalMemory, bs_32x8, padding_352, pixelPerThread_1
25634 - CUDA, Array2D, LocalMemory, bs_256x1, padding_512, pixelPerThread_3
4565 - OpenCL, Linear1D, LocalMemory, bs_64x1, padding_64, pixelPerThread_2
23358 - CUDA, Array2D, bs_128x1, padding_256, pixelPerThread_3
13375 - OpenCL, Ldg, LocalMemory, bs_128x1, padding_352, pixelPerThread_4
23707 - CUDA, Array2D, bs_512x1, padding_320, pixelPerThread_4
4691 - OpenCL, Linear1D, LocalMemory, bs_64x4, padding_512, pixelPerThread_4
13030 - OpenCL, Ldg, LocalMemory, bs_32x16, padding_320, pixelPerThread_3
12184 - OpenCL, Ldg, bs_256x4, padding_96, pixelPerThread_1
24669 - CUDA, Array2D, LocalMemory, bs_64x4, padding_416, pixelPerThread_2
13411 - OpenCL, Ldg, LocalMemory, bs_128x2, padding_96, pixelPerThread_4
5429 - OpenCL, Linear1D, LocalMemory, bs_32x4, padding_448, pixelPerThread_2
25443 - CUDA, Array2D, LocalMemory, bs_64x2, padding_64, pixelPerThread_4
4356 - OpenCL, Linear1D, LocalMemory, bs_32x8, padding_32, pixelPerThread_1
10821 - OpenCL, Array2D, LocalMemory, bs_512x1, padding_64, pixelPerThread_2
8823 - OpenCL, Array2D, bs_32x32, padding_384, pixelPerThread_4
4939 - OpenCL, Linear1D, LocalMemory, bs_128x4, padding_320, pixelPerThread_4
2429 - OpenCL, LocalMemory, bs_1024x1, padding_384, pixelPerThread_2
23024 - CUDA, Array2D, bs_32x16, padding_320, pixelPerThread_1
24369 - CUDA, Array2D, LocalMemory, bs_32x8, padding_192, pixelPerThread_2
5549 - OpenCL, Linear1D, LocalMemory, bs_64x8, padding_320, pixelPerThread_2
11720 - OpenCL, Ldg, bs_64x1, padding_192, pixelPerThread_1
13000 - OpenCL, Ldg, LocalMemory, bs_32x16, padding_96, pixelPerThread_1
23704 - CUDA, Array2D, bs_512x1, padding_320, pixelPerThread_1
11136 - OpenCL, Array2D, LocalMemory, bs_32x4, padding_416, pixelPerThread_1
12399 - OpenCL, Ldg, bs_1024x1, padding_160, pixelPerThread_4
23725 - CUDA, Array2D, bs_512x1, padding_480, pixelPerThread_2
24302 - CUDA, Array2D, LocalMemory, bs_32x1, padding_192, pixelPerThread_3
2218 - OpenCL, LocalMemory, bs_256x4, padding_320, pixelPerThread_3
13874 - OpenCL, Ldg, LocalMemory, bs_32x2, padding_0, pixelPerThread_3
14102 - OpenCL, Ldg, LocalMemory, bs_64x8, padding_192, pixelPerThread_3
9245 - OpenCL, Array2D, bs_128x4, padding_512, pixelPerThread_2
12732 - OpenCL, Ldg, bs_256x1, padding_128, pixelPerThread_1
12280 - OpenCL, Ldg, bs_512x1, padding_320, pixelPerThread_1
12596 - OpenCL, Ldg, bs_64x2, padding_128, pixelPerThread_1
9640 - OpenCL, Array2D, bs_32x2, padding_416, pixelPerThread_1
1691 - OpenCL, LocalMemory, bs_32x32, padding_448, pixelPerThread_4
3092 - OpenCL, Linear1D, bs_32x32, padding_256, pixelPerThread_1
10285 - OpenCL, Array2D, LocalMemory, bs_64x1, padding_128, pixelPerThread_2
27874 - CUDA, Ldg, LocalMemory, bs_128x8, padding_480, pixelPerThread_3
7061 - OpenCL, Linear2D, bs_256x1, padding_448, pixelPerThread_2
24798 - CUDA, Array2D, LocalMemory, bs_128x1, padding_352, pixelPerThread_3
3345 - OpenCL, Linear1D, bs_128x1, padding_96, pixelPerThread_2
22948 - CUDA, Array2D, bs_32x8, padding_256, pixelPerThread_1
24168 - CUDA, Array2D, bs_256x1, padding_224, pixelPerThread_1
6283 - OpenCL, Linear2D, bs_128x2, padding_192, pixelPerThread_4
10625 - OpenCL, Array2D, LocalMemory, bs_128x4, padding_128, pixelPerThread_2
12937 - OpenCL, Ldg, LocalMemory, bs_32x8, padding_128, pixelPerThread_2
4609 - OpenCL, Linear1D, LocalMemory, bs_64x1, padding_416, pixelPerThread_2
12811 - OpenCL, Ldg, bs_256x2, padding_192, pixelPerThread_4
3246 - OpenCL, Linear1D, bs_64x4, padding_384, pixelPerThread_3
12567 - OpenCL, Ldg, bs_32x4, padding_416, pixelPerThread_4
3769 - OpenCL, Linear1D, bs_512x2, padding_224, pixelPerThread_2
6281 - OpenCL, Linear2D, bs_128x2, padding_192, pixelPerThread_2
25313 - CUDA, Array2D, LocalMemory, bs_32x2, padding_128, pixelPerThread_2
19483 - CUDA, Linear1D, LocalMemory, bs_512x2, padding_256, pixelPerThread_4
24411 - CUDA, Array2D, LocalMemory, bs_32x8, padding_512, pixelPerThread_4
22307 - CUDA, Linear2D, LocalMemory, bs_512x2, padding_0, pixelPerThread_4
23951 - CUDA, Array2D, bs_32x4, padding_96, pixelPerThread_4
10757 - OpenCL, Array2D, LocalMemory, bs_256x4, padding_96, pixelPerThread_2
13637 - OpenCL, Ldg, LocalMemory, bs_256x4, padding_288, pixelPerThread_2
12060 - OpenCL, Ldg, bs_128x4, padding_192, pixelPerThread_1
6448 - OpenCL, Linear2D, bs_128x8, padding_448, pixelPerThread_1
27902 - CUDA, Ldg, LocalMemory, bs_256x4, padding_160, pixelPerThread_3
21859 - CUDA, Linear2D, LocalMemory, bs_64x16, padding_224, pixelPerThread_4
25389 - CUDA, Array2D, LocalMemory, bs_32x4, padding_192, pixelPerThread_2
3845 - OpenCL, Linear1D, bs_1024x1, padding_288, pixelPerThread_2
4194 - OpenCL, Linear1D, bs_256x1, padding_352, pixelPerThread_3
7039 - OpenCL, Linear2D, bs_256x1, padding_256, pixelPerThread_4
10990 - OpenCL, Array2D, LocalMemory, bs_1024x1, padding_320, pixelPerThread_3
9212 - OpenCL, Array2D, bs_128x4, padding_256, pixelPerThread_1
9405 - OpenCL, Array2D, bs_512x1, padding_160, pixelPerThread_2
14031 - OpenCL, Ldg, LocalMemory, bs_64x2, padding_160, pixelPerThread_4
8455 - OpenCL, Linear2D, LocalMemory, bs_256x1, padding_160, pixelPerThread_4
8785 - OpenCL, Array2D, bs_32x32, padding_96, pixelPerThread_2
21863 - CUDA, Linear2D, LocalMemory, bs_64x16, padding_256, pixelPerThread_4
8511 - OpenCL, Linear2D, LocalMemory, bs_256x2, padding_64, pixelPerThread_4
4791 - OpenCL, Linear1D, LocalMemory, bs_128x1, padding_224, pixelPerThread_4
23905 - CUDA, Array2D, bs_32x2, padding_288, pixelPerThread_2
12015 - OpenCL, Ldg, bs_128x2, padding_352, pixelPerThread_4
8768 - OpenCL, Array2D, bs_32x16, padding_512, pixelPerThread_1
5737 - OpenCL, Linear2D, bs_32x1, padding_192, pixelPerThread_2
3246 - OpenCL, Linear1D, bs_64x4, padding_384, pixelPerThread_3
6195 - OpenCL, Linear2D, bs_128x1, padding_32, pixelPerThread_4
11141 - OpenCL, Array2D, LocalMemory, bs_32x4, padding_448, pixelPerThread_2
3501 - OpenCL, Linear1D, bs_128x4, padding_256, pixelPerThread_2
23634 - CUDA, Array2D, bs_256x4, padding_288, pixelPerThread_3
13421 - OpenCL, Ldg, LocalMemory, bs_128x2, padding_192, pixelPerThread_2
13095 - OpenCL, Ldg, LocalMemory, bs_32x32, padding_288, pixelPerThread_4
8298 - OpenCL, Linear2D, LocalMemory, bs_64x2, padding_0, pixelPerThread_3
23951 - CUDA, Array2D, bs_32x4, padding_96, pixelPerThread_4
25286 - CUDA, Array2D, LocalMemory, bs_1024x1, padding_448, pixelPerThread_3
11088 - OpenCL, Array2D, LocalMemory, bs_32x4, padding_32, pixelPerThread_1
3274 - OpenCL, Linear1D, bs_64x16, padding_64, pixelPerThread_3
4270 - OpenCL, Linear1D, bs_256x2, padding_416, pixelPerThread_3
8563 - OpenCL, Linear2D, LocalMemory, bs_256x2, padding_480, pixelPerThread_4
10114 - OpenCL, Array2D, LocalMemory, bs_32x8, padding_384, pixelPerThread_3
8712 - OpenCL, Array2D, bs_32x16, padding_64, pixelPerThread_1
5255 - OpenCL, Linear1D, LocalMemory, bs_1024x1, padding_128, pixelPerThread_4
13373 - OpenCL, Ldg, LocalMemory, bs_128x1, padding_352, pixelPerThread_2
23636 - CUDA, Array2D, bs_256x4, padding_320, pixelPerThread_1
7744 - OpenCL, Linear2D, LocalMemory, bs_128x2, padding_480, pixelPerThread_1
9456 - OpenCL, Array2D, bs_512x2, padding_32, pixelPerThread_1
6889 - OpenCL, Linear2D, bs_64x2, padding_160, pixelPerThread_2
5903 - OpenCL, Linear2D, bs_32x16, padding_416, pixelPerThread_4
6038 - OpenCL, Linear2D, bs_64x1, padding_416, pixelPerThread_3
24060 - CUDA, Array2D, bs_64x2, padding_448, pixelPerThread_1
2114 - OpenCL, LocalMemory, bs_128x8, padding_32, pixelPerThread_3
13436 - OpenCL, Ldg, LocalMemory, bs_128x2, padding_320, pixelPerThread_1
6095 - OpenCL, Linear2D, bs_64x4, padding_320, pixelPerThread_4
16719 - CUDA, LocalMemory, bs_1024x1, padding_448, pixelPerThread_4
13377 - OpenCL, Ldg, LocalMemory, bs_128x1, padding_384, pixelPerThread_2
23497 - CUDA, Array2D, bs_128x4, padding_288, pixelPerThread_2
6092 - OpenCL, Linear2D, bs_64x4, padding_320, pixelPerThread_1
9818 - OpenCL, Array2D, bs_64x8, padding_192, pixelPerThread_3
23239 - CUDA, Array2D, bs_64x4, padding_384, pixelPerThread_4
23738 - CUDA, Array2D, bs_512x2, padding_32, pixelPerThread_3
24639 - CUDA, Array2D, LocalMemory, bs_64x4, padding_160, pixelPerThread_4
5676 - OpenCL, Linear1D, LocalMemory, bs_256x2, padding_256, pixelPerThread_1
4389 - OpenCL, Linear1D, LocalMemory, bs_32x8, padding_288, pixelPerThread_2
14045 - OpenCL, Ldg, LocalMemory, bs_64x2, padding_288, pixelPerThread_2
8974 - OpenCL, Array2D, bs_64x4, padding_512, pixelPerThread_3
3941 - OpenCL, Linear1D, bs_32x2, padding_512, pixelPerThread_2
3873 - OpenCL, Linear1D, bs_1024x1, padding_512, pixelPerThread_2
19577 - CUDA, Linear1D, LocalMemory, bs_1024x1, padding_480, pixelPerThread_2
23687 - CUDA, Array2D, bs_512x1, padding_160, pixelPerThread_4
10907 - OpenCL, Array2D, LocalMemory, bs_512x2, padding_192, pixelPerThread_4
10259 - OpenCL, Array2D, LocalMemory, bs_32x32, padding_448, pixelPerThread_4
24639 - CUDA, Array2D, LocalMemory, bs_64x4, padding_160, pixelPerThread_4
13177 - OpenCL, Ldg, LocalMemory, bs_64x1, padding_416, pixelPerThread_2
11473 - OpenCL, Ldg, bs_32x1, padding_384, pixelPerThread_2
7531 - OpenCL, Linear2D, LocalMemory, bs_64x4, padding_384, pixelPerThread_4
10965 - OpenCL, Array2D, LocalMemory, bs_1024x1, padding_128, pixelPerThread_2
14241 - OpenCL, Ldg, LocalMemory, bs_256x2, padding_224, pixelPerThread_2
6935 - OpenCL, Linear2D, bs_64x2, padding_512, pixelPerThread_4
3253 - OpenCL, Linear1D, bs_64x4, padding_448, pixelPerThread_2
14253 - OpenCL, Ldg, LocalMemory, bs_256x2, padding_320, pixelPerThread_2
24398 - CUDA, Array2D, LocalMemory, bs_32x8, padding_416, pixelPerThread_3
6580 - OpenCL, Linear2D, bs_512x1, padding_416, pixelPerThread_1
24024 - CUDA, Array2D, bs_64x2, padding_160, pixelPerThread_1
11743 - OpenCL, Ldg, bs_64x1, padding_352, pixelPerThread_4
7201 - OpenCL, Linear2D, LocalMemory, bs_32x1, padding_480, pixelPerThread_2
12332 - OpenCL, Ldg, bs_512x2, padding_192, pixelPerThread_1
6641 - OpenCL, Linear2D, bs_512x2, padding_352, pixelPerThread_2
3332 - OpenCL, Linear1D, bs_128x1, padding_0, pixelPerThread_1
16131 - CUDA, LocalMemory, bs_64x16, padding_96, pixelPerThread_4
3154 - OpenCL, Linear1D, bs_64x1, padding_192, pixelPerThread_3
9155 - OpenCL, Array2D, bs_128x2, padding_320, pixelPerThread_4
5484 - OpenCL, Linear1D, LocalMemory, bs_64x2, padding_352, pixelPerThread_1
3079 - OpenCL, Linear1D, bs_32x32, padding_128, pixelPerThread_4
9208 - OpenCL, Array2D, bs_128x4, padding_224, pixelPerThread_1
4023 - OpenCL, Linear1D, bs_64x2, padding_64, pixelPerThread_4
4490 - OpenCL, Linear1D, LocalMemory, bs_32x32, padding_0, pixelPerThread_3
5891 - OpenCL, Linear2D, bs_32x16, padding_320, pixelPerThread_4
3843 - OpenCL, Linear1D, bs_1024x1, padding_256, pixelPerThread_4
9479 - OpenCL, Array2D, bs_512x2, padding_192, pixelPerThread_4
12597 - OpenCL, Ldg, bs_64x2, padding_128, pixelPerThread_2
7039 - OpenCL, Linear2D, bs_256x1, padding_256, pixelPerThread_4
8810 - OpenCL, Array2D, bs_32x32, padding_288, pixelPerThread_3
10507 - OpenCL, Array2D, LocalMemory, bs_128x1, padding_256, pixelPerThread_4
24163 - CUDA, Array2D, bs_256x1, padding_160, pixelPerThread_4
8789 - OpenCL, Array2D, bs_32x32, padding_128, pixelPerThread_2
25454 - CUDA, Array2D, LocalMemory, bs_64x2, padding_160, pixelPerThread_3
3501 - OpenCL, Linear1D, bs_128x4, padding_256, pixelPerThread_2
6058 - OpenCL, Linear2D, bs_64x4, padding_32, pixelPerThread_3
3203 - OpenCL, Linear1D, bs_64x4, padding_32, pixelPerThread_4
5685 - OpenCL, Linear1D, LocalMemory, bs_256x2, padding_320, pixelPerThread_2
9704 - OpenCL, Array2D, bs_32x4, padding_384, pixelPerThread_1
25303 - CUDA, Array2D, LocalMemory, bs_32x2, padding_32, pixelPerThread_4
10293 - OpenCL, Array2D, LocalMemory, bs_64x1, padding_192, pixelPerThread_2
11418 - OpenCL, Array2D, LocalMemory, bs_256x2, padding_480, pixelPerThread_3
6290 - OpenCL, Linear2D, bs_128x2, padding_256, pixelPerThread_3
13943 - OpenCL, Ldg, LocalMemory, bs_32x4, padding_0, pixelPerThread_4
10872 - OpenCL, Array2D, LocalMemory, bs_512x1, padding_480, pixelPerThread_1
3292 - OpenCL, Linear1D, bs_64x16, padding_224, pixelPerThread_1
10390 - OpenCL, Array2D, LocalMemory, bs_64x4, padding_416, pixelPerThread_3
5368 - OpenCL, Linear1D, LocalMemory, bs_32x2, padding_512, pixelPerThread_1
8505 - OpenCL, Linear2D, LocalMemory, bs_256x2, padding_32, pixelPerThread_2
8886 - OpenCL, Array2D, bs_64x1, padding_352, pixelPerThread_3
2343 - OpenCL, LocalMemory, bs_512x2, padding_224, pixelPerThread_4
11224 - OpenCL, Array2D, LocalMemory, bs_64x8, padding_32, pixelPerThread_1
8735 - OpenCL, Array2D, bs_32x16, padding_224, pixelPerThread_4
25581 - CUDA, Array2D, LocalMemory, bs_256x1, padding_96, pixelPerThread_2
12736 - OpenCL, Ldg, bs_256x1, padding_160, pixelPerThread_1
4627 - OpenCL, Linear1D, LocalMemory, bs_64x4, padding_0, pixelPerThread_4
11313 - OpenCL, Array2D, LocalMemory, bs_256x1, padding_192, pixelPerThread_2
13656 - OpenCL, Ldg, LocalMemory, bs_256x4, padding_448, pixelPerThread_1
9357 - OpenCL, Array2D, bs_256x4, padding_320, pixelPerThread_2
5496 - OpenCL, Linear1D, LocalMemory, bs_64x2, padding_448, pixelPerThread_1
11577 - OpenCL, Ldg, bs_32x16, padding_128, pixelPerThread_2
5287 - OpenCL, Linear1D, LocalMemory, bs_1024x1, padding_384, pixelPerThread_4
7960 - OpenCL, Linear2D, LocalMemory, bs_512x1, padding_32, pixelPerThread_1
10428 - OpenCL, Array2D, LocalMemory, bs_64x16, padding_192, pixelPerThread_1
14168 - OpenCL, Ldg, LocalMemory, bs_256x1, padding_192, pixelPerThread_1
11599 - OpenCL, Ldg, bs_32x16, padding_288, pixelPerThread_4
5942 - OpenCL, Linear2D, bs_32x32, padding_192, pixelPerThread_3
23134 - CUDA, Array2D, bs_64x1, padding_96, pixelPerThread_3
6271 - OpenCL, Linear2D, bs_128x2, padding_96, pixelPerThread_4
5116 - OpenCL, Linear1D, LocalMemory, bs_512x1, padding_128, pixelPerThread_1
4189 - OpenCL, Linear1D, bs_256x1, padding_320, pixelPerThread_2
7756 - OpenCL, Linear2D, LocalMemory, bs_128x4, padding_32, pixelPerThread_1
9778 - OpenCL, Array2D, bs_64x2, padding_416, pixelPerThread_3
28089 - CUDA, Ldg, LocalMemory, bs_1024x1, padding_32, pixelPerThread_2
10743 - OpenCL, Array2D, LocalMemory, bs_128x8, padding_512, pixelPerThread_4
8046 - OpenCL, Linear2D, LocalMemory, bs_512x2, padding_160, pixelPerThread_3
7990 - OpenCL, Linear2D, LocalMemory, bs_512x1, padding_256, pixelPerThread_3
5187 - OpenCL, Linear1D, LocalMemory, bs_512x2, padding_128, pixelPerThread_4
13096 - OpenCL, Ldg, LocalMemory, bs_32x32, padding_320, pixelPerThread_1
3310 - OpenCL, Linear1D, bs_64x16, padding_352, pixelPerThread_3
5370 - OpenCL, Linear1D, LocalMemory, bs_32x2, padding_512, pixelPerThread_3
5844 - OpenCL, Linear2D, bs_32x8, padding_512, pixelPerThread_1
9922 - OpenCL, Array2D, bs_256x1, padding_480, pixelPerThread_3
13855 - OpenCL, Ldg, LocalMemory, bs_1024x1, padding_384, pixelPerThread_4
6460 - OpenCL, Linear2D, bs_256x4, padding_0, pixelPerThread_1
25060 - CUDA, Array2D, LocalMemory, bs_256x4, padding_288, pixelPerThread_1
24069 - CUDA, Array2D, bs_64x2, padding_512, pixelPerThread_2
9210 - OpenCL, Array2D, bs_128x4, padding_224, pixelPerThread_3
8391 - OpenCL, Linear2D, LocalMemory, bs_64x8, padding_192, pixelPerThread_4
3002 - OpenCL, Linear1D, bs_32x16, padding_64, pixelPerThread_3
27543 - CUDA, Ldg, LocalMemory, bs_64x16, padding_0, pixelPerThread_4
10198 - OpenCL, Array2D, LocalMemory, bs_32x16, padding_512, pixelPerThread_3
6295 - OpenCL, Linear2D, bs_128x2, padding_288, pixelPerThread_4
13115 - OpenCL, Ldg, LocalMemory, bs_32x32, padding_448, pixelPerThread_4
2402 - OpenCL, LocalMemory, bs_1024x1, padding_160, pixelPerThread_3
5929 - OpenCL, Linear2D, bs_32x32, padding_96, pixelPerThread_2
23906 - CUDA, Array2D, bs_32x2, padding_288, pixelPerThread_3
5541 - OpenCL, Linear1D, LocalMemory, bs_64x8, padding_256, pixelPerThread_2
11540 - OpenCL, Ldg, bs_32x8, padding_384, pixelPerThread_1
12083 - OpenCL, Ldg, bs_128x4, padding_352, pixelPerThread_4
12642 - OpenCL, Ldg, bs_64x2, padding_480, pixelPerThread_3
8723 - OpenCL, Array2D, bs_32x16, padding_128, pixelPerThread_4
12517 - OpenCL, Ldg, bs_32x4, padding_32, pixelPerThread_2
10839 - OpenCL, Array2D, LocalMemory, bs_512x1, padding_192, pixelPerThread_4
15959 - CUDA, LocalMemory, bs_32x32, padding_352, pixelPerThread_4
21894 - CUDA, Linear2D, LocalMemory, bs_64x16, padding_512, pixelPerThread_3
11545 - OpenCL, Ldg, bs_32x8, padding_416, pixelPerThread_2
22170 - CUDA, Linear2D, LocalMemory, bs_256x4, padding_0, pixelPerThread_3
4705 - OpenCL, Linear1D, LocalMemory, bs_64x16, padding_96, pixelPerThread_2
24205 - CUDA, Array2D, bs_256x1, padding_512, pixelPerThread_2
16598 - CUDA, LocalMemory, bs_512x2, padding_32, pixelPerThread_3
7939 - OpenCL, Linear2D, LocalMemory, bs_256x4, padding_384, pixelPerThread_4
7519 - OpenCL, Linear2D, LocalMemory, bs_64x4, padding_288, pixelPerThread_4
11320 - OpenCL, Array2D, LocalMemory, bs_256x1, padding_256, pixelPerThread_1
19519 - CUDA, Linear1D, LocalMemory, bs_1024x1, padding_0, pixelPerThread_4
22883 - CUDA, Array2D, bs_32x1, padding_256, pixelPerThread_4
12528 - OpenCL, Ldg, bs_32x4, padding_128, pixelPerThread_1
9043 - OpenCL, Array2D, bs_64x16, padding_512, pixelPerThread_4
10916 - OpenCL, Array2D, LocalMemory, bs_512x2, padding_288, pixelPerThread_1
24433 - CUDA, Array2D, LocalMemory, bs_32x16, padding_160, pixelPerThread_2
11583 - OpenCL, Ldg, bs_32x16, padding_160, pixelPerThread_4
13109 - OpenCL, Ldg, LocalMemory, bs_32x32, padding_416, pixelPerThread_2
10600 - OpenCL, Array2D, LocalMemory, bs_128x2, padding_480, pixelPerThread_1
12318 - OpenCL, Ldg, bs_512x2, padding_64, pixelPerThread_3
9421 - OpenCL, Array2D, bs_512x1, padding_288, pixelPerThread_2
9895 - OpenCL, Array2D, bs_256x1, padding_256, pixelPerThread_4
5020 - OpenCL, Linear1D, LocalMemory, bs_128x8, padding_448, pixelPerThread_1
23502 - CUDA, Array2D, bs_128x4, padding_320, pixelPerThread_3
13567 - OpenCL, Ldg, LocalMemory, bs_128x8, padding_256, pixelPerThread_4
24096 - CUDA, Array2D, bs_64x8, padding_192, pixelPerThread_1
4997 - OpenCL, Linear1D, LocalMemory, bs_128x8, padding_256, pixelPerThread_2
28079 - CUDA, Ldg, LocalMemory, bs_512x2, padding_480, pixelPerThread_4
7305 - OpenCL, Linear2D, LocalMemory, bs_32x16, padding_224, pixelPerThread_2
7833 - OpenCL, Linear2D, LocalMemory, bs_128x8, padding_96, pixelPerThread_2
13127 - OpenCL, Ldg, LocalMemory, bs_64x1, padding_0, pixelPerThread_4
13068 - OpenCL, Ldg, LocalMemory, bs_32x32, padding_96, pixelPerThread_1
7324 - OpenCL, Linear2D, LocalMemory, bs_32x16, padding_384, pixelPerThread_1
8831 - OpenCL, Array2D, bs_32x32, padding_448, pixelPerThread_4
3482 - OpenCL, Linear1D, bs_128x4, padding_96, pixelPerThread_3
4572 - OpenCL, Linear1D, LocalMemory, bs_64x1, padding_128, pixelPerThread_1
6370 - OpenCL, Linear2D, bs_128x4, padding_352, pixelPerThread_3
25166 - CUDA, Array2D, LocalMemory, bs_512x2, padding_32, pixelPerThread_3
25479 - CUDA, Array2D, LocalMemory, bs_64x2, padding_352, pixelPerThread_4
5332 - OpenCL, Linear1D, LocalMemory, bs_32x2, padding_224, pixelPerThread_1
9623 - OpenCL, Array2D, bs_32x2, padding_256, pixelPerThread_4
4730 - OpenCL, Linear1D, LocalMemory, bs_64x16, padding_288, pixelPerThread_3
5803 - OpenCL, Linear2D, bs_32x8, padding_160, pixelPerThread_4
9543 - OpenCL, Array2D, bs_1024x1, padding_160, pixelPerThread_4
24487 - CUDA, Array2D, LocalMemory, bs_32x32, padding_32, pixelPerThread_4
13768 - OpenCL, Ldg, LocalMemory, bs_512x2, padding_256, pixelPerThread_1
9639 - OpenCL, Array2D, bs_32x2, padding_384, pixelPerThread_4
7043 - OpenCL, Linear2D, bs_256x1, padding_288, pixelPerThread_4
6413 - OpenCL, Linear2D, bs_128x8, padding_160, pixelPerThread_2
23768 - CUDA, Array2D, bs_512x2, padding_288, pixelPerThread_1
22973 - CUDA, Array2D, bs_32x8, padding_448, pixelPerThread_2
8078 - OpenCL, Linear2D, LocalMemory, bs_512x2, padding_416, pixelPerThread_3
8577 - OpenCL, Array2D, bs_32x1, padding_64, pixelPerThread_2
8739 - OpenCL, Array2D, bs_32x16, padding_256, pixelPerThread_4
10963 - OpenCL, Array2D, LocalMemory, bs_1024x1, padding_96, pixelPerThread_4
8863 - OpenCL, Array2D, bs_64x1, padding_160, pixelPerThread_4
8338 - OpenCL, Linear2D, LocalMemory, bs_64x2, padding_320, pixelPerThread_3
10839 - OpenCL, Array2D, LocalMemory, bs_512x1, padding_192, pixelPerThread_4
10807 - OpenCL, Array2D, LocalMemory, bs_256x4, padding_480, pixelPerThread_4
11260 - OpenCL, Array2D, LocalMemory, bs_64x8, padding_320, pixelPerThread_1
13183 - OpenCL, Ldg, LocalMemory, bs_64x1, padding_448, pixelPerThread_4
8722 - OpenCL, Array2D, bs_32x16, padding_128, pixelPerThread_3
25387 - CUDA, Array2D, LocalMemory, bs_32x4, padding_160, pixelPerThread_4
10174 - OpenCL, Array2D, LocalMemory, bs_32x16, padding_320, pixelPerThread_3
3235 - OpenCL, Linear1D, bs_64x4, padding_288, pixelPerThread_4
3210 - OpenCL, Linear1D, bs_64x4, padding_96, pixelPerThread_3
22377 - CUDA, Linear2D, LocalMemory, bs_1024x1, padding_32, pixelPerThread_2
4436 - OpenCL, Linear1D, LocalMemory, bs_32x16, padding_128, pixelPerThread_1
5688 - OpenCL, Linear1D, LocalMemory, bs_256x2, padding_352, pixelPerThread_1
5289 - OpenCL, Linear1D, LocalMemory, bs_1024x1, padding_416, pixelPerThread_2
16450 - CUDA, LocalMemory, bs_128x8, padding_480, pixelPerThread_3
4371 - OpenCL, Linear1D, LocalMemory, bs_32x8, padding_128, pixelPerThread_4
8456 - OpenCL, Linear2D, LocalMemory, bs_256x1, padding_192, pixelPerThread_1
25624 - CUDA, Array2D, LocalMemory, bs_256x1, padding_448, pixelPerThread_1
12517 - OpenCL, Ldg, bs_32x4, padding_32, pixelPerThread_2
5848 - OpenCL, Linear2D, bs_32x16, padding_0, pixelPerThread_1
5430 - OpenCL, Linear1D, LocalMemory, bs_32x4, padding_448, pixelPerThread_3
10153 - OpenCL, Array2D, LocalMemory, bs_32x16, padding_160, pixelPerThread_2
24133 - CUDA, Array2D, bs_64x8, padding_480, pixelPerThread_2
12507 - OpenCL, Ldg, bs_32x2, padding_480, pixelPerThread_4
13924 - OpenCL, Ldg, LocalMemory, bs_32x2, padding_416, pixelPerThread_1
3297 - OpenCL, Linear1D, bs_64x16, padding_256, pixelPerThread_2
7752 - OpenCL, Linear2D, LocalMemory, bs_128x4, padding_0, pixelPerThread_1
24990 - CUDA, Array2D, LocalMemory, bs_128x8, padding_256, pixelPerThread_3
4053 - OpenCL, Linear1D, bs_64x2, padding_320, pixelPerThread_2
6598 - OpenCL, Linear2D, bs_512x2, padding_0, pixelPerThread_3
6435 - OpenCL, Linear2D, bs_128x8, padding_320, pixelPerThread_4
11658 - OpenCL, Ldg, bs_32x32, padding_224, pixelPerThread_3
13615 - OpenCL, Ldg, LocalMemory, bs_256x4, padding_96, pixelPerThread_4
10195 - OpenCL, Array2D, LocalMemory, bs_32x16, padding_480, pixelPerThread_4
9225 - OpenCL, Array2D, bs_128x4, padding_352, pixelPerThread_2
2435 - OpenCL, LocalMemory, bs_1024x1, padding_416, pixelPerThread_4
7636 - OpenCL, Linear2D, LocalMemory, bs_128x1, padding_160, pixelPerThread_1
9869 - OpenCL, Array2D, bs_256x1, padding_64, pixelPerThread_2
7703 - OpenCL, Linear2D, LocalMemory, bs_128x2, padding_128, pixelPerThread_4
10053 - OpenCL, Array2D, LocalMemory, bs_32x1, padding_448, pixelPerThread_2
8407 - OpenCL, Linear2D, LocalMemory, bs_64x8, padding_320, pixelPerThread_4
24174 - CUDA, Array2D, bs_256x1, padding_256, pixelPerThread_3
6100 - OpenCL, Linear2D, bs_64x4, padding_384, pixelPerThread_1
11049 - OpenCL, Array2D, LocalMemory, bs_32x2, padding_256, pixelPerThread_2
5419 - OpenCL, Linear1D, LocalMemory, bs_32x4, padding_352, pixelPerThread_4
11765 - OpenCL, Ldg, bs_64x4, padding_0, pixelPerThread_2
9702 - OpenCL, Array2D, bs_32x4, padding_352, pixelPerThread_3
7220 - OpenCL, Linear2D, LocalMemory, bs_32x8, padding_96, pixelPerThread_1
27899 - CUDA, Ldg, LocalMemory, bs_256x4, padding_128, pixelPerThread_4
13195 - OpenCL, Ldg, LocalMemory, bs_64x4, padding_0, pixelPerThread_4
3728 - OpenCL, Linear1D, bs_512x1, padding_448, pixelPerThread_1
6745 - OpenCL, Linear2D, bs_32x2, padding_96, pixelPerThread_2
4961 - OpenCL, Linear1D, LocalMemory, bs_128x4, padding_512, pixelPerThread_2
8473 - OpenCL, Linear2D, LocalMemory, bs_256x1, padding_320, pixelPerThread_2
9165 - OpenCL, Array2D, bs_128x2, padding_416, pixelPerThread_2
5361 - OpenCL, Linear1D, LocalMemory, bs_32x2, padding_448, pixelPerThread_2
22880 - CUDA, Array2D, bs_32x1, padding_256, pixelPerThread_1
3250 - OpenCL, Linear1D, bs_64x4, padding_416, pixelPerThread_3
7420 - OpenCL, Linear2D, LocalMemory, bs_64x1, padding_64, pixelPerThread_1
5580 - OpenCL, Linear1D, LocalMemory, bs_256x1, padding_32, pixelPerThread_1
6444 - OpenCL, Linear2D, bs_128x8, padding_416, pixelPerThread_1
8149 - OpenCL, Linear2D, LocalMemory, bs_1024x1, padding_448, pixelPerThread_2
8364 - OpenCL, Linear2D, LocalMemory, bs_64x8, padding_0, pixelPerThread_1
5005 - OpenCL, Linear1D, LocalMemory, bs_128x8, padding_320, pixelPerThread_2
13231 - OpenCL, Ldg, LocalMemory, bs_64x4, padding_288, pixelPerThread_4
7001 - OpenCL, Linear2D, bs_64x8, padding_512, pixelPerThread_2
5092 - OpenCL, Linear1D, LocalMemory, bs_256x4, padding_480, pixelPerThread_1
22186 - CUDA, Linear2D, LocalMemory, bs_256x4, padding_128, pixelPerThread_3
19270 - CUDA, Linear1D, LocalMemory, bs_128x8, padding_192, pixelPerThread_3
3378 - OpenCL, Linear1D, bs_128x1, padding_352, pixelPerThread_3
6683 - OpenCL, Linear2D, bs_1024x1, padding_128, pixelPerThread_4
6404 - OpenCL, Linear2D, bs_128x8, padding_96, pixelPerThread_1
3970 - OpenCL, Linear1D, bs_32x4, padding_192, pixelPerThread_3
23754 - CUDA, Array2D, bs_512x2, padding_160, pixelPerThread_3
9620 - OpenCL, Array2D, bs_32x2, padding_256, pixelPerThread_1
12075 - OpenCL, Ldg, bs_128x4, padding_288, pixelPerThread_4
13871 - OpenCL, Ldg, LocalMemory, bs_1024x1, padding_512, pixelPerThread_4
4789 - OpenCL, Linear1D, LocalMemory, bs_128x1, padding_224, pixelPerThread_2
7690 - OpenCL, Linear2D, LocalMemory, bs_128x2, padding_32, pixelPerThread_3
9406 - OpenCL, Array2D, bs_512x1, padding_160, pixelPerThread_3
14064 - OpenCL, Ldg, LocalMemory, bs_64x2, padding_448, pixelPerThread_1
25548 - CUDA, Array2D, LocalMemory, bs_64x8, padding_384, pixelPerThread_1
9623 - OpenCL, Array2D, bs_32x2, padding_256, pixelPerThread_4
16709 - CUDA, LocalMemory, bs_1024x1, padding_384, pixelPerThread_2
3835 - OpenCL, Linear1D, bs_1024x1, padding_192, pixelPerThread_4
19503 - CUDA, Linear1D, LocalMemory, bs_512x2, padding_416, pixelPerThread_4
23853 - CUDA, Array2D, bs_1024x1, padding_416, pixelPerThread_2
24093 - CUDA, Array2D, bs_64x8, padding_160, pixelPerThread_2
9602 - OpenCL, Array2D, bs_32x2, padding_96, pixelPerThread_3
11775 - OpenCL, Ldg, bs_64x4, padding_64, pixelPerThread_4
5832 - OpenCL, Linear2D, bs_32x8, padding_416, pixelPerThread_1
4178 - OpenCL, Linear1D, bs_256x1, padding_224, pixelPerThread_3
9810 - OpenCL, Array2D, bs_64x8, padding_128, pixelPerThread_3
12644 - OpenCL, Ldg, bs_64x2, padding_512, pixelPerThread_1
12066 - OpenCL, Ldg, bs_128x4, padding_224, pixelPerThread_3
19374 - CUDA, Linear1D, LocalMemory, bs_256x4, padding_480, pixelPerThread_3
12020 - OpenCL, Ldg, bs_128x2, padding_416, pixelPerThread_1
27351 - CUDA, Ldg, LocalMemory, bs_32x32, padding_96, pixelPerThread_4
7721 - OpenCL, Linear2D, LocalMemory, bs_128x2, padding_288, pixelPerThread_2
7810 - OpenCL, Linear2D, LocalMemory, bs_128x4, padding_448, pixelPerThread_3
10841 - OpenCL, Array2D, LocalMemory, bs_512x1, padding_224, pixelPerThread_2
8044 - OpenCL, Linear2D, LocalMemory, bs_512x2, padding_160, pixelPerThread_1
22907 - CUDA, Array2D, bs_32x1, padding_448, pixelPerThread_4
3769 - OpenCL, Linear1D, bs_512x2, padding_224, pixelPerThread_2
9133 - OpenCL, Array2D, bs_128x2, padding_160, pixelPerThread_2
16478 - CUDA, LocalMemory, bs_256x4, padding_160, pixelPerThread_3
25244 - CUDA, Array2D, LocalMemory, bs_1024x1, padding_128, pixelPerThread_1
11271 - OpenCL, Array2D, LocalMemory, bs_64x8, padding_384, pixelPerThread_4
5334 - OpenCL, Linear1D, LocalMemory, bs_32x2, padding_224, pixelPerThread_3
23746 - CUDA, Array2D, bs_512x2, padding_96, pixelPerThread_3
3178 - OpenCL, Linear1D, bs_64x1, padding_384, pixelPerThread_3
3512 - OpenCL, Linear1D, bs_128x4, padding_352, pixelPerThread_1
12223 - OpenCL, Ldg, bs_256x4, padding_384, pixelPerThread_4
7545 - OpenCL, Linear2D, LocalMemory, bs_64x4, padding_512, pixelPerThread_2
23202 - CUDA, Array2D, bs_64x4, padding_96, pixelPerThread_3
13528 - OpenCL, Ldg, LocalMemory, bs_128x4, padding_512, pixelPerThread_1
10832 - OpenCL, Array2D, LocalMemory, bs_512x1, padding_160, pixelPerThread_1
23897 - CUDA, Array2D, bs_32x2, padding_224, pixelPerThread_2
7129 - OpenCL, Linear2D, bs_256x2, padding_448, pixelPerThread_2
24674 - CUDA, Array2D, LocalMemory, bs_64x4, padding_448, pixelPerThread_3
11692 - OpenCL, Ldg, bs_32x32, padding_512, pixelPerThread_1
8829 - OpenCL, Array2D, bs_32x32, padding_448, pixelPerThread_2
13012 - OpenCL, Ldg, LocalMemory, bs_32x16, padding_192, pixelPerThread_1
3077 - OpenCL, Linear1D, bs_32x32, padding_128, pixelPerThread_2
2914 - OpenCL, Linear1D, bs_32x1, padding_448, pixelPerThread_3
11043 - OpenCL, Array2D, LocalMemory, bs_32x2, padding_192, pixelPerThread_4
9830 - OpenCL, Array2D, bs_64x8, padding_288, pixelPerThread_3
12676 - OpenCL, Ldg, bs_64x8, padding_224, pixelPerThread_1
24726 - CUDA, Array2D, LocalMemory, bs_64x16, padding_320, pixelPerThread_3
10304 - OpenCL, Array2D, LocalMemory, bs_64x1, padding_288, pixelPerThread_1
19006 - CUDA, Linear1D, LocalMemory, bs_64x16, padding_256, pixelPerThread_3
3402 - OpenCL, Linear1D, bs_128x2, padding_0, pixelPerThread_3
11393 - OpenCL, Array2D, LocalMemory, bs_256x2, padding_288, pixelPerThread_2
19529 - CUDA, Linear1D, LocalMemory, bs_1024x1, padding_96, pixelPerThread_2
4298 - OpenCL, Linear1D, LocalMemory, bs_32x1, padding_96, pixelPerThread_3
8309 - OpenCL, Linear2D, LocalMemory, bs_64x2, padding_96, pixelPerThread_2
11245 - OpenCL, Array2D, LocalMemory, bs_64x8, padding_192, pixelPerThread_2
12167 - OpenCL, Ldg, bs_128x8, padding_480, pixelPerThread_4
6089 - OpenCL, Linear2D, bs_64x4, padding_288, pixelPerThread_2
4822 - OpenCL, Linear1D, LocalMemory, bs_128x1, padding_480, pixelPerThread_3
12074 - OpenCL, Ldg, bs_128x4, padding_288, pixelPerThread_3
8431 - OpenCL, Linear2D, LocalMemory, bs_64x8, padding_512, pixelPerThread_4
9348 - OpenCL, Array2D, bs_256x4, padding_256, pixelPerThread_1
13551 - OpenCL, Ldg, LocalMemory, bs_128x8, padding_128, pixelPerThread_4
2442 - OpenCL, LocalMemory, bs_1024x1, padding_480, pixelPerThread_3
5565 - OpenCL, Linear1D, LocalMemory, bs_64x8, padding_448, pixelPerThread_2
28107 - CUDA, Ldg, LocalMemory, bs_1024x1, padding_160, pixelPerThread_4
6650 - OpenCL, Linear2D, bs_512x2, padding_416, pixelPerThread_3
13415 - OpenCL, Ldg, LocalMemory, bs_128x2, padding_128, pixelPerThread_4
12897 - OpenCL, Ldg, LocalMemory, bs_32x1, padding_352, pixelPerThread_2
4891 - OpenCL, Linear1D, LocalMemory, bs_128x2, padding_480, pixelPerThread_4
12630 - OpenCL, Ldg, bs_64x2, padding_384, pixelPerThread_3
24296 - CUDA, Array2D, LocalMemory, bs_32x1, padding_160, pixelPerThread_1
5144 - OpenCL, Linear1D, LocalMemory, bs_512x1, padding_352, pixelPerThread_1
7393 - OpenCL, Linear2D, LocalMemory, bs_32x32, padding_384, pixelPerThread_2
19470 - CUDA, Linear1D, LocalMemory, bs_512x2, padding_160, pixelPerThread_3
12293 - OpenCL, Ldg, bs_512x1, padding_416, pixelPerThread_2
4953 - OpenCL, Linear1D, LocalMemory, bs_128x4, padding_448, pixelPerThread_2
11219 - OpenCL, Array2D, LocalMemory, bs_64x2, padding_512, pixelPerThread_4
4244 - OpenCL, Linear1D, bs_256x2, padding_224, pixelPerThread_1
7576 - OpenCL, Linear2D, LocalMemory, bs_64x16, padding_224, pixelPerThread_1
13521 - OpenCL, Ldg, LocalMemory, bs_128x4, padding_448, pixelPerThread_2
9138 - OpenCL, Array2D, bs_128x2, padding_192, pixelPerThread_3
7862 - OpenCL, Linear2D, LocalMemory, bs_128x8, padding_320, pixelPerThread_3
19555 - CUDA, Linear1D, LocalMemory, bs_1024x1, padding_288, pixelPerThread_4
9773 - OpenCL, Array2D, bs_64x2, padding_384, pixelPerThread_2
19258 - CUDA, Linear1D, LocalMemory, bs_128x8, padding_96, pixelPerThread_3
18819 - CUDA, Linear1D, LocalMemory, bs_32x32, padding_384, pixelPerThread_4
10617 - OpenCL, Array2D, LocalMemory, bs_128x4, padding_64, pixelPerThread_2
8761 - OpenCL, Array2D, bs_32x16, padding_448, pixelPerThread_2
12326 - OpenCL, Ldg, bs_512x2, padding_128, pixelPerThread_3
5516 - OpenCL, Linear1D, LocalMemory, bs_64x8, padding_64, pixelPerThread_1
3360 - OpenCL, Linear1D, bs_128x1, padding_224, pixelPerThread_1
13296 - OpenCL, Ldg, LocalMemory, bs_64x16, padding_288, pixelPerThread_1
3539 - OpenCL, Linear1D, bs_128x8, padding_0, pixelPerThread_4
9030 - OpenCL, Array2D, bs_64x16, padding_416, pixelPerThread_3
13612 - OpenCL, Ldg, LocalMemory, bs_256x4, padding_96, pixelPerThread_1
24631 - CUDA, Array2D, LocalMemory, bs_64x4, padding_96, pixelPerThread_4
6157 - OpenCL, Linear2D, bs_64x16, padding_288, pixelPerThread_2
3798 - OpenCL, Linear1D, bs_512x2, padding_448, pixelPerThread_3
11346 - OpenCL, Array2D, LocalMemory, bs_256x1, padding_448, pixelPerThread_3
24485 - CUDA, Array2D, LocalMemory, bs_32x32, padding_32, pixelPerThread_2
23863 - CUDA, Array2D, bs_1024x1, padding_480, pixelPerThread_4
4277 - OpenCL, Linear1D, bs_256x2, padding_480, pixelPerThread_2
5034 - OpenCL, Linear1D, LocalMemory, bs_256x4, padding_0, pixelPerThread_3
3648 - OpenCL, Linear1D, bs_256x4, padding_352, pixelPerThread_1
13895 - OpenCL, Ldg, LocalMemory, bs_32x2, padding_160, pixelPerThread_4
2856 - OpenCL, Linear1D, bs_32x1, padding_0, pixelPerThread_1
5037 - OpenCL, Linear1D, LocalMemory, bs_256x4, padding_32, pixelPerThread_2
25336 - CUDA, Array2D, LocalMemory, bs_32x2, padding_320, pixelPerThread_1
13953 - OpenCL, Ldg, LocalMemory, bs_32x4, padding_96, pixelPerThread_2
8933 - OpenCL, Array2D, bs_64x4, padding_192, pixelPerThread_2
13976 - OpenCL, Ldg, LocalMemory, bs_32x4, padding_288, pixelPerThread_1
11760 - OpenCL, Ldg, bs_64x1, padding_512, pixelPerThread_1
3056 - OpenCL, Linear1D, bs_32x16, padding_512, pixelPerThread_1
2980 - OpenCL, Linear1D, bs_32x8, padding_448, pixelPerThread_1
5941 - OpenCL, Linear2D, bs_32x32, padding_192, pixelPerThread_2
12638 - OpenCL, Ldg, bs_64x2, padding_448, pixelPerThread_3
8413 - OpenCL, Linear2D, LocalMemory, bs_64x8, padding_384, pixelPerThread_2
3838 - OpenCL, Linear1D, bs_1024x1, padding_224, pixelPerThread_3
3515 - OpenCL, Linear1D, bs_128x4, padding_352, pixelPerThread_4
13458 - OpenCL, Ldg, LocalMemory, bs_128x2, padding_480, pixelPerThread_3
14244 - OpenCL, Ldg, LocalMemory, bs_256x2, padding_256, pixelPerThread_1
11365 - OpenCL, Array2D, LocalMemory, bs_256x2, padding_64, pixelPerThread_2
16717 - CUDA, LocalMemory, bs_1024x1, padding_448, pixelPerThread_2
9647 - OpenCL, Array2D, bs_32x2, padding_448, pixelPerThread_4
25643 - CUDA, Array2D, LocalMemory, bs_256x2, padding_32, pixelPerThread_4
6173 - OpenCL, Linear2D, bs_64x16, padding_416, pixelPerThread_2
8574 - OpenCL, Array2D, bs_32x1, padding_32, pixelPerThread_3
9745 - OpenCL, Array2D, bs_64x2, padding_160, pixelPerThread_2
9381 - OpenCL, Array2D, bs_256x4, padding_512, pixelPerThread_2
10163 - OpenCL, Array2D, LocalMemory, bs_32x16, padding_224, pixelPerThread_4
6783 - OpenCL, Linear2D, bs_32x2, padding_384, pixelPerThread_4
7153 - OpenCL, Linear2D, LocalMemory, bs_32x1, padding_96, pixelPerThread_2
3981 - OpenCL, Linear1D, bs_32x4, padding_288, pixelPerThread_2
23158 - CUDA, Array2D, bs_64x1, padding_288, pixelPerThread_3
13408 - OpenCL, Ldg, LocalMemory, bs_128x2, padding_96, pixelPerThread_1
19570 - CUDA, Linear1D, LocalMemory, bs_1024x1, padding_416, pixelPerThread_3
10056 - OpenCL, Array2D, LocalMemory, bs_32x1, padding_480, pixelPerThread_1
14213 - OpenCL, Ldg, LocalMemory, bs_256x2, padding_0, pixelPerThread_2
14116 - OpenCL, Ldg, LocalMemory, bs_64x8, padding_320, pixelPerThread_1
10644 - OpenCL, Array2D, LocalMemory, bs_128x4, padding_288, pixelPerThread_1
6859 - OpenCL, Linear2D, bs_32x4, padding_448, pixelPerThread_4
25575 - CUDA, Array2D, LocalMemory, bs_256x1, padding_32, pixelPerThread_4
7871 - OpenCL, Linear2D, LocalMemory, bs_128x8, padding_384, pixelPerThread_4
23602 - CUDA, Array2D, bs_256x4, padding_32, pixelPerThread_3
5973 - OpenCL, Linear2D, bs_32x32, padding_448, pixelPerThread_2
11060 - OpenCL, Array2D, LocalMemory, bs_32x2, padding_352, pixelPerThread_1
7704 - OpenCL, Linear2D, LocalMemory, bs_128x2, padding_160, pixelPerThread_1
22159 - CUDA, Linear2D, LocalMemory, bs_128x8, padding_448, pixelPerThread_4
24337 - CUDA, Array2D, LocalMemory, bs_32x1, padding_480, pixelPerThread_2
25615 - CUDA, Array2D, LocalMemory, bs_256x1, padding_352, pixelPerThread_4
10049 - OpenCL, Array2D, LocalMemory, bs_32x1, padding_416, pixelPerThread_2
28093 - CUDA, Ldg, LocalMemory, bs_1024x1, padding_64, pixelPerThread_2
9200 - OpenCL, Array2D, bs_128x4, padding_160, pixelPerThread_1
24737 - CUDA, Array2D, LocalMemory, bs_64x16, padding_416, pixelPerThread_2
10069 - OpenCL, Array2D, LocalMemory, bs_32x8, padding_32, pixelPerThread_2
7880 - OpenCL, Linear2D, LocalMemory, bs_128x8, padding_480, pixelPerThread_1
8147 - OpenCL, Linear2D, LocalMemory, bs_1024x1, padding_416, pixelPerThread_4
7051 - OpenCL, Linear2D, bs_256x1, padding_352, pixelPerThread_4
24189 - CUDA, Array2D, bs_256x1, padding_384, pixelPerThread_2
3303 - OpenCL, Linear1D, bs_64x16, padding_288, pixelPerThread_4
4543 - OpenCL, Linear1D, LocalMemory, bs_32x32, padding_416, pixelPerThread_4
8939 - OpenCL, Array2D, bs_64x4, padding_224, pixelPerThread_4
3292 - OpenCL, Linear1D, bs_64x16, padding_224, pixelPerThread_1
12098 - OpenCL, Ldg, bs_128x4, padding_480, pixelPerThread_3
24875 - CUDA, Array2D, LocalMemory, bs_128x2, padding_416, pixelPerThread_4
5703 - OpenCL, Linear1D, LocalMemory, bs_256x2, padding_448, pixelPerThread_4
7696 - OpenCL, Linear2D, LocalMemory, bs_128x2, padding_96, pixelPerThread_1
3315 - OpenCL, Linear1D, bs_64x16, padding_384, pixelPerThread_4
6743 - OpenCL, Linear2D, bs_32x2, padding_64, pixelPerThread_4
13001 - OpenCL, Ldg, LocalMemory, bs_32x16, padding_96, pixelPerThread_2
4163 - OpenCL, Linear1D, bs_256x1, padding_96, pixelPerThread_4
4916 - OpenCL, Linear1D, LocalMemory, bs_128x4, padding_160, pixelPerThread_1
3531 - OpenCL, Linear1D, bs_128x4, padding_480, pixelPerThread_4
5978 - OpenCL, Linear2D, bs_32x32, padding_480, pixelPerThread_3
2913 - OpenCL, Linear1D, bs_32x1, padding_448, pixelPerThread_2
12075 - OpenCL, Ldg, bs_128x4, padding_288, pixelPerThread_4
23423 - CUDA, Array2D, bs_128x2, padding_224, pixelPerThread_4
