Current machine learning settings: epsilon:0 lossFunction:RELATIVE parallelization:True bagging:False baggingNumbers:3 considerEpsilonTube:False baggingTestDataFraction:50 useBackward:False abortError:1 limitFeatureSize:False featureSizeTreshold:4 quadraticFunctionSupport:True crossValidation:False crossValidation-k:5 learn-logFunction:False learn-accumulatedLogFunction:False learn-asymFunction:False learn-ratioFunction:False learn-mirrowedFunction:False learn-numeric-disabled:True numberOfRounds:70 backwardErrorDelta:1 minImprovementPerRound:0.1 withHierarchy:False bruteForceCandidates:False ignoreBadFeatures:False stopOnLongRound:True candidateSizePenalty:True learnTimeLimit:00:00:00 scoreMeasure:RELERROR outputRoundsToStdout:False debug:False pythonInfluenceAnalysis:False blacklisted: 
command: solver z3
command: vm /scratch/kallistos/Distance-Based_Data/SupplementaryWebsite/MeasuredPerformanceValues/JavaGC/FeatureModel.xml
command: all /scratch/kallistos/Distance-Based_Data/SupplementaryWebsite/MeasuredPerformanceValues/JavaGC/measurements.xml
Configs with too large deviation: 0
193536 configurations loaded.
command: binary grammar-based numConfigs:3504 seed:72  confFaultsReport:./out_grammarBasedFailureReport_t3.log
command: printconfigs ./sampledConfigurations_grammarBased_t3FailureReport.csv
Number to sample: 3504; Number of Configurations in Grammar: 193536
Draw a new random number, cause 94087 is already in drawn.
Draw a new random number, cause 168531 is already in drawn.
Draw a new random number, cause 595 is already in drawn.
Draw a new random number, cause 45708 is already in drawn.
Draw a new random number, cause 149480 is already in drawn.
Draw a new random number, cause 88558 is already in drawn.
Draw a new random number, cause 141680 is already in drawn.
Draw a new random number, cause 192536 is already in drawn.
Draw a new random number, cause 37200 is already in drawn.
Draw a new random number, cause 13891 is already in drawn.
Draw a new random number, cause 112558 is already in drawn.
Draw a new random number, cause 119589 is already in drawn.
Draw a new random number, cause 53228 is already in drawn.
Draw a new random number, cause 88847 is already in drawn.
Draw a new random number, cause 137996 is already in drawn.
Draw a new random number, cause 191687 is already in drawn.
Draw a new random number, cause 172447 is already in drawn.
Draw a new random number, cause 156633 is already in drawn.
Draw a new random number, cause 47297 is already in drawn.
Draw a new random number, cause 34581 is already in drawn.
Draw a new random number, cause 86955 is already in drawn.
Draw a new random number, cause 45574 is already in drawn.
Draw a new random number, cause 27273 is already in drawn.
Draw a new random number, cause 44203 is already in drawn.
Draw a new random number, cause 25754 is already in drawn.
Draw a new random number, cause 106803 is already in drawn.
Draw a new random number, cause 53301 is already in drawn.
Draw a new random number, cause 183196 is already in drawn.
Draw a new random number, cause 20786 is already in drawn.
Draw a new random number, cause 66085 is already in drawn.
0 drawn configurations were invalid
command: clean-sampling
command: clean-global
