Current machine learning settings: epsilon:0 lossFunction:RELATIVE parallelization:True bagging:False baggingNumbers:3 considerEpsilonTube:False baggingTestDataFraction:50 useBackward:False abortError:1 limitFeatureSize:False featureSizeTreshold:4 quadraticFunctionSupport:True crossValidation:False crossValidation-k:5 learn-logFunction:False learn-accumulatedLogFunction:False learn-asymFunction:False learn-ratioFunction:False learn-mirrowedFunction:False learn-numeric-disabled:True numberOfRounds:70 backwardErrorDelta:1 minImprovementPerRound:0.1 withHierarchy:False bruteForceCandidates:False ignoreBadFeatures:False stopOnLongRound:True candidateSizePenalty:True learnTimeLimit:00:00:00 scoreMeasure:RELERROR outputRoundsToStdout:False debug:False pythonInfluenceAnalysis:False blacklisted: 
command: solver z3
command: vm /scratch/kallistos/Distance-Based_Data/SupplementaryWebsite/MeasuredPerformanceValues/JavaGC/FeatureModel.xml
command: all /scratch/kallistos/Distance-Based_Data/SupplementaryWebsite/MeasuredPerformanceValues/JavaGC/measurements.xml
Configs with too large deviation: 0
193536 configurations loaded.
command: binary grammar-based numConfigs:3504 seed:48  confFaultsReport:./out_grammarBasedFailureReport_t3.log
command: printconfigs ./sampledConfigurations_grammarBased_t3FailureReport.csv
Number to sample: 3504; Number of Configurations in Grammar: 193536
Draw a new random number, cause 19366 is already in drawn.
Draw a new random number, cause 68615 is already in drawn.
Draw a new random number, cause 48644 is already in drawn.
Draw a new random number, cause 80128 is already in drawn.
Draw a new random number, cause 159761 is already in drawn.
Draw a new random number, cause 146998 is already in drawn.
Draw a new random number, cause 77923 is already in drawn.
Draw a new random number, cause 98102 is already in drawn.
Draw a new random number, cause 43490 is already in drawn.
Draw a new random number, cause 182099 is already in drawn.
Draw a new random number, cause 46789 is already in drawn.
Draw a new random number, cause 125576 is already in drawn.
Draw a new random number, cause 129017 is already in drawn.
Draw a new random number, cause 184835 is already in drawn.
Draw a new random number, cause 178713 is already in drawn.
Draw a new random number, cause 17063 is already in drawn.
Draw a new random number, cause 71981 is already in drawn.
Draw a new random number, cause 1426 is already in drawn.
Draw a new random number, cause 3780 is already in drawn.
Draw a new random number, cause 182235 is already in drawn.
Draw a new random number, cause 137953 is already in drawn.
Draw a new random number, cause 136092 is already in drawn.
Draw a new random number, cause 132615 is already in drawn.
Draw a new random number, cause 94432 is already in drawn.
Draw a new random number, cause 3678 is already in drawn.
Draw a new random number, cause 172296 is already in drawn.
Draw a new random number, cause 98447 is already in drawn.
0 drawn configurations were invalid
command: clean-sampling
command: clean-global
