7624 - OpenCL, Linear2D, LocalMemory, bs_128x1, padding_64, pixelPerThread_1
10736 - OpenCL, Array2D, LocalMemory, bs_128x8, padding_480, pixelPerThread_1
28030 - CUDA, Ldg, LocalMemory, bs_512x2, padding_96, pixelPerThread_3
8317 - OpenCL, Linear2D, LocalMemory, bs_64x2, padding_160, pixelPerThread_2
2387 - OpenCL, LocalMemory, bs_1024x1, padding_32, pixelPerThread_4
6733 - OpenCL, Linear2D, bs_32x2, padding_0, pixelPerThread_2
23706 - CUDA, Array2D, bs_512x1, padding_320, pixelPerThread_3
9550 - OpenCL, Array2D, bs_1024x1, padding_224, pixelPerThread_3
5446 - OpenCL, Linear1D, LocalMemory, bs_64x2, padding_32, pixelPerThread_3
23211 - CUDA, Array2D, bs_64x4, padding_160, pixelPerThread_4
24612 - CUDA, Array2D, LocalMemory, bs_64x1, padding_512, pixelPerThread_1
3285 - OpenCL, Linear1D, bs_64x16, padding_160, pixelPerThread_2
11860 - OpenCL, Ldg, bs_64x16, padding_224, pixelPerThread_1
4015 - OpenCL, Linear1D, bs_64x2, padding_0, pixelPerThread_4
4960 - OpenCL, Linear1D, LocalMemory, bs_128x4, padding_512, pixelPerThread_1
10605 - OpenCL, Array2D, LocalMemory, bs_128x2, padding_512, pixelPerThread_2
23507 - CUDA, Array2D, bs_128x4, padding_352, pixelPerThread_4
4930 - OpenCL, Linear1D, LocalMemory, bs_128x4, padding_256, pixelPerThread_3
19483 - CUDA, Linear1D, LocalMemory, bs_512x2, padding_256, pixelPerThread_4
10533 - OpenCL, Array2D, LocalMemory, bs_128x1, padding_480, pixelPerThread_2
22342 - CUDA, Linear2D, LocalMemory, bs_512x2, padding_288, pixelPerThread_3
12090 - OpenCL, Ldg, bs_128x4, padding_416, pixelPerThread_3
25431 - CUDA, Array2D, LocalMemory, bs_32x4, padding_512, pixelPerThread_4
7710 - OpenCL, Linear2D, LocalMemory, bs_128x2, padding_192, pixelPerThread_3
11936 - OpenCL, Ldg, bs_128x1, padding_288, pixelPerThread_1
11714 - OpenCL, Ldg, bs_64x1, padding_128, pixelPerThread_3
11349 - OpenCL, Array2D, LocalMemory, bs_256x1, padding_480, pixelPerThread_2
10437 - OpenCL, Array2D, LocalMemory, bs_64x16, padding_256, pixelPerThread_2
5263 - OpenCL, Linear1D, LocalMemory, bs_1024x1, padding_192, pixelPerThread_4
25291 - CUDA, Array2D, LocalMemory, bs_1024x1, padding_480, pixelPerThread_4
8490 - OpenCL, Linear2D, LocalMemory, bs_256x1, padding_448, pixelPerThread_3
25212 - CUDA, Array2D, LocalMemory, bs_512x2, padding_416, pixelPerThread_1
7103 - OpenCL, Linear2D, bs_256x2, padding_224, pixelPerThread_4
11875 - OpenCL, Ldg, bs_64x16, padding_320, pixelPerThread_4
4200 - OpenCL, Linear1D, bs_256x1, padding_416, pixelPerThread_1
10367 - OpenCL, Array2D, LocalMemory, bs_64x4, padding_224, pixelPerThread_4
6720 - OpenCL, Linear2D, bs_1024x1, padding_448, pixelPerThread_1
11802 - OpenCL, Ldg, bs_64x4, padding_288, pixelPerThread_3
24759 - CUDA, Array2D, LocalMemory, bs_128x1, padding_32, pixelPerThread_4
11275 - OpenCL, Array2D, LocalMemory, bs_64x8, padding_416, pixelPerThread_4
12897 - OpenCL, Ldg, LocalMemory, bs_32x1, padding_352, pixelPerThread_2
13943 - OpenCL, Ldg, LocalMemory, bs_32x4, padding_0, pixelPerThread_4
5277 - OpenCL, Linear1D, LocalMemory, bs_1024x1, padding_320, pixelPerThread_2
21666 - CUDA, Linear2D, LocalMemory, bs_32x32, padding_320, pixelPerThread_3
8277 - OpenCL, Linear2D, LocalMemory, bs_32x4, padding_384, pixelPerThread_2
12379 - OpenCL, Ldg, bs_1024x1, padding_0, pixelPerThread_4
11036 - OpenCL, Array2D, LocalMemory, bs_32x2, padding_160, pixelPerThread_1
24656 - CUDA, Array2D, LocalMemory, bs_64x4, padding_320, pixelPerThread_1
24394 - CUDA, Array2D, LocalMemory, bs_32x8, padding_384, pixelPerThread_3
9273 - OpenCL, Array2D, bs_128x8, padding_192, pixelPerThread_2
24485 - CUDA, Array2D, LocalMemory, bs_32x32, padding_32, pixelPerThread_2
21654 - CUDA, Linear2D, LocalMemory, bs_32x32, padding_224, pixelPerThread_3
16698 - CUDA, LocalMemory, bs_1024x1, padding_288, pixelPerThread_3
9064 - OpenCL, Array2D, bs_128x1, padding_160, pixelPerThread_1
8885 - OpenCL, Array2D, bs_64x1, padding_352, pixelPerThread_2
10754 - OpenCL, Array2D, LocalMemory, bs_256x4, padding_64, pixelPerThread_3
13937 - OpenCL, Ldg, LocalMemory, bs_32x2, padding_512, pixelPerThread_2
7561 - OpenCL, Linear2D, LocalMemory, bs_64x16, padding_96, pixelPerThread_2
6975 - OpenCL, Linear2D, bs_64x8, padding_288, pixelPerThread_4
6903 - OpenCL, Linear2D, bs_64x2, padding_256, pixelPerThread_4
24057 - CUDA, Array2D, bs_64x2, padding_416, pixelPerThread_2
2966 - OpenCL, Linear1D, bs_32x8, padding_320, pixelPerThread_3
9912 - OpenCL, Array2D, bs_256x1, padding_416, pixelPerThread_1
