Current machine learning settings: epsilon:0 lossFunction:RELATIVE parallelization:True bagging:False baggingNumbers:3 considerEpsilonTube:False baggingTestDataFraction:50 useBackward:False abortError:1 limitFeatureSize:False featureSizeTreshold:4 quadraticFunctionSupport:True crossValidation:False crossValidation-k:5 learn-logFunction:False learn-accumulatedLogFunction:False learn-asymFunction:False learn-ratioFunction:False learn-mirrowedFunction:False learn-numeric-disabled:True numberOfRounds:70 backwardErrorDelta:1 minImprovementPerRound:0.1 withHierarchy:False bruteForceCandidates:False ignoreBadFeatures:False stopOnLongRound:True candidateSizePenalty:True learnTimeLimit:00:00:00 scoreMeasure:RELERROR outputRoundsToStdout:False debug:False pythonInfluenceAnalysis:False blacklisted: 
command: mlsettings bagging:False stopOnLongRound:False parallelization:True lossFunction:RELATIVE useBackward:False abortError:1 limitFeatureSize:False featureSizeTreshold:7 quadraticFunctionSupport:True crossValidation:False learn_logFunction:True numberOfRounds:70 backwardErrorDelta:1 minImprovementPerRound:0.25 withHierarchy:False
Current machine learning settings: epsilon:0 lossFunction:RELATIVE parallelization:True bagging:False baggingNumbers:3 considerEpsilonTube:False baggingTestDataFraction:50 useBackward:False abortError:1 limitFeatureSize:False featureSizeTreshold:7 quadraticFunctionSupport:True crossValidation:False crossValidation-k:5 learn-logFunction:True learn-accumulatedLogFunction:False learn-asymFunction:False learn-ratioFunction:False learn-mirrowedFunction:False learn-numeric-disabled:True numberOfRounds:70 backwardErrorDelta:1 minImprovementPerRound:0.25 withHierarchy:False bruteForceCandidates:False ignoreBadFeatures:False stopOnLongRound:False candidateSizePenalty:True learnTimeLimit:00:00:00 scoreMeasure:RELERROR outputRoundsToStdout:False debug:False pythonInfluenceAnalysis:False blacklisted: 
command: solver z3
command: vm /scratch/kallistos/Distance-Based_Data/SupplementaryWebsite/MeasuredPerformanceValues/Polly/FeatureModel.xml
command: all /scratch/kallistos/Distance-Based_Data/SupplementaryWebsite/MeasuredPerformanceValues/Polly/measurements.xml
Configs with too large deviation: 0
60000 configurations loaded.
command: nfp Performance
command: setsampleset /scratch/kallistos/Distance-Based_Data/Results/Polly/Polly_11/sampledConfigurations_divDistBased_t2.csv
command: learn-splconqueror
Learning: NumberOfConfigurationsLearning:345 NumberOfConfigurationsValidation:345
Learning progress:
1;24.6023312883437 * polly_vectorizer + 4.62021449920222 * max;24.9525792965403;24.9525792965403;24.9525792965403;24.9525792965403;0.093273;2;4.62021449920222 * max;1;3.32753507222925;
2;27.1671188264492 * polly_vectorizer + 5.97952840733279 * max + -5.80639400987782 * value_based;22.8424870040461;22.8424870040461;22.8424870040461;22.8424870040461;0.342193;3;-5.80639400987782 * value_based;1;2.1100922924942;
3;29.4905494505496 * polly_vectorizer + 10.6350474254743 * max + -11.0663827838828 * value_based + -10.5625460285661 * max * memory_based;15.7647363042781;15.7647363042781;15.7647363042781;15.7647363042781;0.812409;5;-10.5625460285661 * max * memory_based;2;3.53887534988402;
4;29.4905494505496 * polly_vectorizer + 9.42325622007686 * max + -13.7887630261453 * value_based + -9.35075482316872 * max * memory_based + 6.12535554509071 * value_based * polly_no_tiling;14.589194802208;14.589194802208;14.589194802208;14.589194802208;1.537021;7;6.12535554509071 * value_based * polly_no_tiling;2;0.587770751035011;
5;29.4905494505496 * polly_vectorizer + 18.2896212121213 * max + -18.4330494505495 * value_based + -18.2171198152131 * max * memory_based + 16.5750000000002 * value_based * polly_no_tiling + -17.0232604526277 * value_based * polly_no_tiling * max;6.55947614109846;6.55947614109846;6.55947614109846;6.55947614109846;2.643029;10;-17.0232604526277 * value_based * polly_no_tiling * max;3;2.67657288703653;
6;28.9077807031226 * polly_vectorizer + 18.2896212121211 * max + -18.4026969116209 * value_based + -18.2335822092081 * max * memory_based + 17.1274162084985 * value_based * polly_no_tiling + -17.0232604526276 * value_based * polly_no_tiling * max + 2.20966483399389 * parallel;5.51674582523412;5.51674582523412;5.51674582523412;5.51674582523412;4.267071;11;2.20966483399389 * parallel;1;1.04273031586434;
7;28.8930631799791 * polly_vectorizer + 18.5450045891543 * max + -17.8568583901405 * value_based + -18.4893813354825 * max * memory_based + 17.1204028869085 * value_based * polly_no_tiling + -16.9960237406807 * value_based * polly_no_tiling * max + 2.2654687759129 * parallel + -1.67714456559023 * value_based * polly;5.0132460245371;5.0132460245371;5.0132460245371;5.0132460245371;6.206631;13;-1.67714456559023 * value_based * polly;2;0.251749900348511;
8;28.9426405538323 * polly_vectorizer + 16.7299580001875 * max + -16.8239747413734 * value_based + -16.672934255729 * max * memory_based + 17.0335820601105 * value_based * polly_no_tiling + -16.9623069635946 * value_based * polly_no_tiling * max + 2.07748790005313 * parallel + -4.86319319222145 * value_based * polly + 4.81945598633183 * value_based * polly * max;3.07323776995128;3.07323776995128;3.07323776995128;3.07323776995128;8.792201;16;4.81945598633183 * value_based * polly * max;3;0.646669418195274;
9;29.048643637875 * polly_vectorizer + 16.6083186731377 * max + -16.7671891705401 * value_based + -16.5764951177961 * max * memory_based + 17.0440016822757 * value_based * polly_no_tiling + -16.9297858431012 * value_based * polly_no_tiling * max + 2.09143028088527 * parallel + -4.86296535720537 * value_based * polly + 4.80492083470308 * value_based * polly * max + -0.554494321547986 * pollydefaulttilesize_64;2.96538831303388;2.96538831303388;2.96538831303388;2.96538831303388;11.899737;17;-0.554494321547986 * pollydefaulttilesize_64;1;0.107849456917393;
Elapsed=00:00:11.9091626
average model: 
command: analyze-learning
Round, Model, LearningError, LearningErrorRel, ValidationError, ValidationErrorRel, ElapsedSeconds, ModelComplexity, BestCandidate, BestCandidateSize, BestCandidateScore, TestError
Models:
Termination reason: minImprovementPerRound
1;24.6023312883437 * polly_vectorizer + 4.62021449920222 * max;24.9525792965403;24.9525792965403;24.9525792965403;24.9525792965403;0.093273;2;4.62021449920222 * max;1;3.32753507222925;28.3715025312958
2;27.1671188264492 * polly_vectorizer + 5.97952840733279 * max + -5.80639400987782 * value_based;22.8424870040461;22.8424870040461;22.8424870040461;22.8424870040461;0.342193;3;-5.80639400987782 * value_based;1;2.1100922924942;26.6845677820134
3;29.4905494505496 * polly_vectorizer + 10.6350474254743 * max + -11.0663827838828 * value_based + -10.5625460285661 * max * memory_based;15.7647363042781;15.7647363042781;15.7647363042781;15.7647363042781;0.812409;5;-10.5625460285661 * max * memory_based;2;3.53887534988402;19.1287913849416
4;29.4905494505496 * polly_vectorizer + 9.42325622007686 * max + -13.7887630261453 * value_based + -9.35075482316872 * max * memory_based + 6.12535554509071 * value_based * polly_no_tiling;14.589194802208;14.589194802208;14.589194802208;14.589194802208;1.537021;7;6.12535554509071 * value_based * polly_no_tiling;2;0.587770751035011;16.1160012219076
5;29.4905494505496 * polly_vectorizer + 18.2896212121213 * max + -18.4330494505495 * value_based + -18.2171198152131 * max * memory_based + 16.5750000000002 * value_based * polly_no_tiling + -17.0232604526277 * value_based * polly_no_tiling * max;6.55947614109846;6.55947614109846;6.55947614109846;6.55947614109846;2.643029;10;-17.0232604526277 * value_based * polly_no_tiling * max;3;2.67657288703653;8.34616569731807
6;28.9077807031226 * polly_vectorizer + 18.2896212121211 * max + -18.4026969116209 * value_based + -18.2335822092081 * max * memory_based + 17.1274162084985 * value_based * polly_no_tiling + -17.0232604526276 * value_based * polly_no_tiling * max + 2.20966483399389 * parallel;5.51674582523412;5.51674582523412;5.51674582523412;5.51674582523412;4.267071;11;2.20966483399389 * parallel;1;1.04273031586434;7.07627843225051
7;28.8930631799791 * polly_vectorizer + 18.5450045891543 * max + -17.8568583901405 * value_based + -18.4893813354825 * max * memory_based + 17.1204028869085 * value_based * polly_no_tiling + -16.9960237406807 * value_based * polly_no_tiling * max + 2.2654687759129 * parallel + -1.67714456559023 * value_based * polly;5.0132460245371;5.0132460245371;5.0132460245371;5.0132460245371;6.206631;13;-1.67714456559023 * value_based * polly;2;0.251749900348511;6.05526457367482
8;28.9426405538323 * polly_vectorizer + 16.7299580001875 * max + -16.8239747413734 * value_based + -16.672934255729 * max * memory_based + 17.0335820601105 * value_based * polly_no_tiling + -16.9623069635946 * value_based * polly_no_tiling * max + 2.07748790005313 * parallel + -4.86319319222145 * value_based * polly + 4.81945598633183 * value_based * polly * max;3.07323776995128;3.07323776995128;3.07323776995128;3.07323776995128;8.792201;16;4.81945598633183 * value_based * polly * max;3;0.646669418195274;3.58340912303728
9;29.048643637875 * polly_vectorizer + 16.6083186731377 * max + -16.7671891705401 * value_based + -16.5764951177961 * max * memory_based + 17.0440016822757 * value_based * polly_no_tiling + -16.9297858431012 * value_based * polly_no_tiling * max + 2.09143028088527 * parallel + -4.86296535720537 * value_based * polly + 4.80492083470308 * value_based * polly * max + -0.554494321547986 * pollydefaulttilesize_64;2.96538831303388;2.96538831303388;2.96538831303388;2.96538831303388;11.899737;17;-0.554494321547986 * pollydefaulttilesize_64;1;0.107849456917393;3.66799606005762
Analyze finished
command: clean-sampling
command: clean-global
command: script ./learn_divDistBased_t3.a
command: log ./out_divDistBased_t3Predictions.log
