Current machine learning settings: epsilon:0 lossFunction:RELATIVE parallelization:True bagging:False baggingNumbers:3 considerEpsilonTube:False baggingTestDataFraction:50 useBackward:False abortError:1 limitFeatureSize:False featureSizeTreshold:4 quadraticFunctionSupport:True crossValidation:False crossValidation-k:5 learn-logFunction:False learn-accumulatedLogFunction:False learn-asymFunction:False learn-ratioFunction:False learn-mirrowedFunction:False learn-numeric-disabled:True numberOfRounds:70 backwardErrorDelta:1 minImprovementPerRound:0.1 withHierarchy:False bruteForceCandidates:False ignoreBadFeatures:False stopOnLongRound:True candidateSizePenalty:True learnTimeLimit:00:00:00 scoreMeasure:RELERROR outputRoundsToStdout:False debug:False pythonInfluenceAnalysis:False blacklisted: 
command: solver z3
command: vm /scratch/kallistos/Distance-Based_Data/SupplementaryWebsite/MeasuredPerformanceValues/JavaGC/FeatureModel.xml
command: all /scratch/kallistos/Distance-Based_Data/SupplementaryWebsite/MeasuredPerformanceValues/JavaGC/measurements.xml
Configs with too large deviation: 0
193536 configurations loaded.
command: binary grammar-based numConfigs:3504 seed:68  confFaultsReport:./out_grammarBasedFailureReport_t3.log
command: printconfigs ./sampledConfigurations_grammarBased_t3FailureReport.csv
Number to sample: 3504; Number of Configurations in Grammar: 193536
Draw a new random number, cause 33596 is already in drawn.
Draw a new random number, cause 52602 is already in drawn.
Draw a new random number, cause 83050 is already in drawn.
Draw a new random number, cause 108110 is already in drawn.
Draw a new random number, cause 69662 is already in drawn.
Draw a new random number, cause 80856 is already in drawn.
Draw a new random number, cause 153551 is already in drawn.
Draw a new random number, cause 63927 is already in drawn.
Draw a new random number, cause 100219 is already in drawn.
Draw a new random number, cause 131271 is already in drawn.
Draw a new random number, cause 83154 is already in drawn.
Draw a new random number, cause 132757 is already in drawn.
Draw a new random number, cause 145174 is already in drawn.
Draw a new random number, cause 150965 is already in drawn.
Draw a new random number, cause 44598 is already in drawn.
Draw a new random number, cause 52310 is already in drawn.
Draw a new random number, cause 18876 is already in drawn.
Draw a new random number, cause 108110 is already in drawn.
Draw a new random number, cause 17342 is already in drawn.
Draw a new random number, cause 132292 is already in drawn.
Draw a new random number, cause 112283 is already in drawn.
Draw a new random number, cause 59051 is already in drawn.
Draw a new random number, cause 141283 is already in drawn.
Draw a new random number, cause 59648 is already in drawn.
Draw a new random number, cause 168977 is already in drawn.
Draw a new random number, cause 52392 is already in drawn.
Draw a new random number, cause 134697 is already in drawn.
Draw a new random number, cause 181161 is already in drawn.
Draw a new random number, cause 158316 is already in drawn.
Draw a new random number, cause 7181 is already in drawn.
Draw a new random number, cause 46829 is already in drawn.
Draw a new random number, cause 145850 is already in drawn.
Draw a new random number, cause 66477 is already in drawn.
Draw a new random number, cause 97507 is already in drawn.
Draw a new random number, cause 170598 is already in drawn.
Draw a new random number, cause 183582 is already in drawn.
0 drawn configurations were invalid
command: clean-sampling
command: clean-global
