Current machine learning settings: epsilon:0 lossFunction:RELATIVE parallelization:True bagging:False baggingNumbers:3 considerEpsilonTube:False baggingTestDataFraction:50 useBackward:False abortError:1 limitFeatureSize:False featureSizeTreshold:4 quadraticFunctionSupport:True crossValidation:False crossValidation-k:5 learn-logFunction:False learn-accumulatedLogFunction:False learn-asymFunction:False learn-ratioFunction:False learn-mirrowedFunction:False learn-numeric-disabled:True numberOfRounds:70 backwardErrorDelta:1 minImprovementPerRound:0.1 withHierarchy:False bruteForceCandidates:False ignoreBadFeatures:False stopOnLongRound:True candidateSizePenalty:True learnTimeLimit:00:00:00 scoreMeasure:RELERROR outputRoundsToStdout:False debug:False pythonInfluenceAnalysis:False blacklisted: 
command: solver z3
command: vm /scratch/kallistos/Distance-Based_Data/SupplementaryWebsite/MeasuredPerformanceValues/Hipacc/FeatureModel.xml
Warning: Variability model contains outdated notation. Children nodes will no longer have effect on the model. Instead use the parent node to describe the parent of an configuration option. You can also use the converter providedby the Variability Model GUI in export>convert legacy model.
Warning: Default value nodes in models are no longer used and should be removed. You can also use the converter provided by the Variability Model GUI in export>convert legacy model to update your model.
command: all /scratch/kallistos/Distance-Based_Data/SupplementaryWebsite/MeasuredPerformanceValues/Hipacc/measurements.xml
Configs with too large deviation: 0
13485 configurations loaded.
command: binary grammar-based numConfigs:4601 seed:49  confFaultsReport:./out_grammarBasedFailureReport_t3.log
command: printconfigs ./sampledConfigurations_grammarBased_t3FailureReport.csv
Number to sample: 4601; Number of Configurations in Grammar: 28560
Draw a new random number, cause 507 is already in drawn.
Draw a new random number, cause 21438 is already in drawn.
Draw a new random number, cause 20976 is already in drawn.
Draw a new random number, cause 15448 is already in drawn.
Draw a new random number, cause 16731 is already in drawn.
Draw a new random number, cause 393 is already in drawn.
Draw a new random number, cause 1595 is already in drawn.
Draw a new random number, cause 18929 is already in drawn.
Draw a new random number, cause 28506 is already in drawn.
Draw a new random number, cause 2603 is already in drawn.
Draw a new random number, cause 116 is already in drawn.
Draw a new random number, cause 16596 is already in drawn.
Draw a new random number, cause 15663 is already in drawn.
Draw a new random number, cause 18858 is already in drawn.
Draw a new random number, cause 17863 is already in drawn.
Draw a new random number, cause 1175 is already in drawn.
Draw a new random number, cause 18432 is already in drawn.
Draw a new random number, cause 27280 is already in drawn.
Draw a new random number, cause 15607 is already in drawn.
Draw a new random number, cause 27560 is already in drawn.
Draw a new random number, cause 24140 is already in drawn.
Draw a new random number, cause 16790 is already in drawn.
Draw a new random number, cause 21775 is already in drawn.
Draw a new random number, cause 17343 is already in drawn.
Draw a new random number, cause 20179 is already in drawn.
Draw a new random number, cause 17960 is already in drawn.
Draw a new random number, cause 14386 is already in drawn.
Draw a new random number, cause 17828 is already in drawn.
Draw a new random number, cause 20326 is already in drawn.
Draw a new random number, cause 26253 is already in drawn.
Draw a new random number, cause 16664 is already in drawn.
Draw a new random number, cause 20739 is already in drawn.
Draw a new random number, cause 1089 is already in drawn.
Draw a new random number, cause 2525 is already in drawn.
Draw a new random number, cause 20825 is already in drawn.
Draw a new random number, cause 21249 is already in drawn.
Draw a new random number, cause 18717 is already in drawn.
Draw a new random number, cause 27824 is already in drawn.
Draw a new random number, cause 2821 is already in drawn.
Draw a new random number, cause 21746 is already in drawn.
Draw a new random number, cause 174 is already in drawn.
Draw a new random number, cause 15981 is already in drawn.
Draw a new random number, cause 19208 is already in drawn.
Draw a new random number, cause 19704 is already in drawn.
Draw a new random number, cause 15432 is already in drawn.
Draw a new random number, cause 15343 is already in drawn.
Draw a new random number, cause 14427 is already in drawn.
Draw a new random number, cause 14950 is already in drawn.
Draw a new random number, cause 123 is already in drawn.
Draw a new random number, cause 540 is already in drawn.
Draw a new random number, cause 26371 is already in drawn.
Draw a new random number, cause 1754 is already in drawn.
Draw a new random number, cause 28227 is already in drawn.
Draw a new random number, cause 22051 is already in drawn.
Draw a new random number, cause 18951 is already in drawn.
Draw a new random number, cause 25906 is already in drawn.
Draw a new random number, cause 1135 is already in drawn.
Draw a new random number, cause 26733 is already in drawn.
Draw a new random number, cause 26980 is already in drawn.
Draw a new random number, cause 18623 is already in drawn.
Draw a new random number, cause 18723 is already in drawn.
Draw a new random number, cause 19858 is already in drawn.
Draw a new random number, cause 15892 is already in drawn.
Draw a new random number, cause 26461 is already in drawn.
Draw a new random number, cause 25898 is already in drawn.
Draw a new random number, cause 14343 is already in drawn.
Draw a new random number, cause 1711 is already in drawn.
Draw a new random number, cause 22700 is already in drawn.
Draw a new random number, cause 17620 is already in drawn.
Draw a new random number, cause 2392 is already in drawn.
Draw a new random number, cause 16916 is already in drawn.
Draw a new random number, cause 20446 is already in drawn.
Draw a new random number, cause 18723 is already in drawn.
Draw a new random number, cause 19239 is already in drawn.
Draw a new random number, cause 2775 is already in drawn.
Draw a new random number, cause 18929 is already in drawn.
Draw a new random number, cause 26104 is already in drawn.
Draw a new random number, cause 27442 is already in drawn.
Draw a new random number, cause 2060 is already in drawn.
Draw a new random number, cause 18179 is already in drawn.
Draw a new random number, cause 59 is already in drawn.
Draw a new random number, cause 20365 is already in drawn.
Draw a new random number, cause 16692 is already in drawn.
Draw a new random number, cause 21731 is already in drawn.
Draw a new random number, cause 20768 is already in drawn.
Draw a new random number, cause 26004 is already in drawn.
Draw a new random number, cause 21015 is already in drawn.
Draw a new random number, cause 2105 is already in drawn.
Draw a new random number, cause 23939 is already in drawn.
Draw a new random number, cause 20030 is already in drawn.
Draw a new random number, cause 20995 is already in drawn.
Draw a new random number, cause 15215 is already in drawn.
Draw a new random number, cause 16823 is already in drawn.
Draw a new random number, cause 27674 is already in drawn.
Draw a new random number, cause 20921 is already in drawn.
Draw a new random number, cause 20709 is already in drawn.
Draw a new random number, cause 816 is already in drawn.
Draw a new random number, cause 20249 is already in drawn.
Draw a new random number, cause 1075 is already in drawn.
Draw a new random number, cause 19859 is already in drawn.
Draw a new random number, cause 19061 is already in drawn.
Draw a new random number, cause 1238 is already in drawn.
Draw a new random number, cause 23528 is already in drawn.
Draw a new random number, cause 27474 is already in drawn.
Draw a new random number, cause 20361 is already in drawn.
Draw a new random number, cause 27215 is already in drawn.
Draw a new random number, cause 14689 is already in drawn.
Draw a new random number, cause 21876 is already in drawn.
Draw a new random number, cause 21920 is already in drawn.
Draw a new random number, cause 14423 is already in drawn.
Draw a new random number, cause 19480 is already in drawn.
Draw a new random number, cause 19675 is already in drawn.
Draw a new random number, cause 22798 is already in drawn.
Draw a new random number, cause 17693 is already in drawn.
Draw a new random number, cause 16212 is already in drawn.
Draw a new random number, cause 18006 is already in drawn.
Draw a new random number, cause 19859 is already in drawn.
Draw a new random number, cause 341 is already in drawn.
Draw a new random number, cause 20986 is already in drawn.
Draw a new random number, cause 1525 is already in drawn.
Draw a new random number, cause 15277 is already in drawn.
Draw a new random number, cause 20054 is already in drawn.
Draw a new random number, cause 2284 is already in drawn.
Draw a new random number, cause 28368 is already in drawn.
Draw a new random number, cause 19208 is already in drawn.
Draw a new random number, cause 718 is already in drawn.
Draw a new random number, cause 17023 is already in drawn.
Draw a new random number, cause 503 is already in drawn.
Draw a new random number, cause 17923 is already in drawn.
Draw a new random number, cause 20446 is already in drawn.
Draw a new random number, cause 15900 is already in drawn.
Draw a new random number, cause 14874 is already in drawn.
Draw a new random number, cause 18581 is already in drawn.
Draw a new random number, cause 21602 is already in drawn.
Draw a new random number, cause 21976 is already in drawn.
Draw a new random number, cause 16897 is already in drawn.
Draw a new random number, cause 742 is already in drawn.
Draw a new random number, cause 27849 is already in drawn.
Draw a new random number, cause 22233 is already in drawn.
Draw a new random number, cause 116 is already in drawn.
Draw a new random number, cause 27038 is already in drawn.
Draw a new random number, cause 26352 is already in drawn.
Draw a new random number, cause 26028 is already in drawn.
Draw a new random number, cause 910 is already in drawn.
Draw a new random number, cause 2349 is already in drawn.
Draw a new random number, cause 18398 is already in drawn.
Draw a new random number, cause 26318 is already in drawn.
Draw a new random number, cause 16037 is already in drawn.
Draw a new random number, cause 22791 is already in drawn.
Draw a new random number, cause 27605 is already in drawn.
Draw a new random number, cause 14679 is already in drawn.
Draw a new random number, cause 19638 is already in drawn.
Draw a new random number, cause 22482 is already in drawn.
Draw a new random number, cause 2245 is already in drawn.
Draw a new random number, cause 18473 is already in drawn.
Draw a new random number, cause 8911 is already in drawn.
Draw a new random number, cause 20365 is already in drawn.
Draw a new random number, cause 28466 is already in drawn.
Draw a new random number, cause 22678 is already in drawn.
Draw a new random number, cause 15578 is already in drawn.
Draw a new random number, cause 14533 is already in drawn.
Draw a new random number, cause 28295 is already in drawn.
Draw a new random number, cause 1754 is already in drawn.
Draw a new random number, cause 21401 is already in drawn.
Draw a new random number, cause 27580 is already in drawn.
Draw a new random number, cause 17951 is already in drawn.
Draw a new random number, cause 22048 is already in drawn.
Draw a new random number, cause 22808 is already in drawn.
Draw a new random number, cause 15317 is already in drawn.
Draw a new random number, cause 27172 is already in drawn.
Draw a new random number, cause 16336 is already in drawn.
Draw a new random number, cause 28056 is already in drawn.
Draw a new random number, cause 20039 is already in drawn.
Draw a new random number, cause 28164 is already in drawn.
Draw a new random number, cause 15734 is already in drawn.
Draw a new random number, cause 21972 is already in drawn.
Draw a new random number, cause 16817 is already in drawn.
Draw a new random number, cause 26777 is already in drawn.
Draw a new random number, cause 18015 is already in drawn.
Draw a new random number, cause 27456 is already in drawn.
Draw a new random number, cause 15431 is already in drawn.
Draw a new random number, cause 27568 is already in drawn.
Draw a new random number, cause 19927 is already in drawn.
Draw a new random number, cause 1986 is already in drawn.
Draw a new random number, cause 1992 is already in drawn.
Draw a new random number, cause 25776 is already in drawn.
Draw a new random number, cause 1486 is already in drawn.
Draw a new random number, cause 16054 is already in drawn.
Draw a new random number, cause 2005 is already in drawn.
Draw a new random number, cause 15798 is already in drawn.
Draw a new random number, cause 15014 is already in drawn.
Draw a new random number, cause 17367 is already in drawn.
Draw a new random number, cause 25930 is already in drawn.
Draw a new random number, cause 21729 is already in drawn.
Draw a new random number, cause 844 is already in drawn.
Draw a new random number, cause 20139 is already in drawn.
Draw a new random number, cause 19846 is already in drawn.
Draw a new random number, cause 21602 is already in drawn.
Draw a new random number, cause 15243 is already in drawn.
Draw a new random number, cause 2523 is already in drawn.
Draw a new random number, cause 26803 is already in drawn.
Draw a new random number, cause 20541 is already in drawn.
Draw a new random number, cause 15261 is already in drawn.
Draw a new random number, cause 21271 is already in drawn.
Draw a new random number, cause 1852 is already in drawn.
Draw a new random number, cause 762 is already in drawn.
Draw a new random number, cause 18321 is already in drawn.
Draw a new random number, cause 19268 is already in drawn.
Draw a new random number, cause 19149 is already in drawn.
Draw a new random number, cause 18984 is already in drawn.
Draw a new random number, cause 28527 is already in drawn.
Draw a new random number, cause 21426 is already in drawn.
Draw a new random number, cause 19444 is already in drawn.
Draw a new random number, cause 27535 is already in drawn.
Draw a new random number, cause 18981 is already in drawn.
Draw a new random number, cause 25807 is already in drawn.
Draw a new random number, cause 10474 is already in drawn.
Draw a new random number, cause 28002 is already in drawn.
Draw a new random number, cause 22196 is already in drawn.
Draw a new random number, cause 2608 is already in drawn.
Draw a new random number, cause 21531 is already in drawn.
Draw a new random number, cause 2058 is already in drawn.
Draw a new random number, cause 313 is already in drawn.
Draw a new random number, cause 645 is already in drawn.
Draw a new random number, cause 22451 is already in drawn.
Draw a new random number, cause 2026 is already in drawn.
Draw a new random number, cause 19603 is already in drawn.
Draw a new random number, cause 16990 is already in drawn.
Draw a new random number, cause 17878 is already in drawn.
Draw a new random number, cause 28313 is already in drawn.
Draw a new random number, cause 463 is already in drawn.
Draw a new random number, cause 9931 is already in drawn.
Draw a new random number, cause 28160 is already in drawn.
Draw a new random number, cause 16923 is already in drawn.
Draw a new random number, cause 22811 is already in drawn.
Draw a new random number, cause 18424 is already in drawn.
Draw a new random number, cause 27997 is already in drawn.
Draw a new random number, cause 748 is already in drawn.
Draw a new random number, cause 347 is already in drawn.
Draw a new random number, cause 1554 is already in drawn.
Draw a new random number, cause 21806 is already in drawn.
Draw a new random number, cause 26442 is already in drawn.
Draw a new random number, cause 9455 is already in drawn.
Draw a new random number, cause 20025 is already in drawn.
Draw a new random number, cause 20411 is already in drawn.
Draw a new random number, cause 1920 is already in drawn.
Draw a new random number, cause 26463 is already in drawn.
Draw a new random number, cause 14635 is already in drawn.
Draw a new random number, cause 27397 is already in drawn.
Draw a new random number, cause 16577 is already in drawn.
Draw a new random number, cause 2233 is already in drawn.
Draw a new random number, cause 19614 is already in drawn.
Draw a new random number, cause 20426 is already in drawn.
Draw a new random number, cause 17025 is already in drawn.
Draw a new random number, cause 21344 is already in drawn.
Draw a new random number, cause 15892 is already in drawn.
Draw a new random number, cause 21011 is already in drawn.
Draw a new random number, cause 25999 is already in drawn.
Draw a new random number, cause 18970 is already in drawn.
Draw a new random number, cause 2208 is already in drawn.
Draw a new random number, cause 27535 is already in drawn.
Draw a new random number, cause 20161 is already in drawn.
Draw a new random number, cause 1809 is already in drawn.
Draw a new random number, cause 21122 is already in drawn.
Draw a new random number, cause 22736 is already in drawn.
Draw a new random number, cause 22336 is already in drawn.
Draw a new random number, cause 17686 is already in drawn.
Draw a new random number, cause 2005 is already in drawn.
Draw a new random number, cause 1619 is already in drawn.
Draw a new random number, cause 22593 is already in drawn.
Draw a new random number, cause 21981 is already in drawn.
Draw a new random number, cause 1019 is already in drawn.
Draw a new random number, cause 168 is already in drawn.
Draw a new random number, cause 26733 is already in drawn.
Draw a new random number, cause 20039 is already in drawn.
Draw a new random number, cause 15680 is already in drawn.
Draw a new random number, cause 21109 is already in drawn.
Draw a new random number, cause 27975 is already in drawn.
Draw a new random number, cause 19341 is already in drawn.
Draw a new random number, cause 25969 is already in drawn.
Draw a new random number, cause 802 is already in drawn.
Draw a new random number, cause 19920 is already in drawn.
Draw a new random number, cause 20043 is already in drawn.
Draw a new random number, cause 28506 is already in drawn.
Draw a new random number, cause 27053 is already in drawn.
Draw a new random number, cause 19606 is already in drawn.
Draw a new random number, cause 15330 is already in drawn.
Draw a new random number, cause 20592 is already in drawn.
Draw a new random number, cause 24481 is already in drawn.
Draw a new random number, cause 15339 is already in drawn.
Draw a new random number, cause 26371 is already in drawn.
Draw a new random number, cause 15807 is already in drawn.
Draw a new random number, cause 17180 is already in drawn.
Draw a new random number, cause 26702 is already in drawn.
Draw a new random number, cause 17114 is already in drawn.
Draw a new random number, cause 15882 is already in drawn.
Draw a new random number, cause 18273 is already in drawn.
Draw a new random number, cause 17909 is already in drawn.
Draw a new random number, cause 2121 is already in drawn.
Draw a new random number, cause 22060 is already in drawn.
Draw a new random number, cause 26719 is already in drawn.
Draw a new random number, cause 21798 is already in drawn.
Draw a new random number, cause 25969 is already in drawn.
Draw a new random number, cause 1098 is already in drawn.
Draw a new random number, cause 19697 is already in drawn.
Draw a new random number, cause 17198 is already in drawn.
Draw a new random number, cause 2392 is already in drawn.
Draw a new random number, cause 15090 is already in drawn.
Draw a new random number, cause 18410 is already in drawn.
Draw a new random number, cause 27475 is already in drawn.
Draw a new random number, cause 16282 is already in drawn.
Draw a new random number, cause 17530 is already in drawn.
Draw a new random number, cause 21943 is already in drawn.
Draw a new random number, cause 18993 is already in drawn.
Draw a new random number, cause 15120 is already in drawn.
Draw a new random number, cause 15418 is already in drawn.
Draw a new random number, cause 21008 is already in drawn.
Draw a new random number, cause 18892 is already in drawn.
Draw a new random number, cause 14667 is already in drawn.
Draw a new random number, cause 9113 is already in drawn.
Draw a new random number, cause 1947 is already in drawn.
Draw a new random number, cause 26921 is already in drawn.
Draw a new random number, cause 22295 is already in drawn.
Draw a new random number, cause 2101 is already in drawn.
Draw a new random number, cause 19113 is already in drawn.
Draw a new random number, cause 20544 is already in drawn.
Draw a new random number, cause 22542 is already in drawn.
Draw a new random number, cause 16720 is already in drawn.
Draw a new random number, cause 1228 is already in drawn.
Draw a new random number, cause 16250 is already in drawn.
Draw a new random number, cause 2539 is already in drawn.
Draw a new random number, cause 26190 is already in drawn.
Draw a new random number, cause 22055 is already in drawn.
Draw a new random number, cause 374 is already in drawn.
Draw a new random number, cause 21724 is already in drawn.
Draw a new random number, cause 27734 is already in drawn.
Draw a new random number, cause 16927 is already in drawn.
Draw a new random number, cause 347 is already in drawn.
Draw a new random number, cause 14354 is already in drawn.
Draw a new random number, cause 26158 is already in drawn.
Draw a new random number, cause 19242 is already in drawn.
Draw a new random number, cause 20668 is already in drawn.
Draw a new random number, cause 26261 is already in drawn.
Draw a new random number, cause 764 is already in drawn.
Draw a new random number, cause 1506 is already in drawn.
Draw a new random number, cause 20561 is already in drawn.
Draw a new random number, cause 18935 is already in drawn.
Draw a new random number, cause 15751 is already in drawn.
Draw a new random number, cause 20940 is already in drawn.
Draw a new random number, cause 20125 is already in drawn.
Draw a new random number, cause 24616 is already in drawn.
Draw a new random number, cause 20766 is already in drawn.
Draw a new random number, cause 2739 is already in drawn.
Draw a new random number, cause 2661 is already in drawn.
Draw a new random number, cause 28153 is already in drawn.
Draw a new random number, cause 2529 is already in drawn.
Draw a new random number, cause 21955 is already in drawn.
Draw a new random number, cause 14456 is already in drawn.
Draw a new random number, cause 15507 is already in drawn.
Draw a new random number, cause 19775 is already in drawn.
5479 drawn configurations were invalid
command: clean-sampling
command: clean-global
