Current machine learning settings: epsilon:0 lossFunction:RELATIVE parallelization:True bagging:False baggingNumbers:3 considerEpsilonTube:False baggingTestDataFraction:50 useBackward:False abortError:1 limitFeatureSize:False featureSizeTreshold:4 quadraticFunctionSupport:True crossValidation:False crossValidation-k:5 learn-logFunction:False learn-accumulatedLogFunction:False learn-asymFunction:False learn-ratioFunction:False learn-mirrowedFunction:False learn-numeric-disabled:True numberOfRounds:70 backwardErrorDelta:1 minImprovementPerRound:0.1 withHierarchy:False bruteForceCandidates:False ignoreBadFeatures:False stopOnLongRound:True candidateSizePenalty:True learnTimeLimit:00:00:00 scoreMeasure:RELERROR outputRoundsToStdout:False debug:False pythonInfluenceAnalysis:False blacklisted: 
command: mlsettings bagging:False stopOnLongRound:False parallelization:True lossFunction:RELATIVE useBackward:False abortError:1 limitFeatureSize:False featureSizeTreshold:7 quadraticFunctionSupport:True crossValidation:False learn_logFunction:True numberOfRounds:70 backwardErrorDelta:1 minImprovementPerRound:0.25 withHierarchy:False
Current machine learning settings: epsilon:0 lossFunction:RELATIVE parallelization:True bagging:False baggingNumbers:3 considerEpsilonTube:False baggingTestDataFraction:50 useBackward:False abortError:1 limitFeatureSize:False featureSizeTreshold:7 quadraticFunctionSupport:True crossValidation:False crossValidation-k:5 learn-logFunction:True learn-accumulatedLogFunction:False learn-asymFunction:False learn-ratioFunction:False learn-mirrowedFunction:False learn-numeric-disabled:True numberOfRounds:70 backwardErrorDelta:1 minImprovementPerRound:0.25 withHierarchy:False bruteForceCandidates:False ignoreBadFeatures:False stopOnLongRound:False candidateSizePenalty:True learnTimeLimit:00:00:00 scoreMeasure:RELERROR outputRoundsToStdout:False debug:False pythonInfluenceAnalysis:False blacklisted: 
command: solver z3
command: vm /scratch/kallistos/Distance-Based_Data/SupplementaryWebsite/MeasuredPerformanceValues/Polly/FeatureModel.xml
command: all /scratch/kallistos/Distance-Based_Data/SupplementaryWebsite/MeasuredPerformanceValues/Polly/measurements.xml
Configs with too large deviation: 0
60000 configurations loaded.
command: nfp Performance
command: setsampleset /scratch/kallistos/Distance-Based_Data/Results/Polly/Polly_5/sampledConfigurations_divDistBased_t3.csv
command: learn-splconqueror
Learning: NumberOfConfigurationsLearning:2172 NumberOfConfigurationsValidation:2172
Learning progress:
1;23.1808122856252 * polly_vectorizer + 6.09731705858757 * memory_based;34.7243775759217;34.7243775759217;34.7243775759217;34.7243775759217;0.699814;2;6.09731705858757 * memory_based;1;6.37736364745824;
2;20.6799870426829 * polly_vectorizer + 6.07745556345784 * memory_based + 5.34676436941053 * polly_no_tiling;32.6715949550776;32.6715949550776;32.6715949550776;32.6715949550776;2.222949;3;5.34676436941053 * polly_no_tiling;1;2.05278262084413;
3;18.1606356180433 * polly_vectorizer + 11.0556594076857 * memory_based + 10.7331377152901 * polly_no_tiling + -10.6019776128139 * memory_based * polly_no_tiling;24.4627016160657;24.4627016160657;24.4627016160657;24.4627016160657;4.99576;5;-10.6019776128139 * memory_based * polly_no_tiling;2;4.10444666950597;
4;15.5981526161579 * polly_vectorizer + 11.7373479960841 * memory_based + 12.0509414736986 * polly_no_tiling + -13.6522041755206 * memory_based * polly_no_tiling + 5.92704401655598 * max;23.164933967221;23.164933967221;23.164933967221;23.164933967221;9.370121;6;5.92704401655598 * max;1;1.29776764884467;
5;12.7918250058919 * polly_vectorizer + 16.3773090874069 * memory_based + 13.4941467825391 * polly_no_tiling + -13.4064271934057 * memory_based * polly_no_tiling + 12.418102594773 * max + -12.2694819266283 * max * memory_based;15.3073468456946;15.3073468456946;15.3073468456946;15.3073468456946;15.770498;8;-12.2694819266283 * max * memory_based;2;3.9287935607632;
6;12.0744208745799 * polly_vectorizer + 16.8154694527507 * memory_based + 12.7008931480501 * polly_no_tiling + -12.6644679294316 * memory_based * polly_no_tiling + 12.9651333459283 * max + -12.9949555494294 * max * memory_based + 2.51039803607611 * parallel;14.4892657562174;14.4892657562174;14.4892657562174;14.4892657562174;24.415527;9;2.51039803607611 * parallel;1;0.818081089477239;
7;10.7302553974756 * polly_vectorizer + 16.8591212992622 * memory_based + 15.0954759552122 * polly_no_tiling + -11.2291645522302 * memory_based * polly_no_tiling + 16.0483513285487 * max + -12.0043935107775 * max * memory_based + 2.56873319890017 * parallel + -8.23965455684869 * max * polly_no_tiling;13.6123236145563;13.6123236145563;13.6123236145563;13.6123236145563;35.55682;11;-8.23965455684869 * max * polly_no_tiling;2;0.438471070830523;
8;9.39872586327634 * polly_vectorizer + 19.6167932113965 * memory_based + 18.3423772836863 * polly_no_tiling + -18.352259083469 * memory_based * polly_no_tiling + 19.5665636090182 * max + -19.5997471867253 * max * memory_based + 1.57937617104501 * parallel + -18.2592443934478 * max * polly_no_tiling + 18.399753056829 * max * memory_based * polly_no_tiling;8.23586114844073;8.23586114844073;8.23586114844073;8.23586114844073;49.671219;14;18.399753056829 * max * memory_based * polly_no_tiling;3;1.79215415537186;
9;8.88255476791623 * polly_vectorizer + 19.4826272796115 * memory_based + 18.0671958496836 * polly_no_tiling + -17.8370043905482 * memory_based * polly_no_tiling + 19.5626260615369 * max + -19.5464482303884 * max * memory_based + 1.78829482112544 * parallel + -18.1451048580022 * max * polly_no_tiling + 17.7969687461108 * max * memory_based * polly_no_tiling + 1.25878637537744 * none;7.63365128484361;7.63365128484361;7.63365128484361;7.63365128484361;67.387435;15;1.25878637537744 * none;1;0.602209863597117;
10;8.4165789000627 * polly_vectorizer + 20.5853297352556 * memory_based + 17.8978903354321 * polly_no_tiling + -17.892466084624 * memory_based * polly_no_tiling + 19.5329096455063 * max + -19.5538628275799 * max * memory_based + 1.72936645258074 * parallel + -18.1188879209433 * max * polly_no_tiling + 18.2192575841602 * max * memory_based * polly_no_tiling + 2.54986831669005 * none + -2.57131664056289 * memory_based * none;6.29810404180265;6.29810404180265;6.29810404180265;6.29810404180265;89.485213;17;-2.57131664056289 * memory_based * none;2;0.667773621520482;
11;8.18421262137594 * polly_vectorizer + 20.4062267039112 * memory_based + 17.7863390830846 * polly_no_tiling + -17.6344359948964 * memory_based * polly_no_tiling + 20.2256753257363 * max + -19.389094347179 * max * memory_based + 1.78484523276321 * parallel + -17.8744659300036 * max * polly_no_tiling + 17.978688403981 * max * memory_based * polly_no_tiling + 3.14064664587434 * none + -2.34048397764072 * memory_based * none + -1.79020053028666 * max * none;5.91441504837015;5.91441504837015;5.91441504837015;5.91441504837015;116.442706;19;-1.79020053028666 * max * none;2;0.19184449671625;
Elapsed=00:01:56.5097547
average model: 
command: analyze-learning
Round, Model, LearningError, LearningErrorRel, ValidationError, ValidationErrorRel, ElapsedSeconds, ModelComplexity, BestCandidate, BestCandidateSize, BestCandidateScore, TestError
Models:
Termination reason: minImprovementPerRound
1;23.1808122856252 * polly_vectorizer + 6.09731705858757 * memory_based;34.7243775759217;34.7243775759217;34.7243775759217;34.7243775759217;0.699814;2;6.09731705858757 * memory_based;1;6.37736364745824;28.1563464607215
2;20.6799870426829 * polly_vectorizer + 6.07745556345784 * memory_based + 5.34676436941053 * polly_no_tiling;32.6715949550776;32.6715949550776;32.6715949550776;32.6715949550776;2.222949;3;5.34676436941053 * polly_no_tiling;1;2.05278262084413;26.8527112687918
3;18.1606356180433 * polly_vectorizer + 11.0556594076857 * memory_based + 10.7331377152901 * polly_no_tiling + -10.6019776128139 * memory_based * polly_no_tiling;24.4627016160657;24.4627016160657;24.4627016160657;24.4627016160657;4.99576;5;-10.6019776128139 * memory_based * polly_no_tiling;2;4.10444666950597;20.01590478193
4;15.5981526161579 * polly_vectorizer + 11.7373479960841 * memory_based + 12.0509414736986 * polly_no_tiling + -13.6522041755206 * memory_based * polly_no_tiling + 5.92704401655598 * max;23.164933967221;23.164933967221;23.164933967221;23.164933967221;9.370121;6;5.92704401655598 * max;1;1.29776764884467;20.4662146359641
5;12.7918250058919 * polly_vectorizer + 16.3773090874069 * memory_based + 13.4941467825391 * polly_no_tiling + -13.4064271934057 * memory_based * polly_no_tiling + 12.418102594773 * max + -12.2694819266283 * max * memory_based;15.3073468456946;15.3073468456946;15.3073468456946;15.3073468456946;15.770498;8;-12.2694819266283 * max * memory_based;2;3.9287935607632;14.7565004455966
6;12.0744208745799 * polly_vectorizer + 16.8154694527507 * memory_based + 12.7008931480501 * polly_no_tiling + -12.6644679294316 * memory_based * polly_no_tiling + 12.9651333459283 * max + -12.9949555494294 * max * memory_based + 2.51039803607611 * parallel;14.4892657562174;14.4892657562174;14.4892657562174;14.4892657562174;24.415527;9;2.51039803607611 * parallel;1;0.818081089477239;13.49878557952
7;10.7302553974756 * polly_vectorizer + 16.8591212992622 * memory_based + 15.0954759552122 * polly_no_tiling + -11.2291645522302 * memory_based * polly_no_tiling + 16.0483513285487 * max + -12.0043935107775 * max * memory_based + 2.56873319890017 * parallel + -8.23965455684869 * max * polly_no_tiling;13.6123236145563;13.6123236145563;13.6123236145563;13.6123236145563;35.55682;11;-8.23965455684869 * max * polly_no_tiling;2;0.438471070830523;12.6759130524733
8;9.39872586327634 * polly_vectorizer + 19.6167932113965 * memory_based + 18.3423772836863 * polly_no_tiling + -18.352259083469 * memory_based * polly_no_tiling + 19.5665636090182 * max + -19.5997471867253 * max * memory_based + 1.57937617104501 * parallel + -18.2592443934478 * max * polly_no_tiling + 18.399753056829 * max * memory_based * polly_no_tiling;8.23586114844073;8.23586114844073;8.23586114844073;8.23586114844073;49.671219;14;18.399753056829 * max * memory_based * polly_no_tiling;3;1.79215415537186;6.56928270068955
9;8.88255476791623 * polly_vectorizer + 19.4826272796115 * memory_based + 18.0671958496836 * polly_no_tiling + -17.8370043905482 * memory_based * polly_no_tiling + 19.5626260615369 * max + -19.5464482303884 * max * memory_based + 1.78829482112544 * parallel + -18.1451048580022 * max * polly_no_tiling + 17.7969687461108 * max * memory_based * polly_no_tiling + 1.25878637537744 * none;7.63365128484361;7.63365128484361;7.63365128484361;7.63365128484361;67.387435;15;1.25878637537744 * none;1;0.602209863597117;6.37669848467724
10;8.4165789000627 * polly_vectorizer + 20.5853297352556 * memory_based + 17.8978903354321 * polly_no_tiling + -17.892466084624 * memory_based * polly_no_tiling + 19.5329096455063 * max + -19.5538628275799 * max * memory_based + 1.72936645258074 * parallel + -18.1188879209433 * max * polly_no_tiling + 18.2192575841602 * max * memory_based * polly_no_tiling + 2.54986831669005 * none + -2.57131664056289 * memory_based * none;6.29810404180265;6.29810404180265;6.29810404180265;6.29810404180265;89.485213;17;-2.57131664056289 * memory_based * none;2;0.667773621520482;5.39685325146025
11;8.18421262137594 * polly_vectorizer + 20.4062267039112 * memory_based + 17.7863390830846 * polly_no_tiling + -17.6344359948964 * memory_based * polly_no_tiling + 20.2256753257363 * max + -19.389094347179 * max * memory_based + 1.78484523276321 * parallel + -17.8744659300036 * max * polly_no_tiling + 17.978688403981 * max * memory_based * polly_no_tiling + 3.14064664587434 * none + -2.34048397764072 * memory_based * none + -1.79020053028666 * max * none;5.91441504837015;5.91441504837015;5.91441504837015;5.91441504837015;116.442706;19;-1.79020053028666 * max * none;2;0.19184449671625;4.92296114208051
Analyze finished
command: clean-sampling
command: clean-global
