Current machine learning settings: epsilon:0 lossFunction:RELATIVE parallelization:True bagging:False baggingNumbers:3 considerEpsilonTube:False baggingTestDataFraction:50 useBackward:False abortError:1 limitFeatureSize:False featureSizeTreshold:4 quadraticFunctionSupport:True crossValidation:False crossValidation-k:5 learn-logFunction:False learn-accumulatedLogFunction:False learn-asymFunction:False learn-ratioFunction:False learn-mirrowedFunction:False learn-numeric-disabled:True numberOfRounds:70 backwardErrorDelta:1 minImprovementPerRound:0.1 withHierarchy:False bruteForceCandidates:False ignoreBadFeatures:False stopOnLongRound:True candidateSizePenalty:True learnTimeLimit:00:00:00 scoreMeasure:RELERROR outputRoundsToStdout:False debug:False pythonInfluenceAnalysis:False blacklisted: 
command: solver z3
command: vm /scratch/kallistos/Distance-Based_Data/SupplementaryWebsite/MeasuredPerformanceValues/Dune/FeatureModel.xml
Warning: Variability model contains outdated notation. Children nodes will no longer have effect on the model. Instead use the parent node to describe the parent of an configuration option. You can also use the converter providedby the Variability Model GUI in export>convert legacy model.
command: all /scratch/kallistos/Distance-Based_Data/SupplementaryWebsite/MeasuredPerformanceValues/Dune/measurements.xml
Configs with too large deviation: 0
2304 configurations loaded.
command: binary grammar-based numConfigs:1071 seed:38  confFaultsReport:./out_grammarBasedFailureReport_t3.log
command: printconfigs ./sampledConfigurations_grammarBased_t3FailureReport.csv
Number to sample: 1071; Number of Configurations in Grammar: 2352
Draw a new random number, cause 2274 is already in drawn.
Draw a new random number, cause 1940 is already in drawn.
Draw a new random number, cause 1394 is already in drawn.
Draw a new random number, cause 878 is already in drawn.
Draw a new random number, cause 1190 is already in drawn.
Draw a new random number, cause 401 is already in drawn.
Draw a new random number, cause 1255 is already in drawn.
Draw a new random number, cause 2179 is already in drawn.
Draw a new random number, cause 1807 is already in drawn.
Draw a new random number, cause 2215 is already in drawn.
Draw a new random number, cause 1593 is already in drawn.
Draw a new random number, cause 623 is already in drawn.
Draw a new random number, cause 1526 is already in drawn.
Draw a new random number, cause 1041 is already in drawn.
Draw a new random number, cause 723 is already in drawn.
Draw a new random number, cause 1271 is already in drawn.
Draw a new random number, cause 404 is already in drawn.
Draw a new random number, cause 1815 is already in drawn.
Draw a new random number, cause 547 is already in drawn.
Draw a new random number, cause 1572 is already in drawn.
Draw a new random number, cause 2274 is already in drawn.
Draw a new random number, cause 123 is already in drawn.
Draw a new random number, cause 668 is already in drawn.
Draw a new random number, cause 131 is already in drawn.
Draw a new random number, cause 2000 is already in drawn.
Draw a new random number, cause 598 is already in drawn.
Draw a new random number, cause 1309 is already in drawn.
Draw a new random number, cause 1184 is already in drawn.
Draw a new random number, cause 2066 is already in drawn.
Draw a new random number, cause 829 is already in drawn.
Draw a new random number, cause 2036 is already in drawn.
Draw a new random number, cause 2005 is already in drawn.
Draw a new random number, cause 598 is already in drawn.
Draw a new random number, cause 1028 is already in drawn.
Draw a new random number, cause 2307 is already in drawn.
Draw a new random number, cause 915 is already in drawn.
Draw a new random number, cause 1312 is already in drawn.
Draw a new random number, cause 2199 is already in drawn.
Draw a new random number, cause 2097 is already in drawn.
Draw a new random number, cause 2023 is already in drawn.
Draw a new random number, cause 1881 is already in drawn.
Draw a new random number, cause 2177 is already in drawn.
Draw a new random number, cause 573 is already in drawn.
Draw a new random number, cause 1897 is already in drawn.
Draw a new random number, cause 668 is already in drawn.
Draw a new random number, cause 749 is already in drawn.
Draw a new random number, cause 319 is already in drawn.
Draw a new random number, cause 581 is already in drawn.
Draw a new random number, cause 1162 is already in drawn.
Draw a new random number, cause 1793 is already in drawn.
Draw a new random number, cause 2023 is already in drawn.
Draw a new random number, cause 1309 is already in drawn.
Draw a new random number, cause 1300 is already in drawn.
Draw a new random number, cause 1871 is already in drawn.
Draw a new random number, cause 631 is already in drawn.
Draw a new random number, cause 682 is already in drawn.
Draw a new random number, cause 2249 is already in drawn.
Draw a new random number, cause 1344 is already in drawn.
Draw a new random number, cause 1002 is already in drawn.
Draw a new random number, cause 344 is already in drawn.
Draw a new random number, cause 1215 is already in drawn.
Draw a new random number, cause 400 is already in drawn.
Draw a new random number, cause 343 is already in drawn.
Draw a new random number, cause 609 is already in drawn.
Draw a new random number, cause 1349 is already in drawn.
Draw a new random number, cause 1964 is already in drawn.
Draw a new random number, cause 2251 is already in drawn.
Draw a new random number, cause 748 is already in drawn.
Draw a new random number, cause 1974 is already in drawn.
Draw a new random number, cause 150 is already in drawn.
Draw a new random number, cause 338 is already in drawn.
Draw a new random number, cause 2266 is already in drawn.
Draw a new random number, cause 1961 is already in drawn.
Draw a new random number, cause 988 is already in drawn.
Draw a new random number, cause 2101 is already in drawn.
Draw a new random number, cause 1573 is already in drawn.
Draw a new random number, cause 1023 is already in drawn.
Draw a new random number, cause 1744 is already in drawn.
Draw a new random number, cause 2120 is already in drawn.
Draw a new random number, cause 613 is already in drawn.
Draw a new random number, cause 1973 is already in drawn.
Draw a new random number, cause 546 is already in drawn.
Draw a new random number, cause 2274 is already in drawn.
Draw a new random number, cause 1596 is already in drawn.
Draw a new random number, cause 1761 is already in drawn.
Draw a new random number, cause 963 is already in drawn.
Draw a new random number, cause 1799 is already in drawn.
Draw a new random number, cause 476 is already in drawn.
Draw a new random number, cause 697 is already in drawn.
Draw a new random number, cause 1937 is already in drawn.
Draw a new random number, cause 968 is already in drawn.
Draw a new random number, cause 624 is already in drawn.
Draw a new random number, cause 1853 is already in drawn.
Draw a new random number, cause 478 is already in drawn.
Draw a new random number, cause 1905 is already in drawn.
Draw a new random number, cause 113 is already in drawn.
Draw a new random number, cause 1692 is already in drawn.
Draw a new random number, cause 55 is already in drawn.
Draw a new random number, cause 547 is already in drawn.
Draw a new random number, cause 2036 is already in drawn.
Draw a new random number, cause 1044 is already in drawn.
Draw a new random number, cause 1596 is already in drawn.
Draw a new random number, cause 1653 is already in drawn.
Draw a new random number, cause 2143 is already in drawn.
Draw a new random number, cause 1744 is already in drawn.
Draw a new random number, cause 1945 is already in drawn.
Draw a new random number, cause 2296 is already in drawn.
Draw a new random number, cause 395 is already in drawn.
Draw a new random number, cause 1699 is already in drawn.
Draw a new random number, cause 792 is already in drawn.
Draw a new random number, cause 937 is already in drawn.
Draw a new random number, cause 1889 is already in drawn.
Draw a new random number, cause 956 is already in drawn.
Draw a new random number, cause 1277 is already in drawn.
Draw a new random number, cause 1007 is already in drawn.
Draw a new random number, cause 1536 is already in drawn.
Draw a new random number, cause 1451 is already in drawn.
Draw a new random number, cause 1652 is already in drawn.
Draw a new random number, cause 1044 is already in drawn.
Draw a new random number, cause 1433 is already in drawn.
Draw a new random number, cause 1314 is already in drawn.
Draw a new random number, cause 619 is already in drawn.
Draw a new random number, cause 162 is already in drawn.
Draw a new random number, cause 1792 is already in drawn.
Draw a new random number, cause 1344 is already in drawn.
Draw a new random number, cause 739 is already in drawn.
Draw a new random number, cause 237 is already in drawn.
Draw a new random number, cause 1949 is already in drawn.
Draw a new random number, cause 1044 is already in drawn.
Draw a new random number, cause 1451 is already in drawn.
Draw a new random number, cause 2274 is already in drawn.
Draw a new random number, cause 2172 is already in drawn.
Draw a new random number, cause 1154 is already in drawn.
Draw a new random number, cause 2305 is already in drawn.
Draw a new random number, cause 286 is already in drawn.
Draw a new random number, cause 766 is already in drawn.
Draw a new random number, cause 727 is already in drawn.
Draw a new random number, cause 338 is already in drawn.
Draw a new random number, cause 506 is already in drawn.
Draw a new random number, cause 494 is already in drawn.
Draw a new random number, cause 165 is already in drawn.
Draw a new random number, cause 1422 is already in drawn.
Draw a new random number, cause 1656 is already in drawn.
Draw a new random number, cause 1028 is already in drawn.
Draw a new random number, cause 748 is already in drawn.
Draw a new random number, cause 724 is already in drawn.
Draw a new random number, cause 568 is already in drawn.
Draw a new random number, cause 492 is already in drawn.
Draw a new random number, cause 584 is already in drawn.
Draw a new random number, cause 948 is already in drawn.
Draw a new random number, cause 1662 is already in drawn.
Draw a new random number, cause 1683 is already in drawn.
Draw a new random number, cause 2276 is already in drawn.
Draw a new random number, cause 312 is already in drawn.
Draw a new random number, cause 1234 is already in drawn.
Draw a new random number, cause 338 is already in drawn.
Draw a new random number, cause 1795 is already in drawn.
Draw a new random number, cause 218 is already in drawn.
Draw a new random number, cause 1298 is already in drawn.
Draw a new random number, cause 2270 is already in drawn.
Draw a new random number, cause 228 is already in drawn.
Draw a new random number, cause 27 is already in drawn.
Draw a new random number, cause 31 is already in drawn.
Draw a new random number, cause 1182 is already in drawn.
Draw a new random number, cause 909 is already in drawn.
Draw a new random number, cause 113 is already in drawn.
Draw a new random number, cause 2176 is already in drawn.
Draw a new random number, cause 682 is already in drawn.
Draw a new random number, cause 1907 is already in drawn.
Draw a new random number, cause 1053 is already in drawn.
Draw a new random number, cause 492 is already in drawn.
Draw a new random number, cause 2334 is already in drawn.
Draw a new random number, cause 1394 is already in drawn.
Draw a new random number, cause 2120 is already in drawn.
Draw a new random number, cause 390 is already in drawn.
Draw a new random number, cause 1097 is already in drawn.
Draw a new random number, cause 479 is already in drawn.
Draw a new random number, cause 1399 is already in drawn.
Draw a new random number, cause 1489 is already in drawn.
Draw a new random number, cause 1623 is already in drawn.
Draw a new random number, cause 1611 is already in drawn.
Draw a new random number, cause 937 is already in drawn.
Draw a new random number, cause 809 is already in drawn.
Draw a new random number, cause 1913 is already in drawn.
Draw a new random number, cause 1889 is already in drawn.
Draw a new random number, cause 401 is already in drawn.
Draw a new random number, cause 153 is already in drawn.
Draw a new random number, cause 1726 is already in drawn.
Draw a new random number, cause 1109 is already in drawn.
Draw a new random number, cause 635 is already in drawn.
Draw a new random number, cause 228 is already in drawn.
Draw a new random number, cause 493 is already in drawn.
Draw a new random number, cause 1328 is already in drawn.
Draw a new random number, cause 1973 is already in drawn.
Draw a new random number, cause 2339 is already in drawn.
Draw a new random number, cause 854 is already in drawn.
Draw a new random number, cause 1504 is already in drawn.
Draw a new random number, cause 134 is already in drawn.
Draw a new random number, cause 2007 is already in drawn.
Draw a new random number, cause 2201 is already in drawn.
Draw a new random number, cause 1095 is already in drawn.
Draw a new random number, cause 108 is already in drawn.
Draw a new random number, cause 2033 is already in drawn.
Draw a new random number, cause 981 is already in drawn.
Draw a new random number, cause 1591 is already in drawn.
Draw a new random number, cause 1771 is already in drawn.
Draw a new random number, cause 871 is already in drawn.
Draw a new random number, cause 2103 is already in drawn.
Draw a new random number, cause 224 is already in drawn.
Draw a new random number, cause 794 is already in drawn.
Draw a new random number, cause 2142 is already in drawn.
Draw a new random number, cause 1348 is already in drawn.
Draw a new random number, cause 1065 is already in drawn.
Draw a new random number, cause 1099 is already in drawn.
Draw a new random number, cause 1423 is already in drawn.
Draw a new random number, cause 492 is already in drawn.
Draw a new random number, cause 523 is already in drawn.
Draw a new random number, cause 2318 is already in drawn.
Draw a new random number, cause 1422 is already in drawn.
Draw a new random number, cause 1423 is already in drawn.
Draw a new random number, cause 1561 is already in drawn.
Draw a new random number, cause 309 is already in drawn.
Draw a new random number, cause 868 is already in drawn.
Draw a new random number, cause 1964 is already in drawn.
Draw a new random number, cause 610 is already in drawn.
Draw a new random number, cause 1795 is already in drawn.
Draw a new random number, cause 186 is already in drawn.
Draw a new random number, cause 2109 is already in drawn.
Draw a new random number, cause 2177 is already in drawn.
Draw a new random number, cause 379 is already in drawn.
Draw a new random number, cause 748 is already in drawn.
Draw a new random number, cause 1804 is already in drawn.
Draw a new random number, cause 2162 is already in drawn.
Draw a new random number, cause 1680 is already in drawn.
Draw a new random number, cause 1300 is already in drawn.
Draw a new random number, cause 1255 is already in drawn.
Draw a new random number, cause 785 is already in drawn.
Draw a new random number, cause 348 is already in drawn.
Draw a new random number, cause 2192 is already in drawn.
Draw a new random number, cause 478 is already in drawn.
Draw a new random number, cause 1736 is already in drawn.
Draw a new random number, cause 196 is already in drawn.
Draw a new random number, cause 1005 is already in drawn.
Draw a new random number, cause 1403 is already in drawn.
Draw a new random number, cause 1149 is already in drawn.
Draw a new random number, cause 804 is already in drawn.
Draw a new random number, cause 937 is already in drawn.
Draw a new random number, cause 10 is already in drawn.
Draw a new random number, cause 1139 is already in drawn.
Draw a new random number, cause 1349 is already in drawn.
Draw a new random number, cause 1216 is already in drawn.
Draw a new random number, cause 77 is already in drawn.
Draw a new random number, cause 539 is already in drawn.
Draw a new random number, cause 1325 is already in drawn.
Draw a new random number, cause 871 is already in drawn.
Draw a new random number, cause 2329 is already in drawn.
Draw a new random number, cause 1965 is already in drawn.
Draw a new random number, cause 2142 is already in drawn.
Draw a new random number, cause 1736 is already in drawn.
Draw a new random number, cause 1315 is already in drawn.
Draw a new random number, cause 1096 is already in drawn.
Draw a new random number, cause 1539 is already in drawn.
Draw a new random number, cause 1388 is already in drawn.
Draw a new random number, cause 194 is already in drawn.
Draw a new random number, cause 1385 is already in drawn.
Draw a new random number, cause 1199 is already in drawn.
Draw a new random number, cause 863 is already in drawn.
Draw a new random number, cause 1571 is already in drawn.
Draw a new random number, cause 1915 is already in drawn.
Draw a new random number, cause 1172 is already in drawn.
Draw a new random number, cause 1529 is already in drawn.
Draw a new random number, cause 1451 is already in drawn.
Draw a new random number, cause 762 is already in drawn.
Draw a new random number, cause 547 is already in drawn.
Draw a new random number, cause 120 is already in drawn.
Draw a new random number, cause 1622 is already in drawn.
Draw a new random number, cause 277 is already in drawn.
Draw a new random number, cause 1483 is already in drawn.
Draw a new random number, cause 2278 is already in drawn.
Draw a new random number, cause 1837 is already in drawn.
Draw a new random number, cause 1654 is already in drawn.
Draw a new random number, cause 1385 is already in drawn.
Draw a new random number, cause 771 is already in drawn.
Draw a new random number, cause 2282 is already in drawn.
Draw a new random number, cause 731 is already in drawn.
Draw a new random number, cause 2137 is already in drawn.
Draw a new random number, cause 367 is already in drawn.
Draw a new random number, cause 373 is already in drawn.
Draw a new random number, cause 338 is already in drawn.
Draw a new random number, cause 585 is already in drawn.
Draw a new random number, cause 184 is already in drawn.
Draw a new random number, cause 1297 is already in drawn.
Draw a new random number, cause 1054 is already in drawn.
Draw a new random number, cause 1465 is already in drawn.
Draw a new random number, cause 1918 is already in drawn.
Draw a new random number, cause 1711 is already in drawn.
Draw a new random number, cause 742 is already in drawn.
Draw a new random number, cause 1947 is already in drawn.
Draw a new random number, cause 275 is already in drawn.
Draw a new random number, cause 1793 is already in drawn.
Draw a new random number, cause 1399 is already in drawn.
Draw a new random number, cause 1836 is already in drawn.
Draw a new random number, cause 1066 is already in drawn.
Draw a new random number, cause 349 is already in drawn.
Draw a new random number, cause 2337 is already in drawn.
Draw a new random number, cause 1863 is already in drawn.
Draw a new random number, cause 1160 is already in drawn.
Draw a new random number, cause 1713 is already in drawn.
Draw a new random number, cause 587 is already in drawn.
Draw a new random number, cause 1929 is already in drawn.
Draw a new random number, cause 1358 is already in drawn.
Draw a new random number, cause 1014 is already in drawn.
Draw a new random number, cause 2280 is already in drawn.
Draw a new random number, cause 2287 is already in drawn.
Draw a new random number, cause 62 is already in drawn.
Draw a new random number, cause 1389 is already in drawn.
Draw a new random number, cause 360 is already in drawn.
Draw a new random number, cause 235 is already in drawn.
Draw a new random number, cause 198 is already in drawn.
Draw a new random number, cause 1240 is already in drawn.
Draw a new random number, cause 1631 is already in drawn.
Draw a new random number, cause 662 is already in drawn.
Draw a new random number, cause 1588 is already in drawn.
Draw a new random number, cause 2169 is already in drawn.
Draw a new random number, cause 2216 is already in drawn.
Draw a new random number, cause 1933 is already in drawn.
Draw a new random number, cause 2164 is already in drawn.
Draw a new random number, cause 1323 is already in drawn.
Draw a new random number, cause 1838 is already in drawn.
Draw a new random number, cause 1581 is already in drawn.
Draw a new random number, cause 2056 is already in drawn.
Draw a new random number, cause 581 is already in drawn.
Draw a new random number, cause 388 is already in drawn.
Draw a new random number, cause 397 is already in drawn.
28 drawn configurations were invalid
command: clean-sampling
command: clean-global
