Current machine learning settings: epsilon:0 lossFunction:RELATIVE parallelization:True bagging:False baggingNumbers:3 considerEpsilonTube:False baggingTestDataFraction:50 useBackward:False abortError:1 limitFeatureSize:False featureSizeTreshold:4 quadraticFunctionSupport:True crossValidation:False crossValidation-k:5 learn-logFunction:False learn-accumulatedLogFunction:False learn-asymFunction:False learn-ratioFunction:False learn-mirrowedFunction:False learn-numeric-disabled:True numberOfRounds:70 backwardErrorDelta:1 minImprovementPerRound:0.1 withHierarchy:False bruteForceCandidates:False ignoreBadFeatures:False stopOnLongRound:True candidateSizePenalty:True learnTimeLimit:00:00:00 scoreMeasure:RELERROR outputRoundsToStdout:False debug:False pythonInfluenceAnalysis:False blacklisted: 
command: solver z3
command: vm /scratch/kallistos/Distance-Based_Data/SupplementaryWebsite/MeasuredPerformanceValues/Dune/FeatureModel.xml
Warning: Variability model contains outdated notation. Children nodes will no longer have effect on the model. Instead use the parent node to describe the parent of an configuration option. You can also use the converter providedby the Variability Model GUI in export>convert legacy model.
command: all /scratch/kallistos/Distance-Based_Data/SupplementaryWebsite/MeasuredPerformanceValues/Dune/measurements.xml
Configs with too large deviation: 0
2304 configurations loaded.
command: binary grammar-based numConfigs:1071 seed:35  confFaultsReport:./out_grammarBasedFailureReport_t3.log
command: printconfigs ./sampledConfigurations_grammarBased_t3FailureReport.csv
Number to sample: 1071; Number of Configurations in Grammar: 2352
Draw a new random number, cause 423 is already in drawn.
Draw a new random number, cause 503 is already in drawn.
Draw a new random number, cause 2036 is already in drawn.
Draw a new random number, cause 1863 is already in drawn.
Draw a new random number, cause 317 is already in drawn.
Draw a new random number, cause 2296 is already in drawn.
Draw a new random number, cause 1022 is already in drawn.
Draw a new random number, cause 388 is already in drawn.
Draw a new random number, cause 792 is already in drawn.
Draw a new random number, cause 803 is already in drawn.
Draw a new random number, cause 1147 is already in drawn.
Draw a new random number, cause 1355 is already in drawn.
Draw a new random number, cause 304 is already in drawn.
Draw a new random number, cause 60 is already in drawn.
Draw a new random number, cause 2344 is already in drawn.
Draw a new random number, cause 1449 is already in drawn.
Draw a new random number, cause 907 is already in drawn.
Draw a new random number, cause 658 is already in drawn.
Draw a new random number, cause 780 is already in drawn.
Draw a new random number, cause 842 is already in drawn.
Draw a new random number, cause 1160 is already in drawn.
Draw a new random number, cause 1196 is already in drawn.
Draw a new random number, cause 47 is already in drawn.
Draw a new random number, cause 1196 is already in drawn.
Draw a new random number, cause 439 is already in drawn.
Draw a new random number, cause 1469 is already in drawn.
Draw a new random number, cause 1958 is already in drawn.
Draw a new random number, cause 412 is already in drawn.
Draw a new random number, cause 832 is already in drawn.
Draw a new random number, cause 91 is already in drawn.
Draw a new random number, cause 1341 is already in drawn.
Draw a new random number, cause 186 is already in drawn.
Draw a new random number, cause 2103 is already in drawn.
Draw a new random number, cause 780 is already in drawn.
Draw a new random number, cause 2220 is already in drawn.
Draw a new random number, cause 167 is already in drawn.
Draw a new random number, cause 1975 is already in drawn.
Draw a new random number, cause 1464 is already in drawn.
Draw a new random number, cause 1864 is already in drawn.
Draw a new random number, cause 2039 is already in drawn.
Draw a new random number, cause 1581 is already in drawn.
Draw a new random number, cause 1309 is already in drawn.
Draw a new random number, cause 978 is already in drawn.
Draw a new random number, cause 616 is already in drawn.
Draw a new random number, cause 1064 is already in drawn.
Draw a new random number, cause 989 is already in drawn.
Draw a new random number, cause 579 is already in drawn.
Draw a new random number, cause 2088 is already in drawn.
Draw a new random number, cause 1451 is already in drawn.
Draw a new random number, cause 2254 is already in drawn.
Draw a new random number, cause 187 is already in drawn.
Draw a new random number, cause 828 is already in drawn.
Draw a new random number, cause 135 is already in drawn.
Draw a new random number, cause 1042 is already in drawn.
Draw a new random number, cause 1391 is already in drawn.
Draw a new random number, cause 973 is already in drawn.
Draw a new random number, cause 182 is already in drawn.
Draw a new random number, cause 315 is already in drawn.
Draw a new random number, cause 1279 is already in drawn.
Draw a new random number, cause 1863 is already in drawn.
Draw a new random number, cause 1721 is already in drawn.
Draw a new random number, cause 1440 is already in drawn.
Draw a new random number, cause 1446 is already in drawn.
Draw a new random number, cause 359 is already in drawn.
Draw a new random number, cause 118 is already in drawn.
Draw a new random number, cause 671 is already in drawn.
Draw a new random number, cause 550 is already in drawn.
Draw a new random number, cause 168 is already in drawn.
Draw a new random number, cause 371 is already in drawn.
Draw a new random number, cause 1714 is already in drawn.
Draw a new random number, cause 976 is already in drawn.
Draw a new random number, cause 2136 is already in drawn.
Draw a new random number, cause 769 is already in drawn.
Draw a new random number, cause 689 is already in drawn.
Draw a new random number, cause 1546 is already in drawn.
Draw a new random number, cause 2174 is already in drawn.
Draw a new random number, cause 1890 is already in drawn.
Draw a new random number, cause 321 is already in drawn.
Draw a new random number, cause 1887 is already in drawn.
Draw a new random number, cause 2086 is already in drawn.
Draw a new random number, cause 187 is already in drawn.
Draw a new random number, cause 1309 is already in drawn.
Draw a new random number, cause 1261 is already in drawn.
Draw a new random number, cause 1868 is already in drawn.
Draw a new random number, cause 2211 is already in drawn.
Draw a new random number, cause 332 is already in drawn.
Draw a new random number, cause 1224 is already in drawn.
Draw a new random number, cause 421 is already in drawn.
Draw a new random number, cause 1827 is already in drawn.
Draw a new random number, cause 873 is already in drawn.
Draw a new random number, cause 1643 is already in drawn.
Draw a new random number, cause 1129 is already in drawn.
Draw a new random number, cause 1653 is already in drawn.
Draw a new random number, cause 91 is already in drawn.
Draw a new random number, cause 1989 is already in drawn.
Draw a new random number, cause 1714 is already in drawn.
Draw a new random number, cause 1964 is already in drawn.
Draw a new random number, cause 778 is already in drawn.
Draw a new random number, cause 976 is already in drawn.
Draw a new random number, cause 1975 is already in drawn.
Draw a new random number, cause 1357 is already in drawn.
Draw a new random number, cause 1073 is already in drawn.
Draw a new random number, cause 1494 is already in drawn.
Draw a new random number, cause 1326 is already in drawn.
Draw a new random number, cause 419 is already in drawn.
Draw a new random number, cause 1511 is already in drawn.
Draw a new random number, cause 1886 is already in drawn.
Draw a new random number, cause 307 is already in drawn.
Draw a new random number, cause 62 is already in drawn.
Draw a new random number, cause 1774 is already in drawn.
Draw a new random number, cause 1823 is already in drawn.
Draw a new random number, cause 2109 is already in drawn.
Draw a new random number, cause 528 is already in drawn.
Draw a new random number, cause 907 is already in drawn.
Draw a new random number, cause 1510 is already in drawn.
Draw a new random number, cause 1173 is already in drawn.
Draw a new random number, cause 254 is already in drawn.
Draw a new random number, cause 1155 is already in drawn.
Draw a new random number, cause 1452 is already in drawn.
Draw a new random number, cause 2103 is already in drawn.
Draw a new random number, cause 1162 is already in drawn.
Draw a new random number, cause 2020 is already in drawn.
Draw a new random number, cause 537 is already in drawn.
Draw a new random number, cause 765 is already in drawn.
Draw a new random number, cause 449 is already in drawn.
Draw a new random number, cause 1602 is already in drawn.
Draw a new random number, cause 1599 is already in drawn.
Draw a new random number, cause 2039 is already in drawn.
Draw a new random number, cause 2136 is already in drawn.
Draw a new random number, cause 1319 is already in drawn.
Draw a new random number, cause 2036 is already in drawn.
Draw a new random number, cause 163 is already in drawn.
Draw a new random number, cause 1859 is already in drawn.
Draw a new random number, cause 1364 is already in drawn.
Draw a new random number, cause 1100 is already in drawn.
Draw a new random number, cause 60 is already in drawn.
Draw a new random number, cause 1268 is already in drawn.
Draw a new random number, cause 382 is already in drawn.
Draw a new random number, cause 1612 is already in drawn.
Draw a new random number, cause 705 is already in drawn.
Draw a new random number, cause 47 is already in drawn.
Draw a new random number, cause 386 is already in drawn.
Draw a new random number, cause 967 is already in drawn.
Draw a new random number, cause 237 is already in drawn.
Draw a new random number, cause 256 is already in drawn.
Draw a new random number, cause 786 is already in drawn.
Draw a new random number, cause 254 is already in drawn.
Draw a new random number, cause 1436 is already in drawn.
Draw a new random number, cause 134 is already in drawn.
Draw a new random number, cause 1836 is already in drawn.
Draw a new random number, cause 412 is already in drawn.
Draw a new random number, cause 723 is already in drawn.
Draw a new random number, cause 336 is already in drawn.
Draw a new random number, cause 2279 is already in drawn.
Draw a new random number, cause 750 is already in drawn.
Draw a new random number, cause 1057 is already in drawn.
Draw a new random number, cause 2143 is already in drawn.
Draw a new random number, cause 276 is already in drawn.
Draw a new random number, cause 495 is already in drawn.
Draw a new random number, cause 89 is already in drawn.
Draw a new random number, cause 2158 is already in drawn.
Draw a new random number, cause 595 is already in drawn.
Draw a new random number, cause 1360 is already in drawn.
Draw a new random number, cause 327 is already in drawn.
Draw a new random number, cause 1891 is already in drawn.
Draw a new random number, cause 685 is already in drawn.
Draw a new random number, cause 254 is already in drawn.
Draw a new random number, cause 123 is already in drawn.
Draw a new random number, cause 1195 is already in drawn.
Draw a new random number, cause 417 is already in drawn.
Draw a new random number, cause 57 is already in drawn.
Draw a new random number, cause 255 is already in drawn.
Draw a new random number, cause 370 is already in drawn.
Draw a new random number, cause 1739 is already in drawn.
Draw a new random number, cause 528 is already in drawn.
Draw a new random number, cause 1335 is already in drawn.
Draw a new random number, cause 1402 is already in drawn.
Draw a new random number, cause 1053 is already in drawn.
Draw a new random number, cause 2101 is already in drawn.
Draw a new random number, cause 792 is already in drawn.
Draw a new random number, cause 1707 is already in drawn.
Draw a new random number, cause 1946 is already in drawn.
Draw a new random number, cause 115 is already in drawn.
Draw a new random number, cause 1239 is already in drawn.
Draw a new random number, cause 1887 is already in drawn.
Draw a new random number, cause 53 is already in drawn.
Draw a new random number, cause 1394 is already in drawn.
Draw a new random number, cause 802 is already in drawn.
Draw a new random number, cause 786 is already in drawn.
Draw a new random number, cause 1707 is already in drawn.
Draw a new random number, cause 557 is already in drawn.
Draw a new random number, cause 829 is already in drawn.
Draw a new random number, cause 317 is already in drawn.
Draw a new random number, cause 557 is already in drawn.
Draw a new random number, cause 2194 is already in drawn.
Draw a new random number, cause 1933 is already in drawn.
Draw a new random number, cause 187 is already in drawn.
Draw a new random number, cause 421 is already in drawn.
Draw a new random number, cause 1257 is already in drawn.
Draw a new random number, cause 423 is already in drawn.
Draw a new random number, cause 1763 is already in drawn.
Draw a new random number, cause 1887 is already in drawn.
Draw a new random number, cause 832 is already in drawn.
Draw a new random number, cause 697 is already in drawn.
Draw a new random number, cause 423 is already in drawn.
Draw a new random number, cause 510 is already in drawn.
Draw a new random number, cause 477 is already in drawn.
Draw a new random number, cause 805 is already in drawn.
Draw a new random number, cause 1779 is already in drawn.
Draw a new random number, cause 1129 is already in drawn.
Draw a new random number, cause 1284 is already in drawn.
Draw a new random number, cause 781 is already in drawn.
Draw a new random number, cause 1243 is already in drawn.
Draw a new random number, cause 2211 is already in drawn.
Draw a new random number, cause 1868 is already in drawn.
Draw a new random number, cause 1509 is already in drawn.
Draw a new random number, cause 1786 is already in drawn.
Draw a new random number, cause 1935 is already in drawn.
Draw a new random number, cause 1237 is already in drawn.
Draw a new random number, cause 2299 is already in drawn.
Draw a new random number, cause 2054 is already in drawn.
Draw a new random number, cause 619 is already in drawn.
Draw a new random number, cause 327 is already in drawn.
Draw a new random number, cause 1819 is already in drawn.
Draw a new random number, cause 220 is already in drawn.
Draw a new random number, cause 1111 is already in drawn.
Draw a new random number, cause 816 is already in drawn.
Draw a new random number, cause 1352 is already in drawn.
Draw a new random number, cause 2299 is already in drawn.
Draw a new random number, cause 1273 is already in drawn.
Draw a new random number, cause 1337 is already in drawn.
Draw a new random number, cause 1284 is already in drawn.
Draw a new random number, cause 1108 is already in drawn.
Draw a new random number, cause 2319 is already in drawn.
Draw a new random number, cause 1778 is already in drawn.
Draw a new random number, cause 329 is already in drawn.
Draw a new random number, cause 712 is already in drawn.
Draw a new random number, cause 792 is already in drawn.
Draw a new random number, cause 1290 is already in drawn.
Draw a new random number, cause 1208 is already in drawn.
Draw a new random number, cause 1405 is already in drawn.
Draw a new random number, cause 2230 is already in drawn.
Draw a new random number, cause 2194 is already in drawn.
Draw a new random number, cause 350 is already in drawn.
Draw a new random number, cause 1902 is already in drawn.
Draw a new random number, cause 1268 is already in drawn.
Draw a new random number, cause 338 is already in drawn.
Draw a new random number, cause 1405 is already in drawn.
Draw a new random number, cause 1789 is already in drawn.
Draw a new random number, cause 1402 is already in drawn.
Draw a new random number, cause 1546 is already in drawn.
Draw a new random number, cause 396 is already in drawn.
Draw a new random number, cause 2018 is already in drawn.
Draw a new random number, cause 1830 is already in drawn.
Draw a new random number, cause 1290 is already in drawn.
Draw a new random number, cause 1537 is already in drawn.
Draw a new random number, cause 1700 is already in drawn.
Draw a new random number, cause 1428 is already in drawn.
Draw a new random number, cause 12 is already in drawn.
Draw a new random number, cause 184 is already in drawn.
Draw a new random number, cause 1286 is already in drawn.
Draw a new random number, cause 827 is already in drawn.
Draw a new random number, cause 1596 is already in drawn.
Draw a new random number, cause 1337 is already in drawn.
Draw a new random number, cause 1131 is already in drawn.
Draw a new random number, cause 378 is already in drawn.
Draw a new random number, cause 1230 is already in drawn.
Draw a new random number, cause 1595 is already in drawn.
Draw a new random number, cause 2216 is already in drawn.
Draw a new random number, cause 2209 is already in drawn.
Draw a new random number, cause 533 is already in drawn.
Draw a new random number, cause 518 is already in drawn.
Draw a new random number, cause 409 is already in drawn.
Draw a new random number, cause 2348 is already in drawn.
Draw a new random number, cause 101 is already in drawn.
Draw a new random number, cause 268 is already in drawn.
Draw a new random number, cause 1404 is already in drawn.
Draw a new random number, cause 1665 is already in drawn.
Draw a new random number, cause 1998 is already in drawn.
Draw a new random number, cause 204 is already in drawn.
Draw a new random number, cause 200 is already in drawn.
Draw a new random number, cause 1156 is already in drawn.
Draw a new random number, cause 1763 is already in drawn.
Draw a new random number, cause 1133 is already in drawn.
Draw a new random number, cause 77 is already in drawn.
Draw a new random number, cause 1867 is already in drawn.
Draw a new random number, cause 1404 is already in drawn.
Draw a new random number, cause 1713 is already in drawn.
Draw a new random number, cause 1008 is already in drawn.
Draw a new random number, cause 2088 is already in drawn.
Draw a new random number, cause 132 is already in drawn.
Draw a new random number, cause 1729 is already in drawn.
Draw a new random number, cause 1786 is already in drawn.
Draw a new random number, cause 686 is already in drawn.
Draw a new random number, cause 1944 is already in drawn.
Draw a new random number, cause 1595 is already in drawn.
Draw a new random number, cause 983 is already in drawn.
Draw a new random number, cause 2216 is already in drawn.
Draw a new random number, cause 1539 is already in drawn.
Draw a new random number, cause 1237 is already in drawn.
Draw a new random number, cause 869 is already in drawn.
Draw a new random number, cause 314 is already in drawn.
Draw a new random number, cause 1640 is already in drawn.
Draw a new random number, cause 844 is already in drawn.
Draw a new random number, cause 377 is already in drawn.
Draw a new random number, cause 1558 is already in drawn.
Draw a new random number, cause 424 is already in drawn.
Draw a new random number, cause 981 is already in drawn.
Draw a new random number, cause 894 is already in drawn.
Draw a new random number, cause 1016 is already in drawn.
Draw a new random number, cause 811 is already in drawn.
Draw a new random number, cause 223 is already in drawn.
Draw a new random number, cause 610 is already in drawn.
Draw a new random number, cause 64 is already in drawn.
Draw a new random number, cause 915 is already in drawn.
Draw a new random number, cause 175 is already in drawn.
Draw a new random number, cause 410 is already in drawn.
Draw a new random number, cause 1146 is already in drawn.
Draw a new random number, cause 2169 is already in drawn.
Draw a new random number, cause 88 is already in drawn.
Draw a new random number, cause 2130 is already in drawn.
Draw a new random number, cause 746 is already in drawn.
Draw a new random number, cause 386 is already in drawn.
Draw a new random number, cause 1726 is already in drawn.
Draw a new random number, cause 1171 is already in drawn.
Draw a new random number, cause 57 is already in drawn.
Draw a new random number, cause 1939 is already in drawn.
Draw a new random number, cause 1441 is already in drawn.
Draw a new random number, cause 537 is already in drawn.
Draw a new random number, cause 508 is already in drawn.
Draw a new random number, cause 1562 is already in drawn.
Draw a new random number, cause 1686 is already in drawn.
Draw a new random number, cause 152 is already in drawn.
Draw a new random number, cause 758 is already in drawn.
Draw a new random number, cause 1958 is already in drawn.
Draw a new random number, cause 65 is already in drawn.
Draw a new random number, cause 1783 is already in drawn.
Draw a new random number, cause 326 is already in drawn.
Draw a new random number, cause 327 is already in drawn.
Draw a new random number, cause 2164 is already in drawn.
Draw a new random number, cause 1672 is already in drawn.
Draw a new random number, cause 500 is already in drawn.
Draw a new random number, cause 689 is already in drawn.
Draw a new random number, cause 1411 is already in drawn.
Draw a new random number, cause 2247 is already in drawn.
Draw a new random number, cause 1051 is already in drawn.
Draw a new random number, cause 1461 is already in drawn.
Draw a new random number, cause 1451 is already in drawn.
Draw a new random number, cause 791 is already in drawn.
Draw a new random number, cause 2344 is already in drawn.
Draw a new random number, cause 1612 is already in drawn.
Draw a new random number, cause 1234 is already in drawn.
Draw a new random number, cause 783 is already in drawn.
Draw a new random number, cause 287 is already in drawn.
Draw a new random number, cause 1428 is already in drawn.
26 drawn configurations were invalid
command: clean-sampling
command: clean-global
