Current machine learning settings: epsilon:0 lossFunction:RELATIVE parallelization:True bagging:False baggingNumbers:3 considerEpsilonTube:False baggingTestDataFraction:50 useBackward:False abortError:1 limitFeatureSize:False featureSizeTreshold:4 quadraticFunctionSupport:True crossValidation:False crossValidation-k:5 learn-logFunction:False learn-accumulatedLogFunction:False learn-asymFunction:False learn-ratioFunction:False learn-mirrowedFunction:False learn-numeric-disabled:True numberOfRounds:70 backwardErrorDelta:1 minImprovementPerRound:0.1 withHierarchy:False bruteForceCandidates:False ignoreBadFeatures:False stopOnLongRound:True candidateSizePenalty:True learnTimeLimit:00:00:00 scoreMeasure:RELERROR outputRoundsToStdout:False debug:False pythonInfluenceAnalysis:False blacklisted: 
command: solver z3
command: vm /scratch/kallistos/Distance-Based_Data/SupplementaryWebsite/MeasuredPerformanceValues/Hipacc/FeatureModel.xml
Warning: Variability model contains outdated notation. Children nodes will no longer have effect on the model. Instead use the parent node to describe the parent of an configuration option. You can also use the converter providedby the Variability Model GUI in export>convert legacy model.
Warning: Default value nodes in models are no longer used and should be removed. You can also use the converter provided by the Variability Model GUI in export>convert legacy model to update your model.
command: all /scratch/kallistos/Distance-Based_Data/SupplementaryWebsite/MeasuredPerformanceValues/Hipacc/measurements.xml
Configs with too large deviation: 0
13485 configurations loaded.
command: binary grammar-based numConfigs:4601 seed:9  confFaultsReport:./out_grammarBasedFailureReport_t3.log
command: printconfigs ./sampledConfigurations_grammarBased_t3FailureReport.csv
Number to sample: 4601; Number of Configurations in Grammar: 28560
Draw a new random number, cause 16189 is already in drawn.
Draw a new random number, cause 20620 is already in drawn.
Draw a new random number, cause 25638 is already in drawn.
Draw a new random number, cause 17439 is already in drawn.
Draw a new random number, cause 25730 is already in drawn.
Draw a new random number, cause 26282 is already in drawn.
Draw a new random number, cause 22262 is already in drawn.
Draw a new random number, cause 15716 is already in drawn.
Draw a new random number, cause 1379 is already in drawn.
Draw a new random number, cause 2265 is already in drawn.
Draw a new random number, cause 26745 is already in drawn.
Draw a new random number, cause 26746 is already in drawn.
Draw a new random number, cause 15870 is already in drawn.
Draw a new random number, cause 25715 is already in drawn.
Draw a new random number, cause 2523 is already in drawn.
Draw a new random number, cause 20161 is already in drawn.
Draw a new random number, cause 27182 is already in drawn.
Draw a new random number, cause 27753 is already in drawn.
Draw a new random number, cause 20874 is already in drawn.
Draw a new random number, cause 22694 is already in drawn.
Draw a new random number, cause 15780 is already in drawn.
Draw a new random number, cause 15780 is already in drawn.
Draw a new random number, cause 20311 is already in drawn.
Draw a new random number, cause 20130 is already in drawn.
Draw a new random number, cause 20559 is already in drawn.
Draw a new random number, cause 28552 is already in drawn.
Draw a new random number, cause 22245 is already in drawn.
Draw a new random number, cause 19927 is already in drawn.
Draw a new random number, cause 16891 is already in drawn.
Draw a new random number, cause 2669 is already in drawn.
Draw a new random number, cause 15870 is already in drawn.
Draw a new random number, cause 2229 is already in drawn.
Draw a new random number, cause 15983 is already in drawn.
Draw a new random number, cause 558 is already in drawn.
Draw a new random number, cause 20142 is already in drawn.
Draw a new random number, cause 18014 is already in drawn.
Draw a new random number, cause 24208 is already in drawn.
Draw a new random number, cause 27064 is already in drawn.
Draw a new random number, cause 26202 is already in drawn.
Draw a new random number, cause 20697 is already in drawn.
Draw a new random number, cause 22614 is already in drawn.
Draw a new random number, cause 17264 is already in drawn.
Draw a new random number, cause 2729 is already in drawn.
Draw a new random number, cause 9521 is already in drawn.
Draw a new random number, cause 2767 is already in drawn.
Draw a new random number, cause 18730 is already in drawn.
Draw a new random number, cause 20146 is already in drawn.
Draw a new random number, cause 19361 is already in drawn.
Draw a new random number, cause 26513 is already in drawn.
Draw a new random number, cause 15466 is already in drawn.
Draw a new random number, cause 28539 is already in drawn.
Draw a new random number, cause 15522 is already in drawn.
Draw a new random number, cause 28268 is already in drawn.
Draw a new random number, cause 17287 is already in drawn.
Draw a new random number, cause 26970 is already in drawn.
Draw a new random number, cause 17318 is already in drawn.
Draw a new random number, cause 20146 is already in drawn.
Draw a new random number, cause 21577 is already in drawn.
Draw a new random number, cause 153 is already in drawn.
Draw a new random number, cause 22671 is already in drawn.
Draw a new random number, cause 16217 is already in drawn.
Draw a new random number, cause 26390 is already in drawn.
Draw a new random number, cause 21578 is already in drawn.
Draw a new random number, cause 25821 is already in drawn.
Draw a new random number, cause 15411 is already in drawn.
Draw a new random number, cause 17883 is already in drawn.
Draw a new random number, cause 19803 is already in drawn.
Draw a new random number, cause 8976 is already in drawn.
Draw a new random number, cause 16968 is already in drawn.
Draw a new random number, cause 27976 is already in drawn.
Draw a new random number, cause 26282 is already in drawn.
Draw a new random number, cause 16258 is already in drawn.
Draw a new random number, cause 21496 is already in drawn.
Draw a new random number, cause 27332 is already in drawn.
Draw a new random number, cause 16247 is already in drawn.
Draw a new random number, cause 18750 is already in drawn.
Draw a new random number, cause 25895 is already in drawn.
Draw a new random number, cause 15149 is already in drawn.
Draw a new random number, cause 16008 is already in drawn.
Draw a new random number, cause 178 is already in drawn.
Draw a new random number, cause 22816 is already in drawn.
Draw a new random number, cause 20851 is already in drawn.
Draw a new random number, cause 969 is already in drawn.
Draw a new random number, cause 14968 is already in drawn.
Draw a new random number, cause 1355 is already in drawn.
Draw a new random number, cause 16208 is already in drawn.
Draw a new random number, cause 27079 is already in drawn.
Draw a new random number, cause 1009 is already in drawn.
Draw a new random number, cause 16476 is already in drawn.
Draw a new random number, cause 26069 is already in drawn.
Draw a new random number, cause 22002 is already in drawn.
Draw a new random number, cause 22313 is already in drawn.
Draw a new random number, cause 16247 is already in drawn.
Draw a new random number, cause 1366 is already in drawn.
Draw a new random number, cause 16484 is already in drawn.
Draw a new random number, cause 968 is already in drawn.
Draw a new random number, cause 8841 is already in drawn.
Draw a new random number, cause 15220 is already in drawn.
Draw a new random number, cause 15430 is already in drawn.
Draw a new random number, cause 15808 is already in drawn.
Draw a new random number, cause 16563 is already in drawn.
Draw a new random number, cause 21438 is already in drawn.
Draw a new random number, cause 14801 is already in drawn.
Draw a new random number, cause 15468 is already in drawn.
Draw a new random number, cause 699 is already in drawn.
Draw a new random number, cause 14591 is already in drawn.
Draw a new random number, cause 18529 is already in drawn.
Draw a new random number, cause 28508 is already in drawn.
Draw a new random number, cause 15310 is already in drawn.
Draw a new random number, cause 808 is already in drawn.
Draw a new random number, cause 26326 is already in drawn.
Draw a new random number, cause 19608 is already in drawn.
Draw a new random number, cause 25925 is already in drawn.
Draw a new random number, cause 15837 is already in drawn.
Draw a new random number, cause 20740 is already in drawn.
Draw a new random number, cause 22005 is already in drawn.
Draw a new random number, cause 15621 is already in drawn.
Draw a new random number, cause 18359 is already in drawn.
Draw a new random number, cause 16931 is already in drawn.
Draw a new random number, cause 19840 is already in drawn.
Draw a new random number, cause 15165 is already in drawn.
Draw a new random number, cause 14790 is already in drawn.
Draw a new random number, cause 17821 is already in drawn.
Draw a new random number, cause 1206 is already in drawn.
Draw a new random number, cause 1601 is already in drawn.
Draw a new random number, cause 14530 is already in drawn.
Draw a new random number, cause 22637 is already in drawn.
Draw a new random number, cause 1479 is already in drawn.
Draw a new random number, cause 1186 is already in drawn.
Draw a new random number, cause 17727 is already in drawn.
Draw a new random number, cause 16046 is already in drawn.
Draw a new random number, cause 1582 is already in drawn.
Draw a new random number, cause 22785 is already in drawn.
Draw a new random number, cause 26096 is already in drawn.
Draw a new random number, cause 16202 is already in drawn.
Draw a new random number, cause 14460 is already in drawn.
Draw a new random number, cause 20289 is already in drawn.
Draw a new random number, cause 27560 is already in drawn.
Draw a new random number, cause 289 is already in drawn.
Draw a new random number, cause 19766 is already in drawn.
Draw a new random number, cause 27216 is already in drawn.
Draw a new random number, cause 14748 is already in drawn.
Draw a new random number, cause 21721 is already in drawn.
Draw a new random number, cause 16217 is already in drawn.
Draw a new random number, cause 17053 is already in drawn.
Draw a new random number, cause 20880 is already in drawn.
Draw a new random number, cause 19193 is already in drawn.
Draw a new random number, cause 20099 is already in drawn.
Draw a new random number, cause 16002 is already in drawn.
Draw a new random number, cause 26748 is already in drawn.
Draw a new random number, cause 16003 is already in drawn.
Draw a new random number, cause 21612 is already in drawn.
Draw a new random number, cause 17147 is already in drawn.
Draw a new random number, cause 28348 is already in drawn.
Draw a new random number, cause 19178 is already in drawn.
Draw a new random number, cause 14764 is already in drawn.
Draw a new random number, cause 20000 is already in drawn.
Draw a new random number, cause 21764 is already in drawn.
Draw a new random number, cause 26937 is already in drawn.
Draw a new random number, cause 21589 is already in drawn.
Draw a new random number, cause 27622 is already in drawn.
Draw a new random number, cause 27320 is already in drawn.
Draw a new random number, cause 18720 is already in drawn.
Draw a new random number, cause 21132 is already in drawn.
Draw a new random number, cause 22309 is already in drawn.
Draw a new random number, cause 335 is already in drawn.
Draw a new random number, cause 21463 is already in drawn.
Draw a new random number, cause 17249 is already in drawn.
Draw a new random number, cause 28177 is already in drawn.
Draw a new random number, cause 27260 is already in drawn.
Draw a new random number, cause 656 is already in drawn.
Draw a new random number, cause 15437 is already in drawn.
Draw a new random number, cause 473 is already in drawn.
Draw a new random number, cause 19910 is already in drawn.
Draw a new random number, cause 16808 is already in drawn.
Draw a new random number, cause 2635 is already in drawn.
Draw a new random number, cause 19689 is already in drawn.
Draw a new random number, cause 26272 is already in drawn.
Draw a new random number, cause 529 is already in drawn.
Draw a new random number, cause 1136 is already in drawn.
Draw a new random number, cause 20875 is already in drawn.
Draw a new random number, cause 20873 is already in drawn.
Draw a new random number, cause 27372 is already in drawn.
Draw a new random number, cause 17500 is already in drawn.
Draw a new random number, cause 1172 is already in drawn.
Draw a new random number, cause 26164 is already in drawn.
Draw a new random number, cause 22506 is already in drawn.
Draw a new random number, cause 20902 is already in drawn.
Draw a new random number, cause 2277 is already in drawn.
Draw a new random number, cause 26584 is already in drawn.
Draw a new random number, cause 15983 is already in drawn.
Draw a new random number, cause 18333 is already in drawn.
Draw a new random number, cause 18013 is already in drawn.
Draw a new random number, cause 18200 is already in drawn.
Draw a new random number, cause 22452 is already in drawn.
Draw a new random number, cause 15236 is already in drawn.
Draw a new random number, cause 27770 is already in drawn.
Draw a new random number, cause 2475 is already in drawn.
Draw a new random number, cause 27332 is already in drawn.
Draw a new random number, cause 21322 is already in drawn.
Draw a new random number, cause 21116 is already in drawn.
Draw a new random number, cause 15401 is already in drawn.
Draw a new random number, cause 1219 is already in drawn.
Draw a new random number, cause 173 is already in drawn.
Draw a new random number, cause 572 is already in drawn.
Draw a new random number, cause 17846 is already in drawn.
Draw a new random number, cause 18592 is already in drawn.
Draw a new random number, cause 2084 is already in drawn.
Draw a new random number, cause 20835 is already in drawn.
Draw a new random number, cause 15729 is already in drawn.
Draw a new random number, cause 17796 is already in drawn.
Draw a new random number, cause 15200 is already in drawn.
Draw a new random number, cause 20032 is already in drawn.
Draw a new random number, cause 16195 is already in drawn.
Draw a new random number, cause 251 is already in drawn.
Draw a new random number, cause 22445 is already in drawn.
Draw a new random number, cause 27704 is already in drawn.
Draw a new random number, cause 16093 is already in drawn.
Draw a new random number, cause 1069 is already in drawn.
Draw a new random number, cause 1797 is already in drawn.
Draw a new random number, cause 15062 is already in drawn.
Draw a new random number, cause 18732 is already in drawn.
Draw a new random number, cause 20648 is already in drawn.
Draw a new random number, cause 27633 is already in drawn.
Draw a new random number, cause 26617 is already in drawn.
Draw a new random number, cause 15584 is already in drawn.
Draw a new random number, cause 1692 is already in drawn.
Draw a new random number, cause 1142 is already in drawn.
Draw a new random number, cause 20730 is already in drawn.
Draw a new random number, cause 21496 is already in drawn.
Draw a new random number, cause 25816 is already in drawn.
Draw a new random number, cause 25940 is already in drawn.
Draw a new random number, cause 15804 is already in drawn.
Draw a new random number, cause 20818 is already in drawn.
Draw a new random number, cause 22035 is already in drawn.
Draw a new random number, cause 20408 is already in drawn.
Draw a new random number, cause 18447 is already in drawn.
Draw a new random number, cause 2128 is already in drawn.
Draw a new random number, cause 903 is already in drawn.
Draw a new random number, cause 26343 is already in drawn.
Draw a new random number, cause 14827 is already in drawn.
Draw a new random number, cause 16078 is already in drawn.
Draw a new random number, cause 345 is already in drawn.
Draw a new random number, cause 1186 is already in drawn.
Draw a new random number, cause 27976 is already in drawn.
Draw a new random number, cause 25771 is already in drawn.
Draw a new random number, cause 18121 is already in drawn.
Draw a new random number, cause 14317 is already in drawn.
Draw a new random number, cause 2196 is already in drawn.
Draw a new random number, cause 22243 is already in drawn.
Draw a new random number, cause 15165 is already in drawn.
Draw a new random number, cause 20411 is already in drawn.
Draw a new random number, cause 1892 is already in drawn.
Draw a new random number, cause 21952 is already in drawn.
Draw a new random number, cause 18137 is already in drawn.
Draw a new random number, cause 20005 is already in drawn.
Draw a new random number, cause 306 is already in drawn.
Draw a new random number, cause 15090 is already in drawn.
Draw a new random number, cause 20585 is already in drawn.
Draw a new random number, cause 27178 is already in drawn.
Draw a new random number, cause 17154 is already in drawn.
Draw a new random number, cause 53 is already in drawn.
Draw a new random number, cause 27450 is already in drawn.
Draw a new random number, cause 2038 is already in drawn.
Draw a new random number, cause 22489 is already in drawn.
Draw a new random number, cause 18064 is already in drawn.
Draw a new random number, cause 22136 is already in drawn.
Draw a new random number, cause 27179 is already in drawn.
Draw a new random number, cause 16948 is already in drawn.
Draw a new random number, cause 16802 is already in drawn.
Draw a new random number, cause 18354 is already in drawn.
Draw a new random number, cause 404 is already in drawn.
Draw a new random number, cause 28205 is already in drawn.
Draw a new random number, cause 15716 is already in drawn.
Draw a new random number, cause 20730 is already in drawn.
Draw a new random number, cause 22987 is already in drawn.
Draw a new random number, cause 20171 is already in drawn.
Draw a new random number, cause 286 is already in drawn.
Draw a new random number, cause 27633 is already in drawn.
Draw a new random number, cause 22325 is already in drawn.
Draw a new random number, cause 15906 is already in drawn.
Draw a new random number, cause 28249 is already in drawn.
Draw a new random number, cause 14429 is already in drawn.
Draw a new random number, cause 15181 is already in drawn.
Draw a new random number, cause 20124 is already in drawn.
Draw a new random number, cause 25805 is already in drawn.
Draw a new random number, cause 16936 is already in drawn.
Draw a new random number, cause 20514 is already in drawn.
Draw a new random number, cause 21165 is already in drawn.
Draw a new random number, cause 1548 is already in drawn.
Draw a new random number, cause 18750 is already in drawn.
Draw a new random number, cause 22776 is already in drawn.
Draw a new random number, cause 22256 is already in drawn.
Draw a new random number, cause 15191 is already in drawn.
Draw a new random number, cause 14466 is already in drawn.
Draw a new random number, cause 20038 is already in drawn.
Draw a new random number, cause 22225 is already in drawn.
Draw a new random number, cause 17728 is already in drawn.
Draw a new random number, cause 21290 is already in drawn.
Draw a new random number, cause 22274 is already in drawn.
Draw a new random number, cause 19516 is already in drawn.
Draw a new random number, cause 22361 is already in drawn.
Draw a new random number, cause 1963 is already in drawn.
Draw a new random number, cause 23258 is already in drawn.
Draw a new random number, cause 17018 is already in drawn.
Draw a new random number, cause 1905 is already in drawn.
Draw a new random number, cause 14692 is already in drawn.
Draw a new random number, cause 21268 is already in drawn.
Draw a new random number, cause 27181 is already in drawn.
Draw a new random number, cause 16508 is already in drawn.
Draw a new random number, cause 19388 is already in drawn.
Draw a new random number, cause 53 is already in drawn.
Draw a new random number, cause 15664 is already in drawn.
Draw a new random number, cause 21705 is already in drawn.
Draw a new random number, cause 17392 is already in drawn.
Draw a new random number, cause 2332 is already in drawn.
Draw a new random number, cause 19320 is already in drawn.
Draw a new random number, cause 24890 is already in drawn.
Draw a new random number, cause 2664 is already in drawn.
Draw a new random number, cause 16303 is already in drawn.
Draw a new random number, cause 15996 is already in drawn.
Draw a new random number, cause 19802 is already in drawn.
Draw a new random number, cause 16948 is already in drawn.
Draw a new random number, cause 19595 is already in drawn.
Draw a new random number, cause 2709 is already in drawn.
Draw a new random number, cause 26898 is already in drawn.
Draw a new random number, cause 27966 is already in drawn.
Draw a new random number, cause 18471 is already in drawn.
Draw a new random number, cause 14310 is already in drawn.
Draw a new random number, cause 14692 is already in drawn.
Draw a new random number, cause 19422 is already in drawn.
Draw a new random number, cause 262 is already in drawn.
Draw a new random number, cause 18044 is already in drawn.
Draw a new random number, cause 22447 is already in drawn.
Draw a new random number, cause 26236 is already in drawn.
Draw a new random number, cause 19993 is already in drawn.
Draw a new random number, cause 14996 is already in drawn.
Draw a new random number, cause 17093 is already in drawn.
Draw a new random number, cause 20749 is already in drawn.
Draw a new random number, cause 17835 is already in drawn.
Draw a new random number, cause 15474 is already in drawn.
Draw a new random number, cause 1377 is already in drawn.
Draw a new random number, cause 27771 is already in drawn.
Draw a new random number, cause 17040 is already in drawn.
Draw a new random number, cause 1226 is already in drawn.
Draw a new random number, cause 26138 is already in drawn.
Draw a new random number, cause 19767 is already in drawn.
Draw a new random number, cause 28473 is already in drawn.
Draw a new random number, cause 17444 is already in drawn.
Draw a new random number, cause 22820 is already in drawn.
Draw a new random number, cause 540 is already in drawn.
Draw a new random number, cause 2588 is already in drawn.
Draw a new random number, cause 15469 is already in drawn.
Draw a new random number, cause 868 is already in drawn.
Draw a new random number, cause 15585 is already in drawn.
Draw a new random number, cause 21586 is already in drawn.
Draw a new random number, cause 27635 is already in drawn.
Draw a new random number, cause 8637 is already in drawn.
Draw a new random number, cause 21017 is already in drawn.
Draw a new random number, cause 27869 is already in drawn.
Draw a new random number, cause 696 is already in drawn.
Draw a new random number, cause 20094 is already in drawn.
Draw a new random number, cause 990 is already in drawn.
Draw a new random number, cause 1582 is already in drawn.
Draw a new random number, cause 696 is already in drawn.
Draw a new random number, cause 353 is already in drawn.
Draw a new random number, cause 20995 is already in drawn.
Draw a new random number, cause 310 is already in drawn.
Draw a new random number, cause 22797 is already in drawn.
Draw a new random number, cause 1573 is already in drawn.
Draw a new random number, cause 20940 is already in drawn.
Draw a new random number, cause 2472 is already in drawn.
Draw a new random number, cause 14429 is already in drawn.
Draw a new random number, cause 16377 is already in drawn.
Draw a new random number, cause 20365 is already in drawn.
Draw a new random number, cause 26344 is already in drawn.
Draw a new random number, cause 16956 is already in drawn.
5616 drawn configurations were invalid
command: clean-sampling
command: clean-global
