Current machine learning settings: epsilon:0 lossFunction:RELATIVE parallelization:True bagging:False baggingNumbers:3 considerEpsilonTube:False baggingTestDataFraction:50 useBackward:False abortError:1 limitFeatureSize:False featureSizeTreshold:4 quadraticFunctionSupport:True crossValidation:False crossValidation-k:5 learn-logFunction:False learn-accumulatedLogFunction:False learn-asymFunction:False learn-ratioFunction:False learn-mirrowedFunction:False learn-numeric-disabled:True numberOfRounds:70 backwardErrorDelta:1 minImprovementPerRound:0.1 withHierarchy:False bruteForceCandidates:False ignoreBadFeatures:False stopOnLongRound:True candidateSizePenalty:True learnTimeLimit:00:00:00 scoreMeasure:RELERROR outputRoundsToStdout:False debug:False pythonInfluenceAnalysis:False blacklisted: 
command: solver z3
command: vm /scratch/kallistos/Distance-Based_Data/SupplementaryWebsite/MeasuredPerformanceValues/Hipacc/FeatureModel.xml
Warning: Variability model contains outdated notation. Children nodes will no longer have effect on the model. Instead use the parent node to describe the parent of an configuration option. You can also use the converter providedby the Variability Model GUI in export>convert legacy model.
Warning: Default value nodes in models are no longer used and should be removed. You can also use the converter provided by the Variability Model GUI in export>convert legacy model to update your model.
command: all /scratch/kallistos/Distance-Based_Data/SupplementaryWebsite/MeasuredPerformanceValues/Hipacc/measurements.xml
Configs with too large deviation: 0
13485 configurations loaded.
command: binary grammar-based numConfigs:4601 seed:100  confFaultsReport:./out_grammarBasedFailureReport_t3.log
command: printconfigs ./sampledConfigurations_grammarBased_t3FailureReport.csv
Number to sample: 4601; Number of Configurations in Grammar: 28560
Draw a new random number, cause 19980 is already in drawn.
Draw a new random number, cause 18532 is already in drawn.
Draw a new random number, cause 14455 is already in drawn.
Draw a new random number, cause 18448 is already in drawn.
Draw a new random number, cause 27478 is already in drawn.
Draw a new random number, cause 27163 is already in drawn.
Draw a new random number, cause 21303 is already in drawn.
Draw a new random number, cause 1042 is already in drawn.
Draw a new random number, cause 1502 is already in drawn.
Draw a new random number, cause 27512 is already in drawn.
Draw a new random number, cause 27369 is already in drawn.
Draw a new random number, cause 21002 is already in drawn.
Draw a new random number, cause 17296 is already in drawn.
Draw a new random number, cause 16541 is already in drawn.
Draw a new random number, cause 24279 is already in drawn.
Draw a new random number, cause 20995 is already in drawn.
Draw a new random number, cause 1946 is already in drawn.
Draw a new random number, cause 21070 is already in drawn.
Draw a new random number, cause 27828 is already in drawn.
Draw a new random number, cause 17180 is already in drawn.
Draw a new random number, cause 21339 is already in drawn.
Draw a new random number, cause 25953 is already in drawn.
Draw a new random number, cause 18448 is already in drawn.
Draw a new random number, cause 17062 is already in drawn.
Draw a new random number, cause 1660 is already in drawn.
Draw a new random number, cause 17993 is already in drawn.
Draw a new random number, cause 21841 is already in drawn.
Draw a new random number, cause 21754 is already in drawn.
Draw a new random number, cause 21281 is already in drawn.
Draw a new random number, cause 15064 is already in drawn.
Draw a new random number, cause 319 is already in drawn.
Draw a new random number, cause 22574 is already in drawn.
Draw a new random number, cause 18693 is already in drawn.
Draw a new random number, cause 870 is already in drawn.
Draw a new random number, cause 20073 is already in drawn.
Draw a new random number, cause 14652 is already in drawn.
Draw a new random number, cause 19951 is already in drawn.
Draw a new random number, cause 26515 is already in drawn.
Draw a new random number, cause 15099 is already in drawn.
Draw a new random number, cause 2312 is already in drawn.
Draw a new random number, cause 21506 is already in drawn.
Draw a new random number, cause 15717 is already in drawn.
Draw a new random number, cause 26607 is already in drawn.
Draw a new random number, cause 26763 is already in drawn.
Draw a new random number, cause 2770 is already in drawn.
Draw a new random number, cause 1081 is already in drawn.
Draw a new random number, cause 26549 is already in drawn.
Draw a new random number, cause 17629 is already in drawn.
Draw a new random number, cause 1337 is already in drawn.
Draw a new random number, cause 15837 is already in drawn.
Draw a new random number, cause 21571 is already in drawn.
Draw a new random number, cause 14850 is already in drawn.
Draw a new random number, cause 2632 is already in drawn.
Draw a new random number, cause 377 is already in drawn.
Draw a new random number, cause 16846 is already in drawn.
Draw a new random number, cause 1665 is already in drawn.
Draw a new random number, cause 19710 is already in drawn.
Draw a new random number, cause 28234 is already in drawn.
Draw a new random number, cause 28317 is already in drawn.
Draw a new random number, cause 14882 is already in drawn.
Draw a new random number, cause 27036 is already in drawn.
Draw a new random number, cause 16331 is already in drawn.
Draw a new random number, cause 17358 is already in drawn.
Draw a new random number, cause 21710 is already in drawn.
Draw a new random number, cause 26904 is already in drawn.
Draw a new random number, cause 16015 is already in drawn.
Draw a new random number, cause 22022 is already in drawn.
Draw a new random number, cause 15504 is already in drawn.
Draw a new random number, cause 20582 is already in drawn.
Draw a new random number, cause 28073 is already in drawn.
Draw a new random number, cause 26082 is already in drawn.
Draw a new random number, cause 1328 is already in drawn.
Draw a new random number, cause 23598 is already in drawn.
Draw a new random number, cause 1819 is already in drawn.
Draw a new random number, cause 882 is already in drawn.
Draw a new random number, cause 15646 is already in drawn.
Draw a new random number, cause 21565 is already in drawn.
Draw a new random number, cause 18155 is already in drawn.
Draw a new random number, cause 982 is already in drawn.
Draw a new random number, cause 26738 is already in drawn.
Draw a new random number, cause 14460 is already in drawn.
Draw a new random number, cause 10540 is already in drawn.
Draw a new random number, cause 18057 is already in drawn.
Draw a new random number, cause 18564 is already in drawn.
Draw a new random number, cause 17006 is already in drawn.
Draw a new random number, cause 547 is already in drawn.
Draw a new random number, cause 20597 is already in drawn.
Draw a new random number, cause 16573 is already in drawn.
Draw a new random number, cause 17138 is already in drawn.
Draw a new random number, cause 21194 is already in drawn.
Draw a new random number, cause 1440 is already in drawn.
Draw a new random number, cause 2793 is already in drawn.
Draw a new random number, cause 28427 is already in drawn.
Draw a new random number, cause 21266 is already in drawn.
Draw a new random number, cause 21117 is already in drawn.
Draw a new random number, cause 15394 is already in drawn.
Draw a new random number, cause 14822 is already in drawn.
Draw a new random number, cause 21915 is already in drawn.
Draw a new random number, cause 16444 is already in drawn.
Draw a new random number, cause 17656 is already in drawn.
Draw a new random number, cause 18022 is already in drawn.
Draw a new random number, cause 19740 is already in drawn.
Draw a new random number, cause 1661 is already in drawn.
Draw a new random number, cause 2675 is already in drawn.
Draw a new random number, cause 20723 is already in drawn.
Draw a new random number, cause 21072 is already in drawn.
Draw a new random number, cause 28212 is already in drawn.
Draw a new random number, cause 20631 is already in drawn.
Draw a new random number, cause 20352 is already in drawn.
Draw a new random number, cause 21722 is already in drawn.
Draw a new random number, cause 22537 is already in drawn.
Draw a new random number, cause 19202 is already in drawn.
Draw a new random number, cause 1558 is already in drawn.
Draw a new random number, cause 20438 is already in drawn.
Draw a new random number, cause 26081 is already in drawn.
Draw a new random number, cause 2501 is already in drawn.
Draw a new random number, cause 601 is already in drawn.
Draw a new random number, cause 25758 is already in drawn.
Draw a new random number, cause 2647 is already in drawn.
Draw a new random number, cause 26450 is already in drawn.
Draw a new random number, cause 27892 is already in drawn.
Draw a new random number, cause 18410 is already in drawn.
Draw a new random number, cause 26938 is already in drawn.
Draw a new random number, cause 22773 is already in drawn.
Draw a new random number, cause 16766 is already in drawn.
Draw a new random number, cause 27100 is already in drawn.
Draw a new random number, cause 16177 is already in drawn.
Draw a new random number, cause 17754 is already in drawn.
Draw a new random number, cause 20127 is already in drawn.
Draw a new random number, cause 26810 is already in drawn.
Draw a new random number, cause 1617 is already in drawn.
Draw a new random number, cause 16240 is already in drawn.
Draw a new random number, cause 16960 is already in drawn.
Draw a new random number, cause 780 is already in drawn.
Draw a new random number, cause 28531 is already in drawn.
Draw a new random number, cause 19975 is already in drawn.
Draw a new random number, cause 14794 is already in drawn.
Draw a new random number, cause 15222 is already in drawn.
Draw a new random number, cause 15267 is already in drawn.
Draw a new random number, cause 1772 is already in drawn.
Draw a new random number, cause 26889 is already in drawn.
Draw a new random number, cause 15720 is already in drawn.
Draw a new random number, cause 17871 is already in drawn.
Draw a new random number, cause 22527 is already in drawn.
Draw a new random number, cause 22160 is already in drawn.
Draw a new random number, cause 2255 is already in drawn.
Draw a new random number, cause 18624 is already in drawn.
Draw a new random number, cause 26457 is already in drawn.
Draw a new random number, cause 15031 is already in drawn.
Draw a new random number, cause 15027 is already in drawn.
Draw a new random number, cause 14296 is already in drawn.
Draw a new random number, cause 18291 is already in drawn.
Draw a new random number, cause 23325 is already in drawn.
Draw a new random number, cause 27671 is already in drawn.
Draw a new random number, cause 1601 is already in drawn.
Draw a new random number, cause 18693 is already in drawn.
Draw a new random number, cause 18677 is already in drawn.
Draw a new random number, cause 16918 is already in drawn.
Draw a new random number, cause 16629 is already in drawn.
Draw a new random number, cause 20755 is already in drawn.
Draw a new random number, cause 25942 is already in drawn.
Draw a new random number, cause 28324 is already in drawn.
Draw a new random number, cause 2116 is already in drawn.
Draw a new random number, cause 19740 is already in drawn.
Draw a new random number, cause 16532 is already in drawn.
Draw a new random number, cause 823 is already in drawn.
Draw a new random number, cause 21278 is already in drawn.
Draw a new random number, cause 28551 is already in drawn.
Draw a new random number, cause 21523 is already in drawn.
Draw a new random number, cause 27196 is already in drawn.
Draw a new random number, cause 2506 is already in drawn.
Draw a new random number, cause 27281 is already in drawn.
Draw a new random number, cause 26119 is already in drawn.
Draw a new random number, cause 2189 is already in drawn.
Draw a new random number, cause 15356 is already in drawn.
Draw a new random number, cause 21255 is already in drawn.
Draw a new random number, cause 2189 is already in drawn.
Draw a new random number, cause 17166 is already in drawn.
Draw a new random number, cause 25890 is already in drawn.
Draw a new random number, cause 22801 is already in drawn.
Draw a new random number, cause 20946 is already in drawn.
Draw a new random number, cause 26600 is already in drawn.
Draw a new random number, cause 2570 is already in drawn.
Draw a new random number, cause 27400 is already in drawn.
Draw a new random number, cause 15231 is already in drawn.
Draw a new random number, cause 16137 is already in drawn.
Draw a new random number, cause 2078 is already in drawn.
Draw a new random number, cause 20757 is already in drawn.
Draw a new random number, cause 21259 is already in drawn.
Draw a new random number, cause 500 is already in drawn.
Draw a new random number, cause 26299 is already in drawn.
Draw a new random number, cause 27277 is already in drawn.
Draw a new random number, cause 334 is already in drawn.
Draw a new random number, cause 16444 is already in drawn.
Draw a new random number, cause 31 is already in drawn.
Draw a new random number, cause 26386 is already in drawn.
Draw a new random number, cause 27017 is already in drawn.
Draw a new random number, cause 2027 is already in drawn.
Draw a new random number, cause 15268 is already in drawn.
Draw a new random number, cause 19780 is already in drawn.
Draw a new random number, cause 21557 is already in drawn.
Draw a new random number, cause 15838 is already in drawn.
Draw a new random number, cause 19778 is already in drawn.
Draw a new random number, cause 27784 is already in drawn.
Draw a new random number, cause 16177 is already in drawn.
Draw a new random number, cause 19171 is already in drawn.
Draw a new random number, cause 20350 is already in drawn.
Draw a new random number, cause 16263 is already in drawn.
Draw a new random number, cause 28531 is already in drawn.
Draw a new random number, cause 21791 is already in drawn.
Draw a new random number, cause 15809 is already in drawn.
Draw a new random number, cause 722 is already in drawn.
Draw a new random number, cause 1227 is already in drawn.
Draw a new random number, cause 19685 is already in drawn.
Draw a new random number, cause 18402 is already in drawn.
Draw a new random number, cause 1844 is already in drawn.
Draw a new random number, cause 19055 is already in drawn.
Draw a new random number, cause 15636 is already in drawn.
Draw a new random number, cause 18665 is already in drawn.
Draw a new random number, cause 1785 is already in drawn.
Draw a new random number, cause 21403 is already in drawn.
Draw a new random number, cause 799 is already in drawn.
Draw a new random number, cause 27417 is already in drawn.
Draw a new random number, cause 14494 is already in drawn.
Draw a new random number, cause 15507 is already in drawn.
Draw a new random number, cause 17062 is already in drawn.
Draw a new random number, cause 21317 is already in drawn.
Draw a new random number, cause 27429 is already in drawn.
Draw a new random number, cause 19607 is already in drawn.
Draw a new random number, cause 20566 is already in drawn.
Draw a new random number, cause 22447 is already in drawn.
Draw a new random number, cause 18448 is already in drawn.
Draw a new random number, cause 26527 is already in drawn.
Draw a new random number, cause 20692 is already in drawn.
Draw a new random number, cause 26810 is already in drawn.
Draw a new random number, cause 27467 is already in drawn.
Draw a new random number, cause 2060 is already in drawn.
Draw a new random number, cause 268 is already in drawn.
Draw a new random number, cause 413 is already in drawn.
Draw a new random number, cause 20364 is already in drawn.
Draw a new random number, cause 26460 is already in drawn.
Draw a new random number, cause 25776 is already in drawn.
Draw a new random number, cause 21322 is already in drawn.
Draw a new random number, cause 15602 is already in drawn.
Draw a new random number, cause 20031 is already in drawn.
Draw a new random number, cause 17434 is already in drawn.
Draw a new random number, cause 16576 is already in drawn.
Draw a new random number, cause 15231 is already in drawn.
Draw a new random number, cause 18693 is already in drawn.
Draw a new random number, cause 22770 is already in drawn.
Draw a new random number, cause 26251 is already in drawn.
Draw a new random number, cause 20410 is already in drawn.
Draw a new random number, cause 40 is already in drawn.
Draw a new random number, cause 1140 is already in drawn.
Draw a new random number, cause 17219 is already in drawn.
Draw a new random number, cause 22838 is already in drawn.
Draw a new random number, cause 1876 is already in drawn.
Draw a new random number, cause 26911 is already in drawn.
Draw a new random number, cause 20597 is already in drawn.
Draw a new random number, cause 20961 is already in drawn.
Draw a new random number, cause 24347 is already in drawn.
Draw a new random number, cause 20662 is already in drawn.
Draw a new random number, cause 17809 is already in drawn.
Draw a new random number, cause 18789 is already in drawn.
Draw a new random number, cause 1876 is already in drawn.
Draw a new random number, cause 17943 is already in drawn.
Draw a new random number, cause 19930 is already in drawn.
Draw a new random number, cause 16328 is already in drawn.
Draw a new random number, cause 22850 is already in drawn.
Draw a new random number, cause 2285 is already in drawn.
Draw a new random number, cause 23599 is already in drawn.
Draw a new random number, cause 722 is already in drawn.
Draw a new random number, cause 16268 is already in drawn.
Draw a new random number, cause 2846 is already in drawn.
Draw a new random number, cause 21297 is already in drawn.
Draw a new random number, cause 16959 is already in drawn.
Draw a new random number, cause 17907 is already in drawn.
Draw a new random number, cause 18174 is already in drawn.
Draw a new random number, cause 27322 is already in drawn.
Draw a new random number, cause 17494 is already in drawn.
Draw a new random number, cause 16883 is already in drawn.
Draw a new random number, cause 1590 is already in drawn.
Draw a new random number, cause 20216 is already in drawn.
Draw a new random number, cause 14541 is already in drawn.
Draw a new random number, cause 26416 is already in drawn.
Draw a new random number, cause 20057 is already in drawn.
Draw a new random number, cause 15729 is already in drawn.
Draw a new random number, cause 22472 is already in drawn.
Draw a new random number, cause 20667 is already in drawn.
Draw a new random number, cause 16926 is already in drawn.
Draw a new random number, cause 21291 is already in drawn.
Draw a new random number, cause 26785 is already in drawn.
Draw a new random number, cause 20061 is already in drawn.
Draw a new random number, cause 21513 is already in drawn.
Draw a new random number, cause 28358 is already in drawn.
Draw a new random number, cause 9930 is already in drawn.
Draw a new random number, cause 16063 is already in drawn.
Draw a new random number, cause 1934 is already in drawn.
Draw a new random number, cause 19235 is already in drawn.
Draw a new random number, cause 14776 is already in drawn.
Draw a new random number, cause 17032 is already in drawn.
Draw a new random number, cause 27040 is already in drawn.
Draw a new random number, cause 1757 is already in drawn.
Draw a new random number, cause 16940 is already in drawn.
Draw a new random number, cause 17993 is already in drawn.
Draw a new random number, cause 13 is already in drawn.
Draw a new random number, cause 18348 is already in drawn.
Draw a new random number, cause 18429 is already in drawn.
Draw a new random number, cause 21812 is already in drawn.
Draw a new random number, cause 14566 is already in drawn.
Draw a new random number, cause 16331 is already in drawn.
Draw a new random number, cause 20107 is already in drawn.
Draw a new random number, cause 26968 is already in drawn.
Draw a new random number, cause 17780 is already in drawn.
Draw a new random number, cause 21010 is already in drawn.
Draw a new random number, cause 2640 is already in drawn.
Draw a new random number, cause 27475 is already in drawn.
Draw a new random number, cause 22823 is already in drawn.
Draw a new random number, cause 18665 is already in drawn.
Draw a new random number, cause 1208 is already in drawn.
Draw a new random number, cause 2129 is already in drawn.
Draw a new random number, cause 22510 is already in drawn.
Draw a new random number, cause 26309 is already in drawn.
Draw a new random number, cause 22681 is already in drawn.
Draw a new random number, cause 22682 is already in drawn.
Draw a new random number, cause 15440 is already in drawn.
Draw a new random number, cause 27130 is already in drawn.
Draw a new random number, cause 2822 is already in drawn.
Draw a new random number, cause 14377 is already in drawn.
Draw a new random number, cause 19405 is already in drawn.
Draw a new random number, cause 27782 is already in drawn.
Draw a new random number, cause 21921 is already in drawn.
Draw a new random number, cause 14411 is already in drawn.
Draw a new random number, cause 24276 is already in drawn.
Draw a new random number, cause 21559 is already in drawn.
Draw a new random number, cause 21192 is already in drawn.
Draw a new random number, cause 22515 is already in drawn.
Draw a new random number, cause 17646 is already in drawn.
Draw a new random number, cause 27644 is already in drawn.
Draw a new random number, cause 19201 is already in drawn.
Draw a new random number, cause 849 is already in drawn.
Draw a new random number, cause 16936 is already in drawn.
Draw a new random number, cause 28334 is already in drawn.
Draw a new random number, cause 15457 is already in drawn.
Draw a new random number, cause 1136 is already in drawn.
Draw a new random number, cause 2027 is already in drawn.
Draw a new random number, cause 15797 is already in drawn.
Draw a new random number, cause 27709 is already in drawn.
Draw a new random number, cause 28212 is already in drawn.
Draw a new random number, cause 17796 is already in drawn.
Draw a new random number, cause 20812 is already in drawn.
Draw a new random number, cause 19839 is already in drawn.
Draw a new random number, cause 26357 is already in drawn.
Draw a new random number, cause 2629 is already in drawn.
Draw a new random number, cause 2505 is already in drawn.
Draw a new random number, cause 960 is already in drawn.
Draw a new random number, cause 17972 is already in drawn.
Draw a new random number, cause 23801 is already in drawn.
Draw a new random number, cause 27487 is already in drawn.
Draw a new random number, cause 14891 is already in drawn.
Draw a new random number, cause 15695 is already in drawn.
Draw a new random number, cause 21440 is already in drawn.
Draw a new random number, cause 1018 is already in drawn.
Draw a new random number, cause 14993 is already in drawn.
Draw a new random number, cause 17691 is already in drawn.
Draw a new random number, cause 25944 is already in drawn.
Draw a new random number, cause 17907 is already in drawn.
Draw a new random number, cause 2068 is already in drawn.
Draw a new random number, cause 20921 is already in drawn.
Draw a new random number, cause 16409 is already in drawn.
Draw a new random number, cause 18483 is already in drawn.
Draw a new random number, cause 20651 is already in drawn.
Draw a new random number, cause 658 is already in drawn.
Draw a new random number, cause 22068 is already in drawn.
Draw a new random number, cause 15657 is already in drawn.
Draw a new random number, cause 20829 is already in drawn.
Draw a new random number, cause 20621 is already in drawn.
Draw a new random number, cause 27500 is already in drawn.
Draw a new random number, cause 27506 is already in drawn.
Draw a new random number, cause 27276 is already in drawn.
Draw a new random number, cause 21892 is already in drawn.
Draw a new random number, cause 15302 is already in drawn.
Draw a new random number, cause 18640 is already in drawn.
Draw a new random number, cause 2711 is already in drawn.
Draw a new random number, cause 2655 is already in drawn.
Draw a new random number, cause 20154 is already in drawn.
Draw a new random number, cause 20954 is already in drawn.
Draw a new random number, cause 21947 is already in drawn.
Draw a new random number, cause 26234 is already in drawn.
Draw a new random number, cause 15495 is already in drawn.
Draw a new random number, cause 1246 is already in drawn.
Draw a new random number, cause 1208 is already in drawn.
Draw a new random number, cause 1268 is already in drawn.
Draw a new random number, cause 18640 is already in drawn.
Draw a new random number, cause 1795 is already in drawn.
Draw a new random number, cause 17483 is already in drawn.
5541 drawn configurations were invalid
command: clean-sampling
command: clean-global
