Current machine learning settings: epsilon:0 lossFunction:RELATIVE parallelization:True bagging:False baggingNumbers:3 considerEpsilonTube:False baggingTestDataFraction:50 useBackward:False abortError:1 limitFeatureSize:False featureSizeTreshold:4 quadraticFunctionSupport:True crossValidation:False crossValidation-k:5 learn-logFunction:False learn-accumulatedLogFunction:False learn-asymFunction:False learn-ratioFunction:False learn-mirrowedFunction:False learn-numeric-disabled:True numberOfRounds:70 backwardErrorDelta:1 minImprovementPerRound:0.1 withHierarchy:False bruteForceCandidates:False ignoreBadFeatures:False stopOnLongRound:True candidateSizePenalty:True learnTimeLimit:00:00:00 scoreMeasure:RELERROR outputRoundsToStdout:False debug:False pythonInfluenceAnalysis:False blacklisted: 
command: mlsettings bagging:False stopOnLongRound:False parallelization:True lossFunction:RELATIVE useBackward:False abortError:1 limitFeatureSize:False featureSizeTreshold:7 quadraticFunctionSupport:True crossValidation:False learn_logFunction:True numberOfRounds:70 backwardErrorDelta:1 minImprovementPerRound:0.25 withHierarchy:False
Current machine learning settings: epsilon:0 lossFunction:RELATIVE parallelization:True bagging:False baggingNumbers:3 considerEpsilonTube:False baggingTestDataFraction:50 useBackward:False abortError:1 limitFeatureSize:False featureSizeTreshold:7 quadraticFunctionSupport:True crossValidation:False crossValidation-k:5 learn-logFunction:True learn-accumulatedLogFunction:False learn-asymFunction:False learn-ratioFunction:False learn-mirrowedFunction:False learn-numeric-disabled:True numberOfRounds:70 backwardErrorDelta:1 minImprovementPerRound:0.25 withHierarchy:False bruteForceCandidates:False ignoreBadFeatures:False stopOnLongRound:False candidateSizePenalty:True learnTimeLimit:00:00:00 scoreMeasure:RELERROR outputRoundsToStdout:False debug:False pythonInfluenceAnalysis:False blacklisted: 
command: solver z3
command: vm /scratch/kallistos/Distance-Based_Data/SupplementaryWebsite/MeasuredPerformanceValues/Polly/FeatureModel.xml
command: all /scratch/kallistos/Distance-Based_Data/SupplementaryWebsite/MeasuredPerformanceValues/Polly/measurements.xml
Configs with too large deviation: 0
60000 configurations loaded.
command: nfp Performance
command: setsampleset /scratch/kallistos/Distance-Based_Data/Results/Polly/Polly_56/sampledConfigurations_divDistBased_t2.csv
command: learn-splconqueror
Learning: NumberOfConfigurationsLearning:345 NumberOfConfigurationsValidation:345
Learning progress:
1;24.0150476190477 * polly_vectorizer + 5.61005042016805 * max;28.8700244603245;28.8700244603245;28.8700244603245;28.8700244603245;0.087824;2;5.61005042016805 * max;1;4.87499697075122;
2;20.5917455173776 * polly_vectorizer + 6.50048653668702 * max + 6.24039445616954 * memory_based;26.0199736357887;26.0199736357887;26.0199736357887;26.0199736357887;0.331617;3;6.24039445616954 * memory_based;1;2.85005082453572;
3;18.0750357838215 * polly_vectorizer + 6.76808271761571 * max + 6.03382538808519 * memory_based + 4.89632802030222 * polly_no_tiling;20.9514617262812;20.9514617262812;20.9514617262812;20.9514617262812;0.783344;4;4.89632802030222 * polly_no_tiling;1;5.06851190950751;
4;15.7196330312924 * polly_vectorizer + 11.7797052559844 * max + 0.598679831189108 * memory_based + 3.95148456145175 * polly_no_tiling + 10.6540077113183 * memory_based * min;16.5519160214941;16.5519160214941;16.5519160214941;16.5519160214941;1.523187;6;10.6540077113183 * memory_based * min;2;2.19977285239358;
5;14.3632171199741 * polly_vectorizer + 14.8676945131356 * max + 0.134417412378835 * memory_based + 0.712801081282618 * polly_no_tiling + 10.4113753480622 * memory_based * min + 6.48586096484018 * polly_no_tiling * min;14.4034280381803;14.4034280381803;14.4034280381803;14.4034280381803;2.610638;8;6.48586096484018 * polly_no_tiling * min;2;1.07424399165688;
6;11.2385507246378 * polly_vectorizer + 17.9923609084719 * max + 0.134417412378819 * memory_based + 0.71280108128263 * polly_no_tiling + 17.6427461486978 * memory_based * min + 13.9661229415544 * polly_no_tiling * min + -13.9432721883328 * memory_based * min * polly_no_tiling;8.69514624968628;8.69514624968628;8.69514624968628;8.69514624968628;4.115894;11;-13.9432721883328 * memory_based * min * polly_no_tiling;3;1.90276059616468;
7;10.8240470595129 * polly_vectorizer + 17.9549790762564 * max + 0.0137813135312634 * memory_based + -0.0309363900038688 * polly_no_tiling + 18.1097888819711 * memory_based * min + 14.4743469667473 * polly_no_tiling * min + -14.3820309806366 * memory_based * min * polly_no_tiling + 2.38339607446822 * parallel;7.13717858349754;7.13717858349754;7.13717858349754;7.13717858349754;6.159064;12;2.38339607446822 * parallel;1;1.55796766618874;
8;10.3815780523083 * polly_vectorizer + 18.1723430388326 * max + -0.16836537218283 * memory_based + -0.153086592649452 * polly_no_tiling + 18.3288801597853 * memory_based * min + 14.9650775092851 * polly_no_tiling * min + -14.6063567407171 * memory_based * min * polly_no_tiling + 2.48029082025693 * parallel + 0.783136654603915 * none;6.86904171356571;6.86904171356571;6.86904171356571;6.86904171356571;8.638508;13;0.783136654603915 * none;1;0.268136869931824;
9;9.92595459753202 * polly_vectorizer + 18.8396204072977 * max + 0.00829381268349838 * memory_based + -0.0492160444048919 * polly_no_tiling + 18.1708610969062 * memory_based * min + 15.276887571966 * polly_no_tiling * min + -14.823125386759 * memory_based * min * polly_no_tiling + 2.43739841995785 * parallel + 1.63520937948801 * none + -1.62304025449034 * max * none;6.54554278679892;6.54554278679892;6.54554278679892;6.54554278679892;11.782221;15;-1.62304025449034 * max * none;2;0.161749463383394;
Elapsed=00:00:11.7914684
average model: 
command: analyze-learning
Round, Model, LearningError, LearningErrorRel, ValidationError, ValidationErrorRel, ElapsedSeconds, ModelComplexity, BestCandidate, BestCandidateSize, BestCandidateScore, TestError
Models:
Termination reason: minImprovementPerRound
1;24.0150476190477 * polly_vectorizer + 5.61005042016805 * max;28.8700244603245;28.8700244603245;28.8700244603245;28.8700244603245;0.087824;2;5.61005042016805 * max;1;4.87499697075122;28.3248611124908
2;20.5917455173776 * polly_vectorizer + 6.50048653668702 * max + 6.24039445616954 * memory_based;26.0199736357887;26.0199736357887;26.0199736357887;26.0199736357887;0.331617;3;6.24039445616954 * memory_based;1;2.85005082453572;26.6252833003651
3;18.0750357838215 * polly_vectorizer + 6.76808271761571 * max + 6.03382538808519 * memory_based + 4.89632802030222 * polly_no_tiling;20.9514617262812;20.9514617262812;20.9514617262812;20.9514617262812;0.783344;4;4.89632802030222 * polly_no_tiling;1;5.06851190950751;22.7514738139485
4;15.7196330312924 * polly_vectorizer + 11.7797052559844 * max + 0.598679831189108 * memory_based + 3.95148456145175 * polly_no_tiling + 10.6540077113183 * memory_based * min;16.5519160214941;16.5519160214941;16.5519160214941;16.5519160214941;1.523187;6;10.6540077113183 * memory_based * min;2;2.19977285239358;18.0896571198298
5;14.3632171199741 * polly_vectorizer + 14.8676945131356 * max + 0.134417412378835 * memory_based + 0.712801081282618 * polly_no_tiling + 10.4113753480622 * memory_based * min + 6.48586096484018 * polly_no_tiling * min;14.4034280381803;14.4034280381803;14.4034280381803;14.4034280381803;2.610638;8;6.48586096484018 * polly_no_tiling * min;2;1.07424399165688;15.2388279190347
6;11.2385507246378 * polly_vectorizer + 17.9923609084719 * max + 0.134417412378819 * memory_based + 0.71280108128263 * polly_no_tiling + 17.6427461486978 * memory_based * min + 13.9661229415544 * polly_no_tiling * min + -13.9432721883328 * memory_based * min * polly_no_tiling;8.69514624968628;8.69514624968628;8.69514624968628;8.69514624968628;4.115894;11;-13.9432721883328 * memory_based * min * polly_no_tiling;3;1.90276059616468;8.76706349458772
7;10.8240470595129 * polly_vectorizer + 17.9549790762564 * max + 0.0137813135312634 * memory_based + -0.0309363900038688 * polly_no_tiling + 18.1097888819711 * memory_based * min + 14.4743469667473 * polly_no_tiling * min + -14.3820309806366 * memory_based * min * polly_no_tiling + 2.38339607446822 * parallel;7.13717858349754;7.13717858349754;7.13717858349754;7.13717858349754;6.159064;12;2.38339607446822 * parallel;1;1.55796766618874;7.42414942338304
8;10.3815780523083 * polly_vectorizer + 18.1723430388326 * max + -0.16836537218283 * memory_based + -0.153086592649452 * polly_no_tiling + 18.3288801597853 * memory_based * min + 14.9650775092851 * polly_no_tiling * min + -14.6063567407171 * memory_based * min * polly_no_tiling + 2.48029082025693 * parallel + 0.783136654603915 * none;6.86904171356571;6.86904171356571;6.86904171356571;6.86904171356571;8.638508;13;0.783136654603915 * none;1;0.268136869931824;7.15493648345341
9;9.92595459753202 * polly_vectorizer + 18.8396204072977 * max + 0.00829381268349838 * memory_based + -0.0492160444048919 * polly_no_tiling + 18.1708610969062 * memory_based * min + 15.276887571966 * polly_no_tiling * min + -14.823125386759 * memory_based * min * polly_no_tiling + 2.43739841995785 * parallel + 1.63520937948801 * none + -1.62304025449034 * max * none;6.54554278679892;6.54554278679892;6.54554278679892;6.54554278679892;11.782221;15;-1.62304025449034 * max * none;2;0.161749463383394;6.61668336348031
Analyze finished
command: clean-sampling
command: clean-global
command: script ./learn_divDistBased_t3.a
command: log ./out_divDistBased_t3Predictions.log
