Current machine learning settings: epsilon:0 lossFunction:RELATIVE parallelization:True bagging:False baggingNumbers:3 considerEpsilonTube:False baggingTestDataFraction:50 useBackward:False abortError:1 limitFeatureSize:False featureSizeTreshold:4 quadraticFunctionSupport:True crossValidation:False crossValidation-k:5 learn-logFunction:False learn-accumulatedLogFunction:False learn-asymFunction:False learn-ratioFunction:False learn-mirrowedFunction:False learn-numeric-disabled:True numberOfRounds:70 backwardErrorDelta:1 minImprovementPerRound:0.1 withHierarchy:False bruteForceCandidates:False ignoreBadFeatures:False stopOnLongRound:True candidateSizePenalty:True learnTimeLimit:00:00:00 scoreMeasure:RELERROR outputRoundsToStdout:False debug:False pythonInfluenceAnalysis:False blacklisted: 
command: mlsettings bagging:False stopOnLongRound:False parallelization:True lossFunction:RELATIVE useBackward:False abortError:1 limitFeatureSize:False featureSizeTreshold:7 quadraticFunctionSupport:True crossValidation:False learn_logFunction:True numberOfRounds:70 backwardErrorDelta:1 minImprovementPerRound:0.25 withHierarchy:False
Current machine learning settings: epsilon:0 lossFunction:RELATIVE parallelization:True bagging:False baggingNumbers:3 considerEpsilonTube:False baggingTestDataFraction:50 useBackward:False abortError:1 limitFeatureSize:False featureSizeTreshold:7 quadraticFunctionSupport:True crossValidation:False crossValidation-k:5 learn-logFunction:True learn-accumulatedLogFunction:False learn-asymFunction:False learn-ratioFunction:False learn-mirrowedFunction:False learn-numeric-disabled:True numberOfRounds:70 backwardErrorDelta:1 minImprovementPerRound:0.25 withHierarchy:False bruteForceCandidates:False ignoreBadFeatures:False stopOnLongRound:False candidateSizePenalty:True learnTimeLimit:00:00:00 scoreMeasure:RELERROR outputRoundsToStdout:False debug:False pythonInfluenceAnalysis:False blacklisted: 
command: solver z3
command: vm /scratch/kallistos/Distance-Based_Data/SupplementaryWebsite/MeasuredPerformanceValues/Dune/FeatureModel.xml
Warning: Variability model contains outdated notation. Children nodes will no longer have effect on the model. Instead use the parent node to describe the parent of an configuration option. You can also use the converter providedby the Variability Model GUI in export>convert legacy model.
command: all /scratch/kallistos/Distance-Based_Data/SupplementaryWebsite/MeasuredPerformanceValues/Dune/measurements.xml
Configs with too large deviation: 0
2304 configurations loaded.
command: nfp Performance
command: setsampleset /scratch/kallistos/Distance-Based_Data/Results/Dune/Dune_1/sampledConfigurations_divDistBased_t3.csv
command: learn-splconqueror
Learning: NumberOfConfigurationsLearning:1071 NumberOfConfigurationsValidation:1071
Learning progress:
1;10228.6689472253 * Precon + 5658.30770925972 * post_0;16.2007445279517;16.2007445279517;16.2007445279517;16.2007445279517;0.174057;2;5658.30770925972 * post_0;1;3.77572978424456;
2;10544.5863697041 * Precon + 5621.23019386692 * post_0 + -2119.18329385459 * cells_50;15.0705782936624;15.0705782936624;15.0705782936624;15.0705782936624;0.573803;3;-2119.18329385459 * cells_50;1;1.13016623428923;
3;11089.9812103709 * Precon + 5630.87918469254 * post_0 + -2154.21938899122 * cells_50 + -1115.54587312143 * SeqGS;14.2257871544386;14.2257871544386;14.2257871544386;14.2257871544386;1.260002;4;-1115.54587312143 * SeqGS;1;0.844791139223863;
4;11474.046511799 * Precon + 5617.64989859637 * post_0 + -2516.49340262712 * cells_50 + -1159.38818508604 * SeqGS + -1762.82387155325 * cells_51;13.3136828961017;13.3136828961017;13.3136828961017;13.3136828961017;2.448447;5;-1762.82387155325 * cells_51;1;0.912104258336862;
5;11806.5064038917 * Precon + 5573.04222409421 * post_0 + -2863.3895560064 * cells_50 + -1115.51809464113 * SeqGS + -2109.0225772864 * cells_51 + -1352.37845393402 * cells_52;12.883607830234;12.883607830234;12.883607830234;12.883607830234;4.115399;6;-1352.37845393402 * cells_52;1;0.430075065867729;
6;11230.722914774 * Precon + 6121.5740115493 * post_0 + -2792.0845921185 * cells_50 + -1079.56982131205 * SeqGS + -2152.40355477423 * cells_51 + -1302.4678326312 * cells_52 + 3282.2108516142 * post_1;12.3692243061591;12.3692243061591;12.3692243061591;12.3692243061591;6.464342;7;3282.2108516142 * post_1;1;0.514383524074873;
7;11477.5879207653 * Precon + 6105.26095769733 * post_0 + -2455.45307654862 * cells_50 + -1033.11581343543 * SeqGS + -2229.60281865767 * cells_51 + -1235.95941578772 * cells_52 + 3292.5807614882 * post_1 + -1317.14971628694 * GradientSolver;11.7854510375418;11.7854510375418;11.7854510375418;11.7854510375418;9.787649;8;-1317.14971628694 * GradientSolver;1;0.583773268617282;
8;11446.8112094033 * Precon + 6109.40448389838 * post_0 + -2466.02266053207 * cells_50 + -1032.11534564294 * SeqGS + -2248.67361219141 * cells_51 + -1134.95105276433 * cells_52 + 1787.8684368394 * post_1 + -1247.8188626973 * GradientSolver + 10479.6297328945 * post_1 * pre_0;10.8634532059819;10.8634532059819;10.8634532059819;10.8634532059819;14.017868;10;10479.6297328945 * post_1 * pre_0;2;0.460998915779968;
9;11722.3568482258 * Precon + 6101.45960459965 * post_0 + -2744.65479449073 * cells_50 + -1033.01315667383 * SeqGS + -2525.38440915552 * cells_51 + -1412.46452165115 * cells_52 + 1802.45815341011 * post_1 + -1241.03604799635 * GradientSolver + 10455.6173084578 * post_1 * pre_0 + -774.595076267845 * cells_53;10.4473190744309;10.4473190744309;10.4473190744309;10.4473190744309;19.17463;11;-774.595076267845 * cells_53;1;0.416134131551011;
10;11679.3692243975 * Precon + 6183.48915337947 * post_0 + -2733.51644267491 * cells_50 + -993.207949654186 * SeqGS + -2506.95133328799 * cells_51 + -1421.21478926904 * cells_52 + 1893.11008073904 * post_1 + -1502.43384208844 * GradientSolver + 10435.9349752169 * post_1 * pre_0 + -793.631111040422 * cells_53 + 1756.04194527266 * GradientSolver * post_2;9.94172544378469;9.94172544378469;9.94172544378469;9.94172544378469;25.383933;13;1756.04194527266 * GradientSolver * post_2;2;0.252796815323094;
11;11709.7438178165 * Precon + 4332.78849058802 * post_0 + -2685.19172676927 * cells_50 + -1037.44727786281 * SeqGS + -2495.74820468324 * cells_51 + -1425.4561463568 * cells_52 + 1897.16502133229 * post_1 + -1616.6533455452 * GradientSolver + 10426.9630700093 * post_1 * pre_0 + -756.957014628981 * cells_53 + 1836.05094120681 * GradientSolver * post_2 + 11737.6615053939 * post_0 * pre_1;9.4565803951566;9.4565803951566;9.4565803951566;9.4565803951566;32.54583;15;11737.6615053939 * post_0 * pre_1;2;0.242572524314047;
Elapsed=00:00:32.5644052
average model: 
command: analyze-learning
Round, Model, LearningError, LearningErrorRel, ValidationError, ValidationErrorRel, ElapsedSeconds, ModelComplexity, BestCandidate, BestCandidateSize, BestCandidateScore, TestError
Models:
Termination reason: minImprovementPerRound
1;10228.6689472253 * Precon + 5658.30770925972 * post_0;16.2007445279517;16.2007445279517;16.2007445279517;16.2007445279517;0.174057;2;5658.30770925972 * post_0;1;3.77572978424456;17.1569989286958
2;10544.5863697041 * Precon + 5621.23019386692 * post_0 + -2119.18329385459 * cells_50;15.0705782936624;15.0705782936624;15.0705782936624;15.0705782936624;0.573803;3;-2119.18329385459 * cells_50;1;1.13016623428923;15.9530485553852
3;11089.9812103709 * Precon + 5630.87918469254 * post_0 + -2154.21938899122 * cells_50 + -1115.54587312143 * SeqGS;14.2257871544386;14.2257871544386;14.2257871544386;14.2257871544386;1.260002;4;-1115.54587312143 * SeqGS;1;0.844791139223863;15.2761477878908
4;11474.046511799 * Precon + 5617.64989859637 * post_0 + -2516.49340262712 * cells_50 + -1159.38818508604 * SeqGS + -1762.82387155325 * cells_51;13.3136828961017;13.3136828961017;13.3136828961017;13.3136828961017;2.448447;5;-1762.82387155325 * cells_51;1;0.912104258336862;14.3449375251903
5;11806.5064038917 * Precon + 5573.04222409421 * post_0 + -2863.3895560064 * cells_50 + -1115.51809464113 * SeqGS + -2109.0225772864 * cells_51 + -1352.37845393402 * cells_52;12.883607830234;12.883607830234;12.883607830234;12.883607830234;4.115399;6;-1352.37845393402 * cells_52;1;0.430075065867729;13.912342016091
6;11230.722914774 * Precon + 6121.5740115493 * post_0 + -2792.0845921185 * cells_50 + -1079.56982131205 * SeqGS + -2152.40355477423 * cells_51 + -1302.4678326312 * cells_52 + 3282.2108516142 * post_1;12.3692243061591;12.3692243061591;12.3692243061591;12.3692243061591;6.464342;7;3282.2108516142 * post_1;1;0.514383524074873;13.6120318826706
7;11477.5879207653 * Precon + 6105.26095769733 * post_0 + -2455.45307654862 * cells_50 + -1033.11581343543 * SeqGS + -2229.60281865767 * cells_51 + -1235.95941578772 * cells_52 + 3292.5807614882 * post_1 + -1317.14971628694 * GradientSolver;11.7854510375418;11.7854510375418;11.7854510375418;11.7854510375418;9.787649;8;-1317.14971628694 * GradientSolver;1;0.583773268617282;13.1455547376854
8;11446.8112094033 * Precon + 6109.40448389838 * post_0 + -2466.02266053207 * cells_50 + -1032.11534564294 * SeqGS + -2248.67361219141 * cells_51 + -1134.95105276433 * cells_52 + 1787.8684368394 * post_1 + -1247.8188626973 * GradientSolver + 10479.6297328945 * post_1 * pre_0;10.8634532059819;10.8634532059819;10.8634532059819;10.8634532059819;14.017868;10;10479.6297328945 * post_1 * pre_0;2;0.460998915779968;12.0248236747566
9;11722.3568482258 * Precon + 6101.45960459965 * post_0 + -2744.65479449073 * cells_50 + -1033.01315667383 * SeqGS + -2525.38440915552 * cells_51 + -1412.46452165115 * cells_52 + 1802.45815341011 * post_1 + -1241.03604799635 * GradientSolver + 10455.6173084578 * post_1 * pre_0 + -774.595076267845 * cells_53;10.4473190744309;10.4473190744309;10.4473190744309;10.4473190744309;19.17463;11;-774.595076267845 * cells_53;1;0.416134131551011;11.6905938504309
10;11679.3692243975 * Precon + 6183.48915337947 * post_0 + -2733.51644267491 * cells_50 + -993.207949654186 * SeqGS + -2506.95133328799 * cells_51 + -1421.21478926904 * cells_52 + 1893.11008073904 * post_1 + -1502.43384208844 * GradientSolver + 10435.9349752169 * post_1 * pre_0 + -793.631111040422 * cells_53 + 1756.04194527266 * GradientSolver * post_2;9.94172544378469;9.94172544378469;9.94172544378469;9.94172544378469;25.383933;13;1756.04194527266 * GradientSolver * post_2;2;0.252796815323094;11.154422466625
11;11709.7438178165 * Precon + 4332.78849058802 * post_0 + -2685.19172676927 * cells_50 + -1037.44727786281 * SeqGS + -2495.74820468324 * cells_51 + -1425.4561463568 * cells_52 + 1897.16502133229 * post_1 + -1616.6533455452 * GradientSolver + 10426.9630700093 * post_1 * pre_0 + -756.957014628981 * cells_53 + 1836.05094120681 * GradientSolver * post_2 + 11737.6615053939 * post_0 * pre_1;9.4565803951566;9.4565803951566;9.4565803951566;9.4565803951566;32.54583;15;11737.6615053939 * post_0 * pre_1;2;0.242572524314047;10.4907349392125
Analyze finished
command: clean-sampling
command: clean-global
