Current machine learning settings: epsilon:0 lossFunction:RELATIVE parallelization:True bagging:False baggingNumbers:3 considerEpsilonTube:False baggingTestDataFraction:50 useBackward:False abortError:1 limitFeatureSize:False featureSizeTreshold:4 quadraticFunctionSupport:True crossValidation:False crossValidation-k:5 learn-logFunction:False learn-accumulatedLogFunction:False learn-asymFunction:False learn-ratioFunction:False learn-mirrowedFunction:False learn-numeric-disabled:True numberOfRounds:70 backwardErrorDelta:1 minImprovementPerRound:0.1 withHierarchy:False bruteForceCandidates:False ignoreBadFeatures:False stopOnLongRound:True candidateSizePenalty:True learnTimeLimit:00:00:00 scoreMeasure:RELERROR outputRoundsToStdout:False debug:False pythonInfluenceAnalysis:False blacklisted: 
command: solver z3
command: vm /scratch/kallistos/Distance-Based_Data/SupplementaryWebsite/MeasuredPerformanceValues/Polly/FeatureModel.xml
command: all /scratch/kallistos/Distance-Based_Data/SupplementaryWebsite/MeasuredPerformanceValues/Polly/measurements.xml
Configs with too large deviation: 0
60000 configurations loaded.
command: binary grammar-based numConfigs:2172 seed:88  confFaultsReport:./out_grammarBasedFailureReport_t3.log
command: printconfigs ./sampledConfigurations_grammarBased_t3FailureReport.csv
Number to sample: 2172; Number of Configurations in Grammar: 60000
Draw a new random number, cause 22822 is already in drawn.
Draw a new random number, cause 12733 is already in drawn.
Draw a new random number, cause 58186 is already in drawn.
Draw a new random number, cause 54852 is already in drawn.
Draw a new random number, cause 19133 is already in drawn.
Draw a new random number, cause 38108 is already in drawn.
Draw a new random number, cause 31978 is already in drawn.
Draw a new random number, cause 13913 is already in drawn.
Draw a new random number, cause 9154 is already in drawn.
Draw a new random number, cause 30064 is already in drawn.
Draw a new random number, cause 59120 is already in drawn.
Draw a new random number, cause 58750 is already in drawn.
Draw a new random number, cause 22231 is already in drawn.
Draw a new random number, cause 34126 is already in drawn.
Draw a new random number, cause 15735 is already in drawn.
Draw a new random number, cause 45833 is already in drawn.
Draw a new random number, cause 40538 is already in drawn.
Draw a new random number, cause 49571 is already in drawn.
Draw a new random number, cause 2343 is already in drawn.
Draw a new random number, cause 42523 is already in drawn.
Draw a new random number, cause 59904 is already in drawn.
Draw a new random number, cause 57254 is already in drawn.
Draw a new random number, cause 52153 is already in drawn.
Draw a new random number, cause 33217 is already in drawn.
Draw a new random number, cause 16627 is already in drawn.
Draw a new random number, cause 57488 is already in drawn.
Draw a new random number, cause 16576 is already in drawn.
Draw a new random number, cause 24448 is already in drawn.
Draw a new random number, cause 13423 is already in drawn.
Draw a new random number, cause 15663 is already in drawn.
Draw a new random number, cause 59436 is already in drawn.
Draw a new random number, cause 31901 is already in drawn.
Draw a new random number, cause 23719 is already in drawn.
Draw a new random number, cause 40296 is already in drawn.
Draw a new random number, cause 50279 is already in drawn.
Draw a new random number, cause 580 is already in drawn.
Draw a new random number, cause 21811 is already in drawn.
0 drawn configurations were invalid
command: clean-sampling
command: clean-global
