11542 - OpenCL, Ldg, bs_32x8, padding_384, pixelPerThread_3
4740 - OpenCL, Linear1D, LocalMemory, bs_64x16, padding_384, pixelPerThread_1
3113 - OpenCL, Linear1D, bs_32x32, padding_416, pixelPerThread_2
8758 - OpenCL, Array2D, bs_32x16, padding_416, pixelPerThread_3
22909 - CUDA, Array2D, bs_32x1, padding_480, pixelPerThread_2
12724 - OpenCL, Ldg, bs_256x1, padding_64, pixelPerThread_1
6425 - OpenCL, Linear2D, bs_128x8, padding_256, pixelPerThread_2
21858 - CUDA, Linear2D, LocalMemory, bs_64x16, padding_224, pixelPerThread_3
10912 - OpenCL, Array2D, LocalMemory, bs_512x2, padding_256, pixelPerThread_1
7979 - OpenCL, Linear2D, LocalMemory, bs_512x1, padding_160, pixelPerThread_4
6721 - OpenCL, Linear2D, bs_1024x1, padding_448, pixelPerThread_2
9673 - OpenCL, Array2D, bs_32x4, padding_128, pixelPerThread_2
9422 - OpenCL, Array2D, bs_512x1, padding_288, pixelPerThread_3
25588 - CUDA, Array2D, LocalMemory, bs_256x1, padding_160, pixelPerThread_1
23209 - CUDA, Array2D, bs_64x4, padding_160, pixelPerThread_2
2896 - OpenCL, Linear1D, bs_32x1, padding_320, pixelPerThread_1
9740 - OpenCL, Array2D, bs_64x2, padding_128, pixelPerThread_1
24265 - CUDA, Array2D, bs_256x2, padding_448, pixelPerThread_2
19582 - CUDA, Linear1D, LocalMemory, bs_1024x1, padding_512, pixelPerThread_3
7757 - OpenCL, Linear2D, LocalMemory, bs_128x4, padding_32, pixelPerThread_2
7518 - OpenCL, Linear2D, LocalMemory, bs_64x4, padding_288, pixelPerThread_3
14273 - OpenCL, Ldg, LocalMemory, bs_256x2, padding_480, pixelPerThread_2
13952 - OpenCL, Ldg, LocalMemory, bs_32x4, padding_96, pixelPerThread_1
9773 - OpenCL, Array2D, bs_64x2, padding_384, pixelPerThread_2
13870 - OpenCL, Ldg, LocalMemory, bs_1024x1, padding_512, pixelPerThread_3
25573 - CUDA, Array2D, LocalMemory, bs_256x1, padding_32, pixelPerThread_2
12348 - OpenCL, Ldg, bs_512x2, padding_320, pixelPerThread_1
12414 - OpenCL, Ldg, bs_1024x1, padding_288, pixelPerThread_3
8463 - OpenCL, Linear2D, LocalMemory, bs_256x1, padding_224, pixelPerThread_4
24998 - CUDA, Array2D, LocalMemory, bs_128x8, padding_320, pixelPerThread_3
9890 - OpenCL, Array2D, bs_256x1, padding_224, pixelPerThread_3
22426 - CUDA, Linear2D, LocalMemory, bs_1024x1, padding_416, pixelPerThread_3
4825 - OpenCL, Linear1D, LocalMemory, bs_128x1, padding_512, pixelPerThread_2
27391 - CUDA, Ldg, LocalMemory, bs_32x32, padding_416, pixelPerThread_4
23162 - CUDA, Array2D, bs_64x1, padding_320, pixelPerThread_3
2155 - OpenCL, LocalMemory, bs_128x8, padding_352, pixelPerThread_4
23708 - CUDA, Array2D, bs_512x1, padding_352, pixelPerThread_1
9707 - OpenCL, Array2D, bs_32x4, padding_384, pixelPerThread_4
4712 - OpenCL, Linear1D, LocalMemory, bs_64x16, padding_160, pixelPerThread_1
8720 - OpenCL, Array2D, bs_32x16, padding_128, pixelPerThread_1
5883 - OpenCL, Linear2D, bs_32x16, padding_256, pixelPerThread_4
12660 - OpenCL, Ldg, bs_64x8, padding_96, pixelPerThread_1
7208 - OpenCL, Linear2D, LocalMemory, bs_32x8, padding_0, pixelPerThread_1
11118 - OpenCL, Array2D, LocalMemory, bs_32x4, padding_256, pixelPerThread_3
12564 - OpenCL, Ldg, bs_32x4, padding_416, pixelPerThread_1
4718 - OpenCL, Linear1D, LocalMemory, bs_64x16, padding_192, pixelPerThread_3
11825 - OpenCL, Ldg, bs_64x4, padding_480, pixelPerThread_2
5036 - OpenCL, Linear1D, LocalMemory, bs_256x4, padding_32, pixelPerThread_1
9127 - OpenCL, Array2D, bs_128x2, padding_96, pixelPerThread_4
23126 - CUDA, Array2D, bs_64x1, padding_32, pixelPerThread_3
25513 - CUDA, Array2D, LocalMemory, bs_64x8, padding_96, pixelPerThread_2
12426 - OpenCL, Ldg, bs_1024x1, padding_384, pixelPerThread_3
24188 - CUDA, Array2D, bs_256x1, padding_384, pixelPerThread_1
10192 - OpenCL, Array2D, LocalMemory, bs_32x16, padding_480, pixelPerThread_1
6972 - OpenCL, Linear2D, bs_64x8, padding_288, pixelPerThread_1
18990 - CUDA, Linear1D, LocalMemory, bs_64x16, padding_128, pixelPerThread_3
13940 - OpenCL, Ldg, LocalMemory, bs_32x4, padding_0, pixelPerThread_1
8301 - OpenCL, Linear2D, LocalMemory, bs_64x2, padding_32, pixelPerThread_2
13816 - OpenCL, Ldg, LocalMemory, bs_1024x1, padding_96, pixelPerThread_1
25087 - CUDA, Array2D, LocalMemory, bs_256x4, padding_480, pixelPerThread_4
7433 - OpenCL, Linear2D, LocalMemory, bs_64x1, padding_160, pixelPerThread_2
9707 - OpenCL, Array2D, bs_32x4, padding_384, pixelPerThread_4
8687 - OpenCL, Array2D, bs_32x8, padding_384, pixelPerThread_4
4581 - OpenCL, Linear1D, LocalMemory, bs_64x1, padding_192, pixelPerThread_2
5664 - OpenCL, Linear1D, LocalMemory, bs_256x2, padding_160, pixelPerThread_1
25226 - CUDA, Array2D, LocalMemory, bs_512x2, padding_512, pixelPerThread_3
25295 - CUDA, Array2D, LocalMemory, bs_1024x1, padding_512, pixelPerThread_4
11883 - OpenCL, Ldg, bs_64x16, padding_384, pixelPerThread_4
24145 - CUDA, Array2D, bs_256x1, padding_32, pixelPerThread_2
22130 - CUDA, Linear2D, LocalMemory, bs_128x8, padding_224, pixelPerThread_3
10454 - OpenCL, Array2D, LocalMemory, bs_64x16, padding_384, pixelPerThread_3
6709 - OpenCL, Linear2D, bs_1024x1, padding_352, pixelPerThread_2
13472 - OpenCL, Ldg, LocalMemory, bs_128x4, padding_64, pixelPerThread_1
10254 - OpenCL, Array2D, LocalMemory, bs_32x32, padding_416, pixelPerThread_3
25360 - CUDA, Array2D, LocalMemory, bs_32x2, padding_512, pixelPerThread_1
24976 - CUDA, Array2D, LocalMemory, bs_128x8, padding_160, pixelPerThread_1
5500 - OpenCL, Linear1D, LocalMemory, bs_64x2, padding_480, pixelPerThread_1
7035 - OpenCL, Linear2D, bs_256x1, padding_224, pixelPerThread_4
8508 - OpenCL, Linear2D, LocalMemory, bs_256x2, padding_64, pixelPerThread_1
10829 - OpenCL, Array2D, LocalMemory, bs_512x1, padding_128, pixelPerThread_2
6761 - OpenCL, Linear2D, bs_32x2, padding_224, pixelPerThread_2
25664 - CUDA, Array2D, LocalMemory, bs_256x2, padding_224, pixelPerThread_1
23648 - CUDA, Array2D, bs_256x4, padding_416, pixelPerThread_1
3361 - OpenCL, Linear1D, bs_128x1, padding_224, pixelPerThread_2
11615 - OpenCL, Ldg, bs_32x16, padding_416, pixelPerThread_4
10346 - OpenCL, Array2D, LocalMemory, bs_64x4, padding_64, pixelPerThread_3
24749 - CUDA, Array2D, LocalMemory, bs_64x16, padding_512, pixelPerThread_2
6448 - OpenCL, Linear2D, bs_128x8, padding_448, pixelPerThread_1
11379 - OpenCL, Array2D, LocalMemory, bs_256x2, padding_160, pixelPerThread_4
7780 - OpenCL, Linear2D, LocalMemory, bs_128x4, padding_224, pixelPerThread_1
7040 - OpenCL, Linear2D, bs_256x1, padding_288, pixelPerThread_1
8439 - OpenCL, Linear2D, LocalMemory, bs_256x1, padding_32, pixelPerThread_4
22956 - CUDA, Array2D, bs_32x8, padding_320, pixelPerThread_1
6373 - OpenCL, Linear2D, bs_128x4, padding_384, pixelPerThread_2
4764 - OpenCL, Linear1D, LocalMemory, bs_128x1, padding_32, pixelPerThread_1
9279 - OpenCL, Array2D, bs_128x8, padding_224, pixelPerThread_4
6710 - OpenCL, Linear2D, bs_1024x1, padding_352, pixelPerThread_3
11292 - OpenCL, Array2D, LocalMemory, bs_256x1, padding_32, pixelPerThread_1
24782 - CUDA, Array2D, LocalMemory, bs_128x1, padding_224, pixelPerThread_3
3798 - OpenCL, Linear1D, bs_512x2, padding_448, pixelPerThread_3
8828 - OpenCL, Array2D, bs_32x32, padding_448, pixelPerThread_1
10245 - OpenCL, Array2D, LocalMemory, bs_32x32, padding_352, pixelPerThread_2
5144 - OpenCL, Linear1D, LocalMemory, bs_512x1, padding_352, pixelPerThread_1
3673 - OpenCL, Linear1D, bs_512x1, padding_0, pixelPerThread_2
25452 - CUDA, Array2D, LocalMemory, bs_64x2, padding_160, pixelPerThread_1
10018 - OpenCL, Array2D, LocalMemory, bs_32x1, padding_160, pixelPerThread_3
23616 - CUDA, Array2D, bs_256x4, padding_160, pixelPerThread_1
22876 - CUDA, Array2D, bs_32x1, padding_224, pixelPerThread_1
5869 - OpenCL, Linear2D, bs_32x16, padding_160, pixelPerThread_2
22163 - CUDA, Linear2D, LocalMemory, bs_128x8, padding_480, pixelPerThread_4
6689 - OpenCL, Linear2D, bs_1024x1, padding_192, pixelPerThread_2
24462 - CUDA, Array2D, LocalMemory, bs_32x16, padding_384, pixelPerThread_3
24151 - CUDA, Array2D, bs_256x1, padding_64, pixelPerThread_4
3736 - OpenCL, Linear1D, bs_512x1, padding_512, pixelPerThread_1
6298 - OpenCL, Linear2D, bs_128x2, padding_320, pixelPerThread_3
4905 - OpenCL, Linear1D, LocalMemory, bs_128x4, padding_64, pixelPerThread_2
3034 - OpenCL, Linear1D, bs_32x16, padding_320, pixelPerThread_3
4804 - OpenCL, Linear1D, LocalMemory, bs_128x1, padding_352, pixelPerThread_1
6753 - OpenCL, Linear2D, bs_32x2, padding_160, pixelPerThread_2
3982 - OpenCL, Linear1D, bs_32x4, padding_288, pixelPerThread_3
11546 - OpenCL, Ldg, bs_32x8, padding_416, pixelPerThread_3
7387 - OpenCL, Linear2D, LocalMemory, bs_32x32, padding_320, pixelPerThread_4
12433 - OpenCL, Ldg, bs_1024x1, padding_448, pixelPerThread_2
10447 - OpenCL, Array2D, LocalMemory, bs_64x16, padding_320, pixelPerThread_4
6989 - OpenCL, Linear2D, bs_64x8, padding_416, pixelPerThread_2
12578 - OpenCL, Ldg, bs_32x4, padding_512, pixelPerThread_3
12925 - OpenCL, Ldg, LocalMemory, bs_32x8, padding_32, pixelPerThread_2
16138 - CUDA, LocalMemory, bs_64x16, padding_160, pixelPerThread_3
9552 - OpenCL, Array2D, bs_1024x1, padding_256, pixelPerThread_1
24781 - CUDA, Array2D, LocalMemory, bs_128x1, padding_224, pixelPerThread_2
16514 - CUDA, LocalMemory, bs_256x4, padding_448, pixelPerThread_3
5214 - OpenCL, Linear1D, LocalMemory, bs_512x2, padding_352, pixelPerThread_3
8691 - OpenCL, Array2D, bs_32x8, padding_416, pixelPerThread_4
16122 - CUDA, LocalMemory, bs_64x16, padding_32, pixelPerThread_3
12851 - OpenCL, Ldg, bs_256x2, padding_512, pixelPerThread_4
14227 - OpenCL, Ldg, LocalMemory, bs_256x2, padding_96, pixelPerThread_4
8709 - OpenCL, Array2D, bs_32x16, padding_32, pixelPerThread_2
10037 - OpenCL, Array2D, LocalMemory, bs_32x1, padding_320, pixelPerThread_2
10616 - OpenCL, Array2D, LocalMemory, bs_128x4, padding_64, pixelPerThread_1
27567 - CUDA, Ldg, LocalMemory, bs_64x16, padding_192, pixelPerThread_4
12029 - OpenCL, Ldg, bs_128x2, padding_480, pixelPerThread_2
25657 - CUDA, Array2D, LocalMemory, bs_256x2, padding_160, pixelPerThread_2
13704 - OpenCL, Ldg, LocalMemory, bs_512x1, padding_288, pixelPerThread_1
3560 - OpenCL, Linear1D, bs_128x8, padding_192, pixelPerThread_1
24703 - CUDA, Array2D, LocalMemory, bs_64x16, padding_128, pixelPerThread_4
14182 - OpenCL, Ldg, LocalMemory, bs_256x1, padding_288, pixelPerThread_3
25624 - CUDA, Array2D, LocalMemory, bs_256x1, padding_448, pixelPerThread_1
13846 - OpenCL, Ldg, LocalMemory, bs_1024x1, padding_320, pixelPerThread_3
2425 - OpenCL, LocalMemory, bs_1024x1, padding_352, pixelPerThread_2
5098 - OpenCL, Linear1D, LocalMemory, bs_256x4, padding_512, pixelPerThread_3
23604 - CUDA, Array2D, bs_256x4, padding_64, pixelPerThread_1
19559 - CUDA, Linear1D, LocalMemory, bs_1024x1, padding_320, pixelPerThread_4
7218 - OpenCL, Linear2D, LocalMemory, bs_32x8, padding_64, pixelPerThread_3
22884 - CUDA, Array2D, bs_32x1, padding_288, pixelPerThread_1
5402 - OpenCL, Linear1D, LocalMemory, bs_32x4, padding_224, pixelPerThread_3
5480 - OpenCL, Linear1D, LocalMemory, bs_64x2, padding_320, pixelPerThread_1
3869 - OpenCL, Linear1D, bs_1024x1, padding_480, pixelPerThread_2
24627 - CUDA, Array2D, LocalMemory, bs_64x4, padding_64, pixelPerThread_4
19583 - CUDA, Linear1D, LocalMemory, bs_1024x1, padding_512, pixelPerThread_4
8743 - OpenCL, Array2D, bs_32x16, padding_288, pixelPerThread_4
10514 - OpenCL, Array2D, LocalMemory, bs_128x1, padding_320, pixelPerThread_3
18791 - CUDA, Linear1D, LocalMemory, bs_32x32, padding_160, pixelPerThread_4
24408 - CUDA, Array2D, LocalMemory, bs_32x8, padding_512, pixelPerThread_1
24937 - CUDA, Array2D, LocalMemory, bs_128x4, padding_384, pixelPerThread_2
9551 - OpenCL, Array2D, bs_1024x1, padding_224, pixelPerThread_4
12548 - OpenCL, Ldg, bs_32x4, padding_288, pixelPerThread_1
6283 - OpenCL, Linear2D, bs_128x2, padding_192, pixelPerThread_4
8428 - OpenCL, Linear2D, LocalMemory, bs_64x8, padding_512, pixelPerThread_1
4810 - OpenCL, Linear1D, LocalMemory, bs_128x1, padding_384, pixelPerThread_3
8779 - OpenCL, Array2D, bs_32x32, padding_32, pixelPerThread_4
19379 - CUDA, Linear1D, LocalMemory, bs_256x4, padding_512, pixelPerThread_4
9827 - OpenCL, Array2D, bs_64x8, padding_256, pixelPerThread_4
11166 - OpenCL, Array2D, LocalMemory, bs_64x2, padding_96, pixelPerThread_3
24410 - CUDA, Array2D, LocalMemory, bs_32x8, padding_512, pixelPerThread_3
3667 - OpenCL, Linear1D, bs_256x4, padding_480, pixelPerThread_4
6832 - OpenCL, Linear2D, bs_32x4, padding_256, pixelPerThread_1
12950 - OpenCL, Ldg, LocalMemory, bs_32x8, padding_224, pixelPerThread_3
11943 - OpenCL, Ldg, bs_128x1, padding_320, pixelPerThread_4
14052 - OpenCL, Ldg, LocalMemory, bs_64x2, padding_352, pixelPerThread_1
25489 - CUDA, Array2D, LocalMemory, bs_64x2, padding_448, pixelPerThread_2
4328 - OpenCL, Linear1D, LocalMemory, bs_32x1, padding_352, pixelPerThread_1
6547 - OpenCL, Linear2D, bs_512x1, padding_128, pixelPerThread_4
9946 - OpenCL, Array2D, bs_256x2, padding_128, pixelPerThread_3
10363 - OpenCL, Array2D, LocalMemory, bs_64x4, padding_192, pixelPerThread_4
24645 - CUDA, Array2D, LocalMemory, bs_64x4, padding_224, pixelPerThread_2
10261 - OpenCL, Array2D, LocalMemory, bs_32x32, padding_480, pixelPerThread_2
5029 - OpenCL, Linear1D, LocalMemory, bs_128x8, padding_512, pixelPerThread_2
8702 - OpenCL, Array2D, bs_32x8, padding_512, pixelPerThread_3
1635 - OpenCL, LocalMemory, bs_32x32, padding_0, pixelPerThread_4
8846 - OpenCL, Array2D, bs_64x1, padding_32, pixelPerThread_3
25148 - CUDA, Array2D, LocalMemory, bs_512x1, padding_448, pixelPerThread_1
8954 - OpenCL, Array2D, bs_64x4, padding_352, pixelPerThread_3
3270 - OpenCL, Linear1D, bs_64x16, padding_32, pixelPerThread_3
22900 - CUDA, Array2D, bs_32x1, padding_416, pixelPerThread_1
5431 - OpenCL, Linear1D, LocalMemory, bs_32x4, padding_448, pixelPerThread_4
24848 - CUDA, Array2D, LocalMemory, bs_128x2, padding_224, pixelPerThread_1
19034 - CUDA, Linear1D, LocalMemory, bs_64x16, padding_480, pixelPerThread_3
4450 - OpenCL, Linear1D, LocalMemory, bs_32x16, padding_224, pixelPerThread_3
3279 - OpenCL, Linear1D, bs_64x16, padding_96, pixelPerThread_4
3175 - OpenCL, Linear1D, bs_64x1, padding_352, pixelPerThread_4
13580 - OpenCL, Ldg, LocalMemory, bs_128x8, padding_384, pixelPerThread_1
9735 - OpenCL, Array2D, bs_64x2, padding_64, pixelPerThread_4
3955 - OpenCL, Linear1D, bs_32x4, padding_64, pixelPerThread_4
22210 - CUDA, Linear2D, LocalMemory, bs_256x4, padding_320, pixelPerThread_3
12769 - OpenCL, Ldg, bs_256x1, padding_416, pixelPerThread_2
25029 - CUDA, Array2D, LocalMemory, bs_256x4, padding_32, pixelPerThread_2
6150 - OpenCL, Linear2D, bs_64x16, padding_224, pixelPerThread_3
4220 - OpenCL, Linear1D, bs_256x2, padding_32, pixelPerThread_1
23853 - CUDA, Array2D, bs_1024x1, padding_416, pixelPerThread_2
23509 - CUDA, Array2D, bs_128x4, padding_384, pixelPerThread_2
7740 - OpenCL, Linear2D, LocalMemory, bs_128x2, padding_448, pixelPerThread_1
4902 - OpenCL, Linear1D, LocalMemory, bs_128x4, padding_32, pixelPerThread_3
3245 - OpenCL, Linear1D, bs_64x4, padding_384, pixelPerThread_2
4515 - OpenCL, Linear1D, LocalMemory, bs_32x32, padding_192, pixelPerThread_4
24166 - CUDA, Array2D, bs_256x1, padding_192, pixelPerThread_3
25329 - CUDA, Array2D, LocalMemory, bs_32x2, padding_256, pixelPerThread_2
8713 - OpenCL, Array2D, bs_32x16, padding_64, pixelPerThread_2
5811 - OpenCL, Linear2D, bs_32x8, padding_224, pixelPerThread_4
6594 - OpenCL, Linear2D, bs_512x1, padding_512, pixelPerThread_3
25004 - CUDA, Array2D, LocalMemory, bs_128x8, padding_384, pixelPerThread_1
5291 - OpenCL, Linear1D, LocalMemory, bs_1024x1, padding_416, pixelPerThread_4
2937 - OpenCL, Linear1D, bs_32x8, padding_96, pixelPerThread_2
14063 - OpenCL, Ldg, LocalMemory, bs_64x2, padding_416, pixelPerThread_4
12484 - OpenCL, Ldg, bs_32x2, padding_320, pixelPerThread_1
24053 - CUDA, Array2D, bs_64x2, padding_384, pixelPerThread_2
2151 - OpenCL, LocalMemory, bs_128x8, padding_320, pixelPerThread_4
27394 - CUDA, Ldg, LocalMemory, bs_32x32, padding_448, pixelPerThread_3
6394 - OpenCL, Linear2D, bs_128x8, padding_0, pixelPerThread_3
25270 - CUDA, Array2D, LocalMemory, bs_1024x1, padding_320, pixelPerThread_3
4323 - OpenCL, Linear1D, LocalMemory, bs_32x1, padding_288, pixelPerThread_4
24993 - CUDA, Array2D, LocalMemory, bs_128x8, padding_288, pixelPerThread_2
10335 - OpenCL, Array2D, LocalMemory, bs_64x1, padding_512, pixelPerThread_4
5219 - OpenCL, Linear1D, LocalMemory, bs_512x2, padding_384, pixelPerThread_4
8348 - OpenCL, Linear2D, LocalMemory, bs_64x2, padding_416, pixelPerThread_1
5140 - OpenCL, Linear1D, LocalMemory, bs_512x1, padding_320, pixelPerThread_1
13136 - OpenCL, Ldg, LocalMemory, bs_64x1, padding_96, pixelPerThread_1
8152 - OpenCL, Linear2D, LocalMemory, bs_1024x1, padding_480, pixelPerThread_1
24430 - CUDA, Array2D, LocalMemory, bs_32x16, padding_128, pixelPerThread_3
25393 - CUDA, Array2D, LocalMemory, bs_32x4, padding_224, pixelPerThread_2
22350 - CUDA, Linear2D, LocalMemory, bs_512x2, padding_352, pixelPerThread_3
4974 - OpenCL, Linear1D, LocalMemory, bs_128x8, padding_64, pixelPerThread_3
4802 - OpenCL, Linear1D, LocalMemory, bs_128x1, padding_320, pixelPerThread_3
8607 - OpenCL, Array2D, bs_32x1, padding_288, pixelPerThread_4
7219 - OpenCL, Linear2D, LocalMemory, bs_32x8, padding_64, pixelPerThread_4
9409 - OpenCL, Array2D, bs_512x1, padding_192, pixelPerThread_2
28143 - CUDA, Ldg, LocalMemory, bs_1024x1, padding_448, pixelPerThread_4
10586 - OpenCL, Array2D, LocalMemory, bs_128x2, padding_352, pixelPerThread_3
3304 - OpenCL, Linear1D, bs_64x16, padding_320, pixelPerThread_1
6195 - OpenCL, Linear2D, bs_128x1, padding_32, pixelPerThread_4
9100 - OpenCL, Array2D, bs_128x1, padding_448, pixelPerThread_1
24690 - CUDA, Array2D, LocalMemory, bs_64x16, padding_32, pixelPerThread_3
9832 - OpenCL, Array2D, bs_64x8, padding_320, pixelPerThread_1
23515 - CUDA, Array2D, bs_128x4, padding_416, pixelPerThread_4
10185 - OpenCL, Array2D, LocalMemory, bs_32x16, padding_416, pixelPerThread_2
7343 - OpenCL, Linear2D, LocalMemory, bs_32x16, padding_512, pixelPerThread_4
10917 - OpenCL, Array2D, LocalMemory, bs_512x2, padding_288, pixelPerThread_2
6812 - OpenCL, Linear2D, bs_32x4, padding_96, pixelPerThread_1
25347 - CUDA, Array2D, LocalMemory, bs_32x2, padding_384, pixelPerThread_4
3585 - OpenCL, Linear1D, bs_128x8, padding_384, pixelPerThread_2
13854 - OpenCL, Ldg, LocalMemory, bs_1024x1, padding_384, pixelPerThread_3
24275 - CUDA, Array2D, bs_256x2, padding_512, pixelPerThread_4
23205 - CUDA, Array2D, bs_64x4, padding_128, pixelPerThread_2
5203 - OpenCL, Linear1D, LocalMemory, bs_512x2, padding_256, pixelPerThread_4
23914 - CUDA, Array2D, bs_32x2, padding_352, pixelPerThread_3
5442 - OpenCL, Linear1D, LocalMemory, bs_64x2, padding_0, pixelPerThread_3
27395 - CUDA, Ldg, LocalMemory, bs_32x32, padding_448, pixelPerThread_4
23348 - CUDA, Array2D, bs_128x1, padding_192, pixelPerThread_1
10544 - OpenCL, Array2D, LocalMemory, bs_128x2, padding_32, pixelPerThread_1
13798 - OpenCL, Ldg, LocalMemory, bs_512x2, padding_480, pixelPerThread_3
8904 - OpenCL, Array2D, bs_64x1, padding_512, pixelPerThread_1
24494 - CUDA, Array2D, LocalMemory, bs_32x32, padding_96, pixelPerThread_3
2335 - OpenCL, LocalMemory, bs_512x2, padding_160, pixelPerThread_4
6554 - OpenCL, Linear2D, bs_512x1, padding_192, pixelPerThread_3
6916 - OpenCL, Linear2D, bs_64x2, padding_384, pixelPerThread_1
9100 - OpenCL, Array2D, bs_128x1, padding_448, pixelPerThread_1
23766 - CUDA, Array2D, bs_512x2, padding_256, pixelPerThread_3
23852 - CUDA, Array2D, bs_1024x1, padding_416, pixelPerThread_1
7450 - OpenCL, Linear2D, LocalMemory, bs_64x1, padding_288, pixelPerThread_3
8559 - OpenCL, Linear2D, LocalMemory, bs_256x2, padding_448, pixelPerThread_4
2139 - OpenCL, LocalMemory, bs_128x8, padding_224, pixelPerThread_4
12961 - OpenCL, Ldg, LocalMemory, bs_32x8, padding_320, pixelPerThread_2
10018 - OpenCL, Array2D, LocalMemory, bs_32x1, padding_160, pixelPerThread_3
8230 - OpenCL, Linear2D, LocalMemory, bs_32x4, padding_0, pixelPerThread_3
23695 - CUDA, Array2D, bs_512x1, padding_224, pixelPerThread_4
6036 - OpenCL, Linear2D, bs_64x1, padding_416, pixelPerThread_1
13731 - OpenCL, Ldg, LocalMemory, bs_512x1, padding_480, pixelPerThread_4
19035 - CUDA, Linear1D, LocalMemory, bs_64x16, padding_480, pixelPerThread_4
24832 - CUDA, Array2D, LocalMemory, bs_128x2, padding_96, pixelPerThread_1
2195 - OpenCL, LocalMemory, bs_256x4, padding_128, pixelPerThread_4
2868 - OpenCL, Linear1D, bs_32x1, padding_96, pixelPerThread_1
25190 - CUDA, Array2D, LocalMemory, bs_512x2, padding_224, pixelPerThread_3
10714 - OpenCL, Array2D, LocalMemory, bs_128x8, padding_288, pixelPerThread_3
23332 - CUDA, Array2D, bs_128x1, padding_64, pixelPerThread_1
3628 - OpenCL, Linear1D, bs_256x4, padding_192, pixelPerThread_1
6671 - OpenCL, Linear2D, bs_1024x1, padding_32, pixelPerThread_4
23816 - CUDA, Array2D, bs_1024x1, padding_128, pixelPerThread_1
14091 - OpenCL, Ldg, LocalMemory, bs_64x8, padding_96, pixelPerThread_4
6381 - OpenCL, Linear2D, bs_128x4, padding_448, pixelPerThread_2
3780 - OpenCL, Linear1D, bs_512x2, padding_320, pixelPerThread_1
2868 - OpenCL, Linear1D, bs_32x1, padding_96, pixelPerThread_1
9495 - OpenCL, Array2D, bs_512x2, padding_320, pixelPerThread_4
3569 - OpenCL, Linear1D, bs_128x8, padding_256, pixelPerThread_2
7622 - OpenCL, Linear2D, LocalMemory, bs_128x1, padding_32, pixelPerThread_3
24517 - CUDA, Array2D, LocalMemory, bs_32x32, padding_288, pixelPerThread_2
9256 - OpenCL, Array2D, bs_128x8, padding_64, pixelPerThread_1
27831 - CUDA, Ldg, LocalMemory, bs_128x8, padding_128, pixelPerThread_4
23370 - CUDA, Array2D, bs_128x1, padding_352, pixelPerThread_3
11881 - OpenCL, Ldg, bs_64x16, padding_384, pixelPerThread_2
25168 - CUDA, Array2D, LocalMemory, bs_512x2, padding_64, pixelPerThread_1
23881 - CUDA, Array2D, bs_32x2, padding_96, pixelPerThread_2
23697 - CUDA, Array2D, bs_512x1, padding_256, pixelPerThread_2
8534 - OpenCL, Linear2D, LocalMemory, bs_256x2, padding_256, pixelPerThread_3
11746 - OpenCL, Ldg, bs_64x1, padding_384, pixelPerThread_3
4943 - OpenCL, Linear1D, LocalMemory, bs_128x4, padding_352, pixelPerThread_4
10729 - OpenCL, Array2D, LocalMemory, bs_128x8, padding_416, pixelPerThread_2
10706 - OpenCL, Array2D, LocalMemory, bs_128x8, padding_224, pixelPerThread_3
24273 - CUDA, Array2D, bs_256x2, padding_512, pixelPerThread_2
11432 - OpenCL, Ldg, bs_32x1, padding_64, pixelPerThread_1
12634 - OpenCL, Ldg, bs_64x2, padding_416, pixelPerThread_3
27858 - CUDA, Ldg, LocalMemory, bs_128x8, padding_352, pixelPerThread_3
10511 - OpenCL, Array2D, LocalMemory, bs_128x1, padding_288, pixelPerThread_4
12517 - OpenCL, Ldg, bs_32x4, padding_32, pixelPerThread_2
24536 - CUDA, Array2D, LocalMemory, bs_32x32, padding_448, pixelPerThread_1
9508 - OpenCL, Array2D, bs_512x2, padding_448, pixelPerThread_1
27374 - CUDA, Ldg, LocalMemory, bs_32x32, padding_288, pixelPerThread_3
22932 - CUDA, Array2D, bs_32x8, padding_128, pixelPerThread_1
11570 - OpenCL, Ldg, bs_32x16, padding_64, pixelPerThread_3
7546 - OpenCL, Linear2D, LocalMemory, bs_64x4, padding_512, pixelPerThread_3
8432 - OpenCL, Linear2D, LocalMemory, bs_256x1, padding_0, pixelPerThread_1
6144 - OpenCL, Linear2D, bs_64x16, padding_192, pixelPerThread_1
5488 - OpenCL, Linear1D, LocalMemory, bs_64x2, padding_384, pixelPerThread_1
9636 - OpenCL, Array2D, bs_32x2, padding_384, pixelPerThread_1
13681 - OpenCL, Ldg, LocalMemory, bs_512x1, padding_96, pixelPerThread_2
6066 - OpenCL, Linear2D, bs_64x4, padding_96, pixelPerThread_3
7634 - OpenCL, Linear2D, LocalMemory, bs_128x1, padding_128, pixelPerThread_3
6123 - OpenCL, Linear2D, bs_64x16, padding_0, pixelPerThread_4
10277 - OpenCL, Array2D, LocalMemory, bs_64x1, padding_64, pixelPerThread_2
2355 - OpenCL, LocalMemory, bs_512x2, padding_320, pixelPerThread_4
5819 - OpenCL, Linear2D, bs_32x8, padding_288, pixelPerThread_4
10853 - OpenCL, Array2D, LocalMemory, bs_512x1, padding_320, pixelPerThread_2
13178 - OpenCL, Ldg, LocalMemory, bs_64x1, padding_416, pixelPerThread_3
23453 - CUDA, Array2D, bs_128x2, padding_480, pixelPerThread_2
3232 - OpenCL, Linear1D, bs_64x4, padding_288, pixelPerThread_1
24064 - CUDA, Array2D, bs_64x2, padding_480, pixelPerThread_1
24751 - CUDA, Array2D, LocalMemory, bs_64x16, padding_512, pixelPerThread_4
7183 - OpenCL, Linear2D, LocalMemory, bs_32x1, padding_320, pixelPerThread_4
6879 - OpenCL, Linear2D, bs_64x2, padding_64, pixelPerThread_4
18830 - CUDA, Linear1D, LocalMemory, bs_32x32, padding_480, pixelPerThread_3
10087 - OpenCL, Array2D, LocalMemory, bs_32x8, padding_160, pixelPerThread_4
23139 - CUDA, Array2D, bs_64x1, padding_128, pixelPerThread_4
3885 - OpenCL, Linear1D, bs_32x2, padding_64, pixelPerThread_2
23366 - CUDA, Array2D, bs_128x1, padding_320, pixelPerThread_3
4366 - OpenCL, Linear1D, LocalMemory, bs_32x8, padding_96, pixelPerThread_3
12092 - OpenCL, Ldg, bs_128x4, padding_448, pixelPerThread_1
6967 - OpenCL, Linear2D, bs_64x8, padding_224, pixelPerThread_4
24405 - CUDA, Array2D, LocalMemory, bs_32x8, padding_480, pixelPerThread_2
9256 - OpenCL, Array2D, bs_128x8, padding_64, pixelPerThread_1
13199 - OpenCL, Ldg, LocalMemory, bs_64x4, padding_32, pixelPerThread_4
7280 - OpenCL, Linear2D, LocalMemory, bs_32x16, padding_32, pixelPerThread_1
5725 - OpenCL, Linear2D, bs_32x1, padding_96, pixelPerThread_2
14033 - OpenCL, Ldg, LocalMemory, bs_64x2, padding_192, pixelPerThread_2
4314 - OpenCL, Linear1D, LocalMemory, bs_32x1, padding_224, pixelPerThread_3
24975 - CUDA, Array2D, LocalMemory, bs_128x8, padding_128, pixelPerThread_4
7667 - OpenCL, Linear2D, LocalMemory, bs_128x1, padding_384, pixelPerThread_4
13650 - OpenCL, Ldg, LocalMemory, bs_256x4, padding_384, pixelPerThread_3
13444 - OpenCL, Ldg, LocalMemory, bs_128x2, padding_384, pixelPerThread_1
4280 - OpenCL, Linear1D, bs_256x2, padding_512, pixelPerThread_1
6497 - OpenCL, Linear2D, bs_256x4, padding_288, pixelPerThread_2
8256 - OpenCL, Linear2D, LocalMemory, bs_32x4, padding_224, pixelPerThread_1
11544 - OpenCL, Ldg, bs_32x8, padding_416, pixelPerThread_1
6391 - OpenCL, Linear2D, bs_128x4, padding_512, pixelPerThread_4
7549 - OpenCL, Linear2D, LocalMemory, bs_64x16, padding_0, pixelPerThread_2
9106 - OpenCL, Array2D, bs_128x1, padding_480, pixelPerThread_3
12795 - OpenCL, Ldg, bs_256x2, padding_64, pixelPerThread_4
8552 - OpenCL, Linear2D, LocalMemory, bs_256x2, padding_416, pixelPerThread_1
3567 - OpenCL, Linear1D, bs_128x8, padding_224, pixelPerThread_4
24824 - CUDA, Array2D, LocalMemory, bs_128x2, padding_32, pixelPerThread_1
4919 - OpenCL, Linear1D, LocalMemory, bs_128x4, padding_160, pixelPerThread_4
10947 - OpenCL, Array2D, LocalMemory, bs_512x2, padding_512, pixelPerThread_4
3968 - OpenCL, Linear1D, bs_32x4, padding_192, pixelPerThread_1
11552 - OpenCL, Ldg, bs_32x8, padding_480, pixelPerThread_1
23202 - CUDA, Array2D, bs_64x4, padding_96, pixelPerThread_3
6161 - OpenCL, Linear2D, bs_64x16, padding_320, pixelPerThread_2
11549 - OpenCL, Ldg, bs_32x8, padding_448, pixelPerThread_2
4362 - OpenCL, Linear1D, LocalMemory, bs_32x8, padding_64, pixelPerThread_3
9105 - OpenCL, Array2D, bs_128x1, padding_480, pixelPerThread_2
28131 - CUDA, Ldg, LocalMemory, bs_1024x1, padding_352, pixelPerThread_4
11758 - OpenCL, Ldg, bs_64x1, padding_480, pixelPerThread_3
7661 - OpenCL, Linear2D, LocalMemory, bs_128x1, padding_352, pixelPerThread_2
8124 - OpenCL, Linear2D, LocalMemory, bs_1024x1, padding_256, pixelPerThread_1
7811 - OpenCL, Linear2D, LocalMemory, bs_128x4, padding_448, pixelPerThread_4
22122 - CUDA, Linear2D, LocalMemory, bs_128x8, padding_160, pixelPerThread_3
11709 - OpenCL, Ldg, bs_64x1, padding_96, pixelPerThread_2
8551 - OpenCL, Linear2D, LocalMemory, bs_256x2, padding_384, pixelPerThread_4
13998 - OpenCL, Ldg, LocalMemory, bs_32x4, padding_448, pixelPerThread_3
5649 - OpenCL, Linear1D, LocalMemory, bs_256x2, padding_32, pixelPerThread_2
10465 - OpenCL, Array2D, LocalMemory, bs_64x16, padding_480, pixelPerThread_2
8049 - OpenCL, Linear2D, LocalMemory, bs_512x2, padding_192, pixelPerThread_2
24871 - CUDA, Array2D, LocalMemory, bs_128x2, padding_384, pixelPerThread_4
3552 - OpenCL, Linear1D, bs_128x8, padding_128, pixelPerThread_1
13643 - OpenCL, Ldg, LocalMemory, bs_256x4, padding_320, pixelPerThread_4
1891 - OpenCL, LocalMemory, bs_64x16, padding_416, pixelPerThread_4
9638 - OpenCL, Array2D, bs_32x2, padding_384, pixelPerThread_3
25266 - CUDA, Array2D, LocalMemory, bs_1024x1, padding_288, pixelPerThread_3
2438 - OpenCL, LocalMemory, bs_1024x1, padding_448, pixelPerThread_3
6820 - OpenCL, Linear2D, bs_32x4, padding_160, pixelPerThread_1
9158 - OpenCL, Array2D, bs_128x2, padding_352, pixelPerThread_3
11586 - OpenCL, Ldg, bs_32x16, padding_192, pixelPerThread_3
5134 - OpenCL, Linear1D, LocalMemory, bs_512x1, padding_256, pixelPerThread_3
11839 - OpenCL, Ldg, bs_64x16, padding_32, pixelPerThread_4
7095 - OpenCL, Linear2D, bs_256x2, padding_160, pixelPerThread_4
24316 - CUDA, Array2D, LocalMemory, bs_32x1, padding_320, pixelPerThread_1
24355 - CUDA, Array2D, LocalMemory, bs_32x8, padding_64, pixelPerThread_4
6541 - OpenCL, Linear2D, bs_512x1, padding_96, pixelPerThread_2
23977 - CUDA, Array2D, bs_32x4, padding_320, pixelPerThread_2
5902 - OpenCL, Linear2D, bs_32x16, padding_416, pixelPerThread_3
5256 - OpenCL, Linear1D, LocalMemory, bs_1024x1, padding_160, pixelPerThread_1
24232 - CUDA, Array2D, bs_256x2, padding_192, pixelPerThread_1
7189 - OpenCL, Linear2D, LocalMemory, bs_32x1, padding_384, pixelPerThread_2
9009 - OpenCL, Array2D, bs_64x16, padding_256, pixelPerThread_2
23040 - CUDA, Array2D, bs_32x16, padding_448, pixelPerThread_1
9213 - OpenCL, Array2D, bs_128x4, padding_256, pixelPerThread_2
6112 - OpenCL, Linear2D, bs_64x4, padding_480, pixelPerThread_1
7178 - OpenCL, Linear2D, LocalMemory, bs_32x1, padding_288, pixelPerThread_3
25051 - CUDA, Array2D, LocalMemory, bs_256x4, padding_192, pixelPerThread_4
7462 - OpenCL, Linear2D, LocalMemory, bs_64x1, padding_384, pixelPerThread_3
11347 - OpenCL, Array2D, LocalMemory, bs_256x1, padding_448, pixelPerThread_4
4037 - OpenCL, Linear1D, bs_64x2, padding_192, pixelPerThread_2
12254 - OpenCL, Ldg, bs_512x1, padding_96, pixelPerThread_3
13978 - OpenCL, Ldg, LocalMemory, bs_32x4, padding_288, pixelPerThread_3
4314 - OpenCL, Linear1D, LocalMemory, bs_32x1, padding_224, pixelPerThread_3
19569 - CUDA, Linear1D, LocalMemory, bs_1024x1, padding_416, pixelPerThread_2
4381 - OpenCL, Linear1D, LocalMemory, bs_32x8, padding_224, pixelPerThread_2
23622 - CUDA, Array2D, bs_256x4, padding_192, pixelPerThread_3
3344 - OpenCL, Linear1D, bs_128x1, padding_96, pixelPerThread_1
3797 - OpenCL, Linear1D, bs_512x2, padding_448, pixelPerThread_2
7080 - OpenCL, Linear2D, bs_256x2, padding_64, pixelPerThread_1
25272 - CUDA, Array2D, LocalMemory, bs_1024x1, padding_352, pixelPerThread_1
12459 - OpenCL, Ldg, bs_32x2, padding_96, pixelPerThread_4
7531 - OpenCL, Linear2D, LocalMemory, bs_64x4, padding_384, pixelPerThread_4
6003 - OpenCL, Linear2D, bs_64x1, padding_128, pixelPerThread_4
9272 - OpenCL, Array2D, bs_128x8, padding_192, pixelPerThread_1
7391 - OpenCL, Linear2D, LocalMemory, bs_32x32, padding_352, pixelPerThread_4
9411 - OpenCL, Array2D, bs_512x1, padding_192, pixelPerThread_4
13218 - OpenCL, Ldg, LocalMemory, bs_64x4, padding_192, pixelPerThread_3
6892 - OpenCL, Linear2D, bs_64x2, padding_192, pixelPerThread_1
12490 - OpenCL, Ldg, bs_32x2, padding_352, pixelPerThread_3
7828 - OpenCL, Linear2D, LocalMemory, bs_128x8, padding_64, pixelPerThread_1
12308 - OpenCL, Ldg, bs_512x2, padding_0, pixelPerThread_1
23591 - CUDA, Array2D, bs_128x8, padding_480, pixelPerThread_4
10559 - OpenCL, Array2D, LocalMemory, bs_128x2, padding_128, pixelPerThread_4
23966 - CUDA, Array2D, bs_32x4, padding_224, pixelPerThread_3
3575 - OpenCL, Linear1D, bs_128x8, padding_288, pixelPerThread_4
22351 - CUDA, Linear2D, LocalMemory, bs_512x2, padding_352, pixelPerThread_4
14151 - OpenCL, Ldg, LocalMemory, bs_256x1, padding_32, pixelPerThread_4
3971 - OpenCL, Linear1D, bs_32x4, padding_192, pixelPerThread_4
2314 - OpenCL, LocalMemory, bs_512x2, padding_0, pixelPerThread_3
3698 - OpenCL, Linear1D, bs_512x1, padding_192, pixelPerThread_3
10749 - OpenCL, Array2D, LocalMemory, bs_256x4, padding_32, pixelPerThread_2
11105 - OpenCL, Array2D, LocalMemory, bs_32x4, padding_160, pixelPerThread_2
25673 - CUDA, Array2D, LocalMemory, bs_256x2, padding_288, pixelPerThread_2
12326 - OpenCL, Ldg, bs_512x2, padding_128, pixelPerThread_3
23601 - CUDA, Array2D, bs_256x4, padding_32, pixelPerThread_2
6331 - OpenCL, Linear2D, bs_128x4, padding_32, pixelPerThread_4
25012 - CUDA, Array2D, LocalMemory, bs_128x8, padding_448, pixelPerThread_1
9400 - OpenCL, Array2D, bs_512x1, padding_128, pixelPerThread_1
7469 - OpenCL, Linear2D, LocalMemory, bs_64x1, padding_448, pixelPerThread_2
23331 - CUDA, Array2D, bs_128x1, padding_32, pixelPerThread_4
21867 - CUDA, Linear2D, LocalMemory, bs_64x16, padding_288, pixelPerThread_4
10793 - OpenCL, Array2D, LocalMemory, bs_256x4, padding_384, pixelPerThread_2
3955 - OpenCL, Linear1D, bs_32x4, padding_64, pixelPerThread_4
3791 - OpenCL, Linear1D, bs_512x2, padding_384, pixelPerThread_4
8810 - OpenCL, Array2D, bs_32x32, padding_288, pixelPerThread_3
8040 - OpenCL, Linear2D, LocalMemory, bs_512x2, padding_128, pixelPerThread_1
5301 - OpenCL, Linear1D, LocalMemory, bs_1024x1, padding_512, pixelPerThread_2
6541 - OpenCL, Linear2D, bs_512x1, padding_96, pixelPerThread_2
8003 - OpenCL, Linear2D, LocalMemory, bs_512x1, padding_352, pixelPerThread_4
4955 - OpenCL, Linear1D, LocalMemory, bs_128x4, padding_448, pixelPerThread_4
6006 - OpenCL, Linear2D, bs_64x1, padding_160, pixelPerThread_3
23924 - CUDA, Array2D, bs_32x2, padding_448, pixelPerThread_1
10715 - OpenCL, Array2D, LocalMemory, bs_128x8, padding_288, pixelPerThread_4
7500 - OpenCL, Linear2D, LocalMemory, bs_64x4, padding_160, pixelPerThread_1
3723 - OpenCL, Linear1D, bs_512x1, padding_384, pixelPerThread_4
7820 - OpenCL, Linear2D, LocalMemory, bs_128x8, padding_0, pixelPerThread_1
9007 - OpenCL, Array2D, bs_64x16, padding_224, pixelPerThread_4
6528 - OpenCL, Linear2D, bs_512x1, padding_0, pixelPerThread_1
11007 - OpenCL, Array2D, LocalMemory, bs_1024x1, padding_448, pixelPerThread_4
12970 - OpenCL, Ldg, LocalMemory, bs_32x8, padding_384, pixelPerThread_3
23199 - CUDA, Array2D, bs_64x4, padding_64, pixelPerThread_4
10390 - OpenCL, Array2D, LocalMemory, bs_64x4, padding_416, pixelPerThread_3
24596 - CUDA, Array2D, LocalMemory, bs_64x1, padding_384, pixelPerThread_1
16654 - CUDA, LocalMemory, bs_512x2, padding_480, pixelPerThread_3
21847 - CUDA, Linear2D, LocalMemory, bs_64x16, padding_128, pixelPerThread_4
7150 - OpenCL, Linear2D, LocalMemory, bs_32x1, padding_64, pixelPerThread_3
13335 - OpenCL, Ldg, LocalMemory, bs_128x1, padding_32, pixelPerThread_4
24683 - CUDA, Array2D, LocalMemory, bs_64x4, padding_512, pixelPerThread_4
3515 - OpenCL, Linear1D, bs_128x4, padding_352, pixelPerThread_4
8049 - OpenCL, Linear2D, LocalMemory, bs_512x2, padding_192, pixelPerThread_2
4731 - OpenCL, Linear1D, LocalMemory, bs_64x16, padding_288, pixelPerThread_4
23697 - CUDA, Array2D, bs_512x1, padding_256, pixelPerThread_2
10202 - OpenCL, Array2D, LocalMemory, bs_32x32, padding_0, pixelPerThread_3
4444 - OpenCL, Linear1D, LocalMemory, bs_32x16, padding_192, pixelPerThread_1
24502 - CUDA, Array2D, LocalMemory, bs_32x32, padding_160, pixelPerThread_3
25314 - CUDA, Array2D, LocalMemory, bs_32x2, padding_128, pixelPerThread_3
23350 - CUDA, Array2D, bs_128x1, padding_192, pixelPerThread_3
10831 - OpenCL, Array2D, LocalMemory, bs_512x1, padding_128, pixelPerThread_4
8069 - OpenCL, Linear2D, LocalMemory, bs_512x2, padding_352, pixelPerThread_2
4542 - OpenCL, Linear1D, LocalMemory, bs_32x32, padding_416, pixelPerThread_3
25360 - CUDA, Array2D, LocalMemory, bs_32x2, padding_512, pixelPerThread_1
10505 - OpenCL, Array2D, LocalMemory, bs_128x1, padding_256, pixelPerThread_2
11668 - OpenCL, Ldg, bs_32x32, padding_320, pixelPerThread_1
10589 - OpenCL, Array2D, LocalMemory, bs_128x2, padding_384, pixelPerThread_2
13806 - OpenCL, Ldg, LocalMemory, bs_1024x1, padding_0, pixelPerThread_3
27551 - CUDA, Ldg, LocalMemory, bs_64x16, padding_64, pixelPerThread_4
8030 - OpenCL, Linear2D, LocalMemory, bs_512x2, padding_32, pixelPerThread_3
12292 - OpenCL, Ldg, bs_512x1, padding_416, pixelPerThread_1
4562 - OpenCL, Linear1D, LocalMemory, bs_64x1, padding_32, pixelPerThread_3
24583 - CUDA, Array2D, LocalMemory, bs_64x1, padding_256, pixelPerThread_4
25400 - CUDA, Array2D, LocalMemory, bs_32x4, padding_288, pixelPerThread_1
5822 - OpenCL, Linear2D, bs_32x8, padding_320, pixelPerThread_3
3618 - OpenCL, Linear1D, bs_256x4, padding_96, pixelPerThread_3
12172 - OpenCL, Ldg, bs_256x4, padding_0, pixelPerThread_1
2954 - OpenCL, Linear1D, bs_32x8, padding_224, pixelPerThread_3
9016 - OpenCL, Array2D, bs_64x16, padding_320, pixelPerThread_1
10172 - OpenCL, Array2D, LocalMemory, bs_32x16, padding_320, pixelPerThread_1
2190 - OpenCL, LocalMemory, bs_256x4, padding_96, pixelPerThread_3
11072 - OpenCL, Array2D, LocalMemory, bs_32x2, padding_448, pixelPerThread_1
25659 - CUDA, Array2D, LocalMemory, bs_256x2, padding_160, pixelPerThread_4
13913 - OpenCL, Ldg, LocalMemory, bs_32x2, padding_320, pixelPerThread_2
10723 - OpenCL, Array2D, LocalMemory, bs_128x8, padding_352, pixelPerThread_4
25584 - CUDA, Array2D, LocalMemory, bs_256x1, padding_128, pixelPerThread_1
8735 - OpenCL, Array2D, bs_32x16, padding_224, pixelPerThread_4
13698 - OpenCL, Ldg, LocalMemory, bs_512x1, padding_224, pixelPerThread_3
24337 - CUDA, Array2D, LocalMemory, bs_32x1, padding_480, pixelPerThread_2
23030 - CUDA, Array2D, bs_32x16, padding_352, pixelPerThread_3
12239 - OpenCL, Ldg, bs_256x4, padding_512, pixelPerThread_4
25511 - CUDA, Array2D, LocalMemory, bs_64x8, padding_64, pixelPerThread_4
3106 - OpenCL, Linear1D, bs_32x32, padding_352, pixelPerThread_3
13665 - OpenCL, Ldg, LocalMemory, bs_256x4, padding_512, pixelPerThread_2
14085 - OpenCL, Ldg, LocalMemory, bs_64x8, padding_64, pixelPerThread_2
8049 - OpenCL, Linear2D, LocalMemory, bs_512x2, padding_192, pixelPerThread_2
7223 - OpenCL, Linear2D, LocalMemory, bs_32x8, padding_96, pixelPerThread_4
11637 - OpenCL, Ldg, bs_32x32, padding_64, pixelPerThread_2
18995 - CUDA, Linear1D, LocalMemory, bs_64x16, padding_160, pixelPerThread_4
6249 - OpenCL, Linear2D, bs_128x1, padding_480, pixelPerThread_2
3634 - OpenCL, Linear1D, bs_256x4, padding_224, pixelPerThread_3
25361 - CUDA, Array2D, LocalMemory, bs_32x2, padding_512, pixelPerThread_2
23524 - CUDA, Array2D, bs_128x4, padding_512, pixelPerThread_1
9914 - OpenCL, Array2D, bs_256x1, padding_416, pixelPerThread_3
11785 - OpenCL, Ldg, bs_64x4, padding_160, pixelPerThread_2
5492 - OpenCL, Linear1D, LocalMemory, bs_64x2, padding_416, pixelPerThread_1
9667 - OpenCL, Array2D, bs_32x4, padding_64, pixelPerThread_4
23421 - CUDA, Array2D, bs_128x2, padding_224, pixelPerThread_2
8797 - OpenCL, Array2D, bs_32x32, padding_192, pixelPerThread_2
12942 - OpenCL, Ldg, LocalMemory, bs_32x8, padding_160, pixelPerThread_3
3437 - OpenCL, Linear1D, bs_128x2, padding_288, pixelPerThread_2
7288 - OpenCL, Linear2D, LocalMemory, bs_32x16, padding_96, pixelPerThread_1
7965 - OpenCL, Linear2D, LocalMemory, bs_512x1, padding_64, pixelPerThread_2
4178 - OpenCL, Linear1D, bs_256x1, padding_224, pixelPerThread_3
11573 - OpenCL, Ldg, bs_32x16, padding_96, pixelPerThread_2
13287 - OpenCL, Ldg, LocalMemory, bs_64x16, padding_192, pixelPerThread_4
13916 - OpenCL, Ldg, LocalMemory, bs_32x2, padding_352, pixelPerThread_1
24289 - CUDA, Array2D, LocalMemory, bs_32x1, padding_96, pixelPerThread_2
22435 - CUDA, Linear2D, LocalMemory, bs_1024x1, padding_480, pixelPerThread_4
23511 - CUDA, Array2D, bs_128x4, padding_384, pixelPerThread_4
9144 - OpenCL, Array2D, bs_128x2, padding_256, pixelPerThread_1
11244 - OpenCL, Array2D, LocalMemory, bs_64x8, padding_192, pixelPerThread_1
9393 - OpenCL, Array2D, bs_512x1, padding_64, pixelPerThread_2
23986 - CUDA, Array2D, bs_32x4, padding_384, pixelPerThread_3
18803 - CUDA, Linear1D, LocalMemory, bs_32x32, padding_256, pixelPerThread_4
5287 - OpenCL, Linear1D, LocalMemory, bs_1024x1, padding_384, pixelPerThread_4
9246 - OpenCL, Array2D, bs_128x4, padding_512, pixelPerThread_3
23539 - CUDA, Array2D, bs_128x8, padding_64, pixelPerThread_4
22382 - CUDA, Linear2D, LocalMemory, bs_1024x1, padding_64, pixelPerThread_3
4450 - OpenCL, Linear1D, LocalMemory, bs_32x16, padding_224, pixelPerThread_3
11499 - OpenCL, Ldg, bs_32x8, padding_32, pixelPerThread_4
9496 - OpenCL, Array2D, bs_512x2, padding_352, pixelPerThread_1
22139 - CUDA, Linear2D, LocalMemory, bs_128x8, padding_288, pixelPerThread_4
3619 - OpenCL, Linear1D, bs_256x4, padding_96, pixelPerThread_4
8597 - OpenCL, Array2D, bs_32x1, padding_224, pixelPerThread_2
14214 - OpenCL, Ldg, LocalMemory, bs_256x2, padding_0, pixelPerThread_3
6406 - OpenCL, Linear2D, bs_128x8, padding_96, pixelPerThread_3
4220 - OpenCL, Linear1D, bs_256x2, padding_32, pixelPerThread_1
13747 - OpenCL, Ldg, LocalMemory, bs_512x2, padding_64, pixelPerThread_4
4616 - OpenCL, Linear1D, LocalMemory, bs_64x1, padding_480, pixelPerThread_1
22864 - CUDA, Array2D, bs_32x1, padding_128, pixelPerThread_1
3300 - OpenCL, Linear1D, bs_64x16, padding_288, pixelPerThread_1
3809 - OpenCL, Linear1D, bs_1024x1, padding_0, pixelPerThread_2
6471 - OpenCL, Linear2D, bs_256x4, padding_64, pixelPerThread_4
5958 - OpenCL, Linear2D, bs_32x32, padding_320, pixelPerThread_3
13934 - OpenCL, Ldg, LocalMemory, bs_32x2, padding_480, pixelPerThread_3
6285 - OpenCL, Linear2D, bs_128x2, padding_224, pixelPerThread_2
4670 - OpenCL, Linear1D, LocalMemory, bs_64x4, padding_352, pixelPerThread_3
5263 - OpenCL, Linear1D, LocalMemory, bs_1024x1, padding_192, pixelPerThread_4
24514 - CUDA, Array2D, LocalMemory, bs_32x32, padding_256, pixelPerThread_3
25329 - CUDA, Array2D, LocalMemory, bs_32x2, padding_256, pixelPerThread_2
10451 - OpenCL, Array2D, LocalMemory, bs_64x16, padding_352, pixelPerThread_4
12938 - OpenCL, Ldg, LocalMemory, bs_32x8, padding_128, pixelPerThread_3
5112 - OpenCL, Linear1D, LocalMemory, bs_512x1, padding_96, pixelPerThread_1
8942 - OpenCL, Array2D, bs_64x4, padding_256, pixelPerThread_3
5524 - OpenCL, Linear1D, LocalMemory, bs_64x8, padding_128, pixelPerThread_1
12746 - OpenCL, Ldg, bs_256x1, padding_224, pixelPerThread_3
9687 - OpenCL, Array2D, bs_32x4, padding_224, pixelPerThread_4
2987 - OpenCL, Linear1D, bs_32x8, padding_480, pixelPerThread_4
8251 - OpenCL, Linear2D, LocalMemory, bs_32x4, padding_160, pixelPerThread_4
4599 - OpenCL, Linear1D, LocalMemory, bs_64x1, padding_320, pixelPerThread_4
9961 - OpenCL, Array2D, bs_256x2, padding_256, pixelPerThread_2
10825 - OpenCL, Array2D, LocalMemory, bs_512x1, padding_96, pixelPerThread_2
9956 - OpenCL, Array2D, bs_256x2, padding_224, pixelPerThread_1
7689 - OpenCL, Linear2D, LocalMemory, bs_128x2, padding_32, pixelPerThread_2
3025 - OpenCL, Linear1D, bs_32x16, padding_256, pixelPerThread_2
8878 - OpenCL, Array2D, bs_64x1, padding_288, pixelPerThread_3
3927 - OpenCL, Linear1D, bs_32x2, padding_384, pixelPerThread_4
8266 - OpenCL, Linear2D, LocalMemory, bs_32x4, padding_288, pixelPerThread_3
2362 - OpenCL, LocalMemory, bs_512x2, padding_384, pixelPerThread_3
4955 - OpenCL, Linear1D, LocalMemory, bs_128x4, padding_448, pixelPerThread_4
6128 - OpenCL, Linear2D, bs_64x16, padding_64, pixelPerThread_1
7743 - OpenCL, Linear2D, LocalMemory, bs_128x2, padding_448, pixelPerThread_4
13921 - OpenCL, Ldg, LocalMemory, bs_32x2, padding_384, pixelPerThread_2
13560 - OpenCL, Ldg, LocalMemory, bs_128x8, padding_224, pixelPerThread_1
7875 - OpenCL, Linear2D, LocalMemory, bs_128x8, padding_416, pixelPerThread_4
3483 - OpenCL, Linear1D, bs_128x4, padding_96, pixelPerThread_4
6276 - OpenCL, Linear2D, bs_128x2, padding_160, pixelPerThread_1
13580 - OpenCL, Ldg, LocalMemory, bs_128x8, padding_384, pixelPerThread_1
23268 - CUDA, Array2D, bs_64x16, padding_96, pixelPerThread_1
5745 - OpenCL, Linear2D, bs_32x1, padding_256, pixelPerThread_2
13688 - OpenCL, Ldg, LocalMemory, bs_512x1, padding_160, pixelPerThread_1
9913 - OpenCL, Array2D, bs_256x1, padding_416, pixelPerThread_2
9451 - OpenCL, Array2D, bs_512x1, padding_512, pixelPerThread_4
8308 - OpenCL, Linear2D, LocalMemory, bs_64x2, padding_96, pixelPerThread_1
8190 - OpenCL, Linear2D, LocalMemory, bs_32x2, padding_224, pixelPerThread_3
3867 - OpenCL, Linear1D, bs_1024x1, padding_448, pixelPerThread_4
5760 - OpenCL, Linear2D, bs_32x1, padding_384, pixelPerThread_1
8975 - OpenCL, Array2D, bs_64x4, padding_512, pixelPerThread_4
11499 - OpenCL, Ldg, bs_32x8, padding_32, pixelPerThread_4
13484 - OpenCL, Ldg, LocalMemory, bs_128x4, padding_160, pixelPerThread_1
11179 - OpenCL, Array2D, LocalMemory, bs_64x2, padding_192, pixelPerThread_4
14156 - OpenCL, Ldg, LocalMemory, bs_256x1, padding_96, pixelPerThread_1
10595 - OpenCL, Array2D, LocalMemory, bs_128x2, padding_416, pixelPerThread_4
6551 - OpenCL, Linear2D, bs_512x1, padding_160, pixelPerThread_4
28101 - CUDA, Ldg, LocalMemory, bs_1024x1, padding_128, pixelPerThread_2
9704 - OpenCL, Array2D, bs_32x4, padding_384, pixelPerThread_1
6370 - OpenCL, Linear2D, bs_128x4, padding_352, pixelPerThread_3
9488 - OpenCL, Array2D, bs_512x2, padding_288, pixelPerThread_1
23857 - CUDA, Array2D, bs_1024x1, padding_448, pixelPerThread_2
9218 - OpenCL, Array2D, bs_128x4, padding_288, pixelPerThread_3
23957 - CUDA, Array2D, bs_32x4, padding_160, pixelPerThread_2
23137 - CUDA, Array2D, bs_64x1, padding_128, pixelPerThread_2
3396 - OpenCL, Linear1D, bs_128x1, padding_512, pixelPerThread_1
24775 - CUDA, Array2D, LocalMemory, bs_128x1, padding_160, pixelPerThread_4
5241 - OpenCL, Linear1D, LocalMemory, bs_1024x1, padding_32, pixelPerThread_2
5613 - OpenCL, Linear1D, LocalMemory, bs_256x1, padding_288, pixelPerThread_2
5369 - OpenCL, Linear1D, LocalMemory, bs_32x2, padding_512, pixelPerThread_2
2115 - OpenCL, LocalMemory, bs_128x8, padding_32, pixelPerThread_4
1639 - OpenCL, LocalMemory, bs_32x32, padding_32, pixelPerThread_4
3253 - OpenCL, Linear1D, bs_64x4, padding_448, pixelPerThread_2
5515 - OpenCL, Linear1D, LocalMemory, bs_64x8, padding_32, pixelPerThread_4
2920 - OpenCL, Linear1D, bs_32x1, padding_512, pixelPerThread_1
7480 - OpenCL, Linear2D, LocalMemory, bs_64x4, padding_0, pixelPerThread_1
18975 - CUDA, Linear1D, LocalMemory, bs_64x16, padding_0, pixelPerThread_4
16423 - CUDA, LocalMemory, bs_128x8, padding_256, pixelPerThread_4
8285 - OpenCL, Linear2D, LocalMemory, bs_32x4, padding_448, pixelPerThread_2
13291 - OpenCL, Ldg, LocalMemory, bs_64x16, padding_224, pixelPerThread_4
24771 - CUDA, Array2D, LocalMemory, bs_128x1, padding_128, pixelPerThread_4
10371 - OpenCL, Array2D, LocalMemory, bs_64x4, padding_256, pixelPerThread_4
25101 - CUDA, Array2D, LocalMemory, bs_512x1, padding_64, pixelPerThread_2
6446 - OpenCL, Linear2D, bs_128x8, padding_416, pixelPerThread_3
11136 - OpenCL, Array2D, LocalMemory, bs_32x4, padding_416, pixelPerThread_1
10547 - OpenCL, Array2D, LocalMemory, bs_128x2, padding_32, pixelPerThread_4
12887 - OpenCL, Ldg, LocalMemory, bs_32x1, padding_256, pixelPerThread_4
8542 - OpenCL, Linear2D, LocalMemory, bs_256x2, padding_320, pixelPerThread_3
23908 - CUDA, Array2D, bs_32x2, padding_320, pixelPerThread_1
6568 - OpenCL, Linear2D, bs_512x1, padding_320, pixelPerThread_1
8747 - OpenCL, Array2D, bs_32x16, padding_320, pixelPerThread_4
3808 - OpenCL, Linear1D, bs_1024x1, padding_0, pixelPerThread_1
6714 - OpenCL, Linear2D, bs_1024x1, padding_384, pixelPerThread_3
23671 - CUDA, Array2D, bs_512x1, padding_32, pixelPerThread_4
5982 - OpenCL, Linear2D, bs_32x32, padding_512, pixelPerThread_3
3675 - OpenCL, Linear1D, bs_512x1, padding_0, pixelPerThread_4
6668 - OpenCL, Linear2D, bs_1024x1, padding_32, pixelPerThread_1
6676 - OpenCL, Linear2D, bs_1024x1, padding_96, pixelPerThread_1
5573 - OpenCL, Linear1D, LocalMemory, bs_64x8, padding_512, pixelPerThread_2
3847 - OpenCL, Linear1D, bs_1024x1, padding_288, pixelPerThread_4
23753 - CUDA, Array2D, bs_512x2, padding_160, pixelPerThread_2
9165 - OpenCL, Array2D, bs_128x2, padding_416, pixelPerThread_2
3756 - OpenCL, Linear1D, bs_512x2, padding_128, pixelPerThread_1
12855 - OpenCL, Ldg, LocalMemory, bs_32x1, padding_0, pixelPerThread_4
25492 - CUDA, Array2D, LocalMemory, bs_64x2, padding_480, pixelPerThread_1
6087 - OpenCL, Linear2D, bs_64x4, padding_256, pixelPerThread_4
11606 - OpenCL, Ldg, bs_32x16, padding_352, pixelPerThread_3
24528 - CUDA, Array2D, LocalMemory, bs_32x32, padding_384, pixelPerThread_1
12936 - OpenCL, Ldg, LocalMemory, bs_32x8, padding_128, pixelPerThread_1
13326 - OpenCL, Ldg, LocalMemory, bs_64x16, padding_512, pixelPerThread_3
10382 - OpenCL, Array2D, LocalMemory, bs_64x4, padding_352, pixelPerThread_3
12470 - OpenCL, Ldg, bs_32x2, padding_192, pixelPerThread_3
10344 - OpenCL, Array2D, LocalMemory, bs_64x4, padding_64, pixelPerThread_1
23363 - CUDA, Array2D, bs_128x1, padding_288, pixelPerThread_4
10207 - OpenCL, Array2D, LocalMemory, bs_32x32, padding_32, pixelPerThread_4
5308 - OpenCL, Linear1D, LocalMemory, bs_32x2, padding_32, pixelPerThread_1
16411 - CUDA, LocalMemory, bs_128x8, padding_160, pixelPerThread_4
4867 - OpenCL, Linear1D, LocalMemory, bs_128x2, padding_288, pixelPerThread_4
13786 - OpenCL, Ldg, LocalMemory, bs_512x2, padding_384, pixelPerThread_3
22952 - CUDA, Array2D, bs_32x8, padding_288, pixelPerThread_1
11844 - OpenCL, Ldg, bs_64x16, padding_96, pixelPerThread_1
8796 - OpenCL, Array2D, bs_32x32, padding_192, pixelPerThread_1
25658 - CUDA, Array2D, LocalMemory, bs_256x2, padding_160, pixelPerThread_3
24451 - CUDA, Array2D, LocalMemory, bs_32x16, padding_288, pixelPerThread_4
4805 - OpenCL, Linear1D, LocalMemory, bs_128x1, padding_352, pixelPerThread_2
24157 - CUDA, Array2D, bs_256x1, padding_128, pixelPerThread_2
10734 - OpenCL, Array2D, LocalMemory, bs_128x8, padding_448, pixelPerThread_3
24160 - CUDA, Array2D, bs_256x1, padding_160, pixelPerThread_1
6853 - OpenCL, Linear2D, bs_32x4, padding_416, pixelPerThread_2
10769 - OpenCL, Array2D, LocalMemory, bs_256x4, padding_192, pixelPerThread_2
4684 - OpenCL, Linear1D, LocalMemory, bs_64x4, padding_480, pixelPerThread_1
4255 - OpenCL, Linear1D, bs_256x2, padding_288, pixelPerThread_4
25003 - CUDA, Array2D, LocalMemory, bs_128x8, padding_352, pixelPerThread_4
4123 - OpenCL, Linear1D, bs_64x8, padding_320, pixelPerThread_4
6739 - OpenCL, Linear2D, bs_32x2, padding_32, pixelPerThread_4
10741 - OpenCL, Array2D, LocalMemory, bs_128x8, padding_512, pixelPerThread_2
24264 - CUDA, Array2D, bs_256x2, padding_448, pixelPerThread_1
9761 - OpenCL, Array2D, bs_64x2, padding_288, pixelPerThread_2
6043 - OpenCL, Linear2D, bs_64x1, padding_448, pixelPerThread_4
3984 - OpenCL, Linear1D, bs_32x4, padding_320, pixelPerThread_1
5753 - OpenCL, Linear2D, bs_32x1, padding_320, pixelPerThread_2
3931 - OpenCL, Linear1D, bs_32x2, padding_416, pixelPerThread_4
10436 - OpenCL, Array2D, LocalMemory, bs_64x16, padding_256, pixelPerThread_1
5290 - OpenCL, Linear1D, LocalMemory, bs_1024x1, padding_416, pixelPerThread_3
10569 - OpenCL, Array2D, LocalMemory, bs_128x2, padding_224, pixelPerThread_2
9707 - OpenCL, Array2D, bs_32x4, padding_384, pixelPerThread_4
10378 - OpenCL, Array2D, LocalMemory, bs_64x4, padding_320, pixelPerThread_3
12182 - OpenCL, Ldg, bs_256x4, padding_64, pixelPerThread_3
21883 - CUDA, Linear2D, LocalMemory, bs_64x16, padding_416, pixelPerThread_4
10153 - OpenCL, Array2D, LocalMemory, bs_32x16, padding_160, pixelPerThread_2
7160 - OpenCL, Linear2D, LocalMemory, bs_32x1, padding_160, pixelPerThread_1
3853 - OpenCL, Linear1D, bs_1024x1, padding_352, pixelPerThread_2
14022 - OpenCL, Ldg, LocalMemory, bs_64x2, padding_96, pixelPerThread_3
24319 - CUDA, Array2D, LocalMemory, bs_32x1, padding_320, pixelPerThread_4
22367 - CUDA, Linear2D, LocalMemory, bs_512x2, padding_480, pixelPerThread_4
8781 - OpenCL, Array2D, bs_32x32, padding_64, pixelPerThread_2
2921 - OpenCL, Linear1D, bs_32x1, padding_512, pixelPerThread_2
10678 - OpenCL, Array2D, LocalMemory, bs_128x8, padding_0, pixelPerThread_3
5222 - OpenCL, Linear1D, LocalMemory, bs_512x2, padding_416, pixelPerThread_3
5173 - OpenCL, Linear1D, LocalMemory, bs_512x2, padding_32, pixelPerThread_2
10525 - OpenCL, Array2D, LocalMemory, bs_128x1, padding_416, pixelPerThread_2
11166 - OpenCL, Array2D, LocalMemory, bs_64x2, padding_96, pixelPerThread_3
4463 - OpenCL, Linear1D, LocalMemory, bs_32x16, padding_320, pixelPerThread_4
11490 - OpenCL, Ldg, bs_32x1, padding_512, pixelPerThread_3
13885 - OpenCL, Ldg, LocalMemory, bs_32x2, padding_96, pixelPerThread_2
6750 - OpenCL, Linear2D, bs_32x2, padding_128, pixelPerThread_3
6517 - OpenCL, Linear2D, bs_256x4, padding_448, pixelPerThread_2
11141 - OpenCL, Array2D, LocalMemory, bs_32x4, padding_448, pixelPerThread_2
5695 - OpenCL, Linear1D, LocalMemory, bs_256x2, padding_384, pixelPerThread_4
4483 - OpenCL, Linear1D, LocalMemory, bs_32x16, padding_480, pixelPerThread_4
24973 - CUDA, Array2D, LocalMemory, bs_128x8, padding_128, pixelPerThread_2
12010 - OpenCL, Ldg, bs_128x2, padding_320, pixelPerThread_3
13948 - OpenCL, Ldg, LocalMemory, bs_32x4, padding_64, pixelPerThread_1
10931 - OpenCL, Array2D, LocalMemory, bs_512x2, padding_384, pixelPerThread_4
3667 - OpenCL, Linear1D, bs_256x4, padding_480, pixelPerThread_4
7456 - OpenCL, Linear2D, LocalMemory, bs_64x1, padding_352, pixelPerThread_1
24257 - CUDA, Array2D, bs_256x2, padding_384, pixelPerThread_2
28034 - CUDA, Ldg, LocalMemory, bs_512x2, padding_128, pixelPerThread_3
23445 - CUDA, Array2D, bs_128x2, padding_416, pixelPerThread_2
9691 - OpenCL, Array2D, bs_32x4, padding_256, pixelPerThread_4
9558 - OpenCL, Array2D, bs_1024x1, padding_288, pixelPerThread_3
23484 - CUDA, Array2D, bs_128x4, padding_192, pixelPerThread_1
3085 - OpenCL, Linear1D, bs_32x32, padding_192, pixelPerThread_2
2897 - OpenCL, Linear1D, bs_32x1, padding_320, pixelPerThread_2
10446 - OpenCL, Array2D, LocalMemory, bs_64x16, padding_320, pixelPerThread_3
14265 - OpenCL, Ldg, LocalMemory, bs_256x2, padding_416, pixelPerThread_2
5765 - OpenCL, Linear2D, bs_32x1, padding_416, pixelPerThread_2
10235 - OpenCL, Array2D, LocalMemory, bs_32x32, padding_256, pixelPerThread_4
12016 - OpenCL, Ldg, bs_128x2, padding_384, pixelPerThread_1
11790 - OpenCL, Ldg, bs_64x4, padding_192, pixelPerThread_3
6428 - OpenCL, Linear2D, bs_128x8, padding_288, pixelPerThread_1
10820 - OpenCL, Array2D, LocalMemory, bs_512x1, padding_64, pixelPerThread_1
25505 - CUDA, Array2D, LocalMemory, bs_64x8, padding_32, pixelPerThread_2
11985 - OpenCL, Ldg, bs_128x2, padding_128, pixelPerThread_2
10810 - OpenCL, Array2D, LocalMemory, bs_256x4, padding_512, pixelPerThread_3
6047 - OpenCL, Linear2D, bs_64x1, padding_480, pixelPerThread_4
10943 - OpenCL, Array2D, LocalMemory, bs_512x2, padding_480, pixelPerThread_4
24707 - CUDA, Array2D, LocalMemory, bs_64x16, padding_160, pixelPerThread_4
4225 - OpenCL, Linear1D, bs_256x2, padding_64, pixelPerThread_2
10171 - OpenCL, Array2D, LocalMemory, bs_32x16, padding_288, pixelPerThread_4
9018 - OpenCL, Array2D, bs_64x16, padding_320, pixelPerThread_3
13811 - OpenCL, Ldg, LocalMemory, bs_1024x1, padding_32, pixelPerThread_4
13769 - OpenCL, Ldg, LocalMemory, bs_512x2, padding_256, pixelPerThread_2
24731 - CUDA, Array2D, LocalMemory, bs_64x16, padding_352, pixelPerThread_4
1658 - OpenCL, LocalMemory, bs_32x32, padding_192, pixelPerThread_3
3660 - OpenCL, Linear1D, bs_256x4, padding_448, pixelPerThread_1
6059 - OpenCL, Linear2D, bs_64x4, padding_32, pixelPerThread_4
8762 - OpenCL, Array2D, bs_32x16, padding_448, pixelPerThread_3
24613 - CUDA, Array2D, LocalMemory, bs_64x1, padding_512, pixelPerThread_2
23275 - CUDA, Array2D, bs_64x16, padding_128, pixelPerThread_4
5027 - OpenCL, Linear1D, LocalMemory, bs_128x8, padding_480, pixelPerThread_4
6981 - OpenCL, Linear2D, bs_64x8, padding_352, pixelPerThread_2
14115 - OpenCL, Ldg, LocalMemory, bs_64x8, padding_288, pixelPerThread_4
4040 - OpenCL, Linear1D, bs_64x2, padding_224, pixelPerThread_1
11437 - OpenCL, Ldg, bs_32x1, padding_96, pixelPerThread_2
3098 - OpenCL, Linear1D, bs_32x32, padding_288, pixelPerThread_3
4399 - OpenCL, Linear1D, LocalMemory, bs_32x8, padding_352, pixelPerThread_4
23382 - CUDA, Array2D, bs_128x1, padding_448, pixelPerThread_3
8472 - OpenCL, Linear2D, LocalMemory, bs_256x1, padding_320, pixelPerThread_1
23637 - CUDA, Array2D, bs_256x4, padding_320, pixelPerThread_2
7791 - OpenCL, Linear2D, LocalMemory, bs_128x4, padding_288, pixelPerThread_4
13154 - OpenCL, Ldg, LocalMemory, bs_64x1, padding_224, pixelPerThread_3
5076 - OpenCL, Linear1D, LocalMemory, bs_256x4, padding_352, pixelPerThread_1
13545 - OpenCL, Ldg, LocalMemory, bs_128x8, padding_96, pixelPerThread_2
23064 - CUDA, Array2D, bs_32x32, padding_96, pixelPerThread_1
7150 - OpenCL, Linear2D, LocalMemory, bs_32x1, padding_64, pixelPerThread_3
8145 - OpenCL, Linear2D, LocalMemory, bs_1024x1, padding_416, pixelPerThread_2
6652 - OpenCL, Linear2D, bs_512x2, padding_448, pixelPerThread_1
22960 - CUDA, Array2D, bs_32x8, padding_352, pixelPerThread_1
8750 - OpenCL, Array2D, bs_32x16, padding_352, pixelPerThread_3
6246 - OpenCL, Linear2D, bs_128x1, padding_448, pixelPerThread_3
24615 - CUDA, Array2D, LocalMemory, bs_64x1, padding_512, pixelPerThread_4
12160 - OpenCL, Ldg, bs_128x8, padding_448, pixelPerThread_1
23669 - CUDA, Array2D, bs_512x1, padding_32, pixelPerThread_2
13975 - OpenCL, Ldg, LocalMemory, bs_32x4, padding_256, pixelPerThread_4
9411 - OpenCL, Array2D, bs_512x1, padding_192, pixelPerThread_4
8583 - OpenCL, Array2D, bs_32x1, padding_96, pixelPerThread_4
13663 - OpenCL, Ldg, LocalMemory, bs_256x4, padding_480, pixelPerThread_4
24842 - CUDA, Array2D, LocalMemory, bs_128x2, padding_160, pixelPerThread_3
24168 - CUDA, Array2D, bs_256x1, padding_224, pixelPerThread_1
19537 - CUDA, Linear1D, LocalMemory, bs_1024x1, padding_160, pixelPerThread_2
6761 - OpenCL, Linear2D, bs_32x2, padding_224, pixelPerThread_2
9972 - OpenCL, Array2D, bs_256x2, padding_352, pixelPerThread_1
6067 - OpenCL, Linear2D, bs_64x4, padding_96, pixelPerThread_4
9536 - OpenCL, Array2D, bs_1024x1, padding_128, pixelPerThread_1
13684 - OpenCL, Ldg, LocalMemory, bs_512x1, padding_128, pixelPerThread_1
25137 - CUDA, Array2D, LocalMemory, bs_512x1, padding_352, pixelPerThread_2
9359 - OpenCL, Array2D, bs_256x4, padding_320, pixelPerThread_4
24813 - CUDA, Array2D, LocalMemory, bs_128x1, padding_480, pixelPerThread_2
8492 - OpenCL, Linear2D, LocalMemory, bs_256x1, padding_480, pixelPerThread_1
14071 - OpenCL, Ldg, LocalMemory, bs_64x2, padding_480, pixelPerThread_4
3418 - OpenCL, Linear1D, bs_128x2, padding_128, pixelPerThread_3
5911 - OpenCL, Linear2D, bs_32x16, padding_480, pixelPerThread_4
6848 - OpenCL, Linear2D, bs_32x4, padding_384, pixelPerThread_1
5563 - OpenCL, Linear1D, LocalMemory, bs_64x8, padding_416, pixelPerThread_4
9967 - OpenCL, Array2D, bs_256x2, padding_288, pixelPerThread_4
12851 - OpenCL, Ldg, bs_256x2, padding_512, pixelPerThread_4
24177 - CUDA, Array2D, bs_256x1, padding_288, pixelPerThread_2
24030 - CUDA, Array2D, bs_64x2, padding_192, pixelPerThread_3
11863 - OpenCL, Ldg, bs_64x16, padding_224, pixelPerThread_4
11044 - OpenCL, Array2D, LocalMemory, bs_32x2, padding_224, pixelPerThread_1
23912 - CUDA, Array2D, bs_32x2, padding_352, pixelPerThread_1
25655 - CUDA, Array2D, LocalMemory, bs_256x2, padding_128, pixelPerThread_4
8413 - OpenCL, Linear2D, LocalMemory, bs_64x8, padding_384, pixelPerThread_2
7754 - OpenCL, Linear2D, LocalMemory, bs_128x4, padding_0, pixelPerThread_3
9041 - OpenCL, Array2D, bs_64x16, padding_512, pixelPerThread_2
24045 - CUDA, Array2D, bs_64x2, padding_320, pixelPerThread_2
9984 - OpenCL, Array2D, bs_256x2, padding_448, pixelPerThread_1
4615 - OpenCL, Linear1D, LocalMemory, bs_64x1, padding_448, pixelPerThread_4
13158 - OpenCL, Ldg, LocalMemory, bs_64x1, padding_256, pixelPerThread_3
7674 - OpenCL, Linear2D, LocalMemory, bs_128x1, padding_448, pixelPerThread_3
24029 - CUDA, Array2D, bs_64x2, padding_192, pixelPerThread_2
6814 - OpenCL, Linear2D, bs_32x4, padding_96, pixelPerThread_3
25283 - CUDA, Array2D, LocalMemory, bs_1024x1, padding_416, pixelPerThread_4
19279 - CUDA, Linear1D, LocalMemory, bs_128x8, padding_256, pixelPerThread_4
23174 - CUDA, Array2D, bs_64x1, padding_416, pixelPerThread_3
9569 - OpenCL, Array2D, bs_1024x1, padding_384, pixelPerThread_2
22374 - CUDA, Linear2D, LocalMemory, bs_1024x1, padding_0, pixelPerThread_3
6062 - OpenCL, Linear2D, bs_64x4, padding_64, pixelPerThread_3
8770 - OpenCL, Array2D, bs_32x16, padding_512, pixelPerThread_3
13918 - OpenCL, Ldg, LocalMemory, bs_32x2, padding_352, pixelPerThread_3
23941 - CUDA, Array2D, bs_32x4, padding_32, pixelPerThread_2
13889 - OpenCL, Ldg, LocalMemory, bs_32x2, padding_128, pixelPerThread_2
12950 - OpenCL, Ldg, LocalMemory, bs_32x8, padding_224, pixelPerThread_3
9714 - OpenCL, Array2D, bs_32x4, padding_448, pixelPerThread_3
13140 - OpenCL, Ldg, LocalMemory, bs_64x1, padding_128, pixelPerThread_1
23564 - CUDA, Array2D, bs_128x8, padding_288, pixelPerThread_1
4166 - OpenCL, Linear1D, bs_256x1, padding_128, pixelPerThread_3
10077 - OpenCL, Array2D, LocalMemory, bs_32x8, padding_96, pixelPerThread_2
8235 - OpenCL, Linear2D, LocalMemory, bs_32x4, padding_32, pixelPerThread_4
2998 - OpenCL, Linear1D, bs_32x16, padding_32, pixelPerThread_3
5843 - OpenCL, Linear2D, bs_32x8, padding_480, pixelPerThread_4
6568 - OpenCL, Linear2D, bs_512x1, padding_320, pixelPerThread_1
12684 - OpenCL, Ldg, bs_64x8, padding_288, pixelPerThread_1
24454 - CUDA, Array2D, LocalMemory, bs_32x16, padding_320, pixelPerThread_3
22941 - CUDA, Array2D, bs_32x8, padding_192, pixelPerThread_2
13939 - OpenCL, Ldg, LocalMemory, bs_32x2, padding_512, pixelPerThread_4
25179 - CUDA, Array2D, LocalMemory, bs_512x2, padding_128, pixelPerThread_4
11261 - OpenCL, Array2D, LocalMemory, bs_64x8, padding_320, pixelPerThread_2
23426 - CUDA, Array2D, bs_128x2, padding_256, pixelPerThread_3
5622 - OpenCL, Linear1D, LocalMemory, bs_256x1, padding_352, pixelPerThread_3
19286 - CUDA, Linear1D, LocalMemory, bs_128x8, padding_320, pixelPerThread_3
13006 - OpenCL, Ldg, LocalMemory, bs_32x16, padding_128, pixelPerThread_3
8275 - OpenCL, Linear2D, LocalMemory, bs_32x4, padding_352, pixelPerThread_4
19258 - CUDA, Linear1D, LocalMemory, bs_128x8, padding_96, pixelPerThread_3
4514 - OpenCL, Linear1D, LocalMemory, bs_32x32, padding_192, pixelPerThread_3
4220 - OpenCL, Linear1D, bs_256x2, padding_32, pixelPerThread_1
9201 - OpenCL, Array2D, bs_128x4, padding_160, pixelPerThread_2
24805 - CUDA, Array2D, LocalMemory, bs_128x1, padding_416, pixelPerThread_2
9586 - OpenCL, Array2D, bs_1024x1, padding_512, pixelPerThread_3
14234 - OpenCL, Ldg, LocalMemory, bs_256x2, padding_160, pixelPerThread_3
24645 - CUDA, Array2D, LocalMemory, bs_64x4, padding_224, pixelPerThread_2
13770 - OpenCL, Ldg, LocalMemory, bs_512x2, padding_256, pixelPerThread_3
9060 - OpenCL, Array2D, bs_128x1, padding_128, pixelPerThread_1
12777 - OpenCL, Ldg, bs_256x1, padding_480, pixelPerThread_2
7546 - OpenCL, Linear2D, LocalMemory, bs_64x4, padding_512, pixelPerThread_3
9802 - OpenCL, Array2D, bs_64x8, padding_64, pixelPerThread_3
23361 - CUDA, Array2D, bs_128x1, padding_288, pixelPerThread_2
9663 - OpenCL, Array2D, bs_32x4, padding_32, pixelPerThread_4
5117 - OpenCL, Linear1D, LocalMemory, bs_512x1, padding_128, pixelPerThread_2
23086 - CUDA, Array2D, bs_32x32, padding_256, pixelPerThread_3
11942 - OpenCL, Ldg, bs_128x1, padding_320, pixelPerThread_3
4756 - OpenCL, Linear1D, LocalMemory, bs_64x16, padding_512, pixelPerThread_1
24960 - CUDA, Array2D, LocalMemory, bs_128x8, padding_32, pixelPerThread_1
3495 - OpenCL, Linear1D, bs_128x4, padding_192, pixelPerThread_4
4202 - OpenCL, Linear1D, bs_256x1, padding_416, pixelPerThread_3
4622 - OpenCL, Linear1D, LocalMemory, bs_64x1, padding_512, pixelPerThread_3
4143 - OpenCL, Linear1D, bs_64x8, padding_480, pixelPerThread_4
8402 - OpenCL, Linear2D, LocalMemory, bs_64x8, padding_288, pixelPerThread_3
9477 - OpenCL, Array2D, bs_512x2, padding_192, pixelPerThread_2
23661 - CUDA, Array2D, bs_256x4, padding_512, pixelPerThread_2
22977 - CUDA, Array2D, bs_32x8, padding_480, pixelPerThread_2
4469 - OpenCL, Linear1D, LocalMemory, bs_32x16, padding_384, pixelPerThread_2
5446 - OpenCL, Linear1D, LocalMemory, bs_64x2, padding_32, pixelPerThread_3
25285 - CUDA, Array2D, LocalMemory, bs_1024x1, padding_448, pixelPerThread_2
7382 - OpenCL, Linear2D, LocalMemory, bs_32x32, padding_288, pixelPerThread_3
14086 - OpenCL, Ldg, LocalMemory, bs_64x8, padding_64, pixelPerThread_3
27843 - CUDA, Ldg, LocalMemory, bs_128x8, padding_224, pixelPerThread_4
9266 - OpenCL, Array2D, bs_128x8, padding_128, pixelPerThread_3
8423 - OpenCL, Linear2D, LocalMemory, bs_64x8, padding_448, pixelPerThread_4
8791 - OpenCL, Array2D, bs_32x32, padding_128, pixelPerThread_4
11146 - OpenCL, Array2D, LocalMemory, bs_32x4, padding_480, pixelPerThread_3
4171 - OpenCL, Linear1D, bs_256x1, padding_160, pixelPerThread_4
6167 - OpenCL, Linear2D, bs_64x16, padding_352, pixelPerThread_4
13364 - OpenCL, Ldg, LocalMemory, bs_128x1, padding_288, pixelPerThread_1
22948 - CUDA, Array2D, bs_32x8, padding_256, pixelPerThread_1
1674 - OpenCL, LocalMemory, bs_32x32, padding_320, pixelPerThread_3
8279 - OpenCL, Linear2D, LocalMemory, bs_32x4, padding_384, pixelPerThread_4
25191 - CUDA, Array2D, LocalMemory, bs_512x2, padding_224, pixelPerThread_4
5041 - OpenCL, Linear1D, LocalMemory, bs_256x4, padding_64, pixelPerThread_2
24082 - CUDA, Array2D, bs_64x8, padding_64, pixelPerThread_3
3543 - OpenCL, Linear1D, bs_128x8, padding_32, pixelPerThread_4
6537 - OpenCL, Linear2D, bs_512x1, padding_64, pixelPerThread_2
4919 - OpenCL, Linear1D, LocalMemory, bs_128x4, padding_160, pixelPerThread_4
23915 - CUDA, Array2D, bs_32x2, padding_352, pixelPerThread_4
12087 - OpenCL, Ldg, bs_128x4, padding_384, pixelPerThread_4
14074 - OpenCL, Ldg, LocalMemory, bs_64x2, padding_512, pixelPerThread_3
11172 - OpenCL, Array2D, LocalMemory, bs_64x2, padding_160, pixelPerThread_1
12515 - OpenCL, Ldg, bs_32x4, padding_0, pixelPerThread_4
4664 - OpenCL, Linear1D, LocalMemory, bs_64x4, padding_320, pixelPerThread_1
10228 - OpenCL, Array2D, LocalMemory, bs_32x32, padding_224, pixelPerThread_1
8975 - OpenCL, Array2D, bs_64x4, padding_512, pixelPerThread_4
3554 - OpenCL, Linear1D, bs_128x8, padding_128, pixelPerThread_3
11920 - OpenCL, Ldg, bs_128x1, padding_160, pixelPerThread_1
5708 - OpenCL, Linear1D, LocalMemory, bs_256x2, padding_512, pixelPerThread_1
4104 - OpenCL, Linear1D, bs_64x8, padding_192, pixelPerThread_1
11136 - OpenCL, Array2D, LocalMemory, bs_32x4, padding_416, pixelPerThread_1
5806 - OpenCL, Linear2D, bs_32x8, padding_192, pixelPerThread_3
12635 - OpenCL, Ldg, bs_64x2, padding_416, pixelPerThread_4
25179 - CUDA, Array2D, LocalMemory, bs_512x2, padding_128, pixelPerThread_4
22314 - CUDA, Linear2D, LocalMemory, bs_512x2, padding_64, pixelPerThread_3
5248 - OpenCL, Linear1D, LocalMemory, bs_1024x1, padding_96, pixelPerThread_1
11677 - OpenCL, Ldg, bs_32x32, padding_384, pixelPerThread_2
24555 - CUDA, Array2D, LocalMemory, bs_64x1, padding_32, pixelPerThread_4
22970 - CUDA, Array2D, bs_32x8, padding_416, pixelPerThread_3
12172 - OpenCL, Ldg, bs_256x4, padding_0, pixelPerThread_1
6009 - OpenCL, Linear2D, bs_64x1, padding_192, pixelPerThread_2
25667 - CUDA, Array2D, LocalMemory, bs_256x2, padding_224, pixelPerThread_4
12675 - OpenCL, Ldg, bs_64x8, padding_192, pixelPerThread_4
24626 - CUDA, Array2D, LocalMemory, bs_64x4, padding_64, pixelPerThread_3
25292 - CUDA, Array2D, LocalMemory, bs_1024x1, padding_512, pixelPerThread_1
7217 - OpenCL, Linear2D, LocalMemory, bs_32x8, padding_64, pixelPerThread_2
12899 - OpenCL, Ldg, LocalMemory, bs_32x1, padding_352, pixelPerThread_4
11869 - OpenCL, Ldg, bs_64x16, padding_288, pixelPerThread_2
23025 - CUDA, Array2D, bs_32x16, padding_320, pixelPerThread_2
5394 - OpenCL, Linear1D, LocalMemory, bs_32x4, padding_160, pixelPerThread_3
12162 - OpenCL, Ldg, bs_128x8, padding_448, pixelPerThread_3
5278 - OpenCL, Linear1D, LocalMemory, bs_1024x1, padding_320, pixelPerThread_3
11280 - OpenCL, Array2D, LocalMemory, bs_64x8, padding_480, pixelPerThread_1
5923 - OpenCL, Linear2D, bs_32x32, padding_32, pixelPerThread_4
13481 - OpenCL, Ldg, LocalMemory, bs_128x4, padding_128, pixelPerThread_2
7559 - OpenCL, Linear2D, LocalMemory, bs_64x16, padding_64, pixelPerThread_4
23639 - CUDA, Array2D, bs_256x4, padding_320, pixelPerThread_4
10643 - OpenCL, Array2D, LocalMemory, bs_128x4, padding_256, pixelPerThread_4
2166 - OpenCL, LocalMemory, bs_128x8, padding_448, pixelPerThread_3
5126 - OpenCL, Linear1D, LocalMemory, bs_512x1, padding_192, pixelPerThread_3
8699 - OpenCL, Array2D, bs_32x8, padding_480, pixelPerThread_4
25063 - CUDA, Array2D, LocalMemory, bs_256x4, padding_288, pixelPerThread_4
23567 - CUDA, Array2D, bs_128x8, padding_288, pixelPerThread_4
25582 - CUDA, Array2D, LocalMemory, bs_256x1, padding_96, pixelPerThread_3
13647 - OpenCL, Ldg, LocalMemory, bs_256x4, padding_352, pixelPerThread_4
13625 - OpenCL, Ldg, LocalMemory, bs_256x4, padding_192, pixelPerThread_2
10259 - OpenCL, Array2D, LocalMemory, bs_32x32, padding_448, pixelPerThread_4
25277 - CUDA, Array2D, LocalMemory, bs_1024x1, padding_384, pixelPerThread_2
10807 - OpenCL, Array2D, LocalMemory, bs_256x4, padding_480, pixelPerThread_4
4596 - OpenCL, Linear1D, LocalMemory, bs_64x1, padding_320, pixelPerThread_1
10505 - OpenCL, Array2D, LocalMemory, bs_128x1, padding_256, pixelPerThread_2
9697 - OpenCL, Array2D, bs_32x4, padding_320, pixelPerThread_2
5313 - OpenCL, Linear1D, LocalMemory, bs_32x2, padding_64, pixelPerThread_2
8816 - OpenCL, Array2D, bs_32x32, padding_352, pixelPerThread_1
12799 - OpenCL, Ldg, bs_256x2, padding_96, pixelPerThread_4
7156 - OpenCL, Linear2D, LocalMemory, bs_32x1, padding_128, pixelPerThread_1
10522 - OpenCL, Array2D, LocalMemory, bs_128x1, padding_384, pixelPerThread_3
21847 - CUDA, Linear2D, LocalMemory, bs_64x16, padding_128, pixelPerThread_4
3849 - OpenCL, Linear1D, bs_1024x1, padding_320, pixelPerThread_2
12137 - OpenCL, Ldg, bs_128x8, padding_256, pixelPerThread_2
9538 - OpenCL, Array2D, bs_1024x1, padding_128, pixelPerThread_3
13672 - OpenCL, Ldg, LocalMemory, bs_512x1, padding_32, pixelPerThread_1
3462 - OpenCL, Linear1D, bs_128x2, padding_480, pixelPerThread_3
3199 - OpenCL, Linear1D, bs_64x4, padding_0, pixelPerThread_4
11320 - OpenCL, Array2D, LocalMemory, bs_256x1, padding_256, pixelPerThread_1
23636 - CUDA, Array2D, bs_256x4, padding_320, pixelPerThread_1
24659 - CUDA, Array2D, LocalMemory, bs_64x4, padding_320, pixelPerThread_4
8122 - OpenCL, Linear2D, LocalMemory, bs_1024x1, padding_224, pixelPerThread_3
8686 - OpenCL, Array2D, bs_32x8, padding_384, pixelPerThread_3
11779 - OpenCL, Ldg, bs_64x4, padding_96, pixelPerThread_4
13133 - OpenCL, Ldg, LocalMemory, bs_64x1, padding_64, pixelPerThread_2
23483 - CUDA, Array2D, bs_128x4, padding_160, pixelPerThread_4
6230 - OpenCL, Linear2D, bs_128x1, padding_320, pixelPerThread_3
25262 - CUDA, Array2D, LocalMemory, bs_1024x1, padding_256, pixelPerThread_3
7849 - OpenCL, Linear2D, LocalMemory, bs_128x8, padding_224, pixelPerThread_2
4086 - OpenCL, Linear1D, bs_64x8, padding_32, pixelPerThread_3
13664 - OpenCL, Ldg, LocalMemory, bs_256x4, padding_512, pixelPerThread_1
4418 - OpenCL, Linear1D, LocalMemory, bs_32x8, padding_512, pixelPerThread_3
12717 - OpenCL, Ldg, bs_256x1, padding_0, pixelPerThread_2
4677 - OpenCL, Linear1D, LocalMemory, bs_64x4, padding_416, pixelPerThread_2
13602 - OpenCL, Ldg, LocalMemory, bs_256x4, padding_0, pixelPerThread_3
22318 - CUDA, Linear2D, LocalMemory, bs_512x2, padding_96, pixelPerThread_3
27563 - CUDA, Ldg, LocalMemory, bs_64x16, padding_160, pixelPerThread_4
8592 - OpenCL, Array2D, bs_32x1, padding_192, pixelPerThread_1
