Current machine learning settings: epsilon:0 lossFunction:RELATIVE parallelization:True bagging:False baggingNumbers:3 considerEpsilonTube:False baggingTestDataFraction:50 useBackward:False abortError:1 limitFeatureSize:False featureSizeTreshold:4 quadraticFunctionSupport:True crossValidation:False crossValidation-k:5 learn-logFunction:False learn-accumulatedLogFunction:False learn-asymFunction:False learn-ratioFunction:False learn-mirrowedFunction:False learn-numeric-disabled:True numberOfRounds:70 backwardErrorDelta:1 minImprovementPerRound:0.1 withHierarchy:False bruteForceCandidates:False ignoreBadFeatures:False stopOnLongRound:True candidateSizePenalty:True learnTimeLimit:00:00:00 scoreMeasure:RELERROR outputRoundsToStdout:False debug:False pythonInfluenceAnalysis:False blacklisted: 
command: mlsettings bagging:False stopOnLongRound:False parallelization:True lossFunction:RELATIVE useBackward:False abortError:1 limitFeatureSize:False featureSizeTreshold:7 quadraticFunctionSupport:True crossValidation:False learn_logFunction:True numberOfRounds:70 backwardErrorDelta:1 minImprovementPerRound:0.25 withHierarchy:False
Current machine learning settings: epsilon:0 lossFunction:RELATIVE parallelization:True bagging:False baggingNumbers:3 considerEpsilonTube:False baggingTestDataFraction:50 useBackward:False abortError:1 limitFeatureSize:False featureSizeTreshold:7 quadraticFunctionSupport:True crossValidation:False crossValidation-k:5 learn-logFunction:True learn-accumulatedLogFunction:False learn-asymFunction:False learn-ratioFunction:False learn-mirrowedFunction:False learn-numeric-disabled:True numberOfRounds:70 backwardErrorDelta:1 minImprovementPerRound:0.25 withHierarchy:False bruteForceCandidates:False ignoreBadFeatures:False stopOnLongRound:False candidateSizePenalty:True learnTimeLimit:00:00:00 scoreMeasure:RELERROR outputRoundsToStdout:False debug:False pythonInfluenceAnalysis:False blacklisted: 
command: solver z3
command: vm /scratch/kallistos/Distance-Based_Data/SupplementaryWebsite/MeasuredPerformanceValues/Polly/FeatureModel.xml
command: all /scratch/kallistos/Distance-Based_Data/SupplementaryWebsite/MeasuredPerformanceValues/Polly/measurements.xml
Configs with too large deviation: 0
60000 configurations loaded.
command: nfp Performance
command: setsampleset /scratch/kallistos/Distance-Based_Data/Results/Polly/Polly_54/sampledConfigurations_divDistBased_t1.csv
command: learn-splconqueror
Learning: NumberOfConfigurationsLearning:28 NumberOfConfigurationsValidation:28
Learning progress:
1;29.127619047619 * polly_vectorizer + -9.59071428571428 * min;22.1406407225711;22.1406407225711;22.1406407225711;22.1406407225711;0.0567;2;-9.59071428571428 * min;1;16.1655900841824;
2;29.127619047619 * polly_vectorizer + -12.4858008658008 * min + 13.510404040404 * min * polly_no_tiling;13.7560334415099;13.7560334415099;13.7560334415099;13.7560334415099;0.083474;4;13.510404040404 * min * polly_no_tiling;2;4.19230364053064;
3;29.127619047619 * polly_vectorizer + 0.339047619047621 * min + 16.3603703703704 * min * polly_no_tiling + -15.6748148148148 * min * value_based;6.85324467789084;6.85324467789084;6.85324467789084;6.85324467789084;0.126432;6;-15.6748148148148 * min * value_based;2;3.45139438180951;
4;28.727783171521 * polly_vectorizer + 0.738883495145644 * min + 14.8054530744337 * min * polly_no_tiling + -15.9857982740022 * min * value_based + 2.7988511326861 * parallel;5.76977226354414;5.76977226354414;5.76977226354414;5.76977226354414;0.200617;7;2.7988511326861 * parallel;1;1.0834724143467;
5;28.7009140767824 * polly_vectorizer + 6.30078610603291 * min + 15.3159658744668 * min * polly_no_tiling + -16.6217001828154 * min * value_based + 2.98693479585619 * parallel + -5.53503351614872 * min * none;4.63865796767451;4.63865796767451;4.63865796767451;4.63865796767451;0.302505;9;-5.53503351614872 * min * none;2;0.565557147934816;
6;28.6671736573892 * polly_vectorizer + 8.15838364040247 * min + 13.906366130929 * min * polly_no_tiling + -16.3948895857833 * min * value_based + 3.22311773160853 * parallel + -6.33355677512084 * min * none + -2.05066771200836 * min * pollydefaulttilesize_4;2.97387985107202;2.97387985107202;2.97387985107202;2.97387985107202;0.449085;11;-2.05066771200836 * min * pollydefaulttilesize_4;2;0.832389058301247;
7;28.845 * polly_vectorizer + 8.93661290322585 * min + 14.8318279569892 * min * polly_no_tiling + -16.777311827957 * min * value_based + 1.97833333333334 * parallel + -7.00279569892476 * min * none + -2.62430107526882 * min * pollydefaulttilesize_4 + 4.87779569892472 * parallel * pollydefaulttilesize_4;1.32517553471607;1.32517553471607;1.32517553471607;1.32517553471607;0.641109;13;4.87779569892472 * parallel * pollydefaulttilesize_4;2;0.824352158177972;
8;28.845 * polly_vectorizer + 8.1925 * min + 14.5011111111111 * min * polly_no_tiling + -15.4544444444444 * min * value_based + 1.97833333333333 * parallel + -7.25083333333333 * min * none + -0.639999999999994 * min * pollydefaulttilesize_4 + 5.12583333333336 * parallel * pollydefaulttilesize_4 + -2.56305555555555 * min * pollydefaulttilesize_4 * value_based;0.681910148908488;0.681910148908488;0.681910148908488;0.681910148908488;0.884226;16;-2.56305555555555 * min * pollydefaulttilesize_4 * value_based;3;0.214421795269195;
Elapsed=00:00:00.8876684
average model: 
command: analyze-learning
Round, Model, LearningError, LearningErrorRel, ValidationError, ValidationErrorRel, ElapsedSeconds, ModelComplexity, BestCandidate, BestCandidateSize, BestCandidateScore, TestError
Models:
Termination reason: abortError
1;29.127619047619 * polly_vectorizer + -9.59071428571428 * min;22.1406407225711;22.1406407225711;22.1406407225711;22.1406407225711;0.0567;2;-9.59071428571428 * min;1;16.1655900841824;27.86463050989
2;29.127619047619 * polly_vectorizer + -12.4858008658008 * min + 13.510404040404 * min * polly_no_tiling;13.7560334415099;13.7560334415099;13.7560334415099;13.7560334415099;0.083474;4;13.510404040404 * min * polly_no_tiling;2;4.19230364053064;19.1698721900999
3;29.127619047619 * polly_vectorizer + 0.339047619047621 * min + 16.3603703703704 * min * polly_no_tiling + -15.6748148148148 * min * value_based;6.85324467789084;6.85324467789084;6.85324467789084;6.85324467789084;0.126432;6;-15.6748148148148 * min * value_based;2;3.45139438180951;17.263469966942
4;28.727783171521 * polly_vectorizer + 0.738883495145644 * min + 14.8054530744337 * min * polly_no_tiling + -15.9857982740022 * min * value_based + 2.7988511326861 * parallel;5.76977226354414;5.76977226354414;5.76977226354414;5.76977226354414;0.200617;7;2.7988511326861 * parallel;1;1.0834724143467;16.5075213064128
5;28.7009140767824 * polly_vectorizer + 6.30078610603291 * min + 15.3159658744668 * min * polly_no_tiling + -16.6217001828154 * min * value_based + 2.98693479585619 * parallel + -5.53503351614872 * min * none;4.63865796767451;4.63865796767451;4.63865796767451;4.63865796767451;0.302505;9;-5.53503351614872 * min * none;2;0.565557147934816;24.3315605822332
6;28.6671736573892 * polly_vectorizer + 8.15838364040247 * min + 13.906366130929 * min * polly_no_tiling + -16.3948895857833 * min * value_based + 3.22311773160853 * parallel + -6.33355677512084 * min * none + -2.05066771200836 * min * pollydefaulttilesize_4;2.97387985107202;2.97387985107202;2.97387985107202;2.97387985107202;0.449085;11;-2.05066771200836 * min * pollydefaulttilesize_4;2;0.832389058301247;26.9804228815624
7;28.845 * polly_vectorizer + 8.93661290322585 * min + 14.8318279569892 * min * polly_no_tiling + -16.777311827957 * min * value_based + 1.97833333333334 * parallel + -7.00279569892476 * min * none + -2.62430107526882 * min * pollydefaulttilesize_4 + 4.87779569892472 * parallel * pollydefaulttilesize_4;1.32517553471607;1.32517553471607;1.32517553471607;1.32517553471607;0.641109;13;4.87779569892472 * parallel * pollydefaulttilesize_4;2;0.824352158177972;28.0073801448549
8;28.845 * polly_vectorizer + 8.1925 * min + 14.5011111111111 * min * polly_no_tiling + -15.4544444444444 * min * value_based + 1.97833333333333 * parallel + -7.25083333333333 * min * none + -0.639999999999994 * min * pollydefaulttilesize_4 + 5.12583333333336 * parallel * pollydefaulttilesize_4 + -2.56305555555555 * min * pollydefaulttilesize_4 * value_based;0.681910148908488;0.681910148908488;0.681910148908488;0.681910148908488;0.884226;16;-2.56305555555555 * min * pollydefaulttilesize_4 * value_based;3;0.214421795269195;28.0845253984235
Analyze finished
command: clean-sampling
command: clean-global
command: script ./learn_divDistBased_t2.a
command: log ./out_divDistBased_t2Predictions.log
