Current machine learning settings: epsilon:0 lossFunction:RELATIVE parallelization:True bagging:False baggingNumbers:3 considerEpsilonTube:False baggingTestDataFraction:50 useBackward:False abortError:1 limitFeatureSize:False featureSizeTreshold:4 quadraticFunctionSupport:True crossValidation:False crossValidation-k:5 learn-logFunction:False learn-accumulatedLogFunction:False learn-asymFunction:False learn-ratioFunction:False learn-mirrowedFunction:False learn-numeric-disabled:True numberOfRounds:70 backwardErrorDelta:1 minImprovementPerRound:0.1 withHierarchy:False bruteForceCandidates:False ignoreBadFeatures:False stopOnLongRound:True candidateSizePenalty:True learnTimeLimit:00:00:00 scoreMeasure:RELERROR outputRoundsToStdout:False debug:False pythonInfluenceAnalysis:False blacklisted: 
command: mlsettings bagging:False stopOnLongRound:False parallelization:True lossFunction:RELATIVE useBackward:False abortError:1 limitFeatureSize:False featureSizeTreshold:7 quadraticFunctionSupport:True crossValidation:False learn_logFunction:True numberOfRounds:70 backwardErrorDelta:1 minImprovementPerRound:0.25 withHierarchy:False
Current machine learning settings: epsilon:0 lossFunction:RELATIVE parallelization:True bagging:False baggingNumbers:3 considerEpsilonTube:False baggingTestDataFraction:50 useBackward:False abortError:1 limitFeatureSize:False featureSizeTreshold:7 quadraticFunctionSupport:True crossValidation:False crossValidation-k:5 learn-logFunction:True learn-accumulatedLogFunction:False learn-asymFunction:False learn-ratioFunction:False learn-mirrowedFunction:False learn-numeric-disabled:True numberOfRounds:70 backwardErrorDelta:1 minImprovementPerRound:0.25 withHierarchy:False bruteForceCandidates:False ignoreBadFeatures:False stopOnLongRound:False candidateSizePenalty:True learnTimeLimit:00:00:00 scoreMeasure:RELERROR outputRoundsToStdout:False debug:False pythonInfluenceAnalysis:False blacklisted: 
command: solver z3
command: vm /scratch/kallistos/Distance-Based_Data/SupplementaryWebsite/MeasuredPerformanceValues/Polly/FeatureModel.xml
command: all /scratch/kallistos/Distance-Based_Data/SupplementaryWebsite/MeasuredPerformanceValues/Polly/measurements.xml
Configs with too large deviation: 0
60000 configurations loaded.
command: nfp Performance
command: setsampleset /scratch/kallistos/Distance-Based_Data/Results/Polly/Polly_8/sampledConfigurations_grammarBased_t3.csv
command: learn-splconqueror
Learning: NumberOfConfigurationsLearning:2172 NumberOfConfigurationsValidation:2172
Learning progress:
1;24.4929757519951 * polly_vectorizer + 5.11110343769181 * max;28.3421769087696;28.3421769087696;28.3421769087696;28.3421769087696;0.585224;2;5.11110343769181 * max;1;3.70874262251676;
2;27.0464199858829 * polly_vectorizer + 5.0788978347419 * max + -4.99646925766164 * value_based;26.810224832358;26.810224832358;26.810224832358;26.810224832358;2.194713;3;-4.99646925766164 * value_based;1;1.53195207641162;
3;24.8732827664979 * polly_vectorizer + 5.11906459971315 * max + -5.17388833659028 * value_based + 4.486304031127 * polly_no_tiling;23.2432398035082;23.2432398035082;23.2432398035082;23.2432398035082;4.94621;4;4.486304031127 * polly_no_tiling;1;3.56698502884972;
4;27.4543893948712 * polly_vectorizer + 0.0568265725013015 * max + -10.1557368185466 * value_based + 4.41667649293781 * polly_no_tiling + 9.96719212189155 * max * value_based;19.7409144186307;19.7409144186307;19.7409144186307;19.7409144186307;9.442485;6;9.96719212189155 * max * value_based;2;1.75116269243875;
5;25.3099478100197 * polly_vectorizer + 4.24934740400952 * max + -10.2673890116567 * value_based + 8.77950592418746 * polly_no_tiling + 10.3127562739164 * max * value_based + -8.73531607689001 * max * polly_no_tiling;15.5711083171593;15.5711083171593;15.5711083171593;15.5711083171593;16.012729;8;-8.73531607689001 * max * polly_no_tiling;2;2.08490305073571;
6;24.6237865277023 * polly_vectorizer + 4.25600253296568 * max + -10.3033690217059 * value_based + 8.76338330440998 * polly_no_tiling + 10.2851263280663 * max * value_based + -8.6985391707555 * max * polly_no_tiling + 2.04755358151323 * parallel;14.4169031871225;14.4169031871225;14.4169031871225;14.4169031871225;24.974772;9;2.04755358151323 * parallel;1;1.15420513003685;
7;26.7801843968505 * polly_vectorizer + 4.13205870762972 * max + -14.6129246112117 * value_based + 4.39554367170379 * polly_no_tiling + 10.3639047070295 * max * value_based + -8.65026769747749 * max * polly_no_tiling + 2.01954733495049 * parallel + 8.55093291360489 * value_based * polly_no_tiling;12.7737750351913;12.7737750351913;12.7737750351913;12.7737750351913;36.551076;11;8.55093291360489 * value_based * polly_no_tiling;2;0.821564075965571;
8;28.9198610231674 * polly_vectorizer + -0.0340736930424425 * max + -18.9150882755873 * value_based + 0.0355721678581791 * polly_no_tiling + 18.8974209060916 * max * value_based + 0.0291029460724064 * max * polly_no_tiling + 2.02945996789168 * parallel + -2.67181202149303E-05 * value_based * polly_no_tiling + 17.0859053683241 * value_based * polly_no_tiling * min;6.71508133795275;6.71508133795275;6.71508133795275;6.71508133795275;51.52072;14;17.0859053683241 * value_based * polly_no_tiling * min;3;2.01956456574619;
9;28.935237650188 * polly_vectorizer + -0.0341363197413707 * max + -17.8345729284064 * value_based + 0.0357527951554021 * polly_no_tiling + 18.9055861387225 * max * value_based + 0.0280917975938857 * max * polly_no_tiling + 1.98383700859975 * parallel + -0.0594267845854806 * value_based * polly_no_tiling + 17.1672470953974 * value_based * polly_no_tiling * min + -2.22623454548095 * value_based * polly;5.61372351813704;5.61372351813704;5.61372351813704;5.61372351813704;67.901774;16;-2.22623454548095 * value_based * polly;2;0.550678909907858;
10;28.9351981159264 * polly_vectorizer + -0.0341361587240744 * max + -16.7404950748354 * value_based + 0.0357523307514476 * polly_no_tiling + 16.6923149148305 * max * value_based + 0.0280943973191845 * max * polly_no_tiling + 1.98395430805705 * parallel + 0.002449660264842 * value_based * polly_no_tiling + 17.1272454759988 * value_based * polly_no_tiling * min + -4.48172143566477 * value_based * polly + 4.54633027038029 * max * value_based * polly;3.80881193947589;3.80881193947589;3.80881193947589;3.80881193947589;87.022051;19;4.54633027038029 * max * value_based * polly;3;0.601637192887051;
11;28.9367682070455 * polly_vectorizer + -0.0341425534701563 * max + -16.2453675890926 * value_based + 0.035770774413549 * polly_no_tiling + 16.1973784579088 * max * value_based + 0.0279911500178374 * max * polly_no_tiling + 1.97929579594579 * parallel + 0.00251990839858801 * value_based * polly_no_tiling + 18.1336923861681 * value_based * polly_no_tiling * min + -5.50231413151481 * value_based * polly + 5.56675235793059 * max * value_based * polly + -1.97254671898629 * value_based * polly_no_tiling * min * none;3.3348398418336;3.3348398418336;3.3348398418336;3.3348398418336;108.347025;23;-1.97254671898629 * value_based * polly_no_tiling * min * none;4;0.118493024410571;
Elapsed=00:01:48.3956449
average model: 
command: analyze-learning
Round, Model, LearningError, LearningErrorRel, ValidationError, ValidationErrorRel, ElapsedSeconds, ModelComplexity, BestCandidate, BestCandidateSize, BestCandidateScore, TestError
Models:
Termination reason: minImprovementPerRound
1;24.4929757519951 * polly_vectorizer + 5.11110343769181 * max;28.3421769087696;28.3421769087696;28.3421769087696;28.3421769087696;0.585224;2;5.11110343769181 * max;1;3.70874262251676;28.4355541210143
2;27.0464199858829 * polly_vectorizer + 5.0788978347419 * max + -4.99646925766164 * value_based;26.810224832358;26.810224832358;26.810224832358;26.810224832358;2.194713;3;-4.99646925766164 * value_based;1;1.53195207641162;26.7369151002792
3;24.8732827664979 * polly_vectorizer + 5.11906459971315 * max + -5.17388833659028 * value_based + 4.486304031127 * polly_no_tiling;23.2432398035082;23.2432398035082;23.2432398035082;23.2432398035082;4.94621;4;4.486304031127 * polly_no_tiling;1;3.56698502884972;23.3651587469264
4;27.4543893948712 * polly_vectorizer + 0.0568265725013015 * max + -10.1557368185466 * value_based + 4.41667649293781 * polly_no_tiling + 9.96719212189155 * max * value_based;19.7409144186307;19.7409144186307;19.7409144186307;19.7409144186307;9.442485;6;9.96719212189155 * max * value_based;2;1.75116269243875;19.672832117025
5;25.3099478100197 * polly_vectorizer + 4.24934740400952 * max + -10.2673890116567 * value_based + 8.77950592418746 * polly_no_tiling + 10.3127562739164 * max * value_based + -8.73531607689001 * max * polly_no_tiling;15.5711083171593;15.5711083171593;15.5711083171593;15.5711083171593;16.012729;8;-8.73531607689001 * max * polly_no_tiling;2;2.08490305073571;15.5625024957557
6;24.6237865277023 * polly_vectorizer + 4.25600253296568 * max + -10.3033690217059 * value_based + 8.76338330440998 * polly_no_tiling + 10.2851263280663 * max * value_based + -8.6985391707555 * max * polly_no_tiling + 2.04755358151323 * parallel;14.4169031871225;14.4169031871225;14.4169031871225;14.4169031871225;24.974772;9;2.04755358151323 * parallel;1;1.15420513003685;14.4663797574094
7;26.7801843968505 * polly_vectorizer + 4.13205870762972 * max + -14.6129246112117 * value_based + 4.39554367170379 * polly_no_tiling + 10.3639047070295 * max * value_based + -8.65026769747749 * max * polly_no_tiling + 2.01954733495049 * parallel + 8.55093291360489 * value_based * polly_no_tiling;12.7737750351913;12.7737750351913;12.7737750351913;12.7737750351913;36.551076;11;8.55093291360489 * value_based * polly_no_tiling;2;0.821564075965571;12.8328302597153
8;28.9198610231674 * polly_vectorizer + -0.0340736930424425 * max + -18.9150882755873 * value_based + 0.0355721678581791 * polly_no_tiling + 18.8974209060916 * max * value_based + 0.0291029460724064 * max * polly_no_tiling + 2.02945996789168 * parallel + -2.67181202149303E-05 * value_based * polly_no_tiling + 17.0859053683241 * value_based * polly_no_tiling * min;6.71508133795275;6.71508133795275;6.71508133795275;6.71508133795275;51.52072;14;17.0859053683241 * value_based * polly_no_tiling * min;3;2.01956456574619;6.76091505144957
9;28.935237650188 * polly_vectorizer + -0.0341363197413707 * max + -17.8345729284064 * value_based + 0.0357527951554021 * polly_no_tiling + 18.9055861387225 * max * value_based + 0.0280917975938857 * max * polly_no_tiling + 1.98383700859975 * parallel + -0.0594267845854806 * value_based * polly_no_tiling + 17.1672470953974 * value_based * polly_no_tiling * min + -2.22623454548095 * value_based * polly;5.61372351813704;5.61372351813704;5.61372351813704;5.61372351813704;67.901774;16;-2.22623454548095 * value_based * polly;2;0.550678909907858;5.65223724066368
10;28.9351981159264 * polly_vectorizer + -0.0341361587240744 * max + -16.7404950748354 * value_based + 0.0357523307514476 * polly_no_tiling + 16.6923149148305 * max * value_based + 0.0280943973191845 * max * polly_no_tiling + 1.98395430805705 * parallel + 0.002449660264842 * value_based * polly_no_tiling + 17.1272454759988 * value_based * polly_no_tiling * min + -4.48172143566477 * value_based * polly + 4.54633027038029 * max * value_based * polly;3.80881193947589;3.80881193947589;3.80881193947589;3.80881193947589;87.022051;19;4.54633027038029 * max * value_based * polly;3;0.601637192887051;3.86761651029018
11;28.9367682070455 * polly_vectorizer + -0.0341425534701563 * max + -16.2453675890926 * value_based + 0.035770774413549 * polly_no_tiling + 16.1973784579088 * max * value_based + 0.0279911500178374 * max * polly_no_tiling + 1.97929579594579 * parallel + 0.00251990839858801 * value_based * polly_no_tiling + 18.1336923861681 * value_based * polly_no_tiling * min + -5.50231413151481 * value_based * polly + 5.56675235793059 * max * value_based * polly + -1.97254671898629 * value_based * polly_no_tiling * min * none;3.3348398418336;3.3348398418336;3.3348398418336;3.3348398418336;108.347025;23;-1.97254671898629 * value_based * polly_no_tiling * min * none;4;0.118493024410571;3.42491581745205
Analyze finished
command: clean-sampling
command: clean-global
