Current machine learning settings: epsilon:0 lossFunction:RELATIVE parallelization:True bagging:False baggingNumbers:3 considerEpsilonTube:False baggingTestDataFraction:50 useBackward:False abortError:1 limitFeatureSize:False featureSizeTreshold:4 quadraticFunctionSupport:True crossValidation:False crossValidation-k:5 learn-logFunction:False learn-accumulatedLogFunction:False learn-asymFunction:False learn-ratioFunction:False learn-mirrowedFunction:False learn-numeric-disabled:True numberOfRounds:70 backwardErrorDelta:1 minImprovementPerRound:0.1 withHierarchy:False bruteForceCandidates:False ignoreBadFeatures:False stopOnLongRound:True candidateSizePenalty:True learnTimeLimit:00:00:00 scoreMeasure:RELERROR outputRoundsToStdout:False debug:False pythonInfluenceAnalysis:False blacklisted: 
command: mlsettings bagging:False stopOnLongRound:False parallelization:True lossFunction:RELATIVE useBackward:False abortError:1 limitFeatureSize:False featureSizeTreshold:7 quadraticFunctionSupport:True crossValidation:False learn_logFunction:True numberOfRounds:70 backwardErrorDelta:1 minImprovementPerRound:0.25 withHierarchy:False
Current machine learning settings: epsilon:0 lossFunction:RELATIVE parallelization:True bagging:False baggingNumbers:3 considerEpsilonTube:False baggingTestDataFraction:50 useBackward:False abortError:1 limitFeatureSize:False featureSizeTreshold:7 quadraticFunctionSupport:True crossValidation:False crossValidation-k:5 learn-logFunction:True learn-accumulatedLogFunction:False learn-asymFunction:False learn-ratioFunction:False learn-mirrowedFunction:False learn-numeric-disabled:True numberOfRounds:70 backwardErrorDelta:1 minImprovementPerRound:0.25 withHierarchy:False bruteForceCandidates:False ignoreBadFeatures:False stopOnLongRound:False candidateSizePenalty:True learnTimeLimit:00:00:00 scoreMeasure:RELERROR outputRoundsToStdout:False debug:False pythonInfluenceAnalysis:False blacklisted: 
command: solver z3
command: vm /scratch/kallistos/Distance-Based_Data/SupplementaryWebsite/MeasuredPerformanceValues/Polly/FeatureModel.xml
command: all /scratch/kallistos/Distance-Based_Data/SupplementaryWebsite/MeasuredPerformanceValues/Polly/measurements.xml
Configs with too large deviation: 0
60000 configurations loaded.
command: nfp Performance
command: setsampleset /scratch/kallistos/Distance-Based_Data/Results/Polly/Polly_73/sampledConfigurations_divDistBased_t1.csv
command: learn-splconqueror
Learning: NumberOfConfigurationsLearning:28 NumberOfConfigurationsValidation:28
Learning progress:
1;26.7748148148148 * polly_vectorizer + -12.6124814814815 * pollyoptmaxcoefficient_1;22.4112200331585;22.4112200331585;22.4112200331585;22.4112200331585;0.043596;2;-12.6124814814815 * pollyoptmaxcoefficient_1;1;24.4202948545138;
2;27.5141176470588 * polly_vectorizer + -13.3517843137255 * pollyoptmaxcoefficient_1 + -13.3074509803921 * pollyoptmaxcoefficient_1000;18.2391017459758;18.2391017459758;18.2391017459758;18.2391017459758;0.066981;3;-13.3074509803921 * pollyoptmaxcoefficient_1000;1;4.17211828718269;
3;29.1415384615384 * polly_vectorizer + -14.9792051282051 * pollyoptmaxcoefficient_1 + -14.9348717948718 * pollyoptmaxcoefficient_1000 + -6.91653846153844 * pollyoptmaxcoefficient_10;15.1775975621593;15.1775975621593;15.1775975621593;15.1775975621593;0.100961;4;-6.91653846153844 * pollyoptmaxcoefficient_10;1;3.06150418381649;
4;29.1415384615384 * polly_vectorizer + -14.9792051282051 * pollyoptmaxcoefficient_1 + -14.9348717948718 * pollyoptmaxcoefficient_1000 + -13.8782051282051 * pollyoptmaxcoefficient_10 + 13.9233333333333 * pollyoptmaxcoefficient_10 * pollyoptmaxconstantterm_1000;10.6756109622182;10.6756109622182;10.6756109622182;10.6756109622182;0.155678;6;13.9233333333333 * pollyoptmaxcoefficient_10 * pollyoptmaxconstantterm_1000;2;2.25099329997054;
5;29.1415384615384 * polly_vectorizer + 0.061794871794874 * pollyoptmaxcoefficient_1 + -14.9348717948718 * pollyoptmaxcoefficient_1000 + -13.8782051282051 * pollyoptmaxcoefficient_10 + 13.9233333333333 * pollyoptmaxcoefficient_10 * pollyoptmaxconstantterm_1000 + -16.7122222222222 * pollyoptmaxcoefficient_1 * value_based;7.5112477576297;7.5112477576297;7.5112477576297;7.5112477576297;0.240643;8;-16.7122222222222 * pollyoptmaxcoefficient_1 * value_based;2;1.58218160229426;
6;29.1415384615384 * polly_vectorizer + 0.0617948717948681 * pollyoptmaxcoefficient_1 + -14.9348717948718 * pollyoptmaxcoefficient_1000 + -15.6635384615384 * pollyoptmaxcoefficient_10 + 15.7086666666667 * pollyoptmaxcoefficient_10 * pollyoptmaxconstantterm_1000 + -17.9024444444444 * pollyoptmaxcoefficient_1 * value_based + 3.57066666666667 * parallel;4.6868947245628;4.6868947245628;4.6868947245628;4.6868947245628;0.363864;9;3.57066666666667 * parallel;1;2.8243530330669;
7;29.1415384615385 * polly_vectorizer + 4.50363697705802 * pollyoptmaxcoefficient_1 + -14.9348717948718 * pollyoptmaxcoefficient_1000 + -15.3674156545209 * pollyoptmaxcoefficient_10 + 15.4125438596491 * pollyoptmaxcoefficient_10 * pollyoptmaxconstantterm_1000 + -21.6533333333334 * pollyoptmaxcoefficient_1 * value_based + 2.97842105263158 * parallel + -4.44184210526318 * pollyoptmaxcoefficient_1 * polly;3.22715197241146;3.22715197241146;3.22715197241146;3.22715197241146;0.518104;11;-4.44184210526318 * pollyoptmaxcoefficient_1 * polly;2;0.729871376075673;
8;29.1415384615384 * polly_vectorizer + 4.03393772893774 * pollyoptmaxcoefficient_1 + -14.9348717948718 * pollyoptmaxcoefficient_1000 + -15.2499908424908 * pollyoptmaxcoefficient_10 + 15.295119047619 * pollyoptmaxcoefficient_10 * pollyoptmaxconstantterm_1000 + -21.6533333333333 * pollyoptmaxcoefficient_1 * value_based + 2.74357142857143 * parallel + -6.2032142857143 * pollyoptmaxcoefficient_1 * polly + 2.23107142857144 * pollyoptmaxcoefficient_1 * pollydefaulttilesize_1024;2.09292076949873;2.09292076949873;2.09292076949873;2.09292076949873;0.712235;13;2.23107142857144 * pollyoptmaxcoefficient_1 * pollydefaulttilesize_1024;2;0.567115601456364;
9;30.1091629955947 * polly_vectorizer + 3.21606461086638 * pollyoptmaxcoefficient_1 + -14.8542364170338 * pollyoptmaxcoefficient_1000 + -15.9929882525697 * pollyoptmaxcoefficient_10 + 16.118751835536 * pollyoptmaxcoefficient_10 * pollyoptmaxconstantterm_1000 + -21.6533333333333 * pollyoptmaxcoefficient_1 * value_based + 3.342577092511 * parallel + -6.42784140969159 * pollyoptmaxcoefficient_1 * polly + 2.30594713656389 * pollyoptmaxcoefficient_1 * pollydefaulttilesize_1024 + -1.04825991189427 * polly_opt_simplify_deps;1.5872731887976;1.5872731887976;1.5872731887976;1.5872731887976;1.027717;14;-1.04825991189427 * polly_opt_simplify_deps;1;0.505647580701132;
10;29.8693805309734 * polly_vectorizer + 3.20274336283184 * pollyoptmaxcoefficient_1 + -14.8742182890855 * pollyoptmaxcoefficient_1000 + -15.3768805309734 * pollyoptmaxcoefficient_10 + 15.4826622418879 * pollyoptmaxcoefficient_10 * pollyoptmaxconstantterm_1000 + -21.6533333333333 * pollyoptmaxcoefficient_1 * value_based + 3.84212389380529 * parallel + -6.80416666666664 * pollyoptmaxcoefficient_1 * polly + 2.93537610619468 * pollyoptmaxcoefficient_1 * pollydefaulttilesize_1024 + -0.788495575221221 * polly_opt_simplify_deps + -1.51196165191743 * parallel * pollyrtcmaxparameters_16;0.88418163483317;0.88418163483317;0.88418163483317;0.88418163483317;1.34716;16;-1.51196165191743 * parallel * pollyrtcmaxparameters_16;2;0.351545776982214;
Elapsed=00:00:01.3498629
average model: 
command: analyze-learning
Round, Model, LearningError, LearningErrorRel, ValidationError, ValidationErrorRel, ElapsedSeconds, ModelComplexity, BestCandidate, BestCandidateSize, BestCandidateScore, TestError
Models:
Termination reason: abortError
1;26.7748148148148 * polly_vectorizer + -12.6124814814815 * pollyoptmaxcoefficient_1;22.4112200331585;22.4112200331585;22.4112200331585;22.4112200331585;0.043596;2;-12.6124814814815 * pollyoptmaxcoefficient_1;1;24.4202948545138;36.5601213392784
2;27.5141176470588 * polly_vectorizer + -13.3517843137255 * pollyoptmaxcoefficient_1 + -13.3074509803921 * pollyoptmaxcoefficient_1000;18.2391017459758;18.2391017459758;18.2391017459758;18.2391017459758;0.066981;3;-13.3074509803921 * pollyoptmaxcoefficient_1000;1;4.17211828718269;40.0663631162472
3;29.1415384615384 * polly_vectorizer + -14.9792051282051 * pollyoptmaxcoefficient_1 + -14.9348717948718 * pollyoptmaxcoefficient_1000 + -6.91653846153844 * pollyoptmaxcoefficient_10;15.1775975621593;15.1775975621593;15.1775975621593;15.1775975621593;0.100961;4;-6.91653846153844 * pollyoptmaxcoefficient_10;1;3.06150418381649;41.2257059765328
4;29.1415384615384 * polly_vectorizer + -14.9792051282051 * pollyoptmaxcoefficient_1 + -14.9348717948718 * pollyoptmaxcoefficient_1000 + -13.8782051282051 * pollyoptmaxcoefficient_10 + 13.9233333333333 * pollyoptmaxcoefficient_10 * pollyoptmaxconstantterm_1000;10.6756109622182;10.6756109622182;10.6756109622182;10.6756109622182;0.155678;6;13.9233333333333 * pollyoptmaxcoefficient_10 * pollyoptmaxconstantterm_1000;2;2.25099329997054;42.7613091224865
5;29.1415384615384 * polly_vectorizer + 0.061794871794874 * pollyoptmaxcoefficient_1 + -14.9348717948718 * pollyoptmaxcoefficient_1000 + -13.8782051282051 * pollyoptmaxcoefficient_10 + 13.9233333333333 * pollyoptmaxcoefficient_10 * pollyoptmaxconstantterm_1000 + -16.7122222222222 * pollyoptmaxcoefficient_1 * value_based;7.5112477576297;7.5112477576297;7.5112477576297;7.5112477576297;0.240643;8;-16.7122222222222 * pollyoptmaxcoefficient_1 * value_based;2;1.58218160229426;37.9608136235624
6;29.1415384615384 * polly_vectorizer + 0.0617948717948681 * pollyoptmaxcoefficient_1 + -14.9348717948718 * pollyoptmaxcoefficient_1000 + -15.6635384615384 * pollyoptmaxcoefficient_10 + 15.7086666666667 * pollyoptmaxcoefficient_10 * pollyoptmaxconstantterm_1000 + -17.9024444444444 * pollyoptmaxcoefficient_1 * value_based + 3.57066666666667 * parallel;4.6868947245628;4.6868947245628;4.6868947245628;4.6868947245628;0.363864;9;3.57066666666667 * parallel;1;2.8243530330669;38.4761982977223
7;29.1415384615385 * polly_vectorizer + 4.50363697705802 * pollyoptmaxcoefficient_1 + -14.9348717948718 * pollyoptmaxcoefficient_1000 + -15.3674156545209 * pollyoptmaxcoefficient_10 + 15.4125438596491 * pollyoptmaxcoefficient_10 * pollyoptmaxconstantterm_1000 + -21.6533333333334 * pollyoptmaxcoefficient_1 * value_based + 2.97842105263158 * parallel + -4.44184210526318 * pollyoptmaxcoefficient_1 * polly;3.22715197241146;3.22715197241146;3.22715197241146;3.22715197241146;0.518104;11;-4.44184210526318 * pollyoptmaxcoefficient_1 * polly;2;0.729871376075673;38.6665365968837
8;29.1415384615384 * polly_vectorizer + 4.03393772893774 * pollyoptmaxcoefficient_1 + -14.9348717948718 * pollyoptmaxcoefficient_1000 + -15.2499908424908 * pollyoptmaxcoefficient_10 + 15.295119047619 * pollyoptmaxcoefficient_10 * pollyoptmaxconstantterm_1000 + -21.6533333333333 * pollyoptmaxcoefficient_1 * value_based + 2.74357142857143 * parallel + -6.2032142857143 * pollyoptmaxcoefficient_1 * polly + 2.23107142857144 * pollyoptmaxcoefficient_1 * pollydefaulttilesize_1024;2.09292076949873;2.09292076949873;2.09292076949873;2.09292076949873;0.712235;13;2.23107142857144 * pollyoptmaxcoefficient_1 * pollydefaulttilesize_1024;2;0.567115601456364;38.7020652190114
9;30.1091629955947 * polly_vectorizer + 3.21606461086638 * pollyoptmaxcoefficient_1 + -14.8542364170338 * pollyoptmaxcoefficient_1000 + -15.9929882525697 * pollyoptmaxcoefficient_10 + 16.118751835536 * pollyoptmaxcoefficient_10 * pollyoptmaxconstantterm_1000 + -21.6533333333333 * pollyoptmaxcoefficient_1 * value_based + 3.342577092511 * parallel + -6.42784140969159 * pollyoptmaxcoefficient_1 * polly + 2.30594713656389 * pollyoptmaxcoefficient_1 * pollydefaulttilesize_1024 + -1.04825991189427 * polly_opt_simplify_deps;1.5872731887976;1.5872731887976;1.5872731887976;1.5872731887976;1.027717;14;-1.04825991189427 * polly_opt_simplify_deps;1;0.505647580701132;39.7966809987195
10;29.8693805309734 * polly_vectorizer + 3.20274336283184 * pollyoptmaxcoefficient_1 + -14.8742182890855 * pollyoptmaxcoefficient_1000 + -15.3768805309734 * pollyoptmaxcoefficient_10 + 15.4826622418879 * pollyoptmaxcoefficient_10 * pollyoptmaxconstantterm_1000 + -21.6533333333333 * pollyoptmaxcoefficient_1 * value_based + 3.84212389380529 * parallel + -6.80416666666664 * pollyoptmaxcoefficient_1 * polly + 2.93537610619468 * pollyoptmaxcoefficient_1 * pollydefaulttilesize_1024 + -0.788495575221221 * polly_opt_simplify_deps + -1.51196165191743 * parallel * pollyrtcmaxparameters_16;0.88418163483317;0.88418163483317;0.88418163483317;0.88418163483317;1.34716;16;-1.51196165191743 * parallel * pollyrtcmaxparameters_16;2;0.351545776982214;39.6801205915416
Analyze finished
command: clean-sampling
command: clean-global
command: script ./learn_divDistBased_t2.a
command: log ./out_divDistBased_t2Predictions.log
