Current machine learning settings: epsilon:0 lossFunction:RELATIVE parallelization:True bagging:False baggingNumbers:3 considerEpsilonTube:False baggingTestDataFraction:50 useBackward:False abortError:1 limitFeatureSize:False featureSizeTreshold:4 quadraticFunctionSupport:True crossValidation:False crossValidation-k:5 learn-logFunction:False learn-accumulatedLogFunction:False learn-asymFunction:False learn-ratioFunction:False learn-mirrowedFunction:False learn-numeric-disabled:True numberOfRounds:70 backwardErrorDelta:1 minImprovementPerRound:0.1 withHierarchy:False bruteForceCandidates:False ignoreBadFeatures:False stopOnLongRound:True candidateSizePenalty:True learnTimeLimit:00:00:00 scoreMeasure:RELERROR outputRoundsToStdout:False debug:False pythonInfluenceAnalysis:False blacklisted: 
command: mlsettings bagging:False stopOnLongRound:False parallelization:True lossFunction:RELATIVE useBackward:False abortError:1 limitFeatureSize:False featureSizeTreshold:7 quadraticFunctionSupport:True crossValidation:False learn_logFunction:True numberOfRounds:70 backwardErrorDelta:1 minImprovementPerRound:0.25 withHierarchy:False
Current machine learning settings: epsilon:0 lossFunction:RELATIVE parallelization:True bagging:False baggingNumbers:3 considerEpsilonTube:False baggingTestDataFraction:50 useBackward:False abortError:1 limitFeatureSize:False featureSizeTreshold:7 quadraticFunctionSupport:True crossValidation:False crossValidation-k:5 learn-logFunction:True learn-accumulatedLogFunction:False learn-asymFunction:False learn-ratioFunction:False learn-mirrowedFunction:False learn-numeric-disabled:True numberOfRounds:70 backwardErrorDelta:1 minImprovementPerRound:0.25 withHierarchy:False bruteForceCandidates:False ignoreBadFeatures:False stopOnLongRound:False candidateSizePenalty:True learnTimeLimit:00:00:00 scoreMeasure:RELERROR outputRoundsToStdout:False debug:False pythonInfluenceAnalysis:False blacklisted: 
command: solver z3
command: vm /scratch/kallistos/Distance-Based_Data/SupplementaryWebsite/MeasuredPerformanceValues/Hipacc/FeatureModel.xml
Warning: Variability model contains outdated notation. Children nodes will no longer have effect on the model. Instead use the parent node to describe the parent of an configuration option. You can also use the converter providedby the Variability Model GUI in export>convert legacy model.
Warning: Default value nodes in models are no longer used and should be removed. You can also use the converter provided by the Variability Model GUI in export>convert legacy model to update your model.
command: all /scratch/kallistos/Distance-Based_Data/SupplementaryWebsite/MeasuredPerformanceValues/Hipacc/measurements.xml
Configs with too large deviation: 0
13485 configurations loaded.
command: nfp Performance
command: setsampleset /scratch/kallistos/Distance-Based_Data/Results/Hipacc/Hipacc_82/sampledConfigurations_divDistBased_t3.csv
command: learn-splconqueror
Learning: NumberOfConfigurationsLearning:4601 NumberOfConfigurationsValidation:4601
Learning progress:
1;27.3153794781062 * API + 24.8051470176205 * LocalMemory;23.427559023184;23.427559023184;23.427559023184;23.427559023184;1.836334;2;24.8051470176205 * LocalMemory;1;16.5103445474917;
2;26.4038440917328 * API + 24.7943757298529 * LocalMemory + 19.4432217791727 * bs_32x1;22.0120080150681;22.0120080150681;22.0120080150681;22.0120080150681;6.351043;3;19.4432217791727 * bs_32x1;1;1.41555100811594;
3;25.0493552830423 * API + 25.2127690961079 * LocalMemory + 20.5836937046632 * bs_32x1 + 23.7226546157198 * bs_1024x1;20.7887835924491;20.7887835924491;20.7887835924491;20.7887835924491;13.466383;4;23.7226546157198 * bs_1024x1;1;1.22322442261905;
4;23.5181805221933 * API + 24.1214761494353 * LocalMemory + 20.6997465499384 * bs_32x1 + 22.3594808496763 * bs_1024x1 + 6.03119679944352 * pixelPerThread_1;19.8809986656615;19.8809986656615;19.8809986656615;19.8809986656615;23.964336;5;6.03119679944352 * pixelPerThread_1;1;0.907784926787595;
5;23.0373397001172 * API + 24.1496751326785 * LocalMemory + 21.2031654050787 * bs_32x1 + 22.8914042935657 * bs_1024x1 + 5.91810496401614 * pixelPerThread_1 + 9.58995642854901 * bs_512x2;19.4003611009628;19.4003611009628;19.4003611009628;19.4003611009628;40.43704;6;9.58995642854901 * bs_512x2;1;0.480637564698615;
6;23.9732922177257 * API + 22.9345835998425 * LocalMemory + 21.1856553633307 * bs_32x1 + 10.1913567077795 * bs_1024x1 + 5.01068444124296 * pixelPerThread_1 + 9.63556417312946 * bs_512x2 + 30.9667267115698 * bs_1024x1 * LocalMemory;18.5231035771483;18.5231035771483;18.5231035771483;18.5231035771483;62.100871;8;30.9667267115698 * bs_1024x1 * LocalMemory;2;0.438628761907291;
7;23.4465969266263 * API + 22.9488377654402 * LocalMemory + 21.7357592041519 * bs_32x1 + 10.7407525929415 * bs_1024x1 + 4.91685531911615 * pixelPerThread_1 + 10.1925344469577 * bs_512x2 + 31.0236010740374 * bs_1024x1 * LocalMemory + 9.91183775692054 * bs_32x32;17.9672358629224;17.9672358629224;17.9672358629224;17.9672358629224;90.02063;9;9.91183775692054 * bs_32x32;1;0.555867714225879;
8;22.9221843292472 * API + 22.9659095822381 * LocalMemory + 22.2970909240576 * bs_32x1 + 11.2989217370728 * bs_1024x1 + 4.77732825921329 * pixelPerThread_1 + 10.7640667615633 * bs_512x2 + 31.1122997703893 * bs_1024x1 * LocalMemory + 10.4813898306332 * bs_32x32 + 9.51431234177259 * bs_256x4;17.4697083973955;17.4697083973955;17.4697083973955;17.4697083973955;124.981059;10;9.51431234177259 * bs_256x4;1;0.497527465526868;
9;22.7077906677354 * API + 21.5798922357102 * LocalMemory + 23.1703493542596 * bs_32x1 + 11.4762608643062 * bs_1024x1 + 4.9304870008893 * pixelPerThread_1 + 11.6228057573654 * bs_512x2 + 32.3822129095201 * bs_1024x1 * LocalMemory + 11.3485174335788 * bs_32x32 + 10.3812928392736 * bs_256x4 + 27.1734501316282 * LocalMemory * bs_512x1;16.5065843780574;16.5065843780574;16.5065843780574;16.5065843780574;167.667643;12;27.1734501316282 * LocalMemory * bs_512x1;2;0.481562009669076;
10;22.6875015752295 * API + 20.6960083933276 * LocalMemory + 23.7706907212452 * bs_32x1 + 11.5911441312483 * bs_1024x1 + 4.53949774655709 * pixelPerThread_1 + 12.2494677804532 * bs_512x2 + 33.5624918317975 * bs_1024x1 * LocalMemory + 11.9738654388456 * bs_32x32 + 11.016748406537 * bs_256x4 + 28.2194864242858 * LocalMemory * bs_512x1 + 17.9430985424621 * LocalMemory * bs_64x16;15.7614428635934;15.7614428635934;15.7614428635934;15.7614428635934;220.396699;14;17.9430985424621 * LocalMemory * bs_64x16;2;0.372570757231979;
11;22.6564861849247 * API + 19.7478103487145 * LocalMemory + 24.4112628385976 * bs_32x1 + 11.7142443471462 * bs_1024x1 + 4.15888046744098 * pixelPerThread_1 + 12.9154490869348 * bs_512x2 + 34.7992223299333 * bs_1024x1 * LocalMemory + 12.6389665008146 * bs_32x32 + 11.6918820421196 * bs_256x4 + 29.3367999339258 * LocalMemory * bs_512x1 + 19.1534010396996 * LocalMemory * bs_64x16 + 17.9229256909039 * LocalMemory * bs_128x8;15.0756874135631;15.0756874135631;15.0756874135631;15.0756874135631;284.542621;16;17.9229256909039 * LocalMemory * bs_128x8;2;0.342877725015145;
12;23.0343832774378 * API + 19.76908965492 * LocalMemory + 16.1092044883876 * bs_32x1 + 11.6315178319277 * bs_1024x1 + 2.93884208129044 * pixelPerThread_1 + 13.0147342475406 * bs_512x2 + 35.7028108325843 * bs_1024x1 * LocalMemory + 12.7215180502176 * bs_32x32 + 11.7998565054709 * bs_256x4 + 29.3802923301831 * LocalMemory * bs_512x1 + 19.4949622325731 * LocalMemory * bs_64x16 + 18.2427004840246 * LocalMemory * bs_128x8 + 25.405686131664 * pixelPerThread_1 * bs_32x1;14.5465184836857;14.5465184836857;14.5465184836857;14.5465184836857;361.297401;18;25.405686131664 * pixelPerThread_1 * bs_32x1;2;0.264584464938705;
13;22.7557415492311 * API + 20.0272860070867 * LocalMemory + 16.2658219131731 * bs_32x1 + 11.9209104801484 * bs_1024x1 + 2.89440494523354 * pixelPerThread_1 + 13.1797054145216 * bs_512x2 + 35.4783006964592 * bs_1024x1 * LocalMemory + 12.8847096364698 * bs_32x32 + 11.9634075463389 * bs_256x4 + 29.4168609148796 * LocalMemory * bs_512x1 + 14.5783449104154 * LocalMemory * bs_64x16 + 18.2893320295253 * LocalMemory * bs_128x8 + 25.4194117008449 * pixelPerThread_1 * bs_32x1 + 4.9640423879441 * bs_64x16;14.3209152208686;14.3209152208686;14.3209152208686;14.3209152208686;452.807135;19;4.9640423879441 * bs_64x16;1;0.225603262817117;
Elapsed=00:07:32.8839658
average model: 
command: analyze-learning
Round, Model, LearningError, LearningErrorRel, ValidationError, ValidationErrorRel, ElapsedSeconds, ModelComplexity, BestCandidate, BestCandidateSize, BestCandidateScore, TestError
Models:
Termination reason: minImprovementPerRound
1;27.3153794781062 * API + 24.8051470176205 * LocalMemory;23.427559023184;23.427559023184;23.427559023184;23.427559023184;1.836334;2;24.8051470176205 * LocalMemory;1;16.5103445474917;25.4800625337013
2;26.4038440917328 * API + 24.7943757298529 * LocalMemory + 19.4432217791727 * bs_32x1;22.0120080150681;22.0120080150681;22.0120080150681;22.0120080150681;6.351043;3;19.4432217791727 * bs_32x1;1;1.41555100811594;24.0032079182523
3;25.0493552830423 * API + 25.2127690961079 * LocalMemory + 20.5836937046632 * bs_32x1 + 23.7226546157198 * bs_1024x1;20.7887835924491;20.7887835924491;20.7887835924491;20.7887835924491;13.466383;4;23.7226546157198 * bs_1024x1;1;1.22322442261905;22.8035599394623
4;23.5181805221933 * API + 24.1214761494353 * LocalMemory + 20.6997465499384 * bs_32x1 + 22.3594808496763 * bs_1024x1 + 6.03119679944352 * pixelPerThread_1;19.8809986656615;19.8809986656615;19.8809986656615;19.8809986656615;23.964336;5;6.03119679944352 * pixelPerThread_1;1;0.907784926787595;20.8373361147253
5;23.0373397001172 * API + 24.1496751326785 * LocalMemory + 21.2031654050787 * bs_32x1 + 22.8914042935657 * bs_1024x1 + 5.91810496401614 * pixelPerThread_1 + 9.58995642854901 * bs_512x2;19.4003611009628;19.4003611009628;19.4003611009628;19.4003611009628;40.43704;6;9.58995642854901 * bs_512x2;1;0.480637564698615;20.4848204193172
6;23.9732922177257 * API + 22.9345835998425 * LocalMemory + 21.1856553633307 * bs_32x1 + 10.1913567077795 * bs_1024x1 + 5.01068444124296 * pixelPerThread_1 + 9.63556417312946 * bs_512x2 + 30.9667267115698 * bs_1024x1 * LocalMemory;18.5231035771483;18.5231035771483;18.5231035771483;18.5231035771483;62.100871;8;30.9667267115698 * bs_1024x1 * LocalMemory;2;0.438628761907291;19.7883782726191
7;23.4465969266263 * API + 22.9488377654402 * LocalMemory + 21.7357592041519 * bs_32x1 + 10.7407525929415 * bs_1024x1 + 4.91685531911615 * pixelPerThread_1 + 10.1925344469577 * bs_512x2 + 31.0236010740374 * bs_1024x1 * LocalMemory + 9.91183775692054 * bs_32x32;17.9672358629224;17.9672358629224;17.9672358629224;17.9672358629224;90.02063;9;9.91183775692054 * bs_32x32;1;0.555867714225879;19.2852467044382
8;22.9221843292472 * API + 22.9659095822381 * LocalMemory + 22.2970909240576 * bs_32x1 + 11.2989217370728 * bs_1024x1 + 4.77732825921329 * pixelPerThread_1 + 10.7640667615633 * bs_512x2 + 31.1122997703893 * bs_1024x1 * LocalMemory + 10.4813898306332 * bs_32x32 + 9.51431234177259 * bs_256x4;17.4697083973955;17.4697083973955;17.4697083973955;17.4697083973955;124.981059;10;9.51431234177259 * bs_256x4;1;0.497527465526868;18.9369697933815
9;22.7077906677354 * API + 21.5798922357102 * LocalMemory + 23.1703493542596 * bs_32x1 + 11.4762608643062 * bs_1024x1 + 4.9304870008893 * pixelPerThread_1 + 11.6228057573654 * bs_512x2 + 32.3822129095201 * bs_1024x1 * LocalMemory + 11.3485174335788 * bs_32x32 + 10.3812928392736 * bs_256x4 + 27.1734501316282 * LocalMemory * bs_512x1;16.5065843780574;16.5065843780574;16.5065843780574;16.5065843780574;167.667643;12;27.1734501316282 * LocalMemory * bs_512x1;2;0.481562009669076;17.9194408657146
10;22.6875015752295 * API + 20.6960083933276 * LocalMemory + 23.7706907212452 * bs_32x1 + 11.5911441312483 * bs_1024x1 + 4.53949774655709 * pixelPerThread_1 + 12.2494677804532 * bs_512x2 + 33.5624918317975 * bs_1024x1 * LocalMemory + 11.9738654388456 * bs_32x32 + 11.016748406537 * bs_256x4 + 28.2194864242858 * LocalMemory * bs_512x1 + 17.9430985424621 * LocalMemory * bs_64x16;15.7614428635934;15.7614428635934;15.7614428635934;15.7614428635934;220.396699;14;17.9430985424621 * LocalMemory * bs_64x16;2;0.372570757231979;17.3967756415335
11;22.6564861849247 * API + 19.7478103487145 * LocalMemory + 24.4112628385976 * bs_32x1 + 11.7142443471462 * bs_1024x1 + 4.15888046744098 * pixelPerThread_1 + 12.9154490869348 * bs_512x2 + 34.7992223299333 * bs_1024x1 * LocalMemory + 12.6389665008146 * bs_32x32 + 11.6918820421196 * bs_256x4 + 29.3367999339258 * LocalMemory * bs_512x1 + 19.1534010396996 * LocalMemory * bs_64x16 + 17.9229256909039 * LocalMemory * bs_128x8;15.0756874135631;15.0756874135631;15.0756874135631;15.0756874135631;284.542621;16;17.9229256909039 * LocalMemory * bs_128x8;2;0.342877725015145;16.8997306954559
12;23.0343832774378 * API + 19.76908965492 * LocalMemory + 16.1092044883876 * bs_32x1 + 11.6315178319277 * bs_1024x1 + 2.93884208129044 * pixelPerThread_1 + 13.0147342475406 * bs_512x2 + 35.7028108325843 * bs_1024x1 * LocalMemory + 12.7215180502176 * bs_32x32 + 11.7998565054709 * bs_256x4 + 29.3802923301831 * LocalMemory * bs_512x1 + 19.4949622325731 * LocalMemory * bs_64x16 + 18.2427004840246 * LocalMemory * bs_128x8 + 25.405686131664 * pixelPerThread_1 * bs_32x1;14.5465184836857;14.5465184836857;14.5465184836857;14.5465184836857;361.297401;18;25.405686131664 * pixelPerThread_1 * bs_32x1;2;0.264584464938705;16.3743926836097
13;22.7557415492311 * API + 20.0272860070867 * LocalMemory + 16.2658219131731 * bs_32x1 + 11.9209104801484 * bs_1024x1 + 2.89440494523354 * pixelPerThread_1 + 13.1797054145216 * bs_512x2 + 35.4783006964592 * bs_1024x1 * LocalMemory + 12.8847096364698 * bs_32x32 + 11.9634075463389 * bs_256x4 + 29.4168609148796 * LocalMemory * bs_512x1 + 14.5783449104154 * LocalMemory * bs_64x16 + 18.2893320295253 * LocalMemory * bs_128x8 + 25.4194117008449 * pixelPerThread_1 * bs_32x1 + 4.9640423879441 * bs_64x16;14.3209152208686;14.3209152208686;14.3209152208686;14.3209152208686;452.807135;19;4.9640423879441 * bs_64x16;1;0.225603262817117;16.1331399431572
Analyze finished
command: clean-sampling
command: clean-global
