Current machine learning settings: epsilon:0 lossFunction:RELATIVE parallelization:True bagging:False baggingNumbers:3 considerEpsilonTube:False baggingTestDataFraction:50 useBackward:False abortError:1 limitFeatureSize:False featureSizeTreshold:4 quadraticFunctionSupport:True crossValidation:False crossValidation-k:5 learn-logFunction:False learn-accumulatedLogFunction:False learn-asymFunction:False learn-ratioFunction:False learn-mirrowedFunction:False learn-numeric-disabled:True numberOfRounds:70 backwardErrorDelta:1 minImprovementPerRound:0.1 withHierarchy:False bruteForceCandidates:False ignoreBadFeatures:False stopOnLongRound:True candidateSizePenalty:True learnTimeLimit:00:00:00 scoreMeasure:RELERROR outputRoundsToStdout:False debug:False pythonInfluenceAnalysis:False blacklisted: 
command: solver z3
command: vm /scratch/kallistos/Distance-Based_Data/SupplementaryWebsite/MeasuredPerformanceValues/Polly/FeatureModel.xml
command: all /scratch/kallistos/Distance-Based_Data/SupplementaryWebsite/MeasuredPerformanceValues/Polly/measurements.xml
Configs with too large deviation: 0
60000 configurations loaded.
command: binary grammar-based numConfigs:2172 seed:24  confFaultsReport:./out_grammarBasedFailureReport_t3.log
command: printconfigs ./sampledConfigurations_grammarBased_t3FailureReport.csv
Number to sample: 2172; Number of Configurations in Grammar: 60000
Draw a new random number, cause 59363 is already in drawn.
Draw a new random number, cause 24296 is already in drawn.
Draw a new random number, cause 28619 is already in drawn.
Draw a new random number, cause 50137 is already in drawn.
Draw a new random number, cause 48605 is already in drawn.
Draw a new random number, cause 44638 is already in drawn.
Draw a new random number, cause 59269 is already in drawn.
Draw a new random number, cause 31037 is already in drawn.
Draw a new random number, cause 43563 is already in drawn.
Draw a new random number, cause 27599 is already in drawn.
Draw a new random number, cause 48605 is already in drawn.
Draw a new random number, cause 49642 is already in drawn.
Draw a new random number, cause 4252 is already in drawn.
Draw a new random number, cause 52345 is already in drawn.
Draw a new random number, cause 16508 is already in drawn.
Draw a new random number, cause 41630 is already in drawn.
Draw a new random number, cause 17515 is already in drawn.
Draw a new random number, cause 9528 is already in drawn.
Draw a new random number, cause 10908 is already in drawn.
Draw a new random number, cause 36053 is already in drawn.
Draw a new random number, cause 38765 is already in drawn.
Draw a new random number, cause 22702 is already in drawn.
Draw a new random number, cause 4604 is already in drawn.
Draw a new random number, cause 58213 is already in drawn.
Draw a new random number, cause 47338 is already in drawn.
Draw a new random number, cause 52345 is already in drawn.
Draw a new random number, cause 21277 is already in drawn.
Draw a new random number, cause 59290 is already in drawn.
Draw a new random number, cause 58927 is already in drawn.
Draw a new random number, cause 9022 is already in drawn.
0 drawn configurations were invalid
command: clean-sampling
command: clean-global
