Current machine learning settings: epsilon:0 lossFunction:RELATIVE parallelization:True bagging:False baggingNumbers:3 considerEpsilonTube:False baggingTestDataFraction:50 useBackward:False abortError:1 limitFeatureSize:False featureSizeTreshold:4 quadraticFunctionSupport:True crossValidation:False crossValidation-k:5 learn-logFunction:False learn-accumulatedLogFunction:False learn-asymFunction:False learn-ratioFunction:False learn-mirrowedFunction:False learn-numeric-disabled:True numberOfRounds:70 backwardErrorDelta:1 minImprovementPerRound:0.1 withHierarchy:False bruteForceCandidates:False ignoreBadFeatures:False stopOnLongRound:True candidateSizePenalty:True learnTimeLimit:00:00:00 scoreMeasure:RELERROR outputRoundsToStdout:False debug:False pythonInfluenceAnalysis:False blacklisted: 
command: solver z3
command: vm /scratch/kallistos/Distance-Based_Data/SupplementaryWebsite/MeasuredPerformanceValues/7z/FeatureModel.xml
command: all /scratch/kallistos/Distance-Based_Data/SupplementaryWebsite/MeasuredPerformanceValues/7z/measurements.xml
Configs with too large deviation: 0
68640 configurations loaded.
command: binary grammar-based numConfigs:4091 seed:76  confFaultsReport:./out_grammarBasedFailureReport_t3.log
command: printconfigs ./sampledConfigurations_grammarBased_t3FailureReport.csv
Number to sample: 4091; Number of Configurations in Grammar: 68640
Draw a new random number, cause 48423 is already in drawn.
Draw a new random number, cause 19278 is already in drawn.
Draw a new random number, cause 60617 is already in drawn.
Draw a new random number, cause 53099 is already in drawn.
Draw a new random number, cause 59827 is already in drawn.
Draw a new random number, cause 9135 is already in drawn.
Draw a new random number, cause 58503 is already in drawn.
Draw a new random number, cause 42637 is already in drawn.
Draw a new random number, cause 37901 is already in drawn.
Draw a new random number, cause 50098 is already in drawn.
Draw a new random number, cause 43393 is already in drawn.
Draw a new random number, cause 11319 is already in drawn.
Draw a new random number, cause 32465 is already in drawn.
Draw a new random number, cause 51972 is already in drawn.
Draw a new random number, cause 58007 is already in drawn.
Draw a new random number, cause 29098 is already in drawn.
Draw a new random number, cause 12947 is already in drawn.
Draw a new random number, cause 1099 is already in drawn.
Draw a new random number, cause 8477 is already in drawn.
Draw a new random number, cause 16165 is already in drawn.
Draw a new random number, cause 66163 is already in drawn.
Draw a new random number, cause 42271 is already in drawn.
Draw a new random number, cause 24226 is already in drawn.
Draw a new random number, cause 37369 is already in drawn.
Draw a new random number, cause 66239 is already in drawn.
Draw a new random number, cause 14866 is already in drawn.
Draw a new random number, cause 64365 is already in drawn.
Draw a new random number, cause 49899 is already in drawn.
Draw a new random number, cause 27623 is already in drawn.
Draw a new random number, cause 43024 is already in drawn.
Draw a new random number, cause 25501 is already in drawn.
Draw a new random number, cause 61543 is already in drawn.
Draw a new random number, cause 51895 is already in drawn.
Draw a new random number, cause 43192 is already in drawn.
Draw a new random number, cause 59783 is already in drawn.
Draw a new random number, cause 38123 is already in drawn.
Draw a new random number, cause 37369 is already in drawn.
Draw a new random number, cause 35627 is already in drawn.
Draw a new random number, cause 31963 is already in drawn.
Draw a new random number, cause 35867 is already in drawn.
Draw a new random number, cause 31195 is already in drawn.
Draw a new random number, cause 12061 is already in drawn.
Draw a new random number, cause 5530 is already in drawn.
Draw a new random number, cause 50225 is already in drawn.
Draw a new random number, cause 62327 is already in drawn.
Draw a new random number, cause 19728 is already in drawn.
Draw a new random number, cause 40738 is already in drawn.
Draw a new random number, cause 14130 is already in drawn.
Draw a new random number, cause 48207 is already in drawn.
Draw a new random number, cause 11629 is already in drawn.
Draw a new random number, cause 62633 is already in drawn.
Draw a new random number, cause 18393 is already in drawn.
Draw a new random number, cause 61920 is already in drawn.
Draw a new random number, cause 54395 is already in drawn.
Draw a new random number, cause 59452 is already in drawn.
Draw a new random number, cause 50255 is already in drawn.
Draw a new random number, cause 66487 is already in drawn.
Draw a new random number, cause 42772 is already in drawn.
Draw a new random number, cause 31052 is already in drawn.
Draw a new random number, cause 24011 is already in drawn.
Draw a new random number, cause 29914 is already in drawn.
Draw a new random number, cause 43382 is already in drawn.
Draw a new random number, cause 3345 is already in drawn.
Draw a new random number, cause 4778 is already in drawn.
Draw a new random number, cause 43110 is already in drawn.
Draw a new random number, cause 64776 is already in drawn.
Draw a new random number, cause 67277 is already in drawn.
Draw a new random number, cause 51311 is already in drawn.
Draw a new random number, cause 4003 is already in drawn.
Draw a new random number, cause 59238 is already in drawn.
Draw a new random number, cause 56411 is already in drawn.
Draw a new random number, cause 6314 is already in drawn.
Draw a new random number, cause 7522 is already in drawn.
Draw a new random number, cause 51972 is already in drawn.
Draw a new random number, cause 34801 is already in drawn.
Draw a new random number, cause 373 is already in drawn.
Draw a new random number, cause 41093 is already in drawn.
Draw a new random number, cause 10828 is already in drawn.
Draw a new random number, cause 7579 is already in drawn.
Draw a new random number, cause 32669 is already in drawn.
Draw a new random number, cause 63882 is already in drawn.
Draw a new random number, cause 38270 is already in drawn.
Draw a new random number, cause 57475 is already in drawn.
Draw a new random number, cause 11350 is already in drawn.
Draw a new random number, cause 5617 is already in drawn.
Draw a new random number, cause 17648 is already in drawn.
Draw a new random number, cause 61274 is already in drawn.
Draw a new random number, cause 14361 is already in drawn.
Draw a new random number, cause 33883 is already in drawn.
Draw a new random number, cause 62536 is already in drawn.
Draw a new random number, cause 33607 is already in drawn.
Draw a new random number, cause 11716 is already in drawn.
Draw a new random number, cause 2898 is already in drawn.
Draw a new random number, cause 36463 is already in drawn.
Draw a new random number, cause 68302 is already in drawn.
Draw a new random number, cause 17384 is already in drawn.
Draw a new random number, cause 28165 is already in drawn.
Draw a new random number, cause 38867 is already in drawn.
Draw a new random number, cause 12933 is already in drawn.
Draw a new random number, cause 66579 is already in drawn.
Draw a new random number, cause 56411 is already in drawn.
Draw a new random number, cause 727 is already in drawn.
Draw a new random number, cause 3845 is already in drawn.
Draw a new random number, cause 36819 is already in drawn.
Draw a new random number, cause 18318 is already in drawn.
Draw a new random number, cause 43015 is already in drawn.
Draw a new random number, cause 67487 is already in drawn.
Draw a new random number, cause 28247 is already in drawn.
Draw a new random number, cause 52811 is already in drawn.
Draw a new random number, cause 32301 is already in drawn.
Draw a new random number, cause 17325 is already in drawn.
Draw a new random number, cause 46414 is already in drawn.
Draw a new random number, cause 21380 is already in drawn.
Draw a new random number, cause 3426 is already in drawn.
Draw a new random number, cause 28999 is already in drawn.
Draw a new random number, cause 16610 is already in drawn.
Draw a new random number, cause 18618 is already in drawn.
Draw a new random number, cause 67326 is already in drawn.
Draw a new random number, cause 6251 is already in drawn.
Draw a new random number, cause 51073 is already in drawn.
Draw a new random number, cause 38661 is already in drawn.
Draw a new random number, cause 19782 is already in drawn.
Draw a new random number, cause 25056 is already in drawn.
Draw a new random number, cause 47109 is already in drawn.
Draw a new random number, cause 32442 is already in drawn.
Draw a new random number, cause 35643 is already in drawn.
Draw a new random number, cause 36650 is already in drawn.
Draw a new random number, cause 29420 is already in drawn.
Draw a new random number, cause 25643 is already in drawn.
Draw a new random number, cause 63070 is already in drawn.
Draw a new random number, cause 41260 is already in drawn.
Draw a new random number, cause 20438 is already in drawn.
Draw a new random number, cause 43406 is already in drawn.
Draw a new random number, cause 7143 is already in drawn.
Draw a new random number, cause 41110 is already in drawn.
Draw a new random number, cause 64813 is already in drawn.
Draw a new random number, cause 49054 is already in drawn.
Draw a new random number, cause 57695 is already in drawn.
Draw a new random number, cause 50535 is already in drawn.
0 drawn configurations were invalid
command: clean-sampling
command: clean-global
