Current machine learning settings: epsilon:0 lossFunction:RELATIVE parallelization:True bagging:False baggingNumbers:3 considerEpsilonTube:False baggingTestDataFraction:50 useBackward:False abortError:1 limitFeatureSize:False featureSizeTreshold:4 quadraticFunctionSupport:True crossValidation:False crossValidation-k:5 learn-logFunction:False learn-accumulatedLogFunction:False learn-asymFunction:False learn-ratioFunction:False learn-mirrowedFunction:False learn-numeric-disabled:True numberOfRounds:70 backwardErrorDelta:1 minImprovementPerRound:0.1 withHierarchy:False bruteForceCandidates:False ignoreBadFeatures:False stopOnLongRound:True candidateSizePenalty:True learnTimeLimit:00:00:00 scoreMeasure:RELERROR outputRoundsToStdout:False debug:False pythonInfluenceAnalysis:False blacklisted: 
command: solver z3
command: vm /scratch/kallistos/Distance-Based_Data/SupplementaryWebsite/MeasuredPerformanceValues/JavaGC/FeatureModel.xml
command: all /scratch/kallistos/Distance-Based_Data/SupplementaryWebsite/MeasuredPerformanceValues/JavaGC/measurements.xml
Configs with too large deviation: 0
193536 configurations loaded.
command: binary grammar-based numConfigs:3504 seed:4  confFaultsReport:./out_grammarBasedFailureReport_t3.log
command: printconfigs ./sampledConfigurations_grammarBased_t3FailureReport.csv
Number to sample: 3504; Number of Configurations in Grammar: 193536
Draw a new random number, cause 28654 is already in drawn.
Draw a new random number, cause 105246 is already in drawn.
Draw a new random number, cause 30364 is already in drawn.
Draw a new random number, cause 144260 is already in drawn.
Draw a new random number, cause 185684 is already in drawn.
Draw a new random number, cause 1389 is already in drawn.
Draw a new random number, cause 28654 is already in drawn.
Draw a new random number, cause 36147 is already in drawn.
Draw a new random number, cause 43712 is already in drawn.
Draw a new random number, cause 187745 is already in drawn.
Draw a new random number, cause 25841 is already in drawn.
Draw a new random number, cause 77625 is already in drawn.
Draw a new random number, cause 174908 is already in drawn.
Draw a new random number, cause 180895 is already in drawn.
Draw a new random number, cause 36873 is already in drawn.
Draw a new random number, cause 36525 is already in drawn.
Draw a new random number, cause 44062 is already in drawn.
Draw a new random number, cause 43127 is already in drawn.
Draw a new random number, cause 121695 is already in drawn.
Draw a new random number, cause 122473 is already in drawn.
Draw a new random number, cause 19458 is already in drawn.
Draw a new random number, cause 151949 is already in drawn.
Draw a new random number, cause 186086 is already in drawn.
Draw a new random number, cause 33933 is already in drawn.
Draw a new random number, cause 20771 is already in drawn.
Draw a new random number, cause 50718 is already in drawn.
Draw a new random number, cause 178900 is already in drawn.
0 drawn configurations were invalid
command: clean-sampling
command: clean-global
