Current machine learning settings: epsilon:0 lossFunction:RELATIVE parallelization:True bagging:False baggingNumbers:3 considerEpsilonTube:False baggingTestDataFraction:50 useBackward:False abortError:1 limitFeatureSize:False featureSizeTreshold:4 quadraticFunctionSupport:True crossValidation:False crossValidation-k:5 learn-logFunction:False learn-accumulatedLogFunction:False learn-asymFunction:False learn-ratioFunction:False learn-mirrowedFunction:False learn-numeric-disabled:True numberOfRounds:70 backwardErrorDelta:1 minImprovementPerRound:0.1 withHierarchy:False bruteForceCandidates:False ignoreBadFeatures:False stopOnLongRound:True candidateSizePenalty:True learnTimeLimit:00:00:00 scoreMeasure:RELERROR outputRoundsToStdout:False debug:False pythonInfluenceAnalysis:False blacklisted: 
command: solver z3
command: vm /scratch/kallistos/Distance-Based_Data/SupplementaryWebsite/MeasuredPerformanceValues/7z/FeatureModel.xml
command: all /scratch/kallistos/Distance-Based_Data/SupplementaryWebsite/MeasuredPerformanceValues/7z/measurements.xml
Configs with too large deviation: 0
68640 configurations loaded.
command: binary grammar-based numConfigs:4091 seed:26  confFaultsReport:./out_grammarBasedFailureReport_t3.log
command: printconfigs ./sampledConfigurations_grammarBased_t3FailureReport.csv
Number to sample: 4091; Number of Configurations in Grammar: 68640
Draw a new random number, cause 40478 is already in drawn.
Draw a new random number, cause 11078 is already in drawn.
Draw a new random number, cause 8895 is already in drawn.
Draw a new random number, cause 48547 is already in drawn.
Draw a new random number, cause 44556 is already in drawn.
Draw a new random number, cause 26214 is already in drawn.
Draw a new random number, cause 2065 is already in drawn.
Draw a new random number, cause 10376 is already in drawn.
Draw a new random number, cause 15922 is already in drawn.
Draw a new random number, cause 64975 is already in drawn.
Draw a new random number, cause 18883 is already in drawn.
Draw a new random number, cause 33313 is already in drawn.
Draw a new random number, cause 45602 is already in drawn.
Draw a new random number, cause 67272 is already in drawn.
Draw a new random number, cause 54423 is already in drawn.
Draw a new random number, cause 47320 is already in drawn.
Draw a new random number, cause 39125 is already in drawn.
Draw a new random number, cause 25503 is already in drawn.
Draw a new random number, cause 54812 is already in drawn.
Draw a new random number, cause 25404 is already in drawn.
Draw a new random number, cause 55770 is already in drawn.
Draw a new random number, cause 58405 is already in drawn.
Draw a new random number, cause 27170 is already in drawn.
Draw a new random number, cause 26533 is already in drawn.
Draw a new random number, cause 22550 is already in drawn.
Draw a new random number, cause 66555 is already in drawn.
Draw a new random number, cause 47942 is already in drawn.
Draw a new random number, cause 31932 is already in drawn.
Draw a new random number, cause 39395 is already in drawn.
Draw a new random number, cause 16695 is already in drawn.
Draw a new random number, cause 4646 is already in drawn.
Draw a new random number, cause 43611 is already in drawn.
Draw a new random number, cause 53349 is already in drawn.
Draw a new random number, cause 30011 is already in drawn.
Draw a new random number, cause 31561 is already in drawn.
Draw a new random number, cause 19015 is already in drawn.
Draw a new random number, cause 35591 is already in drawn.
Draw a new random number, cause 919 is already in drawn.
Draw a new random number, cause 45208 is already in drawn.
Draw a new random number, cause 7600 is already in drawn.
Draw a new random number, cause 29813 is already in drawn.
Draw a new random number, cause 27968 is already in drawn.
Draw a new random number, cause 37027 is already in drawn.
Draw a new random number, cause 6835 is already in drawn.
Draw a new random number, cause 10158 is already in drawn.
Draw a new random number, cause 31241 is already in drawn.
Draw a new random number, cause 27016 is already in drawn.
Draw a new random number, cause 6290 is already in drawn.
Draw a new random number, cause 35185 is already in drawn.
Draw a new random number, cause 33502 is already in drawn.
Draw a new random number, cause 7961 is already in drawn.
Draw a new random number, cause 5628 is already in drawn.
Draw a new random number, cause 1201 is already in drawn.
Draw a new random number, cause 50735 is already in drawn.
Draw a new random number, cause 39449 is already in drawn.
Draw a new random number, cause 52428 is already in drawn.
Draw a new random number, cause 5159 is already in drawn.
Draw a new random number, cause 25920 is already in drawn.
Draw a new random number, cause 25818 is already in drawn.
Draw a new random number, cause 23822 is already in drawn.
Draw a new random number, cause 54122 is already in drawn.
Draw a new random number, cause 39155 is already in drawn.
Draw a new random number, cause 11464 is already in drawn.
Draw a new random number, cause 25813 is already in drawn.
Draw a new random number, cause 8329 is already in drawn.
Draw a new random number, cause 58346 is already in drawn.
Draw a new random number, cause 15459 is already in drawn.
Draw a new random number, cause 16710 is already in drawn.
Draw a new random number, cause 33400 is already in drawn.
Draw a new random number, cause 40069 is already in drawn.
Draw a new random number, cause 40538 is already in drawn.
Draw a new random number, cause 28428 is already in drawn.
Draw a new random number, cause 5297 is already in drawn.
Draw a new random number, cause 32140 is already in drawn.
Draw a new random number, cause 47483 is already in drawn.
Draw a new random number, cause 25584 is already in drawn.
Draw a new random number, cause 62957 is already in drawn.
Draw a new random number, cause 58556 is already in drawn.
Draw a new random number, cause 15686 is already in drawn.
Draw a new random number, cause 15741 is already in drawn.
Draw a new random number, cause 60919 is already in drawn.
Draw a new random number, cause 20373 is already in drawn.
Draw a new random number, cause 5159 is already in drawn.
Draw a new random number, cause 30360 is already in drawn.
Draw a new random number, cause 3924 is already in drawn.
Draw a new random number, cause 58939 is already in drawn.
Draw a new random number, cause 31517 is already in drawn.
Draw a new random number, cause 9025 is already in drawn.
Draw a new random number, cause 36959 is already in drawn.
Draw a new random number, cause 45956 is already in drawn.
Draw a new random number, cause 12316 is already in drawn.
Draw a new random number, cause 21356 is already in drawn.
Draw a new random number, cause 38296 is already in drawn.
Draw a new random number, cause 23206 is already in drawn.
Draw a new random number, cause 27041 is already in drawn.
Draw a new random number, cause 20646 is already in drawn.
Draw a new random number, cause 20706 is already in drawn.
Draw a new random number, cause 25205 is already in drawn.
Draw a new random number, cause 47896 is already in drawn.
Draw a new random number, cause 65264 is already in drawn.
Draw a new random number, cause 30627 is already in drawn.
Draw a new random number, cause 26533 is already in drawn.
Draw a new random number, cause 60074 is already in drawn.
Draw a new random number, cause 47146 is already in drawn.
Draw a new random number, cause 11221 is already in drawn.
Draw a new random number, cause 31020 is already in drawn.
Draw a new random number, cause 68518 is already in drawn.
Draw a new random number, cause 24645 is already in drawn.
Draw a new random number, cause 24536 is already in drawn.
Draw a new random number, cause 56410 is already in drawn.
Draw a new random number, cause 23594 is already in drawn.
Draw a new random number, cause 6736 is already in drawn.
Draw a new random number, cause 44331 is already in drawn.
Draw a new random number, cause 547 is already in drawn.
Draw a new random number, cause 25961 is already in drawn.
Draw a new random number, cause 64017 is already in drawn.
Draw a new random number, cause 55888 is already in drawn.
Draw a new random number, cause 14071 is already in drawn.
Draw a new random number, cause 12214 is already in drawn.
0 drawn configurations were invalid
command: clean-sampling
command: clean-global
