Current machine learning settings: epsilon:0 lossFunction:RELATIVE parallelization:True bagging:False baggingNumbers:3 considerEpsilonTube:False baggingTestDataFraction:50 useBackward:False abortError:1 limitFeatureSize:False featureSizeTreshold:4 quadraticFunctionSupport:True crossValidation:False crossValidation-k:5 learn-logFunction:False learn-accumulatedLogFunction:False learn-asymFunction:False learn-ratioFunction:False learn-mirrowedFunction:False learn-numeric-disabled:True numberOfRounds:70 backwardErrorDelta:1 minImprovementPerRound:0.1 withHierarchy:False bruteForceCandidates:False ignoreBadFeatures:False stopOnLongRound:True candidateSizePenalty:True learnTimeLimit:00:00:00 scoreMeasure:RELERROR outputRoundsToStdout:False debug:False pythonInfluenceAnalysis:False blacklisted: 
command: mlsettings bagging:False stopOnLongRound:False parallelization:True lossFunction:RELATIVE useBackward:False abortError:1 limitFeatureSize:False featureSizeTreshold:7 quadraticFunctionSupport:True crossValidation:False learn_logFunction:True numberOfRounds:70 backwardErrorDelta:1 minImprovementPerRound:0.25 withHierarchy:False
Current machine learning settings: epsilon:0 lossFunction:RELATIVE parallelization:True bagging:False baggingNumbers:3 considerEpsilonTube:False baggingTestDataFraction:50 useBackward:False abortError:1 limitFeatureSize:False featureSizeTreshold:7 quadraticFunctionSupport:True crossValidation:False crossValidation-k:5 learn-logFunction:True learn-accumulatedLogFunction:False learn-asymFunction:False learn-ratioFunction:False learn-mirrowedFunction:False learn-numeric-disabled:True numberOfRounds:70 backwardErrorDelta:1 minImprovementPerRound:0.25 withHierarchy:False bruteForceCandidates:False ignoreBadFeatures:False stopOnLongRound:False candidateSizePenalty:True learnTimeLimit:00:00:00 scoreMeasure:RELERROR outputRoundsToStdout:False debug:False pythonInfluenceAnalysis:False blacklisted: 
command: solver z3
command: vm /scratch/kallistos/Distance-Based_Data/SupplementaryWebsite/MeasuredPerformanceValues/7z/FeatureModel.xml
command: all /scratch/kallistos/Distance-Based_Data/SupplementaryWebsite/MeasuredPerformanceValues/7z/measurements.xml
Configs with too large deviation: 0
68640 configurations loaded.
command: nfp Performance
command: setsampleset /scratch/kallistos/Distance-Based_Data/Results/7z/7z_77/sampledConfigurations_grammarBased_t2.csv
command: learn-splconqueror
Learning: NumberOfConfigurationsLearning:600 NumberOfConfigurationsValidation:600
Learning progress:
1;7260.65173116097 * CompressionMethod + 25493.7519385638 * x_10;114.834091268037;114.834091268037;114.834091268037;114.834091268037;0.178644;2;25493.7519385638 * x_10;1;85.9654762595553;
2;4928.02531645574 * CompressionMethod + 27826.3783532691 * x_10 + 11930.4121835443 * x_8;73.6224053493563;73.6224053493563;73.6224053493563;73.6224053493563;0.602296;3;11930.4121835443 * x_8;1;41.2116859186802;
3;3157.37616202234 * CompressionMethod + 27458.1699664144 * x_10 + 10665.4432129726 * x_8 + 9713.97800001647 * BZip2;53.7898748957388;53.7898748957388;53.7898748957388;53.7898748957388;1.337542;4;9713.97800001647 * BZip2;1;19.8325304536175;
4;3320.51025935008 * CompressionMethod + 31154.6370897396 * x_10 + 10781.9877981295 * x_8 + 8819.00621606557 * BZip2 + -26614.4806824229 * x_10 * PPMd;47.9203287067143;47.9203287067143;47.9203287067143;47.9203287067143;2.54789;6;-26614.4806824229 * x_10 * PPMd;2;2.93477309451227;
5;3415.39559005257 * CompressionMethod + 31192.6585165813 * x_10 + 12539.3684293079 * x_8 + 8298.45474901738 * BZip2 + -26747.3874399674 * x_10 * PPMd + -9541.23460759568 * x_8 * PPMd;44.661519561482;44.661519561482;44.661519561482;44.661519561482;4.149901;8;-9541.23460759568 * x_8 * PPMd;2;1.62940457261617;
6;3080.88263037332 * CompressionMethod + 31058.6160894758 * x_10 + 15748.3010430961 * x_8 + 10133.6300139244 * BZip2 + -26278.8320531827 * x_10 * PPMd + -12415.6542617048 * x_8 * PPMd + -9404.48035406057 * x_8 * BZip2;41.9755948694564;41.9755948694564;41.9755948694564;41.9755948694564;6.322198;10;-9404.48035406057 * x_8 * BZip2;2;1.34296234601281;
7;3481.1144219309 * CompressionMethod + 38240.5532379819 * x_10 + 15348.0692515386 * x_8 + 7937.91393524033 * BZip2 + -33861.0009932463 * x_10 * PPMd + -12415.6542617049 * x_8 * PPMd + -7208.76427537655 * x_8 * BZip2 + -23572.3819456271 * x_10 * LZMA;39.3073779162014;39.3073779162014;39.3073779162014;39.3073779162014;9.138601;12;-23572.3819456271 * x_10 * LZMA;2;1.33410847662747;
8;3848.10218978106 * CompressionMethod + 37983.6618004867 * x_10 + 14981.0814836883 * x_8 + 7635.14902676393 * BZip2 + -32587.2647967416 * x_10 * PPMd + -11031.8217348451 * x_8 * PPMd + -6905.99936689994 * x_8 * BZip2 + -23682.4782759822 * x_10 * LZMA + -1383.8325268596 * PPMd;38.1771289866144;38.1771289866144;38.1771289866144;38.1771289866144;12.769519;13;-1383.8325268596 * PPMd;1;1.13024892958703;
9;3704.81481481485 * CompressionMethod + 36120.9259259259 * x_10 + 15124.3688586546 * x_8 + 8244.12037037037 * BZip2 + -30724.5289221805 * x_10 * PPMd + -11175.1091098111 * x_8 * PPMd + -7514.97071050623 * x_8 * BZip2 + -21676.455026455 * x_10 * LZMA + -1240.54515189352 * PPMd + 4907.59259259262 * x_10 * Deflate;37.2444827023233;37.2444827023233;37.2444827023233;37.2444827023233;17.350095;15;4907.59259259262 * x_10 * Deflate;2;0.466323142145544;
10;3880.18074516968 * CompressionMethod + 36033.2429607486 * x_10 + 15158.1645145691 * x_8 + 8090.67518130987 * BZip2 + -30636.8459570031 * x_10 * PPMd + -11208.9047657258 * x_8 * PPMd + -7570.68710771522 * x_8 * BZip2 + -21764.1379916327 * x_10 * LZMA + -1415.91108224824 * PPMd + 5359.32634989937 * x_10 * Deflate + -539.416722484058 * Deflate;36.1890380771606;36.1890380771606;36.1890380771606;36.1890380771606;23.038105;16;-539.416722484058 * Deflate;1;1.0554446251627;
11;3822.20962825686 * CompressionMethod + 36062.2285192048 * x_10 + 15533.0444039393 * x_8 + 8141.39990860863 * BZip2 + -30665.8315154595 * x_10 * PPMd + -11583.784655096 * x_8 * PPMd + -7938.3206074716 * x_8 * BZip2 + -21735.152433176 * x_10 * LZMA + -1357.93996533543 * PPMd + 6205.60295311472 * x_10 * Deflate + -1356.7077672431 * Deflate + 5618.06956755775 * Deflate * x_6;29.9335866250913;29.9335866250913;29.9335866250913;29.9335866250913;29.952764;18;5618.06956755775 * Deflate * x_6;2;3.12772572603466;
12;4023.90243902444 * CompressionMethod + 35961.3821138212 * x_10 + 14228.7642276423 * x_8 + 7964.91869918699 * BZip2 + -30564.9851100758 * x_10 * PPMd + -10279.5044787989 * x_8 * PPMd + -6659.25203252027 * x_8 * BZip2 + -21835.9988385601 * x_10 * LZMA + -1559.63277610307 * PPMd + 6815.33583489687 * x_10 * Deflate + -2067.28705440909 * Deflate + 6126.95604395602 * Deflate * x_6 + 3554.09407195283 * x_8 * Deflate;28.8021117202152;28.8021117202152;28.8021117202152;28.8021117202152;38.305781;20;3554.09407195283 * x_8 * Deflate;2;0.565737452438022;
13;4023.90243902442 * CompressionMethod + 35961.3821138212 * x_10 + 14228.7642276423 * x_8 + 7964.91869918701 * BZip2 + -30546.2061951346 * x_10 * PPMd + -10298.7101872614 * x_8 * PPMd + -6659.25203252024 * x_8 * BZip2 + -21835.9988385599 * x_10 * LZMA + -1540.42706764055 * PPMd + 6815.33583489697 * x_10 * Deflate + -2067.28705440902 * Deflate + 6126.95604395601 * Deflate * x_6 + 3554.09407195292 * x_8 * Deflate + -569.769351055457 * PPMd * Files_50;28.6752646316941;28.6752646316941;28.6752646316941;28.6752646316941;48.043886;22;-569.769351055457 * PPMd * Files_50;2;0.0634235442605888;
Elapsed=00:00:48.0556243
average model: 
command: analyze-learning
Round, Model, LearningError, LearningErrorRel, ValidationError, ValidationErrorRel, ElapsedSeconds, ModelComplexity, BestCandidate, BestCandidateSize, BestCandidateScore, TestError
Models:
Termination reason: minImprovementPerRound
1;7260.65173116097 * CompressionMethod + 25493.7519385638 * x_10;114.834091268037;114.834091268037;114.834091268037;114.834091268037;0.178644;2;25493.7519385638 * x_10;1;85.9654762595553;113.168847595626
2;4928.02531645574 * CompressionMethod + 27826.3783532691 * x_10 + 11930.4121835443 * x_8;73.6224053493563;73.6224053493563;73.6224053493563;73.6224053493563;0.602296;3;11930.4121835443 * x_8;1;41.2116859186802;75.6106203775288
3;3157.37616202234 * CompressionMethod + 27458.1699664144 * x_10 + 10665.4432129726 * x_8 + 9713.97800001647 * BZip2;53.7898748957388;53.7898748957388;53.7898748957388;53.7898748957388;1.337542;4;9713.97800001647 * BZip2;1;19.8325304536175;56.9980545061866
4;3320.51025935008 * CompressionMethod + 31154.6370897396 * x_10 + 10781.9877981295 * x_8 + 8819.00621606557 * BZip2 + -26614.4806824229 * x_10 * PPMd;47.9203287067143;47.9203287067143;47.9203287067143;47.9203287067143;2.54789;6;-26614.4806824229 * x_10 * PPMd;2;2.93477309451227;48.3094032268558
5;3415.39559005257 * CompressionMethod + 31192.6585165813 * x_10 + 12539.3684293079 * x_8 + 8298.45474901738 * BZip2 + -26747.3874399674 * x_10 * PPMd + -9541.23460759568 * x_8 * PPMd;44.661519561482;44.661519561482;44.661519561482;44.661519561482;4.149901;8;-9541.23460759568 * x_8 * PPMd;2;1.62940457261617;44.0840453884806
6;3080.88263037332 * CompressionMethod + 31058.6160894758 * x_10 + 15748.3010430961 * x_8 + 10133.6300139244 * BZip2 + -26278.8320531827 * x_10 * PPMd + -12415.6542617048 * x_8 * PPMd + -9404.48035406057 * x_8 * BZip2;41.9755948694564;41.9755948694564;41.9755948694564;41.9755948694564;6.322198;10;-9404.48035406057 * x_8 * BZip2;2;1.34296234601281;42.1984907023365
7;3481.1144219309 * CompressionMethod + 38240.5532379819 * x_10 + 15348.0692515386 * x_8 + 7937.91393524033 * BZip2 + -33861.0009932463 * x_10 * PPMd + -12415.6542617049 * x_8 * PPMd + -7208.76427537655 * x_8 * BZip2 + -23572.3819456271 * x_10 * LZMA;39.3073779162014;39.3073779162014;39.3073779162014;39.3073779162014;9.138601;12;-23572.3819456271 * x_10 * LZMA;2;1.33410847662747;40.4324898860721
8;3848.10218978106 * CompressionMethod + 37983.6618004867 * x_10 + 14981.0814836883 * x_8 + 7635.14902676393 * BZip2 + -32587.2647967416 * x_10 * PPMd + -11031.8217348451 * x_8 * PPMd + -6905.99936689994 * x_8 * BZip2 + -23682.4782759822 * x_10 * LZMA + -1383.8325268596 * PPMd;38.1771289866144;38.1771289866144;38.1771289866144;38.1771289866144;12.769519;13;-1383.8325268596 * PPMd;1;1.13024892958703;39.0294265711739
9;3704.81481481485 * CompressionMethod + 36120.9259259259 * x_10 + 15124.3688586546 * x_8 + 8244.12037037037 * BZip2 + -30724.5289221805 * x_10 * PPMd + -11175.1091098111 * x_8 * PPMd + -7514.97071050623 * x_8 * BZip2 + -21676.455026455 * x_10 * LZMA + -1240.54515189352 * PPMd + 4907.59259259262 * x_10 * Deflate;37.2444827023233;37.2444827023233;37.2444827023233;37.2444827023233;17.350095;15;4907.59259259262 * x_10 * Deflate;2;0.466323142145544;38.2254319411605
10;3880.18074516968 * CompressionMethod + 36033.2429607486 * x_10 + 15158.1645145691 * x_8 + 8090.67518130987 * BZip2 + -30636.8459570031 * x_10 * PPMd + -11208.9047657258 * x_8 * PPMd + -7570.68710771522 * x_8 * BZip2 + -21764.1379916327 * x_10 * LZMA + -1415.91108224824 * PPMd + 5359.32634989937 * x_10 * Deflate + -539.416722484058 * Deflate;36.1890380771606;36.1890380771606;36.1890380771606;36.1890380771606;23.038105;16;-539.416722484058 * Deflate;1;1.0554446251627;37.3531947808619
11;3822.20962825686 * CompressionMethod + 36062.2285192048 * x_10 + 15533.0444039393 * x_8 + 8141.39990860863 * BZip2 + -30665.8315154595 * x_10 * PPMd + -11583.784655096 * x_8 * PPMd + -7938.3206074716 * x_8 * BZip2 + -21735.152433176 * x_10 * LZMA + -1357.93996533543 * PPMd + 6205.60295311472 * x_10 * Deflate + -1356.7077672431 * Deflate + 5618.06956755775 * Deflate * x_6;29.9335866250913;29.9335866250913;29.9335866250913;29.9335866250913;29.952764;18;5618.06956755775 * Deflate * x_6;2;3.12772572603466;31.0172211893446
12;4023.90243902444 * CompressionMethod + 35961.3821138212 * x_10 + 14228.7642276423 * x_8 + 7964.91869918699 * BZip2 + -30564.9851100758 * x_10 * PPMd + -10279.5044787989 * x_8 * PPMd + -6659.25203252027 * x_8 * BZip2 + -21835.9988385601 * x_10 * LZMA + -1559.63277610307 * PPMd + 6815.33583489687 * x_10 * Deflate + -2067.28705440909 * Deflate + 6126.95604395602 * Deflate * x_6 + 3554.09407195283 * x_8 * Deflate;28.8021117202152;28.8021117202152;28.8021117202152;28.8021117202152;38.305781;20;3554.09407195283 * x_8 * Deflate;2;0.565737452438022;29.9926195019167
13;4023.90243902442 * CompressionMethod + 35961.3821138212 * x_10 + 14228.7642276423 * x_8 + 7964.91869918701 * BZip2 + -30546.2061951346 * x_10 * PPMd + -10298.7101872614 * x_8 * PPMd + -6659.25203252024 * x_8 * BZip2 + -21835.9988385599 * x_10 * LZMA + -1540.42706764055 * PPMd + 6815.33583489697 * x_10 * Deflate + -2067.28705440902 * Deflate + 6126.95604395601 * Deflate * x_6 + 3554.09407195292 * x_8 * Deflate + -569.769351055457 * PPMd * Files_50;28.6752646316941;28.6752646316941;28.6752646316941;28.6752646316941;48.043886;22;-569.769351055457 * PPMd * Files_50;2;0.0634235442605888;30.0356493556912
Analyze finished
command: clean-sampling
command: clean-global
command: script ./learn_grammarBased_t3.a
command: log ./out_grammarBased_t3Predictions.log
