Current machine learning settings: epsilon:0 lossFunction:RELATIVE parallelization:True bagging:False baggingNumbers:3 considerEpsilonTube:False baggingTestDataFraction:50 useBackward:False abortError:1 limitFeatureSize:False featureSizeTreshold:4 quadraticFunctionSupport:True crossValidation:False crossValidation-k:5 learn-logFunction:False learn-accumulatedLogFunction:False learn-asymFunction:False learn-ratioFunction:False learn-mirrowedFunction:False learn-numeric-disabled:True numberOfRounds:70 backwardErrorDelta:1 minImprovementPerRound:0.1 withHierarchy:False bruteForceCandidates:False ignoreBadFeatures:False stopOnLongRound:True candidateSizePenalty:True learnTimeLimit:00:00:00 scoreMeasure:RELERROR outputRoundsToStdout:False debug:False pythonInfluenceAnalysis:False blacklisted: 
command: solver z3
command: vm /scratch/kallistos/Distance-Based_Data/SupplementaryWebsite/MeasuredPerformanceValues/LLVM/FeatureModel.xml
Warning: Variability model contains outdated notation. Children nodes will no longer have effect on the model. Instead use the parent node to describe the parent of an configuration option. You can also use the converter providedby the Variability Model GUI in export>convert legacy model.
command: all /scratch/kallistos/Distance-Based_Data/SupplementaryWebsite/MeasuredPerformanceValues/LLVM/measurements.xml
Configs with too large deviation: 0
1024 configurations loaded.
command: binary grammar-based numConfigs:175 seed:76  confFaultsReport:./out_grammarBasedFailureReport_t3.log
command: printconfigs ./sampledConfigurations_grammarBased_t3FailureReport.csv
Number to sample: 175; Number of Configurations in Grammar: 1024
Draw a new random number, cause 505 is already in drawn.
Draw a new random number, cause 184 is already in drawn.
Draw a new random number, cause 113 is already in drawn.
Draw a new random number, cause 184 is already in drawn.
Draw a new random number, cause 1008 is already in drawn.
Draw a new random number, cause 912 is already in drawn.
Draw a new random number, cause 279 is already in drawn.
Draw a new random number, cause 775 is already in drawn.
Draw a new random number, cause 211 is already in drawn.
Draw a new random number, cause 93 is already in drawn.
Draw a new random number, cause 521 is already in drawn.
Draw a new random number, cause 776 is already in drawn.
Draw a new random number, cause 997 is already in drawn.
Draw a new random number, cause 722 is already in drawn.
Draw a new random number, cause 43 is already in drawn.
Draw a new random number, cause 912 is already in drawn.
Draw a new random number, cause 253 is already in drawn.
Draw a new random number, cause 249 is already in drawn.
0 drawn configurations were invalid
command: clean-sampling
command: clean-global
