Current machine learning settings: epsilon:0 lossFunction:RELATIVE parallelization:True bagging:False baggingNumbers:3 considerEpsilonTube:False baggingTestDataFraction:50 useBackward:False abortError:1 limitFeatureSize:False featureSizeTreshold:4 quadraticFunctionSupport:True crossValidation:False crossValidation-k:5 learn-logFunction:False learn-accumulatedLogFunction:False learn-asymFunction:False learn-ratioFunction:False learn-mirrowedFunction:False learn-numeric-disabled:True numberOfRounds:70 backwardErrorDelta:1 minImprovementPerRound:0.1 withHierarchy:False bruteForceCandidates:False ignoreBadFeatures:False stopOnLongRound:True candidateSizePenalty:True learnTimeLimit:00:00:00 scoreMeasure:RELERROR outputRoundsToStdout:False debug:False pythonInfluenceAnalysis:False blacklisted: 
command: mlsettings bagging:False stopOnLongRound:False parallelization:True lossFunction:RELATIVE useBackward:False abortError:1 limitFeatureSize:False featureSizeTreshold:7 quadraticFunctionSupport:True crossValidation:False learn_logFunction:True numberOfRounds:70 backwardErrorDelta:1 minImprovementPerRound:0.25 withHierarchy:False
Current machine learning settings: epsilon:0 lossFunction:RELATIVE parallelization:True bagging:False baggingNumbers:3 considerEpsilonTube:False baggingTestDataFraction:50 useBackward:False abortError:1 limitFeatureSize:False featureSizeTreshold:7 quadraticFunctionSupport:True crossValidation:False crossValidation-k:5 learn-logFunction:True learn-accumulatedLogFunction:False learn-asymFunction:False learn-ratioFunction:False learn-mirrowedFunction:False learn-numeric-disabled:True numberOfRounds:70 backwardErrorDelta:1 minImprovementPerRound:0.25 withHierarchy:False bruteForceCandidates:False ignoreBadFeatures:False stopOnLongRound:False candidateSizePenalty:True learnTimeLimit:00:00:00 scoreMeasure:RELERROR outputRoundsToStdout:False debug:False pythonInfluenceAnalysis:False blacklisted: 
command: solver z3
command: vm /scratch/kallistos/Distance-Based_Data/SupplementaryWebsite/MeasuredPerformanceValues/BerkeleyDBC/FeatureModel.xml
Warning: Variability model contains outdated notation. Children nodes will no longer have effect on the model. Instead use the parent node to describe the parent of an configuration option. You can also use the converter providedby the Variability Model GUI in export>convert legacy model.
command: all /scratch/kallistos/Distance-Based_Data/SupplementaryWebsite/MeasuredPerformanceValues/BerkeleyDBC/measurements.xml
Configs with too large deviation: 0
2560 configurations loaded.
command: nfp Performance
command: setsampleset /scratch/kallistos/Distance-Based_Data/Results/BerkeleyDBC/BerkeleyDBC_48/sampledConfigurations_divDistBased_t3.csv
command: learn-splconqueror
Learning: NumberOfConfigurationsLearning:363 NumberOfConfigurationsValidation:363
Learning progress:
1;0.783064899556482 * PAGESIZE + 15.2724816928734 * HAVE_CRYPTO;104.926263548463;104.926263548463;104.926263548463;104.926263548463;0.053003;2;15.2724816928734 * HAVE_CRYPTO;1;582.961198909889;
2;0.783064899556504 * PAGESIZE + 18.3498435383359 * HAVE_CRYPTO + -16.4125965091334 * HAVE_CRYPTO * PS1K;61.0373772517534;61.0373772517534;61.0373772517534;61.0373772517534;0.184489;4;-16.4125965091334 * HAVE_CRYPTO * PS1K;2;21.9444431483547;
3;0.783064899556497 * PAGESIZE + 12.130929512857 * HAVE_CRYPTO + -10.1936824836545 * HAVE_CRYPTO * PS1K + 25.5302786309134 * HAVE_CRYPTO * PS32K;43.1133290518843;43.1133290518843;43.1133290518843;43.1133290518843;0.385685;6;25.5302786309134 * HAVE_CRYPTO * PS32K;2;8.96202409993457;
4;0.602074179621921 * PAGESIZE + 12.3119202327916 * HAVE_CRYPTO + -10.1936824836545 * HAVE_CRYPTO * PS1K + 24.6705727112242 * HAVE_CRYPTO * PS32K + 0.859705919689246 * PS32K;34.6119367505983;34.6119367505983;34.6119367505983;34.6119367505983;0.687698;7;0.859705919689246 * PS32K;1;8.50139230128601;
5;0.602074179621932 * PAGESIZE + 8.05787459091407 * HAVE_CRYPTO + -5.93963684177706 * HAVE_CRYPTO * PS1K + 28.9246183531017 * HAVE_CRYPTO * PS32K + 0.859705919689167 * PS32K + 11.951842517656 * HAVE_CRYPTO * PS16K;24.0173721163048;24.0173721163048;24.0173721163048;24.0173721163048;1.100368;9;11.951842517656 * HAVE_CRYPTO * PS16K;2;5.29728231714672;
6;0.602074179621936 * PAGESIZE + 5.51355947901117 * HAVE_CRYPTO + -3.39532172987415 * HAVE_CRYPTO * PS1K + 31.4689334650045 * HAVE_CRYPTO * PS32K + 0.859705919689222 * PS32K + 14.4961576295588 * HAVE_CRYPTO * PS16K + 4.71629142694189 * HAVE_CRYPTO * PS8K;18.3060928850424;18.3060928850424;18.3060928850424;18.3060928850424;1.656362;11;4.71629142694189 * HAVE_CRYPTO * PS8K;2;2.85563961563122;
7;0.500282366487705 * PAGESIZE + 5.61535129214535 * HAVE_CRYPTO + -3.39532172987411 * HAVE_CRYPTO * PS1K + 31.3671416518704 * HAVE_CRYPTO * PS32K + 0.961497732823411 * PS32K + 14.1247550681231 * HAVE_CRYPTO * PS16K + 4.71629142694203 * HAVE_CRYPTO * PS8K + 0.37140256143579 * PS16K;15.4772579847006;15.4772579847006;15.4772579847006;15.4772579847006;2.363161;12;0.37140256143579 * PS16K;1;2.82883490034177;
8;0.50028236648765 * PAGESIZE + 5.6153512921455 * HAVE_CRYPTO + -3.39532172987407 * HAVE_CRYPTO * PS1K + 31.1325823069091 * HAVE_CRYPTO * PS32K + 0.443285226514054 * PS32K + 14.1247550681229 * HAVE_CRYPTO * PS16K + 4.71629142694196 * HAVE_CRYPTO * PS8K + 0.371402561435826 * PS16K + 1.2437100151427 * PS32K * HAVE_HASH;10.894796319038;10.894796319038;10.894796319038;10.894796319038;3.26517;14;1.2437100151427 * PS32K * HAVE_HASH;2;2.29123083283131;
9;0.500282366487626 * PAGESIZE + 5.61535129214543 * HAVE_CRYPTO + -3.39532172987408 * HAVE_CRYPTO * PS1K + 31.1325823069093 * HAVE_CRYPTO * PS32K + 0.443285226514007 * PS32K + 14.0060567174176 * HAVE_CRYPTO * PS16K + 4.71629142694194 * HAVE_CRYPTO * PS8K + 0.00211880368577544 * PS16K + 1.24371001514283 * PS32K * HAVE_HASH + 0.975964216910981 * PS16K * HAVE_HASH;8.97382061586821;8.97382061586821;8.97382061586821;8.97382061586821;4.384089;16;0.975964216910981 * PS16K * HAVE_HASH;2;0.960487851584884;
10;0.500282366487692 * PAGESIZE + 5.61535129214539 * HAVE_CRYPTO + -2.86272499965874 * HAVE_CRYPTO * PS1K + 31.1325823069093 * HAVE_CRYPTO * PS32K + 0.443285226513986 * PS32K + 14.0060567174176 * HAVE_CRYPTO * PS16K + 4.71629142694199 * HAVE_CRYPTO * PS8K + 0.00211880368573611 * PS16K + 1.24371001514275 * PS32K * HAVE_HASH + 0.97596421691089 * PS16K * HAVE_HASH + -1.19834264298459 * HAVE_CRYPTO * PS1K * HAVE_HASH;6.73421446417723;6.73421446417723;6.73421446417723;6.73421446417723;5.748475;19;-1.19834264298459 * HAVE_CRYPTO * PS1K * HAVE_HASH;3;0.746535383896994;
11;0.500282366487641 * PAGESIZE + 5.61535129214541 * HAVE_CRYPTO + -2.86272499965866 * HAVE_CRYPTO * PS1K + 31.1325823069091 * HAVE_CRYPTO * PS32K + 0.443285226514125 * PS32K + 13.7337522448249 * HAVE_CRYPTO * PS16K + 4.71629142694202 * HAVE_CRYPTO * PS8K + 0.132082301968656 * PS16K + 1.24371001514278 * PS32K * HAVE_HASH + 0.632489257163412 * PS16K * HAVE_HASH + -1.19834264298459 * HAVE_CRYPTO * PS1K * HAVE_HASH + 0.628156908367127 * PS16K * HAVE_HASH * HAVE_CRYPTO;4.86985607099403;4.86985607099403;4.86985607099403;4.86985607099403;7.3846;22;0.628156908367127 * PS16K * HAVE_HASH * HAVE_CRYPTO;3;0.621452797727733;
12;0.512550727826758 * PAGESIZE + 5.63648013667388 * HAVE_CRYPTO + -2.89612220552629 * HAVE_CRYPTO * PS1K + 31.1114534623808 * HAVE_CRYPTO * PS32K + 0.431016865174887 * PS32K + 13.7126234002965 * HAVE_CRYPTO * PS16K + 4.68289422107442 * HAVE_CRYPTO * PS8K + 0.119813940629518 * PS16K + 1.24371001514281 * PS32K * HAVE_HASH + 0.63248925716338 * PS16K * HAVE_HASH + -1.19834264298456 * HAVE_CRYPTO * PS1K * HAVE_HASH + 0.628156908367181 * PS16K * HAVE_HASH * HAVE_CRYPTO + -0.0333972058675676 * PS4K;4.82852717167033;4.82852717167033;4.82852717167033;4.82852717167033;9.339533;23;-0.0333972058675676 * PS4K;1;0.0413288993236955;
Elapsed=00:00:09.3470065
average model: 
command: analyze-learning
Round, Model, LearningError, LearningErrorRel, ValidationError, ValidationErrorRel, ElapsedSeconds, ModelComplexity, BestCandidate, BestCandidateSize, BestCandidateScore, TestError
Models:
Termination reason: minImprovementPerRound
1;0.783064899556482 * PAGESIZE + 15.2724816928734 * HAVE_CRYPTO;104.926263548463;104.926263548463;104.926263548463;104.926263548463;0.053003;2;15.2724816928734 * HAVE_CRYPTO;1;582.961198909889;106.120103239893
2;0.783064899556504 * PAGESIZE + 18.3498435383359 * HAVE_CRYPTO + -16.4125965091334 * HAVE_CRYPTO * PS1K;61.0373772517534;61.0373772517534;61.0373772517534;61.0373772517534;0.184489;4;-16.4125965091334 * HAVE_CRYPTO * PS1K;2;21.9444431483547;60.3659102518017
3;0.783064899556497 * PAGESIZE + 12.130929512857 * HAVE_CRYPTO + -10.1936824836545 * HAVE_CRYPTO * PS1K + 25.5302786309134 * HAVE_CRYPTO * PS32K;43.1133290518843;43.1133290518843;43.1133290518843;43.1133290518843;0.385685;6;25.5302786309134 * HAVE_CRYPTO * PS32K;2;8.96202409993457;42.7074025857889
4;0.602074179621921 * PAGESIZE + 12.3119202327916 * HAVE_CRYPTO + -10.1936824836545 * HAVE_CRYPTO * PS1K + 24.6705727112242 * HAVE_CRYPTO * PS32K + 0.859705919689246 * PS32K;34.6119367505983;34.6119367505983;34.6119367505983;34.6119367505983;0.687698;7;0.859705919689246 * PS32K;1;8.50139230128601;34.3940336550751
5;0.602074179621932 * PAGESIZE + 8.05787459091407 * HAVE_CRYPTO + -5.93963684177706 * HAVE_CRYPTO * PS1K + 28.9246183531017 * HAVE_CRYPTO * PS32K + 0.859705919689167 * PS32K + 11.951842517656 * HAVE_CRYPTO * PS16K;24.0173721163048;24.0173721163048;24.0173721163048;24.0173721163048;1.100368;9;11.951842517656 * HAVE_CRYPTO * PS16K;2;5.29728231714672;24.1503181374707
6;0.602074179621936 * PAGESIZE + 5.51355947901117 * HAVE_CRYPTO + -3.39532172987415 * HAVE_CRYPTO * PS1K + 31.4689334650045 * HAVE_CRYPTO * PS32K + 0.859705919689222 * PS32K + 14.4961576295588 * HAVE_CRYPTO * PS16K + 4.71629142694189 * HAVE_CRYPTO * PS8K;18.3060928850424;18.3060928850424;18.3060928850424;18.3060928850424;1.656362;11;4.71629142694189 * HAVE_CRYPTO * PS8K;2;2.85563961563122;18.7342211041217
7;0.500282366487705 * PAGESIZE + 5.61535129214535 * HAVE_CRYPTO + -3.39532172987411 * HAVE_CRYPTO * PS1K + 31.3671416518704 * HAVE_CRYPTO * PS32K + 0.961497732823411 * PS32K + 14.1247550681231 * HAVE_CRYPTO * PS16K + 4.71629142694203 * HAVE_CRYPTO * PS8K + 0.37140256143579 * PS16K;15.4772579847006;15.4772579847006;15.4772579847006;15.4772579847006;2.363161;12;0.37140256143579 * PS16K;1;2.82883490034177;16.0324914365698
8;0.50028236648765 * PAGESIZE + 5.6153512921455 * HAVE_CRYPTO + -3.39532172987407 * HAVE_CRYPTO * PS1K + 31.1325823069091 * HAVE_CRYPTO * PS32K + 0.443285226514054 * PS32K + 14.1247550681229 * HAVE_CRYPTO * PS16K + 4.71629142694196 * HAVE_CRYPTO * PS8K + 0.371402561435826 * PS16K + 1.2437100151427 * PS32K * HAVE_HASH;10.894796319038;10.894796319038;10.894796319038;10.894796319038;3.26517;14;1.2437100151427 * PS32K * HAVE_HASH;2;2.29123083283131;11.6498658640411
9;0.500282366487626 * PAGESIZE + 5.61535129214543 * HAVE_CRYPTO + -3.39532172987408 * HAVE_CRYPTO * PS1K + 31.1325823069093 * HAVE_CRYPTO * PS32K + 0.443285226514007 * PS32K + 14.0060567174176 * HAVE_CRYPTO * PS16K + 4.71629142694194 * HAVE_CRYPTO * PS8K + 0.00211880368577544 * PS16K + 1.24371001514283 * PS32K * HAVE_HASH + 0.975964216910981 * PS16K * HAVE_HASH;8.97382061586821;8.97382061586821;8.97382061586821;8.97382061586821;4.384089;16;0.975964216910981 * PS16K * HAVE_HASH;2;0.960487851584884;9.87106855968539
10;0.500282366487692 * PAGESIZE + 5.61535129214539 * HAVE_CRYPTO + -2.86272499965874 * HAVE_CRYPTO * PS1K + 31.1325823069093 * HAVE_CRYPTO * PS32K + 0.443285226513986 * PS32K + 14.0060567174176 * HAVE_CRYPTO * PS16K + 4.71629142694199 * HAVE_CRYPTO * PS8K + 0.00211880368573611 * PS16K + 1.24371001514275 * PS32K * HAVE_HASH + 0.97596421691089 * PS16K * HAVE_HASH + -1.19834264298459 * HAVE_CRYPTO * PS1K * HAVE_HASH;6.73421446417723;6.73421446417723;6.73421446417723;6.73421446417723;5.748475;19;-1.19834264298459 * HAVE_CRYPTO * PS1K * HAVE_HASH;3;0.746535383896994;7.52067293728799
11;0.500282366487641 * PAGESIZE + 5.61535129214541 * HAVE_CRYPTO + -2.86272499965866 * HAVE_CRYPTO * PS1K + 31.1325823069091 * HAVE_CRYPTO * PS32K + 0.443285226514125 * PS32K + 13.7337522448249 * HAVE_CRYPTO * PS16K + 4.71629142694202 * HAVE_CRYPTO * PS8K + 0.132082301968656 * PS16K + 1.24371001514278 * PS32K * HAVE_HASH + 0.632489257163412 * PS16K * HAVE_HASH + -1.19834264298459 * HAVE_CRYPTO * PS1K * HAVE_HASH + 0.628156908367127 * PS16K * HAVE_HASH * HAVE_CRYPTO;4.86985607099403;4.86985607099403;4.86985607099403;4.86985607099403;7.3846;22;0.628156908367127 * PS16K * HAVE_HASH * HAVE_CRYPTO;3;0.621452797727733;5.72439174124356
12;0.512550727826758 * PAGESIZE + 5.63648013667388 * HAVE_CRYPTO + -2.89612220552629 * HAVE_CRYPTO * PS1K + 31.1114534623808 * HAVE_CRYPTO * PS32K + 0.431016865174887 * PS32K + 13.7126234002965 * HAVE_CRYPTO * PS16K + 4.68289422107442 * HAVE_CRYPTO * PS8K + 0.119813940629518 * PS16K + 1.24371001514281 * PS32K * HAVE_HASH + 0.63248925716338 * PS16K * HAVE_HASH + -1.19834264298456 * HAVE_CRYPTO * PS1K * HAVE_HASH + 0.628156908367181 * PS16K * HAVE_HASH * HAVE_CRYPTO + -0.0333972058675676 * PS4K;4.82852717167033;4.82852717167033;4.82852717167033;4.82852717167033;9.339533;23;-0.0333972058675676 * PS4K;1;0.0413288993236955;5.6649314898221
Analyze finished
command: clean-sampling
command: clean-global
