Current machine learning settings: epsilon:0 lossFunction:RELATIVE parallelization:True bagging:False baggingNumbers:3 considerEpsilonTube:False baggingTestDataFraction:50 useBackward:False abortError:1 limitFeatureSize:False featureSizeTreshold:4 quadraticFunctionSupport:True crossValidation:False crossValidation-k:5 learn-logFunction:False learn-accumulatedLogFunction:False learn-asymFunction:False learn-ratioFunction:False learn-mirrowedFunction:False learn-numeric-disabled:True numberOfRounds:70 backwardErrorDelta:1 minImprovementPerRound:0.1 withHierarchy:False bruteForceCandidates:False ignoreBadFeatures:False stopOnLongRound:True candidateSizePenalty:True learnTimeLimit:00:00:00 scoreMeasure:RELERROR outputRoundsToStdout:False debug:False pythonInfluenceAnalysis:False blacklisted: 
command: mlsettings bagging:False stopOnLongRound:False parallelization:True lossFunction:RELATIVE useBackward:False abortError:1 limitFeatureSize:False featureSizeTreshold:7 quadraticFunctionSupport:True crossValidation:False learn_logFunction:True numberOfRounds:70 backwardErrorDelta:1 minImprovementPerRound:0.25 withHierarchy:False
Current machine learning settings: epsilon:0 lossFunction:RELATIVE parallelization:True bagging:False baggingNumbers:3 considerEpsilonTube:False baggingTestDataFraction:50 useBackward:False abortError:1 limitFeatureSize:False featureSizeTreshold:7 quadraticFunctionSupport:True crossValidation:False crossValidation-k:5 learn-logFunction:True learn-accumulatedLogFunction:False learn-asymFunction:False learn-ratioFunction:False learn-mirrowedFunction:False learn-numeric-disabled:True numberOfRounds:70 backwardErrorDelta:1 minImprovementPerRound:0.25 withHierarchy:False bruteForceCandidates:False ignoreBadFeatures:False stopOnLongRound:False candidateSizePenalty:True learnTimeLimit:00:00:00 scoreMeasure:RELERROR outputRoundsToStdout:False debug:False pythonInfluenceAnalysis:False blacklisted: 
command: solver z3
command: vm /scratch/kallistos/Distance-Based_Data/SupplementaryWebsite/MeasuredPerformanceValues/Polly/FeatureModel.xml
command: all /scratch/kallistos/Distance-Based_Data/SupplementaryWebsite/MeasuredPerformanceValues/Polly/measurements.xml
Configs with too large deviation: 0
60000 configurations loaded.
command: nfp Performance
command: setsampleset /scratch/kallistos/Distance-Based_Data/Results/Polly/Polly_75/sampledConfigurations_divDistBased_t1.csv
command: learn-splconqueror
Learning: NumberOfConfigurationsLearning:28 NumberOfConfigurationsValidation:28
Learning progress:
1;29.2871428571428 * polly_vectorizer + -13.3214285714286 * value_based;31.5861532749151;31.5861532749151;31.5861532749151;31.5861532749151;0.056842;2;-13.3214285714286 * value_based;1;21.7451954237721;
2;29.2871428571428 * polly_vectorizer + -15.5486243386244 * value_based + 15.5903703703704 * value_based * max;21.0450434166863;21.0450434166863;21.0450434166863;21.0450434166863;0.090587;4;15.5903703703704 * value_based * max;2;5.27055492911444;
3;31.2614161849711 * polly_vectorizer + -16.4992003853565 * value_based + 17.6377649325627 * value_based * max + -4.60663776493258 * polly;15.9040070713152;15.9040070713152;15.9040070713152;15.9040070713152;0.140594;5;-4.60663776493258 * polly;1;5.14103634537106;
4;29.643054730258 * polly_vectorizer + -16.7731417774303 * value_based + 17.4986869950482 * value_based * max + -3.74688324211623 * polly + 4.37463330727129 * parallel;13.2246470952221;13.2246470952221;13.2246470952221;13.2246470952221;0.217621;6;4.37463330727129 * parallel;1;2.67935997609308;
5;28.7080906442523 * polly_vectorizer + -15.7634651447856 * value_based + 16.520375535285 * value_based * max + -4.87003836541066 * polly + 4.82431825779645 * parallel + 4.50742203543628 * pollyoptmaxconstantterm_10000;10.7577320021051;10.7577320021051;10.7577320021051;10.7577320021051;0.333129;7;4.50742203543628 * pollyoptmaxconstantterm_10000;1;2.46691509311705;
6;29.1818748180495 * polly_vectorizer + -16.6269170305677 * value_based + 17.3622590975255 * value_based * max + -4.2668442503639 * polly + 3.3310713245997 * parallel + 3.43763318777291 * pollyoptmaxconstantterm_10000 + 15.0539708879185 * value_based * polly_no_tiling;8.27756628669916;8.27756628669916;8.27756628669916;8.27756628669916;0.481589;9;15.0539708879185 * value_based * polly_no_tiling;2;1.24008285770295;
7;28.7527953373683 * polly_vectorizer + -16.6926630800269 * value_based + 17.8172909661511 * value_based * max + -5.05060636628556 * polly + 3.93489688410669 * parallel + 4.52071284465362 * pollyoptmaxconstantterm_10000 + 14.9449708585519 * value_based * polly_no_tiling + 1.9810322797579 * pollyoptmaxconstantterm_100;7.15469566559749;7.15469566559749;7.15469566559749;7.15469566559749;0.67194;10;1.9810322797579 * pollyoptmaxconstantterm_100;1;1.12287062110167;
8;28.0998748767548 * polly_vectorizer + -20.8992739095732 * value_based + 21.1476682786359 * value_based * max + -6.50110631172041 * polly + 3.5561156235817 * parallel + 6.91621108972253 * pollyoptmaxconstantterm_10000 + 20.1832834092368 * value_based * polly_no_tiling + 6.86954137126936 * pollyoptmaxconstantterm_100 + 5.47174483935083 * pollyoptmaxconstantterm_10;5.26580955308975;5.26580955308975;5.26580955308975;5.26580955308975;0.921318;11;5.47174483935083 * pollyoptmaxconstantterm_10;1;1.88888611250774;
9;28.2812364557287 * polly_vectorizer + -21.0458007950247 * value_based + 21.2057261011733 * value_based * max + -6.70937723066401 * polly + 3.146946207604 * parallel + 6.97261011733023 * pollyoptmaxconstantterm_10000 + 20.557618131692 * value_based * polly_no_tiling + 6.93036385202282 * pollyoptmaxconstantterm_100 + 3.99956433929602 * pollyoptmaxconstantterm_10 + 1.96281517813254 * pollyoptmaxconstantterm_10 * polly_parallel;4.0269409256122;4.0269409256122;4.0269409256122;4.0269409256122;1.237457;13;1.96281517813254 * pollyoptmaxconstantterm_10 * polly_parallel;2;0.619434313738779;
10;28.3182990093146 * polly_vectorizer + -21.0922155817585 * value_based + 21.1901390459269 * value_based * max + -6.96789142841758 * polly + 3.08529074462928 * parallel + 7.21472904215795 * pollyoptmaxconstantterm_10000 + 20.6286258278146 * value_based * polly_no_tiling + 7.08554164647603 * pollyoptmaxconstantterm_100 + 4.00891657244385 * pollyoptmaxconstantterm_10 + 2.36484574382166 * pollyoptmaxconstantterm_10 * polly_parallel + -1.80082444946965 * pollyoptmaxconstantterm_10 * pollydefaulttilesize_16;3.35983938732366;3.35983938732366;3.35983938732366;3.35983938732366;1.657424;15;-1.80082444946965 * pollyoptmaxconstantterm_10 * pollydefaulttilesize_16;2;0.333550769144269;
11;28.3906982333074 * polly_vectorizer + -21.1322103143674 * value_based + 21.2441465315666 * value_based * max + -6.80849636269159 * polly + 4.70463951675749 * parallel + 6.97826383476227 * pollyoptmaxconstantterm_10000 + 20.784225772928 * value_based * polly_no_tiling + 6.94950116913482 * pollyoptmaxconstantterm_100 + 3.97651208106 * pollyoptmaxconstantterm_10 + 2.24369381657572 * pollyoptmaxconstantterm_10 * polly_parallel + -1.58567030397505 * pollyoptmaxconstantterm_10 * pollydefaulttilesize_16 + -1.80735320862551 * parallel * polly_opt_simplify_deps;2.86129192966156;2.86129192966156;2.86129192966156;2.86129192966156;2.162471;17;-1.80735320862551 * parallel * polly_opt_simplify_deps;2;0.249273728831047;
Elapsed=00:00:02.1660814
average model: 
command: analyze-learning
Round, Model, LearningError, LearningErrorRel, ValidationError, ValidationErrorRel, ElapsedSeconds, ModelComplexity, BestCandidate, BestCandidateSize, BestCandidateScore, TestError
Models:
Termination reason: minImprovementPerRound
1;29.2871428571428 * polly_vectorizer + -13.3214285714286 * value_based;31.5861532749151;31.5861532749151;31.5861532749151;31.5861532749151;0.056842;2;-13.3214285714286 * value_based;1;21.7451954237721;27.9406005977596
2;29.2871428571428 * polly_vectorizer + -15.5486243386244 * value_based + 15.5903703703704 * value_based * max;21.0450434166863;21.0450434166863;21.0450434166863;21.0450434166863;0.090587;4;15.5903703703704 * value_based * max;2;5.27055492911444;15.7374698704392
3;31.2614161849711 * polly_vectorizer + -16.4992003853565 * value_based + 17.6377649325627 * value_based * max + -4.60663776493258 * polly;15.9040070713152;15.9040070713152;15.9040070713152;15.9040070713152;0.140594;5;-4.60663776493258 * polly;1;5.14103634537106;17.5169355002045
4;29.643054730258 * polly_vectorizer + -16.7731417774303 * value_based + 17.4986869950482 * value_based * max + -3.74688324211623 * polly + 4.37463330727129 * parallel;13.2246470952221;13.2246470952221;13.2246470952221;13.2246470952221;0.217621;6;4.37463330727129 * parallel;1;2.67935997609308;16.5083354458043
5;28.7080906442523 * polly_vectorizer + -15.7634651447856 * value_based + 16.520375535285 * value_based * max + -4.87003836541066 * polly + 4.82431825779645 * parallel + 4.50742203543628 * pollyoptmaxconstantterm_10000;10.7577320021051;10.7577320021051;10.7577320021051;10.7577320021051;0.333129;7;4.50742203543628 * pollyoptmaxconstantterm_10000;1;2.46691509311705;18.8524758364299
6;29.1818748180495 * polly_vectorizer + -16.6269170305677 * value_based + 17.3622590975255 * value_based * max + -4.2668442503639 * polly + 3.3310713245997 * parallel + 3.43763318777291 * pollyoptmaxconstantterm_10000 + 15.0539708879185 * value_based * polly_no_tiling;8.27756628669916;8.27756628669916;8.27756628669916;8.27756628669916;0.481589;9;15.0539708879185 * value_based * polly_no_tiling;2;1.24008285770295;16.1476701665621
7;28.7527953373683 * polly_vectorizer + -16.6926630800269 * value_based + 17.8172909661511 * value_based * max + -5.05060636628556 * polly + 3.93489688410669 * parallel + 4.52071284465362 * pollyoptmaxconstantterm_10000 + 14.9449708585519 * value_based * polly_no_tiling + 1.9810322797579 * pollyoptmaxconstantterm_100;7.15469566559749;7.15469566559749;7.15469566559749;7.15469566559749;0.67194;10;1.9810322797579 * pollyoptmaxconstantterm_100;1;1.12287062110167;17.3038405042369
8;28.0998748767548 * polly_vectorizer + -20.8992739095732 * value_based + 21.1476682786359 * value_based * max + -6.50110631172041 * polly + 3.5561156235817 * parallel + 6.91621108972253 * pollyoptmaxconstantterm_10000 + 20.1832834092368 * value_based * polly_no_tiling + 6.86954137126936 * pollyoptmaxconstantterm_100 + 5.47174483935083 * pollyoptmaxconstantterm_10;5.26580955308975;5.26580955308975;5.26580955308975;5.26580955308975;0.921318;11;5.47174483935083 * pollyoptmaxconstantterm_10;1;1.88888611250774;22.6648488302903
9;28.2812364557287 * polly_vectorizer + -21.0458007950247 * value_based + 21.2057261011733 * value_based * max + -6.70937723066401 * polly + 3.146946207604 * parallel + 6.97261011733023 * pollyoptmaxconstantterm_10000 + 20.557618131692 * value_based * polly_no_tiling + 6.93036385202282 * pollyoptmaxconstantterm_100 + 3.99956433929602 * pollyoptmaxconstantterm_10 + 1.96281517813254 * pollyoptmaxconstantterm_10 * polly_parallel;4.0269409256122;4.0269409256122;4.0269409256122;4.0269409256122;1.237457;13;1.96281517813254 * pollyoptmaxconstantterm_10 * polly_parallel;2;0.619434313738779;22.8621856080441
10;28.3182990093146 * polly_vectorizer + -21.0922155817585 * value_based + 21.1901390459269 * value_based * max + -6.96789142841758 * polly + 3.08529074462928 * parallel + 7.21472904215795 * pollyoptmaxconstantterm_10000 + 20.6286258278146 * value_based * polly_no_tiling + 7.08554164647603 * pollyoptmaxconstantterm_100 + 4.00891657244385 * pollyoptmaxconstantterm_10 + 2.36484574382166 * pollyoptmaxconstantterm_10 * polly_parallel + -1.80082444946965 * pollyoptmaxconstantterm_10 * pollydefaulttilesize_16;3.35983938732366;3.35983938732366;3.35983938732366;3.35983938732366;1.657424;15;-1.80082444946965 * pollyoptmaxconstantterm_10 * pollydefaulttilesize_16;2;0.333550769144269;23.2584436310994
11;28.3906982333074 * polly_vectorizer + -21.1322103143674 * value_based + 21.2441465315666 * value_based * max + -6.80849636269159 * polly + 4.70463951675749 * parallel + 6.97826383476227 * pollyoptmaxconstantterm_10000 + 20.784225772928 * value_based * polly_no_tiling + 6.94950116913482 * pollyoptmaxconstantterm_100 + 3.97651208106 * pollyoptmaxconstantterm_10 + 2.24369381657572 * pollyoptmaxconstantterm_10 * polly_parallel + -1.58567030397505 * pollyoptmaxconstantterm_10 * pollydefaulttilesize_16 + -1.80735320862551 * parallel * polly_opt_simplify_deps;2.86129192966156;2.86129192966156;2.86129192966156;2.86129192966156;2.162471;17;-1.80735320862551 * parallel * polly_opt_simplify_deps;2;0.249273728831047;23.5152270192839
Analyze finished
command: clean-sampling
command: clean-global
command: script ./learn_divDistBased_t2.a
command: log ./out_divDistBased_t2Predictions.log
