Current machine learning settings: epsilon:0 lossFunction:RELATIVE parallelization:True bagging:False baggingNumbers:3 considerEpsilonTube:False baggingTestDataFraction:50 useBackward:False abortError:1 limitFeatureSize:False featureSizeTreshold:4 quadraticFunctionSupport:True crossValidation:False crossValidation-k:5 learn-logFunction:False learn-accumulatedLogFunction:False learn-asymFunction:False learn-ratioFunction:False learn-mirrowedFunction:False learn-numeric-disabled:True numberOfRounds:70 backwardErrorDelta:1 minImprovementPerRound:0.1 withHierarchy:False bruteForceCandidates:False ignoreBadFeatures:False stopOnLongRound:True candidateSizePenalty:True learnTimeLimit:00:00:00 scoreMeasure:RELERROR outputRoundsToStdout:False debug:False pythonInfluenceAnalysis:False blacklisted: 
command: mlsettings bagging:False stopOnLongRound:False parallelization:True lossFunction:RELATIVE useBackward:False abortError:1 limitFeatureSize:False featureSizeTreshold:7 quadraticFunctionSupport:True crossValidation:False learn_logFunction:True numberOfRounds:70 backwardErrorDelta:1 minImprovementPerRound:0.25 withHierarchy:False
Current machine learning settings: epsilon:0 lossFunction:RELATIVE parallelization:True bagging:False baggingNumbers:3 considerEpsilonTube:False baggingTestDataFraction:50 useBackward:False abortError:1 limitFeatureSize:False featureSizeTreshold:7 quadraticFunctionSupport:True crossValidation:False crossValidation-k:5 learn-logFunction:True learn-accumulatedLogFunction:False learn-asymFunction:False learn-ratioFunction:False learn-mirrowedFunction:False learn-numeric-disabled:True numberOfRounds:70 backwardErrorDelta:1 minImprovementPerRound:0.25 withHierarchy:False bruteForceCandidates:False ignoreBadFeatures:False stopOnLongRound:False candidateSizePenalty:True learnTimeLimit:00:00:00 scoreMeasure:RELERROR outputRoundsToStdout:False debug:False pythonInfluenceAnalysis:False blacklisted: 
command: solver z3
command: vm /scratch/kallistos/Distance-Based_Data/SupplementaryWebsite/MeasuredPerformanceValues/Hipacc/FeatureModel.xml
Warning: Variability model contains outdated notation. Children nodes will no longer have effect on the model. Instead use the parent node to describe the parent of an configuration option. You can also use the converter providedby the Variability Model GUI in export>convert legacy model.
Warning: Default value nodes in models are no longer used and should be removed. You can also use the converter provided by the Variability Model GUI in export>convert legacy model to update your model.
command: all /scratch/kallistos/Distance-Based_Data/SupplementaryWebsite/MeasuredPerformanceValues/Hipacc/measurements.xml
Configs with too large deviation: 0
13485 configurations loaded.
command: nfp Performance
command: setsampleset /scratch/kallistos/Distance-Based_Data/Results/Hipacc/Hipacc_78/sampledConfigurations_divDistBased_t2.csv
command: learn-splconqueror
Learning: NumberOfConfigurationsLearning:843 NumberOfConfigurationsValidation:843
Learning progress:
1;27.8286447058825 * API + 23.9294270644523 * LocalMemory;23.9655462374268;23.9655462374268;23.9655462374268;23.9655462374268;0.278183;2;23.9294270644523 * LocalMemory;1;15.5514853223166;
2;26.8599232538738 * API + 23.7490471130618 * LocalMemory + 22.8725898390926 * bs_32x1;22.4932105915408;22.4932105915408;22.4932105915408;22.4932105915408;1.108812;3;22.8725898390926 * bs_32x1;1;1.47233564588606;
3;23.7772122972201 * API + 23.2904115372752 * LocalMemory + 23.3168225889898 * bs_32x1 + 8.03799979678801 * pixelPerThread_1;21.1760936947608;21.1760936947608;21.1760936947608;21.1760936947608;2.444099;4;8.03799979678801 * pixelPerThread_1;1;1.31711689677994;
4;24.7670845950996 * API + 21.0664237095065 * LocalMemory + 24.504051996252 * bs_32x1 + 5.30919821697608 * pixelPerThread_1 + 47.1571030022284 * LocalMemory * bs_1024x1;19.0212134350275;19.0212134350275;19.0212134350275;19.0212134350275;4.721251;6;47.1571030022284 * LocalMemory * bs_1024x1;2;1.07744012986665;
5;24.9495639666665 * API + 23.3231871946492 * LocalMemory + 24.1531300583842 * bs_32x1 + 4.86946279701111 * pixelPerThread_1 + 45.7078571087008 * LocalMemory * bs_1024x1 + -11.5554924075864 * LocalMemory * Linear1D;18.0267463535838;18.0267463535838;18.0267463535838;18.0267463535838;7.875271;8;-11.5554924075864 * LocalMemory * Linear1D;2;0.497233540721862;
6;24.8255319564726 * API + 22.0210322962598 * LocalMemory + 24.8653338809513 * bs_32x1 + 5.11572165828488 * pixelPerThread_1 + 46.8725640746488 * LocalMemory * bs_1024x1 + -11.23584969899 * LocalMemory * Linear1D + 25.6175525444921 * LocalMemory * bs_512x1;17.0826306800921;17.0826306800921;17.0826306800921;17.0826306800921;12.210854;10;25.6175525444921 * LocalMemory * bs_512x1;2;0.472057836745879;
7;24.4329036580767 * API + 21.9494173061185 * LocalMemory + 25.2701429701392 * bs_32x1 + 5.1668871284076 * pixelPerThread_1 + 47.2806808236927 * LocalMemory * bs_1024x1 + -11.1316672422043 * LocalMemory * Linear1D + 26.0491884545506 * LocalMemory * bs_512x1 + 7.96271879225641 * bs_128x8;16.6349999732881;16.6349999732881;16.6349999732881;16.6349999732881;17.823797;11;7.96271879225641 * bs_128x8;1;0.447630706803935;
8;23.8795662204068 * API + 22.4218139579963 * LocalMemory + 25.5249277135902 * bs_32x1 + 5.28532965928385 * pixelPerThread_1 + 37.8680302573458 * LocalMemory * bs_1024x1 + -11.1099905912608 * LocalMemory * Linear1D + 26.0893037067589 * LocalMemory * bs_512x1 + 8.23450986753716 * bs_128x8 + 9.37411659978884 * bs_1024x1;16.2084244443808;16.2084244443808;16.2084244443808;16.2084244443808;24.806537;12;9.37411659978884 * bs_1024x1;1;0.426575528907293;
9;23.3661080672435 * API + 22.4736795656221 * LocalMemory + 26.0270734397921 * bs_32x1 + 5.21735577595092 * pixelPerThread_1 + 37.8607804987279 * LocalMemory * bs_1024x1 + -11.0087768385901 * LocalMemory * Linear1D + 26.5563805702959 * LocalMemory * bs_512x1 + 8.73908766711535 * bs_128x8 + 9.90611308476972 * bs_1024x1 + 8.2875816775443 * bs_32x32;15.8014794195475;15.8014794195475;15.8014794195475;15.8014794195475;33.485575;13;8.2875816775443 * bs_32x32;1;0.40694502483329;
10;23.3461998969876 * API + 21.6128820555731 * LocalMemory + 26.5634017631519 * bs_32x1 + 5.0739139673618 * pixelPerThread_1 + 38.8267795295073 * LocalMemory * bs_1024x1 + -11.0272611518459 * LocalMemory * Linear1D + 27.4853022396167 * LocalMemory * bs_512x1 + 9.24370086239635 * bs_128x8 + 9.96514174827745 * bs_1024x1 + 8.75251310347228 * bs_32x32 + 16.3483632941276 * LocalMemory * bs_64x16;15.1499031020065;15.1499031020065;15.1499031020065;15.1499031020065;44.013481;15;16.3483632941276 * LocalMemory * bs_64x16;2;0.325788158770496;
11;23.368325103853 * API + 20.5368714788258 * LocalMemory + 27.2022357756748 * bs_32x1 + 4.78370284102742 * pixelPerThread_1 + 40.0998564209819 * LocalMemory * bs_1024x1 + -10.7333383771038 * LocalMemory * Linear1D + 28.5844243691711 * LocalMemory * bs_512x1 + 9.84329640296894 * bs_128x8 + 10.0221650304122 * bs_1024x1 + 9.31356101368454 * bs_32x32 + 17.4885696722285 * LocalMemory * bs_64x16 + 17.3152120382254 * LocalMemory * bs_256x4;14.4963270636392;14.4963270636392;14.4963270636392;14.4963270636392;56.674477;17;17.3152120382254 * LocalMemory * bs_256x4;2;0.32678801918365;
12;23.4068647721297 * API + 19.4017817896313 * LocalMemory + 27.9102802744352 * bs_32x1 + 4.42454361976828 * pixelPerThread_1 + 41.5001475775586 * LocalMemory * bs_1024x1 + -10.8172283583461 * LocalMemory * Linear1D + 29.8076388780512 * LocalMemory * bs_512x1 + 10.5112462909044 * bs_128x8 + 10.0815778770243 * bs_1024x1 + 9.94112365336893 * bs_32x32 + 18.7814773000242 * LocalMemory * bs_64x16 + 18.6289801828972 * LocalMemory * bs_256x4 + 20.2000867864462 * LocalMemory * bs_512x2;13.8436812974053;13.8436812974053;13.8436812974053;13.8436812974053;71.54475;19;20.2000867864462 * LocalMemory * bs_512x2;2;0.326322883116977;
13;23.4664157202047 * API + 20.262169570503 * LocalMemory + 27.4228238317355 * bs_32x1 + 4.44525789156559 * pixelPerThread_1 + 40.6512000925862 * LocalMemory * bs_1024x1 + -11.3738379960477 * LocalMemory * Linear1D + 28.9690445323845 * LocalMemory * bs_512x1 + 10.0578127447077 * bs_128x8 + 10.0163775820955 * bs_1024x1 + 9.53108177302407 * bs_32x32 + 17.9625033627193 * LocalMemory * bs_64x16 + 17.776720389738 * LocalMemory * bs_256x4 + 19.3853365607119 * LocalMemory * bs_512x2 + -12.2831234557854 * LocalMemory * bs_64x2;13.3756872149378;13.3756872149378;13.3756872149378;13.3756872149378;88.892988;21;-12.2831234557854 * LocalMemory * bs_64x2;2;0.233997041233757;
Elapsed=00:01:28.9072770
average model: 
command: analyze-learning
Round, Model, LearningError, LearningErrorRel, ValidationError, ValidationErrorRel, ElapsedSeconds, ModelComplexity, BestCandidate, BestCandidateSize, BestCandidateScore, TestError
Models:
Termination reason: minImprovementPerRound
1;27.8286447058825 * API + 23.9294270644523 * LocalMemory;23.9655462374268;23.9655462374268;23.9655462374268;23.9655462374268;0.278183;2;23.9294270644523 * LocalMemory;1;15.5514853223166;25.8427134577269
2;26.8599232538738 * API + 23.7490471130618 * LocalMemory + 22.8725898390926 * bs_32x1;22.4932105915408;22.4932105915408;22.4932105915408;22.4932105915408;1.108812;3;22.8725898390926 * bs_32x1;1;1.47233564588606;24.3012806876727
3;23.7772122972201 * API + 23.2904115372752 * LocalMemory + 23.3168225889898 * bs_32x1 + 8.03799979678801 * pixelPerThread_1;21.1760936947608;21.1760936947608;21.1760936947608;21.1760936947608;2.444099;4;8.03799979678801 * pixelPerThread_1;1;1.31711689677994;21.0308332630986
4;24.7670845950996 * API + 21.0664237095065 * LocalMemory + 24.504051996252 * bs_32x1 + 5.30919821697608 * pixelPerThread_1 + 47.1571030022284 * LocalMemory * bs_1024x1;19.0212134350275;19.0212134350275;19.0212134350275;19.0212134350275;4.721251;6;47.1571030022284 * LocalMemory * bs_1024x1;2;1.07744012986665;19.9381751307199
5;24.9495639666665 * API + 23.3231871946492 * LocalMemory + 24.1531300583842 * bs_32x1 + 4.86946279701111 * pixelPerThread_1 + 45.7078571087008 * LocalMemory * bs_1024x1 + -11.5554924075864 * LocalMemory * Linear1D;18.0267463535838;18.0267463535838;18.0267463535838;18.0267463535838;7.875271;8;-11.5554924075864 * LocalMemory * Linear1D;2;0.497233540721862;19.5935234195785
6;24.8255319564726 * API + 22.0210322962598 * LocalMemory + 24.8653338809513 * bs_32x1 + 5.11572165828488 * pixelPerThread_1 + 46.8725640746488 * LocalMemory * bs_1024x1 + -11.23584969899 * LocalMemory * Linear1D + 25.6175525444921 * LocalMemory * bs_512x1;17.0826306800921;17.0826306800921;17.0826306800921;17.0826306800921;12.210854;10;25.6175525444921 * LocalMemory * bs_512x1;2;0.472057836745879;18.4548702903026
7;24.4329036580767 * API + 21.9494173061185 * LocalMemory + 25.2701429701392 * bs_32x1 + 5.1668871284076 * pixelPerThread_1 + 47.2806808236927 * LocalMemory * bs_1024x1 + -11.1316672422043 * LocalMemory * Linear1D + 26.0491884545506 * LocalMemory * bs_512x1 + 7.96271879225641 * bs_128x8;16.6349999732881;16.6349999732881;16.6349999732881;16.6349999732881;17.823797;11;7.96271879225641 * bs_128x8;1;0.447630706803935;18.1275359522873
8;23.8795662204068 * API + 22.4218139579963 * LocalMemory + 25.5249277135902 * bs_32x1 + 5.28532965928385 * pixelPerThread_1 + 37.8680302573458 * LocalMemory * bs_1024x1 + -11.1099905912608 * LocalMemory * Linear1D + 26.0893037067589 * LocalMemory * bs_512x1 + 8.23450986753716 * bs_128x8 + 9.37411659978884 * bs_1024x1;16.2084244443808;16.2084244443808;16.2084244443808;16.2084244443808;24.806537;12;9.37411659978884 * bs_1024x1;1;0.426575528907293;17.6008146007181
9;23.3661080672435 * API + 22.4736795656221 * LocalMemory + 26.0270734397921 * bs_32x1 + 5.21735577595092 * pixelPerThread_1 + 37.8607804987279 * LocalMemory * bs_1024x1 + -11.0087768385901 * LocalMemory * Linear1D + 26.5563805702959 * LocalMemory * bs_512x1 + 8.73908766711535 * bs_128x8 + 9.90611308476972 * bs_1024x1 + 8.2875816775443 * bs_32x32;15.8014794195475;15.8014794195475;15.8014794195475;15.8014794195475;33.485575;13;8.2875816775443 * bs_32x32;1;0.40694502483329;17.0442174811055
10;23.3461998969876 * API + 21.6128820555731 * LocalMemory + 26.5634017631519 * bs_32x1 + 5.0739139673618 * pixelPerThread_1 + 38.8267795295073 * LocalMemory * bs_1024x1 + -11.0272611518459 * LocalMemory * Linear1D + 27.4853022396167 * LocalMemory * bs_512x1 + 9.24370086239635 * bs_128x8 + 9.96514174827745 * bs_1024x1 + 8.75251310347228 * bs_32x32 + 16.3483632941276 * LocalMemory * bs_64x16;15.1499031020065;15.1499031020065;15.1499031020065;15.1499031020065;44.013481;15;16.3483632941276 * LocalMemory * bs_64x16;2;0.325788158770496;16.5370788574267
11;23.368325103853 * API + 20.5368714788258 * LocalMemory + 27.2022357756748 * bs_32x1 + 4.78370284102742 * pixelPerThread_1 + 40.0998564209819 * LocalMemory * bs_1024x1 + -10.7333383771038 * LocalMemory * Linear1D + 28.5844243691711 * LocalMemory * bs_512x1 + 9.84329640296894 * bs_128x8 + 10.0221650304122 * bs_1024x1 + 9.31356101368454 * bs_32x32 + 17.4885696722285 * LocalMemory * bs_64x16 + 17.3152120382254 * LocalMemory * bs_256x4;14.4963270636392;14.4963270636392;14.4963270636392;14.4963270636392;56.674477;17;17.3152120382254 * LocalMemory * bs_256x4;2;0.32678801918365;16.0172959213818
12;23.4068647721297 * API + 19.4017817896313 * LocalMemory + 27.9102802744352 * bs_32x1 + 4.42454361976828 * pixelPerThread_1 + 41.5001475775586 * LocalMemory * bs_1024x1 + -10.8172283583461 * LocalMemory * Linear1D + 29.8076388780512 * LocalMemory * bs_512x1 + 10.5112462909044 * bs_128x8 + 10.0815778770243 * bs_1024x1 + 9.94112365336893 * bs_32x32 + 18.7814773000242 * LocalMemory * bs_64x16 + 18.6289801828972 * LocalMemory * bs_256x4 + 20.2000867864462 * LocalMemory * bs_512x2;13.8436812974053;13.8436812974053;13.8436812974053;13.8436812974053;71.54475;19;20.2000867864462 * LocalMemory * bs_512x2;2;0.326322883116977;15.4740295770489
13;23.4664157202047 * API + 20.262169570503 * LocalMemory + 27.4228238317355 * bs_32x1 + 4.44525789156559 * pixelPerThread_1 + 40.6512000925862 * LocalMemory * bs_1024x1 + -11.3738379960477 * LocalMemory * Linear1D + 28.9690445323845 * LocalMemory * bs_512x1 + 10.0578127447077 * bs_128x8 + 10.0163775820955 * bs_1024x1 + 9.53108177302407 * bs_32x32 + 17.9625033627193 * LocalMemory * bs_64x16 + 17.776720389738 * LocalMemory * bs_256x4 + 19.3853365607119 * LocalMemory * bs_512x2 + -12.2831234557854 * LocalMemory * bs_64x2;13.3756872149378;13.3756872149378;13.3756872149378;13.3756872149378;88.892988;21;-12.2831234557854 * LocalMemory * bs_64x2;2;0.233997041233757;15.148068473993
Analyze finished
command: clean-sampling
command: clean-global
command: script ./learn_divDistBased_t3.a
command: log ./out_divDistBased_t3Predictions.log
