Current machine learning settings: epsilon:0 lossFunction:RELATIVE parallelization:True bagging:False baggingNumbers:3 considerEpsilonTube:False baggingTestDataFraction:50 useBackward:False abortError:1 limitFeatureSize:False featureSizeTreshold:4 quadraticFunctionSupport:True crossValidation:False crossValidation-k:5 learn-logFunction:False learn-accumulatedLogFunction:False learn-asymFunction:False learn-ratioFunction:False learn-mirrowedFunction:False learn-numeric-disabled:True numberOfRounds:70 backwardErrorDelta:1 minImprovementPerRound:0.1 withHierarchy:False bruteForceCandidates:False ignoreBadFeatures:False stopOnLongRound:True candidateSizePenalty:True learnTimeLimit:00:00:00 scoreMeasure:RELERROR outputRoundsToStdout:False debug:False pythonInfluenceAnalysis:False blacklisted: 
command: solver z3
command: vm /scratch/kallistos/Distance-Based_Data/SupplementaryWebsite/MeasuredPerformanceValues/BerkeleyDBC/FeatureModel.xml
Warning: Variability model contains outdated notation. Children nodes will no longer have effect on the model. Instead use the parent node to describe the parent of an configuration option. You can also use the converter providedby the Variability Model GUI in export>convert legacy model.
command: all /scratch/kallistos/Distance-Based_Data/SupplementaryWebsite/MeasuredPerformanceValues/BerkeleyDBC/measurements.xml
Configs with too large deviation: 0
2560 configurations loaded.
command: binary grammar-based numConfigs:363 seed:42  confFaultsReport:./out_grammarBasedFailureReport_t3.log
command: printconfigs ./sampledConfigurations_grammarBased_t3FailureReport.csv
Number to sample: 363; Number of Configurations in Grammar: 2560
Draw a new random number, cause 113 is already in drawn.
Draw a new random number, cause 130 is already in drawn.
Draw a new random number, cause 33 is already in drawn.
Draw a new random number, cause 113 is already in drawn.
Draw a new random number, cause 741 is already in drawn.
Draw a new random number, cause 2378 is already in drawn.
Draw a new random number, cause 477 is already in drawn.
Draw a new random number, cause 7 is already in drawn.
Draw a new random number, cause 2467 is already in drawn.
Draw a new random number, cause 1076 is already in drawn.
Draw a new random number, cause 2061 is already in drawn.
Draw a new random number, cause 2280 is already in drawn.
Draw a new random number, cause 2280 is already in drawn.
Draw a new random number, cause 2407 is already in drawn.
Draw a new random number, cause 934 is already in drawn.
Draw a new random number, cause 559 is already in drawn.
Draw a new random number, cause 468 is already in drawn.
Draw a new random number, cause 1678 is already in drawn.
Draw a new random number, cause 1720 is already in drawn.
Draw a new random number, cause 2533 is already in drawn.
Draw a new random number, cause 1180 is already in drawn.
Draw a new random number, cause 2322 is already in drawn.
Draw a new random number, cause 2353 is already in drawn.
Draw a new random number, cause 2114 is already in drawn.
Draw a new random number, cause 1531 is already in drawn.
Draw a new random number, cause 2028 is already in drawn.
Draw a new random number, cause 1666 is already in drawn.
0 drawn configurations were invalid
command: clean-sampling
command: clean-global
