Current machine learning settings: epsilon:0 lossFunction:RELATIVE parallelization:True bagging:False baggingNumbers:3 considerEpsilonTube:False baggingTestDataFraction:50 useBackward:False abortError:1 limitFeatureSize:False featureSizeTreshold:4 quadraticFunctionSupport:True crossValidation:False crossValidation-k:5 learn-logFunction:False learn-accumulatedLogFunction:False learn-asymFunction:False learn-ratioFunction:False learn-mirrowedFunction:False learn-numeric-disabled:True numberOfRounds:70 backwardErrorDelta:1 minImprovementPerRound:0.1 withHierarchy:False bruteForceCandidates:False ignoreBadFeatures:False stopOnLongRound:True candidateSizePenalty:True learnTimeLimit:00:00:00 scoreMeasure:RELERROR outputRoundsToStdout:False debug:False pythonInfluenceAnalysis:False blacklisted: 
command: mlsettings bagging:False stopOnLongRound:False parallelization:True lossFunction:RELATIVE useBackward:False abortError:1 limitFeatureSize:False featureSizeTreshold:7 quadraticFunctionSupport:True crossValidation:False learn_logFunction:True numberOfRounds:70 backwardErrorDelta:1 minImprovementPerRound:0.25 withHierarchy:False
Current machine learning settings: epsilon:0 lossFunction:RELATIVE parallelization:True bagging:False baggingNumbers:3 considerEpsilonTube:False baggingTestDataFraction:50 useBackward:False abortError:1 limitFeatureSize:False featureSizeTreshold:7 quadraticFunctionSupport:True crossValidation:False crossValidation-k:5 learn-logFunction:True learn-accumulatedLogFunction:False learn-asymFunction:False learn-ratioFunction:False learn-mirrowedFunction:False learn-numeric-disabled:True numberOfRounds:70 backwardErrorDelta:1 minImprovementPerRound:0.25 withHierarchy:False bruteForceCandidates:False ignoreBadFeatures:False stopOnLongRound:False candidateSizePenalty:True learnTimeLimit:00:00:00 scoreMeasure:RELERROR outputRoundsToStdout:False debug:False pythonInfluenceAnalysis:False blacklisted: 
command: solver z3
command: vm /scratch/kallistos/Distance-Based_Data/SupplementaryWebsite/MeasuredPerformanceValues/Dune/FeatureModel.xml
Warning: Variability model contains outdated notation. Children nodes will no longer have effect on the model. Instead use the parent node to describe the parent of an configuration option. You can also use the converter providedby the Variability Model GUI in export>convert legacy model.
command: all /scratch/kallistos/Distance-Based_Data/SupplementaryWebsite/MeasuredPerformanceValues/Dune/measurements.xml
Configs with too large deviation: 0
2304 configurations loaded.
command: nfp Performance
command: setsampleset /scratch/kallistos/Distance-Based_Data/Results/Dune/Dune_48/sampledConfigurations_grammarBased_t1.csv
command: learn-splconqueror
Learning: NumberOfConfigurationsLearning:25 NumberOfConfigurationsValidation:25
Learning progress:
1;10762.8982142857 * Precon + -3197.9649107143 * pre_3;11.5941027952526;11.5941027952526;11.5941027952526;11.5941027952526;0.043595;2;-3197.9649107143 * pre_3;1;5.13808994845978;
2;11197.8296251399 * Precon + -3176.21834017159 * pre_3 + -1826.71192558746 * cells_50;9.65740642006704;9.65740642006704;9.65740642006704;9.65740642006704;0.059623;3;-1826.71192558746 * cells_50;1;1.93669637518559;
3;11217.8405018083 * Precon + -3302.95389240507 * pre_3 + -1399.8132233273 * cells_50 + -2554.72192133815 * cells_50 * post_6;8.12421078074228;8.12421078074228;8.12421078074228;8.12421078074228;0.084791;5;-2554.72192133815 * cells_50 * post_6;2;0.76659781966238;
4;11264.2562053571 * Precon + -2374.63982142857 * pre_3 + -1631.89174107143 * cells_50 + -2369.05910714286 * cells_50 * post_6 + -1222.2801934524 * cells_51;7.34259648098669;7.34259648098669;7.34259648098669;7.34259648098669;0.1247;6;-1222.2801934524 * cells_51;1;0.781614299755589;
5;11264.2562053571 * Precon + -2374.63982142857 * pre_3 + -1631.89174107143 * cells_50 + -2369.05910714286 * cells_50 * post_6 + -1972.02674107143 * cells_51 + 2249.23964285712 * pre_3 * LoopSolver;5.859736733572;5.859736733572;5.859736733572;5.859736733572;0.181221;8;2249.23964285712 * pre_3 * LoopSolver;2;0.741429873707346;
6;11159.1299523809 * Precon + -2374.63982142858 * pre_3 + -1526.76548809524 * cells_50 + -2369.05910714285 * cells_50 * post_6 + -1866.90048809524 * cells_51 + 2249.23964285712 * pre_3 * LoopSolver + 1682.02004761905 * post_0;5.29594349619294;5.29594349619294;5.29594349619294;5.29594349619294;0.258616;9;1682.02004761905 * post_0;1;0.563793237379057;
7;10878.0963690476 * Precon + -2374.63982142856 * pre_3 + -1245.73190476191 * cells_50 + -2369.05910714286 * cells_50 * post_6 + -1585.86690476191 * cells_51 + 2249.2396428571 * pre_3 * LoopSolver + 1963.05363095238 * post_0 + 1405.16791666667 * cells_55;4.79488674331569;4.79488674331569;4.79488674331569;4.79488674331569;0.355621;10;1405.16791666667 * cells_55;1;0.501056752877248;
8;11217.1134126984 * Precon + -2374.63982142856 * pre_3 + -1584.7489484127 * cells_50 + -2369.05910714287 * cells_50 * post_6 + -1924.88394841269 * cells_51 + 2249.23964285709 * pre_3 * LoopSolver + 1624.03658730159 * post_0 + 1066.15087301588 * cells_55 + -1356.06817460317 * post_4;4.2470112125474;4.2470112125474;4.2470112125474;4.2470112125474;0.483181;11;-1356.06817460317 * post_4;1;0.547875530768293;
9;11056.0204464286 * Precon + -2374.63982142857 * pre_3 + -1423.65598214286 * cells_50 + -2369.05910714285 * cells_50 * post_6 + -1763.79098214285 * cells_51 + 2249.2396428571 * pre_3 * LoopSolver + 1785.12955357143 * post_0 + 1227.24383928572 * cells_55 + -1194.97520833333 * post_4 + 1449.83669642856 * post_1;3.76994626816858;3.76994626816858;3.76994626816858;3.76994626816858;0.634016;12;1449.83669642856 * post_1;1;0.477064944378819;
10;11056.0204464286 * Precon + -2374.63982142857 * pre_3 + -1423.65598214286 * cells_50 + -2369.05910714287 * cells_50 * post_6 + -1763.79098214286 * cells_51 + 2249.23964285712 * pre_3 * LoopSolver + 1785.12955357143 * post_0 + 1227.24383928571 * cells_55 + -2570.68223214286 * post_4 + 1449.83669642856 * post_1 + 2063.5605357143 * post_4 * pre_1;3.15792777909657;3.15792777909657;3.15792777909657;3.15792777909657;0.81182;14;2063.5605357143 * post_4 * pre_1;2;0.306009244536003;
11;10604.1119642857 * Precon + -2374.63982142857 * pre_3 + -1574.29214285714 * cells_50 + -2369.05910714286 * cells_50 * post_6 + -1311.88250000001 * cells_51 + 2249.2396428571 * pre_3 * LoopSolver + 2237.03803571428 * post_0 + 1277.45589285714 * cells_55 + -2721.31839285714 * post_4 + 1901.74517857142 * post_1 + 2364.83285714285 * post_4 * pre_1 + 602.544642857134 * SeqSOR;2.75563033954385;2.75563033954385;2.75563033954385;2.75563033954385;1.037741;15;602.544642857134 * SeqSOR;1;0.402297439552723;
12;10066.2079464286 * Precon + -2374.63982142858 * pre_3 + -1753.59348214286 * cells_50 + -2369.05910714286 * cells_50 * post_6 + -773.978482142851 * cells_51 + 2249.2396428571 * pre_3 * LoopSolver + 2774.94205357143 * post_0 + 380.949196428572 * cells_55 + -2900.61973214286 * post_4 + 2439.64919642857 * post_1 + 2723.43553571428 * post_4 * pre_1 + 1319.75 * SeqSOR + 2868.82142857143 * cells_55 * CGSolver;1.87892582900142;1.87892582900142;1.87892582900142;1.87892582900142;1.311292;17;2868.82142857143 * cells_55 * CGSolver;2;0.438352255271216;
13;10084.9939550265 * Precon + -2374.63982142858 * pre_3 + -1847.52352513228 * cells_50 + -2369.05910714286 * cells_50 * post_6 + -792.764490740732 * cells_51 + 2249.23964285711 * pre_3 * LoopSolver + 2756.15604497354 * post_0 + 287.019153439154 * cells_55 + -2994.54977513228 * post_4 + 3022.01546296297 * post_1 + 2761.00755291006 * post_4 * pre_1 + 1394.89403439153 * SeqSOR + 2943.96546296296 * cells_55 * CGSolver + -601.152275132285 * cells_53;1.77228850341829;1.77228850341829;1.77228850341829;1.77228850341829;1.637379;18;-601.152275132285 * cells_53;1;0.106637325583126;
Elapsed=00:00:01.6399292
average model: 
command: analyze-learning
Round, Model, LearningError, LearningErrorRel, ValidationError, ValidationErrorRel, ElapsedSeconds, ModelComplexity, BestCandidate, BestCandidateSize, BestCandidateScore, TestError
Models:
Termination reason: minImprovementPerRound
1;10762.8982142857 * Precon + -3197.9649107143 * pre_3;11.5941027952526;11.5941027952526;11.5941027952526;11.5941027952526;0.043595;2;-3197.9649107143 * pre_3;1;5.13808994845978;20.1924879215307
2;11197.8296251399 * Precon + -3176.21834017159 * pre_3 + -1826.71192558746 * cells_50;9.65740642006704;9.65740642006704;9.65740642006704;9.65740642006704;0.059623;3;-1826.71192558746 * cells_50;1;1.93669637518559;19.8132305617597
3;11217.8405018083 * Precon + -3302.95389240507 * pre_3 + -1399.8132233273 * cells_50 + -2554.72192133815 * cells_50 * post_6;8.12421078074228;8.12421078074228;8.12421078074228;8.12421078074228;0.084791;5;-2554.72192133815 * cells_50 * post_6;2;0.76659781966238;19.7617823908949
4;11264.2562053571 * Precon + -2374.63982142857 * pre_3 + -1631.89174107143 * cells_50 + -2369.05910714286 * cells_50 * post_6 + -1222.2801934524 * cells_51;7.34259648098669;7.34259648098669;7.34259648098669;7.34259648098669;0.1247;6;-1222.2801934524 * cells_51;1;0.781614299755589;17.522123372296
5;11264.2562053571 * Precon + -2374.63982142857 * pre_3 + -1631.89174107143 * cells_50 + -2369.05910714286 * cells_50 * post_6 + -1972.02674107143 * cells_51 + 2249.23964285712 * pre_3 * LoopSolver;5.859736733572;5.859736733572;5.859736733572;5.859736733572;0.181221;8;2249.23964285712 * pre_3 * LoopSolver;2;0.741429873707346;16.8581084422408
6;11159.1299523809 * Precon + -2374.63982142858 * pre_3 + -1526.76548809524 * cells_50 + -2369.05910714285 * cells_50 * post_6 + -1866.90048809524 * cells_51 + 2249.23964285712 * pre_3 * LoopSolver + 1682.02004761905 * post_0;5.29594349619294;5.29594349619294;5.29594349619294;5.29594349619294;0.258616;9;1682.02004761905 * post_0;1;0.563793237379057;15.7225099348725
7;10878.0963690476 * Precon + -2374.63982142856 * pre_3 + -1245.73190476191 * cells_50 + -2369.05910714286 * cells_50 * post_6 + -1585.86690476191 * cells_51 + 2249.2396428571 * pre_3 * LoopSolver + 1963.05363095238 * post_0 + 1405.16791666667 * cells_55;4.79488674331569;4.79488674331569;4.79488674331569;4.79488674331569;0.355621;10;1405.16791666667 * cells_55;1;0.501056752877248;15.5096300360016
8;11217.1134126984 * Precon + -2374.63982142856 * pre_3 + -1584.7489484127 * cells_50 + -2369.05910714287 * cells_50 * post_6 + -1924.88394841269 * cells_51 + 2249.23964285709 * pre_3 * LoopSolver + 1624.03658730159 * post_0 + 1066.15087301588 * cells_55 + -1356.06817460317 * post_4;4.2470112125474;4.2470112125474;4.2470112125474;4.2470112125474;0.483181;11;-1356.06817460317 * post_4;1;0.547875530768293;15.9033254091196
9;11056.0204464286 * Precon + -2374.63982142857 * pre_3 + -1423.65598214286 * cells_50 + -2369.05910714285 * cells_50 * post_6 + -1763.79098214285 * cells_51 + 2249.2396428571 * pre_3 * LoopSolver + 1785.12955357143 * post_0 + 1227.24383928572 * cells_55 + -1194.97520833333 * post_4 + 1449.83669642856 * post_1;3.76994626816858;3.76994626816858;3.76994626816858;3.76994626816858;0.634016;12;1449.83669642856 * post_1;1;0.477064944378819;15.6356882319158
10;11056.0204464286 * Precon + -2374.63982142857 * pre_3 + -1423.65598214286 * cells_50 + -2369.05910714287 * cells_50 * post_6 + -1763.79098214286 * cells_51 + 2249.23964285712 * pre_3 * LoopSolver + 1785.12955357143 * post_0 + 1227.24383928571 * cells_55 + -2570.68223214286 * post_4 + 1449.83669642856 * post_1 + 2063.5605357143 * post_4 * pre_1;3.15792777909657;3.15792777909657;3.15792777909657;3.15792777909657;0.81182;14;2063.5605357143 * post_4 * pre_1;2;0.306009244536003;16.3874808800042
11;10604.1119642857 * Precon + -2374.63982142857 * pre_3 + -1574.29214285714 * cells_50 + -2369.05910714286 * cells_50 * post_6 + -1311.88250000001 * cells_51 + 2249.2396428571 * pre_3 * LoopSolver + 2237.03803571428 * post_0 + 1277.45589285714 * cells_55 + -2721.31839285714 * post_4 + 1901.74517857142 * post_1 + 2364.83285714285 * post_4 * pre_1 + 602.544642857134 * SeqSOR;2.75563033954385;2.75563033954385;2.75563033954385;2.75563033954385;1.037741;15;602.544642857134 * SeqSOR;1;0.402297439552723;15.5023899084743
12;10066.2079464286 * Precon + -2374.63982142858 * pre_3 + -1753.59348214286 * cells_50 + -2369.05910714286 * cells_50 * post_6 + -773.978482142851 * cells_51 + 2249.2396428571 * pre_3 * LoopSolver + 2774.94205357143 * post_0 + 380.949196428572 * cells_55 + -2900.61973214286 * post_4 + 2439.64919642857 * post_1 + 2723.43553571428 * post_4 * pre_1 + 1319.75 * SeqSOR + 2868.82142857143 * cells_55 * CGSolver;1.87892582900142;1.87892582900142;1.87892582900142;1.87892582900142;1.311292;17;2868.82142857143 * cells_55 * CGSolver;2;0.438352255271216;15.7734617791638
13;10084.9939550265 * Precon + -2374.63982142858 * pre_3 + -1847.52352513228 * cells_50 + -2369.05910714286 * cells_50 * post_6 + -792.764490740732 * cells_51 + 2249.23964285711 * pre_3 * LoopSolver + 2756.15604497354 * post_0 + 287.019153439154 * cells_55 + -2994.54977513228 * post_4 + 3022.01546296297 * post_1 + 2761.00755291006 * post_4 * pre_1 + 1394.89403439153 * SeqSOR + 2943.96546296296 * cells_55 * CGSolver + -601.152275132285 * cells_53;1.77228850341829;1.77228850341829;1.77228850341829;1.77228850341829;1.637379;18;-601.152275132285 * cells_53;1;0.106637325583126;16.4902222311643
Analyze finished
command: clean-sampling
command: clean-global
command: script ./learn_grammarBased_t2.a
command: log ./out_grammarBased_t2Predictions.log
