Current machine learning settings: epsilon:0 lossFunction:RELATIVE parallelization:True bagging:False baggingNumbers:3 considerEpsilonTube:False baggingTestDataFraction:50 useBackward:False abortError:1 limitFeatureSize:False featureSizeTreshold:4 quadraticFunctionSupport:True crossValidation:False crossValidation-k:5 learn-logFunction:False learn-accumulatedLogFunction:False learn-asymFunction:False learn-ratioFunction:False learn-mirrowedFunction:False learn-numeric-disabled:True numberOfRounds:70 backwardErrorDelta:1 minImprovementPerRound:0.1 withHierarchy:False bruteForceCandidates:False ignoreBadFeatures:False stopOnLongRound:True candidateSizePenalty:True learnTimeLimit:00:00:00 scoreMeasure:RELERROR outputRoundsToStdout:False debug:False pythonInfluenceAnalysis:False blacklisted: 
command: solver z3
command: vm /scratch/kallistos/Distance-Based_Data/SupplementaryWebsite/MeasuredPerformanceValues/Hipacc/FeatureModel.xml
Warning: Variability model contains outdated notation. Children nodes will no longer have effect on the model. Instead use the parent node to describe the parent of an configuration option. You can also use the converter providedby the Variability Model GUI in export>convert legacy model.
Warning: Default value nodes in models are no longer used and should be removed. You can also use the converter provided by the Variability Model GUI in export>convert legacy model to update your model.
command: all /scratch/kallistos/Distance-Based_Data/SupplementaryWebsite/MeasuredPerformanceValues/Hipacc/measurements.xml
Configs with too large deviation: 0
13485 configurations loaded.
command: binary grammar-based numConfigs:4601 seed:70  confFaultsReport:./out_grammarBasedFailureReport_t3.log
command: printconfigs ./sampledConfigurations_grammarBased_t3FailureReport.csv
Number to sample: 4601; Number of Configurations in Grammar: 28560
Draw a new random number, cause 16353 is already in drawn.
Draw a new random number, cause 15440 is already in drawn.
Draw a new random number, cause 16339 is already in drawn.
Draw a new random number, cause 27486 is already in drawn.
Draw a new random number, cause 740 is already in drawn.
Draw a new random number, cause 19060 is already in drawn.
Draw a new random number, cause 16202 is already in drawn.
Draw a new random number, cause 22412 is already in drawn.
Draw a new random number, cause 15887 is already in drawn.
Draw a new random number, cause 19257 is already in drawn.
Draw a new random number, cause 1402 is already in drawn.
Draw a new random number, cause 25568 is already in drawn.
Draw a new random number, cause 20898 is already in drawn.
Draw a new random number, cause 17337 is already in drawn.
Draw a new random number, cause 2337 is already in drawn.
Draw a new random number, cause 224 is already in drawn.
Draw a new random number, cause 16223 is already in drawn.
Draw a new random number, cause 2823 is already in drawn.
Draw a new random number, cause 426 is already in drawn.
Draw a new random number, cause 23395 is already in drawn.
Draw a new random number, cause 1556 is already in drawn.
Draw a new random number, cause 28360 is already in drawn.
Draw a new random number, cause 8 is already in drawn.
Draw a new random number, cause 20973 is already in drawn.
Draw a new random number, cause 14590 is already in drawn.
Draw a new random number, cause 1197 is already in drawn.
Draw a new random number, cause 18186 is already in drawn.
Draw a new random number, cause 26 is already in drawn.
Draw a new random number, cause 28534 is already in drawn.
Draw a new random number, cause 20363 is already in drawn.
Draw a new random number, cause 9996 is already in drawn.
Draw a new random number, cause 740 is already in drawn.
Draw a new random number, cause 19993 is already in drawn.
Draw a new random number, cause 14384 is already in drawn.
Draw a new random number, cause 16379 is already in drawn.
Draw a new random number, cause 22080 is already in drawn.
Draw a new random number, cause 1605 is already in drawn.
Draw a new random number, cause 15250 is already in drawn.
Draw a new random number, cause 18591 is already in drawn.
Draw a new random number, cause 18064 is already in drawn.
Draw a new random number, cause 611 is already in drawn.
Draw a new random number, cause 26196 is already in drawn.
Draw a new random number, cause 15749 is already in drawn.
Draw a new random number, cause 20066 is already in drawn.
Draw a new random number, cause 15581 is already in drawn.
Draw a new random number, cause 20462 is already in drawn.
Draw a new random number, cause 28048 is already in drawn.
Draw a new random number, cause 22672 is already in drawn.
Draw a new random number, cause 21464 is already in drawn.
Draw a new random number, cause 26444 is already in drawn.
Draw a new random number, cause 22751 is already in drawn.
Draw a new random number, cause 18749 is already in drawn.
Draw a new random number, cause 16152 is already in drawn.
Draw a new random number, cause 22208 is already in drawn.
Draw a new random number, cause 17812 is already in drawn.
Draw a new random number, cause 27714 is already in drawn.
Draw a new random number, cause 16831 is already in drawn.
Draw a new random number, cause 22702 is already in drawn.
Draw a new random number, cause 18076 is already in drawn.
Draw a new random number, cause 1994 is already in drawn.
Draw a new random number, cause 27223 is already in drawn.
Draw a new random number, cause 1432 is already in drawn.
Draw a new random number, cause 19082 is already in drawn.
Draw a new random number, cause 22006 is already in drawn.
Draw a new random number, cause 19860 is already in drawn.
Draw a new random number, cause 20582 is already in drawn.
Draw a new random number, cause 1911 is already in drawn.
Draw a new random number, cause 27974 is already in drawn.
Draw a new random number, cause 28511 is already in drawn.
Draw a new random number, cause 21472 is already in drawn.
Draw a new random number, cause 19785 is already in drawn.
Draw a new random number, cause 19901 is already in drawn.
Draw a new random number, cause 26829 is already in drawn.
Draw a new random number, cause 15345 is already in drawn.
Draw a new random number, cause 28398 is already in drawn.
Draw a new random number, cause 939 is already in drawn.
Draw a new random number, cause 10541 is already in drawn.
Draw a new random number, cause 18647 is already in drawn.
Draw a new random number, cause 15273 is already in drawn.
Draw a new random number, cause 19147 is already in drawn.
Draw a new random number, cause 14342 is already in drawn.
Draw a new random number, cause 16152 is already in drawn.
Draw a new random number, cause 107 is already in drawn.
Draw a new random number, cause 15546 is already in drawn.
Draw a new random number, cause 17653 is already in drawn.
Draw a new random number, cause 20691 is already in drawn.
Draw a new random number, cause 1519 is already in drawn.
Draw a new random number, cause 18636 is already in drawn.
Draw a new random number, cause 14953 is already in drawn.
Draw a new random number, cause 26984 is already in drawn.
Draw a new random number, cause 846 is already in drawn.
Draw a new random number, cause 16496 is already in drawn.
Draw a new random number, cause 16819 is already in drawn.
Draw a new random number, cause 19959 is already in drawn.
Draw a new random number, cause 21304 is already in drawn.
Draw a new random number, cause 18812 is already in drawn.
Draw a new random number, cause 15699 is already in drawn.
Draw a new random number, cause 19901 is already in drawn.
Draw a new random number, cause 2023 is already in drawn.
Draw a new random number, cause 15548 is already in drawn.
Draw a new random number, cause 16347 is already in drawn.
Draw a new random number, cause 14312 is already in drawn.
Draw a new random number, cause 27079 is already in drawn.
Draw a new random number, cause 19389 is already in drawn.
Draw a new random number, cause 15696 is already in drawn.
Draw a new random number, cause 26290 is already in drawn.
Draw a new random number, cause 16887 is already in drawn.
Draw a new random number, cause 15170 is already in drawn.
Draw a new random number, cause 20820 is already in drawn.
Draw a new random number, cause 15627 is already in drawn.
Draw a new random number, cause 21441 is already in drawn.
Draw a new random number, cause 26385 is already in drawn.
Draw a new random number, cause 27186 is already in drawn.
Draw a new random number, cause 18461 is already in drawn.
Draw a new random number, cause 17361 is already in drawn.
Draw a new random number, cause 20506 is already in drawn.
Draw a new random number, cause 21210 is already in drawn.
Draw a new random number, cause 16120 is already in drawn.
Draw a new random number, cause 18636 is already in drawn.
Draw a new random number, cause 20405 is already in drawn.
Draw a new random number, cause 21445 is already in drawn.
Draw a new random number, cause 954 is already in drawn.
Draw a new random number, cause 2313 is already in drawn.
Draw a new random number, cause 17349 is already in drawn.
Draw a new random number, cause 18425 is already in drawn.
Draw a new random number, cause 27257 is already in drawn.
Draw a new random number, cause 14690 is already in drawn.
Draw a new random number, cause 28433 is already in drawn.
Draw a new random number, cause 20481 is already in drawn.
Draw a new random number, cause 15118 is already in drawn.
Draw a new random number, cause 21218 is already in drawn.
Draw a new random number, cause 1053 is already in drawn.
Draw a new random number, cause 15890 is already in drawn.
Draw a new random number, cause 1254 is already in drawn.
Draw a new random number, cause 22747 is already in drawn.
Draw a new random number, cause 15816 is already in drawn.
Draw a new random number, cause 489 is already in drawn.
Draw a new random number, cause 21979 is already in drawn.
Draw a new random number, cause 14311 is already in drawn.
Draw a new random number, cause 15396 is already in drawn.
Draw a new random number, cause 21615 is already in drawn.
Draw a new random number, cause 16024 is already in drawn.
Draw a new random number, cause 1604 is already in drawn.
Draw a new random number, cause 28548 is already in drawn.
Draw a new random number, cause 1604 is already in drawn.
Draw a new random number, cause 28295 is already in drawn.
Draw a new random number, cause 1044 is already in drawn.
Draw a new random number, cause 18020 is already in drawn.
Draw a new random number, cause 18875 is already in drawn.
Draw a new random number, cause 28395 is already in drawn.
Draw a new random number, cause 22272 is already in drawn.
Draw a new random number, cause 15388 is already in drawn.
Draw a new random number, cause 17246 is already in drawn.
Draw a new random number, cause 20359 is already in drawn.
Draw a new random number, cause 1579 is already in drawn.
Draw a new random number, cause 27510 is already in drawn.
Draw a new random number, cause 18158 is already in drawn.
Draw a new random number, cause 25160 is already in drawn.
Draw a new random number, cause 20778 is already in drawn.
Draw a new random number, cause 2453 is already in drawn.
Draw a new random number, cause 17614 is already in drawn.
Draw a new random number, cause 15414 is already in drawn.
Draw a new random number, cause 15388 is already in drawn.
Draw a new random number, cause 27190 is already in drawn.
Draw a new random number, cause 17211 is already in drawn.
Draw a new random number, cause 21788 is already in drawn.
Draw a new random number, cause 16084 is already in drawn.
Draw a new random number, cause 17603 is already in drawn.
Draw a new random number, cause 22254 is already in drawn.
Draw a new random number, cause 26596 is already in drawn.
Draw a new random number, cause 20451 is already in drawn.
Draw a new random number, cause 17963 is already in drawn.
Draw a new random number, cause 28172 is already in drawn.
Draw a new random number, cause 15059 is already in drawn.
Draw a new random number, cause 21762 is already in drawn.
Draw a new random number, cause 20359 is already in drawn.
Draw a new random number, cause 1180 is already in drawn.
Draw a new random number, cause 18196 is already in drawn.
Draw a new random number, cause 67 is already in drawn.
Draw a new random number, cause 22627 is already in drawn.
Draw a new random number, cause 27268 is already in drawn.
Draw a new random number, cause 26266 is already in drawn.
Draw a new random number, cause 22539 is already in drawn.
Draw a new random number, cause 17748 is already in drawn.
Draw a new random number, cause 15981 is already in drawn.
Draw a new random number, cause 21940 is already in drawn.
Draw a new random number, cause 18081 is already in drawn.
Draw a new random number, cause 20338 is already in drawn.
Draw a new random number, cause 26045 is already in drawn.
Draw a new random number, cause 18888 is already in drawn.
Draw a new random number, cause 18415 is already in drawn.
Draw a new random number, cause 1335 is already in drawn.
Draw a new random number, cause 27756 is already in drawn.
Draw a new random number, cause 2619 is already in drawn.
Draw a new random number, cause 22470 is already in drawn.
Draw a new random number, cause 20793 is already in drawn.
Draw a new random number, cause 22813 is already in drawn.
Draw a new random number, cause 27573 is already in drawn.
Draw a new random number, cause 9590 is already in drawn.
Draw a new random number, cause 21933 is already in drawn.
Draw a new random number, cause 27573 is already in drawn.
Draw a new random number, cause 18065 is already in drawn.
Draw a new random number, cause 25962 is already in drawn.
Draw a new random number, cause 620 is already in drawn.
Draw a new random number, cause 15844 is already in drawn.
Draw a new random number, cause 35 is already in drawn.
Draw a new random number, cause 22480 is already in drawn.
Draw a new random number, cause 26524 is already in drawn.
Draw a new random number, cause 20723 is already in drawn.
Draw a new random number, cause 22515 is already in drawn.
Draw a new random number, cause 15125 is already in drawn.
Draw a new random number, cause 20629 is already in drawn.
Draw a new random number, cause 1925 is already in drawn.
Draw a new random number, cause 26669 is already in drawn.
Draw a new random number, cause 274 is already in drawn.
Draw a new random number, cause 17462 is already in drawn.
Draw a new random number, cause 16761 is already in drawn.
Draw a new random number, cause 2229 is already in drawn.
Draw a new random number, cause 28461 is already in drawn.
Draw a new random number, cause 15685 is already in drawn.
Draw a new random number, cause 21444 is already in drawn.
Draw a new random number, cause 22098 is already in drawn.
Draw a new random number, cause 17121 is already in drawn.
Draw a new random number, cause 16339 is already in drawn.
Draw a new random number, cause 21948 is already in drawn.
Draw a new random number, cause 26734 is already in drawn.
Draw a new random number, cause 15684 is already in drawn.
Draw a new random number, cause 20949 is already in drawn.
Draw a new random number, cause 16794 is already in drawn.
Draw a new random number, cause 27687 is already in drawn.
Draw a new random number, cause 15720 is already in drawn.
Draw a new random number, cause 14350 is already in drawn.
Draw a new random number, cause 28164 is already in drawn.
Draw a new random number, cause 21956 is already in drawn.
Draw a new random number, cause 20970 is already in drawn.
Draw a new random number, cause 18954 is already in drawn.
Draw a new random number, cause 17413 is already in drawn.
Draw a new random number, cause 20960 is already in drawn.
Draw a new random number, cause 16360 is already in drawn.
Draw a new random number, cause 27789 is already in drawn.
Draw a new random number, cause 22565 is already in drawn.
Draw a new random number, cause 524 is already in drawn.
Draw a new random number, cause 2596 is already in drawn.
Draw a new random number, cause 21587 is already in drawn.
Draw a new random number, cause 2540 is already in drawn.
Draw a new random number, cause 27186 is already in drawn.
Draw a new random number, cause 17702 is already in drawn.
Draw a new random number, cause 376 is already in drawn.
Draw a new random number, cause 17178 is already in drawn.
Draw a new random number, cause 16827 is already in drawn.
Draw a new random number, cause 22024 is already in drawn.
Draw a new random number, cause 26926 is already in drawn.
Draw a new random number, cause 27618 is already in drawn.
Draw a new random number, cause 21826 is already in drawn.
Draw a new random number, cause 17349 is already in drawn.
Draw a new random number, cause 16590 is already in drawn.
Draw a new random number, cause 81 is already in drawn.
Draw a new random number, cause 2453 is already in drawn.
Draw a new random number, cause 15076 is already in drawn.
Draw a new random number, cause 19858 is already in drawn.
Draw a new random number, cause 21339 is already in drawn.
Draw a new random number, cause 18542 is already in drawn.
Draw a new random number, cause 27757 is already in drawn.
Draw a new random number, cause 25764 is already in drawn.
Draw a new random number, cause 21034 is already in drawn.
Draw a new random number, cause 21051 is already in drawn.
Draw a new random number, cause 16862 is already in drawn.
Draw a new random number, cause 21039 is already in drawn.
Draw a new random number, cause 1141 is already in drawn.
Draw a new random number, cause 18596 is already in drawn.
Draw a new random number, cause 1382 is already in drawn.
Draw a new random number, cause 28319 is already in drawn.
Draw a new random number, cause 441 is already in drawn.
Draw a new random number, cause 27381 is already in drawn.
Draw a new random number, cause 15467 is already in drawn.
Draw a new random number, cause 22757 is already in drawn.
Draw a new random number, cause 28227 is already in drawn.
Draw a new random number, cause 16245 is already in drawn.
Draw a new random number, cause 317 is already in drawn.
Draw a new random number, cause 16080 is already in drawn.
Draw a new random number, cause 17929 is already in drawn.
Draw a new random number, cause 22851 is already in drawn.
Draw a new random number, cause 16080 is already in drawn.
Draw a new random number, cause 947 is already in drawn.
Draw a new random number, cause 28162 is already in drawn.
Draw a new random number, cause 16099 is already in drawn.
Draw a new random number, cause 17679 is already in drawn.
Draw a new random number, cause 1740 is already in drawn.
Draw a new random number, cause 26402 is already in drawn.
Draw a new random number, cause 1727 is already in drawn.
Draw a new random number, cause 18899 is already in drawn.
Draw a new random number, cause 22299 is already in drawn.
Draw a new random number, cause 18681 is already in drawn.
Draw a new random number, cause 28463 is already in drawn.
Draw a new random number, cause 26788 is already in drawn.
Draw a new random number, cause 17573 is already in drawn.
Draw a new random number, cause 22448 is already in drawn.
Draw a new random number, cause 22532 is already in drawn.
Draw a new random number, cause 14806 is already in drawn.
Draw a new random number, cause 27272 is already in drawn.
Draw a new random number, cause 28267 is already in drawn.
Draw a new random number, cause 15475 is already in drawn.
Draw a new random number, cause 27917 is already in drawn.
Draw a new random number, cause 26113 is already in drawn.
Draw a new random number, cause 16621 is already in drawn.
Draw a new random number, cause 16297 is already in drawn.
Draw a new random number, cause 863 is already in drawn.
Draw a new random number, cause 64 is already in drawn.
Draw a new random number, cause 15798 is already in drawn.
Draw a new random number, cause 16270 is already in drawn.
Draw a new random number, cause 26489 is already in drawn.
Draw a new random number, cause 21304 is already in drawn.
Draw a new random number, cause 14446 is already in drawn.
Draw a new random number, cause 1264 is already in drawn.
Draw a new random number, cause 17841 is already in drawn.
Draw a new random number, cause 15546 is already in drawn.
Draw a new random number, cause 21001 is already in drawn.
Draw a new random number, cause 15832 is already in drawn.
Draw a new random number, cause 20649 is already in drawn.
Draw a new random number, cause 2184 is already in drawn.
Draw a new random number, cause 26275 is already in drawn.
Draw a new random number, cause 20998 is already in drawn.
Draw a new random number, cause 27053 is already in drawn.
Draw a new random number, cause 1933 is already in drawn.
Draw a new random number, cause 21117 is already in drawn.
Draw a new random number, cause 237 is already in drawn.
Draw a new random number, cause 19036 is already in drawn.
Draw a new random number, cause 1435 is already in drawn.
Draw a new random number, cause 21075 is already in drawn.
Draw a new random number, cause 20862 is already in drawn.
Draw a new random number, cause 26440 is already in drawn.
Draw a new random number, cause 18653 is already in drawn.
Draw a new random number, cause 19392 is already in drawn.
Draw a new random number, cause 18686 is already in drawn.
Draw a new random number, cause 18908 is already in drawn.
Draw a new random number, cause 14531 is already in drawn.
Draw a new random number, cause 14877 is already in drawn.
Draw a new random number, cause 17401 is already in drawn.
Draw a new random number, cause 14361 is already in drawn.
Draw a new random number, cause 21540 is already in drawn.
Draw a new random number, cause 28369 is already in drawn.
Draw a new random number, cause 22556 is already in drawn.
Draw a new random number, cause 26119 is already in drawn.
Draw a new random number, cause 17394 is already in drawn.
Draw a new random number, cause 20384 is already in drawn.
Draw a new random number, cause 20793 is already in drawn.
Draw a new random number, cause 2237 is already in drawn.
Draw a new random number, cause 25160 is already in drawn.
Draw a new random number, cause 23393 is already in drawn.
Draw a new random number, cause 27192 is already in drawn.
Draw a new random number, cause 18151 is already in drawn.
5514 drawn configurations were invalid
command: clean-sampling
command: clean-global
