Current machine learning settings: epsilon:0 lossFunction:RELATIVE parallelization:True bagging:False baggingNumbers:3 considerEpsilonTube:False baggingTestDataFraction:50 useBackward:False abortError:1 limitFeatureSize:False featureSizeTreshold:4 quadraticFunctionSupport:True crossValidation:False crossValidation-k:5 learn-logFunction:False learn-accumulatedLogFunction:False learn-asymFunction:False learn-ratioFunction:False learn-mirrowedFunction:False learn-numeric-disabled:True numberOfRounds:70 backwardErrorDelta:1 minImprovementPerRound:0.1 withHierarchy:False bruteForceCandidates:False ignoreBadFeatures:False stopOnLongRound:True candidateSizePenalty:True learnTimeLimit:00:00:00 scoreMeasure:RELERROR outputRoundsToStdout:False debug:False pythonInfluenceAnalysis:False blacklisted: 
command: mlsettings bagging:False stopOnLongRound:False parallelization:True lossFunction:RELATIVE useBackward:False abortError:1 limitFeatureSize:False featureSizeTreshold:7 quadraticFunctionSupport:True crossValidation:False learn_logFunction:True numberOfRounds:70 backwardErrorDelta:1 minImprovementPerRound:0.25 withHierarchy:False
Current machine learning settings: epsilon:0 lossFunction:RELATIVE parallelization:True bagging:False baggingNumbers:3 considerEpsilonTube:False baggingTestDataFraction:50 useBackward:False abortError:1 limitFeatureSize:False featureSizeTreshold:7 quadraticFunctionSupport:True crossValidation:False crossValidation-k:5 learn-logFunction:True learn-accumulatedLogFunction:False learn-asymFunction:False learn-ratioFunction:False learn-mirrowedFunction:False learn-numeric-disabled:True numberOfRounds:70 backwardErrorDelta:1 minImprovementPerRound:0.25 withHierarchy:False bruteForceCandidates:False ignoreBadFeatures:False stopOnLongRound:False candidateSizePenalty:True learnTimeLimit:00:00:00 scoreMeasure:RELERROR outputRoundsToStdout:False debug:False pythonInfluenceAnalysis:False blacklisted: 
command: solver z3
command: vm /scratch/kallistos/Distance-Based_Data/SupplementaryWebsite/MeasuredPerformanceValues/Hipacc/FeatureModel.xml
Warning: Variability model contains outdated notation. Children nodes will no longer have effect on the model. Instead use the parent node to describe the parent of an configuration option. You can also use the converter providedby the Variability Model GUI in export>convert legacy model.
Warning: Default value nodes in models are no longer used and should be removed. You can also use the converter provided by the Variability Model GUI in export>convert legacy model to update your model.
command: all /scratch/kallistos/Distance-Based_Data/SupplementaryWebsite/MeasuredPerformanceValues/Hipacc/measurements.xml
Configs with too large deviation: 0
13485 configurations loaded.
command: nfp Performance
command: setsampleset /scratch/kallistos/Distance-Based_Data/Results/Hipacc/Hipacc_4/sampledConfigurations_divDistBased_t3.csv
command: learn-splconqueror
Learning: NumberOfConfigurationsLearning:4601 NumberOfConfigurationsValidation:4601
Learning progress:
1;27.3052928176784 * API + 23.8964242641726 * LocalMemory;23.6276346241385;23.6276346241385;23.6276346241385;23.6276346241385;1.554671;2;23.8964242641726 * LocalMemory;1;15.3747272485895;
2;26.2996661602842 * API + 23.8591995427335 * LocalMemory + 21.9096252300737 * bs_32x1;22.1706350172722;22.1706350172722;22.1706350172722;22.1706350172722;5.852403;3;21.9096252300737 * bs_32x1;1;1.45699960686634;
3;23.1951858368603 * API + 22.8117346634328 * LocalMemory + 22.0723879426889 * bs_32x1 + 9.30685035511704 * pixelPerThread_1;20.6658900404184;20.6658900404184;20.6658900404184;20.6658900404184;12.67627;4;9.30685035511704 * pixelPerThread_1;1;1.50474497685381;
4;23.7598052342546 * API + 21.4513736972681 * LocalMemory + 22.8563678119331 * bs_32x1 + 7.50197261827399 * pixelPerThread_1 + 40.3634921283646 * LocalMemory * bs_1024x1;19.1004983301681;19.1004983301681;19.1004983301681;19.1004983301681;24.386331;6;40.3634921283646 * LocalMemory * bs_1024x1;2;0.78269585512513;
5;23.7314825985727 * API + 20.1707152880812 * LocalMemory + 23.5246710168619 * bs_32x1 + 7.4949054607092 * pixelPerThread_1 + 41.6795403307996 * LocalMemory * bs_1024x1 + 25.5894349726749 * LocalMemory * bs_512x1;18.1107534730867;18.1107534730867;18.1107534730867;18.1107534730867;40.500412;8;25.5894349726749 * LocalMemory * bs_512x1;2;0.494872428540685;
6;23.2892519768763 * API + 20.1099974545092 * LocalMemory + 24.0299955193167 * bs_32x1 + 7.40655075857672 * pixelPerThread_1 + 42.2708434881996 * LocalMemory * bs_1024x1 + 26.130015986258 * LocalMemory * bs_512x1 + 9.68050769133247 * bs_32x32;17.7169118894584;17.7169118894584;17.7169118894584;17.7169118894584;61.826207;9;9.68050769133247 * bs_32x32;1;0.393841583628294;
7;23.2803792590134 * API + 24.8366876407888 * LocalMemory + 24.0375870025049 * bs_32x1 + 7.43121951123716 * pixelPerThread_1 + 43.3611605394152 * LocalMemory * bs_1024x1 + 26.1003385369821 * LocalMemory * bs_512x1 + 9.68731495386685 * bs_32x32 + -9.57460159791723 * LocalMemory * TextureMemory;16.9076545929883;16.9076545929883;16.9076545929883;16.9076545929883;89.451442;11;-9.57460159791723 * LocalMemory * TextureMemory;2;0.404628648235068;
8;22.8138668730588 * API + 24.7768555674691 * LocalMemory + 24.5959907178511 * bs_32x1 + 7.26592701034186 * pixelPerThread_1 + 44.0543055904233 * LocalMemory * bs_1024x1 + 26.6983002087007 * LocalMemory * bs_512x1 + 10.2541130532248 * bs_32x32 + -9.57707714325324 * LocalMemory * TextureMemory + 10.1379731950942 * bs_512x2;16.5005915849455;16.5005915849455;16.5005915849455;16.5005915849455;127.068598;12;10.1379731950942 * bs_512x2;1;0.407063008042801;
9;23.2635704089321 * API + 24.7438871632205 * LocalMemory + 14.9262145879125 * bs_32x1 + 6.02864667890862 * pixelPerThread_1 + 44.8207306114969 * LocalMemory * bs_1024x1 + 26.7649580372252 * LocalMemory * bs_512x1 + 10.3210427844228 * bs_32x32 + -9.48823835929702 * LocalMemory * TextureMemory + 10.2446321112466 * bs_512x2 + 26.0014649742992 * pixelPerThread_1 * bs_32x1;15.8155075543693;15.8155075543693;15.8155075543693;15.8155075543693;173.220834;14;26.0014649742992 * pixelPerThread_1 * bs_32x1;2;0.342542015288089;
10;22.7470500345949 * API + 24.6969997855273 * LocalMemory + 15.4652068103479 * bs_32x1 + 5.94055699977501 * pixelPerThread_1 + 45.4737010900457 * LocalMemory * bs_1024x1 + 27.3670720889092 * LocalMemory * bs_512x1 + 10.8987812678987 * bs_32x32 + -9.49065638047259 * LocalMemory * TextureMemory + 10.8251991624013 * bs_512x2 + 26.0934753683592 * pixelPerThread_1 * bs_32x1 + 9.79078412583316 * bs_64x16;15.4296240144694;15.4296240144694;15.4296240144694;15.4296240144694;229.941103;15;9.79078412583316 * bs_64x16;1;0.385883539899877;
11;22.7289074598018 * API + 23.8408514470989 * LocalMemory + 15.8835861128901 * bs_32x1 + 5.69041530318405 * pixelPerThread_1 + 46.5998802986143 * LocalMemory * bs_1024x1 + 28.3493118181942 * LocalMemory * bs_512x1 + 11.4512725863855 * bs_32x32 + -9.49352343880692 * LocalMemory * TextureMemory + 11.3857225537144 * bs_512x2 + 26.4149786879217 * pixelPerThread_1 * bs_32x1 + 10.3307192987854 * bs_64x16 + 16.6069629563599 * LocalMemory * bs_256x4;14.8627214227539;14.8627214227539;14.8627214227539;14.8627214227539;297.455894;17;16.6069629563599 * LocalMemory * bs_256x4;2;0.283451295857771;
12;22.7085347826311 * API + 22.8794645486383 * LocalMemory + 16.3533929933047 * bs_32x1 + 5.40952595367676 * pixelPerThread_1 + 47.8644905160704 * LocalMemory * bs_1024x1 + 29.4522893800218 * LocalMemory * bs_512x1 + 12.0716766580448 * bs_32x32 + -9.49674291865248 * LocalMemory * TextureMemory + 12.0151460081564 * bs_512x2 + 26.7760014982989 * pixelPerThread_1 * bs_32x1 + 10.937023811676 * bs_64x16 + 17.7452001399601 * LocalMemory * bs_256x4 + 17.5100692988387 * LocalMemory * bs_128x8;14.2738976865892;14.2738976865892;14.2738976865892;14.2738976865892;378.291582;19;17.5100692988387 * LocalMemory * bs_128x8;2;0.294411868082342;
13;22.7927679979596 * API + 23.6062909615842 * LocalMemory + 15.9363026484767 * bs_32x1 + 5.39914494339336 * pixelPerThread_1 + 47.0795836261409 * LocalMemory * bs_1024x1 + 28.6583562963237 * LocalMemory * bs_512x1 + 11.6348241937104 * bs_32x32 + -9.52263235905369 * LocalMemory * TextureMemory + 11.578626879014 * bs_512x2 + 26.7259574710623 * pixelPerThread_1 * bs_32x1 + 10.5082061446661 * bs_64x16 + 16.9526883616674 * LocalMemory * bs_256x4 + 16.7175575205459 * LocalMemory * bs_128x8 + -11.3601222200532 * LocalMemory * bs_64x2;13.8144776480753;13.8144776480753;13.8144776480753;13.8144776480753;472.713329;21;-11.3601222200532 * LocalMemory * bs_64x2;2;0.229710019256982;
Elapsed=00:07:52.7969641
average model: 
command: analyze-learning
Round, Model, LearningError, LearningErrorRel, ValidationError, ValidationErrorRel, ElapsedSeconds, ModelComplexity, BestCandidate, BestCandidateSize, BestCandidateScore, TestError
Models:
Termination reason: minImprovementPerRound
1;27.3052928176784 * API + 23.8964242641726 * LocalMemory;23.6276346241385;23.6276346241385;23.6276346241385;23.6276346241385;1.554671;2;23.8964242641726 * LocalMemory;1;15.3747272485895;24.8118231087076
2;26.2996661602842 * API + 23.8591995427335 * LocalMemory + 21.9096252300737 * bs_32x1;22.1706350172722;22.1706350172722;22.1706350172722;22.1706350172722;5.852403;3;21.9096252300737 * bs_32x1;1;1.45699960686634;23.3027770050613
3;23.1951858368603 * API + 22.8117346634328 * LocalMemory + 22.0723879426889 * bs_32x1 + 9.30685035511704 * pixelPerThread_1;20.6658900404184;20.6658900404184;20.6658900404184;20.6658900404184;12.67627;4;9.30685035511704 * pixelPerThread_1;1;1.50474497685381;20.5361884615373
4;23.7598052342546 * API + 21.4513736972681 * LocalMemory + 22.8563678119331 * bs_32x1 + 7.50197261827399 * pixelPerThread_1 + 40.3634921283646 * LocalMemory * bs_1024x1;19.1004983301681;19.1004983301681;19.1004983301681;19.1004983301681;24.386331;6;40.3634921283646 * LocalMemory * bs_1024x1;2;0.78269585512513;19.3871829630724
5;23.7314825985727 * API + 20.1707152880812 * LocalMemory + 23.5246710168619 * bs_32x1 + 7.4949054607092 * pixelPerThread_1 + 41.6795403307996 * LocalMemory * bs_1024x1 + 25.5894349726749 * LocalMemory * bs_512x1;18.1107534730867;18.1107534730867;18.1107534730867;18.1107534730867;40.500412;8;25.5894349726749 * LocalMemory * bs_512x1;2;0.494872428540685;18.4137198084015
6;23.2892519768763 * API + 20.1099974545092 * LocalMemory + 24.0299955193167 * bs_32x1 + 7.40655075857672 * pixelPerThread_1 + 42.2708434881996 * LocalMemory * bs_1024x1 + 26.130015986258 * LocalMemory * bs_512x1 + 9.68050769133247 * bs_32x32;17.7169118894584;17.7169118894584;17.7169118894584;17.7169118894584;61.826207;9;9.68050769133247 * bs_32x32;1;0.393841583628294;18.0482990699572
7;23.2803792590134 * API + 24.8366876407888 * LocalMemory + 24.0375870025049 * bs_32x1 + 7.43121951123716 * pixelPerThread_1 + 43.3611605394152 * LocalMemory * bs_1024x1 + 26.1003385369821 * LocalMemory * bs_512x1 + 9.68731495386685 * bs_32x32 + -9.57460159791723 * LocalMemory * TextureMemory;16.9076545929883;16.9076545929883;16.9076545929883;16.9076545929883;89.451442;11;-9.57460159791723 * LocalMemory * TextureMemory;2;0.404628648235068;16.7393709209913
8;22.8138668730588 * API + 24.7768555674691 * LocalMemory + 24.5959907178511 * bs_32x1 + 7.26592701034186 * pixelPerThread_1 + 44.0543055904233 * LocalMemory * bs_1024x1 + 26.6983002087007 * LocalMemory * bs_512x1 + 10.2541130532248 * bs_32x32 + -9.57707714325324 * LocalMemory * TextureMemory + 10.1379731950942 * bs_512x2;16.5005915849455;16.5005915849455;16.5005915849455;16.5005915849455;127.068598;12;10.1379731950942 * bs_512x2;1;0.407063008042801;16.4085751690654
9;23.2635704089321 * API + 24.7438871632205 * LocalMemory + 14.9262145879125 * bs_32x1 + 6.02864667890862 * pixelPerThread_1 + 44.8207306114969 * LocalMemory * bs_1024x1 + 26.7649580372252 * LocalMemory * bs_512x1 + 10.3210427844228 * bs_32x32 + -9.48823835929702 * LocalMemory * TextureMemory + 10.2446321112466 * bs_512x2 + 26.0014649742992 * pixelPerThread_1 * bs_32x1;15.8155075543693;15.8155075543693;15.8155075543693;15.8155075543693;173.220834;14;26.0014649742992 * pixelPerThread_1 * bs_32x1;2;0.342542015288089;15.7203956098622
10;22.7470500345949 * API + 24.6969997855273 * LocalMemory + 15.4652068103479 * bs_32x1 + 5.94055699977501 * pixelPerThread_1 + 45.4737010900457 * LocalMemory * bs_1024x1 + 27.3670720889092 * LocalMemory * bs_512x1 + 10.8987812678987 * bs_32x32 + -9.49065638047259 * LocalMemory * TextureMemory + 10.8251991624013 * bs_512x2 + 26.0934753683592 * pixelPerThread_1 * bs_32x1 + 9.79078412583316 * bs_64x16;15.4296240144694;15.4296240144694;15.4296240144694;15.4296240144694;229.941103;15;9.79078412583316 * bs_64x16;1;0.385883539899877;15.4072110579268
11;22.7289074598018 * API + 23.8408514470989 * LocalMemory + 15.8835861128901 * bs_32x1 + 5.69041530318405 * pixelPerThread_1 + 46.5998802986143 * LocalMemory * bs_1024x1 + 28.3493118181942 * LocalMemory * bs_512x1 + 11.4512725863855 * bs_32x32 + -9.49352343880692 * LocalMemory * TextureMemory + 11.3857225537144 * bs_512x2 + 26.4149786879217 * pixelPerThread_1 * bs_32x1 + 10.3307192987854 * bs_64x16 + 16.6069629563599 * LocalMemory * bs_256x4;14.8627214227539;14.8627214227539;14.8627214227539;14.8627214227539;297.455894;17;16.6069629563599 * LocalMemory * bs_256x4;2;0.283451295857771;14.9113054144267
12;22.7085347826311 * API + 22.8794645486383 * LocalMemory + 16.3533929933047 * bs_32x1 + 5.40952595367676 * pixelPerThread_1 + 47.8644905160704 * LocalMemory * bs_1024x1 + 29.4522893800218 * LocalMemory * bs_512x1 + 12.0716766580448 * bs_32x32 + -9.49674291865248 * LocalMemory * TextureMemory + 12.0151460081564 * bs_512x2 + 26.7760014982989 * pixelPerThread_1 * bs_32x1 + 10.937023811676 * bs_64x16 + 17.7452001399601 * LocalMemory * bs_256x4 + 17.5100692988387 * LocalMemory * bs_128x8;14.2738976865892;14.2738976865892;14.2738976865892;14.2738976865892;378.291582;19;17.5100692988387 * LocalMemory * bs_128x8;2;0.294411868082342;14.4220917713131
13;22.7927679979596 * API + 23.6062909615842 * LocalMemory + 15.9363026484767 * bs_32x1 + 5.39914494339336 * pixelPerThread_1 + 47.0795836261409 * LocalMemory * bs_1024x1 + 28.6583562963237 * LocalMemory * bs_512x1 + 11.6348241937104 * bs_32x32 + -9.52263235905369 * LocalMemory * TextureMemory + 11.578626879014 * bs_512x2 + 26.7259574710623 * pixelPerThread_1 * bs_32x1 + 10.5082061446661 * bs_64x16 + 16.9526883616674 * LocalMemory * bs_256x4 + 16.7175575205459 * LocalMemory * bs_128x8 + -11.3601222200532 * LocalMemory * bs_64x2;13.8144776480753;13.8144776480753;13.8144776480753;13.8144776480753;472.713329;21;-11.3601222200532 * LocalMemory * bs_64x2;2;0.229710019256982;13.976707701139
Analyze finished
command: clean-sampling
command: clean-global
