Current machine learning settings: epsilon:0 lossFunction:RELATIVE parallelization:True bagging:False baggingNumbers:3 considerEpsilonTube:False baggingTestDataFraction:50 useBackward:False abortError:1 limitFeatureSize:False featureSizeTreshold:4 quadraticFunctionSupport:True crossValidation:False crossValidation-k:5 learn-logFunction:False learn-accumulatedLogFunction:False learn-asymFunction:False learn-ratioFunction:False learn-mirrowedFunction:False learn-numeric-disabled:True numberOfRounds:70 backwardErrorDelta:1 minImprovementPerRound:0.1 withHierarchy:False bruteForceCandidates:False ignoreBadFeatures:False stopOnLongRound:True candidateSizePenalty:True learnTimeLimit:00:00:00 scoreMeasure:RELERROR outputRoundsToStdout:False debug:False pythonInfluenceAnalysis:False blacklisted: 
command: mlsettings bagging:False stopOnLongRound:False parallelization:True lossFunction:RELATIVE useBackward:False abortError:1 limitFeatureSize:False featureSizeTreshold:7 quadraticFunctionSupport:True crossValidation:False learn_logFunction:True numberOfRounds:70 backwardErrorDelta:1 minImprovementPerRound:0.25 withHierarchy:False
Current machine learning settings: epsilon:0 lossFunction:RELATIVE parallelization:True bagging:False baggingNumbers:3 considerEpsilonTube:False baggingTestDataFraction:50 useBackward:False abortError:1 limitFeatureSize:False featureSizeTreshold:7 quadraticFunctionSupport:True crossValidation:False crossValidation-k:5 learn-logFunction:True learn-accumulatedLogFunction:False learn-asymFunction:False learn-ratioFunction:False learn-mirrowedFunction:False learn-numeric-disabled:True numberOfRounds:70 backwardErrorDelta:1 minImprovementPerRound:0.25 withHierarchy:False bruteForceCandidates:False ignoreBadFeatures:False stopOnLongRound:False candidateSizePenalty:True learnTimeLimit:00:00:00 scoreMeasure:RELERROR outputRoundsToStdout:False debug:False pythonInfluenceAnalysis:False blacklisted: 
command: solver z3
command: vm /scratch/kallistos/Distance-Based_Data/SupplementaryWebsite/MeasuredPerformanceValues/Polly/FeatureModel.xml
command: all /scratch/kallistos/Distance-Based_Data/SupplementaryWebsite/MeasuredPerformanceValues/Polly/measurements.xml
Configs with too large deviation: 0
60000 configurations loaded.
command: nfp Performance
command: setsampleset /scratch/kallistos/Distance-Based_Data/Results/Polly/Polly_64/sampledConfigurations_grammarBased_t3.csv
command: learn-splconqueror
Learning: NumberOfConfigurationsLearning:2172 NumberOfConfigurationsValidation:2172
Learning progress:
1;29.5564676616916 * polly_vectorizer + -4.40003010118813 * value_based;24.2626179167866;24.2626179167866;24.2626179167866;24.2626179167866;0.430939;2;-4.40003010118813 * value_based;1;2.41634345499275;
2;29.5564676616916 * polly_vectorizer + 0.0420590418074818 * value_based + -9.36464915247868 * value_based * min;17.8557907187909;17.8557907187909;17.8557907187909;17.8557907187909;1.584576;4;-9.36464915247868 * value_based * min;2;3.20341359899785;
3;29.5564676616916 * polly_vectorizer + 0.0420590418074506 * value_based + -18.9448034619089 * value_based * min + 17.2583662191941 * value_based * min * polly_no_tiling;7.08387576642606;7.08387576642606;7.08387576642606;7.08387576642606;3.61043;7;17.2583662191941 * value_based * min * polly_no_tiling;3;3.59063831745495;
4;28.9312040287978 * polly_vectorizer + -0.00110152919205708 * value_based + -18.9783489761336 * value_based * min + 17.2101918267743 * value_based * min * polly_no_tiling + 1.96191536602219 * parallel;5.61058256195645;5.61058256195645;5.61058256195645;5.61058256195645;6.660663;8;1.96191536602219 * parallel;1;1.47329320446961;
5;28.93355507985 * polly_vectorizer + -0.000939241317677086 * value_based + -21.2103262943574 * value_based * min + 17.3150582641567 * value_based * min * polly_no_tiling + 1.95453837663228 * parallel + 4.38377074467753 * value_based * min * none;3.16092626684215;3.16092626684215;3.16092626684215;3.16092626684215;11.171122;11;4.38377074467753 * value_based * min * none;3;0.816552098371431;
6;28.9324564784543 * polly_vectorizer + -0.00101507535156398 * value_based + -21.6474516955922 * value_based * min + 18.0861037722066 * value_based * min * polly_no_tiling + 1.95798550332582 * parallel + 5.24215352405374 * value_based * min * none + -1.5467564444749 * value_based * min * polly_no_tiling * none;2.82740129464339;2.82740129464339;2.82740129464339;2.82740129464339;17.169269;15;-1.5467564444749 * value_based * min * polly_no_tiling * none;4;0.0833812430496897;
Elapsed=00:00:17.1994166
average model: 
command: analyze-learning
Round, Model, LearningError, LearningErrorRel, ValidationError, ValidationErrorRel, ElapsedSeconds, ModelComplexity, BestCandidate, BestCandidateSize, BestCandidateScore, TestError
Models:
Termination reason: minImprovementPerRound
1;29.5564676616916 * polly_vectorizer + -4.40003010118813 * value_based;24.2626179167866;24.2626179167866;24.2626179167866;24.2626179167866;0.430939;2;-4.40003010118813 * value_based;1;2.41634345499275;28.5901366059577
2;29.5564676616916 * polly_vectorizer + 0.0420590418074818 * value_based + -9.36464915247868 * value_based * min;17.8557907187909;17.8557907187909;17.8557907187909;17.8557907187909;1.584576;4;-9.36464915247868 * value_based * min;2;3.20341359899785;20.8264289869798
3;29.5564676616916 * polly_vectorizer + 0.0420590418074506 * value_based + -18.9448034619089 * value_based * min + 17.2583662191941 * value_based * min * polly_no_tiling;7.08387576642606;7.08387576642606;7.08387576642606;7.08387576642606;3.61043;7;17.2583662191941 * value_based * min * polly_no_tiling;3;3.59063831745495;8.13477570027044
4;28.9312040287978 * polly_vectorizer + -0.00110152919205708 * value_based + -18.9783489761336 * value_based * min + 17.2101918267743 * value_based * min * polly_no_tiling + 1.96191536602219 * parallel;5.61058256195645;5.61058256195645;5.61058256195645;5.61058256195645;6.660663;8;1.96191536602219 * parallel;1;1.47329320446961;6.7149963474618
5;28.93355507985 * polly_vectorizer + -0.000939241317677086 * value_based + -21.2103262943574 * value_based * min + 17.3150582641567 * value_based * min * polly_no_tiling + 1.95453837663228 * parallel + 4.38377074467753 * value_based * min * none;3.16092626684215;3.16092626684215;3.16092626684215;3.16092626684215;11.171122;11;4.38377074467753 * value_based * min * none;3;0.816552098371431;3.86861336516659
6;28.9324564784543 * polly_vectorizer + -0.00101507535156398 * value_based + -21.6474516955922 * value_based * min + 18.0861037722066 * value_based * min * polly_no_tiling + 1.95798550332582 * parallel + 5.24215352405374 * value_based * min * none + -1.5467564444749 * value_based * min * polly_no_tiling * none;2.82740129464339;2.82740129464339;2.82740129464339;2.82740129464339;17.169269;15;-1.5467564444749 * value_based * min * polly_no_tiling * none;4;0.0833812430496897;3.46578762888427
Analyze finished
command: clean-sampling
command: clean-global
