Current machine learning settings: epsilon:0 lossFunction:RELATIVE parallelization:True bagging:False baggingNumbers:3 considerEpsilonTube:False baggingTestDataFraction:50 useBackward:False abortError:1 limitFeatureSize:False featureSizeTreshold:4 quadraticFunctionSupport:True crossValidation:False crossValidation-k:5 learn-logFunction:False learn-accumulatedLogFunction:False learn-asymFunction:False learn-ratioFunction:False learn-mirrowedFunction:False learn-numeric-disabled:True numberOfRounds:70 backwardErrorDelta:1 minImprovementPerRound:0.1 withHierarchy:False bruteForceCandidates:False ignoreBadFeatures:False stopOnLongRound:True candidateSizePenalty:True learnTimeLimit:00:00:00 scoreMeasure:RELERROR outputRoundsToStdout:False debug:False pythonInfluenceAnalysis:False blacklisted: 
command: solver z3
command: vm /scratch/kallistos/Distance-Based_Data/SupplementaryWebsite/MeasuredPerformanceValues/lrzip/FeatureModel.xml
Warning: Variability model contains outdated notation. Children nodes will no longer have effect on the model. Instead use the parent node to describe the parent of an configuration option. You can also use the converter providedby the Variability Model GUI in export>convert legacy model.
command: all /scratch/kallistos/Distance-Based_Data/SupplementaryWebsite/MeasuredPerformanceValues/lrzip/measurements.xml
Configs with too large deviation: 0
432 configurations loaded.
command: binary grammar-based numConfigs:250 seed:29  confFaultsReport:./out_grammarBasedFailureReport_t3.log
command: printconfigs ./sampledConfigurations_grammarBased_t3FailureReport.csv
Number to sample: 250; Number of Configurations in Grammar: 432
Draw a new random number, cause 234 is already in drawn.
Draw a new random number, cause 283 is already in drawn.
Draw a new random number, cause 240 is already in drawn.
Draw a new random number, cause 385 is already in drawn.
Draw a new random number, cause 22 is already in drawn.
Draw a new random number, cause 378 is already in drawn.
Draw a new random number, cause 187 is already in drawn.
Draw a new random number, cause 244 is already in drawn.
Draw a new random number, cause 340 is already in drawn.
Draw a new random number, cause 16 is already in drawn.
Draw a new random number, cause 417 is already in drawn.
Draw a new random number, cause 421 is already in drawn.
Draw a new random number, cause 283 is already in drawn.
Draw a new random number, cause 171 is already in drawn.
Draw a new random number, cause 53 is already in drawn.
Draw a new random number, cause 283 is already in drawn.
Draw a new random number, cause 45 is already in drawn.
Draw a new random number, cause 392 is already in drawn.
Draw a new random number, cause 62 is already in drawn.
Draw a new random number, cause 244 is already in drawn.
Draw a new random number, cause 253 is already in drawn.
Draw a new random number, cause 393 is already in drawn.
Draw a new random number, cause 108 is already in drawn.
Draw a new random number, cause 289 is already in drawn.
Draw a new random number, cause 423 is already in drawn.
Draw a new random number, cause 406 is already in drawn.
Draw a new random number, cause 133 is already in drawn.
Draw a new random number, cause 413 is already in drawn.
Draw a new random number, cause 18 is already in drawn.
Draw a new random number, cause 23 is already in drawn.
Draw a new random number, cause 389 is already in drawn.
Draw a new random number, cause 428 is already in drawn.
Draw a new random number, cause 263 is already in drawn.
Draw a new random number, cause 319 is already in drawn.
Draw a new random number, cause 79 is already in drawn.
Draw a new random number, cause 187 is already in drawn.
Draw a new random number, cause 146 is already in drawn.
Draw a new random number, cause 241 is already in drawn.
Draw a new random number, cause 376 is already in drawn.
Draw a new random number, cause 277 is already in drawn.
Draw a new random number, cause 144 is already in drawn.
Draw a new random number, cause 108 is already in drawn.
Draw a new random number, cause 300 is already in drawn.
Draw a new random number, cause 418 is already in drawn.
Draw a new random number, cause 225 is already in drawn.
Draw a new random number, cause 27 is already in drawn.
Draw a new random number, cause 183 is already in drawn.
Draw a new random number, cause 225 is already in drawn.
Draw a new random number, cause 14 is already in drawn.
Draw a new random number, cause 370 is already in drawn.
Draw a new random number, cause 91 is already in drawn.
Draw a new random number, cause 170 is already in drawn.
Draw a new random number, cause 187 is already in drawn.
Draw a new random number, cause 385 is already in drawn.
Draw a new random number, cause 235 is already in drawn.
Draw a new random number, cause 46 is already in drawn.
Draw a new random number, cause 393 is already in drawn.
Draw a new random number, cause 402 is already in drawn.
Draw a new random number, cause 393 is already in drawn.
Draw a new random number, cause 315 is already in drawn.
Draw a new random number, cause 82 is already in drawn.
Draw a new random number, cause 31 is already in drawn.
Draw a new random number, cause 5 is already in drawn.
Draw a new random number, cause 52 is already in drawn.
Draw a new random number, cause 27 is already in drawn.
Draw a new random number, cause 288 is already in drawn.
Draw a new random number, cause 183 is already in drawn.
Draw a new random number, cause 282 is already in drawn.
Draw a new random number, cause 144 is already in drawn.
Draw a new random number, cause 393 is already in drawn.
Draw a new random number, cause 200 is already in drawn.
Draw a new random number, cause 57 is already in drawn.
Draw a new random number, cause 130 is already in drawn.
Draw a new random number, cause 178 is already in drawn.
Draw a new random number, cause 340 is already in drawn.
Draw a new random number, cause 334 is already in drawn.
Draw a new random number, cause 247 is already in drawn.
Draw a new random number, cause 411 is already in drawn.
Draw a new random number, cause 274 is already in drawn.
Draw a new random number, cause 14 is already in drawn.
Draw a new random number, cause 412 is already in drawn.
Draw a new random number, cause 217 is already in drawn.
Draw a new random number, cause 121 is already in drawn.
Draw a new random number, cause 85 is already in drawn.
Draw a new random number, cause 289 is already in drawn.
Draw a new random number, cause 155 is already in drawn.
Draw a new random number, cause 177 is already in drawn.
Draw a new random number, cause 200 is already in drawn.
Draw a new random number, cause 125 is already in drawn.
Draw a new random number, cause 55 is already in drawn.
Draw a new random number, cause 16 is already in drawn.
Draw a new random number, cause 18 is already in drawn.
Draw a new random number, cause 361 is already in drawn.
Draw a new random number, cause 145 is already in drawn.
Draw a new random number, cause 129 is already in drawn.
Draw a new random number, cause 152 is already in drawn.
Draw a new random number, cause 77 is already in drawn.
Draw a new random number, cause 247 is already in drawn.
Draw a new random number, cause 57 is already in drawn.
Draw a new random number, cause 219 is already in drawn.
Draw a new random number, cause 307 is already in drawn.
Draw a new random number, cause 416 is already in drawn.
Draw a new random number, cause 121 is already in drawn.
Draw a new random number, cause 197 is already in drawn.
Draw a new random number, cause 334 is already in drawn.
Draw a new random number, cause 331 is already in drawn.
Draw a new random number, cause 289 is already in drawn.
Draw a new random number, cause 41 is already in drawn.
Draw a new random number, cause 62 is already in drawn.
Draw a new random number, cause 41 is already in drawn.
Draw a new random number, cause 8 is already in drawn.
Draw a new random number, cause 6 is already in drawn.
Draw a new random number, cause 41 is already in drawn.
Draw a new random number, cause 222 is already in drawn.
0 drawn configurations were invalid
command: clean-sampling
command: clean-global
