Current machine learning settings: epsilon:0 lossFunction:RELATIVE parallelization:True bagging:False baggingNumbers:3 considerEpsilonTube:False baggingTestDataFraction:50 useBackward:False abortError:1 limitFeatureSize:False featureSizeTreshold:4 quadraticFunctionSupport:True crossValidation:False crossValidation-k:5 learn-logFunction:False learn-accumulatedLogFunction:False learn-asymFunction:False learn-ratioFunction:False learn-mirrowedFunction:False learn-numeric-disabled:True numberOfRounds:70 backwardErrorDelta:1 minImprovementPerRound:0.1 withHierarchy:False bruteForceCandidates:False ignoreBadFeatures:False stopOnLongRound:True candidateSizePenalty:True learnTimeLimit:00:00:00 scoreMeasure:RELERROR outputRoundsToStdout:False debug:False pythonInfluenceAnalysis:False blacklisted: 
command: mlsettings bagging:False stopOnLongRound:False parallelization:True lossFunction:RELATIVE useBackward:False abortError:1 limitFeatureSize:False featureSizeTreshold:7 quadraticFunctionSupport:True crossValidation:False learn_logFunction:True numberOfRounds:70 backwardErrorDelta:1 minImprovementPerRound:0.25 withHierarchy:False
Current machine learning settings: epsilon:0 lossFunction:RELATIVE parallelization:True bagging:False baggingNumbers:3 considerEpsilonTube:False baggingTestDataFraction:50 useBackward:False abortError:1 limitFeatureSize:False featureSizeTreshold:7 quadraticFunctionSupport:True crossValidation:False crossValidation-k:5 learn-logFunction:True learn-accumulatedLogFunction:False learn-asymFunction:False learn-ratioFunction:False learn-mirrowedFunction:False learn-numeric-disabled:True numberOfRounds:70 backwardErrorDelta:1 minImprovementPerRound:0.25 withHierarchy:False bruteForceCandidates:False ignoreBadFeatures:False stopOnLongRound:False candidateSizePenalty:True learnTimeLimit:00:00:00 scoreMeasure:RELERROR outputRoundsToStdout:False debug:False pythonInfluenceAnalysis:False blacklisted: 
command: solver z3
command: vm /scratch/kallistos/Distance-Based_Data/SupplementaryWebsite/MeasuredPerformanceValues/Polly/FeatureModel.xml
command: all /scratch/kallistos/Distance-Based_Data/SupplementaryWebsite/MeasuredPerformanceValues/Polly/measurements.xml
Configs with too large deviation: 0
60000 configurations loaded.
command: nfp Performance
command: setsampleset /scratch/kallistos/Distance-Based_Data/Results/Polly/Polly_93/sampledConfigurations_grammarBased_t3.csv
command: learn-splconqueror
Learning: NumberOfConfigurationsLearning:2172 NumberOfConfigurationsValidation:2172
Learning progress:
1;29.6072267884323 * polly_vectorizer + -4.92124412052755 * value_based;26.9034081018595;26.9034081018595;26.9034081018595;26.9034081018595;0.481619;2;-4.92124412052755 * value_based;1;3.21928086444806;
2;29.6072267884323 * polly_vectorizer + -9.77730688701522 * value_based + 9.75742462594627 * value_based * max;19.4249650200164;19.4249650200164;19.4249650200164;19.4249650200164;1.649331;4;9.75742462594627 * value_based * max;2;3.73922154092158;
3;29.6072267884323 * polly_vectorizer + -14.2458339409291 * value_based + 10.1828696091108 * value_based * max + 8.63383262916948 * value_based * polly_no_tiling;15.0348510244685;15.0348510244685;15.0348510244685;15.0348510244685;3.585778;6;8.63383262916948 * value_based * polly_no_tiling;2;2.19505699777395;
4;29.6072267884323 * polly_vectorizer + -18.6460326632727 * value_based + 18.6127240034953 * value_based * max + 0.0286715127793526 * value_based * polly_no_tiling + 17.1069736477754 * value_based * polly_no_tiling * min;7.82529839464933;7.82529839464933;7.82529839464933;7.82529839464933;6.706446;9;17.1069736477754 * value_based * polly_no_tiling * min;3;2.40318420993971;
5;28.9510659088529 * polly_vectorizer + -18.6910020570105 * value_based + 18.6582489165328 * value_based * max + 0.00893360958455958 * value_based * polly_no_tiling + 17.1054931348043 * value_based * polly_no_tiling * min + 1.92626317195557 * parallel;6.37143052819204;6.37143052819204;6.37143052819204;6.37143052819204;11.244633;10;1.92626317195557 * parallel;1;1.45386786645729;
6;28.9512684588687 * polly_vectorizer + -19.8083713336208 * value_based + 18.6552299913553 * value_based * max + 0.154009865755707 * value_based * polly_no_tiling + 16.868987929747 * value_based * polly_no_tiling * min + 1.92566855461705 * parallel + 2.12873725757921 * value_based * none;5.40857475728825;5.40857475728825;5.40857475728825;5.40857475728825;17.475289;12;2.12873725757921 * value_based * none;2;0.481427885451894;
7;28.9555634004934 * polly_vectorizer + -20.9393353952013 * value_based + 20.9241877948148 * value_based * max + 0.00678880330591368 * value_based * polly_no_tiling + 16.9237769674483 * value_based * polly_no_tiling * min + 1.91306007987439 * parallel + 4.28390839195113 * value_based * none + -4.31736615269523 * value_based * max * none;3.77452535772634;3.77452535772634;3.77452535772634;3.77452535772634;25.788132;15;-4.31736615269523 * value_based * max * none;3;0.544683133187302;
8;28.9550563701208 * polly_vectorizer + -21.2690860847776 * value_based + 21.2539308580245 * value_based * max + 0.00677459444033505 * value_based * polly_no_tiling + 17.5914000011776 * value_based * polly_no_tiling * min + 1.91454854705421 * parallel + 4.91205335928413 * value_based * none + -4.94549581433284 * value_based * max * none + -1.22320533481749 * value_based * polly_no_tiling * min * none;3.52069089925603;3.52069089925603;3.52069089925603;3.52069089925603;36.298951;19;-1.22320533481749 * value_based * polly_no_tiling * min * none;4;0.0634586146175796;
Elapsed=00:00:36.3352975
average model: 
command: analyze-learning
Round, Model, LearningError, LearningErrorRel, ValidationError, ValidationErrorRel, ElapsedSeconds, ModelComplexity, BestCandidate, BestCandidateSize, BestCandidateScore, TestError
Models:
Termination reason: minImprovementPerRound
1;29.6072267884323 * polly_vectorizer + -4.92124412052755 * value_based;26.9034081018595;26.9034081018595;26.9034081018595;26.9034081018595;0.481619;2;-4.92124412052755 * value_based;1;3.21928086444806;28.4786898301181
2;29.6072267884323 * polly_vectorizer + -9.77730688701522 * value_based + 9.75742462594627 * value_based * max;19.4249650200164;19.4249650200164;19.4249650200164;19.4249650200164;1.649331;4;9.75742462594627 * value_based * max;2;3.73922154092158;20.4669355155188
3;29.6072267884323 * polly_vectorizer + -14.2458339409291 * value_based + 10.1828696091108 * value_based * max + 8.63383262916948 * value_based * polly_no_tiling;15.0348510244685;15.0348510244685;15.0348510244685;15.0348510244685;3.585778;6;8.63383262916948 * value_based * polly_no_tiling;2;2.19505699777395;15.8200662674372
4;29.6072267884323 * polly_vectorizer + -18.6460326632727 * value_based + 18.6127240034953 * value_based * max + 0.0286715127793526 * value_based * polly_no_tiling + 17.1069736477754 * value_based * polly_no_tiling * min;7.82529839464933;7.82529839464933;7.82529839464933;7.82529839464933;6.706446;9;17.1069736477754 * value_based * polly_no_tiling * min;3;2.40318420993971;8.26932366909685
5;28.9510659088529 * polly_vectorizer + -18.6910020570105 * value_based + 18.6582489165328 * value_based * max + 0.00893360958455958 * value_based * polly_no_tiling + 17.1054931348043 * value_based * polly_no_tiling * min + 1.92626317195557 * parallel;6.37143052819204;6.37143052819204;6.37143052819204;6.37143052819204;11.244633;10;1.92626317195557 * parallel;1;1.45386786645729;6.8044283820898
6;28.9512684588687 * polly_vectorizer + -19.8083713336208 * value_based + 18.6552299913553 * value_based * max + 0.154009865755707 * value_based * polly_no_tiling + 16.868987929747 * value_based * polly_no_tiling * min + 1.92566855461705 * parallel + 2.12873725757921 * value_based * none;5.40857475728825;5.40857475728825;5.40857475728825;5.40857475728825;17.475289;12;2.12873725757921 * value_based * none;2;0.481427885451894;5.77955849618727
7;28.9555634004934 * polly_vectorizer + -20.9393353952013 * value_based + 20.9241877948148 * value_based * max + 0.00678880330591368 * value_based * polly_no_tiling + 16.9237769674483 * value_based * polly_no_tiling * min + 1.91306007987439 * parallel + 4.28390839195113 * value_based * none + -4.31736615269523 * value_based * max * none;3.77452535772634;3.77452535772634;3.77452535772634;3.77452535772634;25.788132;15;-4.31736615269523 * value_based * max * none;3;0.544683133187302;4.05845608546749
8;28.9550563701208 * polly_vectorizer + -21.2690860847776 * value_based + 21.2539308580245 * value_based * max + 0.00677459444033505 * value_based * polly_no_tiling + 17.5914000011776 * value_based * polly_no_tiling * min + 1.91454854705421 * parallel + 4.91205335928413 * value_based * none + -4.94549581433284 * value_based * max * none + -1.22320533481749 * value_based * polly_no_tiling * min * none;3.52069089925603;3.52069089925603;3.52069089925603;3.52069089925603;36.298951;19;-1.22320533481749 * value_based * polly_no_tiling * min * none;4;0.0634586146175796;3.77204953057425
Analyze finished
command: clean-sampling
command: clean-global
