Current machine learning settings: epsilon:0 lossFunction:RELATIVE parallelization:True bagging:False baggingNumbers:3 considerEpsilonTube:False baggingTestDataFraction:50 useBackward:False abortError:1 limitFeatureSize:False featureSizeTreshold:4 quadraticFunctionSupport:True crossValidation:False crossValidation-k:5 learn-logFunction:False learn-accumulatedLogFunction:False learn-asymFunction:False learn-ratioFunction:False learn-mirrowedFunction:False learn-numeric-disabled:True numberOfRounds:70 backwardErrorDelta:1 minImprovementPerRound:0.1 withHierarchy:False bruteForceCandidates:False ignoreBadFeatures:False stopOnLongRound:True candidateSizePenalty:True learnTimeLimit:00:00:00 scoreMeasure:RELERROR outputRoundsToStdout:False debug:False pythonInfluenceAnalysis:False blacklisted: 
command: mlsettings bagging:False stopOnLongRound:False parallelization:True lossFunction:RELATIVE useBackward:False abortError:1 limitFeatureSize:False featureSizeTreshold:7 quadraticFunctionSupport:True crossValidation:False learn_logFunction:True numberOfRounds:70 backwardErrorDelta:1 minImprovementPerRound:0.25 withHierarchy:False
Current machine learning settings: epsilon:0 lossFunction:RELATIVE parallelization:True bagging:False baggingNumbers:3 considerEpsilonTube:False baggingTestDataFraction:50 useBackward:False abortError:1 limitFeatureSize:False featureSizeTreshold:7 quadraticFunctionSupport:True crossValidation:False crossValidation-k:5 learn-logFunction:True learn-accumulatedLogFunction:False learn-asymFunction:False learn-ratioFunction:False learn-mirrowedFunction:False learn-numeric-disabled:True numberOfRounds:70 backwardErrorDelta:1 minImprovementPerRound:0.25 withHierarchy:False bruteForceCandidates:False ignoreBadFeatures:False stopOnLongRound:False candidateSizePenalty:True learnTimeLimit:00:00:00 scoreMeasure:RELERROR outputRoundsToStdout:False debug:False pythonInfluenceAnalysis:False blacklisted: 
command: solver z3
command: vm /scratch/kallistos/Distance-Based_Data/SupplementaryWebsite/MeasuredPerformanceValues/Polly/FeatureModel.xml
command: all /scratch/kallistos/Distance-Based_Data/SupplementaryWebsite/MeasuredPerformanceValues/Polly/measurements.xml
Configs with too large deviation: 0
60000 configurations loaded.
command: nfp Performance
command: setsampleset /scratch/kallistos/Distance-Based_Data/Results/Polly/Polly_93/sampledConfigurations_divDistBased_t1.csv
command: learn-splconqueror
Learning: NumberOfConfigurationsLearning:28 NumberOfConfigurationsValidation:28
Learning progress:
1;19.7383333333333 * polly_vectorizer + 9.29690476190476 * max;21.5449365227587;21.5449365227587;21.5449365227587;21.5449365227587;0.057038;2;9.29690476190476 * max;1;15.3610245718848;
2;17.7264016172507 * polly_vectorizer + 10.8058535489667 * max + 7.0417610062893 * pollydefaulttilesize_16;18.0758931498534;18.0758931498534;18.0758931498534;18.0758931498534;0.085455;3;7.0417610062893 * pollydefaulttilesize_16;1;3.46904337290529;
3;16.9956065959953 * polly_vectorizer + 12.0987985865724 * max + 13.0755045151158 * pollydefaulttilesize_16 + -13.9038437377307 * pollydefaulttilesize_16 * polly_opt_simplify_deps;12.8369081118482;12.8369081118482;12.8369081118482;12.8369081118482;0.131105;5;-13.9038437377307 * pollydefaulttilesize_16 * polly_opt_simplify_deps;2;2.61949251900261;
4;15.7045683865684 * polly_vectorizer + 12.9191457821458 * max + 11.829294021294 * pollydefaulttilesize_16 + -13.6797051597051 * pollydefaulttilesize_16 * polly_opt_simplify_deps + 3.80587305487306 * parallel;11.276172838837;11.276172838837;11.276172838837;11.276172838837;0.20367;6;3.80587305487306 * parallel;1;1.5607352730112;
5;15.0844644723093 * polly_vectorizer + 13.7115007836991 * max + 13.6207053291536 * pollydefaulttilesize_16 + -14.3687095088819 * pollydefaulttilesize_16 * polly_opt_simplify_deps + 2.04891196447232 * parallel + 6.37329022988505 * parallel * pollydefaulttilesize_1024;9.7071237671068;9.7071237671068;9.7071237671068;9.7071237671068;0.30712;8;6.37329022988505 * parallel * pollydefaulttilesize_1024;2;0.784524535865093;
6;15.0844644723093 * polly_vectorizer + 13.7115007836991 * max + 13.6207053291536 * pollydefaulttilesize_16 + -14.3687095088819 * pollydefaulttilesize_16 * polly_opt_simplify_deps + 2.04891196447232 * parallel + 13.9232902298851 * parallel * pollydefaulttilesize_1024 + -15.1 * parallel * pollydefaulttilesize_1024 * polly_opt_simplify_deps;7.14905066402905;7.14905066402905;7.14905066402905;7.14905066402905;0.446132;11;-15.1 * parallel * pollydefaulttilesize_1024 * polly_opt_simplify_deps;3;0.852691034359249;
7;15.1747010241163 * polly_vectorizer + 16.1657251404031 * max + 13.3059266600595 * pollydefaulttilesize_16 + -12.8619689461513 * pollydefaulttilesize_16 * polly_opt_simplify_deps + 2.38572514040303 * parallel + 13.4962405021474 * parallel * pollydefaulttilesize_1024 + -12.4222827882392 * parallel * pollydefaulttilesize_1024 * polly_opt_simplify_deps + -2.67771721176082 * polly_opt_simplify_deps;6.81988410972425;6.81988410972425;6.81988410972425;6.81988410972425;0.636156;12;-2.67771721176082 * polly_opt_simplify_deps;1;0.329166554304797;
8;14.7021593830334 * polly_vectorizer + 16.2211011139674 * max + 13.7415509854327 * pollydefaulttilesize_16 + -13.0598457583548 * pollydefaulttilesize_16 * polly_opt_simplify_deps + 2.44110111396744 * parallel + 13.9134061696658 * parallel * pollydefaulttilesize_1024 + -12.6017009425878 * parallel * pollydefaulttilesize_1024 * polly_opt_simplify_deps + -2.49829905741215 * polly_opt_simplify_deps + 0.744991431019711 * pollydefaulttilesize_4;6.58964874189794;6.58964874189794;6.58964874189794;6.58964874189794;0.884953;13;0.744991431019711 * pollydefaulttilesize_4;1;0.230235367826309;
Elapsed=00:00:00.8882422
average model: 
command: analyze-learning
Round, Model, LearningError, LearningErrorRel, ValidationError, ValidationErrorRel, ElapsedSeconds, ModelComplexity, BestCandidate, BestCandidateSize, BestCandidateScore, TestError
Models:
Termination reason: minImprovementPerRound
1;19.7383333333333 * polly_vectorizer + 9.29690476190476 * max;21.5449365227587;21.5449365227587;21.5449365227587;21.5449365227587;0.057038;2;9.29690476190476 * max;1;15.3610245718848;27.9124714909981
2;17.7264016172507 * polly_vectorizer + 10.8058535489667 * max + 7.0417610062893 * pollydefaulttilesize_16;18.0758931498534;18.0758931498534;18.0758931498534;18.0758931498534;0.085455;3;7.0417610062893 * pollydefaulttilesize_16;1;3.46904337290529;30.2397410577019
3;16.9956065959953 * polly_vectorizer + 12.0987985865724 * max + 13.0755045151158 * pollydefaulttilesize_16 + -13.9038437377307 * pollydefaulttilesize_16 * polly_opt_simplify_deps;12.8369081118482;12.8369081118482;12.8369081118482;12.8369081118482;0.131105;5;-13.9038437377307 * pollydefaulttilesize_16 * polly_opt_simplify_deps;2;2.61949251900261;30.5616313910289
4;15.7045683865684 * polly_vectorizer + 12.9191457821458 * max + 11.829294021294 * pollydefaulttilesize_16 + -13.6797051597051 * pollydefaulttilesize_16 * polly_opt_simplify_deps + 3.80587305487306 * parallel;11.276172838837;11.276172838837;11.276172838837;11.276172838837;0.20367;6;3.80587305487306 * parallel;1;1.5607352730112;30.2419909807731
5;15.0844644723093 * polly_vectorizer + 13.7115007836991 * max + 13.6207053291536 * pollydefaulttilesize_16 + -14.3687095088819 * pollydefaulttilesize_16 * polly_opt_simplify_deps + 2.04891196447232 * parallel + 6.37329022988505 * parallel * pollydefaulttilesize_1024;9.7071237671068;9.7071237671068;9.7071237671068;9.7071237671068;0.30712;8;6.37329022988505 * parallel * pollydefaulttilesize_1024;2;0.784524535865093;30.451694477514
6;15.0844644723093 * polly_vectorizer + 13.7115007836991 * max + 13.6207053291536 * pollydefaulttilesize_16 + -14.3687095088819 * pollydefaulttilesize_16 * polly_opt_simplify_deps + 2.04891196447232 * parallel + 13.9232902298851 * parallel * pollydefaulttilesize_1024 + -15.1 * parallel * pollydefaulttilesize_1024 * polly_opt_simplify_deps;7.14905066402905;7.14905066402905;7.14905066402905;7.14905066402905;0.446132;11;-15.1 * parallel * pollydefaulttilesize_1024 * polly_opt_simplify_deps;3;0.852691034359249;30.6335101284645
7;15.1747010241163 * polly_vectorizer + 16.1657251404031 * max + 13.3059266600595 * pollydefaulttilesize_16 + -12.8619689461513 * pollydefaulttilesize_16 * polly_opt_simplify_deps + 2.38572514040303 * parallel + 13.4962405021474 * parallel * pollydefaulttilesize_1024 + -12.4222827882392 * parallel * pollydefaulttilesize_1024 * polly_opt_simplify_deps + -2.67771721176082 * polly_opt_simplify_deps;6.81988410972425;6.81988410972425;6.81988410972425;6.81988410972425;0.636156;12;-2.67771721176082 * polly_opt_simplify_deps;1;0.329166554304797;32.6787936790304
8;14.7021593830334 * polly_vectorizer + 16.2211011139674 * max + 13.7415509854327 * pollydefaulttilesize_16 + -13.0598457583548 * pollydefaulttilesize_16 * polly_opt_simplify_deps + 2.44110111396744 * parallel + 13.9134061696658 * parallel * pollydefaulttilesize_1024 + -12.6017009425878 * parallel * pollydefaulttilesize_1024 * polly_opt_simplify_deps + -2.49829905741215 * polly_opt_simplify_deps + 0.744991431019711 * pollydefaulttilesize_4;6.58964874189794;6.58964874189794;6.58964874189794;6.58964874189794;0.884953;13;0.744991431019711 * pollydefaulttilesize_4;1;0.230235367826309;32.5523068742093
Analyze finished
command: clean-sampling
command: clean-global
command: script ./learn_divDistBased_t2.a
command: log ./out_divDistBased_t2Predictions.log
