Current machine learning settings: epsilon:0 lossFunction:RELATIVE parallelization:True bagging:False baggingNumbers:3 considerEpsilonTube:False baggingTestDataFraction:50 useBackward:False abortError:1 limitFeatureSize:False featureSizeTreshold:4 quadraticFunctionSupport:True crossValidation:False crossValidation-k:5 learn-logFunction:False learn-accumulatedLogFunction:False learn-asymFunction:False learn-ratioFunction:False learn-mirrowedFunction:False learn-numeric-disabled:True numberOfRounds:70 backwardErrorDelta:1 minImprovementPerRound:0.1 withHierarchy:False bruteForceCandidates:False ignoreBadFeatures:False stopOnLongRound:True candidateSizePenalty:True learnTimeLimit:00:00:00 scoreMeasure:RELERROR outputRoundsToStdout:False debug:False pythonInfluenceAnalysis:False blacklisted: 
command: mlsettings bagging:False stopOnLongRound:False parallelization:True lossFunction:RELATIVE useBackward:False abortError:1 limitFeatureSize:False featureSizeTreshold:7 quadraticFunctionSupport:True crossValidation:False learn_logFunction:True numberOfRounds:70 backwardErrorDelta:1 minImprovementPerRound:0.25 withHierarchy:False
Current machine learning settings: epsilon:0 lossFunction:RELATIVE parallelization:True bagging:False baggingNumbers:3 considerEpsilonTube:False baggingTestDataFraction:50 useBackward:False abortError:1 limitFeatureSize:False featureSizeTreshold:7 quadraticFunctionSupport:True crossValidation:False crossValidation-k:5 learn-logFunction:True learn-accumulatedLogFunction:False learn-asymFunction:False learn-ratioFunction:False learn-mirrowedFunction:False learn-numeric-disabled:True numberOfRounds:70 backwardErrorDelta:1 minImprovementPerRound:0.25 withHierarchy:False bruteForceCandidates:False ignoreBadFeatures:False stopOnLongRound:False candidateSizePenalty:True learnTimeLimit:00:00:00 scoreMeasure:RELERROR outputRoundsToStdout:False debug:False pythonInfluenceAnalysis:False blacklisted: 
command: solver z3
command: vm /scratch/kallistos/Distance-Based_Data/SupplementaryWebsite/MeasuredPerformanceValues/Polly/FeatureModel.xml
command: all /scratch/kallistos/Distance-Based_Data/SupplementaryWebsite/MeasuredPerformanceValues/Polly/measurements.xml
Configs with too large deviation: 0
60000 configurations loaded.
command: nfp Performance
command: setsampleset /scratch/kallistos/Distance-Based_Data/Results/Polly/Polly_83/sampledConfigurations_divDistBased_t2.csv
command: learn-splconqueror
Learning: NumberOfConfigurationsLearning:345 NumberOfConfigurationsValidation:345
Learning progress:
1;29.233090909091 * polly_vectorizer + -4.36497979797982 * min;24.5081944130395;24.5081944130395;24.5081944130395;24.5081944130395;0.072381;2;-4.36497979797982 * min;1;2.86739563414017;
2;29.233090909091 * polly_vectorizer + -8.37513012477721 * min + 7.59817956656346 * min * polly_no_tiling;19.1078399246291;19.1078399246291;19.1078399246291;19.1078399246291;0.261175;4;7.59817956656346 * min * polly_no_tiling;2;2.70017724420519;
3;29.233090909091 * polly_vectorizer + -13.5496557088864 * min + 9.65259647467088 * min * polly_no_tiling + 9.56162336194098 * min * memory_based;13.9429292533694;13.9429292533694;13.9429292533694;13.9429292533694;0.604878;6;9.56162336194098 * min * memory_based;2;2.58245533562982;
4;29.233090909091 * polly_vectorizer + -18.3226635586636 * min + 17.3341559829061 * min * polly_no_tiling + 18.3813117800074 * min * memory_based + -17.7329918875344 * min * memory_based * polly_no_tiling;6.03161300855905;6.03161300855905;6.03161300855905;6.03161300855905;1.151332;9;-17.7329918875344 * min * memory_based * polly_no_tiling;3;2.63710541493679;
5;28.9874841875105 * polly_vectorizer + -18.4729064982384 * min + 16.7048168731786 * min * polly_no_tiling + 18.6093556065426 * min * memory_based + -16.9358469431867 * min * memory_based * polly_no_tiling + 1.92976709813224 * parallel;5.6640445335253;5.6640445335253;5.6640445335253;5.6640445335253;1.913575;10;1.92976709813224 * parallel;1;0.367568475033749;
6;28.9700649330961 * polly_vectorizer + -17.6578107332654 * min + 17.1091844054801 * min * polly_no_tiling + 18.826581780369 * min * memory_based + -17.1777553446588 * min * memory_based * polly_no_tiling + 2.0666326685315 * parallel + -2.14695389833221 * min * polly;4.61827892412423;4.61827892412423;4.61827892412423;4.61827892412423;2.951139;12;-2.14695389833221 * min * polly;2;0.522882804700536;
7;28.956638559836 * polly_vectorizer + -16.9814900807973 * min + 17.4469961446449 * min * polly_no_tiling + 21.1220039542315 * min * memory_based + -17.6660311143766 * min * memory_based * polly_no_tiling + 2.17212560128971 * parallel + -3.92674192174375 * min * polly + -4.05621633571752 * min * memory_based * none;3.41879456258041;3.41879456258041;3.41879456258041;3.41879456258041;4.469456;15;-4.05621633571752 * min * memory_based * none;3;0.399828120514606;
8;28.9612800391459 * polly_vectorizer + -16.6180272422781 * min + 18.2662746608458 * min * polly_no_tiling + 21.3801272046953 * min * memory_based + -17.7666455209585 * min * memory_based * polly_no_tiling + 2.13565683528292 * parallel + -4.86436313956269 * min * polly + -4.39092159761059 * min * memory_based * none + -1.50472911756061 * min * polly_no_tiling * none;3.05187855564953;3.05187855564953;3.05187855564953;3.05187855564953;6.210829;18;-1.50472911756061 * min * polly_no_tiling * none;3;0.122305335643627;
Elapsed=00:00:06.2164355
average model: 
command: analyze-learning
Round, Model, LearningError, LearningErrorRel, ValidationError, ValidationErrorRel, ElapsedSeconds, ModelComplexity, BestCandidate, BestCandidateSize, BestCandidateScore, TestError
Models:
Termination reason: minImprovementPerRound
1;29.233090909091 * polly_vectorizer + -4.36497979797982 * min;24.5081944130395;24.5081944130395;24.5081944130395;24.5081944130395;0.072381;2;-4.36497979797982 * min;1;2.86739563414017;28.4441488586857
2;29.233090909091 * polly_vectorizer + -8.37513012477721 * min + 7.59817956656346 * min * polly_no_tiling;19.1078399246291;19.1078399246291;19.1078399246291;19.1078399246291;0.261175;4;7.59817956656346 * min * polly_no_tiling;2;2.70017724420519;22.5949227355465
3;29.233090909091 * polly_vectorizer + -13.5496557088864 * min + 9.65259647467088 * min * polly_no_tiling + 9.56162336194098 * min * memory_based;13.9429292533694;13.9429292533694;13.9429292533694;13.9429292533694;0.604878;6;9.56162336194098 * min * memory_based;2;2.58245533562982;16.1564857066213
4;29.233090909091 * polly_vectorizer + -18.3226635586636 * min + 17.3341559829061 * min * polly_no_tiling + 18.3813117800074 * min * memory_based + -17.7329918875344 * min * memory_based * polly_no_tiling;6.03161300855905;6.03161300855905;6.03161300855905;6.03161300855905;1.151332;9;-17.7329918875344 * min * memory_based * polly_no_tiling;3;2.63710541493679;8.13158864093657
5;28.9874841875105 * polly_vectorizer + -18.4729064982384 * min + 16.7048168731786 * min * polly_no_tiling + 18.6093556065426 * min * memory_based + -16.9358469431867 * min * memory_based * polly_no_tiling + 1.92976709813224 * parallel;5.6640445335253;5.6640445335253;5.6640445335253;5.6640445335253;1.913575;10;1.92976709813224 * parallel;1;0.367568475033749;6.91719471927951
6;28.9700649330961 * polly_vectorizer + -17.6578107332654 * min + 17.1091844054801 * min * polly_no_tiling + 18.826581780369 * min * memory_based + -17.1777553446588 * min * memory_based * polly_no_tiling + 2.0666326685315 * parallel + -2.14695389833221 * min * polly;4.61827892412423;4.61827892412423;4.61827892412423;4.61827892412423;2.951139;12;-2.14695389833221 * min * polly;2;0.522882804700536;5.83391016125943
7;28.956638559836 * polly_vectorizer + -16.9814900807973 * min + 17.4469961446449 * min * polly_no_tiling + 21.1220039542315 * min * memory_based + -17.6660311143766 * min * memory_based * polly_no_tiling + 2.17212560128971 * parallel + -3.92674192174375 * min * polly + -4.05621633571752 * min * memory_based * none;3.41879456258041;3.41879456258041;3.41879456258041;3.41879456258041;4.469456;15;-4.05621633571752 * min * memory_based * none;3;0.399828120514606;4.32045166822496
8;28.9612800391459 * polly_vectorizer + -16.6180272422781 * min + 18.2662746608458 * min * polly_no_tiling + 21.3801272046953 * min * memory_based + -17.7666455209585 * min * memory_based * polly_no_tiling + 2.13565683528292 * parallel + -4.86436313956269 * min * polly + -4.39092159761059 * min * memory_based * none + -1.50472911756061 * min * polly_no_tiling * none;3.05187855564953;3.05187855564953;3.05187855564953;3.05187855564953;6.210829;18;-1.50472911756061 * min * polly_no_tiling * none;3;0.122305335643627;3.92043680441213
Analyze finished
command: clean-sampling
command: clean-global
command: script ./learn_divDistBased_t3.a
command: log ./out_divDistBased_t3Predictions.log
