Current machine learning settings: epsilon:0 lossFunction:RELATIVE parallelization:True bagging:False baggingNumbers:3 considerEpsilonTube:False baggingTestDataFraction:50 useBackward:False abortError:1 limitFeatureSize:False featureSizeTreshold:4 quadraticFunctionSupport:True crossValidation:False crossValidation-k:5 learn-logFunction:False learn-accumulatedLogFunction:False learn-asymFunction:False learn-ratioFunction:False learn-mirrowedFunction:False learn-numeric-disabled:True numberOfRounds:70 backwardErrorDelta:1 minImprovementPerRound:0.1 withHierarchy:False bruteForceCandidates:False ignoreBadFeatures:False stopOnLongRound:True candidateSizePenalty:True learnTimeLimit:00:00:00 scoreMeasure:RELERROR outputRoundsToStdout:False debug:False pythonInfluenceAnalysis:False blacklisted: 
command: mlsettings bagging:False stopOnLongRound:False parallelization:True lossFunction:RELATIVE useBackward:False abortError:1 limitFeatureSize:False featureSizeTreshold:7 quadraticFunctionSupport:True crossValidation:False learn_logFunction:True numberOfRounds:70 backwardErrorDelta:1 minImprovementPerRound:0.25 withHierarchy:False
Current machine learning settings: epsilon:0 lossFunction:RELATIVE parallelization:True bagging:False baggingNumbers:3 considerEpsilonTube:False baggingTestDataFraction:50 useBackward:False abortError:1 limitFeatureSize:False featureSizeTreshold:7 quadraticFunctionSupport:True crossValidation:False crossValidation-k:5 learn-logFunction:True learn-accumulatedLogFunction:False learn-asymFunction:False learn-ratioFunction:False learn-mirrowedFunction:False learn-numeric-disabled:True numberOfRounds:70 backwardErrorDelta:1 minImprovementPerRound:0.25 withHierarchy:False bruteForceCandidates:False ignoreBadFeatures:False stopOnLongRound:False candidateSizePenalty:True learnTimeLimit:00:00:00 scoreMeasure:RELERROR outputRoundsToStdout:False debug:False pythonInfluenceAnalysis:False blacklisted: 
command: solver z3
command: vm /scratch/kallistos/Distance-Based_Data/SupplementaryWebsite/MeasuredPerformanceValues/Hipacc/FeatureModel.xml
Warning: Variability model contains outdated notation. Children nodes will no longer have effect on the model. Instead use the parent node to describe the parent of an configuration option. You can also use the converter providedby the Variability Model GUI in export>convert legacy model.
Warning: Default value nodes in models are no longer used and should be removed. You can also use the converter provided by the Variability Model GUI in export>convert legacy model to update your model.
command: all /scratch/kallistos/Distance-Based_Data/SupplementaryWebsite/MeasuredPerformanceValues/Hipacc/measurements.xml
Configs with too large deviation: 0
13485 configurations loaded.
command: nfp Performance
command: setsampleset /scratch/kallistos/Distance-Based_Data/Results/Hipacc/Hipacc_11/sampledConfigurations_divDistBased_t1.csv
command: learn-splconqueror
Learning: NumberOfConfigurationsLearning:50 NumberOfConfigurationsValidation:50
Learning progress:
1;30.6160434782609 * API + 25.2281046698873 * LocalMemory;30.7801002993111;30.7801002993111;30.7801002993111;30.7801002993111;0.06196;2;25.2281046698873 * LocalMemory;1;19.9760080875694;
2;25.1115238095238 * API + 30.7326243386243 * LocalMemory + 63.3019761904762 * bs_32x1;22.3872128138231;22.3872128138231;22.3872128138231;22.3872128138231;0.115611;3;63.3019761904762 * bs_32x1;1;8.39288748548799;
3;25.1115238095238 * API + 33.3059345238095 * LocalMemory + 63.3019761904762 * bs_32x1 + -23.1597916666667 * bs_64x2;19.6846660495321;19.6846660495321;19.6846660495321;19.6846660495321;0.202842;4;-23.1597916666667 * bs_64x2;1;2.70254676429099;
4;23.9644664602683 * API + 31.9438039215687 * LocalMemory + 64.4490335397317 * bs_32x1 + -20.6506037151703 * bs_64x2 + 12.0441021671826 * bs_512x1;18.6450178887674;18.6450178887674;18.6450178887674;18.6450178887674;0.330565;5;12.0441021671826 * bs_512x1;1;1.03964816076476;
5;24.0313234442836 * API + 32.8330018089725 * LocalMemory + 64.3821765557164 * bs_32x1 + -21.6066585865895 * bs_64x2 + 11.3421038350217 * bs_512x1 + -19.4353252532561 * bs_256x2;17.6614224733099;17.6614224733099;17.6614224733099;17.6614224733099;0.513958;6;-19.4353252532561 * bs_256x2;1;0.983595415457479;
6;24.2861149635037 * API + 36.2217290145986 * LocalMemory + 64.1273850364963 * bs_32x1 + -25.2501773114355 * bs_64x2 + 8.66679288321168 * bs_512x1 + -23.0788439781022 * bs_256x2 + -17.6060939781022 * LocalMemory * bs_32x4;15.661962150574;15.661962150574;15.661962150574;15.661962150574;0.754695;8;-17.6060939781022 * LocalMemory * bs_32x4;2;0.999730161367961;
7;24.4289790141532 * API + 38.1218208882382 * LocalMemory + 63.9845209858468 * bs_32x1 + -27.2931332357248 * bs_64x2 + 7.16672035139097 * bs_512x1 + -25.1217999023914 * bs_256x2 + -19.6490499023914 * LocalMemory * bs_32x4 + -31.3157999023914 * LocalMemory * bs_128x2;13.7104955017868;13.7104955017868;13.7104955017868;13.7104955017868;1.101532;10;-31.3157999023914 * LocalMemory * bs_128x2;2;0.97573332439358;
8;24.5353315844702 * API + 39.5363100734522 * LocalMemory + 63.8781684155299 * bs_32x1 + -28.8139749912557 * bs_64x2 + 6.05001836306402 * bs_512x1 + -26.6426416579223 * bs_256x2 + -21.1698916579223 * LocalMemory * bs_32x4 + -32.8366416579223 * LocalMemory * bs_128x2 + -21.7916416579223 * bs_256x1;12.7334917759212;12.7334917759212;12.7334917759212;12.7334917759212;1.519771;11;-21.7916416579223 * bs_256x1;1;0.977003725865565;
9;24.6963902439025 * API + 41.6783902439025 * LocalMemory + 63.7171097560976 * bs_32x1 + -31.1171138211382 * bs_64x2 + 4.35890243902437 * bs_512x1 + -28.9457804878049 * bs_256x2 + -23.4730304878049 * LocalMemory * bs_32x4 + -35.1397804878049 * LocalMemory * bs_128x2 + -24.0947804878049 * bs_256x1 + -30.6977804878049 * LocalMemory * bs_32x2;11.2424272801685;11.2424272801685;11.2424272801685;11.2424272801685;2.029057;13;-30.6977804878049 * LocalMemory * bs_32x2;2;0.745532247876395;
10;25.2861802120142 * API + 41.1563922261485 * LocalMemory + 63.1273197879859 * bs_32x1 + -31.1849057714959 * bs_64x2 + 4.14196819787989 * bs_512x1 + -29.0135724381626 * bs_256x2 + -23.5408224381625 * LocalMemory * bs_32x4 + -32.2196422261484 * LocalMemory * bs_128x2 + -24.1625724381626 * bs_256x1 + -30.7655724381626 * LocalMemory * bs_32x2 + -2.98793021201413 * bs_128x2;10.6171348198595;10.6171348198595;10.6171348198595;10.6171348198595;2.66431;14;-2.98793021201413 * bs_128x2;1;0.625292460308971;
11;25.0011252086813 * API + 41.8301585976627 * LocalMemory + 63.4123747913188 * bs_32x1 + -31.5736171396773 * bs_64x2 + 6.56493572621033 * bs_512x1 + -29.4022838063439 * bs_256x2 + -23.9295338063439 * LocalMemory * bs_32x4 + -32.8934085976627 * LocalMemory * bs_128x2 + -24.5512838063439 * bs_256x1 + -31.1542838063439 * LocalMemory * bs_32x2 + -2.70287520868116 * bs_128x2 + -18.3342195325542 * bs_512x1 * Linear1D;9.8016158065033;9.8016158065033;9.8016158065033;9.8016158065033;3.446086;16;-18.3342195325542 * bs_512x1 * Linear1D;2;0.407759506678088;
12;25.2539031216362 * API + 41.2326835306781 * LocalMemory + 63.1595968783638 * bs_32x1 + -31.2289199856477 * bs_64x2 + 7.85755005382129 * bs_512x1 + -29.0575866523143 * bs_256x2 + -23.5848366523143 * LocalMemory * bs_32x4 + -32.2959335306781 * LocalMemory * bs_128x2 + -24.2065866523143 * bs_256x1 + -30.8095866523143 * LocalMemory * bs_32x2 + -2.95565312163622 * bs_128x2 + -19.2821367061357 * bs_512x1 * Linear1D + -6.88245317545752 * padding_224;9.29740202762351;9.29740202762351;9.29740202762351;9.29740202762351;4.387197;17;-6.88245317545752 * padding_224;1;0.504213778879794;
13;24.9556413793103 * API + 41.5107241379311 * LocalMemory + 63.4578586206897 * bs_32x1 + -31.2086988505747 * bs_64x2 + 7.93337931034485 * bs_512x1 + -29.0373655172414 * bs_256x2 + -23.5646155172414 * LocalMemory * bs_32x4 + -32.573974137931 * LocalMemory * bs_128x2 + -24.1863655172414 * bs_256x1 + -30.7893655172414 * LocalMemory * bs_32x2 + -2.65739137931036 * bs_128x2 + -19.3377448275863 * bs_512x1 * Linear1D + -6.6600206896552 * padding_224 + 4.69635862068965 * bs_32x32;8.91651134737822;8.91651134737822;8.91651134737822;8.91651134737822;5.472847;18;4.69635862068965 * bs_32x32;1;0.380890680245287;
14;24.7362749691739 * API + 41.7152182490753 * LocalMemory + 63.6772250308261 * bs_32x1 + -31.1938265515824 * bs_64x2 + 7.98915043156599 * bs_512x1 + -29.0224932182491 * bs_256x2 + -23.5497432182491 * LocalMemory * bs_32x4 + -32.7784682490752 * LocalMemory * bs_128x2 + -24.1714932182491 * bs_256x1 + -34.0092182490752 * LocalMemory * bs_32x2 + -2.43802496917376 * bs_128x2 + -19.378643649815 * bs_512x1 * Linear1D + -6.49642540073974 * padding_224 + 4.91572503082616 * bs_32x32 + 3.23472503082619 * padding_160;8.62326064126604;8.62326064126604;8.62326064126604;8.62326064126604;6.750201;19;3.23472503082619 * padding_160;1;0.293250706112186;
15;24.5277566489362 * API + 41.9095997340426 * LocalMemory + 63.8857433510638 * bs_32x1 + -31.1796897163121 * bs_64x2 + 8.04216356382982 * bs_512x1 + -29.0083563829787 * bs_256x2 + -23.5356063829788 * LocalMemory * bs_32x4 + -32.9728497340426 * LocalMemory * bs_128x2 + -24.1573563829787 * bs_256x1 + -37.0698430851063 * LocalMemory * bs_32x2 + -2.22950664893619 * bs_128x2 + -19.4175199468086 * bs_512x1 * Linear1D + -6.34092021276597 * padding_224 + 5.12424335106385 * bs_32x32 + 3.44324335106378 * padding_160 + 2.86624335106376 * bs_32x2;8.38112477241661;8.38112477241661;8.38112477241661;8.38112477241661;8.193096;20;2.86624335106376 * bs_32x2;1;0.242135868849422;
Elapsed=00:00:08.1978129
average model: 
command: analyze-learning
Round, Model, LearningError, LearningErrorRel, ValidationError, ValidationErrorRel, ElapsedSeconds, ModelComplexity, BestCandidate, BestCandidateSize, BestCandidateScore, TestError
Models:
Termination reason: minImprovementPerRound
1;30.6160434782609 * API + 25.2281046698873 * LocalMemory;30.7801002993111;30.7801002993111;30.7801002993111;30.7801002993111;0.06196;2;25.2281046698873 * LocalMemory;1;19.9760080875694;32.9208173574731
2;25.1115238095238 * API + 30.7326243386243 * LocalMemory + 63.3019761904762 * bs_32x1;22.3872128138231;22.3872128138231;22.3872128138231;22.3872128138231;0.115611;3;63.3019761904762 * bs_32x1;1;8.39288748548799;30.5762085526607
3;25.1115238095238 * API + 33.3059345238095 * LocalMemory + 63.3019761904762 * bs_32x1 + -23.1597916666667 * bs_64x2;19.6846660495321;19.6846660495321;19.6846660495321;19.6846660495321;0.202842;4;-23.1597916666667 * bs_64x2;1;2.70254676429099;32.9135652517149
4;23.9644664602683 * API + 31.9438039215687 * LocalMemory + 64.4490335397317 * bs_32x1 + -20.6506037151703 * bs_64x2 + 12.0441021671826 * bs_512x1;18.6450178887674;18.6450178887674;18.6450178887674;18.6450178887674;0.330565;5;12.0441021671826 * bs_512x1;1;1.03964816076476;31.3104313992709
5;24.0313234442836 * API + 32.8330018089725 * LocalMemory + 64.3821765557164 * bs_32x1 + -21.6066585865895 * bs_64x2 + 11.3421038350217 * bs_512x1 + -19.4353252532561 * bs_256x2;17.6614224733099;17.6614224733099;17.6614224733099;17.6614224733099;0.513958;6;-19.4353252532561 * bs_256x2;1;0.983595415457479;33.7359415975128
6;24.2861149635037 * API + 36.2217290145986 * LocalMemory + 64.1273850364963 * bs_32x1 + -25.2501773114355 * bs_64x2 + 8.66679288321168 * bs_512x1 + -23.0788439781022 * bs_256x2 + -17.6060939781022 * LocalMemory * bs_32x4;15.661962150574;15.661962150574;15.661962150574;15.661962150574;0.754695;8;-17.6060939781022 * LocalMemory * bs_32x4;2;0.999730161367961;35.5373254017523
7;24.4289790141532 * API + 38.1218208882382 * LocalMemory + 63.9845209858468 * bs_32x1 + -27.2931332357248 * bs_64x2 + 7.16672035139097 * bs_512x1 + -25.1217999023914 * bs_256x2 + -19.6490499023914 * LocalMemory * bs_32x4 + -31.3157999023914 * LocalMemory * bs_128x2;13.7104955017868;13.7104955017868;13.7104955017868;13.7104955017868;1.101532;10;-31.3157999023914 * LocalMemory * bs_128x2;2;0.97573332439358;35.2658467148038
8;24.5353315844702 * API + 39.5363100734522 * LocalMemory + 63.8781684155299 * bs_32x1 + -28.8139749912557 * bs_64x2 + 6.05001836306402 * bs_512x1 + -26.6426416579223 * bs_256x2 + -21.1698916579223 * LocalMemory * bs_32x4 + -32.8366416579223 * LocalMemory * bs_128x2 + -21.7916416579223 * bs_256x1;12.7334917759212;12.7334917759212;12.7334917759212;12.7334917759212;1.519771;11;-21.7916416579223 * bs_256x1;1;0.977003725865565;37.8669688324035
9;24.6963902439025 * API + 41.6783902439025 * LocalMemory + 63.7171097560976 * bs_32x1 + -31.1171138211382 * bs_64x2 + 4.35890243902437 * bs_512x1 + -28.9457804878049 * bs_256x2 + -23.4730304878049 * LocalMemory * bs_32x4 + -35.1397804878049 * LocalMemory * bs_128x2 + -24.0947804878049 * bs_256x1 + -30.6977804878049 * LocalMemory * bs_32x2;11.2424272801685;11.2424272801685;11.2424272801685;11.2424272801685;2.029057;13;-30.6977804878049 * LocalMemory * bs_32x2;2;0.745532247876395;37.8501811534205
10;25.2861802120142 * API + 41.1563922261485 * LocalMemory + 63.1273197879859 * bs_32x1 + -31.1849057714959 * bs_64x2 + 4.14196819787989 * bs_512x1 + -29.0135724381626 * bs_256x2 + -23.5408224381625 * LocalMemory * bs_32x4 + -32.2196422261484 * LocalMemory * bs_128x2 + -24.1625724381626 * bs_256x1 + -30.7655724381626 * LocalMemory * bs_32x2 + -2.98793021201413 * bs_128x2;10.6171348198595;10.6171348198595;10.6171348198595;10.6171348198595;2.66431;14;-2.98793021201413 * bs_128x2;1;0.625292460308971;37.7591600803664
11;25.0011252086813 * API + 41.8301585976627 * LocalMemory + 63.4123747913188 * bs_32x1 + -31.5736171396773 * bs_64x2 + 6.56493572621033 * bs_512x1 + -29.4022838063439 * bs_256x2 + -23.9295338063439 * LocalMemory * bs_32x4 + -32.8934085976627 * LocalMemory * bs_128x2 + -24.5512838063439 * bs_256x1 + -31.1542838063439 * LocalMemory * bs_32x2 + -2.70287520868116 * bs_128x2 + -18.3342195325542 * bs_512x1 * Linear1D;9.8016158065033;9.8016158065033;9.8016158065033;9.8016158065033;3.446086;16;-18.3342195325542 * bs_512x1 * Linear1D;2;0.407759506678088;38.2112640991669
12;25.2539031216362 * API + 41.2326835306781 * LocalMemory + 63.1595968783638 * bs_32x1 + -31.2289199856477 * bs_64x2 + 7.85755005382129 * bs_512x1 + -29.0575866523143 * bs_256x2 + -23.5848366523143 * LocalMemory * bs_32x4 + -32.2959335306781 * LocalMemory * bs_128x2 + -24.2065866523143 * bs_256x1 + -30.8095866523143 * LocalMemory * bs_32x2 + -2.95565312163622 * bs_128x2 + -19.2821367061357 * bs_512x1 * Linear1D + -6.88245317545752 * padding_224;9.29740202762351;9.29740202762351;9.29740202762351;9.29740202762351;4.387197;17;-6.88245317545752 * padding_224;1;0.504213778879794;38.3524042606779
13;24.9556413793103 * API + 41.5107241379311 * LocalMemory + 63.4578586206897 * bs_32x1 + -31.2086988505747 * bs_64x2 + 7.93337931034485 * bs_512x1 + -29.0373655172414 * bs_256x2 + -23.5646155172414 * LocalMemory * bs_32x4 + -32.573974137931 * LocalMemory * bs_128x2 + -24.1863655172414 * bs_256x1 + -30.7893655172414 * LocalMemory * bs_32x2 + -2.65739137931036 * bs_128x2 + -19.3377448275863 * bs_512x1 * Linear1D + -6.6600206896552 * padding_224 + 4.69635862068965 * bs_32x32;8.91651134737822;8.91651134737822;8.91651134737822;8.91651134737822;5.472847;18;4.69635862068965 * bs_32x32;1;0.380890680245287;38.2928235899352
14;24.7362749691739 * API + 41.7152182490753 * LocalMemory + 63.6772250308261 * bs_32x1 + -31.1938265515824 * bs_64x2 + 7.98915043156599 * bs_512x1 + -29.0224932182491 * bs_256x2 + -23.5497432182491 * LocalMemory * bs_32x4 + -32.7784682490752 * LocalMemory * bs_128x2 + -24.1714932182491 * bs_256x1 + -34.0092182490752 * LocalMemory * bs_32x2 + -2.43802496917376 * bs_128x2 + -19.378643649815 * bs_512x1 * Linear1D + -6.49642540073974 * padding_224 + 4.91572503082616 * bs_32x32 + 3.23472503082619 * padding_160;8.62326064126604;8.62326064126604;8.62326064126604;8.62326064126604;6.750201;19;3.23472503082619 * padding_160;1;0.293250706112186;38.5115114330605
15;24.5277566489362 * API + 41.9095997340426 * LocalMemory + 63.8857433510638 * bs_32x1 + -31.1796897163121 * bs_64x2 + 8.04216356382982 * bs_512x1 + -29.0083563829787 * bs_256x2 + -23.5356063829788 * LocalMemory * bs_32x4 + -32.9728497340426 * LocalMemory * bs_128x2 + -24.1573563829787 * bs_256x1 + -37.0698430851063 * LocalMemory * bs_32x2 + -2.22950664893619 * bs_128x2 + -19.4175199468086 * bs_512x1 * Linear1D + -6.34092021276597 * padding_224 + 5.12424335106385 * bs_32x32 + 3.44324335106378 * padding_160 + 2.86624335106376 * bs_32x2;8.38112477241661;8.38112477241661;8.38112477241661;8.38112477241661;8.193096;20;2.86624335106376 * bs_32x2;1;0.242135868849422;38.5718959323925
Analyze finished
command: clean-sampling
command: clean-global
command: script ./learn_divDistBased_t2.a
command: log ./out_divDistBased_t2Predictions.log
