Current machine learning settings: epsilon:0 lossFunction:RELATIVE parallelization:True bagging:False baggingNumbers:3 considerEpsilonTube:False baggingTestDataFraction:50 useBackward:False abortError:1 limitFeatureSize:False featureSizeTreshold:4 quadraticFunctionSupport:True crossValidation:False crossValidation-k:5 learn-logFunction:False learn-accumulatedLogFunction:False learn-asymFunction:False learn-ratioFunction:False learn-mirrowedFunction:False learn-numeric-disabled:True numberOfRounds:70 backwardErrorDelta:1 minImprovementPerRound:0.1 withHierarchy:False bruteForceCandidates:False ignoreBadFeatures:False stopOnLongRound:True candidateSizePenalty:True learnTimeLimit:00:00:00 scoreMeasure:RELERROR outputRoundsToStdout:False debug:False pythonInfluenceAnalysis:False blacklisted: 
command: solver z3
command: vm /scratch/kallistos/Distance-Based_Data/SupplementaryWebsite/MeasuredPerformanceValues/VP9/FeatureModel.xml
command: all /scratch/kallistos/Distance-Based_Data/SupplementaryWebsite/MeasuredPerformanceValues/VP9/measurements.csv
216001 configurations loaded.
command: binary grammar-based numConfigs:3893 seed:28  confFaultsReport:./out_grammarBasedFailureReport_t3.log
command: printconfigs ./sampledConfigurations_grammarBased_t3FailureReport.csv
Number to sample: 3893; Number of Configurations in Grammar: 216000
Draw a new random number, cause 174629 is already in drawn.
Draw a new random number, cause 113616 is already in drawn.
Draw a new random number, cause 142621 is already in drawn.
Draw a new random number, cause 97548 is already in drawn.
Draw a new random number, cause 46568 is already in drawn.
Draw a new random number, cause 78693 is already in drawn.
Draw a new random number, cause 27923 is already in drawn.
Draw a new random number, cause 39070 is already in drawn.
Draw a new random number, cause 39753 is already in drawn.
Draw a new random number, cause 4106 is already in drawn.
Draw a new random number, cause 31223 is already in drawn.
Draw a new random number, cause 70584 is already in drawn.
Draw a new random number, cause 148229 is already in drawn.
Draw a new random number, cause 195086 is already in drawn.
Draw a new random number, cause 37150 is already in drawn.
Draw a new random number, cause 46188 is already in drawn.
Draw a new random number, cause 32702 is already in drawn.
Draw a new random number, cause 18926 is already in drawn.
Draw a new random number, cause 204305 is already in drawn.
Draw a new random number, cause 83070 is already in drawn.
Draw a new random number, cause 183953 is already in drawn.
Draw a new random number, cause 97779 is already in drawn.
Draw a new random number, cause 209865 is already in drawn.
Draw a new random number, cause 132484 is already in drawn.
Draw a new random number, cause 184883 is already in drawn.
Draw a new random number, cause 67701 is already in drawn.
Draw a new random number, cause 199500 is already in drawn.
Draw a new random number, cause 77069 is already in drawn.
Draw a new random number, cause 69603 is already in drawn.
Draw a new random number, cause 71215 is already in drawn.
Draw a new random number, cause 117277 is already in drawn.
Draw a new random number, cause 98951 is already in drawn.
Draw a new random number, cause 93287 is already in drawn.
Draw a new random number, cause 121633 is already in drawn.
Draw a new random number, cause 74902 is already in drawn.
Draw a new random number, cause 165462 is already in drawn.
Draw a new random number, cause 191551 is already in drawn.
Draw a new random number, cause 127500 is already in drawn.
Draw a new random number, cause 38316 is already in drawn.
Draw a new random number, cause 86350 is already in drawn.
Draw a new random number, cause 78862 is already in drawn.
Draw a new random number, cause 205095 is already in drawn.
Draw a new random number, cause 180436 is already in drawn.
Draw a new random number, cause 181743 is already in drawn.
Draw a new random number, cause 145359 is already in drawn.
Draw a new random number, cause 181123 is already in drawn.
Draw a new random number, cause 123187 is already in drawn.
Draw a new random number, cause 75864 is already in drawn.
0 drawn configurations were invalid
command: clean-sampling
command: clean-global
