Current machine learning settings: epsilon:0 lossFunction:RELATIVE parallelization:True bagging:False baggingNumbers:3 considerEpsilonTube:False baggingTestDataFraction:50 useBackward:False abortError:1 limitFeatureSize:False featureSizeTreshold:4 quadraticFunctionSupport:True crossValidation:False crossValidation-k:5 learn-logFunction:False learn-accumulatedLogFunction:False learn-asymFunction:False learn-ratioFunction:False learn-mirrowedFunction:False learn-numeric-disabled:True numberOfRounds:70 backwardErrorDelta:1 minImprovementPerRound:0.1 withHierarchy:False bruteForceCandidates:False ignoreBadFeatures:False stopOnLongRound:True candidateSizePenalty:True learnTimeLimit:00:00:00 scoreMeasure:RELERROR outputRoundsToStdout:False debug:False pythonInfluenceAnalysis:False blacklisted: 
command: mlsettings bagging:False stopOnLongRound:False parallelization:True lossFunction:RELATIVE useBackward:False abortError:1 limitFeatureSize:False featureSizeTreshold:7 quadraticFunctionSupport:True crossValidation:False learn_logFunction:True numberOfRounds:70 backwardErrorDelta:1 minImprovementPerRound:0.25 withHierarchy:False
Current machine learning settings: epsilon:0 lossFunction:RELATIVE parallelization:True bagging:False baggingNumbers:3 considerEpsilonTube:False baggingTestDataFraction:50 useBackward:False abortError:1 limitFeatureSize:False featureSizeTreshold:7 quadraticFunctionSupport:True crossValidation:False crossValidation-k:5 learn-logFunction:True learn-accumulatedLogFunction:False learn-asymFunction:False learn-ratioFunction:False learn-mirrowedFunction:False learn-numeric-disabled:True numberOfRounds:70 backwardErrorDelta:1 minImprovementPerRound:0.25 withHierarchy:False bruteForceCandidates:False ignoreBadFeatures:False stopOnLongRound:False candidateSizePenalty:True learnTimeLimit:00:00:00 scoreMeasure:RELERROR outputRoundsToStdout:False debug:False pythonInfluenceAnalysis:False blacklisted: 
command: solver z3
command: vm /scratch/kallistos/Distance-Based_Data/SupplementaryWebsite/MeasuredPerformanceValues/Polly/FeatureModel.xml
command: all /scratch/kallistos/Distance-Based_Data/SupplementaryWebsite/MeasuredPerformanceValues/Polly/measurements.xml
Configs with too large deviation: 0
60000 configurations loaded.
command: nfp Performance
command: setsampleset /scratch/kallistos/Distance-Based_Data/Results/Polly/Polly_98/sampledConfigurations_divDistBased_t3.csv
command: learn-splconqueror
Learning: NumberOfConfigurationsLearning:2172 NumberOfConfigurationsValidation:2172
Learning progress:
1;22.1125143129771 * polly_vectorizer + 7.44387951857689 * memory_based;33.7027985535322;33.7027985535322;33.7027985535322;33.7027985535322;0.637326;2;7.44387951857689 * memory_based;1;8.6590029773965;
2;20.0267073647932 * polly_vectorizer + 7.15654846908888 * memory_based + 4.81481427686493 * polly_no_tiling;31.3076923492224;31.3076923492224;31.3076923492224;31.3076923492224;2.353238;3;4.81481427686493 * polly_no_tiling;1;2.39510620430976;
3;17.7639697634452 * polly_vectorizer + 6.70296701654267 * memory_based + 5.01818739607542 * polly_no_tiling + 6.01323907675768 * max;26.7904603550724;26.7904603550724;26.7904603550724;26.7904603550724;5.276257;4;6.01323907675768 * max;1;4.51723199415;
4;15.4793318575404 * polly_vectorizer + -0.264208203031477 * memory_based + 5.16142728078285 * polly_no_tiling + 12.159069202697 * max + 11.5186962603561 * memory_based * min;22.1672192087653;22.1672192087653;22.1672192087653;22.1672192087653;9.856326;6;11.5186962603561 * memory_based * min;2;2.31162057315356;
5;12.9721366242274 * polly_vectorizer + 4.34060272098562 * memory_based + 10.6608161695912 * polly_no_tiling + 12.5042355588797 * max + 11.918721362434 * memory_based * min + -10.5183822540507 * memory_based * polly_no_tiling;15.3423095771901;15.3423095771901;15.3423095771901;15.3423095771901;16.653013;8;-10.5183822540507 * memory_based * polly_no_tiling;2;3.41245481578761;
6;12.8357610918972 * polly_vectorizer + 4.10943814526588 * memory_based + 10.3748139799266 * polly_no_tiling + 12.3255347742534 * max + 12.145566209719 * memory_based * min + -10.3137789553476 * memory_based * polly_no_tiling + 1.1741177564243 * parallel;14.7813804481239;14.7813804481239;14.7813804481239;14.7813804481239;25.838632;9;1.1741177564243 * parallel;1;0.560929129066125;
7;11.5039864222465 * polly_vectorizer + 4.04451232278187 * memory_based + 12.7422611209788 * polly_no_tiling + 15.2625811207059 * max + 11.7903984909538 * memory_based * min + -9.50543695852359 * memory_based * polly_no_tiling + 2.28520904573576 * parallel + -7.47971937885704 * max * polly_no_tiling;13.7945850908818;13.7945850908818;13.7945850908818;13.7945850908818;37.917934;11;-7.47971937885704 * max * polly_no_tiling;2;0.493397678621089;
8;10.2053681244349 * polly_vectorizer + -0.0462323941182622 * memory_based + 15.7860898583199 * polly_no_tiling + 18.7936803693538 * max + 18.832402537861 * memory_based * min + 0.0300121048585879 * memory_based * polly_no_tiling + 1.89315560064968 * parallel + -15.839030699722 * max * polly_no_tiling + -15.7786633001715 * memory_based * min * polly_no_tiling;8.7239884282102;8.7239884282102;8.7239884282102;8.7239884282102;53.138053;14;-15.7786633001715 * memory_based * min * polly_no_tiling;3;1.69019888755719;
9;10.7827619826078 * polly_vectorizer + -0.0340899650131141 * memory_based + 16.141003346235 * polly_no_tiling + 18.8427688029608 * max + 18.859563591491 * memory_based * min + -0.00788684848163324 * memory_based * polly_no_tiling + 2.01395567455604 * parallel + -16.2381294874874 * max * polly_no_tiling + -15.7952003889909 * memory_based * min * polly_no_tiling + -1.11497112209889 * polly;8.32506293261927;8.32506293261927;8.32506293261927;8.32506293261927;72.224879;15;-1.11497112209889 * polly;1;0.398925495590928;
10;11.4557974329307 * polly_vectorizer + -1.46034401483742 * memory_based + 16.558842548765 * polly_no_tiling + 18.9014404522582 * max + 18.9484979238298 * memory_based * min + 0.0168003850555385 * memory_based * polly_no_tiling + 2.03416624304821 * parallel + -16.6547580947169 * max * polly_no_tiling + -16.5172036301248 * memory_based * min * polly_no_tiling + -2.3775225991609 * polly + 2.39936253821887 * memory_based * polly;7.28386410685323;7.28386410685323;7.28386410685323;7.28386410685323;96.334204;17;2.39936253821887 * memory_based * polly;2;0.520599412883021;
11;11.8940600441417 * polly_vectorizer + -1.40552179918177 * memory_based + 16.8317851257552 * polly_no_tiling + 17.8173029693815 * max + 19.0063816293554 * memory_based * min + 0.0546699252125888 * memory_based * polly_no_tiling + 2.02234413968786 * parallel + -16.9313986425136 * max * polly_no_tiling + -16.5947607285484 * memory_based * min * polly_no_tiling + -3.19197523649011 * polly + 2.26881509085804 * memory_based * polly + 1.92692571964959 * max * polly;6.82976859662618;6.82976859662618;6.82976859662618;6.82976859662618;125.916379;19;1.92692571964959 * max * polly;2;0.227047755113527;
Elapsed=00:02:05.9921380
average model: 
command: analyze-learning
Round, Model, LearningError, LearningErrorRel, ValidationError, ValidationErrorRel, ElapsedSeconds, ModelComplexity, BestCandidate, BestCandidateSize, BestCandidateScore, TestError
Models:
Termination reason: minImprovementPerRound
1;22.1125143129771 * polly_vectorizer + 7.44387951857689 * memory_based;33.7027985535322;33.7027985535322;33.7027985535322;33.7027985535322;0.637326;2;7.44387951857689 * memory_based;1;8.6590029773965;28.1393189612962
2;20.0267073647932 * polly_vectorizer + 7.15654846908888 * memory_based + 4.81481427686493 * polly_no_tiling;31.3076923492224;31.3076923492224;31.3076923492224;31.3076923492224;2.353238;3;4.81481427686493 * polly_no_tiling;1;2.39510620430976;26.5145406408884
3;17.7639697634452 * polly_vectorizer + 6.70296701654267 * memory_based + 5.01818739607542 * polly_no_tiling + 6.01323907675768 * max;26.7904603550724;26.7904603550724;26.7904603550724;26.7904603550724;5.276257;4;6.01323907675768 * max;1;4.51723199415;22.5629119817358
4;15.4793318575404 * polly_vectorizer + -0.264208203031477 * memory_based + 5.16142728078285 * polly_no_tiling + 12.159069202697 * max + 11.5186962603561 * memory_based * min;22.1672192087653;22.1672192087653;22.1672192087653;22.1672192087653;9.856326;6;11.5186962603561 * memory_based * min;2;2.31162057315356;18.8773288931132
5;12.9721366242274 * polly_vectorizer + 4.34060272098562 * memory_based + 10.6608161695912 * polly_no_tiling + 12.5042355588797 * max + 11.918721362434 * memory_based * min + -10.5183822540507 * memory_based * polly_no_tiling;15.3423095771901;15.3423095771901;15.3423095771901;15.3423095771901;16.653013;8;-10.5183822540507 * memory_based * polly_no_tiling;2;3.41245481578761;14.4940159100774
6;12.8357610918972 * polly_vectorizer + 4.10943814526588 * memory_based + 10.3748139799266 * polly_no_tiling + 12.3255347742534 * max + 12.145566209719 * memory_based * min + -10.3137789553476 * memory_based * polly_no_tiling + 1.1741177564243 * parallel;14.7813804481239;14.7813804481239;14.7813804481239;14.7813804481239;25.838632;9;1.1741177564243 * parallel;1;0.560929129066125;13.6934232417046
7;11.5039864222465 * polly_vectorizer + 4.04451232278187 * memory_based + 12.7422611209788 * polly_no_tiling + 15.2625811207059 * max + 11.7903984909538 * memory_based * min + -9.50543695852359 * memory_based * polly_no_tiling + 2.28520904573576 * parallel + -7.47971937885704 * max * polly_no_tiling;13.7945850908818;13.7945850908818;13.7945850908818;13.7945850908818;37.917934;11;-7.47971937885704 * max * polly_no_tiling;2;0.493397678621089;12.464942035251
8;10.2053681244349 * polly_vectorizer + -0.0462323941182622 * memory_based + 15.7860898583199 * polly_no_tiling + 18.7936803693538 * max + 18.832402537861 * memory_based * min + 0.0300121048585879 * memory_based * polly_no_tiling + 1.89315560064968 * parallel + -15.839030699722 * max * polly_no_tiling + -15.7786633001715 * memory_based * min * polly_no_tiling;8.7239884282102;8.7239884282102;8.7239884282102;8.7239884282102;53.138053;14;-15.7786633001715 * memory_based * min * polly_no_tiling;3;1.69019888755719;6.82764953400207
9;10.7827619826078 * polly_vectorizer + -0.0340899650131141 * memory_based + 16.141003346235 * polly_no_tiling + 18.8427688029608 * max + 18.859563591491 * memory_based * min + -0.00788684848163324 * memory_based * polly_no_tiling + 2.01395567455604 * parallel + -16.2381294874874 * max * polly_no_tiling + -15.7952003889909 * memory_based * min * polly_no_tiling + -1.11497112209889 * polly;8.32506293261927;8.32506293261927;8.32506293261927;8.32506293261927;72.224879;15;-1.11497112209889 * polly;1;0.398925495590928;6.72497590104548
10;11.4557974329307 * polly_vectorizer + -1.46034401483742 * memory_based + 16.558842548765 * polly_no_tiling + 18.9014404522582 * max + 18.9484979238298 * memory_based * min + 0.0168003850555385 * memory_based * polly_no_tiling + 2.03416624304821 * parallel + -16.6547580947169 * max * polly_no_tiling + -16.5172036301248 * memory_based * min * polly_no_tiling + -2.3775225991609 * polly + 2.39936253821887 * memory_based * polly;7.28386410685323;7.28386410685323;7.28386410685323;7.28386410685323;96.334204;17;2.39936253821887 * memory_based * polly;2;0.520599412883021;5.84632224486961
11;11.8940600441417 * polly_vectorizer + -1.40552179918177 * memory_based + 16.8317851257552 * polly_no_tiling + 17.8173029693815 * max + 19.0063816293554 * memory_based * min + 0.0546699252125888 * memory_based * polly_no_tiling + 2.02234413968786 * parallel + -16.9313986425136 * max * polly_no_tiling + -16.5947607285484 * memory_based * min * polly_no_tiling + -3.19197523649011 * polly + 2.26881509085804 * memory_based * polly + 1.92692571964959 * max * polly;6.82976859662618;6.82976859662618;6.82976859662618;6.82976859662618;125.916379;19;1.92692571964959 * max * polly;2;0.227047755113527;5.34317670820938
Analyze finished
command: clean-sampling
command: clean-global
