Current machine learning settings: epsilon:0 lossFunction:RELATIVE parallelization:True bagging:False baggingNumbers:3 considerEpsilonTube:False baggingTestDataFraction:50 useBackward:False abortError:1 limitFeatureSize:False featureSizeTreshold:4 quadraticFunctionSupport:True crossValidation:False crossValidation-k:5 learn-logFunction:False learn-accumulatedLogFunction:False learn-asymFunction:False learn-ratioFunction:False learn-mirrowedFunction:False learn-numeric-disabled:True numberOfRounds:70 backwardErrorDelta:1 minImprovementPerRound:0.1 withHierarchy:False bruteForceCandidates:False ignoreBadFeatures:False stopOnLongRound:True candidateSizePenalty:True learnTimeLimit:00:00:00 scoreMeasure:RELERROR outputRoundsToStdout:False debug:False pythonInfluenceAnalysis:False blacklisted: 
command: mlsettings bagging:False stopOnLongRound:False parallelization:True lossFunction:RELATIVE useBackward:False abortError:1 limitFeatureSize:False featureSizeTreshold:7 quadraticFunctionSupport:True crossValidation:False learn_logFunction:True numberOfRounds:70 backwardErrorDelta:1 minImprovementPerRound:0.25 withHierarchy:False
Current machine learning settings: epsilon:0 lossFunction:RELATIVE parallelization:True bagging:False baggingNumbers:3 considerEpsilonTube:False baggingTestDataFraction:50 useBackward:False abortError:1 limitFeatureSize:False featureSizeTreshold:7 quadraticFunctionSupport:True crossValidation:False crossValidation-k:5 learn-logFunction:True learn-accumulatedLogFunction:False learn-asymFunction:False learn-ratioFunction:False learn-mirrowedFunction:False learn-numeric-disabled:True numberOfRounds:70 backwardErrorDelta:1 minImprovementPerRound:0.25 withHierarchy:False bruteForceCandidates:False ignoreBadFeatures:False stopOnLongRound:False candidateSizePenalty:True learnTimeLimit:00:00:00 scoreMeasure:RELERROR outputRoundsToStdout:False debug:False pythonInfluenceAnalysis:False blacklisted: 
command: solver z3
command: vm /scratch/kallistos/Distance-Based_Data/SupplementaryWebsite/MeasuredPerformanceValues/Polly/FeatureModel.xml
command: all /scratch/kallistos/Distance-Based_Data/SupplementaryWebsite/MeasuredPerformanceValues/Polly/measurements.xml
Configs with too large deviation: 0
60000 configurations loaded.
command: nfp Performance
command: setsampleset /scratch/kallistos/Distance-Based_Data/Results/Polly/Polly_33/sampledConfigurations_divDistBased_t2.csv
command: learn-splconqueror
Learning: NumberOfConfigurationsLearning:345 NumberOfConfigurationsValidation:345
Learning progress:
1;25.3206172839507 * polly_vectorizer + 4.57218781623154 * memory_based;16.8630179420321;16.8630179420321;16.8630179420321;16.8630179420321;0.06473;2;4.57218781623154 * memory_based;1;2.40009541624909;
2;25.1251124029536 * polly_vectorizer + 3.5428903658369 * memory_based + 2.436291593964 * parallel;15.425384352931;15.425384352931;15.425384352931;15.425384352931;0.25047;3;2.436291593964 * parallel;1;1.43763358910108;
3;24.9606263982104 * polly_vectorizer + 3.97669960911572 * memory_based + 1.90057254339865 * parallel + 2.58546772505773 * parallel * value_based;15.219822163633;15.219822163633;15.219822163633;15.219822163633;0.564448;5;2.58546772505773 * parallel * value_based;2;0.102781094648999;
Elapsed=00:00:00.5681041
average model: 
command: analyze-learning
Round, Model, LearningError, LearningErrorRel, ValidationError, ValidationErrorRel, ElapsedSeconds, ModelComplexity, BestCandidate, BestCandidateSize, BestCandidateScore, TestError
Models:
Termination reason: minImprovementPerRound
1;25.3206172839507 * polly_vectorizer + 4.57218781623154 * memory_based;16.8630179420321;16.8630179420321;16.8630179420321;16.8630179420321;0.06473;2;4.57218781623154 * memory_based;1;2.40009541624909;28.7883602120372
2;25.1251124029536 * polly_vectorizer + 3.5428903658369 * memory_based + 2.436291593964 * parallel;15.425384352931;15.425384352931;15.425384352931;15.425384352931;0.25047;3;2.436291593964 * parallel;1;1.43763358910108;27.750126978751
3;24.9606263982104 * polly_vectorizer + 3.97669960911572 * memory_based + 1.90057254339865 * parallel + 2.58546772505773 * parallel * value_based;15.219822163633;15.219822163633;15.219822163633;15.219822163633;0.564448;5;2.58546772505773 * parallel * value_based;2;0.102781094648999;27.7401597497425
Analyze finished
command: clean-sampling
command: clean-global
command: script ./learn_divDistBased_t3.a
command: log ./out_divDistBased_t3Predictions.log
