5107 - OpenCL, Linear1D, LocalMemory, bs_512x1, padding_32, pixelPerThread_4
13302 - OpenCL, Ldg, LocalMemory, bs_64x16, padding_320, pixelPerThread_3
12458 - OpenCL, Ldg, bs_32x2, padding_96, pixelPerThread_3
11347 - OpenCL, Array2D, LocalMemory, bs_256x1, padding_448, pixelPerThread_4
7339 - OpenCL, Linear2D, LocalMemory, bs_32x16, padding_480, pixelPerThread_4
22326 - CUDA, Linear2D, LocalMemory, bs_512x2, padding_160, pixelPerThread_3
19287 - CUDA, Linear1D, LocalMemory, bs_128x8, padding_320, pixelPerThread_4
8075 - OpenCL, Linear2D, LocalMemory, bs_512x2, padding_384, pixelPerThread_4
10223 - OpenCL, Array2D, LocalMemory, bs_32x32, padding_160, pixelPerThread_4
10342 - OpenCL, Array2D, LocalMemory, bs_64x4, padding_32, pixelPerThread_3
11818 - OpenCL, Ldg, bs_64x4, padding_416, pixelPerThread_3
10171 - OpenCL, Array2D, LocalMemory, bs_32x16, padding_288, pixelPerThread_4
10156 - OpenCL, Array2D, LocalMemory, bs_32x16, padding_192, pixelPerThread_1
4027 - OpenCL, Linear1D, bs_64x2, padding_96, pixelPerThread_4
9697 - OpenCL, Array2D, bs_32x4, padding_320, pixelPerThread_2
10558 - OpenCL, Array2D, LocalMemory, bs_128x2, padding_128, pixelPerThread_3
7222 - OpenCL, Linear2D, LocalMemory, bs_32x8, padding_96, pixelPerThread_3
3684 - OpenCL, Linear1D, bs_512x1, padding_96, pixelPerThread_1
24497 - CUDA, Array2D, LocalMemory, bs_32x32, padding_128, pixelPerThread_2
8236 - OpenCL, Linear2D, LocalMemory, bs_32x4, padding_64, pixelPerThread_1
3533 - OpenCL, Linear1D, bs_128x4, padding_512, pixelPerThread_2
2863 - OpenCL, Linear1D, bs_32x1, padding_32, pixelPerThread_4
9714 - OpenCL, Array2D, bs_32x4, padding_448, pixelPerThread_3
13547 - OpenCL, Ldg, LocalMemory, bs_128x8, padding_96, pixelPerThread_4
23497 - CUDA, Array2D, bs_128x4, padding_288, pixelPerThread_2
10094 - OpenCL, Array2D, LocalMemory, bs_32x8, padding_224, pixelPerThread_3
13283 - OpenCL, Ldg, LocalMemory, bs_64x16, padding_160, pixelPerThread_4
13434 - OpenCL, Ldg, LocalMemory, bs_128x2, padding_288, pixelPerThread_3
6337 - OpenCL, Linear2D, bs_128x4, padding_96, pixelPerThread_2
11768 - OpenCL, Ldg, bs_64x4, padding_32, pixelPerThread_1
4180 - OpenCL, Linear1D, bs_256x1, padding_256, pixelPerThread_1
23573 - CUDA, Array2D, bs_128x8, padding_352, pixelPerThread_2
4268 - OpenCL, Linear1D, bs_256x2, padding_416, pixelPerThread_1
13782 - OpenCL, Ldg, LocalMemory, bs_512x2, padding_352, pixelPerThread_3
4391 - OpenCL, Linear1D, LocalMemory, bs_32x8, padding_288, pixelPerThread_4
12297 - OpenCL, Ldg, bs_512x1, padding_448, pixelPerThread_2
8402 - OpenCL, Linear2D, LocalMemory, bs_64x8, padding_288, pixelPerThread_3
24207 - CUDA, Array2D, bs_256x1, padding_512, pixelPerThread_4
9770 - OpenCL, Array2D, bs_64x2, padding_352, pixelPerThread_3
9126 - OpenCL, Array2D, bs_128x2, padding_96, pixelPerThread_3
9341 - OpenCL, Array2D, bs_256x4, padding_192, pixelPerThread_2
9898 - OpenCL, Array2D, bs_256x1, padding_288, pixelPerThread_3
9750 - OpenCL, Array2D, bs_64x2, padding_192, pixelPerThread_3
12784 - OpenCL, Ldg, bs_256x2, padding_0, pixelPerThread_1
