Current machine learning settings: epsilon:0 lossFunction:RELATIVE parallelization:True bagging:False baggingNumbers:3 considerEpsilonTube:False baggingTestDataFraction:50 useBackward:False abortError:1 limitFeatureSize:False featureSizeTreshold:4 quadraticFunctionSupport:True crossValidation:False crossValidation-k:5 learn-logFunction:False learn-accumulatedLogFunction:False learn-asymFunction:False learn-ratioFunction:False learn-mirrowedFunction:False learn-numeric-disabled:True numberOfRounds:70 backwardErrorDelta:1 minImprovementPerRound:0.1 withHierarchy:False bruteForceCandidates:False ignoreBadFeatures:False stopOnLongRound:True candidateSizePenalty:True learnTimeLimit:00:00:00 scoreMeasure:RELERROR outputRoundsToStdout:False debug:False pythonInfluenceAnalysis:False blacklisted: 
command: mlsettings bagging:False stopOnLongRound:False parallelization:True lossFunction:RELATIVE useBackward:False abortError:1 limitFeatureSize:False featureSizeTreshold:7 quadraticFunctionSupport:True crossValidation:False learn_logFunction:True numberOfRounds:70 backwardErrorDelta:1 minImprovementPerRound:0.25 withHierarchy:False
Current machine learning settings: epsilon:0 lossFunction:RELATIVE parallelization:True bagging:False baggingNumbers:3 considerEpsilonTube:False baggingTestDataFraction:50 useBackward:False abortError:1 limitFeatureSize:False featureSizeTreshold:7 quadraticFunctionSupport:True crossValidation:False crossValidation-k:5 learn-logFunction:True learn-accumulatedLogFunction:False learn-asymFunction:False learn-ratioFunction:False learn-mirrowedFunction:False learn-numeric-disabled:True numberOfRounds:70 backwardErrorDelta:1 minImprovementPerRound:0.25 withHierarchy:False bruteForceCandidates:False ignoreBadFeatures:False stopOnLongRound:False candidateSizePenalty:True learnTimeLimit:00:00:00 scoreMeasure:RELERROR outputRoundsToStdout:False debug:False pythonInfluenceAnalysis:False blacklisted: 
command: solver z3
command: vm /scratch/kallistos/Distance-Based_Data/SupplementaryWebsite/MeasuredPerformanceValues/Hipacc/FeatureModel.xml
Warning: Variability model contains outdated notation. Children nodes will no longer have effect on the model. Instead use the parent node to describe the parent of an configuration option. You can also use the converter providedby the Variability Model GUI in export>convert legacy model.
Warning: Default value nodes in models are no longer used and should be removed. You can also use the converter provided by the Variability Model GUI in export>convert legacy model to update your model.
command: all /scratch/kallistos/Distance-Based_Data/SupplementaryWebsite/MeasuredPerformanceValues/Hipacc/measurements.xml
Configs with too large deviation: 0
13485 configurations loaded.
command: nfp Performance
command: setsampleset /scratch/kallistos/Distance-Based_Data/Results/Hipacc/Hipacc_87/sampledConfigurations_divDistBased_t1.csv
command: learn-splconqueror
Learning: NumberOfConfigurationsLearning:50 NumberOfConfigurationsValidation:50
Learning progress:
1;32.2524285714286 * API + 26.8816623376624 * LocalMemory;30.6037228137434;30.6037228137434;30.6037228137434;30.6037228137434;0.06098;2;26.8816623376624 * LocalMemory;1;19.9905310282383;
2;27.9323461538462 * API + 31.2017447552448 * LocalMemory + 60.4811538461539 * bs_32x1;23.6368314544409;23.6368314544409;23.6368314544409;23.6368314544409;0.110883;3;60.4811538461539 * bs_32x1;1;6.96689135930252;
3;23.0447143987342 * API + 32.6236012658228 * LocalMemory + 65.3687856012658 * bs_32x1 + 25.4156851265823 * bs_1024x1;19.5555566458061;19.5555566458061;19.5555566458061;19.5555566458061;0.190366;4;25.4156851265823 * bs_1024x1;1;4.08127480863482;
4;23.2440735551664 * API + 34.8564238178634 * LocalMemory + 65.1694264448336 * bs_32x1 + 24.3790175131348 * bs_1024x1 + -25.1989973730298 * padding_512;16.6656343096125;16.6656343096125;16.6656343096125;16.6656343096125;0.319074;5;-25.1989973730298 * padding_512;1;2.88992233619352;
5;23.3682201665125 * API + 36.2468658649399 * LocalMemory + 65.0452798334875 * bs_32x1 + 23.7334551341351 * bs_1024x1 + -26.7135860314524 * padding_512 + -28.3550860314524 * bs_128x2;14.7381636756287;14.7381636756287;14.7381636756287;14.7381636756287;0.49452;6;-28.3550860314524 * bs_128x2;1;1.92747063398379;
6;23.480862745098 * API + 37.508462745098 * LocalMemory + 64.9326372549019 * bs_32x1 + 23.1477137254902 * bs_1024x1 + -28.087825490196 * padding_512 + -29.7293254901961 * bs_128x2 + -24.3533254901961 * bs_64x4;13.2300076681886;13.2300076681886;13.2300076681886;13.2300076681886;0.727859;7;-24.3533254901961 * bs_64x4;1;1.50815600744013;
7;23.7341938421509 * API + 40.3457710320902 * LocalMemory + 64.6793061578491 * bs_32x1 + 21.8303920208153 * bs_1024x1 + -18.2585789245446 * padding_512 + -32.8199648742411 * bs_128x2 + -27.4439648742411 * bs_64x4 + -25.8397718993928 * LocalMemory * bs_32x4;10.9930551036677;10.9930551036677;10.9930551036677;10.9930551036677;1.024749;9;-25.8397718993928 * LocalMemory * bs_32x4;2;1.11847628226048;
8;23.7943797327394 * API + 41.0198530066816 * LocalMemory + 64.6191202672606 * bs_32x1 + 21.517425389755 * bs_1024x1 + -29.802232739421 * padding_512 + -33.554232739421 * bs_128x2 + -28.178232739421 * bs_64x4 + -31.978732739421 * LocalMemory * bs_32x4 + 27.757732739421 * padding_512 * bs_32x4;9.56791502924142;9.56791502924142;9.56791502924142;9.56791502924142;1.425804;11;27.757732739421 * padding_512 * bs_32x4;2;0.712570037213115;
9;25.4213333333333 * API + 36.7647435897436 * LocalMemory + 62.9921666666668 * bs_32x1 + 13.0572666666667 * bs_1024x1 + -27.174076923077 * padding_512 + -30.9260769230769 * bs_128x2 + -25.5500769230769 * bs_64x4 + -29.350576923077 * LocalMemory * bs_32x4 + 25.1295769230769 * padding_512 * bs_32x4 + 22.4769897435897 * bs_1024x1 * LocalMemory;8.46808371793991;8.46808371793991;8.46808371793991;8.46808371793991;1.953907;13;22.4769897435897 * bs_1024x1 * LocalMemory;2;0.549915655650756;
10;24.887641509434 * API + 37.0110628930818 * LocalMemory + 63.525858490566 * bs_32x1 + 13.590958490566 * bs_1024x1 + -26.8867044025158 * padding_512 + -30.6387044025156 * bs_128x2 + -25.2627044025157 * bs_64x4 + -29.0632044025157 * LocalMemory * bs_32x4 + 24.8422044025158 * padding_512 * bs_32x4 + 22.2306704402515 * bs_1024x1 * LocalMemory + 3.73584276729562 * bs_256x4;7.73375128702067;7.73375128702067;7.73375128702067;7.73375128702067;2.593666;14;3.73584276729562 * bs_256x4;1;0.734332430919238;
11;24.4488435163702 * API + 37.4240492394947 * LocalMemory + 63.9646564836299 * bs_32x1 + 13.2089461201341 * bs_1024x1 + -26.8608927558649 * padding_512 + -30.6128927558648 * bs_128x2 + -25.2368927558649 * bs_64x4 + -29.0373927558649 * LocalMemory * bs_32x4 + 24.816392755865 * padding_512 * bs_32x4 + 21.2704771848415 * bs_1024x1 * LocalMemory + 4.07139417375612 * bs_256x4 + 4.10405181747873 * padding_416;7.17212770472195;7.17212770472195;7.17212770472195;7.17212770472195;3.36132;15;4.10405181747873 * padding_416;1;0.56162358229872;
12;24.1167779049557 * API + 35.4699708338633 * LocalMemory + 60.9939464368985 * bs_32x1 + 13.5026964686931 * bs_1024x1 + -24.574748738819 * padding_512 + -31.6295243969647 * bs_128x2 + -22.9507487388189 * bs_64x4 + -28.4026365678918 * LocalMemory * bs_32x4 + 24.1816365678918 * padding_512 * bs_32x4 + 19.8962364237568 * bs_1024x1 * LocalMemory + 4.06628547204204 * bs_256x4 + 4.29562813175636 * padding_416 + 3.30277565814577 * pixelPerThread_1;6.7893118044136;6.7893118044136;6.7893118044136;6.7893118044136;4.277543;16;3.30277565814577 * pixelPerThread_1;1;0.382815900308357;
13;23.8294635352551 * API + 35.6993404125499 * LocalMemory + 61.144120976461 * bs_32x1 + 13.3404510538541 * bs_1024x1 + -24.5168039478051 * padding_512 + -31.708719436089 * bs_128x2 + -22.892803947805 * bs_64x4 + -28.4132616919471 * LocalMemory * bs_32x4 + 24.1922616919472 * padding_512 * bs_32x4 + 20.132238099316 * bs_1024x1 * LocalMemory + 3.58530928397863 * bs_256x4 + 3.83677423222252 * padding_416 + 3.43991548828394 * pixelPerThread_1 + 2.70665282223101 * Ldg;6.48412988238496;6.48412988238496;6.48412988238496;6.48412988238496;5.384094;17;2.70665282223101 * Ldg;1;0.305181922028638;
14;23.9686794353881 * API + 36.4452387243953 * LocalMemory + 62.2856636804334 * bs_32x1 + 13.2332022242289 * bs_1024x1 + -25.4019181597834 * padding_512 + -31.3130750439618 * bs_128x2 + -23.7779181597833 * bs_64x4 + -22.1940750439617 * LocalMemory * bs_32x4 + 17.9730750439618 * padding_512 * bs_32x4 + 20.6539517608478 * bs_1024x1 * LocalMemory + 3.60565196521078 * bs_256x4 + 3.78031291288436 * padding_416 + 2.1591568841785 * pixelPerThread_1 + 2.60327878903092 * Ldg + -12.9278431158216 * LocalMemory * bs_32x4 * pixelPerThread_4;5.73251459563277;5.73251459563277;5.73251459563277;5.73251459563277;6.65857;20;-12.9278431158216 * LocalMemory * bs_32x4 * pixelPerThread_4;3;0.250538428917396;
15;23.9419335664798 * API + 36.6619798482349 * LocalMemory + 61.9056731705708 * bs_32x1 + 13.2478555460244 * bs_1024x1 + -25.5919134147146 * padding_512 + -31.9098066776641 * bs_128x2 + -23.9679134147146 * bs_64x4 + -22.7908066776641 * LocalMemory * bs_32x4 + 18.5698066776641 * padding_512 * bs_32x4 + 20.0419266116794 * bs_1024x1 * LocalMemory + 3.46189291982845 * bs_256x4 + 3.78223349389637 * padding_416 + 2.56589326294951 * pixelPerThread_1 + 2.66182094358298 * Ldg + -12.5211067370505 * LocalMemory * bs_32x4 * pixelPerThread_4 + -5.98680667766412 * bs_64x8;5.48592904990207;5.48592904990207;5.48592904990207;5.48592904990207;8.191358;21;-5.98680667766412 * bs_64x8;1;0.2465855457307;
Elapsed=00:00:08.1962723
average model: 
command: analyze-learning
Round, Model, LearningError, LearningErrorRel, ValidationError, ValidationErrorRel, ElapsedSeconds, ModelComplexity, BestCandidate, BestCandidateSize, BestCandidateScore, TestError
Models:
Termination reason: minImprovementPerRound
1;32.2524285714286 * API + 26.8816623376624 * LocalMemory;30.6037228137434;30.6037228137434;30.6037228137434;30.6037228137434;0.06098;2;26.8816623376624 * LocalMemory;1;19.9905310282383;38.3522974293611
2;27.9323461538462 * API + 31.2017447552448 * LocalMemory + 60.4811538461539 * bs_32x1;23.6368314544409;23.6368314544409;23.6368314544409;23.6368314544409;0.110883;3;60.4811538461539 * bs_32x1;1;6.96689135930252;36.1721660693276
3;23.0447143987342 * API + 32.6236012658228 * LocalMemory + 65.3687856012658 * bs_32x1 + 25.4156851265823 * bs_1024x1;19.5555566458061;19.5555566458061;19.5555566458061;19.5555566458061;0.190366;4;25.4156851265823 * bs_1024x1;1;4.08127480863482;30.6099204867832
4;23.2440735551664 * API + 34.8564238178634 * LocalMemory + 65.1694264448336 * bs_32x1 + 24.3790175131348 * bs_1024x1 + -25.1989973730298 * padding_512;16.6656343096125;16.6656343096125;16.6656343096125;16.6656343096125;0.319074;5;-25.1989973730298 * padding_512;1;2.88992233619352;34.464800252624
5;23.3682201665125 * API + 36.2468658649399 * LocalMemory + 65.0452798334875 * bs_32x1 + 23.7334551341351 * bs_1024x1 + -26.7135860314524 * padding_512 + -28.3550860314524 * bs_128x2;14.7381636756287;14.7381636756287;14.7381636756287;14.7381636756287;0.49452;6;-28.3550860314524 * bs_128x2;1;1.92747063398379;37.2680200434057
6;23.480862745098 * API + 37.508462745098 * LocalMemory + 64.9326372549019 * bs_32x1 + 23.1477137254902 * bs_1024x1 + -28.087825490196 * padding_512 + -29.7293254901961 * bs_128x2 + -24.3533254901961 * bs_64x4;13.2300076681886;13.2300076681886;13.2300076681886;13.2300076681886;0.727859;7;-24.3533254901961 * bs_64x4;1;1.50815600744013;39.5485658541579
7;23.7341938421509 * API + 40.3457710320902 * LocalMemory + 64.6793061578491 * bs_32x1 + 21.8303920208153 * bs_1024x1 + -18.2585789245446 * padding_512 + -32.8199648742411 * bs_128x2 + -27.4439648742411 * bs_64x4 + -25.8397718993928 * LocalMemory * bs_32x4;10.9930551036677;10.9930551036677;10.9930551036677;10.9930551036677;1.024749;9;-25.8397718993928 * LocalMemory * bs_32x4;2;1.11847628226048;38.9948271244443
8;23.7943797327394 * API + 41.0198530066816 * LocalMemory + 64.6191202672606 * bs_32x1 + 21.517425389755 * bs_1024x1 + -29.802232739421 * padding_512 + -33.554232739421 * bs_128x2 + -28.178232739421 * bs_64x4 + -31.978732739421 * LocalMemory * bs_32x4 + 27.757732739421 * padding_512 * bs_32x4;9.56791502924142;9.56791502924142;9.56791502924142;9.56791502924142;1.425804;11;27.757732739421 * padding_512 * bs_32x4;2;0.712570037213115;40.5081087158028
9;25.4213333333333 * API + 36.7647435897436 * LocalMemory + 62.9921666666668 * bs_32x1 + 13.0572666666667 * bs_1024x1 + -27.174076923077 * padding_512 + -30.9260769230769 * bs_128x2 + -25.5500769230769 * bs_64x4 + -29.350576923077 * LocalMemory * bs_32x4 + 25.1295769230769 * padding_512 * bs_32x4 + 22.4769897435897 * bs_1024x1 * LocalMemory;8.46808371793991;8.46808371793991;8.46808371793991;8.46808371793991;1.953907;13;22.4769897435897 * bs_1024x1 * LocalMemory;2;0.549915655650756;37.5246541851295
10;24.887641509434 * API + 37.0110628930818 * LocalMemory + 63.525858490566 * bs_32x1 + 13.590958490566 * bs_1024x1 + -26.8867044025158 * padding_512 + -30.6387044025156 * bs_128x2 + -25.2627044025157 * bs_64x4 + -29.0632044025157 * LocalMemory * bs_32x4 + 24.8422044025158 * padding_512 * bs_32x4 + 22.2306704402515 * bs_1024x1 * LocalMemory + 3.73584276729562 * bs_256x4;7.73375128702067;7.73375128702067;7.73375128702067;7.73375128702067;2.593666;14;3.73584276729562 * bs_256x4;1;0.734332430919238;37.1187291473325
11;24.4488435163702 * API + 37.4240492394947 * LocalMemory + 63.9646564836299 * bs_32x1 + 13.2089461201341 * bs_1024x1 + -26.8608927558649 * padding_512 + -30.6128927558648 * bs_128x2 + -25.2368927558649 * bs_64x4 + -29.0373927558649 * LocalMemory * bs_32x4 + 24.816392755865 * padding_512 * bs_32x4 + 21.2704771848415 * bs_1024x1 * LocalMemory + 4.07139417375612 * bs_256x4 + 4.10405181747873 * padding_416;7.17212770472195;7.17212770472195;7.17212770472195;7.17212770472195;3.36132;15;4.10405181747873 * padding_416;1;0.56162358229872;37.3534800413287
12;24.1167779049557 * API + 35.4699708338633 * LocalMemory + 60.9939464368985 * bs_32x1 + 13.5026964686931 * bs_1024x1 + -24.574748738819 * padding_512 + -31.6295243969647 * bs_128x2 + -22.9507487388189 * bs_64x4 + -28.4026365678918 * LocalMemory * bs_32x4 + 24.1816365678918 * padding_512 * bs_32x4 + 19.8962364237568 * bs_1024x1 * LocalMemory + 4.06628547204204 * bs_256x4 + 4.29562813175636 * padding_416 + 3.30277565814577 * pixelPerThread_1;6.7893118044136;6.7893118044136;6.7893118044136;6.7893118044136;4.277543;16;3.30277565814577 * pixelPerThread_1;1;0.382815900308357;35.2821683945384
13;23.8294635352551 * API + 35.6993404125499 * LocalMemory + 61.144120976461 * bs_32x1 + 13.3404510538541 * bs_1024x1 + -24.5168039478051 * padding_512 + -31.708719436089 * bs_128x2 + -22.892803947805 * bs_64x4 + -28.4132616919471 * LocalMemory * bs_32x4 + 24.1922616919472 * padding_512 * bs_32x4 + 20.132238099316 * bs_1024x1 * LocalMemory + 3.58530928397863 * bs_256x4 + 3.83677423222252 * padding_416 + 3.43991548828394 * pixelPerThread_1 + 2.70665282223101 * Ldg;6.48412988238496;6.48412988238496;6.48412988238496;6.48412988238496;5.384094;17;2.70665282223101 * Ldg;1;0.305181922028638;35.6876722022884
14;23.9686794353881 * API + 36.4452387243953 * LocalMemory + 62.2856636804334 * bs_32x1 + 13.2332022242289 * bs_1024x1 + -25.4019181597834 * padding_512 + -31.3130750439618 * bs_128x2 + -23.7779181597833 * bs_64x4 + -22.1940750439617 * LocalMemory * bs_32x4 + 17.9730750439618 * padding_512 * bs_32x4 + 20.6539517608478 * bs_1024x1 * LocalMemory + 3.60565196521078 * bs_256x4 + 3.78031291288436 * padding_416 + 2.1591568841785 * pixelPerThread_1 + 2.60327878903092 * Ldg + -12.9278431158216 * LocalMemory * bs_32x4 * pixelPerThread_4;5.73251459563277;5.73251459563277;5.73251459563277;5.73251459563277;6.65857;20;-12.9278431158216 * LocalMemory * bs_32x4 * pixelPerThread_4;3;0.250538428917396;36.6933094143727
15;23.9419335664798 * API + 36.6619798482349 * LocalMemory + 61.9056731705708 * bs_32x1 + 13.2478555460244 * bs_1024x1 + -25.5919134147146 * padding_512 + -31.9098066776641 * bs_128x2 + -23.9679134147146 * bs_64x4 + -22.7908066776641 * LocalMemory * bs_32x4 + 18.5698066776641 * padding_512 * bs_32x4 + 20.0419266116794 * bs_1024x1 * LocalMemory + 3.46189291982845 * bs_256x4 + 3.78223349389637 * padding_416 + 2.56589326294951 * pixelPerThread_1 + 2.66182094358298 * Ldg + -12.5211067370505 * LocalMemory * bs_32x4 * pixelPerThread_4 + -5.98680667766412 * bs_64x8;5.48592904990207;5.48592904990207;5.48592904990207;5.48592904990207;8.191358;21;-5.98680667766412 * bs_64x8;1;0.2465855457307;37.0432872561815
Analyze finished
command: clean-sampling
command: clean-global
command: script ./learn_divDistBased_t2.a
command: log ./out_divDistBased_t2Predictions.log
