Current machine learning settings: epsilon:0 lossFunction:RELATIVE parallelization:True bagging:False baggingNumbers:3 considerEpsilonTube:False baggingTestDataFraction:50 useBackward:False abortError:1 limitFeatureSize:False featureSizeTreshold:4 quadraticFunctionSupport:True crossValidation:False crossValidation-k:5 learn-logFunction:False learn-accumulatedLogFunction:False learn-asymFunction:False learn-ratioFunction:False learn-mirrowedFunction:False learn-numeric-disabled:True numberOfRounds:70 backwardErrorDelta:1 minImprovementPerRound:0.1 withHierarchy:False bruteForceCandidates:False ignoreBadFeatures:False stopOnLongRound:True candidateSizePenalty:True learnTimeLimit:00:00:00 scoreMeasure:RELERROR outputRoundsToStdout:False debug:False pythonInfluenceAnalysis:False blacklisted: 
command: solver z3
command: vm /scratch/kallistos/Distance-Based_Data/SupplementaryWebsite/MeasuredPerformanceValues/JavaGC/FeatureModel.xml
command: all /scratch/kallistos/Distance-Based_Data/SupplementaryWebsite/MeasuredPerformanceValues/JavaGC/measurements.xml
Configs with too large deviation: 0
193536 configurations loaded.
command: binary grammar-based numConfigs:3504 seed:34  confFaultsReport:./out_grammarBasedFailureReport_t3.log
command: printconfigs ./sampledConfigurations_grammarBased_t3FailureReport.csv
Number to sample: 3504; Number of Configurations in Grammar: 193536
Draw a new random number, cause 105780 is already in drawn.
Draw a new random number, cause 100431 is already in drawn.
Draw a new random number, cause 31360 is already in drawn.
Draw a new random number, cause 44888 is already in drawn.
Draw a new random number, cause 89197 is already in drawn.
Draw a new random number, cause 119188 is already in drawn.
Draw a new random number, cause 163745 is already in drawn.
Draw a new random number, cause 123106 is already in drawn.
Draw a new random number, cause 100772 is already in drawn.
Draw a new random number, cause 44116 is already in drawn.
Draw a new random number, cause 99862 is already in drawn.
Draw a new random number, cause 9835 is already in drawn.
Draw a new random number, cause 58078 is already in drawn.
Draw a new random number, cause 121871 is already in drawn.
Draw a new random number, cause 125764 is already in drawn.
Draw a new random number, cause 67499 is already in drawn.
Draw a new random number, cause 185350 is already in drawn.
Draw a new random number, cause 22756 is already in drawn.
Draw a new random number, cause 176660 is already in drawn.
Draw a new random number, cause 154343 is already in drawn.
Draw a new random number, cause 84859 is already in drawn.
Draw a new random number, cause 146472 is already in drawn.
Draw a new random number, cause 141308 is already in drawn.
Draw a new random number, cause 114545 is already in drawn.
Draw a new random number, cause 122261 is already in drawn.
0 drawn configurations were invalid
command: clean-sampling
command: clean-global
