Current machine learning settings: epsilon:0 lossFunction:RELATIVE parallelization:True bagging:False baggingNumbers:3 considerEpsilonTube:False baggingTestDataFraction:50 useBackward:False abortError:1 limitFeatureSize:False featureSizeTreshold:4 quadraticFunctionSupport:True crossValidation:False crossValidation-k:5 learn-logFunction:False learn-accumulatedLogFunction:False learn-asymFunction:False learn-ratioFunction:False learn-mirrowedFunction:False learn-numeric-disabled:True numberOfRounds:70 backwardErrorDelta:1 minImprovementPerRound:0.1 withHierarchy:False bruteForceCandidates:False ignoreBadFeatures:False stopOnLongRound:True candidateSizePenalty:True learnTimeLimit:00:00:00 scoreMeasure:RELERROR outputRoundsToStdout:False debug:False pythonInfluenceAnalysis:False blacklisted: 
command: solver z3
command: vm /scratch/kallistos/Distance-Based_Data/SupplementaryWebsite/MeasuredPerformanceValues/Dune/FeatureModel.xml
Warning: Variability model contains outdated notation. Children nodes will no longer have effect on the model. Instead use the parent node to describe the parent of an configuration option. You can also use the converter providedby the Variability Model GUI in export>convert legacy model.
command: all /scratch/kallistos/Distance-Based_Data/SupplementaryWebsite/MeasuredPerformanceValues/Dune/measurements.xml
Configs with too large deviation: 0
2304 configurations loaded.
command: binary grammar-based numConfigs:1071 seed:18  confFaultsReport:./out_grammarBasedFailureReport_t3.log
command: printconfigs ./sampledConfigurations_grammarBased_t3FailureReport.csv
Number to sample: 1071; Number of Configurations in Grammar: 2352
Draw a new random number, cause 457 is already in drawn.
Draw a new random number, cause 490 is already in drawn.
Draw a new random number, cause 1879 is already in drawn.
Draw a new random number, cause 778 is already in drawn.
Draw a new random number, cause 204 is already in drawn.
Draw a new random number, cause 1970 is already in drawn.
Draw a new random number, cause 2068 is already in drawn.
Draw a new random number, cause 418 is already in drawn.
Draw a new random number, cause 462 is already in drawn.
Draw a new random number, cause 1294 is already in drawn.
Draw a new random number, cause 1785 is already in drawn.
Draw a new random number, cause 1551 is already in drawn.
Draw a new random number, cause 177 is already in drawn.
Draw a new random number, cause 458 is already in drawn.
Draw a new random number, cause 1394 is already in drawn.
Draw a new random number, cause 604 is already in drawn.
Draw a new random number, cause 381 is already in drawn.
Draw a new random number, cause 829 is already in drawn.
Draw a new random number, cause 1714 is already in drawn.
Draw a new random number, cause 1794 is already in drawn.
Draw a new random number, cause 319 is already in drawn.
Draw a new random number, cause 1690 is already in drawn.
Draw a new random number, cause 1223 is already in drawn.
Draw a new random number, cause 2347 is already in drawn.
Draw a new random number, cause 1950 is already in drawn.
Draw a new random number, cause 248 is already in drawn.
Draw a new random number, cause 920 is already in drawn.
Draw a new random number, cause 1095 is already in drawn.
Draw a new random number, cause 185 is already in drawn.
Draw a new random number, cause 1376 is already in drawn.
Draw a new random number, cause 1526 is already in drawn.
Draw a new random number, cause 2134 is already in drawn.
Draw a new random number, cause 556 is already in drawn.
Draw a new random number, cause 2292 is already in drawn.
Draw a new random number, cause 2243 is already in drawn.
Draw a new random number, cause 1596 is already in drawn.
Draw a new random number, cause 1872 is already in drawn.
Draw a new random number, cause 253 is already in drawn.
Draw a new random number, cause 1596 is already in drawn.
Draw a new random number, cause 480 is already in drawn.
Draw a new random number, cause 1688 is already in drawn.
Draw a new random number, cause 604 is already in drawn.
Draw a new random number, cause 204 is already in drawn.
Draw a new random number, cause 1095 is already in drawn.
Draw a new random number, cause 238 is already in drawn.
Draw a new random number, cause 1322 is already in drawn.
Draw a new random number, cause 2080 is already in drawn.
Draw a new random number, cause 1688 is already in drawn.
Draw a new random number, cause 555 is already in drawn.
Draw a new random number, cause 266 is already in drawn.
Draw a new random number, cause 1685 is already in drawn.
Draw a new random number, cause 1191 is already in drawn.
Draw a new random number, cause 2239 is already in drawn.
Draw a new random number, cause 1300 is already in drawn.
Draw a new random number, cause 1485 is already in drawn.
Draw a new random number, cause 1944 is already in drawn.
Draw a new random number, cause 1140 is already in drawn.
Draw a new random number, cause 185 is already in drawn.
Draw a new random number, cause 510 is already in drawn.
Draw a new random number, cause 2342 is already in drawn.
Draw a new random number, cause 1047 is already in drawn.
Draw a new random number, cause 1957 is already in drawn.
Draw a new random number, cause 564 is already in drawn.
Draw a new random number, cause 2057 is already in drawn.
Draw a new random number, cause 1240 is already in drawn.
Draw a new random number, cause 1951 is already in drawn.
Draw a new random number, cause 238 is already in drawn.
Draw a new random number, cause 1421 is already in drawn.
Draw a new random number, cause 1961 is already in drawn.
Draw a new random number, cause 1376 is already in drawn.
Draw a new random number, cause 1248 is already in drawn.
Draw a new random number, cause 414 is already in drawn.
Draw a new random number, cause 459 is already in drawn.
Draw a new random number, cause 1223 is already in drawn.
Draw a new random number, cause 1977 is already in drawn.
Draw a new random number, cause 1322 is already in drawn.
Draw a new random number, cause 1676 is already in drawn.
Draw a new random number, cause 934 is already in drawn.
Draw a new random number, cause 796 is already in drawn.
Draw a new random number, cause 225 is already in drawn.
Draw a new random number, cause 1991 is already in drawn.
Draw a new random number, cause 2026 is already in drawn.
Draw a new random number, cause 843 is already in drawn.
Draw a new random number, cause 1605 is already in drawn.
Draw a new random number, cause 1090 is already in drawn.
Draw a new random number, cause 781 is already in drawn.
Draw a new random number, cause 30 is already in drawn.
Draw a new random number, cause 1520 is already in drawn.
Draw a new random number, cause 1584 is already in drawn.
Draw a new random number, cause 921 is already in drawn.
Draw a new random number, cause 1872 is already in drawn.
Draw a new random number, cause 1647 is already in drawn.
Draw a new random number, cause 1596 is already in drawn.
Draw a new random number, cause 305 is already in drawn.
Draw a new random number, cause 506 is already in drawn.
Draw a new random number, cause 903 is already in drawn.
Draw a new random number, cause 730 is already in drawn.
Draw a new random number, cause 185 is already in drawn.
Draw a new random number, cause 2178 is already in drawn.
Draw a new random number, cause 1434 is already in drawn.
Draw a new random number, cause 2276 is already in drawn.
Draw a new random number, cause 386 is already in drawn.
Draw a new random number, cause 1336 is already in drawn.
Draw a new random number, cause 1441 is already in drawn.
Draw a new random number, cause 1366 is already in drawn.
Draw a new random number, cause 15 is already in drawn.
Draw a new random number, cause 967 is already in drawn.
Draw a new random number, cause 2348 is already in drawn.
Draw a new random number, cause 2315 is already in drawn.
Draw a new random number, cause 106 is already in drawn.
Draw a new random number, cause 1050 is already in drawn.
Draw a new random number, cause 1681 is already in drawn.
Draw a new random number, cause 1918 is already in drawn.
Draw a new random number, cause 1546 is already in drawn.
Draw a new random number, cause 1293 is already in drawn.
Draw a new random number, cause 1201 is already in drawn.
Draw a new random number, cause 1309 is already in drawn.
Draw a new random number, cause 1951 is already in drawn.
Draw a new random number, cause 1690 is already in drawn.
Draw a new random number, cause 784 is already in drawn.
Draw a new random number, cause 461 is already in drawn.
Draw a new random number, cause 2209 is already in drawn.
Draw a new random number, cause 65 is already in drawn.
Draw a new random number, cause 1430 is already in drawn.
Draw a new random number, cause 2040 is already in drawn.
Draw a new random number, cause 761 is already in drawn.
Draw a new random number, cause 1757 is already in drawn.
Draw a new random number, cause 628 is already in drawn.
Draw a new random number, cause 829 is already in drawn.
Draw a new random number, cause 250 is already in drawn.
Draw a new random number, cause 452 is already in drawn.
Draw a new random number, cause 1500 is already in drawn.
Draw a new random number, cause 371 is already in drawn.
Draw a new random number, cause 1554 is already in drawn.
Draw a new random number, cause 1896 is already in drawn.
Draw a new random number, cause 817 is already in drawn.
Draw a new random number, cause 377 is already in drawn.
Draw a new random number, cause 1789 is already in drawn.
Draw a new random number, cause 233 is already in drawn.
Draw a new random number, cause 1337 is already in drawn.
Draw a new random number, cause 1827 is already in drawn.
Draw a new random number, cause 1759 is already in drawn.
Draw a new random number, cause 1858 is already in drawn.
Draw a new random number, cause 2102 is already in drawn.
Draw a new random number, cause 1909 is already in drawn.
Draw a new random number, cause 2094 is already in drawn.
Draw a new random number, cause 2316 is already in drawn.
Draw a new random number, cause 2038 is already in drawn.
Draw a new random number, cause 2279 is already in drawn.
Draw a new random number, cause 2296 is already in drawn.
Draw a new random number, cause 2142 is already in drawn.
Draw a new random number, cause 1596 is already in drawn.
Draw a new random number, cause 1520 is already in drawn.
Draw a new random number, cause 646 is already in drawn.
Draw a new random number, cause 1310 is already in drawn.
Draw a new random number, cause 861 is already in drawn.
Draw a new random number, cause 2200 is already in drawn.
Draw a new random number, cause 1632 is already in drawn.
Draw a new random number, cause 869 is already in drawn.
Draw a new random number, cause 266 is already in drawn.
Draw a new random number, cause 732 is already in drawn.
Draw a new random number, cause 1979 is already in drawn.
Draw a new random number, cause 2189 is already in drawn.
Draw a new random number, cause 1943 is already in drawn.
Draw a new random number, cause 1716 is already in drawn.
Draw a new random number, cause 1074 is already in drawn.
Draw a new random number, cause 656 is already in drawn.
Draw a new random number, cause 1996 is already in drawn.
Draw a new random number, cause 1941 is already in drawn.
Draw a new random number, cause 1691 is already in drawn.
Draw a new random number, cause 2135 is already in drawn.
Draw a new random number, cause 1836 is already in drawn.
Draw a new random number, cause 1787 is already in drawn.
Draw a new random number, cause 525 is already in drawn.
Draw a new random number, cause 1596 is already in drawn.
Draw a new random number, cause 757 is already in drawn.
Draw a new random number, cause 2243 is already in drawn.
Draw a new random number, cause 1322 is already in drawn.
Draw a new random number, cause 1281 is already in drawn.
Draw a new random number, cause 1657 is already in drawn.
Draw a new random number, cause 1113 is already in drawn.
Draw a new random number, cause 2126 is already in drawn.
Draw a new random number, cause 2244 is already in drawn.
Draw a new random number, cause 1223 is already in drawn.
Draw a new random number, cause 440 is already in drawn.
Draw a new random number, cause 1113 is already in drawn.
Draw a new random number, cause 1009 is already in drawn.
Draw a new random number, cause 911 is already in drawn.
Draw a new random number, cause 1698 is already in drawn.
Draw a new random number, cause 189 is already in drawn.
Draw a new random number, cause 2111 is already in drawn.
Draw a new random number, cause 420 is already in drawn.
Draw a new random number, cause 1111 is already in drawn.
Draw a new random number, cause 854 is already in drawn.
Draw a new random number, cause 2351 is already in drawn.
Draw a new random number, cause 1750 is already in drawn.
Draw a new random number, cause 1802 is already in drawn.
Draw a new random number, cause 2311 is already in drawn.
Draw a new random number, cause 148 is already in drawn.
Draw a new random number, cause 285 is already in drawn.
Draw a new random number, cause 2035 is already in drawn.
Draw a new random number, cause 322 is already in drawn.
Draw a new random number, cause 2319 is already in drawn.
Draw a new random number, cause 437 is already in drawn.
Draw a new random number, cause 952 is already in drawn.
Draw a new random number, cause 995 is already in drawn.
Draw a new random number, cause 805 is already in drawn.
Draw a new random number, cause 1996 is already in drawn.
Draw a new random number, cause 1584 is already in drawn.
Draw a new random number, cause 110 is already in drawn.
Draw a new random number, cause 1833 is already in drawn.
Draw a new random number, cause 369 is already in drawn.
Draw a new random number, cause 1023 is already in drawn.
Draw a new random number, cause 40 is already in drawn.
Draw a new random number, cause 1504 is already in drawn.
Draw a new random number, cause 1590 is already in drawn.
Draw a new random number, cause 2183 is already in drawn.
Draw a new random number, cause 2259 is already in drawn.
Draw a new random number, cause 1200 is already in drawn.
Draw a new random number, cause 715 is already in drawn.
Draw a new random number, cause 315 is already in drawn.
Draw a new random number, cause 1581 is already in drawn.
Draw a new random number, cause 347 is already in drawn.
Draw a new random number, cause 2279 is already in drawn.
Draw a new random number, cause 774 is already in drawn.
Draw a new random number, cause 1757 is already in drawn.
Draw a new random number, cause 73 is already in drawn.
Draw a new random number, cause 1294 is already in drawn.
Draw a new random number, cause 1501 is already in drawn.
Draw a new random number, cause 80 is already in drawn.
Draw a new random number, cause 2076 is already in drawn.
Draw a new random number, cause 1679 is already in drawn.
Draw a new random number, cause 924 is already in drawn.
Draw a new random number, cause 2333 is already in drawn.
Draw a new random number, cause 339 is already in drawn.
Draw a new random number, cause 1131 is already in drawn.
Draw a new random number, cause 367 is already in drawn.
Draw a new random number, cause 1734 is already in drawn.
Draw a new random number, cause 185 is already in drawn.
Draw a new random number, cause 1656 is already in drawn.
Draw a new random number, cause 1830 is already in drawn.
Draw a new random number, cause 780 is already in drawn.
Draw a new random number, cause 1396 is already in drawn.
Draw a new random number, cause 603 is already in drawn.
Draw a new random number, cause 401 is already in drawn.
Draw a new random number, cause 1429 is already in drawn.
Draw a new random number, cause 822 is already in drawn.
Draw a new random number, cause 1140 is already in drawn.
Draw a new random number, cause 718 is already in drawn.
Draw a new random number, cause 1746 is already in drawn.
Draw a new random number, cause 202 is already in drawn.
Draw a new random number, cause 1775 is already in drawn.
Draw a new random number, cause 1550 is already in drawn.
Draw a new random number, cause 616 is already in drawn.
Draw a new random number, cause 2190 is already in drawn.
Draw a new random number, cause 1379 is already in drawn.
Draw a new random number, cause 788 is already in drawn.
Draw a new random number, cause 1574 is already in drawn.
Draw a new random number, cause 96 is already in drawn.
Draw a new random number, cause 982 is already in drawn.
Draw a new random number, cause 1277 is already in drawn.
Draw a new random number, cause 1846 is already in drawn.
Draw a new random number, cause 365 is already in drawn.
Draw a new random number, cause 339 is already in drawn.
Draw a new random number, cause 1627 is already in drawn.
Draw a new random number, cause 996 is already in drawn.
Draw a new random number, cause 55 is already in drawn.
Draw a new random number, cause 994 is already in drawn.
Draw a new random number, cause 1230 is already in drawn.
Draw a new random number, cause 780 is already in drawn.
Draw a new random number, cause 1059 is already in drawn.
Draw a new random number, cause 190 is already in drawn.
Draw a new random number, cause 676 is already in drawn.
Draw a new random number, cause 1381 is already in drawn.
Draw a new random number, cause 1771 is already in drawn.
Draw a new random number, cause 2259 is already in drawn.
Draw a new random number, cause 1608 is already in drawn.
Draw a new random number, cause 333 is already in drawn.
Draw a new random number, cause 352 is already in drawn.
Draw a new random number, cause 786 is already in drawn.
Draw a new random number, cause 1647 is already in drawn.
Draw a new random number, cause 616 is already in drawn.
Draw a new random number, cause 1993 is already in drawn.
Draw a new random number, cause 2275 is already in drawn.
Draw a new random number, cause 1574 is already in drawn.
Draw a new random number, cause 1141 is already in drawn.
Draw a new random number, cause 872 is already in drawn.
Draw a new random number, cause 579 is already in drawn.
Draw a new random number, cause 1461 is already in drawn.
Draw a new random number, cause 33 is already in drawn.
Draw a new random number, cause 2269 is already in drawn.
Draw a new random number, cause 594 is already in drawn.
Draw a new random number, cause 1464 is already in drawn.
Draw a new random number, cause 2189 is already in drawn.
Draw a new random number, cause 643 is already in drawn.
Draw a new random number, cause 139 is already in drawn.
Draw a new random number, cause 622 is already in drawn.
Draw a new random number, cause 177 is already in drawn.
Draw a new random number, cause 172 is already in drawn.
Draw a new random number, cause 669 is already in drawn.
Draw a new random number, cause 232 is already in drawn.
Draw a new random number, cause 1584 is already in drawn.
Draw a new random number, cause 903 is already in drawn.
Draw a new random number, cause 134 is already in drawn.
Draw a new random number, cause 2323 is already in drawn.
Draw a new random number, cause 1659 is already in drawn.
Draw a new random number, cause 186 is already in drawn.
Draw a new random number, cause 1623 is already in drawn.
Draw a new random number, cause 329 is already in drawn.
Draw a new random number, cause 1050 is already in drawn.
Draw a new random number, cause 2200 is already in drawn.
Draw a new random number, cause 1197 is already in drawn.
Draw a new random number, cause 2190 is already in drawn.
Draw a new random number, cause 1885 is already in drawn.
Draw a new random number, cause 675 is already in drawn.
Draw a new random number, cause 1872 is already in drawn.
Draw a new random number, cause 487 is already in drawn.
Draw a new random number, cause 1982 is already in drawn.
Draw a new random number, cause 954 is already in drawn.
Draw a new random number, cause 232 is already in drawn.
Draw a new random number, cause 1703 is already in drawn.
Draw a new random number, cause 1982 is already in drawn.
Draw a new random number, cause 1327 is already in drawn.
Draw a new random number, cause 204 is already in drawn.
Draw a new random number, cause 1200 is already in drawn.
Draw a new random number, cause 445 is already in drawn.
Draw a new random number, cause 461 is already in drawn.
Draw a new random number, cause 1755 is already in drawn.
Draw a new random number, cause 1047 is already in drawn.
Draw a new random number, cause 1997 is already in drawn.
Draw a new random number, cause 539 is already in drawn.
Draw a new random number, cause 857 is already in drawn.
Draw a new random number, cause 1529 is already in drawn.
Draw a new random number, cause 1917 is already in drawn.
30 drawn configurations were invalid
command: clean-sampling
command: clean-global
