Current machine learning settings: epsilon:0 lossFunction:RELATIVE parallelization:True bagging:False baggingNumbers:3 considerEpsilonTube:False baggingTestDataFraction:50 useBackward:False abortError:1 limitFeatureSize:False featureSizeTreshold:4 quadraticFunctionSupport:True crossValidation:False crossValidation-k:5 learn-logFunction:False learn-accumulatedLogFunction:False learn-asymFunction:False learn-ratioFunction:False learn-mirrowedFunction:False learn-numeric-disabled:True numberOfRounds:70 backwardErrorDelta:1 minImprovementPerRound:0.1 withHierarchy:False bruteForceCandidates:False ignoreBadFeatures:False stopOnLongRound:True candidateSizePenalty:True learnTimeLimit:00:00:00 scoreMeasure:RELERROR outputRoundsToStdout:False debug:False pythonInfluenceAnalysis:False blacklisted: 
command: solver z3
command: vm /scratch/kallistos/Distance-Based_Data/SupplementaryWebsite/MeasuredPerformanceValues/VP9/FeatureModel.xml
command: all /scratch/kallistos/Distance-Based_Data/SupplementaryWebsite/MeasuredPerformanceValues/VP9/measurements.csv
216001 configurations loaded.
command: binary grammar-based numConfigs:3893 seed:90  confFaultsReport:./out_grammarBasedFailureReport_t3.log
command: printconfigs ./sampledConfigurations_grammarBased_t3FailureReport.csv
Number to sample: 3893; Number of Configurations in Grammar: 216000
Draw a new random number, cause 35214 is already in drawn.
Draw a new random number, cause 25320 is already in drawn.
Draw a new random number, cause 191990 is already in drawn.
Draw a new random number, cause 140168 is already in drawn.
Draw a new random number, cause 190323 is already in drawn.
Draw a new random number, cause 181973 is already in drawn.
Draw a new random number, cause 136528 is already in drawn.
Draw a new random number, cause 113105 is already in drawn.
Draw a new random number, cause 81787 is already in drawn.
Draw a new random number, cause 88642 is already in drawn.
Draw a new random number, cause 212959 is already in drawn.
Draw a new random number, cause 22627 is already in drawn.
Draw a new random number, cause 61348 is already in drawn.
Draw a new random number, cause 30155 is already in drawn.
Draw a new random number, cause 155419 is already in drawn.
Draw a new random number, cause 211174 is already in drawn.
Draw a new random number, cause 51950 is already in drawn.
Draw a new random number, cause 92137 is already in drawn.
Draw a new random number, cause 126651 is already in drawn.
Draw a new random number, cause 125409 is already in drawn.
Draw a new random number, cause 83901 is already in drawn.
Draw a new random number, cause 45745 is already in drawn.
Draw a new random number, cause 76233 is already in drawn.
Draw a new random number, cause 80607 is already in drawn.
Draw a new random number, cause 185990 is already in drawn.
Draw a new random number, cause 72140 is already in drawn.
Draw a new random number, cause 119552 is already in drawn.
Draw a new random number, cause 73223 is already in drawn.
Draw a new random number, cause 28372 is already in drawn.
Draw a new random number, cause 156453 is already in drawn.
Draw a new random number, cause 85963 is already in drawn.
0 drawn configurations were invalid
command: clean-sampling
command: clean-global
