Current machine learning settings: epsilon:0 lossFunction:RELATIVE parallelization:True bagging:False baggingNumbers:3 considerEpsilonTube:False baggingTestDataFraction:50 useBackward:False abortError:1 limitFeatureSize:False featureSizeTreshold:4 quadraticFunctionSupport:True crossValidation:False crossValidation-k:5 learn-logFunction:False learn-accumulatedLogFunction:False learn-asymFunction:False learn-ratioFunction:False learn-mirrowedFunction:False learn-numeric-disabled:True numberOfRounds:70 backwardErrorDelta:1 minImprovementPerRound:0.1 withHierarchy:False bruteForceCandidates:False ignoreBadFeatures:False stopOnLongRound:True candidateSizePenalty:True learnTimeLimit:00:00:00 scoreMeasure:RELERROR outputRoundsToStdout:False debug:False pythonInfluenceAnalysis:False blacklisted: 
command: mlsettings bagging:False stopOnLongRound:False parallelization:True lossFunction:RELATIVE useBackward:False abortError:1 limitFeatureSize:False featureSizeTreshold:7 quadraticFunctionSupport:True crossValidation:False learn_logFunction:True numberOfRounds:70 backwardErrorDelta:1 minImprovementPerRound:0.25 withHierarchy:False
Current machine learning settings: epsilon:0 lossFunction:RELATIVE parallelization:True bagging:False baggingNumbers:3 considerEpsilonTube:False baggingTestDataFraction:50 useBackward:False abortError:1 limitFeatureSize:False featureSizeTreshold:7 quadraticFunctionSupport:True crossValidation:False crossValidation-k:5 learn-logFunction:True learn-accumulatedLogFunction:False learn-asymFunction:False learn-ratioFunction:False learn-mirrowedFunction:False learn-numeric-disabled:True numberOfRounds:70 backwardErrorDelta:1 minImprovementPerRound:0.25 withHierarchy:False bruteForceCandidates:False ignoreBadFeatures:False stopOnLongRound:False candidateSizePenalty:True learnTimeLimit:00:00:00 scoreMeasure:RELERROR outputRoundsToStdout:False debug:False pythonInfluenceAnalysis:False blacklisted: 
command: solver z3
command: vm /scratch/kallistos/Distance-Based_Data/SupplementaryWebsite/MeasuredPerformanceValues/Polly/FeatureModel.xml
command: all /scratch/kallistos/Distance-Based_Data/SupplementaryWebsite/MeasuredPerformanceValues/Polly/measurements.xml
Configs with too large deviation: 0
60000 configurations loaded.
command: nfp Performance
command: setsampleset /scratch/kallistos/Distance-Based_Data/Results/Polly/Polly_63/sampledConfigurations_grammarBased_t2.csv
command: learn-splconqueror
Learning: NumberOfConfigurationsLearning:345 NumberOfConfigurationsValidation:345
Learning progress:
1;29.5180268199235 * polly_vectorizer + -4.95559991933856 * min;25.7467573584746;25.7467573584746;25.7467573584746;25.7467573584746;0.075268;2;-4.95559991933856 * min;1;3.40678668485112;
2;29.5180268199235 * polly_vectorizer + -10.2516577723043 * min + 10.4094930213465 * min * memory_based;17.982866016137;17.982866016137;17.982866016137;17.982866016137;0.349159;4;10.4094930213465 * min * memory_based;2;3.88194567116881;
3;29.5180268199235 * polly_vectorizer + -14.4206018999906 * min + 10.8340767456578 * min * memory_based + 8.14398387734057 * min * polly_no_tiling;13.9751701375905;13.9751701375905;13.9751701375905;13.9751701375905;0.7042;6;8.14398387734057 * min * polly_no_tiling;2;2.00384793927324;
4;29.5180268199234 * polly_vectorizer + -18.669205681712 * min + 18.7889093582425 * min * memory_based + 0.0829361702127713 * min * polly_no_tiling + 16.3606457923511 * min * polly_no_tiling * value_based;7.27885679351265;7.27885679351265;7.27885679351265;7.27885679351265;1.269179;9;16.3606457923511 * min * polly_no_tiling * value_based;3;2.23210444802596;
5;28.7944413509785 * polly_vectorizer + -18.4750729949219 * min + 18.4870086228862 * min * memory_based + -0.0082817851808219 * min * polly_no_tiling + 16.3755240442712 * min * polly_no_tiling * value_based + 2.17075640683478 * parallel;5.47862752471155;5.47862752471155;5.47862752471155;5.47862752471155;2.072479;10;2.17075640683478 * parallel;1;1.8002292688011;
6;28.7800409913912 * polly_vectorizer + -17.5743949014491 * min + 18.6109907889103 * min * memory_based + -0.175119380823758 * min * polly_no_tiling + 17.0335689898626 * min * polly_no_tiling * value_based + 2.21395748559655 * parallel + -2.29808736730782 * min * polly;4.65089840822127;4.65089840822127;4.65089840822127;4.65089840822127;3.201129;12;-2.29808736730782 * min * polly;2;0.413864558245138;
7;28.797171536475 * polly_vectorizer + -16.6696859603018 * min + 16.7136250219009 * min * memory_based + -0.0130156663333514 * min * polly_no_tiling + 17.3728616337999 * min * polly_no_tiling * value_based + 2.16256585034534 * parallel + -0.0707166705885278 * min * polly + -4.55746460815425 * min * polly * value_based;2.98705464511728;2.98705464511728;2.98705464511728;2.98705464511728;4.745123;15;-4.55746460815425 * min * polly * value_based;3;0.554614587701331;
8;28.7958967932661 * polly_vectorizer + -16.337697079126 * min + 16.3815750925897 * min * memory_based + -0.0131970665072267 * min * polly_no_tiling + 18.2100212957386 * min * polly_no_tiling * value_based + 2.16639007997191 * parallel + -0.0710049534503061 * min * polly + -5.40702144734939 * min * polly * value_based + -1.6565112217946 * min * polly_no_tiling * value_based * none;2.69179943467288;2.69179943467288;2.69179943467288;2.69179943467288;6.608944;19;-1.6565112217946 * min * polly_no_tiling * value_based * none;4;0.0738138026111009;
Elapsed=00:00:06.6149136
average model: 
command: analyze-learning
Round, Model, LearningError, LearningErrorRel, ValidationError, ValidationErrorRel, ElapsedSeconds, ModelComplexity, BestCandidate, BestCandidateSize, BestCandidateScore, TestError
Models:
Termination reason: minImprovementPerRound
1;29.5180268199235 * polly_vectorizer + -4.95559991933856 * min;25.7467573584746;25.7467573584746;25.7467573584746;25.7467573584746;0.075268;2;-4.95559991933856 * min;1;3.40678668485112;28.4283926839983
2;29.5180268199235 * polly_vectorizer + -10.2516577723043 * min + 10.4094930213465 * min * memory_based;17.982866016137;17.982866016137;17.982866016137;17.982866016137;0.349159;4;10.4094930213465 * min * memory_based;2;3.88194567116881;19.9345831517496
3;29.5180268199235 * polly_vectorizer + -14.4206018999906 * min + 10.8340767456578 * min * memory_based + 8.14398387734057 * min * polly_no_tiling;13.9751701375905;13.9751701375905;13.9751701375905;13.9751701375905;0.7042;6;8.14398387734057 * min * polly_no_tiling;2;2.00384793927324;15.5927955844625
4;29.5180268199234 * polly_vectorizer + -18.669205681712 * min + 18.7889093582425 * min * memory_based + 0.0829361702127713 * min * polly_no_tiling + 16.3606457923511 * min * polly_no_tiling * value_based;7.27885679351265;7.27885679351265;7.27885679351265;7.27885679351265;1.269179;9;16.3606457923511 * min * polly_no_tiling * value_based;3;2.23210444802596;8.30187217522201
5;28.7944413509785 * polly_vectorizer + -18.4750729949219 * min + 18.4870086228862 * min * memory_based + -0.0082817851808219 * min * polly_no_tiling + 16.3755240442712 * min * polly_no_tiling * value_based + 2.17075640683478 * parallel;5.47862752471155;5.47862752471155;5.47862752471155;5.47862752471155;2.072479;10;2.17075640683478 * parallel;1;1.8002292688011;6.90542631588902
6;28.7800409913912 * polly_vectorizer + -17.5743949014491 * min + 18.6109907889103 * min * memory_based + -0.175119380823758 * min * polly_no_tiling + 17.0335689898626 * min * polly_no_tiling * value_based + 2.21395748559655 * parallel + -2.29808736730782 * min * polly;4.65089840822127;4.65089840822127;4.65089840822127;4.65089840822127;3.201129;12;-2.29808736730782 * min * polly;2;0.413864558245138;5.75333606103623
7;28.797171536475 * polly_vectorizer + -16.6696859603018 * min + 16.7136250219009 * min * memory_based + -0.0130156663333514 * min * polly_no_tiling + 17.3728616337999 * min * polly_no_tiling * value_based + 2.16256585034534 * parallel + -0.0707166705885278 * min * polly + -4.55746460815425 * min * polly * value_based;2.98705464511728;2.98705464511728;2.98705464511728;2.98705464511728;4.745123;15;-4.55746460815425 * min * polly * value_based;3;0.554614587701331;3.79276615441068
8;28.7958967932661 * polly_vectorizer + -16.337697079126 * min + 16.3815750925897 * min * memory_based + -0.0131970665072267 * min * polly_no_tiling + 18.2100212957386 * min * polly_no_tiling * value_based + 2.16639007997191 * parallel + -0.0710049534503061 * min * polly + -5.40702144734939 * min * polly * value_based + -1.6565112217946 * min * polly_no_tiling * value_based * none;2.69179943467288;2.69179943467288;2.69179943467288;2.69179943467288;6.608944;19;-1.6565112217946 * min * polly_no_tiling * value_based * none;4;0.0738138026111009;3.33989132384094
Analyze finished
command: clean-sampling
command: clean-global
command: script ./learn_grammarBased_t3.a
command: log ./out_grammarBased_t3Predictions.log
