Current machine learning settings: epsilon:0 lossFunction:RELATIVE parallelization:True bagging:False baggingNumbers:3 considerEpsilonTube:False baggingTestDataFraction:50 useBackward:False abortError:1 limitFeatureSize:False featureSizeTreshold:4 quadraticFunctionSupport:True crossValidation:False crossValidation-k:5 learn-logFunction:False learn-accumulatedLogFunction:False learn-asymFunction:False learn-ratioFunction:False learn-mirrowedFunction:False learn-numeric-disabled:True numberOfRounds:70 backwardErrorDelta:1 minImprovementPerRound:0.1 withHierarchy:False bruteForceCandidates:False ignoreBadFeatures:False stopOnLongRound:True candidateSizePenalty:True learnTimeLimit:00:00:00 scoreMeasure:RELERROR outputRoundsToStdout:False debug:False pythonInfluenceAnalysis:False blacklisted: 
command: mlsettings bagging:False stopOnLongRound:False parallelization:True lossFunction:RELATIVE useBackward:False abortError:1 limitFeatureSize:False featureSizeTreshold:7 quadraticFunctionSupport:True crossValidation:False learn_logFunction:True numberOfRounds:70 backwardErrorDelta:1 minImprovementPerRound:0.25 withHierarchy:False
Current machine learning settings: epsilon:0 lossFunction:RELATIVE parallelization:True bagging:False baggingNumbers:3 considerEpsilonTube:False baggingTestDataFraction:50 useBackward:False abortError:1 limitFeatureSize:False featureSizeTreshold:7 quadraticFunctionSupport:True crossValidation:False crossValidation-k:5 learn-logFunction:True learn-accumulatedLogFunction:False learn-asymFunction:False learn-ratioFunction:False learn-mirrowedFunction:False learn-numeric-disabled:True numberOfRounds:70 backwardErrorDelta:1 minImprovementPerRound:0.25 withHierarchy:False bruteForceCandidates:False ignoreBadFeatures:False stopOnLongRound:False candidateSizePenalty:True learnTimeLimit:00:00:00 scoreMeasure:RELERROR outputRoundsToStdout:False debug:False pythonInfluenceAnalysis:False blacklisted: 
command: solver z3
command: vm /scratch/kallistos/Distance-Based_Data/SupplementaryWebsite/MeasuredPerformanceValues/Polly/FeatureModel.xml
command: all /scratch/kallistos/Distance-Based_Data/SupplementaryWebsite/MeasuredPerformanceValues/Polly/measurements.xml
Configs with too large deviation: 0
60000 configurations loaded.
command: nfp Performance
command: setsampleset /scratch/kallistos/Distance-Based_Data/Results/Polly/Polly_63/sampledConfigurations_divDistBased_t2.csv
command: learn-splconqueror
Learning: NumberOfConfigurationsLearning:345 NumberOfConfigurationsValidation:345
Learning progress:
1;23.2601851851853 * polly_vectorizer + 5.99976506357102 * memory_based;27.6991830167109;27.6991830167109;27.6991830167109;27.6991830167109;0.076447;2;5.99976506357102 * memory_based;1;5.40295941651489;
2;22.5942847757632 * polly_vectorizer + 6.29175124551609 * memory_based + 2.59161240423741 * parallel;26.7879561206016;26.7879561206016;26.7879561206016;26.7879561206016;0.292968;3;2.59161240423741 * parallel;1;0.911226896109277;
3;20.0815858890163 * polly_vectorizer + 5.48000455864343 * memory_based + 3.93555977706984 * parallel + 5.03391269188316 * max;26.2832036252014;26.2832036252014;26.2832036252014;26.2832036252014;0.637377;4;5.03391269188316 * max;1;0.504752495400243;
4;16.9602994178431 * polly_vectorizer + 11.4196418458583 * memory_based + 4.84318648613569 * parallel + 11.7417040404879 * max + -11.4502688573031 * max * memory_based;18.4497903426819;18.4497903426819;18.4497903426819;18.4497903426819;1.214727;6;-11.4502688573031 * max * memory_based;2;3.91670664125973;
5;16.1777803115053 * polly_vectorizer + 11.9193956153503 * memory_based + -0.114992746501759 * parallel + 12.582362834633 * max + -11.522564679885 * max * memory_based + 8.71480491725866 * parallel * polly_no_tiling;16.3311311947392;16.3311311947392;16.3311311947392;16.3311311947392;2.157773;8;8.71480491725866 * parallel * polly_no_tiling;2;1.05932957397139;
6;15.1168975365089 * polly_vectorizer + 13.9452846689117 * memory_based + -0.0207123386008371 * parallel + 13.471406160662 * max + -13.3328066477716 * max * memory_based + 1.9189246182173 * parallel * polly_no_tiling + 10.1586680952324 * parallel * polly_no_tiling * value_based;13.7486503776304;13.7486503776304;13.7486503776304;13.7486503776304;3.309704;11;10.1586680952324 * parallel * polly_no_tiling * value_based;3;0.860826939036265;
7;14.5907931989521 * polly_vectorizer + 14.4671527461097 * memory_based + 0.0474646099566247 * parallel + 14.4953809169259 * max + -14.3596713630489 * max * memory_based + 1.85522475993648 * parallel * polly_no_tiling + 11.8634507644883 * parallel * polly_no_tiling * value_based + -12.0667586947037 * parallel * polly_no_tiling * value_based * none;12.5954258725842;12.5954258725842;12.5954258725842;12.5954258725842;4.820895;15;-12.0667586947037 * parallel * polly_no_tiling * value_based * none;4;0.288306126261535;
8;14.9371545421645 * polly_vectorizer + 14.0116625924213 * memory_based + -3.24296815056096 * parallel + 14.3163297140789 * max + -14.2550673760795 * max * memory_based + 0.214275155140154 * parallel * polly_no_tiling + 16.4484717865899 * parallel * polly_no_tiling * value_based + -11.8877074918567 * parallel * polly_no_tiling * value_based * none + 5.04671511044639 * memory_based * parallel;12.2156802272323;12.2156802272323;12.2156802272323;12.2156802272323;6.711822;17;5.04671511044639 * memory_based * parallel;2;0.189872822675949;
Elapsed=00:00:06.7174138
average model: 
command: analyze-learning
Round, Model, LearningError, LearningErrorRel, ValidationError, ValidationErrorRel, ElapsedSeconds, ModelComplexity, BestCandidate, BestCandidateSize, BestCandidateScore, TestError
Models:
Termination reason: minImprovementPerRound
1;23.2601851851853 * polly_vectorizer + 5.99976506357102 * memory_based;27.6991830167109;27.6991830167109;27.6991830167109;27.6991830167109;0.076447;2;5.99976506357102 * memory_based;1;5.40295941651489;28.1589076990121
2;22.5942847757632 * polly_vectorizer + 6.29175124551609 * memory_based + 2.59161240423741 * parallel;26.7879561206016;26.7879561206016;26.7879561206016;26.7879561206016;0.292968;3;2.59161240423741 * parallel;1;0.911226896109277;27.5086543661945
3;20.0815858890163 * polly_vectorizer + 5.48000455864343 * memory_based + 3.93555977706984 * parallel + 5.03391269188316 * max;26.2832036252014;26.2832036252014;26.2832036252014;26.2832036252014;0.637377;4;5.03391269188316 * max;1;0.504752495400243;26.5643828804557
4;16.9602994178431 * polly_vectorizer + 11.4196418458583 * memory_based + 4.84318648613569 * parallel + 11.7417040404879 * max + -11.4502688573031 * max * memory_based;18.4497903426819;18.4497903426819;18.4497903426819;18.4497903426819;1.214727;6;-11.4502688573031 * max * memory_based;2;3.91670664125973;20.008184112039
5;16.1777803115053 * polly_vectorizer + 11.9193956153503 * memory_based + -0.114992746501759 * parallel + 12.582362834633 * max + -11.522564679885 * max * memory_based + 8.71480491725866 * parallel * polly_no_tiling;16.3311311947392;16.3311311947392;16.3311311947392;16.3311311947392;2.157773;8;8.71480491725866 * parallel * polly_no_tiling;2;1.05932957397139;18.4637269194298
6;15.1168975365089 * polly_vectorizer + 13.9452846689117 * memory_based + -0.0207123386008371 * parallel + 13.471406160662 * max + -13.3328066477716 * max * memory_based + 1.9189246182173 * parallel * polly_no_tiling + 10.1586680952324 * parallel * polly_no_tiling * value_based;13.7486503776304;13.7486503776304;13.7486503776304;13.7486503776304;3.309704;11;10.1586680952324 * parallel * polly_no_tiling * value_based;3;0.860826939036265;15.615379755269
7;14.5907931989521 * polly_vectorizer + 14.4671527461097 * memory_based + 0.0474646099566247 * parallel + 14.4953809169259 * max + -14.3596713630489 * max * memory_based + 1.85522475993648 * parallel * polly_no_tiling + 11.8634507644883 * parallel * polly_no_tiling * value_based + -12.0667586947037 * parallel * polly_no_tiling * value_based * none;12.5954258725842;12.5954258725842;12.5954258725842;12.5954258725842;4.820895;15;-12.0667586947037 * parallel * polly_no_tiling * value_based * none;4;0.288306126261535;15.227151036612
8;14.9371545421645 * polly_vectorizer + 14.0116625924213 * memory_based + -3.24296815056096 * parallel + 14.3163297140789 * max + -14.2550673760795 * max * memory_based + 0.214275155140154 * parallel * polly_no_tiling + 16.4484717865899 * parallel * polly_no_tiling * value_based + -11.8877074918567 * parallel * polly_no_tiling * value_based * none + 5.04671511044639 * memory_based * parallel;12.2156802272323;12.2156802272323;12.2156802272323;12.2156802272323;6.711822;17;5.04671511044639 * memory_based * parallel;2;0.189872822675949;15.0063724746044
Analyze finished
command: clean-sampling
command: clean-global
command: script ./learn_divDistBased_t3.a
command: log ./out_divDistBased_t3Predictions.log
