Current machine learning settings: epsilon:0 lossFunction:RELATIVE parallelization:True bagging:False baggingNumbers:3 considerEpsilonTube:False baggingTestDataFraction:50 useBackward:False abortError:1 limitFeatureSize:False featureSizeTreshold:4 quadraticFunctionSupport:True crossValidation:False crossValidation-k:5 learn-logFunction:False learn-accumulatedLogFunction:False learn-asymFunction:False learn-ratioFunction:False learn-mirrowedFunction:False learn-numeric-disabled:True numberOfRounds:70 backwardErrorDelta:1 minImprovementPerRound:0.1 withHierarchy:False bruteForceCandidates:False ignoreBadFeatures:False stopOnLongRound:True candidateSizePenalty:True learnTimeLimit:00:00:00 scoreMeasure:RELERROR outputRoundsToStdout:False debug:False pythonInfluenceAnalysis:False blacklisted: 
command: mlsettings bagging:False stopOnLongRound:False parallelization:True lossFunction:RELATIVE useBackward:False abortError:1 limitFeatureSize:False featureSizeTreshold:7 quadraticFunctionSupport:True crossValidation:False learn_logFunction:True numberOfRounds:70 backwardErrorDelta:1 minImprovementPerRound:0.25 withHierarchy:False
Current machine learning settings: epsilon:0 lossFunction:RELATIVE parallelization:True bagging:False baggingNumbers:3 considerEpsilonTube:False baggingTestDataFraction:50 useBackward:False abortError:1 limitFeatureSize:False featureSizeTreshold:7 quadraticFunctionSupport:True crossValidation:False crossValidation-k:5 learn-logFunction:True learn-accumulatedLogFunction:False learn-asymFunction:False learn-ratioFunction:False learn-mirrowedFunction:False learn-numeric-disabled:True numberOfRounds:70 backwardErrorDelta:1 minImprovementPerRound:0.25 withHierarchy:False bruteForceCandidates:False ignoreBadFeatures:False stopOnLongRound:False candidateSizePenalty:True learnTimeLimit:00:00:00 scoreMeasure:RELERROR outputRoundsToStdout:False debug:False pythonInfluenceAnalysis:False blacklisted: 
command: solver z3
command: vm /scratch/kallistos/Distance-Based_Data/SupplementaryWebsite/MeasuredPerformanceValues/7z/FeatureModel.xml
command: all /scratch/kallistos/Distance-Based_Data/SupplementaryWebsite/MeasuredPerformanceValues/7z/measurements.xml
Configs with too large deviation: 0
68640 configurations loaded.
command: nfp Performance
command: setsampleset /scratch/kallistos/Distance-Based_Data/Results/7z/7z_12/sampledConfigurations_divDistBased_t2.csv
command: learn-splconqueror
Learning: NumberOfConfigurationsLearning:600 NumberOfConfigurationsValidation:600
Learning progress:
1;9811.01796407193 * CompressionMethod + 25040.2951672413 * x_10;134.827766226286;134.827766226286;134.827766226286;134.827766226286;0.182536;2;25040.2951672413 * x_10;1;54.0981157725906;
2;6140.32738095243 * CompressionMethod + 28710.9857503607 * x_10 + 11145.5514069264 * x_8;79.1780550592177;79.1780550592177;79.1780550592177;79.1780550592177;0.604709;3;11145.5514069264 * x_8;1;55.6497111670686;
3;3264.0350877193 * CompressionMethod + 31587.2780435939 * x_10 + 14021.8437001595 * x_8 + 8948.46491228071 * x_6;49.5990620618442;49.5990620618442;49.5990620618442;49.5990620618442;1.377644;4;8948.46491228071 * x_6;1;29.5789929973735;
4;3264.03508771938 * CompressionMethod + 36485.0125313283 * x_10 + 14021.8437001595 * x_8 + 8948.46491228048 * x_6 + -32325.0476190477 * x_10 * PPMd;40.8427880726288;40.8427880726288;40.8427880726288;40.8427880726288;2.625417;6;-32325.0476190477 * x_10 * PPMd;2;4.37813699460768;
5;3264.03508771931 * CompressionMethod + 36485.0125313283 * x_10 + 14021.8437001595 * x_8 + 9846.06592238173 * x_6 + -32325.0476190476 * x_10 * PPMd + -10771.2121212121 * x_6 * PPMd;34.9479582396008;34.9479582396008;34.9479582396008;34.9479582396008;4.241861;8;-10771.2121212121 * x_6 * PPMd;2;2.94741491651402;
6;3264.03508771933 * CompressionMethod + 36485.0125313283 * x_10 + 15292.316263632 * x_8 + 9846.06592238171 * x_6 + -32325.0476190476 * x_10 * PPMd + -10771.2121212121 * x_6 * PPMd + -12331.0572337042 * x_8 * PPMd;29.5538038617169;29.5538038617169;29.5538038617169;29.5538038617169;6.43429;10;-12331.0572337042 * x_8 * PPMd;2;2.69707718894197;
7;3264.03508771935 * CompressionMethod + 44600.8829450676 * x_10 + 15292.316263632 * x_8 + 9846.06592238167 * x_6 + -40440.9180327872 * x_10 * PPMd + -10771.2121212122 * x_6 * PPMd + -12331.0572337044 * x_8 * PPMd + -29640.5702067001 * x_10 * LZMA;25.0456633422219;25.0456633422219;25.0456633422219;25.0456633422219;9.29062;12;-29640.5702067001 * x_10 * LZMA;2;2.25407025974749;
8;2828.59795476728 * CompressionMethod + 44143.8006029682 * x_10 + 14927.1109263174 * x_8 + 9375.72571523416 * x_6 + -39548.3985577355 * x_10 * PPMd + -9865.43478111255 * x_6 * PPMd + -11530.4147634376 * x_8 * PPMd + -28748.0507316486 * x_10 * LZMA + 3202.5698810668 * BZip2;21.9381419723243;21.9381419723243;21.9381419723243;21.9381419723243;12.922683;13;3202.5698810668 * BZip2;1;3.10752136989754;
9;2713.25021557134 * CompressionMethod + 44022.7190258642 * x_10 + 14830.3676611854 * x_8 + 6618.83457928957 * x_6 + -39311.9692414356 * x_10 * PPMd + -6993.19590597221 * x_6 * PPMd + -11318.3237591097 * x_8 * PPMd + -28511.6214153485 * x_10 * LZMA + 4050.93389837864 * BZip2 + 8686.58187180573 * x_6 * LZMA;19.052917966586;19.052917966586;19.052917966586;19.052917966586;17.492056;15;8686.58187180573 * x_6 * LZMA;2;1.44261200286918;
10;2903.60912471427 * CompressionMethod + 44498.3337192271 * x_10 + 14909.2886220446 * x_8 + 6789.4140573649 * x_6 + -39977.9428439414 * x_10 * PPMd + -7354.13429319035 * x_6 * PPMd + -11587.6036291117 * x_8 * PPMd + -29177.5950178544 * x_10 * LZMA + 3720.91347839436 * BZip2 + 8325.64348458756 * x_6 * LZMA + -921.422174029743 * Deflate;16.6615668003065;16.6615668003065;16.6615668003065;16.6615668003065;23.109127;16;-921.422174029743 * Deflate;1;2.39135116627949;
11;3145.24460238537 * CompressionMethod + 44375.7207278236 * x_10 + 14726.1539352192 * x_8 + 6631.53411620497 * x_6 + -39394.4480005509 * x_10 * PPMd + -6735.37250004323 * x_6 * PPMd + -10943.5870902995 * x_8 * PPMd + -29296.6175041218 * x_10 * LZMA + 3596.80935133285 * BZip2 + 8241.88794807653 * x_6 * LZMA + -1056.96431882637 * Deflate + -702.517329658073 * PPMd;15.3741660132793;15.3741660132793;15.3741660132793;15.3741660132793;30.012037;17;-702.517329658073 * PPMd;1;1.28740078702721;
12;3205.19440081481 * CompressionMethod + 44472.570736001 * x_10 + 15403.1474520515 * x_8 + 6646.50709309047 * x_6 + -39491.2980087284 * x_10 * PPMd + -6750.34547692876 * x_6 * PPMd + -11019.463682124 * x_8 * PPMd + -29453.4173107288 * x_10 * LZMA + 3553.1369417524 * BZip2 + 8166.96517276124 * x_6 * LZMA + -1289.1316146198 * Deflate + -762.467128087522 * PPMd + -1703.16462085519 * x_8 * filterOff;14.6690090402616;14.6690090402616;14.6690090402616;14.6690090402616;38.429935;19;-1703.16462085519 * x_8 * filterOff;2;0.352578486508833;
13;3206.39581963056 * CompressionMethod + 44474.511650319 * x_10 + 15416.7146828107 * x_8 + 6646.80715775534 * x_6 + -39493.2389230462 * x_10 * PPMd + -6699.5218942789 * x_6 * PPMd + -10957.8315396821 * x_8 * PPMd + -29456.5596438625 * x_10 * LZMA + 3552.2617285576 * BZip2 + 8165.46368928082 * x_6 * LZMA + -1293.78434348428 * Deflate + -1070.41043079213 * PPMd + -1737.29674598998 * x_8 * filterOff + 460.112825833204 * PPMd * tmOff;13.8881136491089;13.8881136491089;13.8881136491089;13.8881136491089;48.550387;21;460.112825833204 * PPMd * tmOff;2;0.390447695576345;
14;3186.50850498294 * CompressionMethod + 44466.7320008504 * x_10 + 15413.1847844463 * x_8 + 6843.67358118239 * x_6 + -39485.4592735779 * x_10 * PPMd + -6896.29358515227 * x_6 * PPMd + -10951.5780803937 * x_8 * PPMd + -29428.8926797463 * x_10 * LZMA + 3661.21871755346 * BZip2 + 8157.24818619734 * x_6 * LZMA + -1298.11550142749 * Deflate + -1051.09151146754 * PPMd + -1744.68193800306 * x_8 * filterOff + 460.96541881803 * PPMd * tmOff + -5062.90817087966 * x_6 * BlockSize_256;13.7403041588778;13.7403041588778;13.7403041588778;13.7403041588778;60.4011;23;-5062.90817087966 * x_6 * BlockSize_256;2;0.0739047451155903;
Elapsed=00:01:00.4130879
average model: 
command: analyze-learning
Round, Model, LearningError, LearningErrorRel, ValidationError, ValidationErrorRel, ElapsedSeconds, ModelComplexity, BestCandidate, BestCandidateSize, BestCandidateScore, TestError
Models:
Termination reason: minImprovementPerRound
1;9811.01796407193 * CompressionMethod + 25040.2951672413 * x_10;134.827766226286;134.827766226286;134.827766226286;134.827766226286;0.182536;2;25040.2951672413 * x_10;1;54.0981157725906;161.422392242574
2;6140.32738095243 * CompressionMethod + 28710.9857503607 * x_10 + 11145.5514069264 * x_8;79.1780550592177;79.1780550592177;79.1780550592177;79.1780550592177;0.604709;3;11145.5514069264 * x_8;1;55.6497111670686;94.615811567571
3;3264.0350877193 * CompressionMethod + 31587.2780435939 * x_10 + 14021.8437001595 * x_8 + 8948.46491228071 * x_6;49.5990620618442;49.5990620618442;49.5990620618442;49.5990620618442;1.377644;4;8948.46491228071 * x_6;1;29.5789929973735;63.3359492543384
4;3264.03508771938 * CompressionMethod + 36485.0125313283 * x_10 + 14021.8437001595 * x_8 + 8948.46491228048 * x_6 + -32325.0476190477 * x_10 * PPMd;40.8427880726288;40.8427880726288;40.8427880726288;40.8427880726288;2.625417;6;-32325.0476190477 * x_10 * PPMd;2;4.37813699460768;53.0471521483446
5;3264.03508771931 * CompressionMethod + 36485.0125313283 * x_10 + 14021.8437001595 * x_8 + 9846.06592238173 * x_6 + -32325.0476190476 * x_10 * PPMd + -10771.2121212121 * x_6 * PPMd;34.9479582396008;34.9479582396008;34.9479582396008;34.9479582396008;4.241861;8;-10771.2121212121 * x_6 * PPMd;2;2.94741491651402;41.6893036351886
6;3264.03508771933 * CompressionMethod + 36485.0125313283 * x_10 + 15292.316263632 * x_8 + 9846.06592238171 * x_6 + -32325.0476190476 * x_10 * PPMd + -10771.2121212121 * x_6 * PPMd + -12331.0572337042 * x_8 * PPMd;29.5538038617169;29.5538038617169;29.5538038617169;29.5538038617169;6.43429;10;-12331.0572337042 * x_8 * PPMd;2;2.69707718894197;35.759657955365
7;3264.03508771935 * CompressionMethod + 44600.8829450676 * x_10 + 15292.316263632 * x_8 + 9846.06592238167 * x_6 + -40440.9180327872 * x_10 * PPMd + -10771.2121212122 * x_6 * PPMd + -12331.0572337044 * x_8 * PPMd + -29640.5702067001 * x_10 * LZMA;25.0456633422219;25.0456633422219;25.0456633422219;25.0456633422219;9.29062;12;-29640.5702067001 * x_10 * LZMA;2;2.25407025974749;32.9392934302503
8;2828.59795476728 * CompressionMethod + 44143.8006029682 * x_10 + 14927.1109263174 * x_8 + 9375.72571523416 * x_6 + -39548.3985577355 * x_10 * PPMd + -9865.43478111255 * x_6 * PPMd + -11530.4147634376 * x_8 * PPMd + -28748.0507316486 * x_10 * LZMA + 3202.5698810668 * BZip2;21.9381419723243;21.9381419723243;21.9381419723243;21.9381419723243;12.922683;13;3202.5698810668 * BZip2;1;3.10752136989754;27.117537345534
9;2713.25021557134 * CompressionMethod + 44022.7190258642 * x_10 + 14830.3676611854 * x_8 + 6618.83457928957 * x_6 + -39311.9692414356 * x_10 * PPMd + -6993.19590597221 * x_6 * PPMd + -11318.3237591097 * x_8 * PPMd + -28511.6214153485 * x_10 * LZMA + 4050.93389837864 * BZip2 + 8686.58187180573 * x_6 * LZMA;19.052917966586;19.052917966586;19.052917966586;19.052917966586;17.492056;15;8686.58187180573 * x_6 * LZMA;2;1.44261200286918;24.7345228418129
10;2903.60912471427 * CompressionMethod + 44498.3337192271 * x_10 + 14909.2886220446 * x_8 + 6789.4140573649 * x_6 + -39977.9428439414 * x_10 * PPMd + -7354.13429319035 * x_6 * PPMd + -11587.6036291117 * x_8 * PPMd + -29177.5950178544 * x_10 * LZMA + 3720.91347839436 * BZip2 + 8325.64348458756 * x_6 * LZMA + -921.422174029743 * Deflate;16.6615668003065;16.6615668003065;16.6615668003065;16.6615668003065;23.109127;16;-921.422174029743 * Deflate;1;2.39135116627949;21.2683493516371
11;3145.24460238537 * CompressionMethod + 44375.7207278236 * x_10 + 14726.1539352192 * x_8 + 6631.53411620497 * x_6 + -39394.4480005509 * x_10 * PPMd + -6735.37250004323 * x_6 * PPMd + -10943.5870902995 * x_8 * PPMd + -29296.6175041218 * x_10 * LZMA + 3596.80935133285 * BZip2 + 8241.88794807653 * x_6 * LZMA + -1056.96431882637 * Deflate + -702.517329658073 * PPMd;15.3741660132793;15.3741660132793;15.3741660132793;15.3741660132793;30.012037;17;-702.517329658073 * PPMd;1;1.28740078702721;19.2907315140362
12;3205.19440081481 * CompressionMethod + 44472.570736001 * x_10 + 15403.1474520515 * x_8 + 6646.50709309047 * x_6 + -39491.2980087284 * x_10 * PPMd + -6750.34547692876 * x_6 * PPMd + -11019.463682124 * x_8 * PPMd + -29453.4173107288 * x_10 * LZMA + 3553.1369417524 * BZip2 + 8166.96517276124 * x_6 * LZMA + -1289.1316146198 * Deflate + -762.467128087522 * PPMd + -1703.16462085519 * x_8 * filterOff;14.6690090402616;14.6690090402616;14.6690090402616;14.6690090402616;38.429935;19;-1703.16462085519 * x_8 * filterOff;2;0.352578486508833;18.9436146991528
13;3206.39581963056 * CompressionMethod + 44474.511650319 * x_10 + 15416.7146828107 * x_8 + 6646.80715775534 * x_6 + -39493.2389230462 * x_10 * PPMd + -6699.5218942789 * x_6 * PPMd + -10957.8315396821 * x_8 * PPMd + -29456.5596438625 * x_10 * LZMA + 3552.2617285576 * BZip2 + 8165.46368928082 * x_6 * LZMA + -1293.78434348428 * Deflate + -1070.41043079213 * PPMd + -1737.29674598998 * x_8 * filterOff + 460.112825833204 * PPMd * tmOff;13.8881136491089;13.8881136491089;13.8881136491089;13.8881136491089;48.550387;21;460.112825833204 * PPMd * tmOff;2;0.390447695576345;18.7151018570022
14;3186.50850498294 * CompressionMethod + 44466.7320008504 * x_10 + 15413.1847844463 * x_8 + 6843.67358118239 * x_6 + -39485.4592735779 * x_10 * PPMd + -6896.29358515227 * x_6 * PPMd + -10951.5780803937 * x_8 * PPMd + -29428.8926797463 * x_10 * LZMA + 3661.21871755346 * BZip2 + 8157.24818619734 * x_6 * LZMA + -1298.11550142749 * Deflate + -1051.09151146754 * PPMd + -1744.68193800306 * x_8 * filterOff + 460.96541881803 * PPMd * tmOff + -5062.90817087966 * x_6 * BlockSize_256;13.7403041588778;13.7403041588778;13.7403041588778;13.7403041588778;60.4011;23;-5062.90817087966 * x_6 * BlockSize_256;2;0.0739047451155903;19.4541255116237
Analyze finished
command: clean-sampling
command: clean-global
command: script ./learn_divDistBased_t3.a
command: log ./out_divDistBased_t3Predictions.log
