Current machine learning settings: epsilon:0 lossFunction:RELATIVE parallelization:True bagging:False baggingNumbers:3 considerEpsilonTube:False baggingTestDataFraction:50 useBackward:False abortError:1 limitFeatureSize:False featureSizeTreshold:4 quadraticFunctionSupport:True crossValidation:False crossValidation-k:5 learn-logFunction:False learn-accumulatedLogFunction:False learn-asymFunction:False learn-ratioFunction:False learn-mirrowedFunction:False learn-numeric-disabled:True numberOfRounds:70 backwardErrorDelta:1 minImprovementPerRound:0.1 withHierarchy:False bruteForceCandidates:False ignoreBadFeatures:False stopOnLongRound:True candidateSizePenalty:True learnTimeLimit:00:00:00 scoreMeasure:RELERROR outputRoundsToStdout:False debug:False pythonInfluenceAnalysis:False blacklisted: 
command: mlsettings bagging:False stopOnLongRound:False parallelization:True lossFunction:RELATIVE useBackward:False abortError:1 limitFeatureSize:False featureSizeTreshold:7 quadraticFunctionSupport:True crossValidation:False learn_logFunction:True numberOfRounds:70 backwardErrorDelta:1 minImprovementPerRound:0.25 withHierarchy:False
Current machine learning settings: epsilon:0 lossFunction:RELATIVE parallelization:True bagging:False baggingNumbers:3 considerEpsilonTube:False baggingTestDataFraction:50 useBackward:False abortError:1 limitFeatureSize:False featureSizeTreshold:7 quadraticFunctionSupport:True crossValidation:False crossValidation-k:5 learn-logFunction:True learn-accumulatedLogFunction:False learn-asymFunction:False learn-ratioFunction:False learn-mirrowedFunction:False learn-numeric-disabled:True numberOfRounds:70 backwardErrorDelta:1 minImprovementPerRound:0.25 withHierarchy:False bruteForceCandidates:False ignoreBadFeatures:False stopOnLongRound:False candidateSizePenalty:True learnTimeLimit:00:00:00 scoreMeasure:RELERROR outputRoundsToStdout:False debug:False pythonInfluenceAnalysis:False blacklisted: 
command: solver z3
command: vm /scratch/kallistos/Distance-Based_Data/SupplementaryWebsite/MeasuredPerformanceValues/7z/FeatureModel.xml
command: all /scratch/kallistos/Distance-Based_Data/SupplementaryWebsite/MeasuredPerformanceValues/7z/measurements.xml
Configs with too large deviation: 0
68640 configurations loaded.
command: nfp Performance
command: setsampleset /scratch/kallistos/Distance-Based_Data/Results/7z/7z_12/sampledConfigurations_divDistBased_t1.csv
command: learn-splconqueror
Learning: NumberOfConfigurationsLearning:39 NumberOfConfigurationsValidation:39
Learning progress:
1;4441.48148148147 * CompressionMethod + 36996.8518518519 * x_10;79.1840313009792;79.1840313009792;79.1840313009792;79.1840313009792;0.06002;2;36996.8518518519 * x_10;1;220.614545279942;
2;3817.30769230771 * CompressionMethod + 37621.0256410256 * x_10 + 16852.6923076924 * BlockSize_4;67.2307817185639;67.2307817185639;67.2307817185639;67.2307817185639;0.097713;3;16852.6923076924 * BlockSize_4;1;11.9532495824153;
3;3817.3076923077 * CompressionMethod + 19556.978021978 * x_10 + 16852.6923076923 * BlockSize_4 + 43353.7142857143 * x_10 * BZip2;44.9506810074237;44.9506810074237;44.9506810074237;44.9506810074237;0.157563;5;43353.7142857143 * x_10 * BZip2;2;11.1400503555701;
4;3245.2380952381 * CompressionMethod + 20129.0476190476 * x_10 + 17424.761904762 * BlockSize_4 + 40378.9523809524 * x_10 * BZip2 + 2974.7619047619 * BZip2;30.6740879316203;30.6740879316203;30.6740879316203;30.6740879316203;0.255209;6;2974.7619047619 * BZip2;1;14.2765930758033;
5;3245.23809523809 * CompressionMethod + 26436.7619047619 * x_10 + 17424.761904762 * BlockSize_4 + 34071.2380952381 * x_10 * BZip2 + 2974.76190476187 * BZip2 + -22077 * x_10 * PPMd;22.1389474672139;22.1389474672139;22.1389474672139;22.1389474672139;0.398393;8;-22077 * x_10 * PPMd;2;4.26757023220319;
6;3065.50000000001 * CompressionMethod + 26616.5 * x_10 + 13830 * BlockSize_4 + 33891.5 * x_10 * BZip2 + 3154.50000000002 * BZip2 + -22077 * x_10 * PPMd + 3774.49999999999 * x_8;18.7466087803612;18.7466087803612;18.7466087803612;18.7466087803612;0.59045;9;3774.49999999999 * x_8;1;3.39233868685275;
7;3393.33333333335 * CompressionMethod + 26288.6666666666 * x_10 + 12518.6666666667 * BlockSize_4 + 34219.3333333334 * x_10 * BZip2 + 2826.66666666665 * BZip2 + -20765.6666666666 * x_10 * PPMd + 4757.99999999996 * x_8 + -1311.33333333335 * PPMd;15.8101842897255;15.8101842897255;15.8101842897255;15.8101842897255;0.837374;10;-1311.33333333335 * PPMd;1;2.93642449063574;
8;3393.33333333333 * CompressionMethod + 15763.3333333334 * x_10 + 12518.6666666667 * BlockSize_4 + 44744.6666666667 * x_10 * BZip2 + 2826.66666666669 * BZip2 + -10240.3333333334 * x_10 * PPMd + 4757.99999999998 * x_8 + -1311.33333333334 * PPMd + 26313.3333333333 * x_10 * BlockSize_32;9.94851892514151;9.94851892514151;9.94851892514151;9.94851892514151;1.153405;12;26313.3333333333 * x_10 * BlockSize_32;2;2.93083268229197;
9;3617.6923076923 * CompressionMethod + 15538.9743589744 * x_10 + 12294.3076923076 * BlockSize_4 + 44969.0256410256 * x_10 * BZip2 + 2602.30769230772 * BZip2 + -10015.9743589744 * x_10 * PPMd + 4758 * x_8 + -1535.69230769231 * PPMd + 27996.0256410257 * x_10 * BlockSize_32 + -1682.69230769232 * mtOff;8.14701808781292;8.14701808781292;8.14701808781292;8.14701808781292;1.560775;13;-1682.69230769232 * mtOff;1;1.80150083732859;
10;3153.33333333337 * CompressionMethod + 16003.3333333334 * x_10 + 12758.6666666667 * BlockSize_4 + 44504.6666666667 * x_10 * BZip2 + 3066.66666666669 * BZip2 + -10480.3333333333 * x_10 * PPMd + 4758.00000000001 * x_8 + -1071.33333333337 * PPMd + 27531.6666666667 * x_10 * BlockSize_32 + -7254.99999999999 * mtOff + 6036.66666666662 * Deflate;3.09242816186382;3.09242816186382;3.09242816186382;3.09242816186382;2.049453;14;6036.66666666662 * Deflate;1;5.0545899259491;
11;3153.33333333334 * CompressionMethod + 16003.3333333333 * x_10 + 12236.6666666666 * BlockSize_4 + 44504.6666666667 * x_10 * BZip2 + 3066.66666666664 * BZip2 + -10393.3333333333 * x_10 * PPMd + 4844.99999999999 * x_8 + -1158.33333333331 * PPMd + 27531.6666666667 * x_10 * BlockSize_32 + -7255 * mtOff + 6036.66666666668 * Deflate + 434.999999999993 * Files_10;2.48563199445454;2.48563199445454;2.48563199445454;2.48563199445454;2.628471;15;434.999999999993 * Files_10;1;0.606796167409281;
12;3153.33333333338 * CompressionMethod + 16003.3333333333 * x_10 + 12236.6666666667 * BlockSize_4 + 44504.6666666666 * x_10 * BZip2 + 3066.66666666663 * BZip2 + -10908.3333333333 * x_10 * PPMd + 4845.00000000002 * x_8 + -1158.33333333332 * PPMd + 27531.6666666667 * x_10 * BlockSize_32 + -7254.99999999999 * mtOff + 6036.66666666666 * Deflate + 435.000000000005 * Files_10 + 1030.00000000004 * BlockSize_8;2.13675721765826;2.13675721765826;2.13675721765826;2.13675721765826;3.304371;16;1030.00000000004 * BlockSize_8;1;0.348874776796275;
13;3153.33333333333 * CompressionMethod + 16003.3333333333 * x_10 + 12333.3333333333 * BlockSize_4 + 44504.6666666667 * x_10 * BZip2 + 3066.66666666666 * BZip2 + -10860.0000000001 * x_10 * PPMd + 4893.33333333334 * x_8 + -1206.66666666665 * PPMd + 27531.6666666667 * x_10 * BlockSize_32 + -7061.66666666666 * mtOff + 5843.33333333335 * Deflate + 289.999999999988 * Files_10 + 1030.00000000003 * BlockSize_8 + 193.33333333332 * x_6;1.85833643336976;1.85833643336976;1.85833643336976;1.85833643336976;4.081552;17;193.33333333332 * x_6;1;0.278420784288502;
14;3128.18363273455 * CompressionMethod + 15927.8842315369 * x_10 + 12358.4830339322 * BlockSize_4 + 44700.8343313373 * x_10 * BZip2 + 2971.09780439121 * BZip2 + -11086.3473053892 * x_10 * PPMd + 4893.33333333334 * x_8 + -1181.51696606785 * PPMd + 27607.115768463 * x_10 * BlockSize_32 + -7061.66666666666 * mtOff + 5868.48303393214 * Deflate + 289.999999999996 * Files_10 + 1331.79640718563 * BlockSize_8 + 193.333333333347 * x_6 + 301.796407185671 * Files_80;1.58803101481331;1.58803101481331;1.58803101481331;1.58803101481331;4.967871;18;301.796407185671 * Files_80;1;0.270305418556451;
15;3128.18363273451 * CompressionMethod + 15927.8842315369 * x_10 + 12358.4830339321 * BlockSize_4 + 44700.8343313374 * x_10 * BZip2 + 2971.09780439124 * BZip2 + -11086.3473053892 * x_10 * PPMd + 4893.33333333335 * x_8 + -1181.51696606787 * PPMd + 27682.1157684631 * x_10 * BlockSize_32 + -7136.66666666666 * mtOff + 5868.48303393213 * Deflate + 289.999999999994 * Files_10 + 1331.79640718562 * BlockSize_8 + 193.333333333337 * x_6 + 301.796407185688 * Files_80 + 149.999999999976 * Deflate * Files_70;1.38896431357995;1.38896431357995;1.38896431357995;1.38896431357995;5.986456;20;149.999999999976 * Deflate * Files_70;2;0.0995333506166803;
Elapsed=00:00:05.9899819
average model: 
command: analyze-learning
Round, Model, LearningError, LearningErrorRel, ValidationError, ValidationErrorRel, ElapsedSeconds, ModelComplexity, BestCandidate, BestCandidateSize, BestCandidateScore, TestError
Models:
Termination reason: minImprovementPerRound
1;4441.48148148147 * CompressionMethod + 36996.8518518519 * x_10;79.1840313009792;79.1840313009792;79.1840313009792;79.1840313009792;0.06002;2;36996.8518518519 * x_10;1;220.614545279942;78.7265898515244
2;3817.30769230771 * CompressionMethod + 37621.0256410256 * x_10 + 16852.6923076924 * BlockSize_4;67.2307817185639;67.2307817185639;67.2307817185639;67.2307817185639;0.097713;3;16852.6923076924 * BlockSize_4;1;11.9532495824153;94.9653413257356
3;3817.3076923077 * CompressionMethod + 19556.978021978 * x_10 + 16852.6923076923 * BlockSize_4 + 43353.7142857143 * x_10 * BZip2;44.9506810074237;44.9506810074237;44.9506810074237;44.9506810074237;0.157563;5;43353.7142857143 * x_10 * BZip2;2;11.1400503555701;80.744949943939
4;3245.2380952381 * CompressionMethod + 20129.0476190476 * x_10 + 17424.761904762 * BlockSize_4 + 40378.9523809524 * x_10 * BZip2 + 2974.7619047619 * BZip2;30.6740879316203;30.6740879316203;30.6740879316203;30.6740879316203;0.255209;6;2974.7619047619 * BZip2;1;14.2765930758033;70.6862127006044
5;3245.23809523809 * CompressionMethod + 26436.7619047619 * x_10 + 17424.761904762 * BlockSize_4 + 34071.2380952381 * x_10 * BZip2 + 2974.76190476187 * BZip2 + -22077 * x_10 * PPMd;22.1389474672139;22.1389474672139;22.1389474672139;22.1389474672139;0.398393;8;-22077 * x_10 * PPMd;2;4.26757023220319;66.0578611619956
6;3065.50000000001 * CompressionMethod + 26616.5 * x_10 + 13830 * BlockSize_4 + 33891.5 * x_10 * BZip2 + 3154.50000000002 * BZip2 + -22077 * x_10 * PPMd + 3774.49999999999 * x_8;18.7466087803612;18.7466087803612;18.7466087803612;18.7466087803612;0.59045;9;3774.49999999999 * x_8;1;3.39233868685275;55.3688550477639
7;3393.33333333335 * CompressionMethod + 26288.6666666666 * x_10 + 12518.6666666667 * BlockSize_4 + 34219.3333333334 * x_10 * BZip2 + 2826.66666666665 * BZip2 + -20765.6666666666 * x_10 * PPMd + 4757.99999999996 * x_8 + -1311.33333333335 * PPMd;15.8101842897255;15.8101842897255;15.8101842897255;15.8101842897255;0.837374;10;-1311.33333333335 * PPMd;1;2.93642449063574;51.3580486995274
8;3393.33333333333 * CompressionMethod + 15763.3333333334 * x_10 + 12518.6666666667 * BlockSize_4 + 44744.6666666667 * x_10 * BZip2 + 2826.66666666669 * BZip2 + -10240.3333333334 * x_10 * PPMd + 4757.99999999998 * x_8 + -1311.33333333334 * PPMd + 26313.3333333333 * x_10 * BlockSize_32;9.94851892514151;9.94851892514151;9.94851892514151;9.94851892514151;1.153405;12;26313.3333333333 * x_10 * BlockSize_32;2;2.93083268229197;49.9003928420146
9;3617.6923076923 * CompressionMethod + 15538.9743589744 * x_10 + 12294.3076923076 * BlockSize_4 + 44969.0256410256 * x_10 * BZip2 + 2602.30769230772 * BZip2 + -10015.9743589744 * x_10 * PPMd + 4758 * x_8 + -1535.69230769231 * PPMd + 27996.0256410257 * x_10 * BlockSize_32 + -1682.69230769232 * mtOff;8.14701808781292;8.14701808781292;8.14701808781292;8.14701808781292;1.560775;13;-1682.69230769232 * mtOff;1;1.80150083732859;55.9252590999328
10;3153.33333333337 * CompressionMethod + 16003.3333333334 * x_10 + 12758.6666666667 * BlockSize_4 + 44504.6666666667 * x_10 * BZip2 + 3066.66666666669 * BZip2 + -10480.3333333333 * x_10 * PPMd + 4758.00000000001 * x_8 + -1071.33333333337 * PPMd + 27531.6666666667 * x_10 * BlockSize_32 + -7254.99999999999 * mtOff + 6036.66666666662 * Deflate;3.09242816186382;3.09242816186382;3.09242816186382;3.09242816186382;2.049453;14;6036.66666666662 * Deflate;1;5.0545899259491;107.94441945619
11;3153.33333333334 * CompressionMethod + 16003.3333333333 * x_10 + 12236.6666666666 * BlockSize_4 + 44504.6666666667 * x_10 * BZip2 + 3066.66666666664 * BZip2 + -10393.3333333333 * x_10 * PPMd + 4844.99999999999 * x_8 + -1158.33333333331 * PPMd + 27531.6666666667 * x_10 * BlockSize_32 + -7255 * mtOff + 6036.66666666668 * Deflate + 434.999999999993 * Files_10;2.48563199445454;2.48563199445454;2.48563199445454;2.48563199445454;2.628471;15;434.999999999993 * Files_10;1;0.606796167409281;107.255573591615
12;3153.33333333338 * CompressionMethod + 16003.3333333333 * x_10 + 12236.6666666667 * BlockSize_4 + 44504.6666666666 * x_10 * BZip2 + 3066.66666666663 * BZip2 + -10908.3333333333 * x_10 * PPMd + 4845.00000000002 * x_8 + -1158.33333333332 * PPMd + 27531.6666666667 * x_10 * BlockSize_32 + -7254.99999999999 * mtOff + 6036.66666666666 * Deflate + 435.000000000005 * Files_10 + 1030.00000000004 * BlockSize_8;2.13675721765826;2.13675721765826;2.13675721765826;2.13675721765826;3.304371;16;1030.00000000004 * BlockSize_8;1;0.348874776796275;107.296664595316
13;3153.33333333333 * CompressionMethod + 16003.3333333333 * x_10 + 12333.3333333333 * BlockSize_4 + 44504.6666666667 * x_10 * BZip2 + 3066.66666666666 * BZip2 + -10860.0000000001 * x_10 * PPMd + 4893.33333333334 * x_8 + -1206.66666666665 * PPMd + 27531.6666666667 * x_10 * BlockSize_32 + -7061.66666666666 * mtOff + 5843.33333333335 * Deflate + 289.999999999988 * Files_10 + 1030.00000000003 * BlockSize_8 + 193.33333333332 * x_6;1.85833643336976;1.85833643336976;1.85833643336976;1.85833643336976;4.081552;17;193.33333333332 * x_6;1;0.278420784288502;105.372218124479
14;3128.18363273455 * CompressionMethod + 15927.8842315369 * x_10 + 12358.4830339322 * BlockSize_4 + 44700.8343313373 * x_10 * BZip2 + 2971.09780439121 * BZip2 + -11086.3473053892 * x_10 * PPMd + 4893.33333333334 * x_8 + -1181.51696606785 * PPMd + 27607.115768463 * x_10 * BlockSize_32 + -7061.66666666666 * mtOff + 5868.48303393214 * Deflate + 289.999999999996 * Files_10 + 1331.79640718563 * BlockSize_8 + 193.333333333347 * x_6 + 301.796407185671 * Files_80;1.58803101481331;1.58803101481331;1.58803101481331;1.58803101481331;4.967871;18;301.796407185671 * Files_80;1;0.270305418556451;105.782524556483
15;3128.18363273451 * CompressionMethod + 15927.8842315369 * x_10 + 12358.4830339321 * BlockSize_4 + 44700.8343313374 * x_10 * BZip2 + 2971.09780439124 * BZip2 + -11086.3473053892 * x_10 * PPMd + 4893.33333333335 * x_8 + -1181.51696606787 * PPMd + 27682.1157684631 * x_10 * BlockSize_32 + -7136.66666666666 * mtOff + 5868.48303393213 * Deflate + 289.999999999994 * Files_10 + 1331.79640718562 * BlockSize_8 + 193.333333333337 * x_6 + 301.796407185688 * Files_80 + 149.999999999976 * Deflate * Files_70;1.38896431357995;1.38896431357995;1.38896431357995;1.38896431357995;5.986456;20;149.999999999976 * Deflate * Files_70;2;0.0995333506166803;106.272534871213
Analyze finished
command: clean-sampling
command: clean-global
command: script ./learn_divDistBased_t2.a
command: log ./out_divDistBased_t2Predictions.log
