5892 - OpenCL, Linear2D, bs_32x16, padding_352, pixelPerThread_1
5225 - OpenCL, Linear1D, LocalMemory, bs_512x2, padding_448, pixelPerThread_2
6744 - OpenCL, Linear2D, bs_32x2, padding_96, pixelPerThread_1
13645 - OpenCL, Ldg, LocalMemory, bs_256x4, padding_352, pixelPerThread_2
4079 - OpenCL, Linear1D, bs_64x2, padding_512, pixelPerThread_4
23029 - CUDA, Array2D, bs_32x16, padding_352, pixelPerThread_2
5149 - OpenCL, Linear1D, LocalMemory, bs_512x1, padding_384, pixelPerThread_2
7104 - OpenCL, Linear2D, bs_256x2, padding_256, pixelPerThread_1
13246 - OpenCL, Ldg, LocalMemory, bs_64x4, padding_416, pixelPerThread_3
24850 - CUDA, Array2D, LocalMemory, bs_128x2, padding_224, pixelPerThread_3
4176 - OpenCL, Linear1D, bs_256x1, padding_224, pixelPerThread_1
4807 - OpenCL, Linear1D, LocalMemory, bs_128x1, padding_352, pixelPerThread_4
19378 - CUDA, Linear1D, LocalMemory, bs_256x4, padding_512, pixelPerThread_3
16614 - CUDA, LocalMemory, bs_512x2, padding_160, pixelPerThread_3
22187 - CUDA, Linear2D, LocalMemory, bs_256x4, padding_128, pixelPerThread_4
6707 - OpenCL, Linear2D, bs_1024x1, padding_320, pixelPerThread_4
23914 - CUDA, Array2D, bs_32x2, padding_352, pixelPerThread_3
10279 - OpenCL, Array2D, LocalMemory, bs_64x1, padding_64, pixelPerThread_4
12351 - OpenCL, Ldg, bs_512x2, padding_320, pixelPerThread_4
4942 - OpenCL, Linear1D, LocalMemory, bs_128x4, padding_352, pixelPerThread_3
25151 - CUDA, Array2D, LocalMemory, bs_512x1, padding_448, pixelPerThread_4
14027 - OpenCL, Ldg, LocalMemory, bs_64x2, padding_128, pixelPerThread_4
13279 - OpenCL, Ldg, LocalMemory, bs_64x16, padding_128, pixelPerThread_4
11711 - OpenCL, Ldg, bs_64x1, padding_96, pixelPerThread_4
4742 - OpenCL, Linear1D, LocalMemory, bs_64x16, padding_384, pixelPerThread_3
23184 - CUDA, Array2D, bs_64x1, padding_512, pixelPerThread_1
13625 - OpenCL, Ldg, LocalMemory, bs_256x4, padding_192, pixelPerThread_2
15926 - CUDA, LocalMemory, bs_32x32, padding_96, pixelPerThread_3
25590 - CUDA, Array2D, LocalMemory, bs_256x1, padding_160, pixelPerThread_3
2226 - OpenCL, LocalMemory, bs_256x4, padding_384, pixelPerThread_3
4487 - OpenCL, Linear1D, LocalMemory, bs_32x16, padding_512, pixelPerThread_4
10316 - OpenCL, Array2D, LocalMemory, bs_64x1, padding_384, pixelPerThread_1
3366 - OpenCL, Linear1D, bs_128x1, padding_256, pixelPerThread_3
7029 - OpenCL, Linear2D, bs_256x1, padding_192, pixelPerThread_2
7697 - OpenCL, Linear2D, LocalMemory, bs_128x2, padding_96, pixelPerThread_2
4559 - OpenCL, Linear1D, LocalMemory, bs_64x1, padding_0, pixelPerThread_4
11537 - OpenCL, Ldg, bs_32x8, padding_352, pixelPerThread_2
10989 - OpenCL, Array2D, LocalMemory, bs_1024x1, padding_320, pixelPerThread_2
7177 - OpenCL, Linear2D, LocalMemory, bs_32x1, padding_288, pixelPerThread_2
5272 - OpenCL, Linear1D, LocalMemory, bs_1024x1, padding_288, pixelPerThread_1
5350 - OpenCL, Linear1D, LocalMemory, bs_32x2, padding_352, pixelPerThread_3
23772 - CUDA, Array2D, bs_512x2, padding_320, pixelPerThread_1
4481 - OpenCL, Linear1D, LocalMemory, bs_32x16, padding_480, pixelPerThread_2
7207 - OpenCL, Linear2D, LocalMemory, bs_32x1, padding_512, pixelPerThread_4
6658 - OpenCL, Linear2D, bs_512x2, padding_480, pixelPerThread_3
25409 - CUDA, Array2D, LocalMemory, bs_32x4, padding_352, pixelPerThread_2
25214 - CUDA, Array2D, LocalMemory, bs_512x2, padding_416, pixelPerThread_3
24984 - CUDA, Array2D, LocalMemory, bs_128x8, padding_224, pixelPerThread_1
7912 - OpenCL, Linear2D, LocalMemory, bs_256x4, padding_192, pixelPerThread_1
7878 - OpenCL, Linear2D, LocalMemory, bs_128x8, padding_448, pixelPerThread_3
19530 - CUDA, Linear1D, LocalMemory, bs_1024x1, padding_96, pixelPerThread_3
