Current machine learning settings: epsilon:0 lossFunction:RELATIVE parallelization:True bagging:False baggingNumbers:3 considerEpsilonTube:False baggingTestDataFraction:50 useBackward:False abortError:1 limitFeatureSize:False featureSizeTreshold:4 quadraticFunctionSupport:True crossValidation:False crossValidation-k:5 learn-logFunction:False learn-accumulatedLogFunction:False learn-asymFunction:False learn-ratioFunction:False learn-mirrowedFunction:False learn-numeric-disabled:True numberOfRounds:70 backwardErrorDelta:1 minImprovementPerRound:0.1 withHierarchy:False bruteForceCandidates:False ignoreBadFeatures:False stopOnLongRound:True candidateSizePenalty:True learnTimeLimit:00:00:00 scoreMeasure:RELERROR outputRoundsToStdout:False debug:False pythonInfluenceAnalysis:False blacklisted: 
command: mlsettings bagging:False stopOnLongRound:False parallelization:True lossFunction:RELATIVE useBackward:False abortError:1 limitFeatureSize:False featureSizeTreshold:7 quadraticFunctionSupport:True crossValidation:False learn_logFunction:True numberOfRounds:70 backwardErrorDelta:1 minImprovementPerRound:0.25 withHierarchy:False
Current machine learning settings: epsilon:0 lossFunction:RELATIVE parallelization:True bagging:False baggingNumbers:3 considerEpsilonTube:False baggingTestDataFraction:50 useBackward:False abortError:1 limitFeatureSize:False featureSizeTreshold:7 quadraticFunctionSupport:True crossValidation:False crossValidation-k:5 learn-logFunction:True learn-accumulatedLogFunction:False learn-asymFunction:False learn-ratioFunction:False learn-mirrowedFunction:False learn-numeric-disabled:True numberOfRounds:70 backwardErrorDelta:1 minImprovementPerRound:0.25 withHierarchy:False bruteForceCandidates:False ignoreBadFeatures:False stopOnLongRound:False candidateSizePenalty:True learnTimeLimit:00:00:00 scoreMeasure:RELERROR outputRoundsToStdout:False debug:False pythonInfluenceAnalysis:False blacklisted: 
command: solver z3
command: vm /scratch/kallistos/Distance-Based_Data/SupplementaryWebsite/MeasuredPerformanceValues/Hipacc/FeatureModel.xml
Warning: Variability model contains outdated notation. Children nodes will no longer have effect on the model. Instead use the parent node to describe the parent of an configuration option. You can also use the converter providedby the Variability Model GUI in export>convert legacy model.
Warning: Default value nodes in models are no longer used and should be removed. You can also use the converter provided by the Variability Model GUI in export>convert legacy model to update your model.
command: all /scratch/kallistos/Distance-Based_Data/SupplementaryWebsite/MeasuredPerformanceValues/Hipacc/measurements.xml
Configs with too large deviation: 0
13485 configurations loaded.
command: nfp Performance
command: setsampleset /scratch/kallistos/Distance-Based_Data/Results/Hipacc/Hipacc_66/sampledConfigurations_grammarBased_t3.csv
command: learn-splconqueror
Learning: NumberOfConfigurationsLearning:4184 NumberOfConfigurationsValidation:4184
Learning progress:
1;26.3604609991242 * API + 20.2893633962483 * LocalMemory;20.8595225729414;20.8595225729414;20.8595225729414;20.8595225729414;1.551546;2;20.2893633962483 * LocalMemory;1;13.5989003526511;
2;25.5192918696081 * API + 20.170778337735 * LocalMemory + 18.8190975838574 * bs_32x1;19.369709476556;19.369709476556;19.369709476556;19.369709476556;5.401146;3;18.8190975838574 * bs_32x1;1;1.4898130963854;
3;23.5213162409056 * API + 19.7972544889643 * LocalMemory + 19.0428523065 * bs_32x1 + 7.94493415585144 * pixelPerThread_1;18.1853967714059;18.1853967714059;18.1853967714059;18.1853967714059;11.550303;4;7.94493415585144 * pixelPerThread_1;1;1.18431270515012;
4;23.4391726063806 * API + 18.4524871608374 * LocalMemory + 19.7298697336184 * bs_32x1 + 8.15049632120611 * pixelPerThread_1 + 23.4370494176893 * LocalMemory * bs_512x1;17.3071162777425;17.3071162777425;17.3071162777425;17.3071162777425;21.63529;6;23.4370494176893 * LocalMemory * bs_512x1;2;0.439140246831695;
5;23.4260712814218 * API + 24.5018188894225 * LocalMemory + 19.4756038321126 * bs_32x1 + 8.24827626080695 * pixelPerThread_1 + 23.7477924245854 * LocalMemory * bs_512x1 + -9.96982067864667 * LocalMemory * TextureMemory;16.5816204595716;16.5816204595716;16.5816204595716;16.5816204595716;35.625879;8;-9.96982067864667 * LocalMemory * TextureMemory;2;0.362747909085458;
6;23.6898416455267 * API + 23.7931839115801 * LocalMemory + 19.8198967878095 * bs_32x1 + 7.13261627416871 * pixelPerThread_1 + 24.4225126804064 * LocalMemory * bs_512x1 + -9.92537009428437 * LocalMemory * TextureMemory + 43.9580135586292 * LocalMemory * bs_1024x1;15.83349078211;15.83349078211;15.83349078211;15.83349078211;56.401347;10;43.9580135586292 * LocalMemory * bs_1024x1;2;0.374064838730811;
7;23.2833560201022 * API + 23.9171870671972 * LocalMemory + 20.1934749995191 * bs_32x1 + 6.96994379422746 * pixelPerThread_1 + 24.7131764972755 * LocalMemory * bs_512x1 + -9.87923637666443 * LocalMemory * TextureMemory + 44.3754882778042 * LocalMemory * bs_1024x1 + 8.8502811321791 * bs_32x32;15.4584920529435;15.4584920529435;15.4584920529435;15.4584920529435;82.694543;11;8.8502811321791 * bs_32x32;1;0.374998729166538;
8;22.8603121672833 * API + 23.9972128421181 * LocalMemory + 20.5934519838563 * bs_32x1 + 6.77186049950567 * pixelPerThread_1 + 25.0247429580361 * LocalMemory * bs_512x1 + -9.7582384488546 * LocalMemory * TextureMemory + 44.8439908937401 * LocalMemory * bs_1024x1 + 9.29328628621305 * bs_32x32 + 9.32566423508021 * bs_512x2;15.1753956081946;15.1753956081946;15.1753956081946;15.1753956081946;115.627387;12;9.32566423508021 * bs_512x2;1;0.28309644474885;
9;23.1848130813261 * API + 23.979534278265 * LocalMemory + 14.127791963717 * bs_32x1 + 5.57673237505523 * pixelPerThread_1 + 25.0093003070517 * LocalMemory * bs_512x1 + -9.78129358512827 * LocalMemory * TextureMemory + 45.7461297497631 * LocalMemory * bs_1024x1 + 9.4013621582732 * bs_32x32 + 9.44917837799547 * bs_512x2 + 26.196157923756 * pixelPerThread_1 * bs_32x1;14.5966820374265;14.5966820374265;14.5966820374265;14.5966820374265;156.346516;14;26.196157923756 * pixelPerThread_1 * bs_32x1;2;0.289356785384027;
10;22.8355803926738 * API + 24.0495338203049 * LocalMemory + 14.4269618740486 * bs_32x1 + 5.49300166800353 * pixelPerThread_1 + 25.2640432499958 * LocalMemory * bs_512x1 + -9.71262387972952 * LocalMemory * TextureMemory + 46.0678917801893 * LocalMemory * bs_1024x1 + 9.74354518697967 * bs_32x32 + 9.79323954585736 * bs_512x2 + 26.2689574719569 * pixelPerThread_1 * bs_32x1 + 7.85307987591888 * bs_64x16;14.3191189607317;14.3191189607317;14.3191189607317;14.3191189607317;205.970986;15;7.85307987591888 * bs_64x16;1;0.277563076694818;
11;22.9091082674382 * API + 24.7864803655917 * LocalMemory + 14.0005435628063 * bs_32x1 + 5.44815588994899 * pixelPerThread_1 + 24.4412977006396 * LocalMemory * bs_512x1 + -9.6771684244203 * LocalMemory * TextureMemory + 45.2809898650059 * LocalMemory * bs_1024x1 + 9.43194737089371 * bs_32x32 + 9.47822774665673 * bs_512x2 + 26.2490438087812 * pixelPerThread_1 * bs_32x1 + 7.53103419181279 * bs_64x16 + -11.8596549722818 * LocalMemory * bs_64x2;13.7733503121892;13.7733503121892;13.7733503121892;13.7733503121892;265.932426;17;-11.8596549722818 * LocalMemory * bs_64x2;2;0.272884324271269;
12;23.0157901688818 * API + 25.6258477901791 * LocalMemory + 13.518933686035 * bs_32x1 + 5.2795321286723 * pixelPerThread_1 + 23.5765916224961 * LocalMemory * bs_512x1 + -9.74339272500081 * LocalMemory * TextureMemory + 44.5432988806003 * LocalMemory * bs_1024x1 + 9.11606429434174 * bs_32x32 + 9.15811649104689 * bs_512x2 + 26.3517112259047 * pixelPerThread_1 * bs_32x1 + 7.19801724970025 * bs_64x16 + -12.7215638209595 * LocalMemory * bs_64x2 + -12.6707548265582 * LocalMemory * bs_32x4;13.1963595375017;13.1963595375017;13.1963595375017;13.1963595375017;337.934282;19;-12.6707548265582 * LocalMemory * bs_32x4;2;0.288495387343735;
13;22.6234250417462 * API + 25.6198340882975 * LocalMemory + 13.8904318625126 * bs_32x1 + 5.16916384618656 * pixelPerThread_1 + 23.94081615058 * LocalMemory * bs_512x1 + -9.64994531104429 * LocalMemory * TextureMemory + 44.9959775437295 * LocalMemory * bs_1024x1 + 9.53153228809612 * bs_32x32 + 9.57672978389244 * bs_512x2 + 26.4557466902207 * pixelPerThread_1 * bs_32x1 + 7.60943916592663 * bs_64x16 + -12.3533085550906 * LocalMemory * bs_64x2 + -12.3070230637351 * LocalMemory * bs_32x4 + 7.89052298734047 * bs_256x4;12.9738396105697;12.9738396105697;12.9738396105697;12.9738396105697;422.588309;20;7.89052298734047 * bs_256x4;1;0.222519926931994;
Elapsed=00:07:02.6603833
average model: 
command: analyze-learning
Round, Model, LearningError, LearningErrorRel, ValidationError, ValidationErrorRel, ElapsedSeconds, ModelComplexity, BestCandidate, BestCandidateSize, BestCandidateScore, TestError
Models:
Termination reason: minImprovementPerRound
1;26.3604609991242 * API + 20.2893633962483 * LocalMemory;20.8595225729414;20.8595225729414;20.8595225729414;20.8595225729414;1.551546;2;20.2893633962483 * LocalMemory;1;13.5989003526511;20.9449342625225
2;25.5192918696081 * API + 20.170778337735 * LocalMemory + 18.8190975838574 * bs_32x1;19.369709476556;19.369709476556;19.369709476556;19.369709476556;5.401146;3;18.8190975838574 * bs_32x1;1;1.4898130963854;19.567818346601
3;23.5213162409056 * API + 19.7972544889643 * LocalMemory + 19.0428523065 * bs_32x1 + 7.94493415585144 * pixelPerThread_1;18.1853967714059;18.1853967714059;18.1853967714059;18.1853967714059;11.550303;4;7.94493415585144 * pixelPerThread_1;1;1.18431270515012;18.4679965748975
4;23.4391726063806 * API + 18.4524871608374 * LocalMemory + 19.7298697336184 * bs_32x1 + 8.15049632120611 * pixelPerThread_1 + 23.4370494176893 * LocalMemory * bs_512x1;17.3071162777425;17.3071162777425;17.3071162777425;17.3071162777425;21.63529;6;23.4370494176893 * LocalMemory * bs_512x1;2;0.439140246831695;17.5426158619766
5;23.4260712814218 * API + 24.5018188894225 * LocalMemory + 19.4756038321126 * bs_32x1 + 8.24827626080695 * pixelPerThread_1 + 23.7477924245854 * LocalMemory * bs_512x1 + -9.96982067864667 * LocalMemory * TextureMemory;16.5816204595716;16.5816204595716;16.5816204595716;16.5816204595716;35.625879;8;-9.96982067864667 * LocalMemory * TextureMemory;2;0.362747909085458;16.8070373506461
6;23.6898416455267 * API + 23.7931839115801 * LocalMemory + 19.8198967878095 * bs_32x1 + 7.13261627416871 * pixelPerThread_1 + 24.4225126804064 * LocalMemory * bs_512x1 + -9.92537009428437 * LocalMemory * TextureMemory + 43.9580135586292 * LocalMemory * bs_1024x1;15.83349078211;15.83349078211;15.83349078211;15.83349078211;56.401347;10;43.9580135586292 * LocalMemory * bs_1024x1;2;0.374064838730811;16.0750189048577
7;23.2833560201022 * API + 23.9171870671972 * LocalMemory + 20.1934749995191 * bs_32x1 + 6.96994379422746 * pixelPerThread_1 + 24.7131764972755 * LocalMemory * bs_512x1 + -9.87923637666443 * LocalMemory * TextureMemory + 44.3754882778042 * LocalMemory * bs_1024x1 + 8.8502811321791 * bs_32x32;15.4584920529435;15.4584920529435;15.4584920529435;15.4584920529435;82.694543;11;8.8502811321791 * bs_32x32;1;0.374998729166538;15.7167159039191
8;22.8603121672833 * API + 23.9972128421181 * LocalMemory + 20.5934519838563 * bs_32x1 + 6.77186049950567 * pixelPerThread_1 + 25.0247429580361 * LocalMemory * bs_512x1 + -9.7582384488546 * LocalMemory * TextureMemory + 44.8439908937401 * LocalMemory * bs_1024x1 + 9.29328628621305 * bs_32x32 + 9.32566423508021 * bs_512x2;15.1753956081946;15.1753956081946;15.1753956081946;15.1753956081946;115.627387;12;9.32566423508021 * bs_512x2;1;0.28309644474885;15.4436132195238
9;23.1848130813261 * API + 23.979534278265 * LocalMemory + 14.127791963717 * bs_32x1 + 5.57673237505523 * pixelPerThread_1 + 25.0093003070517 * LocalMemory * bs_512x1 + -9.78129358512827 * LocalMemory * TextureMemory + 45.7461297497631 * LocalMemory * bs_1024x1 + 9.4013621582732 * bs_32x32 + 9.44917837799547 * bs_512x2 + 26.196157923756 * pixelPerThread_1 * bs_32x1;14.5966820374265;14.5966820374265;14.5966820374265;14.5966820374265;156.346516;14;26.196157923756 * pixelPerThread_1 * bs_32x1;2;0.289356785384027;14.8163860495981
10;22.8355803926738 * API + 24.0495338203049 * LocalMemory + 14.4269618740486 * bs_32x1 + 5.49300166800353 * pixelPerThread_1 + 25.2640432499958 * LocalMemory * bs_512x1 + -9.71262387972952 * LocalMemory * TextureMemory + 46.0678917801893 * LocalMemory * bs_1024x1 + 9.74354518697967 * bs_32x32 + 9.79323954585736 * bs_512x2 + 26.2689574719569 * pixelPerThread_1 * bs_32x1 + 7.85307987591888 * bs_64x16;14.3191189607317;14.3191189607317;14.3191189607317;14.3191189607317;205.970986;15;7.85307987591888 * bs_64x16;1;0.277563076694818;14.5484154413535
11;22.9091082674382 * API + 24.7864803655917 * LocalMemory + 14.0005435628063 * bs_32x1 + 5.44815588994899 * pixelPerThread_1 + 24.4412977006396 * LocalMemory * bs_512x1 + -9.6771684244203 * LocalMemory * TextureMemory + 45.2809898650059 * LocalMemory * bs_1024x1 + 9.43194737089371 * bs_32x32 + 9.47822774665673 * bs_512x2 + 26.2490438087812 * pixelPerThread_1 * bs_32x1 + 7.53103419181279 * bs_64x16 + -11.8596549722818 * LocalMemory * bs_64x2;13.7733503121892;13.7733503121892;13.7733503121892;13.7733503121892;265.932426;17;-11.8596549722818 * LocalMemory * bs_64x2;2;0.272884324271269;14.0766069586395
12;23.0157901688818 * API + 25.6258477901791 * LocalMemory + 13.518933686035 * bs_32x1 + 5.2795321286723 * pixelPerThread_1 + 23.5765916224961 * LocalMemory * bs_512x1 + -9.74339272500081 * LocalMemory * TextureMemory + 44.5432988806003 * LocalMemory * bs_1024x1 + 9.11606429434174 * bs_32x32 + 9.15811649104689 * bs_512x2 + 26.3517112259047 * pixelPerThread_1 * bs_32x1 + 7.19801724970025 * bs_64x16 + -12.7215638209595 * LocalMemory * bs_64x2 + -12.6707548265582 * LocalMemory * bs_32x4;13.1963595375017;13.1963595375017;13.1963595375017;13.1963595375017;337.934282;19;-12.6707548265582 * LocalMemory * bs_32x4;2;0.288495387343735;13.5224351617673
13;22.6234250417462 * API + 25.6198340882975 * LocalMemory + 13.8904318625126 * bs_32x1 + 5.16916384618656 * pixelPerThread_1 + 23.94081615058 * LocalMemory * bs_512x1 + -9.64994531104429 * LocalMemory * TextureMemory + 44.9959775437295 * LocalMemory * bs_1024x1 + 9.53153228809612 * bs_32x32 + 9.57672978389244 * bs_512x2 + 26.4557466902207 * pixelPerThread_1 * bs_32x1 + 7.60943916592663 * bs_64x16 + -12.3533085550906 * LocalMemory * bs_64x2 + -12.3070230637351 * LocalMemory * bs_32x4 + 7.89052298734047 * bs_256x4;12.9738396105697;12.9738396105697;12.9738396105697;12.9738396105697;422.588309;20;7.89052298734047 * bs_256x4;1;0.222519926931994;13.3016196980626
Analyze finished
command: clean-sampling
command: clean-global
