Current machine learning settings: epsilon:0 lossFunction:RELATIVE parallelization:True bagging:False baggingNumbers:3 considerEpsilonTube:False baggingTestDataFraction:50 useBackward:False abortError:1 limitFeatureSize:False featureSizeTreshold:4 quadraticFunctionSupport:True crossValidation:False crossValidation-k:5 learn-logFunction:False learn-accumulatedLogFunction:False learn-asymFunction:False learn-ratioFunction:False learn-mirrowedFunction:False learn-numeric-disabled:True numberOfRounds:70 backwardErrorDelta:1 minImprovementPerRound:0.1 withHierarchy:False bruteForceCandidates:False ignoreBadFeatures:False stopOnLongRound:True candidateSizePenalty:True learnTimeLimit:00:00:00 scoreMeasure:RELERROR outputRoundsToStdout:False debug:False pythonInfluenceAnalysis:False blacklisted: 
command: mlsettings bagging:False stopOnLongRound:False parallelization:True lossFunction:RELATIVE useBackward:False abortError:1 limitFeatureSize:False featureSizeTreshold:7 quadraticFunctionSupport:True crossValidation:False learn_logFunction:True numberOfRounds:70 backwardErrorDelta:1 minImprovementPerRound:0.25 withHierarchy:False
Current machine learning settings: epsilon:0 lossFunction:RELATIVE parallelization:True bagging:False baggingNumbers:3 considerEpsilonTube:False baggingTestDataFraction:50 useBackward:False abortError:1 limitFeatureSize:False featureSizeTreshold:7 quadraticFunctionSupport:True crossValidation:False crossValidation-k:5 learn-logFunction:True learn-accumulatedLogFunction:False learn-asymFunction:False learn-ratioFunction:False learn-mirrowedFunction:False learn-numeric-disabled:True numberOfRounds:70 backwardErrorDelta:1 minImprovementPerRound:0.25 withHierarchy:False bruteForceCandidates:False ignoreBadFeatures:False stopOnLongRound:False candidateSizePenalty:True learnTimeLimit:00:00:00 scoreMeasure:RELERROR outputRoundsToStdout:False debug:False pythonInfluenceAnalysis:False blacklisted: 
command: solver z3
command: vm /scratch/kallistos/Distance-Based_Data/SupplementaryWebsite/MeasuredPerformanceValues/Polly/FeatureModel.xml
command: all /scratch/kallistos/Distance-Based_Data/SupplementaryWebsite/MeasuredPerformanceValues/Polly/measurements.xml
Configs with too large deviation: 0
60000 configurations loaded.
command: nfp Performance
command: setsampleset /scratch/kallistos/Distance-Based_Data/Results/Polly/Polly_38/sampledConfigurations_grammarBased_t1.csv
command: learn-splconqueror
Learning: NumberOfConfigurationsLearning:28 NumberOfConfigurationsValidation:28
Learning progress:
1;29.6882051282051 * polly_vectorizer + -6.78953846153846 * min;38.088201517905;38.088201517905;38.088201517905;38.088201517905;0.057697;2;-6.78953846153846 * min;1;6.54132233678468;
2;27.0673107890499 * polly_vectorizer + -9.2793880837359 * min + 8.51790660225443 * polly_no_tiling;28.1868625820013;28.1868625820013;28.1868625820013;28.1868625820013;0.090242;3;8.51790660225443 * polly_no_tiling;1;9.90133893590369;
3;29.4155555555555 * polly_vectorizer + -15.15 * min + 0.886111111111097 * polly_no_tiling + 13.5024074074074 * min * polly_no_tiling;18.7312624541549;18.7312624541549;18.7312624541549;18.7312624541549;0.143763;5;13.5024074074074 * min * polly_no_tiling;2;4.72780006392319;
4;29.4155555555555 * polly_vectorizer + -12.5562222222222 * min + 0.886111111111112 * polly_no_tiling + 11.7732222222222 * min * polly_no_tiling + -7.78133333333333 * min * pollyoptmaxconstantterm_10000;13.3431827763815;13.3431827763815;13.3431827763815;13.3431827763815;0.232921;7;-7.78133333333333 * min * pollyoptmaxconstantterm_10000;2;2.69403983888671;
5;29.4155555555555 * polly_vectorizer + -10.9255555555555 * min + 0.886111111111109 * polly_no_tiling + 9.32722222222221 * min * polly_no_tiling + -12.6733333333333 * min * pollyoptmaxconstantterm_10000 + 12.23 * polly_no_tiling * pollyoptmaxconstantterm_10000;8.33458358322329;8.33458358322329;8.33458358322329;8.33458358322329;0.360438;9;12.23 * polly_no_tiling * pollyoptmaxconstantterm_10000;2;2.5042995965791;
6;29.4155555555555 * polly_vectorizer + -5.74555555555555 * min + 0.886111111111134 * polly_no_tiling + 4.1472222222222 * min * polly_no_tiling + -17.8533333333333 * min * pollyoptmaxconstantterm_10000 + 17.41 * polly_no_tiling * pollyoptmaxconstantterm_10000 + -10.36 * min * pollyoptmaxcoefficient_100;7.4393974177525;7.4393974177525;7.4393974177525;7.4393974177525;0.535552;11;-10.36 * min * pollyoptmaxcoefficient_100;2;0.447593082735395;
7;29.4155555555555 * polly_vectorizer + -5.74555555555553 * min + 0.886111111111132 * polly_no_tiling + 4.1472222222222 * min * polly_no_tiling + -17.8533333333333 * min * pollyoptmaxconstantterm_10000 + 17.41 * polly_no_tiling * pollyoptmaxconstantterm_10000 + -5.19 * min * pollyoptmaxcoefficient_100 + -10.34 * min * pollyoptmaxcoefficient_100 * pollydefaulttilesize_1024;4.17190798954879;4.17190798954879;4.17190798954879;4.17190798954879;0.762022;14;-10.34 * min * pollyoptmaxcoefficient_100 * pollydefaulttilesize_1024;3;1.08916314273457;
8;29.4155555555555 * polly_vectorizer + -11.1988888888889 * min + 0.886111111111155 * polly_no_tiling + 9.60055555555555 * min * polly_no_tiling + -12.4 * min * pollyoptmaxconstantterm_10000 + 11.9566666666667 * polly_no_tiling * pollyoptmaxconstantterm_10000 + -10.6433333333333 * min * pollyoptmaxcoefficient_100 + -10.34 * min * pollyoptmaxcoefficient_100 * pollydefaulttilesize_1024 + 10.9066666666666 * min * pollyrtcmaxparameters_2;2.43401802933278;2.43401802933278;2.43401802933278;2.43401802933278;1.059658;16;10.9066666666666 * min * pollyrtcmaxparameters_2;2;0.868944980108007;
9;29.8603056351481 * polly_vectorizer + -11.6436389684814 * min + 0.691532951289432 * polly_no_tiling + 10.4205635148042 * min * polly_no_tiling + -11.3993123209169 * min * pollyoptmaxconstantterm_10000 + 11.3312368672397 * polly_no_tiling * pollyoptmaxconstantterm_10000 + -10.6433333333333 * min * pollyoptmaxcoefficient_100 + -10.34 * min * pollyoptmaxcoefficient_100 * pollydefaulttilesize_1024 + 11.9073543457498 * min * pollyrtcmaxparameters_2 + -1.0006876790831 * polly;2.08444260791834;2.08444260791834;2.08444260791834;2.08444260791834;1.427345;17;-1.0006876790831 * polly;1;0.349575421414439;
10;29.4447448308832 * polly_vectorizer + -11.7902127405283 * min + 0.662540337038377 * polly_no_tiling + 10.462441735389 * min * polly_no_tiling + -11.2100549778893 * min * pollyoptmaxconstantterm_10000 + 11.0372839727501 * polly_no_tiling * pollyoptmaxconstantterm_10000 + -11.205467909645 * min * pollyoptmaxcoefficient_100 + -10.34 * min * pollyoptmaxcoefficient_100 * pollydefaulttilesize_1024 + 12.3776789769332 * min * pollyrtcmaxparameters_2 + -0.908877733954821 * polly + 0.562134576311723 * polly_parallel;1.80033092194297;1.80033092194297;1.80033092194297;1.80033092194297;1.884093;18;0.562134576311723 * polly_parallel;1;0.284111685975375;
11;29.372385786802 * polly_vectorizer + -11.4851112041447 * min + 0.911507666544587 * polly_no_tiling + 9.92944650862593 * min * polly_no_tiling + -11.3182205592478 * min * pollyoptmaxconstantterm_10000 + 11.4376831161582 * polly_no_tiling * pollyoptmaxconstantterm_10000 + -10.9727254173426 * min * pollyoptmaxcoefficient_100 + -10.34 * min * pollyoptmaxcoefficient_100 * pollydefaulttilesize_1024 + 12.1531421494235 * min * pollyrtcmaxparameters_2 + -0.917083398747555 * polly + 0.329392084009293 * polly_parallel + 2.08050900971619 * polly_parallel * pollydefaulttilesize_16;1.42222855010755;1.42222855010755;1.42222855010755;1.42222855010755;2.446697;20;2.08050900971619 * polly_parallel * pollydefaulttilesize_16;2;0.189051185917708;
Elapsed=00:00:02.4503527
average model: 
command: analyze-learning
Round, Model, LearningError, LearningErrorRel, ValidationError, ValidationErrorRel, ElapsedSeconds, ModelComplexity, BestCandidate, BestCandidateSize, BestCandidateScore, TestError
Models:
Termination reason: minImprovementPerRound
1;29.6882051282051 * polly_vectorizer + -6.78953846153846 * min;38.088201517905;38.088201517905;38.088201517905;38.088201517905;0.057697;2;-6.78953846153846 * min;1;6.54132233678468;28.2520797938197
2;27.0673107890499 * polly_vectorizer + -9.2793880837359 * min + 8.51790660225443 * polly_no_tiling;28.1868625820013;28.1868625820013;28.1868625820013;28.1868625820013;0.090242;3;8.51790660225443 * polly_no_tiling;1;9.90133893590369;26.734402902692
3;29.4155555555555 * polly_vectorizer + -15.15 * min + 0.886111111111097 * polly_no_tiling + 13.5024074074074 * min * polly_no_tiling;18.7312624541549;18.7312624541549;18.7312624541549;18.7312624541549;0.143763;5;13.5024074074074 * min * polly_no_tiling;2;4.72780006392319;17.2737526434955
4;29.4155555555555 * polly_vectorizer + -12.5562222222222 * min + 0.886111111111112 * polly_no_tiling + 11.7732222222222 * min * polly_no_tiling + -7.78133333333333 * min * pollyoptmaxconstantterm_10000;13.3431827763815;13.3431827763815;13.3431827763815;13.3431827763815;0.232921;7;-7.78133333333333 * min * pollyoptmaxconstantterm_10000;2;2.69403983888671;19.6207438215395
5;29.4155555555555 * polly_vectorizer + -10.9255555555555 * min + 0.886111111111109 * polly_no_tiling + 9.32722222222221 * min * polly_no_tiling + -12.6733333333333 * min * pollyoptmaxconstantterm_10000 + 12.23 * polly_no_tiling * pollyoptmaxconstantterm_10000;8.33458358322329;8.33458358322329;8.33458358322329;8.33458358322329;0.360438;9;12.23 * polly_no_tiling * pollyoptmaxconstantterm_10000;2;2.5042995965791;22.0781359875685
6;29.4155555555555 * polly_vectorizer + -5.74555555555555 * min + 0.886111111111134 * polly_no_tiling + 4.1472222222222 * min * polly_no_tiling + -17.8533333333333 * min * pollyoptmaxconstantterm_10000 + 17.41 * polly_no_tiling * pollyoptmaxconstantterm_10000 + -10.36 * min * pollyoptmaxcoefficient_100;7.4393974177525;7.4393974177525;7.4393974177525;7.4393974177525;0.535552;11;-10.36 * min * pollyoptmaxcoefficient_100;2;0.447593082735395;27.7717395163614
7;29.4155555555555 * polly_vectorizer + -5.74555555555553 * min + 0.886111111111132 * polly_no_tiling + 4.1472222222222 * min * polly_no_tiling + -17.8533333333333 * min * pollyoptmaxconstantterm_10000 + 17.41 * polly_no_tiling * pollyoptmaxconstantterm_10000 + -5.19 * min * pollyoptmaxcoefficient_100 + -10.34 * min * pollyoptmaxcoefficient_100 * pollydefaulttilesize_1024;4.17190798954879;4.17190798954879;4.17190798954879;4.17190798954879;0.762022;14;-10.34 * min * pollyoptmaxcoefficient_100 * pollydefaulttilesize_1024;3;1.08916314273457;27.4957743558584
8;29.4155555555555 * polly_vectorizer + -11.1988888888889 * min + 0.886111111111155 * polly_no_tiling + 9.60055555555555 * min * polly_no_tiling + -12.4 * min * pollyoptmaxconstantterm_10000 + 11.9566666666667 * polly_no_tiling * pollyoptmaxconstantterm_10000 + -10.6433333333333 * min * pollyoptmaxcoefficient_100 + -10.34 * min * pollyoptmaxcoefficient_100 * pollydefaulttilesize_1024 + 10.9066666666666 * min * pollyrtcmaxparameters_2;2.43401802933278;2.43401802933278;2.43401802933278;2.43401802933278;1.059658;16;10.9066666666666 * min * pollyrtcmaxparameters_2;2;0.868944980108007;26.8262915209846
9;29.8603056351481 * polly_vectorizer + -11.6436389684814 * min + 0.691532951289432 * polly_no_tiling + 10.4205635148042 * min * polly_no_tiling + -11.3993123209169 * min * pollyoptmaxconstantterm_10000 + 11.3312368672397 * polly_no_tiling * pollyoptmaxconstantterm_10000 + -10.6433333333333 * min * pollyoptmaxcoefficient_100 + -10.34 * min * pollyoptmaxcoefficient_100 * pollydefaulttilesize_1024 + 11.9073543457498 * min * pollyrtcmaxparameters_2 + -1.0006876790831 * polly;2.08444260791834;2.08444260791834;2.08444260791834;2.08444260791834;1.427345;17;-1.0006876790831 * polly;1;0.349575421414439;26.4643178955693
10;29.4447448308832 * polly_vectorizer + -11.7902127405283 * min + 0.662540337038377 * polly_no_tiling + 10.462441735389 * min * polly_no_tiling + -11.2100549778893 * min * pollyoptmaxconstantterm_10000 + 11.0372839727501 * polly_no_tiling * pollyoptmaxconstantterm_10000 + -11.205467909645 * min * pollyoptmaxcoefficient_100 + -10.34 * min * pollyoptmaxcoefficient_100 * pollydefaulttilesize_1024 + 12.3776789769332 * min * pollyrtcmaxparameters_2 + -0.908877733954821 * polly + 0.562134576311723 * polly_parallel;1.80033092194297;1.80033092194297;1.80033092194297;1.80033092194297;1.884093;18;0.562134576311723 * polly_parallel;1;0.284111685975375;26.5270816081986
11;29.372385786802 * polly_vectorizer + -11.4851112041447 * min + 0.911507666544587 * polly_no_tiling + 9.92944650862593 * min * polly_no_tiling + -11.3182205592478 * min * pollyoptmaxconstantterm_10000 + 11.4376831161582 * polly_no_tiling * pollyoptmaxconstantterm_10000 + -10.9727254173426 * min * pollyoptmaxcoefficient_100 + -10.34 * min * pollyoptmaxcoefficient_100 * pollydefaulttilesize_1024 + 12.1531421494235 * min * pollyrtcmaxparameters_2 + -0.917083398747555 * polly + 0.329392084009293 * polly_parallel + 2.08050900971619 * polly_parallel * pollydefaulttilesize_16;1.42222855010755;1.42222855010755;1.42222855010755;1.42222855010755;2.446697;20;2.08050900971619 * polly_parallel * pollydefaulttilesize_16;2;0.189051185917708;27.0089392766063
Analyze finished
command: clean-sampling
command: clean-global
command: script ./learn_grammarBased_t2.a
command: log ./out_grammarBased_t2Predictions.log
