Current machine learning settings: epsilon:0 lossFunction:RELATIVE parallelization:True bagging:False baggingNumbers:3 considerEpsilonTube:False baggingTestDataFraction:50 useBackward:False abortError:1 limitFeatureSize:False featureSizeTreshold:4 quadraticFunctionSupport:True crossValidation:False crossValidation-k:5 learn-logFunction:False learn-accumulatedLogFunction:False learn-asymFunction:False learn-ratioFunction:False learn-mirrowedFunction:False learn-numeric-disabled:True numberOfRounds:70 backwardErrorDelta:1 minImprovementPerRound:0.1 withHierarchy:False bruteForceCandidates:False ignoreBadFeatures:False stopOnLongRound:True candidateSizePenalty:True learnTimeLimit:00:00:00 scoreMeasure:RELERROR outputRoundsToStdout:False debug:False pythonInfluenceAnalysis:False blacklisted: 
command: mlsettings bagging:False stopOnLongRound:False parallelization:True lossFunction:RELATIVE useBackward:False abortError:1 limitFeatureSize:False featureSizeTreshold:7 quadraticFunctionSupport:True crossValidation:False learn_logFunction:True numberOfRounds:70 backwardErrorDelta:1 minImprovementPerRound:0.25 withHierarchy:False
Current machine learning settings: epsilon:0 lossFunction:RELATIVE parallelization:True bagging:False baggingNumbers:3 considerEpsilonTube:False baggingTestDataFraction:50 useBackward:False abortError:1 limitFeatureSize:False featureSizeTreshold:7 quadraticFunctionSupport:True crossValidation:False crossValidation-k:5 learn-logFunction:True learn-accumulatedLogFunction:False learn-asymFunction:False learn-ratioFunction:False learn-mirrowedFunction:False learn-numeric-disabled:True numberOfRounds:70 backwardErrorDelta:1 minImprovementPerRound:0.25 withHierarchy:False bruteForceCandidates:False ignoreBadFeatures:False stopOnLongRound:False candidateSizePenalty:True learnTimeLimit:00:00:00 scoreMeasure:RELERROR outputRoundsToStdout:False debug:False pythonInfluenceAnalysis:False blacklisted: 
command: solver z3
command: vm /scratch/kallistos/Distance-Based_Data/SupplementaryWebsite/MeasuredPerformanceValues/Polly/FeatureModel.xml
command: all /scratch/kallistos/Distance-Based_Data/SupplementaryWebsite/MeasuredPerformanceValues/Polly/measurements.xml
Configs with too large deviation: 0
60000 configurations loaded.
command: nfp Performance
command: setsampleset /scratch/kallistos/Distance-Based_Data/Results/Polly/Polly_18/sampledConfigurations_grammarBased_t1.csv
command: learn-splconqueror
Learning: NumberOfConfigurationsLearning:28 NumberOfConfigurationsValidation:28
Learning progress:
1;22.281282051282 * polly_vectorizer + 7.33494017094018 * polly_no_tiling;34.1929006430407;34.1929006430407;34.1929006430407;34.1929006430407;0.061912;2;7.33494017094018 * polly_no_tiling;1;8.30432238435346;
2;25.8149484536082 * polly_vectorizer + 7.30128620520374 * polly_no_tiling + -6.56252331860581 * min;29.7435889695117;29.7435889695117;29.7435889695117;29.7435889695117;0.095106;3;-6.56252331860581 * min;1;4.44931167352899;
3;26.6905976947388 * polly_vectorizer + 8.53013850158022 * polly_no_tiling + -6.76120003718163 * min + -4.99635155233314 * pollydefaulttilesize_16;24.6079218671507;24.6079218671507;24.6079218671507;24.6079218671507;0.150976;4;-4.99635155233314 * pollydefaulttilesize_16;1;5.13566710236105;
4;27.9621349822644 * polly_vectorizer + 7.88891261624007 * polly_no_tiling + -7.21415108810279 * min + -4.33738963186655 * pollydefaulttilesize_16 + -4.89241707410602 * pollyrtcmaxparameters_8;21.5625838342893;21.5625838342893;21.5625838342893;21.5625838342893;0.241094;5;-4.89241707410602 * pollyrtcmaxparameters_8;1;3.04533803286141;
5;28.4469692776542 * polly_vectorizer + 6.0101797216045 * polly_no_tiling + -6.24448249732313 * min + -1.7617074376081 * pollydefaulttilesize_16 + -6.04389852565686 * pollyrtcmaxparameters_8 + -14.7874460093897 * pollydefaulttilesize_16 * polly;16.0600797172573;16.0600797172573;16.0600797172573;16.0600797172573;0.365132;7;-14.7874460093897 * pollydefaulttilesize_16 * polly;2;2.75125205851597;
6;27.9104406083025 * polly_vectorizer + 3.32753637484589 * polly_no_tiling + -3.23608960131525 * min + 0.353748458692957 * pollydefaulttilesize_16 + -15.7895585696671 * pollyrtcmaxparameters_8 + -19.3747661323469 * pollydefaulttilesize_16 * polly + 15.509510891903 * pollyrtcmaxparameters_8 * polly_opt_simplify_deps;10.6768872086617;10.6768872086617;10.6768872086617;10.6768872086617;0.537129;9;15.509510891903 * pollyrtcmaxparameters_8 * polly_opt_simplify_deps;2;2.69159625429781;
7;27.8644975922953 * polly_vectorizer + 3.09782129481006 * polly_no_tiling + -2.09134278580346 * min + 0.88975031210985 * pollydefaulttilesize_16 + -17.1563632958801 * pollyrtcmaxparameters_8 + -21.0095717852684 * pollydefaulttilesize_16 * polly + 18.9667228464419 * pollyrtcmaxparameters_8 * polly_opt_simplify_deps + -6.20996433030139 * pollyoptmaxconstantterm_10000;8.82582947945293;8.82582947945293;8.82582947945293;8.82582947945293;0.769438;10;-6.20996433030139 * pollyoptmaxconstantterm_10000;1;1.85105772920879;
8;28.5971141336487 * polly_vectorizer + 1.63258821210331 * polly_no_tiling + -1.54188037978844 * min + 0.889750312109868 * pollydefaulttilesize_16 + -18.4384422432486 * pollyrtcmaxparameters_8 + -22.2916507326368 * pollydefaulttilesize_16 * polly + 18.9667228464419 * pollyrtcmaxparameters_8 * polly_opt_simplify_deps + -14.451900420527 * pollyoptmaxconstantterm_10000 + 12.8207894736842 * pollyoptmaxconstantterm_10000 * polly_no_tiling;5.43354352069928;5.43354352069928;5.43354352069928;5.43354352069928;1.135738;12;12.8207894736842 * pollyoptmaxconstantterm_10000 * polly_no_tiling;2;1.69614297937683;
9;28.6453932244404 * polly_vectorizer + 1.87398366606173 * polly_no_tiling + -1.67062462189959 * min + 0.32649425287357 * pollydefaulttilesize_16 + -15.927929522081 * pollyrtcmaxparameters_8 + -21.6479295220811 * pollydefaulttilesize_16 * polly + 16.4079310344827 * pollyrtcmaxparameters_8 * polly_opt_simplify_deps + -14.3714352692075 * pollyoptmaxconstantterm_10000 + 12.8207894736842 * pollyoptmaxconstantterm_10000 * polly_no_tiling + -4.29683908045977 * pollyrtcmaxparameters_8 * pollydefaulttilesize_256;3.69149418493579;3.69149418493579;3.69149418493579;3.69149418493579;1.495416;14;-4.29683908045977 * pollyrtcmaxparameters_8 * pollydefaulttilesize_256;2;0.871024667881744;
10;28.8634706670495 * polly_vectorizer + 1.5744267394009 * polly_no_tiling + -0.63056297253329 * min + 0.0988309886113445 * pollydefaulttilesize_16 + -16.9584053497942 * pollyrtcmaxparameters_8 + -22.6784053497942 * pollydefaulttilesize_16 * polly + 17.6373126614987 * pollyrtcmaxparameters_8 * polly_opt_simplify_deps + -15.6295743611829 * pollyoptmaxconstantterm_10000 + 13.6547559575079 * pollyoptmaxconstantterm_10000 * polly_no_tiling + -4.52450234472199 * pollyrtcmaxparameters_8 * pollydefaulttilesize_256 + -5.28178773088332 * min * pollyrtcmaxparameters_16;3.35368157396153;3.35368157396153;3.35368157396153;3.35368157396153;1.9344;16;-5.28178773088332 * min * pollyrtcmaxparameters_16;2;0.168906305487129;
Elapsed=00:00:01.9378381
average model: 
command: analyze-learning
Round, Model, LearningError, LearningErrorRel, ValidationError, ValidationErrorRel, ElapsedSeconds, ModelComplexity, BestCandidate, BestCandidateSize, BestCandidateScore, TestError
Models:
Termination reason: minImprovementPerRound
1;22.281282051282 * polly_vectorizer + 7.33494017094018 * polly_no_tiling;34.1929006430407;34.1929006430407;34.1929006430407;34.1929006430407;0.061912;2;7.33494017094018 * polly_no_tiling;1;8.30432238435346;29.5689933435029
2;25.8149484536082 * polly_vectorizer + 7.30128620520374 * polly_no_tiling + -6.56252331860581 * min;29.7435889695117;29.7435889695117;29.7435889695117;29.7435889695117;0.095106;3;-6.56252331860581 * min;1;4.44931167352899;26.8760709614227
3;26.6905976947388 * polly_vectorizer + 8.53013850158022 * polly_no_tiling + -6.76120003718163 * min + -4.99635155233314 * pollydefaulttilesize_16;24.6079218671507;24.6079218671507;24.6079218671507;24.6079218671507;0.150976;4;-4.99635155233314 * pollydefaulttilesize_16;1;5.13566710236105;27.1888682355304
4;27.9621349822644 * polly_vectorizer + 7.88891261624007 * polly_no_tiling + -7.21415108810279 * min + -4.33738963186655 * pollydefaulttilesize_16 + -4.89241707410602 * pollyrtcmaxparameters_8;21.5625838342893;21.5625838342893;21.5625838342893;21.5625838342893;0.241094;5;-4.89241707410602 * pollyrtcmaxparameters_8;1;3.04533803286141;27.3263648757166
5;28.4469692776542 * polly_vectorizer + 6.0101797216045 * polly_no_tiling + -6.24448249732313 * min + -1.7617074376081 * pollydefaulttilesize_16 + -6.04389852565686 * pollyrtcmaxparameters_8 + -14.7874460093897 * pollydefaulttilesize_16 * polly;16.0600797172573;16.0600797172573;16.0600797172573;16.0600797172573;0.365132;7;-14.7874460093897 * pollydefaulttilesize_16 * polly;2;2.75125205851597;29.514215146594
6;27.9104406083025 * polly_vectorizer + 3.32753637484589 * polly_no_tiling + -3.23608960131525 * min + 0.353748458692957 * pollydefaulttilesize_16 + -15.7895585696671 * pollyrtcmaxparameters_8 + -19.3747661323469 * pollydefaulttilesize_16 * polly + 15.509510891903 * pollyrtcmaxparameters_8 * polly_opt_simplify_deps;10.6768872086617;10.6768872086617;10.6768872086617;10.6768872086617;0.537129;9;15.509510891903 * pollyrtcmaxparameters_8 * polly_opt_simplify_deps;2;2.69159625429781;32.8925934895316
7;27.8644975922953 * polly_vectorizer + 3.09782129481006 * polly_no_tiling + -2.09134278580346 * min + 0.88975031210985 * pollydefaulttilesize_16 + -17.1563632958801 * pollyrtcmaxparameters_8 + -21.0095717852684 * pollydefaulttilesize_16 * polly + 18.9667228464419 * pollyrtcmaxparameters_8 * polly_opt_simplify_deps + -6.20996433030139 * pollyoptmaxconstantterm_10000;8.82582947945293;8.82582947945293;8.82582947945293;8.82582947945293;0.769438;10;-6.20996433030139 * pollyoptmaxconstantterm_10000;1;1.85105772920879;36.1048593579999
8;28.5971141336487 * polly_vectorizer + 1.63258821210331 * polly_no_tiling + -1.54188037978844 * min + 0.889750312109868 * pollydefaulttilesize_16 + -18.4384422432486 * pollyrtcmaxparameters_8 + -22.2916507326368 * pollydefaulttilesize_16 * polly + 18.9667228464419 * pollyrtcmaxparameters_8 * polly_opt_simplify_deps + -14.451900420527 * pollyoptmaxconstantterm_10000 + 12.8207894736842 * pollyoptmaxconstantterm_10000 * polly_no_tiling;5.43354352069928;5.43354352069928;5.43354352069928;5.43354352069928;1.135738;12;12.8207894736842 * pollyoptmaxconstantterm_10000 * polly_no_tiling;2;1.69614297937683;36.7849803009852
9;28.6453932244404 * polly_vectorizer + 1.87398366606173 * polly_no_tiling + -1.67062462189959 * min + 0.32649425287357 * pollydefaulttilesize_16 + -15.927929522081 * pollyrtcmaxparameters_8 + -21.6479295220811 * pollydefaulttilesize_16 * polly + 16.4079310344827 * pollyrtcmaxparameters_8 * polly_opt_simplify_deps + -14.3714352692075 * pollyoptmaxconstantterm_10000 + 12.8207894736842 * pollyoptmaxconstantterm_10000 * polly_no_tiling + -4.29683908045977 * pollyrtcmaxparameters_8 * pollydefaulttilesize_256;3.69149418493579;3.69149418493579;3.69149418493579;3.69149418493579;1.495416;14;-4.29683908045977 * pollyrtcmaxparameters_8 * pollydefaulttilesize_256;2;0.871024667881744;36.1111134711132
10;28.8634706670495 * polly_vectorizer + 1.5744267394009 * polly_no_tiling + -0.63056297253329 * min + 0.0988309886113445 * pollydefaulttilesize_16 + -16.9584053497942 * pollyrtcmaxparameters_8 + -22.6784053497942 * pollydefaulttilesize_16 * polly + 17.6373126614987 * pollyrtcmaxparameters_8 * polly_opt_simplify_deps + -15.6295743611829 * pollyoptmaxconstantterm_10000 + 13.6547559575079 * pollyoptmaxconstantterm_10000 * polly_no_tiling + -4.52450234472199 * pollyrtcmaxparameters_8 * pollydefaulttilesize_256 + -5.28178773088332 * min * pollyrtcmaxparameters_16;3.35368157396153;3.35368157396153;3.35368157396153;3.35368157396153;1.9344;16;-5.28178773088332 * min * pollyrtcmaxparameters_16;2;0.168906305487129;37.8396712923135
Analyze finished
command: clean-sampling
command: clean-global
command: script ./learn_grammarBased_t2.a
command: log ./out_grammarBased_t2Predictions.log
