Current machine learning settings: epsilon:0 lossFunction:RELATIVE parallelization:True bagging:False baggingNumbers:3 considerEpsilonTube:False baggingTestDataFraction:50 useBackward:False abortError:1 limitFeatureSize:False featureSizeTreshold:4 quadraticFunctionSupport:True crossValidation:False crossValidation-k:5 learn-logFunction:False learn-accumulatedLogFunction:False learn-asymFunction:False learn-ratioFunction:False learn-mirrowedFunction:False learn-numeric-disabled:True numberOfRounds:70 backwardErrorDelta:1 minImprovementPerRound:0.1 withHierarchy:False bruteForceCandidates:False ignoreBadFeatures:False stopOnLongRound:True candidateSizePenalty:True learnTimeLimit:00:00:00 scoreMeasure:RELERROR outputRoundsToStdout:False debug:False pythonInfluenceAnalysis:False blacklisted: 
command: mlsettings bagging:False stopOnLongRound:False parallelization:True lossFunction:RELATIVE useBackward:False abortError:1 limitFeatureSize:False featureSizeTreshold:7 quadraticFunctionSupport:True crossValidation:False learn_logFunction:True numberOfRounds:70 backwardErrorDelta:1 minImprovementPerRound:0.25 withHierarchy:False
Current machine learning settings: epsilon:0 lossFunction:RELATIVE parallelization:True bagging:False baggingNumbers:3 considerEpsilonTube:False baggingTestDataFraction:50 useBackward:False abortError:1 limitFeatureSize:False featureSizeTreshold:7 quadraticFunctionSupport:True crossValidation:False crossValidation-k:5 learn-logFunction:True learn-accumulatedLogFunction:False learn-asymFunction:False learn-ratioFunction:False learn-mirrowedFunction:False learn-numeric-disabled:True numberOfRounds:70 backwardErrorDelta:1 minImprovementPerRound:0.25 withHierarchy:False bruteForceCandidates:False ignoreBadFeatures:False stopOnLongRound:False candidateSizePenalty:True learnTimeLimit:00:00:00 scoreMeasure:RELERROR outputRoundsToStdout:False debug:False pythonInfluenceAnalysis:False blacklisted: 
command: solver z3
command: vm /scratch/kallistos/Distance-Based_Data/SupplementaryWebsite/MeasuredPerformanceValues/Polly/FeatureModel.xml
command: all /scratch/kallistos/Distance-Based_Data/SupplementaryWebsite/MeasuredPerformanceValues/Polly/measurements.xml
Configs with too large deviation: 0
60000 configurations loaded.
command: nfp Performance
command: setsampleset /scratch/kallistos/Distance-Based_Data/Results/Polly/Polly_89/sampledConfigurations_grammarBased_t1.csv
command: learn-splconqueror
Learning: NumberOfConfigurationsLearning:28 NumberOfConfigurationsValidation:28
Learning progress:
1;22.3333333333333 * polly_vectorizer + 7.06883333333332 * polly_no_tiling;19.5700317769919;19.5700317769919;19.5700317769919;19.5700317769919;0.059828;2;7.06883333333332 * polly_no_tiling;1;5.11191283075101;
2;18.753201754386 * polly_vectorizer + 9.93293859649121 * polly_no_tiling + 7.16026315789473 * pollydefaulttilesize_4;16.4712443052472;16.4712443052472;16.4712443052472;16.4712443052472;0.095449;3;7.16026315789473 * pollydefaulttilesize_4;1;3.09878747174468;
3;15.2575 * polly_vectorizer + 14.205462962963 * polly_no_tiling + 14.1516666666667 * pollydefaulttilesize_4 + -14.7596296296297 * pollydefaulttilesize_4 * polly_no_tiling;9.79678119485313;9.79678119485313;9.79678119485313;9.79678119485313;0.151075;5;-14.7596296296297 * pollydefaulttilesize_4 * polly_no_tiling;2;3.33723155519705;
4;16.2126502732241 * polly_vectorizer + 13.4625683060109 * polly_no_tiling + 13.1965163934426 * pollydefaulttilesize_4 + -14.0167349726776 * pollydefaulttilesize_4 * polly_no_tiling + -3.82060109289619 * pollyoptmaxconstantterm_10000;9.30531177991452;9.30531177991452;9.30531177991452;9.30531177991452;0.240064;6;-3.82060109289619 * pollyoptmaxconstantterm_10000;1;0.491469414938607;
5;17.8233333333333 * polly_vectorizer + 11.5676470588235 * polly_no_tiling + 11.5858333333333 * pollydefaulttilesize_4 + -12.1218137254902 * pollydefaulttilesize_4 * polly_no_tiling + 1.29568627450977 * pollyoptmaxconstantterm_10000 + -11.5590196078431 * pollyoptmaxconstantterm_10000 * pollydefaulttilesize_16;7.21482697645598;7.21482697645598;7.21482697645598;7.21482697645598;0.364575;8;-11.5590196078431 * pollyoptmaxconstantterm_10000 * pollydefaulttilesize_16;2;1.04524240172927;
6;17.5277649837614 * polly_vectorizer + 11.4981015648066 * polly_no_tiling + 11.6597254207263 * pollydefaulttilesize_4 + -11.8305919692944 * pollydefaulttilesize_4 * polly_no_tiling + 0.774095069382917 * pollyoptmaxconstantterm_10000 + -11.6285651018601 * pollyoptmaxconstantterm_10000 * pollydefaulttilesize_16 + 0.886705048715692 * parallel;6.74263629933741;6.74263629933741;6.74263629933741;6.74263629933741;0.539904;9;0.886705048715692 * parallel;1;0.47219067711857;
7;19.525 * polly_vectorizer + 9.16296576032224 * polly_no_tiling + 9.45733635448136 * pollydefaulttilesize_4 + -9.2903021148036 * pollydefaulttilesize_4 * polly_no_tiling + 0.291379657603209 * pollyoptmaxconstantterm_10000 + -13.9637009063444 * pollyoptmaxconstantterm_10000 * pollydefaulttilesize_16 + 1.70732124874118 * parallel + -6.81232124874122 * parallel * pollydefaulttilesize_64;5.81238035114248;5.81238035114248;5.81238035114248;5.81238035114248;0.766785;11;-6.81232124874122 * parallel * pollydefaulttilesize_64;2;0.465127974097463;
8;19.525 * polly_vectorizer + 8.9377757125155 * polly_no_tiling + 9.40648698884759 * pollydefaulttilesize_4 + -9.01426270136307 * pollydefaulttilesize_4 * polly_no_tiling + 0.313172242874806 * pollyoptmaxconstantterm_10000 + -15.3911152416356 * pollyoptmaxconstantterm_10000 * pollydefaulttilesize_16 + 1.91071871127635 * parallel + -7.01571871127634 * parallel * pollydefaulttilesize_64 + 1.20222428748452 * pollydefaulttilesize_16;5.62477373450151;5.62477373450151;5.62477373450151;5.62477373450151;1.055639;12;1.20222428748452 * pollydefaulttilesize_16;1;0.187606616640975;
Elapsed=00:00:01.0590234
average model: 
command: analyze-learning
Round, Model, LearningError, LearningErrorRel, ValidationError, ValidationErrorRel, ElapsedSeconds, ModelComplexity, BestCandidate, BestCandidateSize, BestCandidateScore, TestError
Models:
Termination reason: minImprovementPerRound
1;22.3333333333333 * polly_vectorizer + 7.06883333333332 * polly_no_tiling;19.5700317769919;19.5700317769919;19.5700317769919;19.5700317769919;0.059828;2;7.06883333333332 * polly_no_tiling;1;5.11191283075101;29.4753215984023
2;18.753201754386 * polly_vectorizer + 9.93293859649121 * polly_no_tiling + 7.16026315789473 * pollydefaulttilesize_4;16.4712443052472;16.4712443052472;16.4712443052472;16.4712443052472;0.095449;3;7.16026315789473 * pollydefaulttilesize_4;1;3.09878747174468;30.5737477067068
3;15.2575 * polly_vectorizer + 14.205462962963 * polly_no_tiling + 14.1516666666667 * pollydefaulttilesize_4 + -14.7596296296297 * pollydefaulttilesize_4 * polly_no_tiling;9.79678119485313;9.79678119485313;9.79678119485313;9.79678119485313;0.151075;5;-14.7596296296297 * pollydefaulttilesize_4 * polly_no_tiling;2;3.33723155519705;28.027589600934
4;16.2126502732241 * polly_vectorizer + 13.4625683060109 * polly_no_tiling + 13.1965163934426 * pollydefaulttilesize_4 + -14.0167349726776 * pollydefaulttilesize_4 * polly_no_tiling + -3.82060109289619 * pollyoptmaxconstantterm_10000;9.30531177991452;9.30531177991452;9.30531177991452;9.30531177991452;0.240064;6;-3.82060109289619 * pollyoptmaxconstantterm_10000;1;0.491469414938607;29.0775644290841
5;17.8233333333333 * polly_vectorizer + 11.5676470588235 * polly_no_tiling + 11.5858333333333 * pollydefaulttilesize_4 + -12.1218137254902 * pollydefaulttilesize_4 * polly_no_tiling + 1.29568627450977 * pollyoptmaxconstantterm_10000 + -11.5590196078431 * pollyoptmaxconstantterm_10000 * pollydefaulttilesize_16;7.21482697645598;7.21482697645598;7.21482697645598;7.21482697645598;0.364575;8;-11.5590196078431 * pollyoptmaxconstantterm_10000 * pollydefaulttilesize_16;2;1.04524240172927;29.3343267729134
6;17.5277649837614 * polly_vectorizer + 11.4981015648066 * polly_no_tiling + 11.6597254207263 * pollydefaulttilesize_4 + -11.8305919692944 * pollydefaulttilesize_4 * polly_no_tiling + 0.774095069382917 * pollyoptmaxconstantterm_10000 + -11.6285651018601 * pollyoptmaxconstantterm_10000 * pollydefaulttilesize_16 + 0.886705048715692 * parallel;6.74263629933741;6.74263629933741;6.74263629933741;6.74263629933741;0.539904;9;0.886705048715692 * parallel;1;0.47219067711857;28.776353603313
7;19.525 * polly_vectorizer + 9.16296576032224 * polly_no_tiling + 9.45733635448136 * pollydefaulttilesize_4 + -9.2903021148036 * pollydefaulttilesize_4 * polly_no_tiling + 0.291379657603209 * pollyoptmaxconstantterm_10000 + -13.9637009063444 * pollyoptmaxconstantterm_10000 * pollydefaulttilesize_16 + 1.70732124874118 * parallel + -6.81232124874122 * parallel * pollydefaulttilesize_64;5.81238035114248;5.81238035114248;5.81238035114248;5.81238035114248;0.766785;11;-6.81232124874122 * parallel * pollydefaulttilesize_64;2;0.465127974097463;29.544565726007
8;19.525 * polly_vectorizer + 8.9377757125155 * polly_no_tiling + 9.40648698884759 * pollydefaulttilesize_4 + -9.01426270136307 * pollydefaulttilesize_4 * polly_no_tiling + 0.313172242874806 * pollyoptmaxconstantterm_10000 + -15.3911152416356 * pollyoptmaxconstantterm_10000 * pollydefaulttilesize_16 + 1.91071871127635 * parallel + -7.01571871127634 * parallel * pollydefaulttilesize_64 + 1.20222428748452 * pollydefaulttilesize_16;5.62477373450151;5.62477373450151;5.62477373450151;5.62477373450151;1.055639;12;1.20222428748452 * pollydefaulttilesize_16;1;0.187606616640975;29.7992476187782
Analyze finished
command: clean-sampling
command: clean-global
command: script ./learn_grammarBased_t2.a
command: log ./out_grammarBased_t2Predictions.log
