Current machine learning settings: epsilon:0 lossFunction:RELATIVE parallelization:True bagging:False baggingNumbers:3 considerEpsilonTube:False baggingTestDataFraction:50 useBackward:False abortError:1 limitFeatureSize:False featureSizeTreshold:4 quadraticFunctionSupport:True crossValidation:False crossValidation-k:5 learn-logFunction:False learn-accumulatedLogFunction:False learn-asymFunction:False learn-ratioFunction:False learn-mirrowedFunction:False learn-numeric-disabled:True numberOfRounds:70 backwardErrorDelta:1 minImprovementPerRound:0.1 withHierarchy:False bruteForceCandidates:False ignoreBadFeatures:False stopOnLongRound:True candidateSizePenalty:True learnTimeLimit:00:00:00 scoreMeasure:RELERROR outputRoundsToStdout:False debug:False pythonInfluenceAnalysis:False blacklisted: 
command: solver z3
command: vm /scratch/kallistos/Distance-Based_Data/SupplementaryWebsite/MeasuredPerformanceValues/Dune/FeatureModel.xml
Warning: Variability model contains outdated notation. Children nodes will no longer have effect on the model. Instead use the parent node to describe the parent of an configuration option. You can also use the converter providedby the Variability Model GUI in export>convert legacy model.
command: all /scratch/kallistos/Distance-Based_Data/SupplementaryWebsite/MeasuredPerformanceValues/Dune/measurements.xml
Configs with too large deviation: 0
2304 configurations loaded.
command: binary grammar-based numConfigs:1071 seed:47  confFaultsReport:./out_grammarBasedFailureReport_t3.log
command: printconfigs ./sampledConfigurations_grammarBased_t3FailureReport.csv
Number to sample: 1071; Number of Configurations in Grammar: 2352
Draw a new random number, cause 806 is already in drawn.
Draw a new random number, cause 199 is already in drawn.
Draw a new random number, cause 50 is already in drawn.
Draw a new random number, cause 381 is already in drawn.
Draw a new random number, cause 1459 is already in drawn.
Draw a new random number, cause 568 is already in drawn.
Draw a new random number, cause 933 is already in drawn.
Draw a new random number, cause 1922 is already in drawn.
Draw a new random number, cause 145 is already in drawn.
Draw a new random number, cause 835 is already in drawn.
Draw a new random number, cause 2194 is already in drawn.
Draw a new random number, cause 720 is already in drawn.
Draw a new random number, cause 349 is already in drawn.
Draw a new random number, cause 1654 is already in drawn.
Draw a new random number, cause 900 is already in drawn.
Draw a new random number, cause 967 is already in drawn.
Draw a new random number, cause 2237 is already in drawn.
Draw a new random number, cause 1634 is already in drawn.
Draw a new random number, cause 1160 is already in drawn.
Draw a new random number, cause 2233 is already in drawn.
Draw a new random number, cause 1753 is already in drawn.
Draw a new random number, cause 891 is already in drawn.
Draw a new random number, cause 2270 is already in drawn.
Draw a new random number, cause 1123 is already in drawn.
Draw a new random number, cause 689 is already in drawn.
Draw a new random number, cause 740 is already in drawn.
Draw a new random number, cause 1125 is already in drawn.
Draw a new random number, cause 679 is already in drawn.
Draw a new random number, cause 677 is already in drawn.
Draw a new random number, cause 180 is already in drawn.
Draw a new random number, cause 392 is already in drawn.
Draw a new random number, cause 455 is already in drawn.
Draw a new random number, cause 429 is already in drawn.
Draw a new random number, cause 669 is already in drawn.
Draw a new random number, cause 1272 is already in drawn.
Draw a new random number, cause 271 is already in drawn.
Draw a new random number, cause 1546 is already in drawn.
Draw a new random number, cause 1678 is already in drawn.
Draw a new random number, cause 1679 is already in drawn.
Draw a new random number, cause 455 is already in drawn.
Draw a new random number, cause 1274 is already in drawn.
Draw a new random number, cause 1913 is already in drawn.
Draw a new random number, cause 97 is already in drawn.
Draw a new random number, cause 1903 is already in drawn.
Draw a new random number, cause 1758 is already in drawn.
Draw a new random number, cause 1833 is already in drawn.
Draw a new random number, cause 1752 is already in drawn.
Draw a new random number, cause 505 is already in drawn.
Draw a new random number, cause 1873 is already in drawn.
Draw a new random number, cause 270 is already in drawn.
Draw a new random number, cause 877 is already in drawn.
Draw a new random number, cause 340 is already in drawn.
Draw a new random number, cause 1115 is already in drawn.
Draw a new random number, cause 993 is already in drawn.
Draw a new random number, cause 1878 is already in drawn.
Draw a new random number, cause 1158 is already in drawn.
Draw a new random number, cause 1402 is already in drawn.
Draw a new random number, cause 90 is already in drawn.
Draw a new random number, cause 918 is already in drawn.
Draw a new random number, cause 1198 is already in drawn.
Draw a new random number, cause 2325 is already in drawn.
Draw a new random number, cause 1593 is already in drawn.
Draw a new random number, cause 2073 is already in drawn.
Draw a new random number, cause 2073 is already in drawn.
Draw a new random number, cause 969 is already in drawn.
Draw a new random number, cause 2046 is already in drawn.
Draw a new random number, cause 453 is already in drawn.
Draw a new random number, cause 498 is already in drawn.
Draw a new random number, cause 1913 is already in drawn.
Draw a new random number, cause 679 is already in drawn.
Draw a new random number, cause 131 is already in drawn.
Draw a new random number, cause 429 is already in drawn.
Draw a new random number, cause 459 is already in drawn.
Draw a new random number, cause 2234 is already in drawn.
Draw a new random number, cause 83 is already in drawn.
Draw a new random number, cause 516 is already in drawn.
Draw a new random number, cause 1202 is already in drawn.
Draw a new random number, cause 2120 is already in drawn.
Draw a new random number, cause 145 is already in drawn.
Draw a new random number, cause 2304 is already in drawn.
Draw a new random number, cause 1959 is already in drawn.
Draw a new random number, cause 393 is already in drawn.
Draw a new random number, cause 147 is already in drawn.
Draw a new random number, cause 1725 is already in drawn.
Draw a new random number, cause 2071 is already in drawn.
Draw a new random number, cause 27 is already in drawn.
Draw a new random number, cause 20 is already in drawn.
Draw a new random number, cause 1595 is already in drawn.
Draw a new random number, cause 20 is already in drawn.
Draw a new random number, cause 287 is already in drawn.
Draw a new random number, cause 1930 is already in drawn.
Draw a new random number, cause 911 is already in drawn.
Draw a new random number, cause 1888 is already in drawn.
Draw a new random number, cause 1985 is already in drawn.
Draw a new random number, cause 553 is already in drawn.
Draw a new random number, cause 284 is already in drawn.
Draw a new random number, cause 1700 is already in drawn.
Draw a new random number, cause 722 is already in drawn.
Draw a new random number, cause 1911 is already in drawn.
Draw a new random number, cause 46 is already in drawn.
Draw a new random number, cause 1503 is already in drawn.
Draw a new random number, cause 1433 is already in drawn.
Draw a new random number, cause 2020 is already in drawn.
Draw a new random number, cause 1163 is already in drawn.
Draw a new random number, cause 1008 is already in drawn.
Draw a new random number, cause 127 is already in drawn.
Draw a new random number, cause 2053 is already in drawn.
Draw a new random number, cause 1297 is already in drawn.
Draw a new random number, cause 2206 is already in drawn.
Draw a new random number, cause 2073 is already in drawn.
Draw a new random number, cause 612 is already in drawn.
Draw a new random number, cause 357 is already in drawn.
Draw a new random number, cause 1202 is already in drawn.
Draw a new random number, cause 225 is already in drawn.
Draw a new random number, cause 2004 is already in drawn.
Draw a new random number, cause 1772 is already in drawn.
Draw a new random number, cause 349 is already in drawn.
Draw a new random number, cause 740 is already in drawn.
Draw a new random number, cause 1062 is already in drawn.
Draw a new random number, cause 625 is already in drawn.
Draw a new random number, cause 96 is already in drawn.
Draw a new random number, cause 504 is already in drawn.
Draw a new random number, cause 2082 is already in drawn.
Draw a new random number, cause 406 is already in drawn.
Draw a new random number, cause 2271 is already in drawn.
Draw a new random number, cause 1877 is already in drawn.
Draw a new random number, cause 1998 is already in drawn.
Draw a new random number, cause 474 is already in drawn.
Draw a new random number, cause 599 is already in drawn.
Draw a new random number, cause 900 is already in drawn.
Draw a new random number, cause 576 is already in drawn.
Draw a new random number, cause 808 is already in drawn.
Draw a new random number, cause 1495 is already in drawn.
Draw a new random number, cause 214 is already in drawn.
Draw a new random number, cause 2267 is already in drawn.
Draw a new random number, cause 677 is already in drawn.
Draw a new random number, cause 1504 is already in drawn.
Draw a new random number, cause 746 is already in drawn.
Draw a new random number, cause 213 is already in drawn.
Draw a new random number, cause 1154 is already in drawn.
Draw a new random number, cause 205 is already in drawn.
Draw a new random number, cause 1469 is already in drawn.
Draw a new random number, cause 1425 is already in drawn.
Draw a new random number, cause 436 is already in drawn.
Draw a new random number, cause 96 is already in drawn.
Draw a new random number, cause 2045 is already in drawn.
Draw a new random number, cause 418 is already in drawn.
Draw a new random number, cause 1819 is already in drawn.
Draw a new random number, cause 1115 is already in drawn.
Draw a new random number, cause 732 is already in drawn.
Draw a new random number, cause 1698 is already in drawn.
Draw a new random number, cause 797 is already in drawn.
Draw a new random number, cause 1729 is already in drawn.
Draw a new random number, cause 1993 is already in drawn.
Draw a new random number, cause 67 is already in drawn.
Draw a new random number, cause 2032 is already in drawn.
Draw a new random number, cause 587 is already in drawn.
Draw a new random number, cause 1019 is already in drawn.
Draw a new random number, cause 2142 is already in drawn.
Draw a new random number, cause 984 is already in drawn.
Draw a new random number, cause 161 is already in drawn.
Draw a new random number, cause 268 is already in drawn.
Draw a new random number, cause 1024 is already in drawn.
Draw a new random number, cause 345 is already in drawn.
Draw a new random number, cause 1545 is already in drawn.
Draw a new random number, cause 1206 is already in drawn.
Draw a new random number, cause 1492 is already in drawn.
Draw a new random number, cause 712 is already in drawn.
Draw a new random number, cause 572 is already in drawn.
Draw a new random number, cause 1998 is already in drawn.
Draw a new random number, cause 900 is already in drawn.
Draw a new random number, cause 681 is already in drawn.
Draw a new random number, cause 1111 is already in drawn.
Draw a new random number, cause 1016 is already in drawn.
Draw a new random number, cause 2330 is already in drawn.
Draw a new random number, cause 2130 is already in drawn.
Draw a new random number, cause 161 is already in drawn.
Draw a new random number, cause 1595 is already in drawn.
Draw a new random number, cause 1873 is already in drawn.
Draw a new random number, cause 1585 is already in drawn.
Draw a new random number, cause 699 is already in drawn.
Draw a new random number, cause 1163 is already in drawn.
Draw a new random number, cause 1825 is already in drawn.
Draw a new random number, cause 1448 is already in drawn.
Draw a new random number, cause 1828 is already in drawn.
Draw a new random number, cause 948 is already in drawn.
Draw a new random number, cause 1960 is already in drawn.
Draw a new random number, cause 288 is already in drawn.
Draw a new random number, cause 441 is already in drawn.
Draw a new random number, cause 1160 is already in drawn.
Draw a new random number, cause 2264 is already in drawn.
Draw a new random number, cause 1922 is already in drawn.
Draw a new random number, cause 1486 is already in drawn.
Draw a new random number, cause 101 is already in drawn.
Draw a new random number, cause 1669 is already in drawn.
Draw a new random number, cause 505 is already in drawn.
Draw a new random number, cause 1993 is already in drawn.
Draw a new random number, cause 359 is already in drawn.
Draw a new random number, cause 791 is already in drawn.
Draw a new random number, cause 1356 is already in drawn.
Draw a new random number, cause 1899 is already in drawn.
Draw a new random number, cause 1700 is already in drawn.
Draw a new random number, cause 16 is already in drawn.
Draw a new random number, cause 1916 is already in drawn.
Draw a new random number, cause 201 is already in drawn.
Draw a new random number, cause 1890 is already in drawn.
Draw a new random number, cause 1636 is already in drawn.
Draw a new random number, cause 1088 is already in drawn.
Draw a new random number, cause 1641 is already in drawn.
Draw a new random number, cause 93 is already in drawn.
Draw a new random number, cause 1441 is already in drawn.
Draw a new random number, cause 385 is already in drawn.
Draw a new random number, cause 201 is already in drawn.
Draw a new random number, cause 1514 is already in drawn.
Draw a new random number, cause 1529 is already in drawn.
Draw a new random number, cause 2111 is already in drawn.
Draw a new random number, cause 1812 is already in drawn.
Draw a new random number, cause 612 is already in drawn.
Draw a new random number, cause 1008 is already in drawn.
Draw a new random number, cause 1604 is already in drawn.
Draw a new random number, cause 1868 is already in drawn.
Draw a new random number, cause 2142 is already in drawn.
Draw a new random number, cause 288 is already in drawn.
Draw a new random number, cause 1071 is already in drawn.
Draw a new random number, cause 1504 is already in drawn.
Draw a new random number, cause 50 is already in drawn.
Draw a new random number, cause 1398 is already in drawn.
Draw a new random number, cause 907 is already in drawn.
Draw a new random number, cause 1297 is already in drawn.
Draw a new random number, cause 1728 is already in drawn.
Draw a new random number, cause 544 is already in drawn.
Draw a new random number, cause 2206 is already in drawn.
Draw a new random number, cause 1545 is already in drawn.
Draw a new random number, cause 2261 is already in drawn.
Draw a new random number, cause 1931 is already in drawn.
Draw a new random number, cause 954 is already in drawn.
Draw a new random number, cause 1378 is already in drawn.
Draw a new random number, cause 764 is already in drawn.
Draw a new random number, cause 2219 is already in drawn.
Draw a new random number, cause 1818 is already in drawn.
Draw a new random number, cause 2106 is already in drawn.
Draw a new random number, cause 2218 is already in drawn.
Draw a new random number, cause 284 is already in drawn.
Draw a new random number, cause 212 is already in drawn.
Draw a new random number, cause 148 is already in drawn.
Draw a new random number, cause 126 is already in drawn.
Draw a new random number, cause 881 is already in drawn.
Draw a new random number, cause 1567 is already in drawn.
Draw a new random number, cause 1057 is already in drawn.
Draw a new random number, cause 2184 is already in drawn.
Draw a new random number, cause 1442 is already in drawn.
Draw a new random number, cause 417 is already in drawn.
Draw a new random number, cause 2195 is already in drawn.
Draw a new random number, cause 419 is already in drawn.
Draw a new random number, cause 1476 is already in drawn.
Draw a new random number, cause 205 is already in drawn.
Draw a new random number, cause 1343 is already in drawn.
Draw a new random number, cause 1602 is already in drawn.
Draw a new random number, cause 2112 is already in drawn.
Draw a new random number, cause 95 is already in drawn.
Draw a new random number, cause 963 is already in drawn.
Draw a new random number, cause 181 is already in drawn.
Draw a new random number, cause 572 is already in drawn.
Draw a new random number, cause 1537 is already in drawn.
Draw a new random number, cause 2277 is already in drawn.
Draw a new random number, cause 775 is already in drawn.
Draw a new random number, cause 1012 is already in drawn.
Draw a new random number, cause 2185 is already in drawn.
Draw a new random number, cause 1351 is already in drawn.
Draw a new random number, cause 1736 is already in drawn.
Draw a new random number, cause 63 is already in drawn.
Draw a new random number, cause 1621 is already in drawn.
Draw a new random number, cause 2226 is already in drawn.
Draw a new random number, cause 245 is already in drawn.
Draw a new random number, cause 1805 is already in drawn.
Draw a new random number, cause 2013 is already in drawn.
Draw a new random number, cause 1495 is already in drawn.
Draw a new random number, cause 924 is already in drawn.
Draw a new random number, cause 540 is already in drawn.
Draw a new random number, cause 1555 is already in drawn.
Draw a new random number, cause 921 is already in drawn.
Draw a new random number, cause 1352 is already in drawn.
Draw a new random number, cause 1980 is already in drawn.
Draw a new random number, cause 131 is already in drawn.
Draw a new random number, cause 1662 is already in drawn.
Draw a new random number, cause 1559 is already in drawn.
Draw a new random number, cause 505 is already in drawn.
Draw a new random number, cause 406 is already in drawn.
Draw a new random number, cause 540 is already in drawn.
Draw a new random number, cause 1445 is already in drawn.
Draw a new random number, cause 341 is already in drawn.
Draw a new random number, cause 1350 is already in drawn.
Draw a new random number, cause 1931 is already in drawn.
Draw a new random number, cause 254 is already in drawn.
Draw a new random number, cause 1541 is already in drawn.
Draw a new random number, cause 828 is already in drawn.
Draw a new random number, cause 1088 is already in drawn.
Draw a new random number, cause 1622 is already in drawn.
Draw a new random number, cause 337 is already in drawn.
Draw a new random number, cause 1300 is already in drawn.
Draw a new random number, cause 1195 is already in drawn.
Draw a new random number, cause 1639 is already in drawn.
Draw a new random number, cause 1195 is already in drawn.
Draw a new random number, cause 381 is already in drawn.
Draw a new random number, cause 1593 is already in drawn.
Draw a new random number, cause 2115 is already in drawn.
Draw a new random number, cause 1514 is already in drawn.
Draw a new random number, cause 2239 is already in drawn.
Draw a new random number, cause 95 is already in drawn.
Draw a new random number, cause 831 is already in drawn.
Draw a new random number, cause 199 is already in drawn.
Draw a new random number, cause 1649 is already in drawn.
Draw a new random number, cause 1594 is already in drawn.
Draw a new random number, cause 1350 is already in drawn.
Draw a new random number, cause 2217 is already in drawn.
Draw a new random number, cause 967 is already in drawn.
Draw a new random number, cause 1476 is already in drawn.
Draw a new random number, cause 201 is already in drawn.
Draw a new random number, cause 1415 is already in drawn.
Draw a new random number, cause 409 is already in drawn.
Draw a new random number, cause 820 is already in drawn.
Draw a new random number, cause 365 is already in drawn.
Draw a new random number, cause 1728 is already in drawn.
Draw a new random number, cause 1288 is already in drawn.
Draw a new random number, cause 431 is already in drawn.
Draw a new random number, cause 701 is already in drawn.
Draw a new random number, cause 2115 is already in drawn.
Draw a new random number, cause 1773 is already in drawn.
Draw a new random number, cause 1207 is already in drawn.
Draw a new random number, cause 1358 is already in drawn.
Draw a new random number, cause 2261 is already in drawn.
Draw a new random number, cause 940 is already in drawn.
Draw a new random number, cause 655 is already in drawn.
Draw a new random number, cause 1719 is already in drawn.
Draw a new random number, cause 1531 is already in drawn.
Draw a new random number, cause 572 is already in drawn.
Draw a new random number, cause 95 is already in drawn.
Draw a new random number, cause 1869 is already in drawn.
Draw a new random number, cause 646 is already in drawn.
Draw a new random number, cause 727 is already in drawn.
Draw a new random number, cause 2244 is already in drawn.
Draw a new random number, cause 335 is already in drawn.
Draw a new random number, cause 608 is already in drawn.
Draw a new random number, cause 2150 is already in drawn.
Draw a new random number, cause 1503 is already in drawn.
Draw a new random number, cause 923 is already in drawn.
Draw a new random number, cause 1603 is already in drawn.
Draw a new random number, cause 1008 is already in drawn.
Draw a new random number, cause 1333 is already in drawn.
Draw a new random number, cause 1920 is already in drawn.
Draw a new random number, cause 513 is already in drawn.
Draw a new random number, cause 2027 is already in drawn.
Draw a new random number, cause 1636 is already in drawn.
Draw a new random number, cause 1741 is already in drawn.
Draw a new random number, cause 1384 is already in drawn.
Draw a new random number, cause 1359 is already in drawn.
Draw a new random number, cause 822 is already in drawn.
Draw a new random number, cause 1420 is already in drawn.
Draw a new random number, cause 1871 is already in drawn.
Draw a new random number, cause 1652 is already in drawn.
Draw a new random number, cause 341 is already in drawn.
Draw a new random number, cause 1134 is already in drawn.
Draw a new random number, cause 1887 is already in drawn.
Draw a new random number, cause 466 is already in drawn.
Draw a new random number, cause 2008 is already in drawn.
Draw a new random number, cause 948 is already in drawn.
Draw a new random number, cause 1571 is already in drawn.
Draw a new random number, cause 1871 is already in drawn.
30 drawn configurations were invalid
command: clean-sampling
command: clean-global
