Current machine learning settings: epsilon:0 lossFunction:RELATIVE parallelization:True bagging:False baggingNumbers:3 considerEpsilonTube:False baggingTestDataFraction:50 useBackward:False abortError:1 limitFeatureSize:False featureSizeTreshold:4 quadraticFunctionSupport:True crossValidation:False crossValidation-k:5 learn-logFunction:False learn-accumulatedLogFunction:False learn-asymFunction:False learn-ratioFunction:False learn-mirrowedFunction:False learn-numeric-disabled:True numberOfRounds:70 backwardErrorDelta:1 minImprovementPerRound:0.1 withHierarchy:False bruteForceCandidates:False ignoreBadFeatures:False stopOnLongRound:True candidateSizePenalty:True learnTimeLimit:00:00:00 scoreMeasure:RELERROR outputRoundsToStdout:False debug:False pythonInfluenceAnalysis:False blacklisted: 
command: mlsettings bagging:False stopOnLongRound:False parallelization:True lossFunction:RELATIVE useBackward:False abortError:1 limitFeatureSize:False featureSizeTreshold:7 quadraticFunctionSupport:True crossValidation:False learn_logFunction:True numberOfRounds:70 backwardErrorDelta:1 minImprovementPerRound:0.25 withHierarchy:False
Current machine learning settings: epsilon:0 lossFunction:RELATIVE parallelization:True bagging:False baggingNumbers:3 considerEpsilonTube:False baggingTestDataFraction:50 useBackward:False abortError:1 limitFeatureSize:False featureSizeTreshold:7 quadraticFunctionSupport:True crossValidation:False crossValidation-k:5 learn-logFunction:True learn-accumulatedLogFunction:False learn-asymFunction:False learn-ratioFunction:False learn-mirrowedFunction:False learn-numeric-disabled:True numberOfRounds:70 backwardErrorDelta:1 minImprovementPerRound:0.25 withHierarchy:False bruteForceCandidates:False ignoreBadFeatures:False stopOnLongRound:False candidateSizePenalty:True learnTimeLimit:00:00:00 scoreMeasure:RELERROR outputRoundsToStdout:False debug:False pythonInfluenceAnalysis:False blacklisted: 
command: solver z3
command: vm /scratch/kallistos/Distance-Based_Data/SupplementaryWebsite/MeasuredPerformanceValues/Polly/FeatureModel.xml
command: all /scratch/kallistos/Distance-Based_Data/SupplementaryWebsite/MeasuredPerformanceValues/Polly/measurements.xml
Configs with too large deviation: 0
60000 configurations loaded.
command: nfp Performance
command: setsampleset /scratch/kallistos/Distance-Based_Data/Results/Polly/Polly_61/sampledConfigurations_grammarBased_t2.csv
command: learn-splconqueror
Learning: NumberOfConfigurationsLearning:345 NumberOfConfigurationsValidation:345
Learning progress:
1;29.6387681159421 * polly_vectorizer + -4.59982401656313 * value_based;22.5343189055839;22.5343189055839;22.5343189055839;22.5343189055839;0.072369;2;-4.59982401656313 * value_based;1;2.61561929600398;
2;29.6387681159421 * polly_vectorizer + 0.118028420854499 * value_based + -9.04255050505049 * value_based * min;17.1841699314779;17.1841699314779;17.1841699314779;17.1841699314779;0.256357;4;-9.04255050505049 * value_based * min;2;2.67507448705299;
3;29.6387681159422 * polly_vectorizer + 0.118028420854462 * value_based + -18.2008706108706 * value_based * min + 16.0270601851852 * value_based * min * polly_no_tiling;7.45288196322317;7.45288196322317;7.45288196322317;7.45288196322317;0.585864;7;16.0270601851852 * value_based * min * polly_no_tiling;3;3.24376265608492;
4;28.9386836390353 * polly_vectorizer + -0.122909743275755 * value_based + -18.0425813085973 * value_based * min + 16.0969470904319 * value_based * min * polly_no_tiling + 2.01274287110724 * parallel;5.63940760466931;5.63940760466931;5.63940760466931;5.63940760466931;1.101079;8;2.01274287110724 * parallel;1;1.81347435855387;
5;28.9598713297675 * polly_vectorizer + -0.115617875686107 * value_based + -16.3372576996918 * value_based * min + 17.443191234925 * value_based * min * polly_no_tiling + 1.9518282602521 * parallel + -4.73570072832413 * value_based * min * polly;3.33319246192201;3.33319246192201;3.33319246192201;3.33319246192201;1.869293;11;-4.73570072832413 * value_based * min * polly;3;0.768738380915767;
6;28.9542533631151 * polly_vectorizer + -0.117551331741818 * value_based + -15.6519985196079 * value_based * min + 19.1619011526703 * value_based * min * polly_no_tiling + 1.96797991437779 * parallel + -6.62982399165421 * value_based * min * polly + -3.3285179625128 * value_based * min * polly_no_tiling * none;2.54281779751205;2.54281779751205;2.54281779751205;2.54281779751205;2.910509;15;-3.3285179625128 * value_based * min * polly_no_tiling * none;4;0.19759366610249;
Elapsed=00:00:02.9151260
average model: 
command: analyze-learning
Round, Model, LearningError, LearningErrorRel, ValidationError, ValidationErrorRel, ElapsedSeconds, ModelComplexity, BestCandidate, BestCandidateSize, BestCandidateScore, TestError
Models:
Termination reason: minImprovementPerRound
1;29.6387681159421 * polly_vectorizer + -4.59982401656313 * value_based;22.5343189055839;22.5343189055839;22.5343189055839;22.5343189055839;0.072369;2;-4.59982401656313 * value_based;1;2.61561929600398;28.5832843581581
2;29.6387681159421 * polly_vectorizer + 0.118028420854499 * value_based + -9.04255050505049 * value_based * min;17.1841699314779;17.1841699314779;17.1841699314779;17.1841699314779;0.256357;4;-9.04255050505049 * value_based * min;2;2.67507448705299;21.3271100771624
3;29.6387681159422 * polly_vectorizer + 0.118028420854462 * value_based + -18.2008706108706 * value_based * min + 16.0270601851852 * value_based * min * polly_no_tiling;7.45288196322317;7.45288196322317;7.45288196322317;7.45288196322317;0.585864;7;16.0270601851852 * value_based * min * polly_no_tiling;3;3.24376265608492;8.73838217290404
4;28.9386836390353 * polly_vectorizer + -0.122909743275755 * value_based + -18.0425813085973 * value_based * min + 16.0969470904319 * value_based * min * polly_no_tiling + 2.01274287110724 * parallel;5.63940760466931;5.63940760466931;5.63940760466931;5.63940760466931;1.101079;8;2.01274287110724 * parallel;1;1.81347435855387;7.01470568291165
5;28.9598713297675 * polly_vectorizer + -0.115617875686107 * value_based + -16.3372576996918 * value_based * min + 17.443191234925 * value_based * min * polly_no_tiling + 1.9518282602521 * parallel + -4.73570072832413 * value_based * min * polly;3.33319246192201;3.33319246192201;3.33319246192201;3.33319246192201;1.869293;11;-4.73570072832413 * value_based * min * polly;3;0.768738380915767;3.99030974260332
6;28.9542533631151 * polly_vectorizer + -0.117551331741818 * value_based + -15.6519985196079 * value_based * min + 19.1619011526703 * value_based * min * polly_no_tiling + 1.96797991437779 * parallel + -6.62982399165421 * value_based * min * polly + -3.3285179625128 * value_based * min * polly_no_tiling * none;2.54281779751205;2.54281779751205;2.54281779751205;2.54281779751205;2.910509;15;-3.3285179625128 * value_based * min * polly_no_tiling * none;4;0.19759366610249;3.22907794046996
Analyze finished
command: clean-sampling
command: clean-global
command: script ./learn_grammarBased_t3.a
command: log ./out_grammarBased_t3Predictions.log
