Current machine learning settings: epsilon:0 lossFunction:RELATIVE parallelization:True bagging:False baggingNumbers:3 considerEpsilonTube:False baggingTestDataFraction:50 useBackward:False abortError:1 limitFeatureSize:False featureSizeTreshold:4 quadraticFunctionSupport:True crossValidation:False crossValidation-k:5 learn-logFunction:False learn-accumulatedLogFunction:False learn-asymFunction:False learn-ratioFunction:False learn-mirrowedFunction:False learn-numeric-disabled:True numberOfRounds:70 backwardErrorDelta:1 minImprovementPerRound:0.1 withHierarchy:False bruteForceCandidates:False ignoreBadFeatures:False stopOnLongRound:True candidateSizePenalty:True learnTimeLimit:00:00:00 scoreMeasure:RELERROR outputRoundsToStdout:False debug:False pythonInfluenceAnalysis:False blacklisted: 
command: solver z3
command: vm /scratch/kallistos/Distance-Based_Data/SupplementaryWebsite/MeasuredPerformanceValues/Dune/FeatureModel.xml
Warning: Variability model contains outdated notation. Children nodes will no longer have effect on the model. Instead use the parent node to describe the parent of an configuration option. You can also use the converter providedby the Variability Model GUI in export>convert legacy model.
command: all /scratch/kallistos/Distance-Based_Data/SupplementaryWebsite/MeasuredPerformanceValues/Dune/measurements.xml
Configs with too large deviation: 0
2304 configurations loaded.
command: binary grammar-based numConfigs:1071 seed:95  confFaultsReport:./out_grammarBasedFailureReport_t3.log
command: printconfigs ./sampledConfigurations_grammarBased_t3FailureReport.csv
Number to sample: 1071; Number of Configurations in Grammar: 2352
Draw a new random number, cause 1127 is already in drawn.
Draw a new random number, cause 823 is already in drawn.
Draw a new random number, cause 939 is already in drawn.
Draw a new random number, cause 2339 is already in drawn.
Draw a new random number, cause 1548 is already in drawn.
Draw a new random number, cause 1091 is already in drawn.
Draw a new random number, cause 1622 is already in drawn.
Draw a new random number, cause 1988 is already in drawn.
Draw a new random number, cause 1362 is already in drawn.
Draw a new random number, cause 1971 is already in drawn.
Draw a new random number, cause 500 is already in drawn.
Draw a new random number, cause 645 is already in drawn.
Draw a new random number, cause 1578 is already in drawn.
Draw a new random number, cause 2113 is already in drawn.
Draw a new random number, cause 1388 is already in drawn.
Draw a new random number, cause 777 is already in drawn.
Draw a new random number, cause 717 is already in drawn.
Draw a new random number, cause 1664 is already in drawn.
Draw a new random number, cause 2102 is already in drawn.
Draw a new random number, cause 1863 is already in drawn.
Draw a new random number, cause 939 is already in drawn.
Draw a new random number, cause 916 is already in drawn.
Draw a new random number, cause 1112 is already in drawn.
Draw a new random number, cause 1149 is already in drawn.
Draw a new random number, cause 595 is already in drawn.
Draw a new random number, cause 1552 is already in drawn.
Draw a new random number, cause 851 is already in drawn.
Draw a new random number, cause 1976 is already in drawn.
Draw a new random number, cause 1162 is already in drawn.
Draw a new random number, cause 1980 is already in drawn.
Draw a new random number, cause 587 is already in drawn.
Draw a new random number, cause 741 is already in drawn.
Draw a new random number, cause 639 is already in drawn.
Draw a new random number, cause 1528 is already in drawn.
Draw a new random number, cause 62 is already in drawn.
Draw a new random number, cause 239 is already in drawn.
Draw a new random number, cause 1952 is already in drawn.
Draw a new random number, cause 1701 is already in drawn.
Draw a new random number, cause 607 is already in drawn.
Draw a new random number, cause 1221 is already in drawn.
Draw a new random number, cause 724 is already in drawn.
Draw a new random number, cause 1604 is already in drawn.
Draw a new random number, cause 364 is already in drawn.
Draw a new random number, cause 1071 is already in drawn.
Draw a new random number, cause 1101 is already in drawn.
Draw a new random number, cause 1045 is already in drawn.
Draw a new random number, cause 708 is already in drawn.
Draw a new random number, cause 656 is already in drawn.
Draw a new random number, cause 75 is already in drawn.
Draw a new random number, cause 415 is already in drawn.
Draw a new random number, cause 1374 is already in drawn.
Draw a new random number, cause 531 is already in drawn.
Draw a new random number, cause 365 is already in drawn.
Draw a new random number, cause 651 is already in drawn.
Draw a new random number, cause 737 is already in drawn.
Draw a new random number, cause 2223 is already in drawn.
Draw a new random number, cause 1101 is already in drawn.
Draw a new random number, cause 1558 is already in drawn.
Draw a new random number, cause 2172 is already in drawn.
Draw a new random number, cause 839 is already in drawn.
Draw a new random number, cause 1995 is already in drawn.
Draw a new random number, cause 618 is already in drawn.
Draw a new random number, cause 1488 is already in drawn.
Draw a new random number, cause 484 is already in drawn.
Draw a new random number, cause 1101 is already in drawn.
Draw a new random number, cause 447 is already in drawn.
Draw a new random number, cause 2300 is already in drawn.
Draw a new random number, cause 1246 is already in drawn.
Draw a new random number, cause 361 is already in drawn.
Draw a new random number, cause 248 is already in drawn.
Draw a new random number, cause 634 is already in drawn.
Draw a new random number, cause 1226 is already in drawn.
Draw a new random number, cause 2282 is already in drawn.
Draw a new random number, cause 1604 is already in drawn.
Draw a new random number, cause 509 is already in drawn.
Draw a new random number, cause 1379 is already in drawn.
Draw a new random number, cause 2162 is already in drawn.
Draw a new random number, cause 2069 is already in drawn.
Draw a new random number, cause 1999 is already in drawn.
Draw a new random number, cause 1706 is already in drawn.
Draw a new random number, cause 114 is already in drawn.
Draw a new random number, cause 1971 is already in drawn.
Draw a new random number, cause 1556 is already in drawn.
Draw a new random number, cause 31 is already in drawn.
Draw a new random number, cause 1197 is already in drawn.
Draw a new random number, cause 1036 is already in drawn.
Draw a new random number, cause 724 is already in drawn.
Draw a new random number, cause 2003 is already in drawn.
Draw a new random number, cause 112 is already in drawn.
Draw a new random number, cause 665 is already in drawn.
Draw a new random number, cause 126 is already in drawn.
Draw a new random number, cause 121 is already in drawn.
Draw a new random number, cause 1670 is already in drawn.
Draw a new random number, cause 1411 is already in drawn.
Draw a new random number, cause 150 is already in drawn.
Draw a new random number, cause 1500 is already in drawn.
Draw a new random number, cause 1096 is already in drawn.
Draw a new random number, cause 89 is already in drawn.
Draw a new random number, cause 1742 is already in drawn.
Draw a new random number, cause 1142 is already in drawn.
Draw a new random number, cause 1306 is already in drawn.
Draw a new random number, cause 1504 is already in drawn.
Draw a new random number, cause 531 is already in drawn.
Draw a new random number, cause 141 is already in drawn.
Draw a new random number, cause 320 is already in drawn.
Draw a new random number, cause 531 is already in drawn.
Draw a new random number, cause 1717 is already in drawn.
Draw a new random number, cause 85 is already in drawn.
Draw a new random number, cause 1986 is already in drawn.
Draw a new random number, cause 1853 is already in drawn.
Draw a new random number, cause 1670 is already in drawn.
Draw a new random number, cause 1834 is already in drawn.
Draw a new random number, cause 342 is already in drawn.
Draw a new random number, cause 736 is already in drawn.
Draw a new random number, cause 364 is already in drawn.
Draw a new random number, cause 999 is already in drawn.
Draw a new random number, cause 2240 is already in drawn.
Draw a new random number, cause 1824 is already in drawn.
Draw a new random number, cause 1162 is already in drawn.
Draw a new random number, cause 1661 is already in drawn.
Draw a new random number, cause 2142 is already in drawn.
Draw a new random number, cause 846 is already in drawn.
Draw a new random number, cause 1625 is already in drawn.
Draw a new random number, cause 1680 is already in drawn.
Draw a new random number, cause 1245 is already in drawn.
Draw a new random number, cause 1233 is already in drawn.
Draw a new random number, cause 2174 is already in drawn.
Draw a new random number, cause 1096 is already in drawn.
Draw a new random number, cause 356 is already in drawn.
Draw a new random number, cause 980 is already in drawn.
Draw a new random number, cause 1877 is already in drawn.
Draw a new random number, cause 80 is already in drawn.
Draw a new random number, cause 1539 is already in drawn.
Draw a new random number, cause 2310 is already in drawn.
Draw a new random number, cause 1702 is already in drawn.
Draw a new random number, cause 725 is already in drawn.
Draw a new random number, cause 523 is already in drawn.
Draw a new random number, cause 350 is already in drawn.
Draw a new random number, cause 1409 is already in drawn.
Draw a new random number, cause 1964 is already in drawn.
Draw a new random number, cause 151 is already in drawn.
Draw a new random number, cause 1462 is already in drawn.
Draw a new random number, cause 1245 is already in drawn.
Draw a new random number, cause 2102 is already in drawn.
Draw a new random number, cause 1945 is already in drawn.
Draw a new random number, cause 1173 is already in drawn.
Draw a new random number, cause 634 is already in drawn.
Draw a new random number, cause 1013 is already in drawn.
Draw a new random number, cause 2311 is already in drawn.
Draw a new random number, cause 264 is already in drawn.
Draw a new random number, cause 1260 is already in drawn.
Draw a new random number, cause 2326 is already in drawn.
Draw a new random number, cause 1633 is already in drawn.
Draw a new random number, cause 768 is already in drawn.
Draw a new random number, cause 1952 is already in drawn.
Draw a new random number, cause 1185 is already in drawn.
Draw a new random number, cause 2084 is already in drawn.
Draw a new random number, cause 2256 is already in drawn.
Draw a new random number, cause 31 is already in drawn.
Draw a new random number, cause 1586 is already in drawn.
Draw a new random number, cause 134 is already in drawn.
Draw a new random number, cause 2301 is already in drawn.
Draw a new random number, cause 1502 is already in drawn.
Draw a new random number, cause 955 is already in drawn.
Draw a new random number, cause 1427 is already in drawn.
Draw a new random number, cause 244 is already in drawn.
Draw a new random number, cause 1223 is already in drawn.
Draw a new random number, cause 1404 is already in drawn.
Draw a new random number, cause 1706 is already in drawn.
Draw a new random number, cause 950 is already in drawn.
Draw a new random number, cause 1735 is already in drawn.
Draw a new random number, cause 1812 is already in drawn.
Draw a new random number, cause 1680 is already in drawn.
Draw a new random number, cause 1490 is already in drawn.
Draw a new random number, cause 855 is already in drawn.
Draw a new random number, cause 500 is already in drawn.
Draw a new random number, cause 2296 is already in drawn.
Draw a new random number, cause 2342 is already in drawn.
Draw a new random number, cause 1447 is already in drawn.
Draw a new random number, cause 807 is already in drawn.
Draw a new random number, cause 1223 is already in drawn.
Draw a new random number, cause 1081 is already in drawn.
Draw a new random number, cause 1653 is already in drawn.
Draw a new random number, cause 267 is already in drawn.
Draw a new random number, cause 204 is already in drawn.
Draw a new random number, cause 2038 is already in drawn.
Draw a new random number, cause 870 is already in drawn.
Draw a new random number, cause 256 is already in drawn.
Draw a new random number, cause 1735 is already in drawn.
Draw a new random number, cause 1413 is already in drawn.
Draw a new random number, cause 1499 is already in drawn.
Draw a new random number, cause 420 is already in drawn.
Draw a new random number, cause 2075 is already in drawn.
Draw a new random number, cause 1232 is already in drawn.
Draw a new random number, cause 1608 is already in drawn.
Draw a new random number, cause 967 is already in drawn.
Draw a new random number, cause 288 is already in drawn.
Draw a new random number, cause 1087 is already in drawn.
Draw a new random number, cause 1437 is already in drawn.
Draw a new random number, cause 1982 is already in drawn.
Draw a new random number, cause 1083 is already in drawn.
Draw a new random number, cause 65 is already in drawn.
Draw a new random number, cause 1678 is already in drawn.
Draw a new random number, cause 1722 is already in drawn.
Draw a new random number, cause 661 is already in drawn.
Draw a new random number, cause 1541 is already in drawn.
Draw a new random number, cause 531 is already in drawn.
Draw a new random number, cause 2339 is already in drawn.
Draw a new random number, cause 232 is already in drawn.
Draw a new random number, cause 656 is already in drawn.
Draw a new random number, cause 986 is already in drawn.
Draw a new random number, cause 825 is already in drawn.
Draw a new random number, cause 2163 is already in drawn.
Draw a new random number, cause 276 is already in drawn.
Draw a new random number, cause 233 is already in drawn.
Draw a new random number, cause 1229 is already in drawn.
Draw a new random number, cause 1600 is already in drawn.
Draw a new random number, cause 1242 is already in drawn.
Draw a new random number, cause 1775 is already in drawn.
Draw a new random number, cause 461 is already in drawn.
Draw a new random number, cause 2185 is already in drawn.
Draw a new random number, cause 1773 is already in drawn.
Draw a new random number, cause 2162 is already in drawn.
Draw a new random number, cause 1445 is already in drawn.
Draw a new random number, cause 1726 is already in drawn.
Draw a new random number, cause 1701 is already in drawn.
Draw a new random number, cause 1893 is already in drawn.
Draw a new random number, cause 2345 is already in drawn.
Draw a new random number, cause 2071 is already in drawn.
Draw a new random number, cause 445 is already in drawn.
Draw a new random number, cause 2038 is already in drawn.
Draw a new random number, cause 1101 is already in drawn.
Draw a new random number, cause 1634 is already in drawn.
Draw a new random number, cause 1375 is already in drawn.
Draw a new random number, cause 793 is already in drawn.
Draw a new random number, cause 1127 is already in drawn.
Draw a new random number, cause 1619 is already in drawn.
Draw a new random number, cause 365 is already in drawn.
Draw a new random number, cause 1781 is already in drawn.
Draw a new random number, cause 191 is already in drawn.
Draw a new random number, cause 1828 is already in drawn.
Draw a new random number, cause 1436 is already in drawn.
Draw a new random number, cause 802 is already in drawn.
Draw a new random number, cause 1411 is already in drawn.
Draw a new random number, cause 1286 is already in drawn.
Draw a new random number, cause 2322 is already in drawn.
Draw a new random number, cause 2311 is already in drawn.
Draw a new random number, cause 2253 is already in drawn.
Draw a new random number, cause 1096 is already in drawn.
Draw a new random number, cause 1911 is already in drawn.
Draw a new random number, cause 2139 is already in drawn.
Draw a new random number, cause 1834 is already in drawn.
Draw a new random number, cause 1415 is already in drawn.
Draw a new random number, cause 805 is already in drawn.
Draw a new random number, cause 1183 is already in drawn.
Draw a new random number, cause 709 is already in drawn.
Draw a new random number, cause 677 is already in drawn.
Draw a new random number, cause 1278 is already in drawn.
Draw a new random number, cause 708 is already in drawn.
Draw a new random number, cause 2280 is already in drawn.
Draw a new random number, cause 1625 is already in drawn.
Draw a new random number, cause 1110 is already in drawn.
Draw a new random number, cause 2275 is already in drawn.
Draw a new random number, cause 1111 is already in drawn.
Draw a new random number, cause 524 is already in drawn.
Draw a new random number, cause 793 is already in drawn.
Draw a new random number, cause 1014 is already in drawn.
Draw a new random number, cause 308 is already in drawn.
Draw a new random number, cause 670 is already in drawn.
Draw a new random number, cause 67 is already in drawn.
Draw a new random number, cause 1889 is already in drawn.
Draw a new random number, cause 914 is already in drawn.
Draw a new random number, cause 1339 is already in drawn.
Draw a new random number, cause 1164 is already in drawn.
Draw a new random number, cause 1438 is already in drawn.
Draw a new random number, cause 1337 is already in drawn.
Draw a new random number, cause 208 is already in drawn.
Draw a new random number, cause 1010 is already in drawn.
Draw a new random number, cause 692 is already in drawn.
Draw a new random number, cause 311 is already in drawn.
Draw a new random number, cause 2270 is already in drawn.
Draw a new random number, cause 2014 is already in drawn.
Draw a new random number, cause 206 is already in drawn.
Draw a new random number, cause 1404 is already in drawn.
Draw a new random number, cause 2036 is already in drawn.
Draw a new random number, cause 2213 is already in drawn.
Draw a new random number, cause 347 is already in drawn.
Draw a new random number, cause 868 is already in drawn.
Draw a new random number, cause 196 is already in drawn.
Draw a new random number, cause 1928 is already in drawn.
Draw a new random number, cause 955 is already in drawn.
Draw a new random number, cause 1353 is already in drawn.
Draw a new random number, cause 429 is already in drawn.
Draw a new random number, cause 539 is already in drawn.
Draw a new random number, cause 126 is already in drawn.
Draw a new random number, cause 1600 is already in drawn.
Draw a new random number, cause 1487 is already in drawn.
Draw a new random number, cause 1991 is already in drawn.
Draw a new random number, cause 1994 is already in drawn.
Draw a new random number, cause 103 is already in drawn.
Draw a new random number, cause 624 is already in drawn.
Draw a new random number, cause 2212 is already in drawn.
Draw a new random number, cause 1850 is already in drawn.
Draw a new random number, cause 1187 is already in drawn.
Draw a new random number, cause 365 is already in drawn.
Draw a new random number, cause 1315 is already in drawn.
Draw a new random number, cause 1047 is already in drawn.
Draw a new random number, cause 1665 is already in drawn.
Draw a new random number, cause 1820 is already in drawn.
Draw a new random number, cause 2254 is already in drawn.
Draw a new random number, cause 58 is already in drawn.
Draw a new random number, cause 725 is already in drawn.
Draw a new random number, cause 1229 is already in drawn.
Draw a new random number, cause 1096 is already in drawn.
Draw a new random number, cause 851 is already in drawn.
Draw a new random number, cause 371 is already in drawn.
Draw a new random number, cause 607 is already in drawn.
Draw a new random number, cause 1158 is already in drawn.
Draw a new random number, cause 1960 is already in drawn.
Draw a new random number, cause 1143 is already in drawn.
Draw a new random number, cause 844 is already in drawn.
Draw a new random number, cause 285 is already in drawn.
Draw a new random number, cause 170 is already in drawn.
Draw a new random number, cause 459 is already in drawn.
Draw a new random number, cause 2000 is already in drawn.
Draw a new random number, cause 721 is already in drawn.
Draw a new random number, cause 1143 is already in drawn.
Draw a new random number, cause 2089 is already in drawn.
Draw a new random number, cause 1722 is already in drawn.
Draw a new random number, cause 1265 is already in drawn.
Draw a new random number, cause 87 is already in drawn.
Draw a new random number, cause 61 is already in drawn.
Draw a new random number, cause 743 is already in drawn.
Draw a new random number, cause 1449 is already in drawn.
Draw a new random number, cause 667 is already in drawn.
Draw a new random number, cause 846 is already in drawn.
Draw a new random number, cause 1267 is already in drawn.
Draw a new random number, cause 1702 is already in drawn.
Draw a new random number, cause 150 is already in drawn.
Draw a new random number, cause 285 is already in drawn.
Draw a new random number, cause 792 is already in drawn.
Draw a new random number, cause 919 is already in drawn.
Draw a new random number, cause 1203 is already in drawn.
Draw a new random number, cause 890 is already in drawn.
Draw a new random number, cause 371 is already in drawn.
Draw a new random number, cause 870 is already in drawn.
Draw a new random number, cause 142 is already in drawn.
Draw a new random number, cause 1739 is already in drawn.
Draw a new random number, cause 1055 is already in drawn.
Draw a new random number, cause 782 is already in drawn.
Draw a new random number, cause 1005 is already in drawn.
Draw a new random number, cause 553 is already in drawn.
Draw a new random number, cause 1073 is already in drawn.
Draw a new random number, cause 1153 is already in drawn.
Draw a new random number, cause 1084 is already in drawn.
Draw a new random number, cause 1682 is already in drawn.
Draw a new random number, cause 206 is already in drawn.
Draw a new random number, cause 1612 is already in drawn.
Draw a new random number, cause 2043 is already in drawn.
Draw a new random number, cause 986 is already in drawn.
Draw a new random number, cause 150 is already in drawn.
Draw a new random number, cause 1632 is already in drawn.
Draw a new random number, cause 239 is already in drawn.
Draw a new random number, cause 1410 is already in drawn.
Draw a new random number, cause 1404 is already in drawn.
Draw a new random number, cause 1011 is already in drawn.
Draw a new random number, cause 1639 is already in drawn.
Draw a new random number, cause 483 is already in drawn.
Draw a new random number, cause 554 is already in drawn.
Draw a new random number, cause 812 is already in drawn.
Draw a new random number, cause 2169 is already in drawn.
Draw a new random number, cause 560 is already in drawn.
Draw a new random number, cause 108 is already in drawn.
Draw a new random number, cause 1941 is already in drawn.
Draw a new random number, cause 1300 is already in drawn.
Draw a new random number, cause 33 is already in drawn.
Draw a new random number, cause 169 is already in drawn.
Draw a new random number, cause 1818 is already in drawn.
Draw a new random number, cause 1242 is already in drawn.
Draw a new random number, cause 233 is already in drawn.
Draw a new random number, cause 123 is already in drawn.
Draw a new random number, cause 2236 is already in drawn.
Draw a new random number, cause 970 is already in drawn.
Draw a new random number, cause 1665 is already in drawn.
Draw a new random number, cause 1968 is already in drawn.
Draw a new random number, cause 174 is already in drawn.
20 drawn configurations were invalid
command: clean-sampling
command: clean-global
