Current machine learning settings: epsilon:0 lossFunction:RELATIVE parallelization:True bagging:False baggingNumbers:3 considerEpsilonTube:False baggingTestDataFraction:50 useBackward:False abortError:1 limitFeatureSize:False featureSizeTreshold:4 quadraticFunctionSupport:True crossValidation:False crossValidation-k:5 learn-logFunction:False learn-accumulatedLogFunction:False learn-asymFunction:False learn-ratioFunction:False learn-mirrowedFunction:False learn-numeric-disabled:True numberOfRounds:70 backwardErrorDelta:1 minImprovementPerRound:0.1 withHierarchy:False bruteForceCandidates:False ignoreBadFeatures:False stopOnLongRound:True candidateSizePenalty:True learnTimeLimit:00:00:00 scoreMeasure:RELERROR outputRoundsToStdout:False debug:False pythonInfluenceAnalysis:False blacklisted: 
command: mlsettings bagging:False stopOnLongRound:False parallelization:True lossFunction:RELATIVE useBackward:False abortError:1 limitFeatureSize:False featureSizeTreshold:7 quadraticFunctionSupport:True crossValidation:False learn_logFunction:True numberOfRounds:70 backwardErrorDelta:1 minImprovementPerRound:0.25 withHierarchy:False
Current machine learning settings: epsilon:0 lossFunction:RELATIVE parallelization:True bagging:False baggingNumbers:3 considerEpsilonTube:False baggingTestDataFraction:50 useBackward:False abortError:1 limitFeatureSize:False featureSizeTreshold:7 quadraticFunctionSupport:True crossValidation:False crossValidation-k:5 learn-logFunction:True learn-accumulatedLogFunction:False learn-asymFunction:False learn-ratioFunction:False learn-mirrowedFunction:False learn-numeric-disabled:True numberOfRounds:70 backwardErrorDelta:1 minImprovementPerRound:0.25 withHierarchy:False bruteForceCandidates:False ignoreBadFeatures:False stopOnLongRound:False candidateSizePenalty:True learnTimeLimit:00:00:00 scoreMeasure:RELERROR outputRoundsToStdout:False debug:False pythonInfluenceAnalysis:False blacklisted: 
command: solver z3
command: vm /scratch/kallistos/Distance-Based_Data/SupplementaryWebsite/MeasuredPerformanceValues/BerkeleyDBC/FeatureModel.xml
Warning: Variability model contains outdated notation. Children nodes will no longer have effect on the model. Instead use the parent node to describe the parent of an configuration option. You can also use the converter providedby the Variability Model GUI in export>convert legacy model.
command: all /scratch/kallistos/Distance-Based_Data/SupplementaryWebsite/MeasuredPerformanceValues/BerkeleyDBC/measurements.xml
Configs with too large deviation: 0
2560 configurations loaded.
command: nfp Performance
command: setsampleset /scratch/kallistos/Distance-Based_Data/Results/BerkeleyDBC/BerkeleyDBC_70/sampledConfigurations_divDistBased_t3.csv
command: learn-splconqueror
Learning: NumberOfConfigurationsLearning:363 NumberOfConfigurationsValidation:363
Learning progress:
1;0.761498970954584 * PAGESIZE + 14.5906435504495 * HAVE_CRYPTO;112.848002206668;112.848002206668;112.848002206668;112.848002206668;0.051887;2;14.5906435504495 * HAVE_CRYPTO;1;543.222454796493;
2;0.761498970954628 * PAGESIZE + 18.2718723581394 * HAVE_CRYPTO + -16.4371146761973 * HAVE_CRYPTO * PS1K;61.0524508128395;61.0524508128395;61.0524508128395;61.0524508128395;0.181843;4;-16.4371146761973 * HAVE_CRYPTO * PS1K;2;25.8977756969142;
3;0.761498970954629 * PAGESIZE + 11.4417544840804 * HAVE_CRYPTO + -9.60699680213827 * HAVE_CRYPTO * PS1K + 26.0945529034564 * HAVE_CRYPTO * PS32K;40.2995832513056;40.2995832513056;40.2995832513056;40.2995832513056;0.380775;6;26.0945529034564 * HAVE_CRYPTO * PS32K;2;10.3764337807669;
4;0.621075214729287 * PAGESIZE + 11.5821782403057 * HAVE_CRYPTO + -9.60699680213828 * HAVE_CRYPTO * PS1K + 25.3883040118524 * HAVE_CRYPTO * PS32K + 0.706248891603864 * PS32K;34.0068841940906;34.0068841940906;34.0068841940906;34.0068841940906;0.678673;7;0.706248891603864 * PS32K;1;6.292699057215;
5;0.621075214729307 * PAGESIZE + 7.7591065946172 * HAVE_CRYPTO + -5.78392515644974 * HAVE_CRYPTO * PS1K + 29.2113756575409 * HAVE_CRYPTO * PS32K + 0.706248891603929 * PS32K + 12.3687612066393 * HAVE_CRYPTO * PS16K;24.6515230055326;24.6515230055326;24.6515230055326;24.6515230055326;1.084701;9;12.3687612066393 * HAVE_CRYPTO * PS16K;2;4.67768059427896;
6;0.51326360685884 * PAGESIZE + 7.86691820248768 * HAVE_CRYPTO + -5.78392515644973 * HAVE_CRYPTO * PS1K + 29.1035640496705 * HAVE_CRYPTO * PS32K + 0.814060499474369 * PS32K + 11.9467557701178 * HAVE_CRYPTO * PS16K + 0.422005436521455 * PS16K;21.2917932234377;21.2917932234377;21.2917932234377;21.2917932234377;1.625823;10;0.422005436521455 * PS16K;1;3.35972978209491;
7;0.513263606858825 * PAGESIZE + 5.52674556402245 * HAVE_CRYPTO + -3.44375251798449 * HAVE_CRYPTO * PS1K + 31.4437366881357 * HAVE_CRYPTO * PS32K + 0.814060499474422 * PS32K + 14.2869284085831 * HAVE_CRYPTO * PS16K + 0.422005436521458 * PS16K + 4.80684109522601 * HAVE_CRYPTO * PS8K;15.3354349341785;15.3354349341785;15.3354349341785;15.3354349341785;2.322613;12;4.80684109522601 * HAVE_CRYPTO * PS8K;2;2.97817914462963;
8;0.513263606858886 * PAGESIZE + 5.52674556402237 * HAVE_CRYPTO + -3.44375251798449 * HAVE_CRYPTO * PS1K + 31.2491739234343 * HAVE_CRYPTO * PS32K + 0.429417983082783 * PS32K + 14.2869284085832 * HAVE_CRYPTO * PS16K + 0.422005436521352 * PS16K + 4.80684109522594 * HAVE_CRYPTO * PS8K + 1.18889505066473 * PS32K * HAVE_HASH;11.4987227525961;11.4987227525961;11.4987227525961;11.4987227525961;3.189126;14;1.18889505066473 * PS32K * HAVE_HASH;2;1.9183560907912;
9;0.513263606858853 * PAGESIZE + 5.5267455640224 * HAVE_CRYPTO + -3.44375251798447 * HAVE_CRYPTO * PS1K + 31.2491739234342 * HAVE_CRYPTO * PS32K + 0.429417983082885 * PS32K + 14.163783151772 * HAVE_CRYPTO * PS16K + -0.0313573560692642 * PS16K + 4.80684109522594 * HAVE_CRYPTO * PS8K + 1.1888950506647 * PS32K * HAVE_HASH + 0.933393984745659 * PS16K * HAVE_HASH;9.46227256589173;9.46227256589173;9.46227256589173;9.46227256589173;4.262883;16;0.933393984745659 * PS16K * HAVE_HASH;2;1.01822509335218;
10;0.513263606858864 * PAGESIZE + 5.52674556402237 * HAVE_CRYPTO + -2.77418820731851 * HAVE_CRYPTO * PS1K + 31.2491739234342 * HAVE_CRYPTO * PS32K + 0.429417983082873 * PS32K + 14.1637831517722 * HAVE_CRYPTO * PS16K + -0.0313573560693479 * PS16K + 4.806841095226 * HAVE_CRYPTO * PS8K + 1.1888950506647 * PS32K * HAVE_HASH + 0.933393984745651 * PS16K * HAVE_HASH + -1.19963605660988 * HAVE_CRYPTO * PS1K * HAVE_HASH;6.80337799505397;6.80337799505397;6.80337799505397;6.80337799505397;5.571249;19;-1.19963605660988 * HAVE_CRYPTO * PS1K * HAVE_HASH;3;0.886298190279252;
11;0.51326360685883 * PAGESIZE + 5.52674556402239 * HAVE_CRYPTO + -2.77418820731853 * HAVE_CRYPTO * PS1K + 31.2491739234341 * HAVE_CRYPTO * PS32K + 0.429417983082911 * PS32K + 13.8085026639839 * HAVE_CRYPTO * PS16K + 0.117631235583814 * PS16K + 4.80684109522601 * HAVE_CRYPTO * PS8K + 1.18889505066467 * PS32K * HAVE_HASH + 0.626652766636329 * PS16K * HAVE_HASH + -1.19963605660989 * HAVE_CRYPTO * PS1K * HAVE_HASH + 0.640737621375652 * PS16K * HAVE_HASH * HAVE_CRYPTO;5.09210334474726;5.09210334474726;5.09210334474726;5.09210334474726;7.171374;22;0.640737621375652 * PS16K * HAVE_HASH * HAVE_CRYPTO;3;0.57042488343557;
12;0.508075741416477 * PAGESIZE + 5.52224181270436 * HAVE_CRYPTO + -2.77324965074803 * HAVE_CRYPTO * PS1K + 31.2501173931777 * HAVE_CRYPTO * PS32K + 0.430284545153176 * PS32K + 13.8087421039274 * HAVE_CRYPTO * PS16K + 0.117779460310733 * PS16K + 4.80672584356713 * HAVE_CRYPTO * PS8K + 1.18438398945991 * PS32K * HAVE_HASH + 0.625466968820887 * PS16K * HAVE_HASH + -1.20222218802967 * HAVE_CRYPTO * PS1K * HAVE_HASH + 0.640428141176647 * PS16K * HAVE_HASH * HAVE_CRYPTO + 0.01511892214633 * DIAGNOSTIC;4.8936564845609;4.8936564845609;4.8936564845609;4.8936564845609;9.066288;23;0.01511892214633 * DIAGNOSTIC;1;0.198446860186357;
Elapsed=00:00:09.0745714
average model: 
command: analyze-learning
Round, Model, LearningError, LearningErrorRel, ValidationError, ValidationErrorRel, ElapsedSeconds, ModelComplexity, BestCandidate, BestCandidateSize, BestCandidateScore, TestError
Models:
Termination reason: minImprovementPerRound
1;0.761498970954584 * PAGESIZE + 14.5906435504495 * HAVE_CRYPTO;112.848002206668;112.848002206668;112.848002206668;112.848002206668;0.051887;2;14.5906435504495 * HAVE_CRYPTO;1;543.222454796493;100.916962374022
2;0.761498970954628 * PAGESIZE + 18.2718723581394 * HAVE_CRYPTO + -16.4371146761973 * HAVE_CRYPTO * PS1K;61.0524508128395;61.0524508128395;61.0524508128395;61.0524508128395;0.181843;4;-16.4371146761973 * HAVE_CRYPTO * PS1K;2;25.8977756969142;58.9299277449346
3;0.761498970954629 * PAGESIZE + 11.4417544840804 * HAVE_CRYPTO + -9.60699680213827 * HAVE_CRYPTO * PS1K + 26.0945529034564 * HAVE_CRYPTO * PS32K;40.2995832513056;40.2995832513056;40.2995832513056;40.2995832513056;0.380775;6;26.0945529034564 * HAVE_CRYPTO * PS32K;2;10.3764337807669;39.9858030319905
4;0.621075214729287 * PAGESIZE + 11.5821782403057 * HAVE_CRYPTO + -9.60699680213828 * HAVE_CRYPTO * PS1K + 25.3883040118524 * HAVE_CRYPTO * PS32K + 0.706248891603864 * PS32K;34.0068841940906;34.0068841940906;34.0068841940906;34.0068841940906;0.678673;7;0.706248891603864 * PS32K;1;6.292699057215;33.0577313496837
5;0.621075214729307 * PAGESIZE + 7.7591065946172 * HAVE_CRYPTO + -5.78392515644974 * HAVE_CRYPTO * PS1K + 29.2113756575409 * HAVE_CRYPTO * PS32K + 0.706248891603929 * PS32K + 12.3687612066393 * HAVE_CRYPTO * PS16K;24.6515230055326;24.6515230055326;24.6515230055326;24.6515230055326;1.084701;9;12.3687612066393 * HAVE_CRYPTO * PS16K;2;4.67768059427896;24.0847664943422
6;0.51326360685884 * PAGESIZE + 7.86691820248768 * HAVE_CRYPTO + -5.78392515644973 * HAVE_CRYPTO * PS1K + 29.1035640496705 * HAVE_CRYPTO * PS32K + 0.814060499474369 * PS32K + 11.9467557701178 * HAVE_CRYPTO * PS16K + 0.422005436521455 * PS16K;21.2917932234377;21.2917932234377;21.2917932234377;21.2917932234377;1.625823;10;0.422005436521455 * PS16K;1;3.35972978209491;20.9760497958434
7;0.513263606858825 * PAGESIZE + 5.52674556402245 * HAVE_CRYPTO + -3.44375251798449 * HAVE_CRYPTO * PS1K + 31.4437366881357 * HAVE_CRYPTO * PS32K + 0.814060499474422 * PS32K + 14.2869284085831 * HAVE_CRYPTO * PS16K + 0.422005436521458 * PS16K + 4.80684109522601 * HAVE_CRYPTO * PS8K;15.3354349341785;15.3354349341785;15.3354349341785;15.3354349341785;2.322613;12;4.80684109522601 * HAVE_CRYPTO * PS8K;2;2.97817914462963;15.7487115798904
8;0.513263606858886 * PAGESIZE + 5.52674556402237 * HAVE_CRYPTO + -3.44375251798449 * HAVE_CRYPTO * PS1K + 31.2491739234343 * HAVE_CRYPTO * PS32K + 0.429417983082783 * PS32K + 14.2869284085832 * HAVE_CRYPTO * PS16K + 0.422005436521352 * PS16K + 4.80684109522594 * HAVE_CRYPTO * PS8K + 1.18889505066473 * PS32K * HAVE_HASH;11.4987227525961;11.4987227525961;11.4987227525961;11.4987227525961;3.189126;14;1.18889505066473 * PS32K * HAVE_HASH;2;1.9183560907912;11.7668158264456
9;0.513263606858853 * PAGESIZE + 5.5267455640224 * HAVE_CRYPTO + -3.44375251798447 * HAVE_CRYPTO * PS1K + 31.2491739234342 * HAVE_CRYPTO * PS32K + 0.429417983082885 * PS32K + 14.163783151772 * HAVE_CRYPTO * PS16K + -0.0313573560692642 * PS16K + 4.80684109522594 * HAVE_CRYPTO * PS8K + 1.1888950506647 * PS32K * HAVE_HASH + 0.933393984745659 * PS16K * HAVE_HASH;9.46227256589173;9.46227256589173;9.46227256589173;9.46227256589173;4.262883;16;0.933393984745659 * PS16K * HAVE_HASH;2;1.01822509335218;9.66050770067388
10;0.513263606858864 * PAGESIZE + 5.52674556402237 * HAVE_CRYPTO + -2.77418820731851 * HAVE_CRYPTO * PS1K + 31.2491739234342 * HAVE_CRYPTO * PS32K + 0.429417983082873 * PS32K + 14.1637831517722 * HAVE_CRYPTO * PS16K + -0.0313573560693479 * PS16K + 4.806841095226 * HAVE_CRYPTO * PS8K + 1.1888950506647 * PS32K * HAVE_HASH + 0.933393984745651 * PS16K * HAVE_HASH + -1.19963605660988 * HAVE_CRYPTO * PS1K * HAVE_HASH;6.80337799505397;6.80337799505397;6.80337799505397;6.80337799505397;5.571249;19;-1.19963605660988 * HAVE_CRYPTO * PS1K * HAVE_HASH;3;0.886298190279252;7.42412296772586
11;0.51326360685883 * PAGESIZE + 5.52674556402239 * HAVE_CRYPTO + -2.77418820731853 * HAVE_CRYPTO * PS1K + 31.2491739234341 * HAVE_CRYPTO * PS32K + 0.429417983082911 * PS32K + 13.8085026639839 * HAVE_CRYPTO * PS16K + 0.117631235583814 * PS16K + 4.80684109522601 * HAVE_CRYPTO * PS8K + 1.18889505066467 * PS32K * HAVE_HASH + 0.626652766636329 * PS16K * HAVE_HASH + -1.19963605660989 * HAVE_CRYPTO * PS1K * HAVE_HASH + 0.640737621375652 * PS16K * HAVE_HASH * HAVE_CRYPTO;5.09210334474726;5.09210334474726;5.09210334474726;5.09210334474726;7.171374;22;0.640737621375652 * PS16K * HAVE_HASH * HAVE_CRYPTO;3;0.57042488343557;5.71104271683852
12;0.508075741416477 * PAGESIZE + 5.52224181270436 * HAVE_CRYPTO + -2.77324965074803 * HAVE_CRYPTO * PS1K + 31.2501173931777 * HAVE_CRYPTO * PS32K + 0.430284545153176 * PS32K + 13.8087421039274 * HAVE_CRYPTO * PS16K + 0.117779460310733 * PS16K + 4.80672584356713 * HAVE_CRYPTO * PS8K + 1.18438398945991 * PS32K * HAVE_HASH + 0.625466968820887 * PS16K * HAVE_HASH + -1.20222218802967 * HAVE_CRYPTO * PS1K * HAVE_HASH + 0.640428141176647 * PS16K * HAVE_HASH * HAVE_CRYPTO + 0.01511892214633 * DIAGNOSTIC;4.8936564845609;4.8936564845609;4.8936564845609;4.8936564845609;9.066288;23;0.01511892214633 * DIAGNOSTIC;1;0.198446860186357;5.61045024415189
Analyze finished
command: clean-sampling
command: clean-global
