Current machine learning settings: epsilon:0 lossFunction:RELATIVE parallelization:True bagging:False baggingNumbers:3 considerEpsilonTube:False baggingTestDataFraction:50 useBackward:False abortError:1 limitFeatureSize:False featureSizeTreshold:4 quadraticFunctionSupport:True crossValidation:False crossValidation-k:5 learn-logFunction:False learn-accumulatedLogFunction:False learn-asymFunction:False learn-ratioFunction:False learn-mirrowedFunction:False learn-numeric-disabled:True numberOfRounds:70 backwardErrorDelta:1 minImprovementPerRound:0.1 withHierarchy:False bruteForceCandidates:False ignoreBadFeatures:False stopOnLongRound:True candidateSizePenalty:True learnTimeLimit:00:00:00 scoreMeasure:RELERROR outputRoundsToStdout:False debug:False pythonInfluenceAnalysis:False blacklisted: 
command: solver z3
command: vm /scratch/kallistos/Distance-Based_Data/SupplementaryWebsite/MeasuredPerformanceValues/Polly/FeatureModel.xml
command: all /scratch/kallistos/Distance-Based_Data/SupplementaryWebsite/MeasuredPerformanceValues/Polly/measurements.xml
Configs with too large deviation: 0
60000 configurations loaded.
command: binary grammar-based numConfigs:2172 seed:99  confFaultsReport:./out_grammarBasedFailureReport_t3.log
command: printconfigs ./sampledConfigurations_grammarBased_t3FailureReport.csv
Number to sample: 2172; Number of Configurations in Grammar: 60000
Draw a new random number, cause 35553 is already in drawn.
Draw a new random number, cause 58861 is already in drawn.
Draw a new random number, cause 28970 is already in drawn.
Draw a new random number, cause 44823 is already in drawn.
Draw a new random number, cause 27056 is already in drawn.
Draw a new random number, cause 23349 is already in drawn.
Draw a new random number, cause 27681 is already in drawn.
Draw a new random number, cause 36994 is already in drawn.
Draw a new random number, cause 34080 is already in drawn.
Draw a new random number, cause 42717 is already in drawn.
Draw a new random number, cause 43660 is already in drawn.
Draw a new random number, cause 30534 is already in drawn.
Draw a new random number, cause 16331 is already in drawn.
Draw a new random number, cause 18667 is already in drawn.
Draw a new random number, cause 58883 is already in drawn.
Draw a new random number, cause 31132 is already in drawn.
Draw a new random number, cause 24310 is already in drawn.
Draw a new random number, cause 31850 is already in drawn.
Draw a new random number, cause 48364 is already in drawn.
Draw a new random number, cause 16863 is already in drawn.
Draw a new random number, cause 2452 is already in drawn.
Draw a new random number, cause 56888 is already in drawn.
Draw a new random number, cause 9295 is already in drawn.
Draw a new random number, cause 34437 is already in drawn.
Draw a new random number, cause 34039 is already in drawn.
Draw a new random number, cause 37698 is already in drawn.
Draw a new random number, cause 9537 is already in drawn.
Draw a new random number, cause 50269 is already in drawn.
Draw a new random number, cause 7007 is already in drawn.
Draw a new random number, cause 1210 is already in drawn.
Draw a new random number, cause 18618 is already in drawn.
Draw a new random number, cause 14704 is already in drawn.
Draw a new random number, cause 32934 is already in drawn.
Draw a new random number, cause 15939 is already in drawn.
Draw a new random number, cause 41477 is already in drawn.
Draw a new random number, cause 12851 is already in drawn.
Draw a new random number, cause 13334 is already in drawn.
Draw a new random number, cause 24168 is already in drawn.
Draw a new random number, cause 51624 is already in drawn.
Draw a new random number, cause 43983 is already in drawn.
0 drawn configurations were invalid
command: clean-sampling
command: clean-global
