Current machine learning settings: epsilon:0 lossFunction:RELATIVE parallelization:True bagging:False baggingNumbers:3 considerEpsilonTube:False baggingTestDataFraction:50 useBackward:False abortError:1 limitFeatureSize:False featureSizeTreshold:4 quadraticFunctionSupport:True crossValidation:False crossValidation-k:5 learn-logFunction:False learn-accumulatedLogFunction:False learn-asymFunction:False learn-ratioFunction:False learn-mirrowedFunction:False learn-numeric-disabled:True numberOfRounds:70 backwardErrorDelta:1 minImprovementPerRound:0.1 withHierarchy:False bruteForceCandidates:False ignoreBadFeatures:False stopOnLongRound:True candidateSizePenalty:True learnTimeLimit:00:00:00 scoreMeasure:RELERROR outputRoundsToStdout:False debug:False pythonInfluenceAnalysis:False blacklisted: 
command: mlsettings bagging:False stopOnLongRound:False parallelization:True lossFunction:RELATIVE useBackward:False abortError:1 limitFeatureSize:False featureSizeTreshold:7 quadraticFunctionSupport:True crossValidation:False learn_logFunction:True numberOfRounds:70 backwardErrorDelta:1 minImprovementPerRound:0.25 withHierarchy:False
Current machine learning settings: epsilon:0 lossFunction:RELATIVE parallelization:True bagging:False baggingNumbers:3 considerEpsilonTube:False baggingTestDataFraction:50 useBackward:False abortError:1 limitFeatureSize:False featureSizeTreshold:7 quadraticFunctionSupport:True crossValidation:False crossValidation-k:5 learn-logFunction:True learn-accumulatedLogFunction:False learn-asymFunction:False learn-ratioFunction:False learn-mirrowedFunction:False learn-numeric-disabled:True numberOfRounds:70 backwardErrorDelta:1 minImprovementPerRound:0.25 withHierarchy:False bruteForceCandidates:False ignoreBadFeatures:False stopOnLongRound:False candidateSizePenalty:True learnTimeLimit:00:00:00 scoreMeasure:RELERROR outputRoundsToStdout:False debug:False pythonInfluenceAnalysis:False blacklisted: 
command: solver z3
command: vm /scratch/kallistos/Distance-Based_Data/SupplementaryWebsite/MeasuredPerformanceValues/Polly/FeatureModel.xml
command: all /scratch/kallistos/Distance-Based_Data/SupplementaryWebsite/MeasuredPerformanceValues/Polly/measurements.xml
Configs with too large deviation: 0
60000 configurations loaded.
command: nfp Performance
command: setsampleset /scratch/kallistos/Distance-Based_Data/Results/Polly/Polly_36/sampledConfigurations_grammarBased_t2.csv
command: learn-splconqueror
Learning: NumberOfConfigurationsLearning:345 NumberOfConfigurationsValidation:345
Learning progress:
1;24.2907085828345 * polly_vectorizer + 5.23747493776489 * memory_based;27.1081459049406;27.1081459049406;27.1081459049406;27.1081459049406;0.095551;2;5.23747493776489 * memory_based;1;4.03356906092219;
2;21.7342013640057 * polly_vectorizer + 5.19793609512076 * memory_based + 5.0227847711105 * max;25.7873001659988;25.7873001659988;25.7873001659988;25.7873001659988;0.352826;3;5.0227847711105 * max;1;1.32084573894181;
3;18.8314837398375 * polly_vectorizer + -0.189537510656399 * memory_based + 10.7257711621234 * max + 11.0578987320594 * memory_based * min;18.0449410000197;18.0449410000197;18.0449410000197;18.0449410000197;0.822903;5;11.0578987320594 * memory_based * min;2;3.87117958298954;
4;18.297742018983 * polly_vectorizer + -0.0851975370564482 * memory_based + 10.7813879464813 * max + 10.9420327744542 * memory_based * min + 1.56310075393096 * parallel;16.9129489568909;16.9129489568909;16.9129489568909;16.9129489568909;1.559736;6;1.56310075393096 * parallel;1;1.13199204312881;
5;18.3738122408 * polly_vectorizer + -0.206925342551025 * memory_based + 10.7734613015188 * max + 10.9095230901367 * memory_based * min + 1.78718025551681 * parallel + -0.44685657976409 * parallel * value_based;16.8971127168265;16.8971127168265;16.8971127168265;16.8971127168265;2.605923;8;-0.44685657976409 * parallel * value_based;2;0.00791812003219405;
Elapsed=00:00:02.6142463
average model: 
command: analyze-learning
Round, Model, LearningError, LearningErrorRel, ValidationError, ValidationErrorRel, ElapsedSeconds, ModelComplexity, BestCandidate, BestCandidateSize, BestCandidateScore, TestError
Models:
Termination reason: minImprovementPerRound
1;24.2907085828345 * polly_vectorizer + 5.23747493776489 * memory_based;27.1081459049406;27.1081459049406;27.1081459049406;27.1081459049406;0.095551;2;5.23747493776489 * memory_based;1;4.03356906092219;28.3520520713567
2;21.7342013640057 * polly_vectorizer + 5.19793609512076 * memory_based + 5.0227847711105 * max;25.7873001659988;25.7873001659988;25.7873001659988;25.7873001659988;0.352826;3;5.0227847711105 * max;1;1.32084573894181;26.7124316575304
3;18.8314837398375 * polly_vectorizer + -0.189537510656399 * memory_based + 10.7257711621234 * max + 11.0578987320594 * memory_based * min;18.0449410000197;18.0449410000197;18.0449410000197;18.0449410000197;0.822903;5;11.0578987320594 * memory_based * min;2;3.87117958298954;19.5237492073851
4;18.297742018983 * polly_vectorizer + -0.0851975370564482 * memory_based + 10.7813879464813 * max + 10.9420327744542 * memory_based * min + 1.56310075393096 * parallel;16.9129489568909;16.9129489568909;16.9129489568909;16.9129489568909;1.559736;6;1.56310075393096 * parallel;1;1.13199204312881;18.1445847710501
5;18.3738122408 * polly_vectorizer + -0.206925342551025 * memory_based + 10.7734613015188 * max + 10.9095230901367 * memory_based * min + 1.78718025551681 * parallel + -0.44685657976409 * parallel * value_based;16.8971127168265;16.8971127168265;16.8971127168265;16.8971127168265;2.605923;8;-0.44685657976409 * parallel * value_based;2;0.00791812003219405;18.1382804180128
Analyze finished
command: clean-sampling
command: clean-global
command: script ./learn_grammarBased_t3.a
command: log ./out_grammarBased_t3Predictions.log
