Current machine learning settings: epsilon:0 lossFunction:RELATIVE parallelization:True bagging:False baggingNumbers:3 considerEpsilonTube:False baggingTestDataFraction:50 useBackward:False abortError:1 limitFeatureSize:False featureSizeTreshold:4 quadraticFunctionSupport:True crossValidation:False crossValidation-k:5 learn-logFunction:False learn-accumulatedLogFunction:False learn-asymFunction:False learn-ratioFunction:False learn-mirrowedFunction:False learn-numeric-disabled:True numberOfRounds:70 backwardErrorDelta:1 minImprovementPerRound:0.1 withHierarchy:False bruteForceCandidates:False ignoreBadFeatures:False stopOnLongRound:True candidateSizePenalty:True learnTimeLimit:00:00:00 scoreMeasure:RELERROR outputRoundsToStdout:False debug:False pythonInfluenceAnalysis:False blacklisted: 
command: mlsettings bagging:False stopOnLongRound:False parallelization:True lossFunction:RELATIVE useBackward:False abortError:1 limitFeatureSize:False featureSizeTreshold:7 quadraticFunctionSupport:True crossValidation:False learn_logFunction:True numberOfRounds:70 backwardErrorDelta:1 minImprovementPerRound:0.25 withHierarchy:False
Current machine learning settings: epsilon:0 lossFunction:RELATIVE parallelization:True bagging:False baggingNumbers:3 considerEpsilonTube:False baggingTestDataFraction:50 useBackward:False abortError:1 limitFeatureSize:False featureSizeTreshold:7 quadraticFunctionSupport:True crossValidation:False crossValidation-k:5 learn-logFunction:True learn-accumulatedLogFunction:False learn-asymFunction:False learn-ratioFunction:False learn-mirrowedFunction:False learn-numeric-disabled:True numberOfRounds:70 backwardErrorDelta:1 minImprovementPerRound:0.25 withHierarchy:False bruteForceCandidates:False ignoreBadFeatures:False stopOnLongRound:False candidateSizePenalty:True learnTimeLimit:00:00:00 scoreMeasure:RELERROR outputRoundsToStdout:False debug:False pythonInfluenceAnalysis:False blacklisted: 
command: solver z3
command: vm /scratch/kallistos/Distance-Based_Data/SupplementaryWebsite/MeasuredPerformanceValues/Dune/FeatureModel.xml
Warning: Variability model contains outdated notation. Children nodes will no longer have effect on the model. Instead use the parent node to describe the parent of an configuration option. You can also use the converter providedby the Variability Model GUI in export>convert legacy model.
command: all /scratch/kallistos/Distance-Based_Data/SupplementaryWebsite/MeasuredPerformanceValues/Dune/measurements.xml
Configs with too large deviation: 0
2304 configurations loaded.
command: nfp Performance
command: setsampleset /scratch/kallistos/Distance-Based_Data/Results/Dune/Dune_79/sampledConfigurations_divDistBased_t2.csv
command: learn-splconqueror
Learning: NumberOfConfigurationsLearning:265 NumberOfConfigurationsValidation:265
Learning progress:
1;10446.8270473058 * Precon + 4298.60364767493 * post_0;17.1389895983816;17.1389895983816;17.1389895983816;17.1389895983816;0.046861;2;4298.60364767493 * post_0;1;2.714851940223;
2;10030.0820207039 * Precon + 4492.03994086851 * post_0 + 2065.60578402662 * cells_55;15.9082242770221;15.9082242770221;15.9082242770221;15.9082242770221;0.153334;3;2065.60578402662 * cells_55;1;1.23076532135947;
3;10282.3005135353 * Precon + 4648.63597458189 * post_0 + 1800.85960849814 * cells_55 + -1563.01697556033 * cells_50;15.0879172909103;15.0879172909103;15.0879172909103;15.0879172909103;0.329616;4;-1563.01697556033 * cells_50;1;0.820306986111834;
4;9772.66665827263 * Precon + 5292.07867452943 * post_0 + 1157.25389391387 * cells_55 + -1827.0730194494 * cells_50 + 3934.87197803992 * post_1;14.3891935275564;14.3891935275564;14.3891935275564;14.3891935275564;0.604909;5;3934.87197803992 * post_1;1;0.69872376335389;
5;10033.9254236605 * Precon + 5294.57687910701 * post_0 + 901.421497106983 * cells_55 + -2085.75078162791 * cells_50 + 3914.77831751425 * post_1 + -1067.92974031459 * cells_51;13.7187204231636;13.7187204231636;13.7187204231636;13.7187204231636;1.003432;6;-1067.92974031459 * cells_51;1;0.670473104392787;
6;10063.905750396 * Precon + 3514.81831387384 * post_0 + 1008.79119727136 * cells_55 + -2792.39318710785 * cells_50 + 3932.74495436694 * post_1 + -851.242977655035 * cells_51 + 13874.3954194235 * post_0 * pre_1;12.6586533428001;12.6586533428001;12.6586533428001;12.6586533428001;1.546031;8;13874.3954194235 * post_0 * pre_1;2;0.530033540181768;
7;10563.2411393531 * Precon + 3605.19912120424 * post_0 + 964.155595317495 * cells_55 + -2730.82062661043 * cells_50 + 3851.09174617789 * post_1 + -868.257080444506 * cells_51 + 13646.8878261981 * post_0 * pre_1 + -997.880348401646 * SeqGS;11.939621841739;11.939621841739;11.939621841739;11.939621841739;2.255245;9;-997.880348401646 * SeqGS;1;0.719031501061092;
8;10604.7458923855 * Precon + 3618.52087001968 * post_0 + 1013.05783684853 * cells_55 + -2880.36225876115 * cells_50 + 1798.42933213475 * post_1 + -1097.82149154475 * cells_51 + 13674.9530566039 * post_0 * pre_1 + -980.797230809471 * SeqGS + 7929.26949538163 * post_1 * pre_0;10.8113502942234;10.8113502942234;10.8113502942234;10.8113502942234;3.217569;11;7929.26949538163 * post_1 * pre_0;2;0.564135773757821;
9;10862.803909169 * Precon + 3643.34758362582 * post_0 + 790.88596976865 * cells_55 + -3115.00899660897 * cells_50 + 1790.89468003571 * post_1 + -1217.00583406099 * cells_51 + 13546.1556678354 * post_0 * pre_1 + -1014.04547809076 * SeqGS + 7937.64162027887 * post_1 * pre_0 + -1081.78414472427 * GradientSolver;10.2897171309201;10.2897171309201;10.2897171309201;10.2897171309201;4.412211;12;-1081.78414472427 * GradientSolver;1;0.521633163303296;
10;10882.5041428735 * Precon + 4822.5835521493 * post_0 + 747.099302383779 * cells_55 + -2985.2788348338 * cells_50 + 1783.85799149601 * post_1 + -1303.76843278149 * cells_51 + 13019.7361794794 * post_0 * pre_1 + -988.050155730655 * SeqGS + 7937.22005999209 * post_1 * pre_0 + -1262.76040689946 * GradientSolver + -3803.76469940486 * post_0 * LoopSolver;9.73679410983642;9.73679410983642;9.73679410983642;9.73679410983642;5.896313;14;-3803.76469940486 * post_0 * LoopSolver;2;0.276461510541828;
11;11305.7191726994 * Precon + 5081.12271330264 * post_0 + 318.678065712976 * cells_55 + -3432.16542875179 * cells_50 + 1775.87474797942 * post_1 + -1731.58469352967 * cells_51 + 12914.1169295837 * post_0 * pre_1 + -1008.86093594388 * SeqGS + 7981.65219236469 * post_1 * pre_0 + -1421.69711137453 * GradientSolver + -3982.36812049569 * post_0 * LoopSolver + -1319.78994214691 * cells_52;9.43857492265253;9.43857492265253;9.43857492265253;9.43857492265253;7.656459;15;-1319.78994214691 * cells_52;1;0.298219187183886;
12;11271.6263813925 * Precon + 5149.62490682818 * post_0 + 340.19608767314 * cells_55 + -3413.87968027437 * cells_50 + 1820.85021780485 * post_1 + -1713.23367328121 * cells_51 + 12866.3414134124 * post_0 * pre_1 + -1005.26752217128 * SeqGS + 7979.05811861314 * post_1 * pre_0 + -1714.73389584457 * GradientSolver + -4035.53110208809 * post_0 * LoopSolver + -1261.84046376881 * cells_52 + 1534.05447728002 * GradientSolver * post_2;9.02113685603715;9.02113685603715;9.02113685603715;9.02113685603715;9.744725;17;1534.05447728002 * GradientSolver * post_2;2;0.20871903330769;
Elapsed=00:00:09.7490682
average model: 
command: analyze-learning
Round, Model, LearningError, LearningErrorRel, ValidationError, ValidationErrorRel, ElapsedSeconds, ModelComplexity, BestCandidate, BestCandidateSize, BestCandidateScore, TestError
Models:
Termination reason: minImprovementPerRound
1;10446.8270473058 * Precon + 4298.60364767493 * post_0;17.1389895983816;17.1389895983816;17.1389895983816;17.1389895983816;0.046861;2;4298.60364767493 * post_0;1;2.714851940223;17.1381980579167
2;10030.0820207039 * Precon + 4492.03994086851 * post_0 + 2065.60578402662 * cells_55;15.9082242770221;15.9082242770221;15.9082242770221;15.9082242770221;0.153334;3;2065.60578402662 * cells_55;1;1.23076532135947;16.2139331689701
3;10282.3005135353 * Precon + 4648.63597458189 * post_0 + 1800.85960849814 * cells_55 + -1563.01697556033 * cells_50;15.0879172909103;15.0879172909103;15.0879172909103;15.0879172909103;0.329616;4;-1563.01697556033 * cells_50;1;0.820306986111834;15.2614846714833
4;9772.66665827263 * Precon + 5292.07867452943 * post_0 + 1157.25389391387 * cells_55 + -1827.0730194494 * cells_50 + 3934.87197803992 * post_1;14.3891935275564;14.3891935275564;14.3891935275564;14.3891935275564;0.604909;5;3934.87197803992 * post_1;1;0.69872376335389;15.459170170849
5;10033.9254236605 * Precon + 5294.57687910701 * post_0 + 901.421497106983 * cells_55 + -2085.75078162791 * cells_50 + 3914.77831751425 * post_1 + -1067.92974031459 * cells_51;13.7187204231636;13.7187204231636;13.7187204231636;13.7187204231636;1.003432;6;-1067.92974031459 * cells_51;1;0.670473104392787;14.75026486318
6;10063.905750396 * Precon + 3514.81831387384 * post_0 + 1008.79119727136 * cells_55 + -2792.39318710785 * cells_50 + 3932.74495436694 * post_1 + -851.242977655035 * cells_51 + 13874.3954194235 * post_0 * pre_1;12.6586533428001;12.6586533428001;12.6586533428001;12.6586533428001;1.546031;8;13874.3954194235 * post_0 * pre_1;2;0.530033540181768;14.5075732901005
7;10563.2411393531 * Precon + 3605.19912120424 * post_0 + 964.155595317495 * cells_55 + -2730.82062661043 * cells_50 + 3851.09174617789 * post_1 + -868.257080444506 * cells_51 + 13646.8878261981 * post_0 * pre_1 + -997.880348401646 * SeqGS;11.939621841739;11.939621841739;11.939621841739;11.939621841739;2.255245;9;-997.880348401646 * SeqGS;1;0.719031501061092;13.590960514183
8;10604.7458923855 * Precon + 3618.52087001968 * post_0 + 1013.05783684853 * cells_55 + -2880.36225876115 * cells_50 + 1798.42933213475 * post_1 + -1097.82149154475 * cells_51 + 13674.9530566039 * post_0 * pre_1 + -980.797230809471 * SeqGS + 7929.26949538163 * post_1 * pre_0;10.8113502942234;10.8113502942234;10.8113502942234;10.8113502942234;3.217569;11;7929.26949538163 * post_1 * pre_0;2;0.564135773757821;11.9369169511783
9;10862.803909169 * Precon + 3643.34758362582 * post_0 + 790.88596976865 * cells_55 + -3115.00899660897 * cells_50 + 1790.89468003571 * post_1 + -1217.00583406099 * cells_51 + 13546.1556678354 * post_0 * pre_1 + -1014.04547809076 * SeqGS + 7937.64162027887 * post_1 * pre_0 + -1081.78414472427 * GradientSolver;10.2897171309201;10.2897171309201;10.2897171309201;10.2897171309201;4.412211;12;-1081.78414472427 * GradientSolver;1;0.521633163303296;11.7007419586899
10;10882.5041428735 * Precon + 4822.5835521493 * post_0 + 747.099302383779 * cells_55 + -2985.2788348338 * cells_50 + 1783.85799149601 * post_1 + -1303.76843278149 * cells_51 + 13019.7361794794 * post_0 * pre_1 + -988.050155730655 * SeqGS + 7937.22005999209 * post_1 * pre_0 + -1262.76040689946 * GradientSolver + -3803.76469940486 * post_0 * LoopSolver;9.73679410983642;9.73679410983642;9.73679410983642;9.73679410983642;5.896313;14;-3803.76469940486 * post_0 * LoopSolver;2;0.276461510541828;11.2782655184602
11;11305.7191726994 * Precon + 5081.12271330264 * post_0 + 318.678065712976 * cells_55 + -3432.16542875179 * cells_50 + 1775.87474797942 * post_1 + -1731.58469352967 * cells_51 + 12914.1169295837 * post_0 * pre_1 + -1008.86093594388 * SeqGS + 7981.65219236469 * post_1 * pre_0 + -1421.69711137453 * GradientSolver + -3982.36812049569 * post_0 * LoopSolver + -1319.78994214691 * cells_52;9.43857492265253;9.43857492265253;9.43857492265253;9.43857492265253;7.656459;15;-1319.78994214691 * cells_52;1;0.298219187183886;11.039058615432
12;11271.6263813925 * Precon + 5149.62490682818 * post_0 + 340.19608767314 * cells_55 + -3413.87968027437 * cells_50 + 1820.85021780485 * post_1 + -1713.23367328121 * cells_51 + 12866.3414134124 * post_0 * pre_1 + -1005.26752217128 * SeqGS + 7979.05811861314 * post_1 * pre_0 + -1714.73389584457 * GradientSolver + -4035.53110208809 * post_0 * LoopSolver + -1261.84046376881 * cells_52 + 1534.05447728002 * GradientSolver * post_2;9.02113685603715;9.02113685603715;9.02113685603715;9.02113685603715;9.744725;17;1534.05447728002 * GradientSolver * post_2;2;0.20871903330769;10.5336370140462
Analyze finished
command: clean-sampling
command: clean-global
command: script ./learn_divDistBased_t3.a
command: log ./out_divDistBased_t3Predictions.log
