Current machine learning settings: epsilon:0 lossFunction:RELATIVE parallelization:True bagging:False baggingNumbers:3 considerEpsilonTube:False baggingTestDataFraction:50 useBackward:False abortError:1 limitFeatureSize:False featureSizeTreshold:4 quadraticFunctionSupport:True crossValidation:False crossValidation-k:5 learn-logFunction:False learn-accumulatedLogFunction:False learn-asymFunction:False learn-ratioFunction:False learn-mirrowedFunction:False learn-numeric-disabled:True numberOfRounds:70 backwardErrorDelta:1 minImprovementPerRound:0.1 withHierarchy:False bruteForceCandidates:False ignoreBadFeatures:False stopOnLongRound:True candidateSizePenalty:True learnTimeLimit:00:00:00 scoreMeasure:RELERROR outputRoundsToStdout:False debug:False pythonInfluenceAnalysis:False blacklisted: 
command: solver z3
command: vm /scratch/kallistos/Distance-Based_Data/SupplementaryWebsite/MeasuredPerformanceValues/Dune/FeatureModel.xml
Warning: Variability model contains outdated notation. Children nodes will no longer have effect on the model. Instead use the parent node to describe the parent of an configuration option. You can also use the converter providedby the Variability Model GUI in export>convert legacy model.
command: all /scratch/kallistos/Distance-Based_Data/SupplementaryWebsite/MeasuredPerformanceValues/Dune/measurements.xml
Configs with too large deviation: 0
2304 configurations loaded.
command: binary grammar-based numConfigs:1071 seed:84  confFaultsReport:./out_grammarBasedFailureReport_t3.log
command: printconfigs ./sampledConfigurations_grammarBased_t3FailureReport.csv
Number to sample: 1071; Number of Configurations in Grammar: 2352
Draw a new random number, cause 177 is already in drawn.
Draw a new random number, cause 1276 is already in drawn.
Draw a new random number, cause 1092 is already in drawn.
Draw a new random number, cause 701 is already in drawn.
Draw a new random number, cause 2145 is already in drawn.
Draw a new random number, cause 111 is already in drawn.
Draw a new random number, cause 890 is already in drawn.
Draw a new random number, cause 1807 is already in drawn.
Draw a new random number, cause 119 is already in drawn.
Draw a new random number, cause 1483 is already in drawn.
Draw a new random number, cause 2153 is already in drawn.
Draw a new random number, cause 405 is already in drawn.
Draw a new random number, cause 1373 is already in drawn.
Draw a new random number, cause 1799 is already in drawn.
Draw a new random number, cause 2300 is already in drawn.
Draw a new random number, cause 899 is already in drawn.
Draw a new random number, cause 2173 is already in drawn.
Draw a new random number, cause 1780 is already in drawn.
Draw a new random number, cause 952 is already in drawn.
Draw a new random number, cause 2065 is already in drawn.
Draw a new random number, cause 1047 is already in drawn.
Draw a new random number, cause 2193 is already in drawn.
Draw a new random number, cause 416 is already in drawn.
Draw a new random number, cause 1849 is already in drawn.
Draw a new random number, cause 1662 is already in drawn.
Draw a new random number, cause 1466 is already in drawn.
Draw a new random number, cause 2209 is already in drawn.
Draw a new random number, cause 513 is already in drawn.
Draw a new random number, cause 123 is already in drawn.
Draw a new random number, cause 362 is already in drawn.
Draw a new random number, cause 1864 is already in drawn.
Draw a new random number, cause 1023 is already in drawn.
Draw a new random number, cause 2153 is already in drawn.
Draw a new random number, cause 820 is already in drawn.
Draw a new random number, cause 1780 is already in drawn.
Draw a new random number, cause 1807 is already in drawn.
Draw a new random number, cause 465 is already in drawn.
Draw a new random number, cause 542 is already in drawn.
Draw a new random number, cause 1146 is already in drawn.
Draw a new random number, cause 1382 is already in drawn.
Draw a new random number, cause 417 is already in drawn.
Draw a new random number, cause 560 is already in drawn.
Draw a new random number, cause 890 is already in drawn.
Draw a new random number, cause 1059 is already in drawn.
Draw a new random number, cause 1561 is already in drawn.
Draw a new random number, cause 1360 is already in drawn.
Draw a new random number, cause 1321 is already in drawn.
Draw a new random number, cause 2169 is already in drawn.
Draw a new random number, cause 675 is already in drawn.
Draw a new random number, cause 279 is already in drawn.
Draw a new random number, cause 1547 is already in drawn.
Draw a new random number, cause 1462 is already in drawn.
Draw a new random number, cause 172 is already in drawn.
Draw a new random number, cause 827 is already in drawn.
Draw a new random number, cause 1600 is already in drawn.
Draw a new random number, cause 336 is already in drawn.
Draw a new random number, cause 1248 is already in drawn.
Draw a new random number, cause 2251 is already in drawn.
Draw a new random number, cause 1631 is already in drawn.
Draw a new random number, cause 2012 is already in drawn.
Draw a new random number, cause 361 is already in drawn.
Draw a new random number, cause 431 is already in drawn.
Draw a new random number, cause 706 is already in drawn.
Draw a new random number, cause 2132 is already in drawn.
Draw a new random number, cause 1126 is already in drawn.
Draw a new random number, cause 1276 is already in drawn.
Draw a new random number, cause 820 is already in drawn.
Draw a new random number, cause 416 is already in drawn.
Draw a new random number, cause 2017 is already in drawn.
Draw a new random number, cause 2037 is already in drawn.
Draw a new random number, cause 215 is already in drawn.
Draw a new random number, cause 187 is already in drawn.
Draw a new random number, cause 2273 is already in drawn.
Draw a new random number, cause 1727 is already in drawn.
Draw a new random number, cause 1106 is already in drawn.
Draw a new random number, cause 306 is already in drawn.
Draw a new random number, cause 307 is already in drawn.
Draw a new random number, cause 2251 is already in drawn.
Draw a new random number, cause 1808 is already in drawn.
Draw a new random number, cause 583 is already in drawn.
Draw a new random number, cause 900 is already in drawn.
Draw a new random number, cause 263 is already in drawn.
Draw a new random number, cause 1837 is already in drawn.
Draw a new random number, cause 1112 is already in drawn.
Draw a new random number, cause 247 is already in drawn.
Draw a new random number, cause 2214 is already in drawn.
Draw a new random number, cause 307 is already in drawn.
Draw a new random number, cause 1971 is already in drawn.
Draw a new random number, cause 1075 is already in drawn.
Draw a new random number, cause 355 is already in drawn.
Draw a new random number, cause 1760 is already in drawn.
Draw a new random number, cause 1210 is already in drawn.
Draw a new random number, cause 1994 is already in drawn.
Draw a new random number, cause 1362 is already in drawn.
Draw a new random number, cause 670 is already in drawn.
Draw a new random number, cause 1231 is already in drawn.
Draw a new random number, cause 2004 is already in drawn.
Draw a new random number, cause 1133 is already in drawn.
Draw a new random number, cause 292 is already in drawn.
Draw a new random number, cause 1139 is already in drawn.
Draw a new random number, cause 2304 is already in drawn.
Draw a new random number, cause 1855 is already in drawn.
Draw a new random number, cause 749 is already in drawn.
Draw a new random number, cause 165 is already in drawn.
Draw a new random number, cause 769 is already in drawn.
Draw a new random number, cause 179 is already in drawn.
Draw a new random number, cause 1215 is already in drawn.
Draw a new random number, cause 1418 is already in drawn.
Draw a new random number, cause 1382 is already in drawn.
Draw a new random number, cause 2169 is already in drawn.
Draw a new random number, cause 433 is already in drawn.
Draw a new random number, cause 2218 is already in drawn.
Draw a new random number, cause 90 is already in drawn.
Draw a new random number, cause 1520 is already in drawn.
Draw a new random number, cause 1086 is already in drawn.
Draw a new random number, cause 807 is already in drawn.
Draw a new random number, cause 896 is already in drawn.
Draw a new random number, cause 2297 is already in drawn.
Draw a new random number, cause 1099 is already in drawn.
Draw a new random number, cause 433 is already in drawn.
Draw a new random number, cause 1372 is already in drawn.
Draw a new random number, cause 1924 is already in drawn.
Draw a new random number, cause 948 is already in drawn.
Draw a new random number, cause 315 is already in drawn.
Draw a new random number, cause 1362 is already in drawn.
Draw a new random number, cause 1020 is already in drawn.
Draw a new random number, cause 1944 is already in drawn.
Draw a new random number, cause 1111 is already in drawn.
Draw a new random number, cause 543 is already in drawn.
Draw a new random number, cause 1542 is already in drawn.
Draw a new random number, cause 2086 is already in drawn.
Draw a new random number, cause 1931 is already in drawn.
Draw a new random number, cause 1066 is already in drawn.
Draw a new random number, cause 2193 is already in drawn.
Draw a new random number, cause 1321 is already in drawn.
Draw a new random number, cause 784 is already in drawn.
Draw a new random number, cause 2209 is already in drawn.
Draw a new random number, cause 1369 is already in drawn.
Draw a new random number, cause 1944 is already in drawn.
Draw a new random number, cause 2028 is already in drawn.
Draw a new random number, cause 943 is already in drawn.
Draw a new random number, cause 1405 is already in drawn.
Draw a new random number, cause 940 is already in drawn.
Draw a new random number, cause 834 is already in drawn.
Draw a new random number, cause 555 is already in drawn.
Draw a new random number, cause 1377 is already in drawn.
Draw a new random number, cause 929 is already in drawn.
Draw a new random number, cause 2255 is already in drawn.
Draw a new random number, cause 1434 is already in drawn.
Draw a new random number, cause 2193 is already in drawn.
Draw a new random number, cause 1611 is already in drawn.
Draw a new random number, cause 464 is already in drawn.
Draw a new random number, cause 597 is already in drawn.
Draw a new random number, cause 821 is already in drawn.
Draw a new random number, cause 1722 is already in drawn.
Draw a new random number, cause 618 is already in drawn.
Draw a new random number, cause 1944 is already in drawn.
Draw a new random number, cause 928 is already in drawn.
Draw a new random number, cause 1099 is already in drawn.
Draw a new random number, cause 54 is already in drawn.
Draw a new random number, cause 784 is already in drawn.
Draw a new random number, cause 1023 is already in drawn.
Draw a new random number, cause 2207 is already in drawn.
Draw a new random number, cause 1844 is already in drawn.
Draw a new random number, cause 1935 is already in drawn.
Draw a new random number, cause 233 is already in drawn.
Draw a new random number, cause 318 is already in drawn.
Draw a new random number, cause 1593 is already in drawn.
Draw a new random number, cause 784 is already in drawn.
Draw a new random number, cause 1848 is already in drawn.
Draw a new random number, cause 1944 is already in drawn.
Draw a new random number, cause 124 is already in drawn.
Draw a new random number, cause 319 is already in drawn.
Draw a new random number, cause 1792 is already in drawn.
Draw a new random number, cause 1847 is already in drawn.
Draw a new random number, cause 543 is already in drawn.
Draw a new random number, cause 775 is already in drawn.
Draw a new random number, cause 1889 is already in drawn.
Draw a new random number, cause 1835 is already in drawn.
Draw a new random number, cause 962 is already in drawn.
Draw a new random number, cause 300 is already in drawn.
Draw a new random number, cause 507 is already in drawn.
Draw a new random number, cause 991 is already in drawn.
Draw a new random number, cause 1426 is already in drawn.
Draw a new random number, cause 1888 is already in drawn.
Draw a new random number, cause 143 is already in drawn.
Draw a new random number, cause 1633 is already in drawn.
Draw a new random number, cause 2302 is already in drawn.
Draw a new random number, cause 1832 is already in drawn.
Draw a new random number, cause 1713 is already in drawn.
Draw a new random number, cause 2007 is already in drawn.
Draw a new random number, cause 463 is already in drawn.
Draw a new random number, cause 2028 is already in drawn.
Draw a new random number, cause 480 is already in drawn.
Draw a new random number, cause 1050 is already in drawn.
Draw a new random number, cause 1381 is already in drawn.
Draw a new random number, cause 1095 is already in drawn.
Draw a new random number, cause 307 is already in drawn.
Draw a new random number, cause 820 is already in drawn.
Draw a new random number, cause 58 is already in drawn.
Draw a new random number, cause 1047 is already in drawn.
Draw a new random number, cause 1020 is already in drawn.
Draw a new random number, cause 2153 is already in drawn.
Draw a new random number, cause 1823 is already in drawn.
Draw a new random number, cause 643 is already in drawn.
Draw a new random number, cause 963 is already in drawn.
Draw a new random number, cause 1396 is already in drawn.
Draw a new random number, cause 634 is already in drawn.
Draw a new random number, cause 1462 is already in drawn.
Draw a new random number, cause 95 is already in drawn.
Draw a new random number, cause 819 is already in drawn.
Draw a new random number, cause 1829 is already in drawn.
Draw a new random number, cause 173 is already in drawn.
Draw a new random number, cause 1849 is already in drawn.
Draw a new random number, cause 893 is already in drawn.
Draw a new random number, cause 452 is already in drawn.
Draw a new random number, cause 738 is already in drawn.
Draw a new random number, cause 85 is already in drawn.
Draw a new random number, cause 676 is already in drawn.
Draw a new random number, cause 515 is already in drawn.
Draw a new random number, cause 1431 is already in drawn.
Draw a new random number, cause 1302 is already in drawn.
Draw a new random number, cause 580 is already in drawn.
Draw a new random number, cause 76 is already in drawn.
Draw a new random number, cause 2345 is already in drawn.
Draw a new random number, cause 385 is already in drawn.
Draw a new random number, cause 924 is already in drawn.
Draw a new random number, cause 1114 is already in drawn.
Draw a new random number, cause 2103 is already in drawn.
Draw a new random number, cause 321 is already in drawn.
Draw a new random number, cause 1713 is already in drawn.
Draw a new random number, cause 129 is already in drawn.
Draw a new random number, cause 733 is already in drawn.
Draw a new random number, cause 209 is already in drawn.
Draw a new random number, cause 1377 is already in drawn.
Draw a new random number, cause 44 is already in drawn.
Draw a new random number, cause 330 is already in drawn.
Draw a new random number, cause 1753 is already in drawn.
Draw a new random number, cause 2221 is already in drawn.
Draw a new random number, cause 623 is already in drawn.
Draw a new random number, cause 1600 is already in drawn.
Draw a new random number, cause 356 is already in drawn.
Draw a new random number, cause 333 is already in drawn.
Draw a new random number, cause 355 is already in drawn.
Draw a new random number, cause 180 is already in drawn.
Draw a new random number, cause 1173 is already in drawn.
Draw a new random number, cause 2199 is already in drawn.
Draw a new random number, cause 2094 is already in drawn.
Draw a new random number, cause 578 is already in drawn.
Draw a new random number, cause 2147 is already in drawn.
Draw a new random number, cause 1345 is already in drawn.
Draw a new random number, cause 2234 is already in drawn.
Draw a new random number, cause 2208 is already in drawn.
Draw a new random number, cause 2199 is already in drawn.
Draw a new random number, cause 134 is already in drawn.
Draw a new random number, cause 19 is already in drawn.
Draw a new random number, cause 948 is already in drawn.
Draw a new random number, cause 2043 is already in drawn.
Draw a new random number, cause 2046 is already in drawn.
Draw a new random number, cause 2121 is already in drawn.
Draw a new random number, cause 100 is already in drawn.
Draw a new random number, cause 905 is already in drawn.
Draw a new random number, cause 1728 is already in drawn.
Draw a new random number, cause 451 is already in drawn.
Draw a new random number, cause 63 is already in drawn.
Draw a new random number, cause 252 is already in drawn.
Draw a new random number, cause 2263 is already in drawn.
Draw a new random number, cause 1656 is already in drawn.
Draw a new random number, cause 855 is already in drawn.
Draw a new random number, cause 1369 is already in drawn.
Draw a new random number, cause 642 is already in drawn.
Draw a new random number, cause 525 is already in drawn.
Draw a new random number, cause 252 is already in drawn.
Draw a new random number, cause 33 is already in drawn.
Draw a new random number, cause 643 is already in drawn.
Draw a new random number, cause 623 is already in drawn.
Draw a new random number, cause 291 is already in drawn.
Draw a new random number, cause 1142 is already in drawn.
Draw a new random number, cause 2347 is already in drawn.
Draw a new random number, cause 2335 is already in drawn.
Draw a new random number, cause 2025 is already in drawn.
Draw a new random number, cause 1175 is already in drawn.
Draw a new random number, cause 1154 is already in drawn.
Draw a new random number, cause 2185 is already in drawn.
Draw a new random number, cause 363 is already in drawn.
Draw a new random number, cause 2156 is already in drawn.
Draw a new random number, cause 1369 is already in drawn.
Draw a new random number, cause 837 is already in drawn.
Draw a new random number, cause 1300 is already in drawn.
Draw a new random number, cause 462 is already in drawn.
Draw a new random number, cause 513 is already in drawn.
Draw a new random number, cause 1966 is already in drawn.
Draw a new random number, cause 1893 is already in drawn.
Draw a new random number, cause 792 is already in drawn.
Draw a new random number, cause 2292 is already in drawn.
Draw a new random number, cause 1820 is already in drawn.
Draw a new random number, cause 458 is already in drawn.
Draw a new random number, cause 2187 is already in drawn.
Draw a new random number, cause 1573 is already in drawn.
Draw a new random number, cause 935 is already in drawn.
Draw a new random number, cause 2101 is already in drawn.
Draw a new random number, cause 2221 is already in drawn.
Draw a new random number, cause 1818 is already in drawn.
Draw a new random number, cause 2273 is already in drawn.
Draw a new random number, cause 1276 is already in drawn.
Draw a new random number, cause 94 is already in drawn.
Draw a new random number, cause 967 is already in drawn.
Draw a new random number, cause 1713 is already in drawn.
Draw a new random number, cause 704 is already in drawn.
Draw a new random number, cause 1430 is already in drawn.
Draw a new random number, cause 48 is already in drawn.
Draw a new random number, cause 1001 is already in drawn.
Draw a new random number, cause 74 is already in drawn.
Draw a new random number, cause 1696 is already in drawn.
Draw a new random number, cause 674 is already in drawn.
Draw a new random number, cause 943 is already in drawn.
Draw a new random number, cause 1692 is already in drawn.
Draw a new random number, cause 619 is already in drawn.
Draw a new random number, cause 1137 is already in drawn.
Draw a new random number, cause 1208 is already in drawn.
Draw a new random number, cause 1568 is already in drawn.
Draw a new random number, cause 1922 is already in drawn.
Draw a new random number, cause 293 is already in drawn.
Draw a new random number, cause 834 is already in drawn.
Draw a new random number, cause 402 is already in drawn.
Draw a new random number, cause 675 is already in drawn.
Draw a new random number, cause 792 is already in drawn.
Draw a new random number, cause 1836 is already in drawn.
Draw a new random number, cause 1928 is already in drawn.
Draw a new random number, cause 1075 is already in drawn.
Draw a new random number, cause 544 is already in drawn.
Draw a new random number, cause 1622 is already in drawn.
Draw a new random number, cause 341 is already in drawn.
Draw a new random number, cause 1468 is already in drawn.
Draw a new random number, cause 496 is already in drawn.
Draw a new random number, cause 920 is already in drawn.
Draw a new random number, cause 321 is already in drawn.
Draw a new random number, cause 1199 is already in drawn.
Draw a new random number, cause 1251 is already in drawn.
Draw a new random number, cause 274 is already in drawn.
Draw a new random number, cause 765 is already in drawn.
Draw a new random number, cause 1375 is already in drawn.
Draw a new random number, cause 273 is already in drawn.
Draw a new random number, cause 323 is already in drawn.
Draw a new random number, cause 1023 is already in drawn.
Draw a new random number, cause 1334 is already in drawn.
Draw a new random number, cause 2304 is already in drawn.
Draw a new random number, cause 890 is already in drawn.
Draw a new random number, cause 469 is already in drawn.
Draw a new random number, cause 664 is already in drawn.
Draw a new random number, cause 1903 is already in drawn.
Draw a new random number, cause 1893 is already in drawn.
Draw a new random number, cause 1967 is already in drawn.
Draw a new random number, cause 249 is already in drawn.
Draw a new random number, cause 1653 is already in drawn.
Draw a new random number, cause 117 is already in drawn.
Draw a new random number, cause 247 is already in drawn.
32 drawn configurations were invalid
command: clean-sampling
command: clean-global
