Current machine learning settings: epsilon:0 lossFunction:RELATIVE parallelization:True bagging:False baggingNumbers:3 considerEpsilonTube:False baggingTestDataFraction:50 useBackward:False abortError:1 limitFeatureSize:False featureSizeTreshold:4 quadraticFunctionSupport:True crossValidation:False crossValidation-k:5 learn-logFunction:False learn-accumulatedLogFunction:False learn-asymFunction:False learn-ratioFunction:False learn-mirrowedFunction:False learn-numeric-disabled:True numberOfRounds:70 backwardErrorDelta:1 minImprovementPerRound:0.1 withHierarchy:False bruteForceCandidates:False ignoreBadFeatures:False stopOnLongRound:True candidateSizePenalty:True learnTimeLimit:00:00:00 scoreMeasure:RELERROR outputRoundsToStdout:False debug:False pythonInfluenceAnalysis:False blacklisted: 
command: solver z3
command: vm /scratch/kallistos/Distance-Based_Data/SupplementaryWebsite/MeasuredPerformanceValues/7z/FeatureModel.xml
command: all /scratch/kallistos/Distance-Based_Data/SupplementaryWebsite/MeasuredPerformanceValues/7z/measurements.xml
Configs with too large deviation: 0
68640 configurations loaded.
command: binary grammar-based numConfigs:4091 seed:7  confFaultsReport:./out_grammarBasedFailureReport_t3.log
command: printconfigs ./sampledConfigurations_grammarBased_t3FailureReport.csv
Number to sample: 4091; Number of Configurations in Grammar: 68640
Draw a new random number, cause 33997 is already in drawn.
Draw a new random number, cause 3041 is already in drawn.
Draw a new random number, cause 14401 is already in drawn.
Draw a new random number, cause 45840 is already in drawn.
Draw a new random number, cause 10414 is already in drawn.
Draw a new random number, cause 52105 is already in drawn.
Draw a new random number, cause 56116 is already in drawn.
Draw a new random number, cause 42959 is already in drawn.
Draw a new random number, cause 43126 is already in drawn.
Draw a new random number, cause 21195 is already in drawn.
Draw a new random number, cause 32542 is already in drawn.
Draw a new random number, cause 34862 is already in drawn.
Draw a new random number, cause 11184 is already in drawn.
Draw a new random number, cause 12423 is already in drawn.
Draw a new random number, cause 59771 is already in drawn.
Draw a new random number, cause 25823 is already in drawn.
Draw a new random number, cause 3230 is already in drawn.
Draw a new random number, cause 25151 is already in drawn.
Draw a new random number, cause 26574 is already in drawn.
Draw a new random number, cause 58103 is already in drawn.
Draw a new random number, cause 2509 is already in drawn.
Draw a new random number, cause 12677 is already in drawn.
Draw a new random number, cause 48858 is already in drawn.
Draw a new random number, cause 65480 is already in drawn.
Draw a new random number, cause 52347 is already in drawn.
Draw a new random number, cause 59848 is already in drawn.
Draw a new random number, cause 68503 is already in drawn.
Draw a new random number, cause 10640 is already in drawn.
Draw a new random number, cause 60423 is already in drawn.
Draw a new random number, cause 10414 is already in drawn.
Draw a new random number, cause 64774 is already in drawn.
Draw a new random number, cause 65618 is already in drawn.
Draw a new random number, cause 7757 is already in drawn.
Draw a new random number, cause 11491 is already in drawn.
Draw a new random number, cause 14307 is already in drawn.
Draw a new random number, cause 26781 is already in drawn.
Draw a new random number, cause 8885 is already in drawn.
Draw a new random number, cause 21136 is already in drawn.
Draw a new random number, cause 22044 is already in drawn.
Draw a new random number, cause 57108 is already in drawn.
Draw a new random number, cause 40649 is already in drawn.
Draw a new random number, cause 29449 is already in drawn.
Draw a new random number, cause 54224 is already in drawn.
Draw a new random number, cause 30367 is already in drawn.
Draw a new random number, cause 64181 is already in drawn.
Draw a new random number, cause 27295 is already in drawn.
Draw a new random number, cause 4398 is already in drawn.
Draw a new random number, cause 16168 is already in drawn.
Draw a new random number, cause 40471 is already in drawn.
Draw a new random number, cause 22711 is already in drawn.
Draw a new random number, cause 31274 is already in drawn.
Draw a new random number, cause 36819 is already in drawn.
Draw a new random number, cause 4001 is already in drawn.
Draw a new random number, cause 54599 is already in drawn.
Draw a new random number, cause 27227 is already in drawn.
Draw a new random number, cause 53695 is already in drawn.
Draw a new random number, cause 22833 is already in drawn.
Draw a new random number, cause 62031 is already in drawn.
Draw a new random number, cause 18457 is already in drawn.
Draw a new random number, cause 29637 is already in drawn.
Draw a new random number, cause 43715 is already in drawn.
Draw a new random number, cause 53176 is already in drawn.
Draw a new random number, cause 33245 is already in drawn.
Draw a new random number, cause 61256 is already in drawn.
Draw a new random number, cause 57146 is already in drawn.
Draw a new random number, cause 59740 is already in drawn.
Draw a new random number, cause 63102 is already in drawn.
Draw a new random number, cause 28862 is already in drawn.
Draw a new random number, cause 46904 is already in drawn.
Draw a new random number, cause 51198 is already in drawn.
Draw a new random number, cause 7247 is already in drawn.
Draw a new random number, cause 64959 is already in drawn.
Draw a new random number, cause 16393 is already in drawn.
Draw a new random number, cause 66118 is already in drawn.
Draw a new random number, cause 22428 is already in drawn.
Draw a new random number, cause 22422 is already in drawn.
Draw a new random number, cause 12766 is already in drawn.
Draw a new random number, cause 61616 is already in drawn.
Draw a new random number, cause 28259 is already in drawn.
Draw a new random number, cause 9538 is already in drawn.
Draw a new random number, cause 37999 is already in drawn.
Draw a new random number, cause 47631 is already in drawn.
Draw a new random number, cause 66254 is already in drawn.
Draw a new random number, cause 44990 is already in drawn.
Draw a new random number, cause 50262 is already in drawn.
Draw a new random number, cause 9655 is already in drawn.
Draw a new random number, cause 1848 is already in drawn.
Draw a new random number, cause 68001 is already in drawn.
Draw a new random number, cause 14282 is already in drawn.
Draw a new random number, cause 28920 is already in drawn.
Draw a new random number, cause 45943 is already in drawn.
Draw a new random number, cause 19222 is already in drawn.
Draw a new random number, cause 34621 is already in drawn.
Draw a new random number, cause 526 is already in drawn.
Draw a new random number, cause 4636 is already in drawn.
Draw a new random number, cause 39684 is already in drawn.
Draw a new random number, cause 12491 is already in drawn.
Draw a new random number, cause 62530 is already in drawn.
Draw a new random number, cause 52305 is already in drawn.
Draw a new random number, cause 64636 is already in drawn.
Draw a new random number, cause 45207 is already in drawn.
Draw a new random number, cause 49836 is already in drawn.
Draw a new random number, cause 18465 is already in drawn.
Draw a new random number, cause 50866 is already in drawn.
Draw a new random number, cause 38667 is already in drawn.
Draw a new random number, cause 36361 is already in drawn.
Draw a new random number, cause 55596 is already in drawn.
Draw a new random number, cause 12333 is already in drawn.
Draw a new random number, cause 27108 is already in drawn.
Draw a new random number, cause 64443 is already in drawn.
Draw a new random number, cause 568 is already in drawn.
Draw a new random number, cause 2509 is already in drawn.
Draw a new random number, cause 13226 is already in drawn.
Draw a new random number, cause 13808 is already in drawn.
Draw a new random number, cause 43126 is already in drawn.
Draw a new random number, cause 41352 is already in drawn.
Draw a new random number, cause 11953 is already in drawn.
Draw a new random number, cause 2509 is already in drawn.
Draw a new random number, cause 36361 is already in drawn.
Draw a new random number, cause 3340 is already in drawn.
Draw a new random number, cause 33991 is already in drawn.
Draw a new random number, cause 17228 is already in drawn.
Draw a new random number, cause 68526 is already in drawn.
Draw a new random number, cause 59098 is already in drawn.
Draw a new random number, cause 63159 is already in drawn.
Draw a new random number, cause 38593 is already in drawn.
Draw a new random number, cause 55485 is already in drawn.
0 drawn configurations were invalid
command: clean-sampling
command: clean-global
