23186 - CUDA, Array2D, bs_64x1, padding_512, pixelPerThread_3
2139 - OpenCL, LocalMemory, bs_128x8, padding_224, pixelPerThread_4
5566 - OpenCL, Linear1D, LocalMemory, bs_64x8, padding_448, pixelPerThread_3
3634 - OpenCL, Linear1D, bs_256x4, padding_224, pixelPerThread_3
10266 - OpenCL, Array2D, LocalMemory, bs_32x32, padding_512, pixelPerThread_3
5677 - OpenCL, Linear1D, LocalMemory, bs_256x2, padding_256, pixelPerThread_2
8369 - OpenCL, Linear2D, LocalMemory, bs_64x8, padding_32, pixelPerThread_2
25080 - CUDA, Array2D, LocalMemory, bs_256x4, padding_448, pixelPerThread_1
9510 - OpenCL, Array2D, bs_512x2, padding_448, pixelPerThread_3
10840 - OpenCL, Array2D, LocalMemory, bs_512x1, padding_224, pixelPerThread_1
13888 - OpenCL, Ldg, LocalMemory, bs_32x2, padding_128, pixelPerThread_1
4788 - OpenCL, Linear1D, LocalMemory, bs_128x1, padding_224, pixelPerThread_1
11967 - OpenCL, Ldg, bs_128x1, padding_512, pixelPerThread_4
4925 - OpenCL, Linear1D, LocalMemory, bs_128x4, padding_224, pixelPerThread_2
4974 - OpenCL, Linear1D, LocalMemory, bs_128x8, padding_64, pixelPerThread_3
4326 - OpenCL, Linear1D, LocalMemory, bs_32x1, padding_320, pixelPerThread_3
8355 - OpenCL, Linear2D, LocalMemory, bs_64x2, padding_448, pixelPerThread_4
8426 - OpenCL, Linear2D, LocalMemory, bs_64x8, padding_480, pixelPerThread_3
6812 - OpenCL, Linear2D, bs_32x4, padding_96, pixelPerThread_1
5578 - OpenCL, Linear1D, LocalMemory, bs_256x1, padding_0, pixelPerThread_3
3802 - OpenCL, Linear1D, bs_512x2, padding_480, pixelPerThread_3
7875 - OpenCL, Linear2D, LocalMemory, bs_128x8, padding_416, pixelPerThread_4
19550 - CUDA, Linear1D, LocalMemory, bs_1024x1, padding_256, pixelPerThread_3
11789 - OpenCL, Ldg, bs_64x4, padding_192, pixelPerThread_2
23237 - CUDA, Array2D, bs_64x4, padding_384, pixelPerThread_2
25660 - CUDA, Array2D, LocalMemory, bs_256x2, padding_192, pixelPerThread_1
3845 - OpenCL, Linear1D, bs_1024x1, padding_288, pixelPerThread_2
10878 - OpenCL, Array2D, LocalMemory, bs_512x1, padding_512, pixelPerThread_3
5231 - OpenCL, Linear1D, LocalMemory, bs_512x2, padding_480, pixelPerThread_4
13752 - OpenCL, Ldg, LocalMemory, bs_512x2, padding_128, pixelPerThread_1
6592 - OpenCL, Linear2D, bs_512x1, padding_512, pixelPerThread_1
10577 - OpenCL, Array2D, LocalMemory, bs_128x2, padding_288, pixelPerThread_2
7753 - OpenCL, Linear2D, LocalMemory, bs_128x4, padding_0, pixelPerThread_2
13664 - OpenCL, Ldg, LocalMemory, bs_256x4, padding_512, pixelPerThread_1
12443 - OpenCL, Ldg, bs_1024x1, padding_512, pixelPerThread_4
5291 - OpenCL, Linear1D, LocalMemory, bs_1024x1, padding_416, pixelPerThread_4
10977 - OpenCL, Array2D, LocalMemory, bs_1024x1, padding_224, pixelPerThread_2
7075 - OpenCL, Linear2D, bs_256x2, padding_0, pixelPerThread_4
13037 - OpenCL, Ldg, LocalMemory, bs_32x16, padding_384, pixelPerThread_2
22970 - CUDA, Array2D, bs_32x8, padding_416, pixelPerThread_3
21855 - CUDA, Linear2D, LocalMemory, bs_64x16, padding_192, pixelPerThread_4
24442 - CUDA, Array2D, LocalMemory, bs_32x16, padding_224, pixelPerThread_3
3824 - OpenCL, Linear1D, bs_1024x1, padding_128, pixelPerThread_1
2159 - OpenCL, LocalMemory, bs_128x8, padding_384, pixelPerThread_4
5861 - OpenCL, Linear2D, bs_32x16, padding_96, pixelPerThread_2
11332 - OpenCL, Array2D, LocalMemory, bs_256x1, padding_352, pixelPerThread_1
13668 - OpenCL, Ldg, LocalMemory, bs_512x1, padding_0, pixelPerThread_1
9597 - OpenCL, Array2D, bs_32x2, padding_64, pixelPerThread_2
7718 - OpenCL, Linear2D, LocalMemory, bs_128x2, padding_256, pixelPerThread_3
