Current machine learning settings: epsilon:0 lossFunction:RELATIVE parallelization:True bagging:False baggingNumbers:3 considerEpsilonTube:False baggingTestDataFraction:50 useBackward:False abortError:1 limitFeatureSize:False featureSizeTreshold:4 quadraticFunctionSupport:True crossValidation:False crossValidation-k:5 learn-logFunction:False learn-accumulatedLogFunction:False learn-asymFunction:False learn-ratioFunction:False learn-mirrowedFunction:False learn-numeric-disabled:True numberOfRounds:70 backwardErrorDelta:1 minImprovementPerRound:0.1 withHierarchy:False bruteForceCandidates:False ignoreBadFeatures:False stopOnLongRound:True candidateSizePenalty:True learnTimeLimit:00:00:00 scoreMeasure:RELERROR outputRoundsToStdout:False debug:False pythonInfluenceAnalysis:False blacklisted: 
command: mlsettings bagging:False stopOnLongRound:False parallelization:True lossFunction:RELATIVE useBackward:False abortError:1 limitFeatureSize:False featureSizeTreshold:7 quadraticFunctionSupport:True crossValidation:False learn_logFunction:True numberOfRounds:70 backwardErrorDelta:1 minImprovementPerRound:0.25 withHierarchy:False
Current machine learning settings: epsilon:0 lossFunction:RELATIVE parallelization:True bagging:False baggingNumbers:3 considerEpsilonTube:False baggingTestDataFraction:50 useBackward:False abortError:1 limitFeatureSize:False featureSizeTreshold:7 quadraticFunctionSupport:True crossValidation:False crossValidation-k:5 learn-logFunction:True learn-accumulatedLogFunction:False learn-asymFunction:False learn-ratioFunction:False learn-mirrowedFunction:False learn-numeric-disabled:True numberOfRounds:70 backwardErrorDelta:1 minImprovementPerRound:0.25 withHierarchy:False bruteForceCandidates:False ignoreBadFeatures:False stopOnLongRound:False candidateSizePenalty:True learnTimeLimit:00:00:00 scoreMeasure:RELERROR outputRoundsToStdout:False debug:False pythonInfluenceAnalysis:False blacklisted: 
command: solver z3
command: vm /scratch/kallistos/Distance-Based_Data/SupplementaryWebsite/MeasuredPerformanceValues/BerkeleyDBC/FeatureModel.xml
Warning: Variability model contains outdated notation. Children nodes will no longer have effect on the model. Instead use the parent node to describe the parent of an configuration option. You can also use the converter providedby the Variability Model GUI in export>convert legacy model.
command: all /scratch/kallistos/Distance-Based_Data/SupplementaryWebsite/MeasuredPerformanceValues/BerkeleyDBC/measurements.xml
Configs with too large deviation: 0
2560 configurations loaded.
command: nfp Performance
command: setsampleset /scratch/kallistos/Distance-Based_Data/Results/BerkeleyDBC/BerkeleyDBC_40/sampledConfigurations_divDistBased_t3.csv
command: learn-splconqueror
Learning: NumberOfConfigurationsLearning:363 NumberOfConfigurationsValidation:363
Learning progress:
1;0.741198630210382 * PAGESIZE + 15.5132574601922 * HAVE_CRYPTO;112.834577240524;112.834577240524;112.834577240524;112.834577240524;0.041629;2;15.5132574601922 * HAVE_CRYPTO;1;589.689666310871;
2;0.741198630210378 * PAGESIZE + 18.9347530948645 * HAVE_CRYPTO + -17.0219407824948 * HAVE_CRYPTO * PS1K;62.1207278135292;62.1207278135292;62.1207278135292;62.1207278135292;0.154381;4;-17.0219407824948 * HAVE_CRYPTO * PS1K;2;25.3569247134973;
3;0.741198630210403 * PAGESIZE + 11.5609471424656 * HAVE_CRYPTO + -9.64813483009597 * HAVE_CRYPTO * PS1K + 26.0541143651427 * HAVE_CRYPTO * PS32K;39.4089273454983;39.4089273454983;39.4089273454983;39.4089273454983;0.321174;6;26.0541143651427 * HAVE_CRYPTO * PS32K;2;11.3559002340155;
4;0.613178320417132 * PAGESIZE + 11.688967452259 * HAVE_CRYPTO + -9.64813483009595 * HAVE_CRYPTO * PS1K + 25.3301374407947 * HAVE_CRYPTO * PS32K + 0.723976924347957 * PS32K;33.9668732617035;33.9668732617035;33.9668732617035;33.9668732617035;0.566878;7;0.723976924347957 * PS32K;1;5.44205408379484;
5;0.613178320417173 * PAGESIZE + 7.69065454703672 * HAVE_CRYPTO + -5.64982192487376 * HAVE_CRYPTO * PS1K + 29.3284503460168 * HAVE_CRYPTO * PS32K + 0.723976924348022 * PS32K + 12.3191262485224 * HAVE_CRYPTO * PS16K;23.7181422499187;23.7181422499187;23.7181422499187;23.7181422499187;0.918497;9;12.3191262485224 * HAVE_CRYPTO * PS16K;2;5.12436550589236;
6;0.518652760179824 * PAGESIZE + 7.78518010727405 * HAVE_CRYPTO + -5.64982192487372 * HAVE_CRYPTO * PS1K + 29.2339247857796 * HAVE_CRYPTO * PS32K + 0.818502484585256 * PS32K + 11.879093468107 * HAVE_CRYPTO * PS16K + 0.440032780415375 * PS16K;20.4480362270658;20.4480362270658;20.4480362270658;20.4480362270658;1.383303;10;0.440032780415375 * PS16K;1;3.27010602285291;
7;0.518652760179776 * PAGESIZE + 10.3420614658324 * HAVE_CRYPTO + -8.20670328343204 * HAVE_CRYPTO * PS1K + 26.6770434272212 * HAVE_CRYPTO * PS32K + 0.818502484585422 * PS32K + 9.32221210954859 * HAVE_CRYPTO * PS16K + 0.44003278041548 * PS16K + -4.80194791729236 * HAVE_CRYPTO * PS4K;14.5033831771208;14.5033831771208;14.5033831771208;14.5033831771208;1.970297;12;-4.80194791729236 * HAVE_CRYPTO * PS4K;2;2.97232652497252;
8;0.518652760179822 * PAGESIZE + 10.3420614658323 * HAVE_CRYPTO + -8.20670328343208 * HAVE_CRYPTO * PS1K + 26.4280286355248 * HAVE_CRYPTO * PS32K + 0.433575039405661 * PS32K + 9.32221210954871 * HAVE_CRYPTO * PS16K + 0.440032780415404 * PS16K + -4.80194791729239 * HAVE_CRYPTO * PS4K + 1.24032176780096 * PS32K * HAVE_HASH;11.1656776368388;11.1656776368388;11.1656776368388;11.1656776368388;2.727789;14;1.24032176780096 * PS32K * HAVE_HASH;2;1.66885277014099;
9;0.518652760179777 * PAGESIZE + 10.3420614658324 * HAVE_CRYPTO + -7.61300621831983 * HAVE_CRYPTO * PS1K + 26.4280286355248 * HAVE_CRYPTO * PS32K + 0.433575039405753 * PS32K + 9.32221210954875 * HAVE_CRYPTO * PS16K + 0.440032780415373 * PS16K + -4.80194791729235 * HAVE_CRYPTO * PS4K + 1.24032176780097 * PS32K * HAVE_HASH + -1.18739413022439 * HAVE_CRYPTO * PS1K * HAVE_HASH;8.66344557437068;8.66344557437068;8.66344557437068;8.66344557437068;3.644887;17;-1.18739413022439 * HAVE_CRYPTO * PS1K * HAVE_HASH;3;0.834077354156046;
10;0.518652760179773 * PAGESIZE + 10.3420614658324 * HAVE_CRYPTO + -7.61300621831984 * HAVE_CRYPTO * PS1K + 26.4280286355248 * HAVE_CRYPTO * PS32K + 0.433575039405754 * PS32K + 9.32590156418915 * HAVE_CRYPTO * PS16K + -0.0718790509524019 * PS16K + -4.80194791729236 * HAVE_CRYPTO * PS4K + 1.24032176780094 * PS32K * HAVE_HASH + -1.18739413022436 * HAVE_CRYPTO * PS1K * HAVE_HASH + 0.989696207311258 * PS16K * HAVE_HASH;7.11726795726813;7.11726795726813;7.11726795726813;7.11726795726813;4.772603;19;0.989696207311258 * PS16K * HAVE_HASH;2;0.773088808551276;
11;0.518652760179786 * PAGESIZE + 10.3420614658323 * HAVE_CRYPTO + -7.61300621831985 * HAVE_CRYPTO * PS1K + 26.4280286355249 * HAVE_CRYPTO * PS32K + 0.433575039405728 * PS32K + 8.99696936377785 * HAVE_CRYPTO * PS16K + 0.113145311778922 * PS16K + -4.80194791729236 * HAVE_CRYPTO * PS4K + 1.24032176780104 * PS32K * HAVE_HASH + -1.18739413022434 * HAVE_CRYPTO * PS1K * HAVE_HASH + 0.631982439363876 * PS16K * HAVE_HASH + 0.637955346587353 * PS16K * HAVE_HASH * HAVE_CRYPTO;5.48331578672876;5.48331578672876;5.48331578672876;5.48331578672876;6.126878;22;0.637955346587353 * PS16K * HAVE_HASH * HAVE_CRYPTO;3;0.544650723513123;
12;0.518652760179731 * PAGESIZE + 10.3420614658324 * HAVE_CRYPTO + -7.61300621831982 * HAVE_CRYPTO * PS1K + 26.4280286355248 * HAVE_CRYPTO * PS32K + 0.433575039405756 * PS32K + 8.99696936377779 * HAVE_CRYPTO * PS16K + 0.113145311778964 * PS16K + -4.33481156214833 * HAVE_CRYPTO * PS4K + 1.24032176780099 * PS32K * HAVE_HASH + -1.18739413022436 * HAVE_CRYPTO * PS1K * HAVE_HASH + 0.631982439363993 * PS16K * HAVE_HASH + 0.637955346587269 * PS16K * HAVE_HASH * HAVE_CRYPTO + -0.684021091460801 * HAVE_CRYPTO * PS4K * HAVE_HASH;4.96284868023569;4.96284868023569;4.96284868023569;4.96284868023569;7.718147;25;-0.684021091460801 * HAVE_CRYPTO * PS4K * HAVE_HASH;3;0.173489035497688;
Elapsed=00:00:07.7243254
average model: 
command: analyze-learning
Round, Model, LearningError, LearningErrorRel, ValidationError, ValidationErrorRel, ElapsedSeconds, ModelComplexity, BestCandidate, BestCandidateSize, BestCandidateScore, TestError
Models:
Termination reason: minImprovementPerRound
1;0.741198630210382 * PAGESIZE + 15.5132574601922 * HAVE_CRYPTO;112.834577240524;112.834577240524;112.834577240524;112.834577240524;0.041629;2;15.5132574601922 * HAVE_CRYPTO;1;589.689666310871;105.161927697248
2;0.741198630210378 * PAGESIZE + 18.9347530948645 * HAVE_CRYPTO + -17.0219407824948 * HAVE_CRYPTO * PS1K;62.1207278135292;62.1207278135292;62.1207278135292;62.1207278135292;0.154381;4;-17.0219407824948 * HAVE_CRYPTO * PS1K;2;25.3569247134973;59.1776483625758
3;0.741198630210403 * PAGESIZE + 11.5609471424656 * HAVE_CRYPTO + -9.64813483009597 * HAVE_CRYPTO * PS1K + 26.0541143651427 * HAVE_CRYPTO * PS32K;39.4089273454983;39.4089273454983;39.4089273454983;39.4089273454983;0.321174;6;26.0541143651427 * HAVE_CRYPTO * PS32K;2;11.3559002340155;39.2814647552055
4;0.613178320417132 * PAGESIZE + 11.688967452259 * HAVE_CRYPTO + -9.64813483009595 * HAVE_CRYPTO * PS1K + 25.3301374407947 * HAVE_CRYPTO * PS32K + 0.723976924347957 * PS32K;33.9668732617035;33.9668732617035;33.9668732617035;33.9668732617035;0.566878;7;0.723976924347957 * PS32K;1;5.44205408379484;33.0683950198858
5;0.613178320417173 * PAGESIZE + 7.69065454703672 * HAVE_CRYPTO + -5.64982192487376 * HAVE_CRYPTO * PS1K + 29.3284503460168 * HAVE_CRYPTO * PS32K + 0.723976924348022 * PS32K + 12.3191262485224 * HAVE_CRYPTO * PS16K;23.7181422499187;23.7181422499187;23.7181422499187;23.7181422499187;0.918497;9;12.3191262485224 * HAVE_CRYPTO * PS16K;2;5.12436550589236;23.8365014548138
6;0.518652760179824 * PAGESIZE + 7.78518010727405 * HAVE_CRYPTO + -5.64982192487372 * HAVE_CRYPTO * PS1K + 29.2339247857796 * HAVE_CRYPTO * PS32K + 0.818502484585256 * PS32K + 11.879093468107 * HAVE_CRYPTO * PS16K + 0.440032780415375 * PS16K;20.4480362270658;20.4480362270658;20.4480362270658;20.4480362270658;1.383303;10;0.440032780415375 * PS16K;1;3.27010602285291;21.1546267271394
7;0.518652760179776 * PAGESIZE + 10.3420614658324 * HAVE_CRYPTO + -8.20670328343204 * HAVE_CRYPTO * PS1K + 26.6770434272212 * HAVE_CRYPTO * PS32K + 0.818502484585422 * PS32K + 9.32221210954859 * HAVE_CRYPTO * PS16K + 0.44003278041548 * PS16K + -4.80194791729236 * HAVE_CRYPTO * PS4K;14.5033831771208;14.5033831771208;14.5033831771208;14.5033831771208;1.970297;12;-4.80194791729236 * HAVE_CRYPTO * PS4K;2;2.97232652497252;15.9823949420466
8;0.518652760179822 * PAGESIZE + 10.3420614658323 * HAVE_CRYPTO + -8.20670328343208 * HAVE_CRYPTO * PS1K + 26.4280286355248 * HAVE_CRYPTO * PS32K + 0.433575039405661 * PS32K + 9.32221210954871 * HAVE_CRYPTO * PS16K + 0.440032780415404 * PS16K + -4.80194791729239 * HAVE_CRYPTO * PS4K + 1.24032176780096 * PS32K * HAVE_HASH;11.1656776368388;11.1656776368388;11.1656776368388;11.1656776368388;2.727789;14;1.24032176780096 * PS32K * HAVE_HASH;2;1.66885277014099;12.0218337268565
9;0.518652760179777 * PAGESIZE + 10.3420614658324 * HAVE_CRYPTO + -7.61300621831983 * HAVE_CRYPTO * PS1K + 26.4280286355248 * HAVE_CRYPTO * PS32K + 0.433575039405753 * PS32K + 9.32221210954875 * HAVE_CRYPTO * PS16K + 0.440032780415373 * PS16K + -4.80194791729235 * HAVE_CRYPTO * PS4K + 1.24032176780097 * PS32K * HAVE_HASH + -1.18739413022439 * HAVE_CRYPTO * PS1K * HAVE_HASH;8.66344557437068;8.66344557437068;8.66344557437068;8.66344557437068;3.644887;17;-1.18739413022439 * HAVE_CRYPTO * PS1K * HAVE_HASH;3;0.834077354156046;9.73209321284444
10;0.518652760179773 * PAGESIZE + 10.3420614658324 * HAVE_CRYPTO + -7.61300621831984 * HAVE_CRYPTO * PS1K + 26.4280286355248 * HAVE_CRYPTO * PS32K + 0.433575039405754 * PS32K + 9.32590156418915 * HAVE_CRYPTO * PS16K + -0.0718790509524019 * PS16K + -4.80194791729236 * HAVE_CRYPTO * PS4K + 1.24032176780094 * PS32K * HAVE_HASH + -1.18739413022436 * HAVE_CRYPTO * PS1K * HAVE_HASH + 0.989696207311258 * PS16K * HAVE_HASH;7.11726795726813;7.11726795726813;7.11726795726813;7.11726795726813;4.772603;19;0.989696207311258 * PS16K * HAVE_HASH;2;0.773088808551276;7.88091975889093
11;0.518652760179786 * PAGESIZE + 10.3420614658323 * HAVE_CRYPTO + -7.61300621831985 * HAVE_CRYPTO * PS1K + 26.4280286355249 * HAVE_CRYPTO * PS32K + 0.433575039405728 * PS32K + 8.99696936377785 * HAVE_CRYPTO * PS16K + 0.113145311778922 * PS16K + -4.80194791729236 * HAVE_CRYPTO * PS4K + 1.24032176780104 * PS32K * HAVE_HASH + -1.18739413022434 * HAVE_CRYPTO * PS1K * HAVE_HASH + 0.631982439363876 * PS16K * HAVE_HASH + 0.637955346587353 * PS16K * HAVE_HASH * HAVE_CRYPTO;5.48331578672876;5.48331578672876;5.48331578672876;5.48331578672876;6.126878;22;0.637955346587353 * PS16K * HAVE_HASH * HAVE_CRYPTO;3;0.544650723513123;5.8176884658488
12;0.518652760179731 * PAGESIZE + 10.3420614658324 * HAVE_CRYPTO + -7.61300621831982 * HAVE_CRYPTO * PS1K + 26.4280286355248 * HAVE_CRYPTO * PS32K + 0.433575039405756 * PS32K + 8.99696936377779 * HAVE_CRYPTO * PS16K + 0.113145311778964 * PS16K + -4.33481156214833 * HAVE_CRYPTO * PS4K + 1.24032176780099 * PS32K * HAVE_HASH + -1.18739413022436 * HAVE_CRYPTO * PS1K * HAVE_HASH + 0.631982439363993 * PS16K * HAVE_HASH + 0.637955346587269 * PS16K * HAVE_HASH * HAVE_CRYPTO + -0.684021091460801 * HAVE_CRYPTO * PS4K * HAVE_HASH;4.96284868023569;4.96284868023569;4.96284868023569;4.96284868023569;7.718147;25;-0.684021091460801 * HAVE_CRYPTO * PS4K * HAVE_HASH;3;0.173489035497688;5.29651225684217
Analyze finished
command: clean-sampling
command: clean-global
