Current machine learning settings: epsilon:0 lossFunction:RELATIVE parallelization:True bagging:False baggingNumbers:3 considerEpsilonTube:False baggingTestDataFraction:50 useBackward:False abortError:1 limitFeatureSize:False featureSizeTreshold:4 quadraticFunctionSupport:True crossValidation:False crossValidation-k:5 learn-logFunction:False learn-accumulatedLogFunction:False learn-asymFunction:False learn-ratioFunction:False learn-mirrowedFunction:False learn-numeric-disabled:True numberOfRounds:70 backwardErrorDelta:1 minImprovementPerRound:0.1 withHierarchy:False bruteForceCandidates:False ignoreBadFeatures:False stopOnLongRound:True candidateSizePenalty:True learnTimeLimit:00:00:00 scoreMeasure:RELERROR outputRoundsToStdout:False debug:False pythonInfluenceAnalysis:False blacklisted: 
command: solver z3
command: vm /scratch/kallistos/Distance-Based_Data/SupplementaryWebsite/MeasuredPerformanceValues/Hipacc/FeatureModel.xml
Warning: Variability model contains outdated notation. Children nodes will no longer have effect on the model. Instead use the parent node to describe the parent of an configuration option. You can also use the converter providedby the Variability Model GUI in export>convert legacy model.
Warning: Default value nodes in models are no longer used and should be removed. You can also use the converter provided by the Variability Model GUI in export>convert legacy model to update your model.
command: all /scratch/kallistos/Distance-Based_Data/SupplementaryWebsite/MeasuredPerformanceValues/Hipacc/measurements.xml
Configs with too large deviation: 0
13485 configurations loaded.
command: binary grammar-based numConfigs:4601 seed:63  confFaultsReport:./out_grammarBasedFailureReport_t3.log
command: printconfigs ./sampledConfigurations_grammarBased_t3FailureReport.csv
Number to sample: 4601; Number of Configurations in Grammar: 28560
Draw a new random number, cause 19986 is already in drawn.
Draw a new random number, cause 15644 is already in drawn.
Draw a new random number, cause 17219 is already in drawn.
Draw a new random number, cause 902 is already in drawn.
Draw a new random number, cause 15952 is already in drawn.
Draw a new random number, cause 15204 is already in drawn.
Draw a new random number, cause 14558 is already in drawn.
Draw a new random number, cause 21307 is already in drawn.
Draw a new random number, cause 27255 is already in drawn.
Draw a new random number, cause 25882 is already in drawn.
Draw a new random number, cause 19154 is already in drawn.
Draw a new random number, cause 1477 is already in drawn.
Draw a new random number, cause 20744 is already in drawn.
Draw a new random number, cause 20113 is already in drawn.
Draw a new random number, cause 1656 is already in drawn.
Draw a new random number, cause 16063 is already in drawn.
Draw a new random number, cause 23190 is already in drawn.
Draw a new random number, cause 26162 is already in drawn.
Draw a new random number, cause 597 is already in drawn.
Draw a new random number, cause 21944 is already in drawn.
Draw a new random number, cause 21417 is already in drawn.
Draw a new random number, cause 26263 is already in drawn.
Draw a new random number, cause 25760 is already in drawn.
Draw a new random number, cause 20403 is already in drawn.
Draw a new random number, cause 27625 is already in drawn.
Draw a new random number, cause 62 is already in drawn.
Draw a new random number, cause 20561 is already in drawn.
Draw a new random number, cause 15269 is already in drawn.
Draw a new random number, cause 20106 is already in drawn.
Draw a new random number, cause 17099 is already in drawn.
Draw a new random number, cause 1209 is already in drawn.
Draw a new random number, cause 16871 is already in drawn.
Draw a new random number, cause 16369 is already in drawn.
Draw a new random number, cause 21610 is already in drawn.
Draw a new random number, cause 19317 is already in drawn.
Draw a new random number, cause 22073 is already in drawn.
Draw a new random number, cause 15986 is already in drawn.
Draw a new random number, cause 20015 is already in drawn.
Draw a new random number, cause 21246 is already in drawn.
Draw a new random number, cause 18028 is already in drawn.
Draw a new random number, cause 18272 is already in drawn.
Draw a new random number, cause 21094 is already in drawn.
Draw a new random number, cause 1986 is already in drawn.
Draw a new random number, cause 16288 is already in drawn.
Draw a new random number, cause 22011 is already in drawn.
Draw a new random number, cause 488 is already in drawn.
Draw a new random number, cause 22795 is already in drawn.
Draw a new random number, cause 14374 is already in drawn.
Draw a new random number, cause 21757 is already in drawn.
Draw a new random number, cause 17153 is already in drawn.
Draw a new random number, cause 22233 is already in drawn.
Draw a new random number, cause 15219 is already in drawn.
Draw a new random number, cause 2553 is already in drawn.
Draw a new random number, cause 28533 is already in drawn.
Draw a new random number, cause 20601 is already in drawn.
Draw a new random number, cause 48 is already in drawn.
Draw a new random number, cause 17159 is already in drawn.
Draw a new random number, cause 28367 is already in drawn.
Draw a new random number, cause 1369 is already in drawn.
Draw a new random number, cause 18585 is already in drawn.
Draw a new random number, cause 20141 is already in drawn.
Draw a new random number, cause 212 is already in drawn.
Draw a new random number, cause 14556 is already in drawn.
Draw a new random number, cause 1368 is already in drawn.
Draw a new random number, cause 16712 is already in drawn.
Draw a new random number, cause 20295 is already in drawn.
Draw a new random number, cause 26781 is already in drawn.
Draw a new random number, cause 15315 is already in drawn.
Draw a new random number, cause 18233 is already in drawn.
Draw a new random number, cause 1599 is already in drawn.
Draw a new random number, cause 613 is already in drawn.
Draw a new random number, cause 17816 is already in drawn.
Draw a new random number, cause 634 is already in drawn.
Draw a new random number, cause 18714 is already in drawn.
Draw a new random number, cause 22172 is already in drawn.
Draw a new random number, cause 1613 is already in drawn.
Draw a new random number, cause 28524 is already in drawn.
Draw a new random number, cause 21476 is already in drawn.
Draw a new random number, cause 16421 is already in drawn.
Draw a new random number, cause 2688 is already in drawn.
Draw a new random number, cause 18577 is already in drawn.
Draw a new random number, cause 27625 is already in drawn.
Draw a new random number, cause 2783 is already in drawn.
Draw a new random number, cause 27173 is already in drawn.
Draw a new random number, cause 26942 is already in drawn.
Draw a new random number, cause 1919 is already in drawn.
Draw a new random number, cause 27389 is already in drawn.
Draw a new random number, cause 321 is already in drawn.
Draw a new random number, cause 20266 is already in drawn.
Draw a new random number, cause 20064 is already in drawn.
Draw a new random number, cause 21387 is already in drawn.
Draw a new random number, cause 21059 is already in drawn.
Draw a new random number, cause 18149 is already in drawn.
Draw a new random number, cause 15313 is already in drawn.
Draw a new random number, cause 2692 is already in drawn.
Draw a new random number, cause 26914 is already in drawn.
Draw a new random number, cause 574 is already in drawn.
Draw a new random number, cause 14466 is already in drawn.
Draw a new random number, cause 1154 is already in drawn.
Draw a new random number, cause 17042 is already in drawn.
Draw a new random number, cause 15437 is already in drawn.
Draw a new random number, cause 21688 is already in drawn.
Draw a new random number, cause 1064 is already in drawn.
Draw a new random number, cause 35 is already in drawn.
Draw a new random number, cause 15019 is already in drawn.
Draw a new random number, cause 18668 is already in drawn.
Draw a new random number, cause 1536 is already in drawn.
Draw a new random number, cause 20133 is already in drawn.
Draw a new random number, cause 17404 is already in drawn.
Draw a new random number, cause 15786 is already in drawn.
Draw a new random number, cause 19376 is already in drawn.
Draw a new random number, cause 368 is already in drawn.
Draw a new random number, cause 26503 is already in drawn.
Draw a new random number, cause 21280 is already in drawn.
Draw a new random number, cause 2169 is already in drawn.
Draw a new random number, cause 21982 is already in drawn.
Draw a new random number, cause 17703 is already in drawn.
Draw a new random number, cause 455 is already in drawn.
Draw a new random number, cause 18271 is already in drawn.
Draw a new random number, cause 21159 is already in drawn.
Draw a new random number, cause 18643 is already in drawn.
Draw a new random number, cause 23733 is already in drawn.
Draw a new random number, cause 21014 is already in drawn.
Draw a new random number, cause 231 is already in drawn.
Draw a new random number, cause 742 is already in drawn.
Draw a new random number, cause 14407 is already in drawn.
Draw a new random number, cause 1952 is already in drawn.
Draw a new random number, cause 27709 is already in drawn.
Draw a new random number, cause 15659 is already in drawn.
Draw a new random number, cause 26994 is already in drawn.
Draw a new random number, cause 19981 is already in drawn.
Draw a new random number, cause 27727 is already in drawn.
Draw a new random number, cause 1276 is already in drawn.
Draw a new random number, cause 19497 is already in drawn.
Draw a new random number, cause 21884 is already in drawn.
Draw a new random number, cause 28299 is already in drawn.
Draw a new random number, cause 18374 is already in drawn.
Draw a new random number, cause 22073 is already in drawn.
Draw a new random number, cause 21167 is already in drawn.
Draw a new random number, cause 16208 is already in drawn.
Draw a new random number, cause 16230 is already in drawn.
Draw a new random number, cause 27762 is already in drawn.
Draw a new random number, cause 21488 is already in drawn.
Draw a new random number, cause 18304 is already in drawn.
Draw a new random number, cause 190 is already in drawn.
Draw a new random number, cause 25882 is already in drawn.
Draw a new random number, cause 8707 is already in drawn.
Draw a new random number, cause 26417 is already in drawn.
Draw a new random number, cause 23936 is already in drawn.
Draw a new random number, cause 1569 is already in drawn.
Draw a new random number, cause 17742 is already in drawn.
Draw a new random number, cause 16208 is already in drawn.
Draw a new random number, cause 18448 is already in drawn.
Draw a new random number, cause 22604 is already in drawn.
Draw a new random number, cause 2100 is already in drawn.
Draw a new random number, cause 21673 is already in drawn.
Draw a new random number, cause 16828 is already in drawn.
Draw a new random number, cause 2604 is already in drawn.
Draw a new random number, cause 20285 is already in drawn.
Draw a new random number, cause 19195 is already in drawn.
Draw a new random number, cause 25974 is already in drawn.
Draw a new random number, cause 2783 is already in drawn.
Draw a new random number, cause 16452 is already in drawn.
Draw a new random number, cause 17402 is already in drawn.
Draw a new random number, cause 15232 is already in drawn.
Draw a new random number, cause 20442 is already in drawn.
Draw a new random number, cause 18513 is already in drawn.
Draw a new random number, cause 2288 is already in drawn.
Draw a new random number, cause 437 is already in drawn.
Draw a new random number, cause 19576 is already in drawn.
Draw a new random number, cause 2459 is already in drawn.
Draw a new random number, cause 265 is already in drawn.
Draw a new random number, cause 19740 is already in drawn.
Draw a new random number, cause 20922 is already in drawn.
Draw a new random number, cause 1130 is already in drawn.
Draw a new random number, cause 15240 is already in drawn.
Draw a new random number, cause 25870 is already in drawn.
Draw a new random number, cause 20864 is already in drawn.
Draw a new random number, cause 26850 is already in drawn.
Draw a new random number, cause 19147 is already in drawn.
Draw a new random number, cause 17701 is already in drawn.
Draw a new random number, cause 17669 is already in drawn.
Draw a new random number, cause 939 is already in drawn.
Draw a new random number, cause 18585 is already in drawn.
Draw a new random number, cause 17772 is already in drawn.
Draw a new random number, cause 18093 is already in drawn.
Draw a new random number, cause 18265 is already in drawn.
Draw a new random number, cause 20205 is already in drawn.
Draw a new random number, cause 28326 is already in drawn.
Draw a new random number, cause 15574 is already in drawn.
Draw a new random number, cause 17404 is already in drawn.
Draw a new random number, cause 14294 is already in drawn.
Draw a new random number, cause 22664 is already in drawn.
Draw a new random number, cause 22091 is already in drawn.
Draw a new random number, cause 14386 is already in drawn.
Draw a new random number, cause 2281 is already in drawn.
Draw a new random number, cause 21007 is already in drawn.
Draw a new random number, cause 26417 is already in drawn.
Draw a new random number, cause 179 is already in drawn.
Draw a new random number, cause 16270 is already in drawn.
Draw a new random number, cause 14720 is already in drawn.
Draw a new random number, cause 611 is already in drawn.
Draw a new random number, cause 2349 is already in drawn.
Draw a new random number, cause 21027 is already in drawn.
Draw a new random number, cause 25745 is already in drawn.
Draw a new random number, cause 20694 is already in drawn.
Draw a new random number, cause 1063 is already in drawn.
Draw a new random number, cause 22091 is already in drawn.
Draw a new random number, cause 20603 is already in drawn.
Draw a new random number, cause 1553 is already in drawn.
Draw a new random number, cause 22463 is already in drawn.
Draw a new random number, cause 27527 is already in drawn.
Draw a new random number, cause 16461 is already in drawn.
Draw a new random number, cause 21798 is already in drawn.
Draw a new random number, cause 21769 is already in drawn.
Draw a new random number, cause 15779 is already in drawn.
Draw a new random number, cause 16262 is already in drawn.
Draw a new random number, cause 1505 is already in drawn.
Draw a new random number, cause 17350 is already in drawn.
Draw a new random number, cause 19536 is already in drawn.
Draw a new random number, cause 18411 is already in drawn.
Draw a new random number, cause 17784 is already in drawn.
Draw a new random number, cause 27122 is already in drawn.
Draw a new random number, cause 585 is already in drawn.
Draw a new random number, cause 15781 is already in drawn.
Draw a new random number, cause 18242 is already in drawn.
Draw a new random number, cause 22753 is already in drawn.
Draw a new random number, cause 20508 is already in drawn.
Draw a new random number, cause 507 is already in drawn.
Draw a new random number, cause 15887 is already in drawn.
Draw a new random number, cause 19793 is already in drawn.
Draw a new random number, cause 14751 is already in drawn.
Draw a new random number, cause 1812 is already in drawn.
Draw a new random number, cause 25938 is already in drawn.
Draw a new random number, cause 27236 is already in drawn.
Draw a new random number, cause 16217 is already in drawn.
Draw a new random number, cause 26554 is already in drawn.
Draw a new random number, cause 1672 is already in drawn.
Draw a new random number, cause 676 is already in drawn.
Draw a new random number, cause 20924 is already in drawn.
Draw a new random number, cause 19650 is already in drawn.
Draw a new random number, cause 19785 is already in drawn.
Draw a new random number, cause 28048 is already in drawn.
Draw a new random number, cause 22459 is already in drawn.
Draw a new random number, cause 151 is already in drawn.
Draw a new random number, cause 15063 is already in drawn.
Draw a new random number, cause 21212 is already in drawn.
Draw a new random number, cause 1468 is already in drawn.
Draw a new random number, cause 20777 is already in drawn.
Draw a new random number, cause 16965 is already in drawn.
Draw a new random number, cause 26099 is already in drawn.
Draw a new random number, cause 21377 is already in drawn.
Draw a new random number, cause 1612 is already in drawn.
Draw a new random number, cause 28460 is already in drawn.
Draw a new random number, cause 14772 is already in drawn.
Draw a new random number, cause 18092 is already in drawn.
Draw a new random number, cause 17789 is already in drawn.
Draw a new random number, cause 15008 is already in drawn.
Draw a new random number, cause 15482 is already in drawn.
Draw a new random number, cause 310 is already in drawn.
Draw a new random number, cause 21798 is already in drawn.
Draw a new random number, cause 26673 is already in drawn.
Draw a new random number, cause 1126 is already in drawn.
Draw a new random number, cause 20186 is already in drawn.
Draw a new random number, cause 823 is already in drawn.
Draw a new random number, cause 16500 is already in drawn.
Draw a new random number, cause 27275 is already in drawn.
Draw a new random number, cause 2803 is already in drawn.
Draw a new random number, cause 21194 is already in drawn.
Draw a new random number, cause 15170 is already in drawn.
Draw a new random number, cause 14624 is already in drawn.
Draw a new random number, cause 18341 is already in drawn.
Draw a new random number, cause 27146 is already in drawn.
Draw a new random number, cause 21752 is already in drawn.
Draw a new random number, cause 18055 is already in drawn.
Draw a new random number, cause 20202 is already in drawn.
Draw a new random number, cause 15630 is already in drawn.
Draw a new random number, cause 18512 is already in drawn.
Draw a new random number, cause 290 is already in drawn.
Draw a new random number, cause 1587 is already in drawn.
Draw a new random number, cause 173 is already in drawn.
Draw a new random number, cause 15236 is already in drawn.
Draw a new random number, cause 19167 is already in drawn.
Draw a new random number, cause 1822 is already in drawn.
Draw a new random number, cause 21053 is already in drawn.
Draw a new random number, cause 27308 is already in drawn.
Draw a new random number, cause 2107 is already in drawn.
Draw a new random number, cause 22540 is already in drawn.
Draw a new random number, cause 19536 is already in drawn.
Draw a new random number, cause 27284 is already in drawn.
Draw a new random number, cause 17013 is already in drawn.
Draw a new random number, cause 14407 is already in drawn.
Draw a new random number, cause 26462 is already in drawn.
Draw a new random number, cause 460 is already in drawn.
Draw a new random number, cause 20297 is already in drawn.
Draw a new random number, cause 20904 is already in drawn.
Draw a new random number, cause 25846 is already in drawn.
Draw a new random number, cause 235 is already in drawn.
Draw a new random number, cause 694 is already in drawn.
Draw a new random number, cause 20693 is already in drawn.
Draw a new random number, cause 17600 is already in drawn.
Draw a new random number, cause 8842 is already in drawn.
Draw a new random number, cause 17794 is already in drawn.
Draw a new random number, cause 14573 is already in drawn.
Draw a new random number, cause 28190 is already in drawn.
Draw a new random number, cause 17266 is already in drawn.
Draw a new random number, cause 28256 is already in drawn.
Draw a new random number, cause 18522 is already in drawn.
Draw a new random number, cause 14862 is already in drawn.
Draw a new random number, cause 18938 is already in drawn.
Draw a new random number, cause 20508 is already in drawn.
Draw a new random number, cause 17384 is already in drawn.
Draw a new random number, cause 23597 is already in drawn.
Draw a new random number, cause 15983 is already in drawn.
Draw a new random number, cause 19065 is already in drawn.
Draw a new random number, cause 16989 is already in drawn.
Draw a new random number, cause 15902 is already in drawn.
Draw a new random number, cause 22634 is already in drawn.
Draw a new random number, cause 82 is already in drawn.
Draw a new random number, cause 881 is already in drawn.
Draw a new random number, cause 17638 is already in drawn.
Draw a new random number, cause 14574 is already in drawn.
Draw a new random number, cause 15215 is already in drawn.
Draw a new random number, cause 26911 is already in drawn.
Draw a new random number, cause 25975 is already in drawn.
Draw a new random number, cause 27786 is already in drawn.
Draw a new random number, cause 807 is already in drawn.
Draw a new random number, cause 15818 is already in drawn.
Draw a new random number, cause 21673 is already in drawn.
Draw a new random number, cause 1745 is already in drawn.
Draw a new random number, cause 16197 is already in drawn.
Draw a new random number, cause 20547 is already in drawn.
Draw a new random number, cause 20551 is already in drawn.
Draw a new random number, cause 19916 is already in drawn.
Draw a new random number, cause 2604 is already in drawn.
Draw a new random number, cause 17357 is already in drawn.
Draw a new random number, cause 14491 is already in drawn.
Draw a new random number, cause 663 is already in drawn.
Draw a new random number, cause 678 is already in drawn.
Draw a new random number, cause 1918 is already in drawn.
Draw a new random number, cause 1045 is already in drawn.
Draw a new random number, cause 14681 is already in drawn.
Draw a new random number, cause 18335 is already in drawn.
Draw a new random number, cause 15055 is already in drawn.
Draw a new random number, cause 16972 is already in drawn.
Draw a new random number, cause 14608 is already in drawn.
Draw a new random number, cause 18394 is already in drawn.
Draw a new random number, cause 17073 is already in drawn.
Draw a new random number, cause 1889 is already in drawn.
Draw a new random number, cause 20864 is already in drawn.
Draw a new random number, cause 19364 is already in drawn.
Draw a new random number, cause 17287 is already in drawn.
Draw a new random number, cause 26089 is already in drawn.
Draw a new random number, cause 20270 is already in drawn.
Draw a new random number, cause 20427 is already in drawn.
Draw a new random number, cause 376 is already in drawn.
Draw a new random number, cause 18734 is already in drawn.
Draw a new random number, cause 20513 is already in drawn.
Draw a new random number, cause 18239 is already in drawn.
Draw a new random number, cause 18470 is already in drawn.
Draw a new random number, cause 26135 is already in drawn.
Draw a new random number, cause 873 is already in drawn.
Draw a new random number, cause 21159 is already in drawn.
Draw a new random number, cause 28401 is already in drawn.
Draw a new random number, cause 27762 is already in drawn.
Draw a new random number, cause 18596 is already in drawn.
Draw a new random number, cause 20325 is already in drawn.
Draw a new random number, cause 27313 is already in drawn.
Draw a new random number, cause 22049 is already in drawn.
Draw a new random number, cause 19065 is already in drawn.
Draw a new random number, cause 28386 is already in drawn.
Draw a new random number, cause 20158 is already in drawn.
Draw a new random number, cause 27423 is already in drawn.
Draw a new random number, cause 22340 is already in drawn.
Draw a new random number, cause 16875 is already in drawn.
Draw a new random number, cause 1337 is already in drawn.
5531 drawn configurations were invalid
command: clean-sampling
command: clean-global
