Current machine learning settings: epsilon:0 lossFunction:RELATIVE parallelization:True bagging:False baggingNumbers:3 considerEpsilonTube:False baggingTestDataFraction:50 useBackward:False abortError:1 limitFeatureSize:False featureSizeTreshold:4 quadraticFunctionSupport:True crossValidation:False crossValidation-k:5 learn-logFunction:False learn-accumulatedLogFunction:False learn-asymFunction:False learn-ratioFunction:False learn-mirrowedFunction:False learn-numeric-disabled:True numberOfRounds:70 backwardErrorDelta:1 minImprovementPerRound:0.1 withHierarchy:False bruteForceCandidates:False ignoreBadFeatures:False stopOnLongRound:True candidateSizePenalty:True learnTimeLimit:00:00:00 scoreMeasure:RELERROR outputRoundsToStdout:False debug:False pythonInfluenceAnalysis:False blacklisted: 
command: solver z3
command: vm /scratch/kallistos/Distance-Based_Data/SupplementaryWebsite/MeasuredPerformanceValues/Dune/FeatureModel.xml
Warning: Variability model contains outdated notation. Children nodes will no longer have effect on the model. Instead use the parent node to describe the parent of an configuration option. You can also use the converter providedby the Variability Model GUI in export>convert legacy model.
command: all /scratch/kallistos/Distance-Based_Data/SupplementaryWebsite/MeasuredPerformanceValues/Dune/measurements.xml
Configs with too large deviation: 0
2304 configurations loaded.
command: binary grammar-based numConfigs:1071 seed:2  confFaultsReport:./out_grammarBasedFailureReport_t3.log
command: printconfigs ./sampledConfigurations_grammarBased_t3FailureReport.csv
Number to sample: 1071; Number of Configurations in Grammar: 2352
Draw a new random number, cause 1720 is already in drawn.
Draw a new random number, cause 209 is already in drawn.
Draw a new random number, cause 388 is already in drawn.
Draw a new random number, cause 2176 is already in drawn.
Draw a new random number, cause 114 is already in drawn.
Draw a new random number, cause 799 is already in drawn.
Draw a new random number, cause 1511 is already in drawn.
Draw a new random number, cause 579 is already in drawn.
Draw a new random number, cause 552 is already in drawn.
Draw a new random number, cause 1213 is already in drawn.
Draw a new random number, cause 1282 is already in drawn.
Draw a new random number, cause 1988 is already in drawn.
Draw a new random number, cause 556 is already in drawn.
Draw a new random number, cause 950 is already in drawn.
Draw a new random number, cause 1023 is already in drawn.
Draw a new random number, cause 860 is already in drawn.
Draw a new random number, cause 1616 is already in drawn.
Draw a new random number, cause 1490 is already in drawn.
Draw a new random number, cause 2040 is already in drawn.
Draw a new random number, cause 715 is already in drawn.
Draw a new random number, cause 1612 is already in drawn.
Draw a new random number, cause 786 is already in drawn.
Draw a new random number, cause 694 is already in drawn.
Draw a new random number, cause 2010 is already in drawn.
Draw a new random number, cause 302 is already in drawn.
Draw a new random number, cause 233 is already in drawn.
Draw a new random number, cause 1478 is already in drawn.
Draw a new random number, cause 1615 is already in drawn.
Draw a new random number, cause 414 is already in drawn.
Draw a new random number, cause 2329 is already in drawn.
Draw a new random number, cause 1869 is already in drawn.
Draw a new random number, cause 403 is already in drawn.
Draw a new random number, cause 717 is already in drawn.
Draw a new random number, cause 2278 is already in drawn.
Draw a new random number, cause 177 is already in drawn.
Draw a new random number, cause 1249 is already in drawn.
Draw a new random number, cause 356 is already in drawn.
Draw a new random number, cause 429 is already in drawn.
Draw a new random number, cause 423 is already in drawn.
Draw a new random number, cause 1840 is already in drawn.
Draw a new random number, cause 395 is already in drawn.
Draw a new random number, cause 594 is already in drawn.
Draw a new random number, cause 1813 is already in drawn.
Draw a new random number, cause 2181 is already in drawn.
Draw a new random number, cause 2346 is already in drawn.
Draw a new random number, cause 1250 is already in drawn.
Draw a new random number, cause 809 is already in drawn.
Draw a new random number, cause 1936 is already in drawn.
Draw a new random number, cause 172 is already in drawn.
Draw a new random number, cause 2192 is already in drawn.
Draw a new random number, cause 1140 is already in drawn.
Draw a new random number, cause 1443 is already in drawn.
Draw a new random number, cause 1911 is already in drawn.
Draw a new random number, cause 2256 is already in drawn.
Draw a new random number, cause 1415 is already in drawn.
Draw a new random number, cause 539 is already in drawn.
Draw a new random number, cause 749 is already in drawn.
Draw a new random number, cause 1964 is already in drawn.
Draw a new random number, cause 825 is already in drawn.
Draw a new random number, cause 1252 is already in drawn.
Draw a new random number, cause 1747 is already in drawn.
Draw a new random number, cause 1813 is already in drawn.
Draw a new random number, cause 236 is already in drawn.
Draw a new random number, cause 293 is already in drawn.
Draw a new random number, cause 1208 is already in drawn.
Draw a new random number, cause 2305 is already in drawn.
Draw a new random number, cause 1510 is already in drawn.
Draw a new random number, cause 1234 is already in drawn.
Draw a new random number, cause 978 is already in drawn.
Draw a new random number, cause 1600 is already in drawn.
Draw a new random number, cause 1951 is already in drawn.
Draw a new random number, cause 1788 is already in drawn.
Draw a new random number, cause 1998 is already in drawn.
Draw a new random number, cause 2294 is already in drawn.
Draw a new random number, cause 865 is already in drawn.
Draw a new random number, cause 2225 is already in drawn.
Draw a new random number, cause 1684 is already in drawn.
Draw a new random number, cause 694 is already in drawn.
Draw a new random number, cause 506 is already in drawn.
Draw a new random number, cause 451 is already in drawn.
Draw a new random number, cause 2230 is already in drawn.
Draw a new random number, cause 2349 is already in drawn.
Draw a new random number, cause 2038 is already in drawn.
Draw a new random number, cause 1924 is already in drawn.
Draw a new random number, cause 2192 is already in drawn.
Draw a new random number, cause 762 is already in drawn.
Draw a new random number, cause 1654 is already in drawn.
Draw a new random number, cause 1679 is already in drawn.
Draw a new random number, cause 2227 is already in drawn.
Draw a new random number, cause 2056 is already in drawn.
Draw a new random number, cause 1194 is already in drawn.
Draw a new random number, cause 950 is already in drawn.
Draw a new random number, cause 526 is already in drawn.
Draw a new random number, cause 621 is already in drawn.
Draw a new random number, cause 749 is already in drawn.
Draw a new random number, cause 704 is already in drawn.
Draw a new random number, cause 293 is already in drawn.
Draw a new random number, cause 2044 is already in drawn.
Draw a new random number, cause 8 is already in drawn.
Draw a new random number, cause 951 is already in drawn.
Draw a new random number, cause 359 is already in drawn.
Draw a new random number, cause 749 is already in drawn.
Draw a new random number, cause 2316 is already in drawn.
Draw a new random number, cause 119 is already in drawn.
Draw a new random number, cause 38 is already in drawn.
Draw a new random number, cause 1329 is already in drawn.
Draw a new random number, cause 704 is already in drawn.
Draw a new random number, cause 1568 is already in drawn.
Draw a new random number, cause 1307 is already in drawn.
Draw a new random number, cause 1234 is already in drawn.
Draw a new random number, cause 793 is already in drawn.
Draw a new random number, cause 1631 is already in drawn.
Draw a new random number, cause 561 is already in drawn.
Draw a new random number, cause 1199 is already in drawn.
Draw a new random number, cause 2038 is already in drawn.
Draw a new random number, cause 1653 is already in drawn.
Draw a new random number, cause 2316 is already in drawn.
Draw a new random number, cause 355 is already in drawn.
Draw a new random number, cause 1198 is already in drawn.
Draw a new random number, cause 312 is already in drawn.
Draw a new random number, cause 2081 is already in drawn.
Draw a new random number, cause 1429 is already in drawn.
Draw a new random number, cause 775 is already in drawn.
Draw a new random number, cause 1663 is already in drawn.
Draw a new random number, cause 1028 is already in drawn.
Draw a new random number, cause 327 is already in drawn.
Draw a new random number, cause 1254 is already in drawn.
Draw a new random number, cause 1943 is already in drawn.
Draw a new random number, cause 1246 is already in drawn.
Draw a new random number, cause 1921 is already in drawn.
Draw a new random number, cause 1800 is already in drawn.
Draw a new random number, cause 1211 is already in drawn.
Draw a new random number, cause 325 is already in drawn.
Draw a new random number, cause 312 is already in drawn.
Draw a new random number, cause 662 is already in drawn.
Draw a new random number, cause 1280 is already in drawn.
Draw a new random number, cause 538 is already in drawn.
Draw a new random number, cause 494 is already in drawn.
Draw a new random number, cause 1277 is already in drawn.
Draw a new random number, cause 644 is already in drawn.
Draw a new random number, cause 741 is already in drawn.
Draw a new random number, cause 1910 is already in drawn.
Draw a new random number, cause 662 is already in drawn.
Draw a new random number, cause 1211 is already in drawn.
Draw a new random number, cause 1951 is already in drawn.
Draw a new random number, cause 1400 is already in drawn.
Draw a new random number, cause 366 is already in drawn.
Draw a new random number, cause 2017 is already in drawn.
Draw a new random number, cause 1922 is already in drawn.
Draw a new random number, cause 2285 is already in drawn.
Draw a new random number, cause 1501 is already in drawn.
Draw a new random number, cause 1277 is already in drawn.
Draw a new random number, cause 95 is already in drawn.
Draw a new random number, cause 2250 is already in drawn.
Draw a new random number, cause 209 is already in drawn.
Draw a new random number, cause 2088 is already in drawn.
Draw a new random number, cause 2280 is already in drawn.
Draw a new random number, cause 865 is already in drawn.
Draw a new random number, cause 2257 is already in drawn.
Draw a new random number, cause 2122 is already in drawn.
Draw a new random number, cause 1137 is already in drawn.
Draw a new random number, cause 1800 is already in drawn.
Draw a new random number, cause 1728 is already in drawn.
Draw a new random number, cause 1335 is already in drawn.
Draw a new random number, cause 2091 is already in drawn.
Draw a new random number, cause 479 is already in drawn.
Draw a new random number, cause 180 is already in drawn.
Draw a new random number, cause 2113 is already in drawn.
Draw a new random number, cause 1740 is already in drawn.
Draw a new random number, cause 2106 is already in drawn.
Draw a new random number, cause 1829 is already in drawn.
Draw a new random number, cause 1128 is already in drawn.
Draw a new random number, cause 1160 is already in drawn.
Draw a new random number, cause 662 is already in drawn.
Draw a new random number, cause 594 is already in drawn.
Draw a new random number, cause 452 is already in drawn.
Draw a new random number, cause 796 is already in drawn.
Draw a new random number, cause 1467 is already in drawn.
Draw a new random number, cause 114 is already in drawn.
Draw a new random number, cause 2276 is already in drawn.
Draw a new random number, cause 2130 is already in drawn.
Draw a new random number, cause 1807 is already in drawn.
Draw a new random number, cause 2254 is already in drawn.
Draw a new random number, cause 1936 is already in drawn.
Draw a new random number, cause 1390 is already in drawn.
Draw a new random number, cause 435 is already in drawn.
Draw a new random number, cause 761 is already in drawn.
Draw a new random number, cause 366 is already in drawn.
Draw a new random number, cause 2266 is already in drawn.
Draw a new random number, cause 1823 is already in drawn.
Draw a new random number, cause 1199 is already in drawn.
Draw a new random number, cause 708 is already in drawn.
Draw a new random number, cause 347 is already in drawn.
Draw a new random number, cause 2280 is already in drawn.
Draw a new random number, cause 517 is already in drawn.
Draw a new random number, cause 2085 is already in drawn.
Draw a new random number, cause 860 is already in drawn.
Draw a new random number, cause 1065 is already in drawn.
Draw a new random number, cause 1627 is already in drawn.
Draw a new random number, cause 679 is already in drawn.
Draw a new random number, cause 891 is already in drawn.
Draw a new random number, cause 94 is already in drawn.
Draw a new random number, cause 819 is already in drawn.
Draw a new random number, cause 249 is already in drawn.
Draw a new random number, cause 1332 is already in drawn.
Draw a new random number, cause 2132 is already in drawn.
Draw a new random number, cause 94 is already in drawn.
Draw a new random number, cause 194 is already in drawn.
Draw a new random number, cause 408 is already in drawn.
Draw a new random number, cause 504 is already in drawn.
Draw a new random number, cause 637 is already in drawn.
Draw a new random number, cause 1146 is already in drawn.
Draw a new random number, cause 93 is already in drawn.
Draw a new random number, cause 1118 is already in drawn.
Draw a new random number, cause 1554 is already in drawn.
Draw a new random number, cause 816 is already in drawn.
Draw a new random number, cause 318 is already in drawn.
Draw a new random number, cause 151 is already in drawn.
Draw a new random number, cause 1196 is already in drawn.
Draw a new random number, cause 1300 is already in drawn.
Draw a new random number, cause 1165 is already in drawn.
Draw a new random number, cause 872 is already in drawn.
Draw a new random number, cause 171 is already in drawn.
Draw a new random number, cause 539 is already in drawn.
Draw a new random number, cause 799 is already in drawn.
Draw a new random number, cause 524 is already in drawn.
Draw a new random number, cause 781 is already in drawn.
Draw a new random number, cause 1964 is already in drawn.
Draw a new random number, cause 1905 is already in drawn.
Draw a new random number, cause 1280 is already in drawn.
Draw a new random number, cause 180 is already in drawn.
Draw a new random number, cause 2040 is already in drawn.
Draw a new random number, cause 1255 is already in drawn.
Draw a new random number, cause 174 is already in drawn.
Draw a new random number, cause 135 is already in drawn.
Draw a new random number, cause 267 is already in drawn.
Draw a new random number, cause 454 is already in drawn.
Draw a new random number, cause 1094 is already in drawn.
Draw a new random number, cause 2331 is already in drawn.
Draw a new random number, cause 159 is already in drawn.
Draw a new random number, cause 2245 is already in drawn.
Draw a new random number, cause 1389 is already in drawn.
Draw a new random number, cause 1393 is already in drawn.
Draw a new random number, cause 929 is already in drawn.
Draw a new random number, cause 868 is already in drawn.
Draw a new random number, cause 1684 is already in drawn.
Draw a new random number, cause 2349 is already in drawn.
Draw a new random number, cause 2179 is already in drawn.
Draw a new random number, cause 2201 is already in drawn.
Draw a new random number, cause 1479 is already in drawn.
Draw a new random number, cause 720 is already in drawn.
Draw a new random number, cause 138 is already in drawn.
Draw a new random number, cause 313 is already in drawn.
Draw a new random number, cause 552 is already in drawn.
Draw a new random number, cause 1949 is already in drawn.
Draw a new random number, cause 185 is already in drawn.
Draw a new random number, cause 302 is already in drawn.
Draw a new random number, cause 549 is already in drawn.
Draw a new random number, cause 549 is already in drawn.
Draw a new random number, cause 1226 is already in drawn.
Draw a new random number, cause 754 is already in drawn.
Draw a new random number, cause 1662 is already in drawn.
Draw a new random number, cause 1058 is already in drawn.
Draw a new random number, cause 2099 is already in drawn.
Draw a new random number, cause 2019 is already in drawn.
Draw a new random number, cause 1065 is already in drawn.
Draw a new random number, cause 855 is already in drawn.
Draw a new random number, cause 1026 is already in drawn.
Draw a new random number, cause 89 is already in drawn.
Draw a new random number, cause 1704 is already in drawn.
Draw a new random number, cause 1924 is already in drawn.
Draw a new random number, cause 1250 is already in drawn.
Draw a new random number, cause 840 is already in drawn.
Draw a new random number, cause 2310 is already in drawn.
Draw a new random number, cause 1351 is already in drawn.
Draw a new random number, cause 1759 is already in drawn.
Draw a new random number, cause 1890 is already in drawn.
Draw a new random number, cause 868 is already in drawn.
Draw a new random number, cause 975 is already in drawn.
Draw a new random number, cause 724 is already in drawn.
Draw a new random number, cause 2113 is already in drawn.
Draw a new random number, cause 1230 is already in drawn.
Draw a new random number, cause 395 is already in drawn.
Draw a new random number, cause 1989 is already in drawn.
Draw a new random number, cause 159 is already in drawn.
Draw a new random number, cause 2339 is already in drawn.
Draw a new random number, cause 1197 is already in drawn.
Draw a new random number, cause 1787 is already in drawn.
Draw a new random number, cause 1225 is already in drawn.
Draw a new random number, cause 1672 is already in drawn.
Draw a new random number, cause 497 is already in drawn.
Draw a new random number, cause 473 is already in drawn.
Draw a new random number, cause 323 is already in drawn.
Draw a new random number, cause 1528 is already in drawn.
Draw a new random number, cause 435 is already in drawn.
Draw a new random number, cause 799 is already in drawn.
Draw a new random number, cause 2152 is already in drawn.
Draw a new random number, cause 187 is already in drawn.
Draw a new random number, cause 854 is already in drawn.
Draw a new random number, cause 1762 is already in drawn.
Draw a new random number, cause 2002 is already in drawn.
Draw a new random number, cause 1252 is already in drawn.
Draw a new random number, cause 723 is already in drawn.
Draw a new random number, cause 240 is already in drawn.
Draw a new random number, cause 2156 is already in drawn.
Draw a new random number, cause 1351 is already in drawn.
Draw a new random number, cause 1832 is already in drawn.
Draw a new random number, cause 919 is already in drawn.
Draw a new random number, cause 946 is already in drawn.
Draw a new random number, cause 2260 is already in drawn.
Draw a new random number, cause 1190 is already in drawn.
Draw a new random number, cause 917 is already in drawn.
Draw a new random number, cause 2056 is already in drawn.
Draw a new random number, cause 2307 is already in drawn.
Draw a new random number, cause 1549 is already in drawn.
Draw a new random number, cause 1148 is already in drawn.
Draw a new random number, cause 302 is already in drawn.
Draw a new random number, cause 1567 is already in drawn.
Draw a new random number, cause 614 is already in drawn.
Draw a new random number, cause 1644 is already in drawn.
Draw a new random number, cause 159 is already in drawn.
Draw a new random number, cause 2290 is already in drawn.
Draw a new random number, cause 2282 is already in drawn.
Draw a new random number, cause 94 is already in drawn.
Draw a new random number, cause 1739 is already in drawn.
Draw a new random number, cause 62 is already in drawn.
Draw a new random number, cause 1319 is already in drawn.
Draw a new random number, cause 2223 is already in drawn.
Draw a new random number, cause 238 is already in drawn.
Draw a new random number, cause 860 is already in drawn.
Draw a new random number, cause 474 is already in drawn.
Draw a new random number, cause 2153 is already in drawn.
Draw a new random number, cause 1381 is already in drawn.
Draw a new random number, cause 989 is already in drawn.
Draw a new random number, cause 970 is already in drawn.
Draw a new random number, cause 529 is already in drawn.
Draw a new random number, cause 891 is already in drawn.
Draw a new random number, cause 2100 is already in drawn.
Draw a new random number, cause 1252 is already in drawn.
Draw a new random number, cause 1281 is already in drawn.
Draw a new random number, cause 901 is already in drawn.
Draw a new random number, cause 1663 is already in drawn.
Draw a new random number, cause 2034 is already in drawn.
Draw a new random number, cause 347 is already in drawn.
Draw a new random number, cause 837 is already in drawn.
Draw a new random number, cause 742 is already in drawn.
Draw a new random number, cause 1406 is already in drawn.
Draw a new random number, cause 1137 is already in drawn.
Draw a new random number, cause 1439 is already in drawn.
Draw a new random number, cause 499 is already in drawn.
Draw a new random number, cause 2179 is already in drawn.
Draw a new random number, cause 721 is already in drawn.
Draw a new random number, cause 1916 is already in drawn.
Draw a new random number, cause 414 is already in drawn.
Draw a new random number, cause 574 is already in drawn.
Draw a new random number, cause 1728 is already in drawn.
Draw a new random number, cause 2185 is already in drawn.
Draw a new random number, cause 332 is already in drawn.
Draw a new random number, cause 941 is already in drawn.
Draw a new random number, cause 255 is already in drawn.
Draw a new random number, cause 2257 is already in drawn.
Draw a new random number, cause 697 is already in drawn.
43 drawn configurations were invalid
command: clean-sampling
command: clean-global
