Current machine learning settings: epsilon:0 lossFunction:RELATIVE parallelization:True bagging:False baggingNumbers:3 considerEpsilonTube:False baggingTestDataFraction:50 useBackward:False abortError:1 limitFeatureSize:False featureSizeTreshold:4 quadraticFunctionSupport:True crossValidation:False crossValidation-k:5 learn-logFunction:False learn-accumulatedLogFunction:False learn-asymFunction:False learn-ratioFunction:False learn-mirrowedFunction:False learn-numeric-disabled:True numberOfRounds:70 backwardErrorDelta:1 minImprovementPerRound:0.1 withHierarchy:False bruteForceCandidates:False ignoreBadFeatures:False stopOnLongRound:True candidateSizePenalty:True learnTimeLimit:00:00:00 scoreMeasure:RELERROR outputRoundsToStdout:False debug:False pythonInfluenceAnalysis:False blacklisted: 
command: mlsettings bagging:False stopOnLongRound:False parallelization:True lossFunction:RELATIVE useBackward:False abortError:1 limitFeatureSize:False featureSizeTreshold:7 quadraticFunctionSupport:True crossValidation:False learn_logFunction:True numberOfRounds:70 backwardErrorDelta:1 minImprovementPerRound:0.25 withHierarchy:False
Current machine learning settings: epsilon:0 lossFunction:RELATIVE parallelization:True bagging:False baggingNumbers:3 considerEpsilonTube:False baggingTestDataFraction:50 useBackward:False abortError:1 limitFeatureSize:False featureSizeTreshold:7 quadraticFunctionSupport:True crossValidation:False crossValidation-k:5 learn-logFunction:True learn-accumulatedLogFunction:False learn-asymFunction:False learn-ratioFunction:False learn-mirrowedFunction:False learn-numeric-disabled:True numberOfRounds:70 backwardErrorDelta:1 minImprovementPerRound:0.25 withHierarchy:False bruteForceCandidates:False ignoreBadFeatures:False stopOnLongRound:False candidateSizePenalty:True learnTimeLimit:00:00:00 scoreMeasure:RELERROR outputRoundsToStdout:False debug:False pythonInfluenceAnalysis:False blacklisted: 
command: solver z3
command: vm /scratch/kallistos/Distance-Based_Data/SupplementaryWebsite/MeasuredPerformanceValues/Hipacc/FeatureModel.xml
Warning: Variability model contains outdated notation. Children nodes will no longer have effect on the model. Instead use the parent node to describe the parent of an configuration option. You can also use the converter providedby the Variability Model GUI in export>convert legacy model.
Warning: Default value nodes in models are no longer used and should be removed. You can also use the converter provided by the Variability Model GUI in export>convert legacy model to update your model.
command: all /scratch/kallistos/Distance-Based_Data/SupplementaryWebsite/MeasuredPerformanceValues/Hipacc/measurements.xml
Configs with too large deviation: 0
13485 configurations loaded.
command: nfp Performance
command: setsampleset /scratch/kallistos/Distance-Based_Data/Results/Hipacc/Hipacc_62/sampledConfigurations_grammarBased_t3.csv
command: learn-splconqueror
Learning: NumberOfConfigurationsLearning:4152 NumberOfConfigurationsValidation:4152
Learning progress:
1;26.8838130298966 * API + 19.4416406592721 * LocalMemory;21.2642718581579;21.2642718581579;21.2642718581579;21.2642718581579;1.471957;2;19.4416406592721 * LocalMemory;1;12.567866919717;
2;25.9354598739588 * API + 19.3993668005335 * LocalMemory + 17.8593228777911 * bs_32x1;19.6663042527127;19.6663042527127;19.6663042527127;19.6663042527127;5.365357;3;17.8593228777911 * bs_32x1;1;1.59796760544523;
3;23.6890715625145 * API + 19.0346164036766 * LocalMemory + 17.9196432486238 * bs_32x1 + 8.69719391318253 * pixelPerThread_1;18.6280869830448;18.6280869830448;18.6280869830448;18.6280869830448;11.597915;4;8.69719391318253 * pixelPerThread_1;1;1.03821726966787;
4;23.9919334969128 * API + 18.3089353205472 * LocalMemory + 18.298134858977 * bs_32x1 + 7.445024195848 * pixelPerThread_1 + 45.0115312291164 * LocalMemory * bs_1024x1;17.8409179035053;17.8409179035053;17.8409179035053;17.8409179035053;21.853331;6;45.0115312291164 * LocalMemory * bs_1024x1;2;0.393584539769783;
5;24.0092166772941 * API + 17.1901247079602 * LocalMemory + 18.857314595643 * bs_32x1 + 7.2628892548482 * pixelPerThread_1 + 46.2951936023225 * LocalMemory * bs_1024x1 + 22.1868245656416 * LocalMemory * bs_512x1;17.0526952311354;17.0526952311354;17.0526952311354;17.0526952311354;35.850657;8;22.1868245656416 * LocalMemory * bs_512x1;2;0.394111336184929;
6;24.0124263171185 * API + 23.1860643593464 * LocalMemory + 19.1709804700658 * bs_32x1 + 7.18586669100295 * pixelPerThread_1 + 45.7674449852646 * LocalMemory * bs_1024x1 + 22.7736693682345 * LocalMemory * bs_512x1 + -9.88969320223133 * LocalMemory * TextureMemory;16.1607998275329;16.1607998275329;16.1607998275329;16.1607998275329;54.463672;10;-9.88969320223133 * LocalMemory * TextureMemory;2;0.44594770180127;
7;23.6112652870159 * API + 23.3415388927578 * LocalMemory + 19.5349902939529 * bs_32x1 + 7.05767715205517 * pixelPerThread_1 + 46.1436389512512 * LocalMemory * bs_1024x1 + 23.0680523415527 * LocalMemory * bs_512x1 + -9.8939427412063 * LocalMemory * TextureMemory + 8.08502828634324 * bs_32x32;15.6975828678575;15.6975828678575;15.6975828678575;15.6975828678575;81.045743;11;8.08502828634324 * bs_32x32;1;0.463216959675361;
8;23.2331941029218 * API + 23.4719428934737 * LocalMemory + 19.8676618107579 * bs_32x1 + 7.01008112471332 * pixelPerThread_1 + 46.4443147709461 * LocalMemory * bs_1024x1 + 23.3393344856261 * LocalMemory * bs_512x1 + -9.90386585765644 * LocalMemory * TextureMemory + 8.4376199481674 * bs_32x32 + 7.7905105465543 * bs_64x16;15.3206130168374;15.3206130168374;15.3206130168374;15.3206130168374;114.221939;12;7.7905105465543 * bs_64x16;1;0.376969851020075;
9;23.5725592043211 * API + 23.4585691058492 * LocalMemory + 12.804201339896 * bs_32x1 + 5.58267269012148 * pixelPerThread_1 + 47.4567370922651 * LocalMemory * bs_1024x1 + 23.4160061974742 * LocalMemory * bs_512x1 + -9.74070872524425 * LocalMemory * TextureMemory + 8.55653390855251 * bs_32x32 + 7.84216331152209 * bs_64x16 + 26.0627350446902 * pixelPerThread_1 * bs_32x1;14.7085528827676;14.7085528827676;14.7085528827676;14.7085528827676;155.222524;14;26.0627350446902 * pixelPerThread_1 * bs_32x1;2;0.306030067034906;
10;23.0616166115497 * API + 23.5680798152424 * LocalMemory + 13.2326698676223 * bs_32x1 + 5.42810644609556 * pixelPerThread_1 + 47.9652572915022 * LocalMemory * bs_1024x1 + 23.8150333607841 * LocalMemory * bs_512x1 + -9.65366585693587 * LocalMemory * TextureMemory + 9.06586544272196 * bs_32x32 + 8.34236266239466 * bs_64x16 + 26.2298994164128 * pixelPerThread_1 * bs_32x1 + 9.88978551658122 * bs_512x2;14.2971778852301;14.2971778852301;14.2971778852301;14.2971778852301;205.276762;15;9.88978551658122 * bs_512x2;1;0.411374997537511;
11;22.5580342804466 * API + 23.7599287090467 * LocalMemory + 13.6657106265121 * bs_32x1 + 5.29176362926175 * pixelPerThread_1 + 48.4482742414227 * LocalMemory * bs_1024x1 + 24.2180437047754 * LocalMemory * bs_512x1 + -9.71772379921445 * LocalMemory * TextureMemory + 9.56458660811549 * bs_32x32 + 8.83329013070343 * bs_64x16 + 26.3676190349925 * pixelPerThread_1 * bs_32x1 + 10.3824995040373 * bs_512x2 + 9.17110359592743 * bs_256x4;14.0332322662051;14.0332322662051;14.0332322662051;14.0332322662051;265.719447;16;9.17110359592743 * bs_256x4;1;0.263945619024973;
12;22.6259023812636 * API + 24.525028703038 * LocalMemory + 13.2319018591442 * bs_32x1 + 5.39851009417894 * pixelPerThread_1 + 47.5127346512848 * LocalMemory * bs_1024x1 + 23.3519474960737 * LocalMemory * bs_512x1 + -9.72537791012343 * LocalMemory * TextureMemory + 9.2053546506526 * bs_32x32 + 8.47072234141423 * bs_64x16 + 26.2900445780337 * pixelPerThread_1 * bs_32x1 + 10.0072571762816 * bs_512x2 + 8.79414679234419 * bs_256x4 + -11.357077007165 * LocalMemory * bs_64x2;13.4910967305047;13.4910967305047;13.4910967305047;13.4910967305047;337.254382;18;-11.357077007165 * LocalMemory * bs_64x2;2;0.271067767850223;
13;22.7346127039197 * API + 25.2266176698786 * LocalMemory + 12.8116991691121 * bs_32x1 + 5.27945693767177 * pixelPerThread_1 + 46.8637688442442 * LocalMemory * bs_1024x1 + 22.6356606799291 * LocalMemory * bs_512x1 + -9.80289184102925 * LocalMemory * TextureMemory + 8.91771348255679 * bs_32x32 + 8.17065689510346 * bs_64x16 + 26.4291115258323 * pixelPerThread_1 * bs_32x1 + 9.70242830923861 * bs_512x2 + 8.48929181801294 * bs_256x4 + -12.081057513704 * LocalMemory * bs_64x2 + -11.4700134323551 * LocalMemory * bs_32x4;13.06669162966;13.06669162966;13.06669162966;13.06669162966;417.633098;20;-11.4700134323551 * LocalMemory * bs_32x4;2;0.212202550422338;
Elapsed=00:06:57.7066128
average model: 
command: analyze-learning
Round, Model, LearningError, LearningErrorRel, ValidationError, ValidationErrorRel, ElapsedSeconds, ModelComplexity, BestCandidate, BestCandidateSize, BestCandidateScore, TestError
Models:
Termination reason: minImprovementPerRound
1;26.8838130298966 * API + 19.4416406592721 * LocalMemory;21.2642718581579;21.2642718581579;21.2642718581579;21.2642718581579;1.471957;2;19.4416406592721 * LocalMemory;1;12.567866919717;21.2971884996084
2;25.9354598739588 * API + 19.3993668005335 * LocalMemory + 17.8593228777911 * bs_32x1;19.6663042527127;19.6663042527127;19.6663042527127;19.6663042527127;5.365357;3;17.8593228777911 * bs_32x1;1;1.59796760544523;19.701043408156
3;23.6890715625145 * API + 19.0346164036766 * LocalMemory + 17.9196432486238 * bs_32x1 + 8.69719391318253 * pixelPerThread_1;18.6280869830448;18.6280869830448;18.6280869830448;18.6280869830448;11.597915;4;8.69719391318253 * pixelPerThread_1;1;1.03821726966787;18.5977589701332
4;23.9919334969128 * API + 18.3089353205472 * LocalMemory + 18.298134858977 * bs_32x1 + 7.445024195848 * pixelPerThread_1 + 45.0115312291164 * LocalMemory * bs_1024x1;17.8409179035053;17.8409179035053;17.8409179035053;17.8409179035053;21.853331;6;45.0115312291164 * LocalMemory * bs_1024x1;2;0.393584539769783;17.8972196382199
5;24.0092166772941 * API + 17.1901247079602 * LocalMemory + 18.857314595643 * bs_32x1 + 7.2628892548482 * pixelPerThread_1 + 46.2951936023225 * LocalMemory * bs_1024x1 + 22.1868245656416 * LocalMemory * bs_512x1;17.0526952311354;17.0526952311354;17.0526952311354;17.0526952311354;35.850657;8;22.1868245656416 * LocalMemory * bs_512x1;2;0.394111336184929;17.0000945880004
6;24.0124263171185 * API + 23.1860643593464 * LocalMemory + 19.1709804700658 * bs_32x1 + 7.18586669100295 * pixelPerThread_1 + 45.7674449852646 * LocalMemory * bs_1024x1 + 22.7736693682345 * LocalMemory * bs_512x1 + -9.88969320223133 * LocalMemory * TextureMemory;16.1607998275329;16.1607998275329;16.1607998275329;16.1607998275329;54.463672;10;-9.88969320223133 * LocalMemory * TextureMemory;2;0.44594770180127;16.1685795091733
7;23.6112652870159 * API + 23.3415388927578 * LocalMemory + 19.5349902939529 * bs_32x1 + 7.05767715205517 * pixelPerThread_1 + 46.1436389512512 * LocalMemory * bs_1024x1 + 23.0680523415527 * LocalMemory * bs_512x1 + -9.8939427412063 * LocalMemory * TextureMemory + 8.08502828634324 * bs_32x32;15.6975828678575;15.6975828678575;15.6975828678575;15.6975828678575;81.045743;11;8.08502828634324 * bs_32x32;1;0.463216959675361;15.7407439895917
8;23.2331941029218 * API + 23.4719428934737 * LocalMemory + 19.8676618107579 * bs_32x1 + 7.01008112471332 * pixelPerThread_1 + 46.4443147709461 * LocalMemory * bs_1024x1 + 23.3393344856261 * LocalMemory * bs_512x1 + -9.90386585765644 * LocalMemory * TextureMemory + 8.4376199481674 * bs_32x32 + 7.7905105465543 * bs_64x16;15.3206130168374;15.3206130168374;15.3206130168374;15.3206130168374;114.221939;12;7.7905105465543 * bs_64x16;1;0.376969851020075;15.4507204205995
9;23.5725592043211 * API + 23.4585691058492 * LocalMemory + 12.804201339896 * bs_32x1 + 5.58267269012148 * pixelPerThread_1 + 47.4567370922651 * LocalMemory * bs_1024x1 + 23.4160061974742 * LocalMemory * bs_512x1 + -9.74070872524425 * LocalMemory * TextureMemory + 8.55653390855251 * bs_32x32 + 7.84216331152209 * bs_64x16 + 26.0627350446902 * pixelPerThread_1 * bs_32x1;14.7085528827676;14.7085528827676;14.7085528827676;14.7085528827676;155.222524;14;26.0627350446902 * pixelPerThread_1 * bs_32x1;2;0.306030067034906;14.8742187147109
10;23.0616166115497 * API + 23.5680798152424 * LocalMemory + 13.2326698676223 * bs_32x1 + 5.42810644609556 * pixelPerThread_1 + 47.9652572915022 * LocalMemory * bs_1024x1 + 23.8150333607841 * LocalMemory * bs_512x1 + -9.65366585693587 * LocalMemory * TextureMemory + 9.06586544272196 * bs_32x32 + 8.34236266239466 * bs_64x16 + 26.2298994164128 * pixelPerThread_1 * bs_32x1 + 9.88978551658122 * bs_512x2;14.2971778852301;14.2971778852301;14.2971778852301;14.2971778852301;205.276762;15;9.88978551658122 * bs_512x2;1;0.411374997537511;14.4671364562928
11;22.5580342804466 * API + 23.7599287090467 * LocalMemory + 13.6657106265121 * bs_32x1 + 5.29176362926175 * pixelPerThread_1 + 48.4482742414227 * LocalMemory * bs_1024x1 + 24.2180437047754 * LocalMemory * bs_512x1 + -9.71772379921445 * LocalMemory * TextureMemory + 9.56458660811549 * bs_32x32 + 8.83329013070343 * bs_64x16 + 26.3676190349925 * pixelPerThread_1 * bs_32x1 + 10.3824995040373 * bs_512x2 + 9.17110359592743 * bs_256x4;14.0332322662051;14.0332322662051;14.0332322662051;14.0332322662051;265.719447;16;9.17110359592743 * bs_256x4;1;0.263945619024973;14.2342171366168
12;22.6259023812636 * API + 24.525028703038 * LocalMemory + 13.2319018591442 * bs_32x1 + 5.39851009417894 * pixelPerThread_1 + 47.5127346512848 * LocalMemory * bs_1024x1 + 23.3519474960737 * LocalMemory * bs_512x1 + -9.72537791012343 * LocalMemory * TextureMemory + 9.2053546506526 * bs_32x32 + 8.47072234141423 * bs_64x16 + 26.2900445780337 * pixelPerThread_1 * bs_32x1 + 10.0072571762816 * bs_512x2 + 8.79414679234419 * bs_256x4 + -11.357077007165 * LocalMemory * bs_64x2;13.4910967305047;13.4910967305047;13.4910967305047;13.4910967305047;337.254382;18;-11.357077007165 * LocalMemory * bs_64x2;2;0.271067767850223;13.7933707650377
13;22.7346127039197 * API + 25.2266176698786 * LocalMemory + 12.8116991691121 * bs_32x1 + 5.27945693767177 * pixelPerThread_1 + 46.8637688442442 * LocalMemory * bs_1024x1 + 22.6356606799291 * LocalMemory * bs_512x1 + -9.80289184102925 * LocalMemory * TextureMemory + 8.91771348255679 * bs_32x32 + 8.17065689510346 * bs_64x16 + 26.4291115258323 * pixelPerThread_1 * bs_32x1 + 9.70242830923861 * bs_512x2 + 8.48929181801294 * bs_256x4 + -12.081057513704 * LocalMemory * bs_64x2 + -11.4700134323551 * LocalMemory * bs_32x4;13.06669162966;13.06669162966;13.06669162966;13.06669162966;417.633098;20;-11.4700134323551 * LocalMemory * bs_32x4;2;0.212202550422338;13.2277648175495
Analyze finished
command: clean-sampling
command: clean-global
