Current machine learning settings: epsilon:0 lossFunction:RELATIVE parallelization:True bagging:False baggingNumbers:3 considerEpsilonTube:False baggingTestDataFraction:50 useBackward:False abortError:1 limitFeatureSize:False featureSizeTreshold:4 quadraticFunctionSupport:True crossValidation:False crossValidation-k:5 learn-logFunction:False learn-accumulatedLogFunction:False learn-asymFunction:False learn-ratioFunction:False learn-mirrowedFunction:False learn-numeric-disabled:True numberOfRounds:70 backwardErrorDelta:1 minImprovementPerRound:0.1 withHierarchy:False bruteForceCandidates:False ignoreBadFeatures:False stopOnLongRound:True candidateSizePenalty:True learnTimeLimit:00:00:00 scoreMeasure:RELERROR outputRoundsToStdout:False debug:False pythonInfluenceAnalysis:False blacklisted: 
command: mlsettings bagging:False stopOnLongRound:False parallelization:True lossFunction:RELATIVE useBackward:False abortError:1 limitFeatureSize:False featureSizeTreshold:7 quadraticFunctionSupport:True crossValidation:False learn_logFunction:True numberOfRounds:70 backwardErrorDelta:1 minImprovementPerRound:0.25 withHierarchy:False
Current machine learning settings: epsilon:0 lossFunction:RELATIVE parallelization:True bagging:False baggingNumbers:3 considerEpsilonTube:False baggingTestDataFraction:50 useBackward:False abortError:1 limitFeatureSize:False featureSizeTreshold:7 quadraticFunctionSupport:True crossValidation:False crossValidation-k:5 learn-logFunction:True learn-accumulatedLogFunction:False learn-asymFunction:False learn-ratioFunction:False learn-mirrowedFunction:False learn-numeric-disabled:True numberOfRounds:70 backwardErrorDelta:1 minImprovementPerRound:0.25 withHierarchy:False bruteForceCandidates:False ignoreBadFeatures:False stopOnLongRound:False candidateSizePenalty:True learnTimeLimit:00:00:00 scoreMeasure:RELERROR outputRoundsToStdout:False debug:False pythonInfluenceAnalysis:False blacklisted: 
command: solver z3
command: vm /scratch/kallistos/Distance-Based_Data/SupplementaryWebsite/MeasuredPerformanceValues/Polly/FeatureModel.xml
command: all /scratch/kallistos/Distance-Based_Data/SupplementaryWebsite/MeasuredPerformanceValues/Polly/measurements.xml
Configs with too large deviation: 0
60000 configurations loaded.
command: nfp Performance
command: setsampleset /scratch/kallistos/Distance-Based_Data/Results/Polly/Polly_45/sampledConfigurations_grammarBased_t3.csv
command: learn-splconqueror
Learning: NumberOfConfigurationsLearning:2172 NumberOfConfigurationsValidation:2172
Learning progress:
1;29.5708556149733 * polly_vectorizer + -5.5634492657669 * value_based;28.5156890409657;28.5156890409657;28.5156890409657;28.5156890409657;0.613609;2;-5.5634492657669 * value_based;1;4.51287184743335;
2;29.5708556149732 * polly_vectorizer + 0.0849988359690127 * value_based + -11.0444515955729 * value_based * min;19.1195811861349;19.1195811861349;19.1195811861349;19.1195811861349;2.159001;4;-11.0444515955729 * value_based * min;2;4.69805392741541;
3;29.5708556149732 * polly_vectorizer + 0.084998835969031 * value_based + -18.6187739520759 * value_based * min + 16.7383173063463 * value_based * min * polly_no_tiling;8.3021761537846;8.3021761537846;8.3021761537846;8.3021761537846;4.92782;7;16.7383173063463 * value_based * min * polly_no_tiling;3;3.60580167745009;
4;28.9834273879451 * polly_vectorizer + -0.016619395992787 * value_based + -18.5684577406254 * value_based * min + 16.733060267272 * value_based * min * polly_no_tiling + 1.84104600761359 * parallel;6.85724668347044;6.85724668347044;6.85724668347044;6.85724668347044;9.040309;8;1.84104600761359 * parallel;1;1.44492947031416;
5;28.9686329874445 * polly_vectorizer + -0.0191786547286512 * value_based + -16.6086040212232 * value_based * min + 16.9207615357735 * value_based * min * polly_no_tiling + 1.88741281588608 * parallel + -4.17264081255469 * value_based * min * polly;4.34052497596542;4.34052497596542;4.34052497596542;4.34052497596542;15.00756;11;-4.17264081255469 * value_based * min * polly;3;0.838907235835009;
6;28.956337721735 * polly_vectorizer + -0.0213055922940155 * value_based + -16.6170546570505 * value_based * min + 16.9444824571322 * value_based * min * polly_no_tiling + 1.9259471402608 * parallel + -5.26580131044358 * value_based * min * polly + 5.12167541061461 * value_based * min * polly * pollydefaulttilesize_4;3.61188915850676;3.61188915850676;3.61188915850676;3.61188915850676;23.02324;15;5.12167541061461 * value_based * min * polly * pollydefaulttilesize_4;4;0.182158954364663;
Elapsed=00:00:23.0614679
average model: 
command: analyze-learning
Round, Model, LearningError, LearningErrorRel, ValidationError, ValidationErrorRel, ElapsedSeconds, ModelComplexity, BestCandidate, BestCandidateSize, BestCandidateScore, TestError
Models:
Termination reason: minImprovementPerRound
1;29.5708556149733 * polly_vectorizer + -5.5634492657669 * value_based;28.5156890409657;28.5156890409657;28.5156890409657;28.5156890409657;0.613609;2;-5.5634492657669 * value_based;1;4.51287184743335;28.2982980280587
2;29.5708556149732 * polly_vectorizer + 0.0849988359690127 * value_based + -11.0444515955729 * value_based * min;19.1195811861349;19.1195811861349;19.1195811861349;19.1195811861349;2.159001;4;-11.0444515955729 * value_based * min;2;4.69805392741541;19.3449004100666
3;29.5708556149732 * polly_vectorizer + 0.084998835969031 * value_based + -18.6187739520759 * value_based * min + 16.7383173063463 * value_based * min * polly_no_tiling;8.3021761537846;8.3021761537846;8.3021761537846;8.3021761537846;4.92782;7;16.7383173063463 * value_based * min * polly_no_tiling;3;3.60580167745009;8.34376503319705
4;28.9834273879451 * polly_vectorizer + -0.016619395992787 * value_based + -18.5684577406254 * value_based * min + 16.733060267272 * value_based * min * polly_no_tiling + 1.84104600761359 * parallel;6.85724668347044;6.85724668347044;6.85724668347044;6.85724668347044;9.040309;8;1.84104600761359 * parallel;1;1.44492947031416;6.82170883667924
5;28.9686329874445 * polly_vectorizer + -0.0191786547286512 * value_based + -16.6086040212232 * value_based * min + 16.9207615357735 * value_based * min * polly_no_tiling + 1.88741281588608 * parallel + -4.17264081255469 * value_based * min * polly;4.34052497596542;4.34052497596542;4.34052497596542;4.34052497596542;15.00756;11;-4.17264081255469 * value_based * min * polly;3;0.838907235835009;4.17081956623837
6;28.956337721735 * polly_vectorizer + -0.0213055922940155 * value_based + -16.6170546570505 * value_based * min + 16.9444824571322 * value_based * min * polly_no_tiling + 1.9259471402608 * parallel + -5.26580131044358 * value_based * min * polly + 5.12167541061461 * value_based * min * polly * pollydefaulttilesize_4;3.61188915850676;3.61188915850676;3.61188915850676;3.61188915850676;23.02324;15;5.12167541061461 * value_based * min * polly * pollydefaulttilesize_4;4;0.182158954364663;3.50367304792298
Analyze finished
command: clean-sampling
command: clean-global
