Current machine learning settings: epsilon:0 lossFunction:RELATIVE parallelization:True bagging:False baggingNumbers:3 considerEpsilonTube:False baggingTestDataFraction:50 useBackward:False abortError:1 limitFeatureSize:False featureSizeTreshold:4 quadraticFunctionSupport:True crossValidation:False crossValidation-k:5 learn-logFunction:False learn-accumulatedLogFunction:False learn-asymFunction:False learn-ratioFunction:False learn-mirrowedFunction:False learn-numeric-disabled:True numberOfRounds:70 backwardErrorDelta:1 minImprovementPerRound:0.1 withHierarchy:False bruteForceCandidates:False ignoreBadFeatures:False stopOnLongRound:True candidateSizePenalty:True learnTimeLimit:00:00:00 scoreMeasure:RELERROR outputRoundsToStdout:False debug:False pythonInfluenceAnalysis:False blacklisted: 
command: mlsettings bagging:False stopOnLongRound:False parallelization:True lossFunction:RELATIVE useBackward:False abortError:1 limitFeatureSize:False featureSizeTreshold:7 quadraticFunctionSupport:True crossValidation:False learn_logFunction:True numberOfRounds:70 backwardErrorDelta:1 minImprovementPerRound:0.25 withHierarchy:False
Current machine learning settings: epsilon:0 lossFunction:RELATIVE parallelization:True bagging:False baggingNumbers:3 considerEpsilonTube:False baggingTestDataFraction:50 useBackward:False abortError:1 limitFeatureSize:False featureSizeTreshold:7 quadraticFunctionSupport:True crossValidation:False crossValidation-k:5 learn-logFunction:True learn-accumulatedLogFunction:False learn-asymFunction:False learn-ratioFunction:False learn-mirrowedFunction:False learn-numeric-disabled:True numberOfRounds:70 backwardErrorDelta:1 minImprovementPerRound:0.25 withHierarchy:False bruteForceCandidates:False ignoreBadFeatures:False stopOnLongRound:False candidateSizePenalty:True learnTimeLimit:00:00:00 scoreMeasure:RELERROR outputRoundsToStdout:False debug:False pythonInfluenceAnalysis:False blacklisted: 
command: solver z3
command: vm /scratch/kallistos/Distance-Based_Data/SupplementaryWebsite/MeasuredPerformanceValues/Polly/FeatureModel.xml
command: all /scratch/kallistos/Distance-Based_Data/SupplementaryWebsite/MeasuredPerformanceValues/Polly/measurements.xml
Configs with too large deviation: 0
60000 configurations loaded.
command: nfp Performance
command: setsampleset /scratch/kallistos/Distance-Based_Data/Results/Polly/Polly_94/sampledConfigurations_divDistBased_t3.csv
command: learn-splconqueror
Learning: NumberOfConfigurationsLearning:2172 NumberOfConfigurationsValidation:2172
Learning progress:
1;29.8428446115288 * polly_vectorizer + -7.20822861786291 * value_based;27.1347697202797;27.1347697202797;27.1347697202797;27.1347697202797;0.63326;2;-7.20822861786291 * value_based;1;6.85920635723867;
2;29.8428446115288 * polly_vectorizer + -12.2464759351602 * value_based + 11.7512582857736 * value_based * max;18.4838142310669;18.4838142310669;18.4838142310669;18.4838142310669;2.158227;4;11.7512582857736 * value_based * max;2;4.32547774460639;
3;29.8428446115289 * polly_vectorizer + -16.8292331532786 * value_based + 12.9385610237629 * value_based * max + 10.3004963640887 * value_based * polly_no_tiling;12.524620714115;12.524620714115;12.524620714115;12.524620714115;4.820541;6;10.3004963640887 * value_based * polly_no_tiling;2;2.979596758476;
4;29.8428446115289 * polly_vectorizer + -19.7341554729521 * value_based + 19.0485009440679 * value_based * max + 16.8297843816724 * value_based * polly_no_tiling + -16.2520725035327 * value_based * max * polly_no_tiling;7.89619530904267;7.89619530904267;7.89619530904267;7.89619530904267;8.708354;9;-16.2520725035327 * value_based * max * polly_no_tiling;3;1.54280846835743;
5;28.9478643602129 * polly_vectorizer + -18.9390375873559 * value_based + 18.9358757671449 * value_based * max + 16.226577027723 * value_based * polly_no_tiling + -16.1725778324935 * value_based * max * polly_no_tiling + 1.90451797480022 * parallel;6.18588490172967;6.18588490172967;6.18588490172967;6.18588490172967;14.214831;10;1.90451797480022 * parallel;1;1.710310407313;
6;28.9214897077276 * polly_vectorizer + -17.8302670324931 * value_based + 19.1122771132703 * value_based * max + 16.8925773192135 * value_based * polly_no_tiling + -16.881846403402 * value_based * max * polly_no_tiling + 1.96064323528909 * parallel + -2.3369795127554 * value_based * polly;4.98805445334658;4.98805445334658;4.98805445334658;4.98805445334658;22.115726;12;-2.3369795127554 * value_based * polly;2;0.598915224191545;
7;28.899704516725 * polly_vectorizer + -16.9086947535765 * value_based + 21.1978229307228 * value_based * max + 17.4463024789408 * value_based * polly_no_tiling + -17.4211104756505 * value_based * max * polly_no_tiling + 2.00700212174241 * parallel + -4.27965835858879 * value_based * polly + -4.22712904710575 * value_based * max * none;3.6309277987332;3.6309277987332;3.6309277987332;3.6309277987332;32.59057;15;-4.22712904710575 * value_based * max * none;3;0.452375551537794;
8;28.9105509384301 * polly_vectorizer + -16.7340677378786 * value_based + 21.1598607404075 * value_based * max + 17.4494809423462 * value_based * polly_no_tiling + -17.4017946460505 * value_based * max * polly_no_tiling + 1.98392093635429 * parallel + -4.24990886837898 * value_based * polly + -4.16846881419471 * value_based * max * none + -1.05774415954392 * value_based * pollydefaulttilesize_64;3.4806482963809;3.4806482963809;3.4806482963809;3.4806482963809;45.675251;17;-1.05774415954392 * value_based * pollydefaulttilesize_64;2;0.0751397511761476;
Elapsed=00:00:45.7216679
average model: 
command: analyze-learning
Round, Model, LearningError, LearningErrorRel, ValidationError, ValidationErrorRel, ElapsedSeconds, ModelComplexity, BestCandidate, BestCandidateSize, BestCandidateScore, TestError
Models:
Termination reason: minImprovementPerRound
1;29.8428446115288 * polly_vectorizer + -7.20822861786291 * value_based;27.1347697202797;27.1347697202797;27.1347697202797;27.1347697202797;0.63326;2;-7.20822861786291 * value_based;1;6.85920635723867;28.301238654532
2;29.8428446115288 * polly_vectorizer + -12.2464759351602 * value_based + 11.7512582857736 * value_based * max;18.4838142310669;18.4838142310669;18.4838142310669;18.4838142310669;2.158227;4;11.7512582857736 * value_based * max;2;4.32547774460639;18.5944475128931
3;29.8428446115289 * polly_vectorizer + -16.8292331532786 * value_based + 12.9385610237629 * value_based * max + 10.3004963640887 * value_based * polly_no_tiling;12.524620714115;12.524620714115;12.524620714115;12.524620714115;4.820541;6;10.3004963640887 * value_based * polly_no_tiling;2;2.979596758476;14.595660518007
4;29.8428446115289 * polly_vectorizer + -19.7341554729521 * value_based + 19.0485009440679 * value_based * max + 16.8297843816724 * value_based * polly_no_tiling + -16.2520725035327 * value_based * max * polly_no_tiling;7.89619530904267;7.89619530904267;7.89619530904267;7.89619530904267;8.708354;9;-16.2520725035327 * value_based * max * polly_no_tiling;3;1.54280846835743;8.17792318799433
5;28.9478643602129 * polly_vectorizer + -18.9390375873559 * value_based + 18.9358757671449 * value_based * max + 16.226577027723 * value_based * polly_no_tiling + -16.1725778324935 * value_based * max * polly_no_tiling + 1.90451797480022 * parallel;6.18588490172967;6.18588490172967;6.18588490172967;6.18588490172967;14.214831;10;1.90451797480022 * parallel;1;1.710310407313;6.73365808240867
6;28.9214897077276 * polly_vectorizer + -17.8302670324931 * value_based + 19.1122771132703 * value_based * max + 16.8925773192135 * value_based * polly_no_tiling + -16.881846403402 * value_based * max * polly_no_tiling + 1.96064323528909 * parallel + -2.3369795127554 * value_based * polly;4.98805445334658;4.98805445334658;4.98805445334658;4.98805445334658;22.115726;12;-2.3369795127554 * value_based * polly;2;0.598915224191545;5.63267684038739
7;28.899704516725 * polly_vectorizer + -16.9086947535765 * value_based + 21.1978229307228 * value_based * max + 17.4463024789408 * value_based * polly_no_tiling + -17.4211104756505 * value_based * max * polly_no_tiling + 2.00700212174241 * parallel + -4.27965835858879 * value_based * polly + -4.22712904710575 * value_based * max * none;3.6309277987332;3.6309277987332;3.6309277987332;3.6309277987332;32.59057;15;-4.22712904710575 * value_based * max * none;3;0.452375551537794;3.88639785847937
8;28.9105509384301 * polly_vectorizer + -16.7340677378786 * value_based + 21.1598607404075 * value_based * max + 17.4494809423462 * value_based * polly_no_tiling + -17.4017946460505 * value_based * max * polly_no_tiling + 1.98392093635429 * parallel + -4.24990886837898 * value_based * polly + -4.16846881419471 * value_based * max * none + -1.05774415954392 * value_based * pollydefaulttilesize_64;3.4806482963809;3.4806482963809;3.4806482963809;3.4806482963809;45.675251;17;-1.05774415954392 * value_based * pollydefaulttilesize_64;2;0.0751397511761476;3.87821846085044
Analyze finished
command: clean-sampling
command: clean-global
