11395 - OpenCL, Array2D, LocalMemory, bs_256x2, padding_288, pixelPerThread_4
14071 - OpenCL, Ldg, LocalMemory, bs_64x2, padding_480, pixelPerThread_4
9602 - OpenCL, Array2D, bs_32x2, padding_96, pixelPerThread_3
11247 - OpenCL, Array2D, LocalMemory, bs_64x8, padding_192, pixelPerThread_4
25382 - CUDA, Array2D, LocalMemory, bs_32x4, padding_128, pixelPerThread_3
7316 - OpenCL, Linear2D, LocalMemory, bs_32x16, padding_320, pixelPerThread_1
2203 - OpenCL, LocalMemory, bs_256x4, padding_192, pixelPerThread_4
28026 - CUDA, Ldg, LocalMemory, bs_512x2, padding_64, pixelPerThread_3
13512 - OpenCL, Ldg, LocalMemory, bs_128x4, padding_384, pixelPerThread_1
13974 - OpenCL, Ldg, LocalMemory, bs_32x4, padding_256, pixelPerThread_3
22934 - CUDA, Array2D, bs_32x8, padding_128, pixelPerThread_3
5944 - OpenCL, Linear2D, bs_32x32, padding_224, pixelPerThread_1
23469 - CUDA, Array2D, bs_128x4, padding_64, pixelPerThread_2
7878 - OpenCL, Linear2D, LocalMemory, bs_128x8, padding_448, pixelPerThread_3
23796 - CUDA, Array2D, bs_512x2, padding_512, pixelPerThread_1
6908 - OpenCL, Linear2D, bs_64x2, padding_320, pixelPerThread_1
7495 - OpenCL, Linear2D, LocalMemory, bs_64x4, padding_96, pixelPerThread_4
10153 - OpenCL, Array2D, LocalMemory, bs_32x16, padding_160, pixelPerThread_2
10307 - OpenCL, Array2D, LocalMemory, bs_64x1, padding_288, pixelPerThread_4
3371 - OpenCL, Linear1D, bs_128x1, padding_288, pixelPerThread_4
25157 - CUDA, Array2D, LocalMemory, bs_512x1, padding_512, pixelPerThread_2
23589 - CUDA, Array2D, bs_128x8, padding_480, pixelPerThread_2
13728 - OpenCL, Ldg, LocalMemory, bs_512x1, padding_480, pixelPerThread_1
8092 - OpenCL, Linear2D, LocalMemory, bs_1024x1, padding_0, pixelPerThread_1
6110 - OpenCL, Linear2D, bs_64x4, padding_448, pixelPerThread_3
5323 - OpenCL, Linear1D, LocalMemory, bs_32x2, padding_128, pixelPerThread_4
25574 - CUDA, Array2D, LocalMemory, bs_256x1, padding_32, pixelPerThread_3
6846 - OpenCL, Linear2D, bs_32x4, padding_352, pixelPerThread_3
12068 - OpenCL, Ldg, bs_128x4, padding_256, pixelPerThread_1
5763 - OpenCL, Linear2D, bs_32x1, padding_384, pixelPerThread_4
5450 - OpenCL, Linear1D, LocalMemory, bs_64x2, padding_64, pixelPerThread_3
15931 - CUDA, LocalMemory, bs_32x32, padding_128, pixelPerThread_4
6416 - OpenCL, Linear2D, bs_128x8, padding_192, pixelPerThread_1
9177 - OpenCL, Array2D, bs_128x2, padding_512, pixelPerThread_2
18835 - CUDA, Linear1D, LocalMemory, bs_32x32, padding_512, pixelPerThread_4
12770 - OpenCL, Ldg, bs_256x1, padding_416, pixelPerThread_3
25279 - CUDA, Array2D, LocalMemory, bs_1024x1, padding_384, pixelPerThread_4
3273 - OpenCL, Linear1D, bs_64x16, padding_64, pixelPerThread_2
14215 - OpenCL, Ldg, LocalMemory, bs_256x2, padding_0, pixelPerThread_4
11273 - OpenCL, Array2D, LocalMemory, bs_64x8, padding_416, pixelPerThread_2
11243 - OpenCL, Array2D, LocalMemory, bs_64x8, padding_160, pixelPerThread_4
12170 - OpenCL, Ldg, bs_128x8, padding_512, pixelPerThread_3
7938 - OpenCL, Linear2D, LocalMemory, bs_256x4, padding_384, pixelPerThread_3
5661 - OpenCL, Linear1D, LocalMemory, bs_256x2, padding_128, pixelPerThread_2
9894 - OpenCL, Array2D, bs_256x1, padding_256, pixelPerThread_3
