Current machine learning settings: epsilon:0 lossFunction:RELATIVE parallelization:True bagging:False baggingNumbers:3 considerEpsilonTube:False baggingTestDataFraction:50 useBackward:False abortError:1 limitFeatureSize:False featureSizeTreshold:4 quadraticFunctionSupport:True crossValidation:False crossValidation-k:5 learn-logFunction:False learn-accumulatedLogFunction:False learn-asymFunction:False learn-ratioFunction:False learn-mirrowedFunction:False learn-numeric-disabled:True numberOfRounds:70 backwardErrorDelta:1 minImprovementPerRound:0.1 withHierarchy:False bruteForceCandidates:False ignoreBadFeatures:False stopOnLongRound:True candidateSizePenalty:True learnTimeLimit:00:00:00 scoreMeasure:RELERROR outputRoundsToStdout:False debug:False pythonInfluenceAnalysis:False blacklisted: 
command: solver z3
command: vm /scratch/kallistos/Distance-Based_Data/SupplementaryWebsite/MeasuredPerformanceValues/Hipacc/FeatureModel.xml
Warning: Variability model contains outdated notation. Children nodes will no longer have effect on the model. Instead use the parent node to describe the parent of an configuration option. You can also use the converter providedby the Variability Model GUI in export>convert legacy model.
Warning: Default value nodes in models are no longer used and should be removed. You can also use the converter provided by the Variability Model GUI in export>convert legacy model to update your model.
command: all /scratch/kallistos/Distance-Based_Data/SupplementaryWebsite/MeasuredPerformanceValues/Hipacc/measurements.xml
Configs with too large deviation: 0
13485 configurations loaded.
command: binary grammar-based numConfigs:4601 seed:76  confFaultsReport:./out_grammarBasedFailureReport_t3.log
command: printconfigs ./sampledConfigurations_grammarBased_t3FailureReport.csv
Number to sample: 4601; Number of Configurations in Grammar: 28560
Draw a new random number, cause 20148 is already in drawn.
Draw a new random number, cause 2043 is already in drawn.
Draw a new random number, cause 16209 is already in drawn.
Draw a new random number, cause 20845 is already in drawn.
Draw a new random number, cause 2795 is already in drawn.
Draw a new random number, cause 18493 is already in drawn.
Draw a new random number, cause 18055 is already in drawn.
Draw a new random number, cause 28527 is already in drawn.
Draw a new random number, cause 457 is already in drawn.
Draw a new random number, cause 27529 is already in drawn.
Draw a new random number, cause 17588 is already in drawn.
Draw a new random number, cause 18620 is already in drawn.
Draw a new random number, cause 17022 is already in drawn.
Draw a new random number, cause 26632 is already in drawn.
Draw a new random number, cause 27522 is already in drawn.
Draw a new random number, cause 21592 is already in drawn.
Draw a new random number, cause 17971 is already in drawn.
Draw a new random number, cause 256 is already in drawn.
Draw a new random number, cause 20682 is already in drawn.
Draw a new random number, cause 20898 is already in drawn.
Draw a new random number, cause 15393 is already in drawn.
Draw a new random number, cause 15377 is already in drawn.
Draw a new random number, cause 297 is already in drawn.
Draw a new random number, cause 22633 is already in drawn.
Draw a new random number, cause 20910 is already in drawn.
Draw a new random number, cause 14347 is already in drawn.
Draw a new random number, cause 27664 is already in drawn.
Draw a new random number, cause 17072 is already in drawn.
Draw a new random number, cause 1988 is already in drawn.
Draw a new random number, cause 17937 is already in drawn.
Draw a new random number, cause 19911 is already in drawn.
Draw a new random number, cause 20791 is already in drawn.
Draw a new random number, cause 25770 is already in drawn.
Draw a new random number, cause 155 is already in drawn.
Draw a new random number, cause 17448 is already in drawn.
Draw a new random number, cause 26580 is already in drawn.
Draw a new random number, cause 25764 is already in drawn.
Draw a new random number, cause 25932 is already in drawn.
Draw a new random number, cause 28489 is already in drawn.
Draw a new random number, cause 2337 is already in drawn.
Draw a new random number, cause 15801 is already in drawn.
Draw a new random number, cause 15171 is already in drawn.
Draw a new random number, cause 28419 is already in drawn.
Draw a new random number, cause 16584 is already in drawn.
Draw a new random number, cause 16172 is already in drawn.
Draw a new random number, cause 27702 is already in drawn.
Draw a new random number, cause 1600 is already in drawn.
Draw a new random number, cause 17898 is already in drawn.
Draw a new random number, cause 28080 is already in drawn.
Draw a new random number, cause 28416 is already in drawn.
Draw a new random number, cause 19312 is already in drawn.
Draw a new random number, cause 1425 is already in drawn.
Draw a new random number, cause 28013 is already in drawn.
Draw a new random number, cause 21250 is already in drawn.
Draw a new random number, cause 20765 is already in drawn.
Draw a new random number, cause 18621 is already in drawn.
Draw a new random number, cause 19601 is already in drawn.
Draw a new random number, cause 22100 is already in drawn.
Draw a new random number, cause 17434 is already in drawn.
Draw a new random number, cause 14830 is already in drawn.
Draw a new random number, cause 20894 is already in drawn.
Draw a new random number, cause 15249 is already in drawn.
Draw a new random number, cause 17105 is already in drawn.
Draw a new random number, cause 26967 is already in drawn.
Draw a new random number, cause 14846 is already in drawn.
Draw a new random number, cause 21185 is already in drawn.
Draw a new random number, cause 20410 is already in drawn.
Draw a new random number, cause 10541 is already in drawn.
Draw a new random number, cause 24006 is already in drawn.
Draw a new random number, cause 21026 is already in drawn.
Draw a new random number, cause 28080 is already in drawn.
Draw a new random number, cause 14444 is already in drawn.
Draw a new random number, cause 15426 is already in drawn.
Draw a new random number, cause 21591 is already in drawn.
Draw a new random number, cause 17704 is already in drawn.
Draw a new random number, cause 15503 is already in drawn.
Draw a new random number, cause 1942 is already in drawn.
Draw a new random number, cause 702 is already in drawn.
Draw a new random number, cause 21000 is already in drawn.
Draw a new random number, cause 19665 is already in drawn.
Draw a new random number, cause 27050 is already in drawn.
Draw a new random number, cause 26759 is already in drawn.
Draw a new random number, cause 14914 is already in drawn.
Draw a new random number, cause 20672 is already in drawn.
Draw a new random number, cause 26105 is already in drawn.
Draw a new random number, cause 1684 is already in drawn.
Draw a new random number, cause 19750 is already in drawn.
Draw a new random number, cause 2709 is already in drawn.
Draw a new random number, cause 18939 is already in drawn.
Draw a new random number, cause 969 is already in drawn.
Draw a new random number, cause 26312 is already in drawn.
Draw a new random number, cause 1455 is already in drawn.
Draw a new random number, cause 466 is already in drawn.
Draw a new random number, cause 10200 is already in drawn.
Draw a new random number, cause 2605 is already in drawn.
Draw a new random number, cause 128 is already in drawn.
Draw a new random number, cause 22093 is already in drawn.
Draw a new random number, cause 15362 is already in drawn.
Draw a new random number, cause 25947 is already in drawn.
Draw a new random number, cause 27477 is already in drawn.
Draw a new random number, cause 21473 is already in drawn.
Draw a new random number, cause 26263 is already in drawn.
Draw a new random number, cause 19615 is already in drawn.
Draw a new random number, cause 21194 is already in drawn.
Draw a new random number, cause 2117 is already in drawn.
Draw a new random number, cause 17390 is already in drawn.
Draw a new random number, cause 21185 is already in drawn.
Draw a new random number, cause 26036 is already in drawn.
Draw a new random number, cause 28400 is already in drawn.
Draw a new random number, cause 689 is already in drawn.
Draw a new random number, cause 28371 is already in drawn.
Draw a new random number, cause 142 is already in drawn.
Draw a new random number, cause 9726 is already in drawn.
Draw a new random number, cause 21889 is already in drawn.
Draw a new random number, cause 27223 is already in drawn.
Draw a new random number, cause 26524 is already in drawn.
Draw a new random number, cause 15172 is already in drawn.
Draw a new random number, cause 21628 is already in drawn.
Draw a new random number, cause 20287 is already in drawn.
Draw a new random number, cause 15863 is already in drawn.
Draw a new random number, cause 19301 is already in drawn.
Draw a new random number, cause 958 is already in drawn.
Draw a new random number, cause 1047 is already in drawn.
Draw a new random number, cause 20994 is already in drawn.
Draw a new random number, cause 10881 is already in drawn.
Draw a new random number, cause 28470 is already in drawn.
Draw a new random number, cause 17796 is already in drawn.
Draw a new random number, cause 17947 is already in drawn.
Draw a new random number, cause 26761 is already in drawn.
Draw a new random number, cause 18434 is already in drawn.
Draw a new random number, cause 15266 is already in drawn.
Draw a new random number, cause 26586 is already in drawn.
Draw a new random number, cause 21718 is already in drawn.
Draw a new random number, cause 1218 is already in drawn.
Draw a new random number, cause 16057 is already in drawn.
Draw a new random number, cause 18050 is already in drawn.
Draw a new random number, cause 22726 is already in drawn.
Draw a new random number, cause 19408 is already in drawn.
Draw a new random number, cause 1610 is already in drawn.
Draw a new random number, cause 17436 is already in drawn.
Draw a new random number, cause 21116 is already in drawn.
Draw a new random number, cause 22184 is already in drawn.
Draw a new random number, cause 28169 is already in drawn.
Draw a new random number, cause 15835 is already in drawn.
Draw a new random number, cause 15763 is already in drawn.
Draw a new random number, cause 20541 is already in drawn.
Draw a new random number, cause 17781 is already in drawn.
Draw a new random number, cause 18876 is already in drawn.
Draw a new random number, cause 19874 is already in drawn.
Draw a new random number, cause 14423 is already in drawn.
Draw a new random number, cause 27864 is already in drawn.
Draw a new random number, cause 26890 is already in drawn.
Draw a new random number, cause 21526 is already in drawn.
Draw a new random number, cause 2045 is already in drawn.
Draw a new random number, cause 25839 is already in drawn.
Draw a new random number, cause 21107 is already in drawn.
Draw a new random number, cause 27920 is already in drawn.
Draw a new random number, cause 27626 is already in drawn.
Draw a new random number, cause 18169 is already in drawn.
Draw a new random number, cause 10540 is already in drawn.
Draw a new random number, cause 26278 is already in drawn.
Draw a new random number, cause 27978 is already in drawn.
Draw a new random number, cause 2605 is already in drawn.
Draw a new random number, cause 20535 is already in drawn.
Draw a new random number, cause 1112 is already in drawn.
Draw a new random number, cause 17387 is already in drawn.
Draw a new random number, cause 27201 is already in drawn.
Draw a new random number, cause 18620 is already in drawn.
Draw a new random number, cause 21735 is already in drawn.
Draw a new random number, cause 18745 is already in drawn.
Draw a new random number, cause 19672 is already in drawn.
Draw a new random number, cause 2039 is already in drawn.
Draw a new random number, cause 2680 is already in drawn.
Draw a new random number, cause 15729 is already in drawn.
Draw a new random number, cause 27781 is already in drawn.
Draw a new random number, cause 15075 is already in drawn.
Draw a new random number, cause 26297 is already in drawn.
Draw a new random number, cause 1751 is already in drawn.
Draw a new random number, cause 15762 is already in drawn.
Draw a new random number, cause 16264 is already in drawn.
Draw a new random number, cause 2048 is already in drawn.
Draw a new random number, cause 21594 is already in drawn.
Draw a new random number, cause 28495 is already in drawn.
Draw a new random number, cause 16572 is already in drawn.
Draw a new random number, cause 20899 is already in drawn.
Draw a new random number, cause 21722 is already in drawn.
Draw a new random number, cause 632 is already in drawn.
Draw a new random number, cause 17607 is already in drawn.
Draw a new random number, cause 1401 is already in drawn.
Draw a new random number, cause 21625 is already in drawn.
Draw a new random number, cause 21295 is already in drawn.
Draw a new random number, cause 20295 is already in drawn.
Draw a new random number, cause 1330 is already in drawn.
Draw a new random number, cause 10 is already in drawn.
Draw a new random number, cause 28339 is already in drawn.
Draw a new random number, cause 723 is already in drawn.
Draw a new random number, cause 20124 is already in drawn.
Draw a new random number, cause 1383 is already in drawn.
Draw a new random number, cause 2016 is already in drawn.
Draw a new random number, cause 14812 is already in drawn.
Draw a new random number, cause 27179 is already in drawn.
Draw a new random number, cause 185 is already in drawn.
Draw a new random number, cause 14357 is already in drawn.
Draw a new random number, cause 20334 is already in drawn.
Draw a new random number, cause 27136 is already in drawn.
Draw a new random number, cause 19435 is already in drawn.
Draw a new random number, cause 19912 is already in drawn.
Draw a new random number, cause 20373 is already in drawn.
Draw a new random number, cause 324 is already in drawn.
Draw a new random number, cause 20373 is already in drawn.
Draw a new random number, cause 22986 is already in drawn.
Draw a new random number, cause 27781 is already in drawn.
Draw a new random number, cause 19912 is already in drawn.
Draw a new random number, cause 2743 is already in drawn.
Draw a new random number, cause 1793 is already in drawn.
Draw a new random number, cause 20423 is already in drawn.
Draw a new random number, cause 17229 is already in drawn.
Draw a new random number, cause 16997 is already in drawn.
Draw a new random number, cause 20514 is already in drawn.
Draw a new random number, cause 14448 is already in drawn.
Draw a new random number, cause 20826 is already in drawn.
Draw a new random number, cause 454 is already in drawn.
Draw a new random number, cause 15178 is already in drawn.
Draw a new random number, cause 22746 is already in drawn.
Draw a new random number, cause 18000 is already in drawn.
Draw a new random number, cause 2746 is already in drawn.
Draw a new random number, cause 20599 is already in drawn.
Draw a new random number, cause 685 is already in drawn.
Draw a new random number, cause 14674 is already in drawn.
Draw a new random number, cause 17277 is already in drawn.
Draw a new random number, cause 2307 is already in drawn.
Draw a new random number, cause 20825 is already in drawn.
Draw a new random number, cause 893 is already in drawn.
Draw a new random number, cause 22108 is already in drawn.
Draw a new random number, cause 19758 is already in drawn.
Draw a new random number, cause 17277 is already in drawn.
Draw a new random number, cause 20300 is already in drawn.
Draw a new random number, cause 9319 is already in drawn.
Draw a new random number, cause 22664 is already in drawn.
Draw a new random number, cause 21995 is already in drawn.
Draw a new random number, cause 22598 is already in drawn.
Draw a new random number, cause 23326 is already in drawn.
Draw a new random number, cause 25775 is already in drawn.
Draw a new random number, cause 25801 is already in drawn.
Draw a new random number, cause 28389 is already in drawn.
Draw a new random number, cause 18841 is already in drawn.
Draw a new random number, cause 2290 is already in drawn.
Draw a new random number, cause 14955 is already in drawn.
Draw a new random number, cause 1375 is already in drawn.
Draw a new random number, cause 25750 is already in drawn.
Draw a new random number, cause 27739 is already in drawn.
Draw a new random number, cause 20564 is already in drawn.
Draw a new random number, cause 26964 is already in drawn.
Draw a new random number, cause 16769 is already in drawn.
Draw a new random number, cause 27335 is already in drawn.
Draw a new random number, cause 26376 is already in drawn.
Draw a new random number, cause 26439 is already in drawn.
Draw a new random number, cause 15944 is already in drawn.
Draw a new random number, cause 15729 is already in drawn.
Draw a new random number, cause 18550 is already in drawn.
Draw a new random number, cause 21483 is already in drawn.
Draw a new random number, cause 16231 is already in drawn.
Draw a new random number, cause 21982 is already in drawn.
Draw a new random number, cause 20884 is already in drawn.
Draw a new random number, cause 19194 is already in drawn.
Draw a new random number, cause 632 is already in drawn.
Draw a new random number, cause 20 is already in drawn.
Draw a new random number, cause 21704 is already in drawn.
Draw a new random number, cause 16841 is already in drawn.
Draw a new random number, cause 1488 is already in drawn.
Draw a new random number, cause 28289 is already in drawn.
Draw a new random number, cause 23256 is already in drawn.
Draw a new random number, cause 2501 is already in drawn.
Draw a new random number, cause 17499 is already in drawn.
Draw a new random number, cause 2209 is already in drawn.
Draw a new random number, cause 20313 is already in drawn.
Draw a new random number, cause 2721 is already in drawn.
Draw a new random number, cause 28065 is already in drawn.
Draw a new random number, cause 1773 is already in drawn.
Draw a new random number, cause 16613 is already in drawn.
Draw a new random number, cause 9181 is already in drawn.
Draw a new random number, cause 14519 is already in drawn.
Draw a new random number, cause 19234 is already in drawn.
Draw a new random number, cause 22724 is already in drawn.
Draw a new random number, cause 17279 is already in drawn.
Draw a new random number, cause 16794 is already in drawn.
Draw a new random number, cause 14899 is already in drawn.
Draw a new random number, cause 28508 is already in drawn.
Draw a new random number, cause 18225 is already in drawn.
Draw a new random number, cause 20393 is already in drawn.
Draw a new random number, cause 26797 is already in drawn.
Draw a new random number, cause 319 is already in drawn.
Draw a new random number, cause 1132 is already in drawn.
Draw a new random number, cause 26352 is already in drawn.
Draw a new random number, cause 16111 is already in drawn.
Draw a new random number, cause 17413 is already in drawn.
Draw a new random number, cause 14395 is already in drawn.
Draw a new random number, cause 762 is already in drawn.
Draw a new random number, cause 14458 is already in drawn.
Draw a new random number, cause 21370 is already in drawn.
Draw a new random number, cause 16680 is already in drawn.
Draw a new random number, cause 14507 is already in drawn.
Draw a new random number, cause 447 is already in drawn.
Draw a new random number, cause 26368 is already in drawn.
Draw a new random number, cause 2601 is already in drawn.
Draw a new random number, cause 26762 is already in drawn.
Draw a new random number, cause 21543 is already in drawn.
Draw a new random number, cause 26461 is already in drawn.
Draw a new random number, cause 28036 is already in drawn.
Draw a new random number, cause 420 is already in drawn.
Draw a new random number, cause 47 is already in drawn.
Draw a new random number, cause 19868 is already in drawn.
Draw a new random number, cause 20208 is already in drawn.
Draw a new random number, cause 19403 is already in drawn.
Draw a new random number, cause 20973 is already in drawn.
Draw a new random number, cause 2596 is already in drawn.
Draw a new random number, cause 22245 is already in drawn.
Draw a new random number, cause 19601 is already in drawn.
Draw a new random number, cause 20222 is already in drawn.
Draw a new random number, cause 26905 is already in drawn.
Draw a new random number, cause 16192 is already in drawn.
Draw a new random number, cause 20 is already in drawn.
Draw a new random number, cause 15171 is already in drawn.
Draw a new random number, cause 17306 is already in drawn.
Draw a new random number, cause 14934 is already in drawn.
Draw a new random number, cause 18919 is already in drawn.
Draw a new random number, cause 282 is already in drawn.
Draw a new random number, cause 2660 is already in drawn.
Draw a new random number, cause 17013 is already in drawn.
Draw a new random number, cause 26502 is already in drawn.
Draw a new random number, cause 2563 is already in drawn.
Draw a new random number, cause 28508 is already in drawn.
Draw a new random number, cause 18672 is already in drawn.
Draw a new random number, cause 18024 is already in drawn.
Draw a new random number, cause 26314 is already in drawn.
Draw a new random number, cause 27693 is already in drawn.
Draw a new random number, cause 17069 is already in drawn.
Draw a new random number, cause 22797 is already in drawn.
Draw a new random number, cause 1880 is already in drawn.
Draw a new random number, cause 694 is already in drawn.
Draw a new random number, cause 1540 is already in drawn.
Draw a new random number, cause 26437 is already in drawn.
Draw a new random number, cause 27539 is already in drawn.
Draw a new random number, cause 14391 is already in drawn.
Draw a new random number, cause 17224 is already in drawn.
Draw a new random number, cause 16319 is already in drawn.
Draw a new random number, cause 27125 is already in drawn.
Draw a new random number, cause 26603 is already in drawn.
Draw a new random number, cause 26831 is already in drawn.
Draw a new random number, cause 24210 is already in drawn.
Draw a new random number, cause 21473 is already in drawn.
Draw a new random number, cause 19750 is already in drawn.
Draw a new random number, cause 28325 is already in drawn.
Draw a new random number, cause 15385 is already in drawn.
Draw a new random number, cause 15756 is already in drawn.
Draw a new random number, cause 1425 is already in drawn.
Draw a new random number, cause 2019 is already in drawn.
Draw a new random number, cause 1211 is already in drawn.
Draw a new random number, cause 15509 is already in drawn.
Draw a new random number, cause 98 is already in drawn.
Draw a new random number, cause 22624 is already in drawn.
Draw a new random number, cause 14760 is already in drawn.
Draw a new random number, cause 18575 is already in drawn.
Draw a new random number, cause 20804 is already in drawn.
Draw a new random number, cause 14689 is already in drawn.
Draw a new random number, cause 18695 is already in drawn.
Draw a new random number, cause 969 is already in drawn.
Draw a new random number, cause 28329 is already in drawn.
Draw a new random number, cause 233 is already in drawn.
Draw a new random number, cause 18736 is already in drawn.
Draw a new random number, cause 2080 is already in drawn.
Draw a new random number, cause 613 is already in drawn.
Draw a new random number, cause 21724 is already in drawn.
Draw a new random number, cause 15187 is already in drawn.
Draw a new random number, cause 2028 is already in drawn.
Draw a new random number, cause 969 is already in drawn.
Draw a new random number, cause 22261 is already in drawn.
Draw a new random number, cause 26441 is already in drawn.
Draw a new random number, cause 28527 is already in drawn.
Draw a new random number, cause 18745 is already in drawn.
Draw a new random number, cause 18323 is already in drawn.
Draw a new random number, cause 19100 is already in drawn.
Draw a new random number, cause 18756 is already in drawn.
Draw a new random number, cause 25639 is already in drawn.
Draw a new random number, cause 27193 is already in drawn.
Draw a new random number, cause 26619 is already in drawn.
Draw a new random number, cause 16260 is already in drawn.
Draw a new random number, cause 1275 is already in drawn.
Draw a new random number, cause 547 is already in drawn.
Draw a new random number, cause 28174 is already in drawn.
Draw a new random number, cause 19651 is already in drawn.
Draw a new random number, cause 24549 is already in drawn.
Draw a new random number, cause 16540 is already in drawn.
Draw a new random number, cause 15196 is already in drawn.
Draw a new random number, cause 27005 is already in drawn.
Draw a new random number, cause 18274 is already in drawn.
Draw a new random number, cause 26751 is already in drawn.
Draw a new random number, cause 28263 is already in drawn.
Draw a new random number, cause 14437 is already in drawn.
Draw a new random number, cause 15136 is already in drawn.
5560 drawn configurations were invalid
command: clean-sampling
command: clean-global
