Current machine learning settings: epsilon:0 lossFunction:RELATIVE parallelization:True bagging:False baggingNumbers:3 considerEpsilonTube:False baggingTestDataFraction:50 useBackward:False abortError:1 limitFeatureSize:False featureSizeTreshold:4 quadraticFunctionSupport:True crossValidation:False crossValidation-k:5 learn-logFunction:False learn-accumulatedLogFunction:False learn-asymFunction:False learn-ratioFunction:False learn-mirrowedFunction:False learn-numeric-disabled:True numberOfRounds:70 backwardErrorDelta:1 minImprovementPerRound:0.1 withHierarchy:False bruteForceCandidates:False ignoreBadFeatures:False stopOnLongRound:True candidateSizePenalty:True learnTimeLimit:00:00:00 scoreMeasure:RELERROR outputRoundsToStdout:False debug:False pythonInfluenceAnalysis:False blacklisted: 
command: mlsettings bagging:False stopOnLongRound:False parallelization:True lossFunction:RELATIVE useBackward:False abortError:1 limitFeatureSize:False featureSizeTreshold:7 quadraticFunctionSupport:True crossValidation:False learn_logFunction:True numberOfRounds:70 backwardErrorDelta:1 minImprovementPerRound:0.25 withHierarchy:False
Current machine learning settings: epsilon:0 lossFunction:RELATIVE parallelization:True bagging:False baggingNumbers:3 considerEpsilonTube:False baggingTestDataFraction:50 useBackward:False abortError:1 limitFeatureSize:False featureSizeTreshold:7 quadraticFunctionSupport:True crossValidation:False crossValidation-k:5 learn-logFunction:True learn-accumulatedLogFunction:False learn-asymFunction:False learn-ratioFunction:False learn-mirrowedFunction:False learn-numeric-disabled:True numberOfRounds:70 backwardErrorDelta:1 minImprovementPerRound:0.25 withHierarchy:False bruteForceCandidates:False ignoreBadFeatures:False stopOnLongRound:False candidateSizePenalty:True learnTimeLimit:00:00:00 scoreMeasure:RELERROR outputRoundsToStdout:False debug:False pythonInfluenceAnalysis:False blacklisted: 
command: solver z3
command: vm /scratch/kallistos/Distance-Based_Data/SupplementaryWebsite/MeasuredPerformanceValues/Hipacc/FeatureModel.xml
Warning: Variability model contains outdated notation. Children nodes will no longer have effect on the model. Instead use the parent node to describe the parent of an configuration option. You can also use the converter providedby the Variability Model GUI in export>convert legacy model.
Warning: Default value nodes in models are no longer used and should be removed. You can also use the converter provided by the Variability Model GUI in export>convert legacy model to update your model.
command: all /scratch/kallistos/Distance-Based_Data/SupplementaryWebsite/MeasuredPerformanceValues/Hipacc/measurements.xml
Configs with too large deviation: 0
13485 configurations loaded.
command: nfp Performance
command: setsampleset /scratch/kallistos/Distance-Based_Data/Results/Hipacc/Hipacc_7/sampledConfigurations_grammarBased_t2.csv
command: learn-splconqueror
Learning: NumberOfConfigurationsLearning:830 NumberOfConfigurationsValidation:830
Learning progress:
1;26.253223946785 * API + 19.9991322537429 * LocalMemory;20.516645177563;20.516645177563;20.516645177563;20.516645177563;0.237629;2;19.9991322537429 * LocalMemory;1;13.1918550502431;
2;24.1951885412157 * API + 20.0037687857097 * LocalMemory + 7.13979975316785 * pixelPerThread_1;19.2624574867572;19.2624574867572;19.2624574867572;19.2624574867572;0.90733;3;7.13979975316785 * pixelPerThread_1;1;1.2541876908058;
3;23.5267518410599 * API + 19.6239141510903 * LocalMemory + 7.31522375880055 * pixelPerThread_1 + 19.9042736455731 * bs_32x1;18.1111961500546;18.1111961500546;18.1111961500546;18.1111961500546;2.13005;4;19.9042736455731 * bs_32x1;1;1.15126133670265;
4;23.5944199231578 * API + 26.6064785564968 * LocalMemory + 7.11983616744659 * pixelPerThread_1 + 19.5387080634173 * bs_32x1 + -12.1275005469984 * LocalMemory * TextureMemory;16.9704088195833;16.9704088195833;16.9704088195833;16.9704088195833;3.896487;6;-12.1275005469984 * LocalMemory * TextureMemory;2;0.570393665235642;
5;23.1462375847298 * API + 26.6218217499443 * LocalMemory + 7.21818021605618 * pixelPerThread_1 + 19.9432637225062 * bs_32x1 + -12.0913598116174 * LocalMemory * TextureMemory + 7.65340537852328 * bs_32x32;16.4217755333684;16.4217755333684;16.4217755333684;16.4217755333684;6.611183;7;7.65340537852328 * bs_32x32;1;0.548633286214944;
6;22.8797448189275 * API + 24.8748930823023 * LocalMemory + 7.92394482355547 * pixelPerThread_1 + 20.8220113780519 * bs_32x1 + -11.3572481652499 * LocalMemory * TextureMemory + 8.32575417953699 * bs_32x32 + 27.6290865709063 * LocalMemory * bs_512x1;15.5457690170586;15.5457690170586;15.5457690170586;15.5457690170586;10.181339;9;27.6290865709063 * LocalMemory * bs_512x1;2;0.438003258154895;
7;23.0387678678018 * API + 24.4534549698576 * LocalMemory + 7.29274570350974 * pixelPerThread_1 + 21.1468653919397 * bs_32x1 + -11.6483507626837 * LocalMemory * TextureMemory + 8.56694311158643 * bs_32x32 + 28.0559471844497 * LocalMemory * bs_512x1 + 21.3519261334114 * LocalMemory * bs_256x4;14.9587740139197;14.9587740139197;14.9587740139197;14.9587740139197;14.816976;11;21.3519261334114 * LocalMemory * bs_256x4;2;0.293497501569458;
8;22.6820998268804 * API + 24.2037054411461 * LocalMemory + 7.1823905286346 * pixelPerThread_1 + 21.5860858672728 * bs_32x1 + -11.3579655517899 * LocalMemory * TextureMemory + 8.98778237052268 * bs_32x32 + 28.5394355034007 * LocalMemory * bs_512x1 + 21.8433581953194 * LocalMemory * bs_256x4 + 9.93463939500904 * bs_512x2;14.6254653878478;14.6254653878478;14.6254653878478;14.6254653878478;20.608551;12;9.93463939500904 * bs_512x2;1;0.333308626071879;
9;22.9962266268109 * API + 23.8772321133364 * LocalMemory + 6.17391460013466 * pixelPerThread_1 + 14.789008071975 * bs_32x1 + -10.8964574507056 * LocalMemory * TextureMemory + 8.94380314618104 * bs_32x32 + 28.402693760159 * LocalMemory * bs_512x1 + 22.3394297952389 * LocalMemory * bs_256x4 + 10.0470057087605 * bs_512x2 + 27.9491378115824 * pixelPerThread_1 * bs_32x1;14.0307957471142;14.0307957471142;14.0307957471142;14.0307957471142;27.702622;14;27.9491378115824 * pixelPerThread_1 * bs_32x1;2;0.297334820366787;
10;22.4930053911776 * API + 23.9534373027451 * LocalMemory + 6.09513889317963 * pixelPerThread_1 + 15.1609941222176 * bs_32x1 + -10.6504566748121 * LocalMemory * TextureMemory + 9.37454952232049 * bs_32x32 + 28.724752556373 * LocalMemory * bs_512x1 + 22.6572658639025 * LocalMemory * bs_256x4 + 10.4936930824587 * bs_512x2 + 28.0807703635616 * pixelPerThread_1 * bs_32x1 + 7.13686686029381 * bs_128x8;13.7187150988229;13.7187150988229;13.7187150988229;13.7187150988229;36.328572;15;7.13686686029381 * bs_128x8;1;0.312080648291296;
11;23.3118326513849 * API + 22.0785435710876 * LocalMemory + 3.33368974184965 * pixelPerThread_1 + 15.3487615362308 * bs_32x1 + -10.5300516317345 * LocalMemory * TextureMemory + 9.23740151879012 * bs_32x32 + 29.5304084118412 * LocalMemory * bs_512x1 + 20.7937282107541 * LocalMemory * bs_256x4 + 10.3181986291779 * bs_512x2 + 27.0513828585812 * pixelPerThread_1 * bs_32x1 + 7.01207277280731 * bs_128x8 + 6.30559989438548 * pixelPerThread_1 * LocalMemory;13.2311322592479;13.2311322592479;13.2311322592479;13.2311322592479;46.699161;17;6.30559989438548 * pixelPerThread_1 * LocalMemory;2;0.243791419787492;
Elapsed=00:00:46.7100634
average model: 
command: analyze-learning
Round, Model, LearningError, LearningErrorRel, ValidationError, ValidationErrorRel, ElapsedSeconds, ModelComplexity, BestCandidate, BestCandidateSize, BestCandidateScore, TestError
Models:
Termination reason: minImprovementPerRound
1;26.253223946785 * API + 19.9991322537429 * LocalMemory;20.516645177563;20.516645177563;20.516645177563;20.516645177563;0.237629;2;19.9991322537429 * LocalMemory;1;13.1918550502431;20.6325656360205
2;24.1951885412157 * API + 20.0037687857097 * LocalMemory + 7.13979975316785 * pixelPerThread_1;19.2624574867572;19.2624574867572;19.2624574867572;19.2624574867572;0.90733;3;7.13979975316785 * pixelPerThread_1;1;1.2541876908058;19.3952674751016
3;23.5267518410599 * API + 19.6239141510903 * LocalMemory + 7.31522375880055 * pixelPerThread_1 + 19.9042736455731 * bs_32x1;18.1111961500546;18.1111961500546;18.1111961500546;18.1111961500546;2.13005;4;19.9042736455731 * bs_32x1;1;1.15126133670265;18.1866619563508
4;23.5944199231578 * API + 26.6064785564968 * LocalMemory + 7.11983616744659 * pixelPerThread_1 + 19.5387080634173 * bs_32x1 + -12.1275005469984 * LocalMemory * TextureMemory;16.9704088195833;16.9704088195833;16.9704088195833;16.9704088195833;3.896487;6;-12.1275005469984 * LocalMemory * TextureMemory;2;0.570393665235642;17.3806122996336
5;23.1462375847298 * API + 26.6218217499443 * LocalMemory + 7.21818021605618 * pixelPerThread_1 + 19.9432637225062 * bs_32x1 + -12.0913598116174 * LocalMemory * TextureMemory + 7.65340537852328 * bs_32x32;16.4217755333684;16.4217755333684;16.4217755333684;16.4217755333684;6.611183;7;7.65340537852328 * bs_32x32;1;0.548633286214944;16.9977023251619
6;22.8797448189275 * API + 24.8748930823023 * LocalMemory + 7.92394482355547 * pixelPerThread_1 + 20.8220113780519 * bs_32x1 + -11.3572481652499 * LocalMemory * TextureMemory + 8.32575417953699 * bs_32x32 + 27.6290865709063 * LocalMemory * bs_512x1;15.5457690170586;15.5457690170586;15.5457690170586;15.5457690170586;10.181339;9;27.6290865709063 * LocalMemory * bs_512x1;2;0.438003258154895;16.0909911434185
7;23.0387678678018 * API + 24.4534549698576 * LocalMemory + 7.29274570350974 * pixelPerThread_1 + 21.1468653919397 * bs_32x1 + -11.6483507626837 * LocalMemory * TextureMemory + 8.56694311158643 * bs_32x32 + 28.0559471844497 * LocalMemory * bs_512x1 + 21.3519261334114 * LocalMemory * bs_256x4;14.9587740139197;14.9587740139197;14.9587740139197;14.9587740139197;14.816976;11;21.3519261334114 * LocalMemory * bs_256x4;2;0.293497501569458;15.6567436468259
8;22.6820998268804 * API + 24.2037054411461 * LocalMemory + 7.1823905286346 * pixelPerThread_1 + 21.5860858672728 * bs_32x1 + -11.3579655517899 * LocalMemory * TextureMemory + 8.98778237052268 * bs_32x32 + 28.5394355034007 * LocalMemory * bs_512x1 + 21.8433581953194 * LocalMemory * bs_256x4 + 9.93463939500904 * bs_512x2;14.6254653878478;14.6254653878478;14.6254653878478;14.6254653878478;20.608551;12;9.93463939500904 * bs_512x2;1;0.333308626071879;15.452155920751
9;22.9962266268109 * API + 23.8772321133364 * LocalMemory + 6.17391460013466 * pixelPerThread_1 + 14.789008071975 * bs_32x1 + -10.8964574507056 * LocalMemory * TextureMemory + 8.94380314618104 * bs_32x32 + 28.402693760159 * LocalMemory * bs_512x1 + 22.3394297952389 * LocalMemory * bs_256x4 + 10.0470057087605 * bs_512x2 + 27.9491378115824 * pixelPerThread_1 * bs_32x1;14.0307957471142;14.0307957471142;14.0307957471142;14.0307957471142;27.702622;14;27.9491378115824 * pixelPerThread_1 * bs_32x1;2;0.297334820366787;14.8015339444634
10;22.4930053911776 * API + 23.9534373027451 * LocalMemory + 6.09513889317963 * pixelPerThread_1 + 15.1609941222176 * bs_32x1 + -10.6504566748121 * LocalMemory * TextureMemory + 9.37454952232049 * bs_32x32 + 28.724752556373 * LocalMemory * bs_512x1 + 22.6572658639025 * LocalMemory * bs_256x4 + 10.4936930824587 * bs_512x2 + 28.0807703635616 * pixelPerThread_1 * bs_32x1 + 7.13686686029381 * bs_128x8;13.7187150988229;13.7187150988229;13.7187150988229;13.7187150988229;36.328572;15;7.13686686029381 * bs_128x8;1;0.312080648291296;14.5834454868038
11;23.3118326513849 * API + 22.0785435710876 * LocalMemory + 3.33368974184965 * pixelPerThread_1 + 15.3487615362308 * bs_32x1 + -10.5300516317345 * LocalMemory * TextureMemory + 9.23740151879012 * bs_32x32 + 29.5304084118412 * LocalMemory * bs_512x1 + 20.7937282107541 * LocalMemory * bs_256x4 + 10.3181986291779 * bs_512x2 + 27.0513828585812 * pixelPerThread_1 * bs_32x1 + 7.01207277280731 * bs_128x8 + 6.30559989438548 * pixelPerThread_1 * LocalMemory;13.2311322592479;13.2311322592479;13.2311322592479;13.2311322592479;46.699161;17;6.30559989438548 * pixelPerThread_1 * LocalMemory;2;0.243791419787492;14.2534113687205
Analyze finished
command: clean-sampling
command: clean-global
command: script ./learn_grammarBased_t3.a
command: log ./out_grammarBased_t3Predictions.log
