Current machine learning settings: epsilon:0 lossFunction:RELATIVE parallelization:True bagging:False baggingNumbers:3 considerEpsilonTube:False baggingTestDataFraction:50 useBackward:False abortError:1 limitFeatureSize:False featureSizeTreshold:4 quadraticFunctionSupport:True crossValidation:False crossValidation-k:5 learn-logFunction:False learn-accumulatedLogFunction:False learn-asymFunction:False learn-ratioFunction:False learn-mirrowedFunction:False learn-numeric-disabled:True numberOfRounds:70 backwardErrorDelta:1 minImprovementPerRound:0.1 withHierarchy:False bruteForceCandidates:False ignoreBadFeatures:False stopOnLongRound:True candidateSizePenalty:True learnTimeLimit:00:00:00 scoreMeasure:RELERROR outputRoundsToStdout:False debug:False pythonInfluenceAnalysis:False blacklisted: 
command: solver z3
command: vm /scratch/kallistos/Distance-Based_Data/SupplementaryWebsite/MeasuredPerformanceValues/VP9/FeatureModel.xml
command: all /scratch/kallistos/Distance-Based_Data/SupplementaryWebsite/MeasuredPerformanceValues/VP9/measurements.csv
216001 configurations loaded.
command: binary grammar-based numConfigs:3893 seed:43  confFaultsReport:./out_grammarBasedFailureReport_t3.log
command: printconfigs ./sampledConfigurations_grammarBased_t3FailureReport.csv
Number to sample: 3893; Number of Configurations in Grammar: 216000
Draw a new random number, cause 122873 is already in drawn.
Draw a new random number, cause 68431 is already in drawn.
Draw a new random number, cause 67456 is already in drawn.
Draw a new random number, cause 124803 is already in drawn.
Draw a new random number, cause 100329 is already in drawn.
Draw a new random number, cause 207897 is already in drawn.
Draw a new random number, cause 131487 is already in drawn.
Draw a new random number, cause 213887 is already in drawn.
Draw a new random number, cause 43264 is already in drawn.
Draw a new random number, cause 171038 is already in drawn.
Draw a new random number, cause 144483 is already in drawn.
Draw a new random number, cause 200017 is already in drawn.
Draw a new random number, cause 8321 is already in drawn.
Draw a new random number, cause 169761 is already in drawn.
Draw a new random number, cause 170401 is already in drawn.
Draw a new random number, cause 190837 is already in drawn.
Draw a new random number, cause 66049 is already in drawn.
Draw a new random number, cause 196809 is already in drawn.
Draw a new random number, cause 77195 is already in drawn.
Draw a new random number, cause 53000 is already in drawn.
Draw a new random number, cause 5902 is already in drawn.
Draw a new random number, cause 114593 is already in drawn.
Draw a new random number, cause 154081 is already in drawn.
Draw a new random number, cause 76130 is already in drawn.
Draw a new random number, cause 127567 is already in drawn.
Draw a new random number, cause 45439 is already in drawn.
Draw a new random number, cause 170408 is already in drawn.
Draw a new random number, cause 157882 is already in drawn.
Draw a new random number, cause 150902 is already in drawn.
Draw a new random number, cause 119888 is already in drawn.
Draw a new random number, cause 100749 is already in drawn.
Draw a new random number, cause 115570 is already in drawn.
Draw a new random number, cause 151209 is already in drawn.
Draw a new random number, cause 97440 is already in drawn.
0 drawn configurations were invalid
command: clean-sampling
command: clean-global
