Current machine learning settings: epsilon:0 lossFunction:RELATIVE parallelization:True bagging:False baggingNumbers:3 considerEpsilonTube:False baggingTestDataFraction:50 useBackward:False abortError:1 limitFeatureSize:False featureSizeTreshold:4 quadraticFunctionSupport:True crossValidation:False crossValidation-k:5 learn-logFunction:False learn-accumulatedLogFunction:False learn-asymFunction:False learn-ratioFunction:False learn-mirrowedFunction:False learn-numeric-disabled:True numberOfRounds:70 backwardErrorDelta:1 minImprovementPerRound:0.1 withHierarchy:False bruteForceCandidates:False ignoreBadFeatures:False stopOnLongRound:True candidateSizePenalty:True learnTimeLimit:00:00:00 scoreMeasure:RELERROR outputRoundsToStdout:False debug:False pythonInfluenceAnalysis:False blacklisted: 
command: mlsettings bagging:False stopOnLongRound:False parallelization:True lossFunction:RELATIVE useBackward:False abortError:1 limitFeatureSize:False featureSizeTreshold:7 quadraticFunctionSupport:True crossValidation:False learn_logFunction:True numberOfRounds:70 backwardErrorDelta:1 minImprovementPerRound:0.25 withHierarchy:False
Current machine learning settings: epsilon:0 lossFunction:RELATIVE parallelization:True bagging:False baggingNumbers:3 considerEpsilonTube:False baggingTestDataFraction:50 useBackward:False abortError:1 limitFeatureSize:False featureSizeTreshold:7 quadraticFunctionSupport:True crossValidation:False crossValidation-k:5 learn-logFunction:True learn-accumulatedLogFunction:False learn-asymFunction:False learn-ratioFunction:False learn-mirrowedFunction:False learn-numeric-disabled:True numberOfRounds:70 backwardErrorDelta:1 minImprovementPerRound:0.25 withHierarchy:False bruteForceCandidates:False ignoreBadFeatures:False stopOnLongRound:False candidateSizePenalty:True learnTimeLimit:00:00:00 scoreMeasure:RELERROR outputRoundsToStdout:False debug:False pythonInfluenceAnalysis:False blacklisted: 
command: solver z3
command: vm /scratch/kallistos/Distance-Based_Data/SupplementaryWebsite/MeasuredPerformanceValues/7z/FeatureModel.xml
command: all /scratch/kallistos/Distance-Based_Data/SupplementaryWebsite/MeasuredPerformanceValues/7z/measurements.xml
Configs with too large deviation: 0
68640 configurations loaded.
command: nfp Performance
command: setsampleset /scratch/kallistos/Distance-Based_Data/Results/7z/7z_46/sampledConfigurations_grammarBased_t1.csv
command: learn-splconqueror
Learning: NumberOfConfigurationsLearning:39 NumberOfConfigurationsValidation:39
Learning progress:
1;7617.74193548388 * CompressionMethod + 23759.7580645161 * x_10;112.810146199081;112.810146199081;112.810146199081;112.810146199081;0.061046;2;23759.7580645161 * x_10;1;78.8248720785422;
2;5255.83333333334 * CompressionMethod + 26121.6666666666 * x_10 + 10459.8809523809 * x_6;71.237569188447;71.237569188447;71.237569188447;71.237569188447;0.101494;3;10459.8809523809 * x_6;1;41.5725770106335;
3;3323.5 * CompressionMethod + 28054 * x_10 + 12392.2142857143 * x_6 + 11594 * x_8;41.1768163672607;41.1768163672607;41.1768163672607;41.1768163672607;0.171051;4;11594 * x_8;1;30.0607528211863;
4;3323.5 * CompressionMethod + 17634.8333333333 * x_10 + 12392.2142857143 * x_6 + 11594 * x_8 + 41676.6666666667 * x_10 * BZip2;29.7966845988712;29.7966845988712;29.7966845988712;29.7966845988712;0.275047;6;41676.6666666667 * x_10 * BZip2;2;5.6900658841948;
5;2934.44444444444 * CompressionMethod + 18023.8888888889 * x_10 + 12781.2698412698 * x_6 + 11983.0555555556 * x_8 + 37786.1111111111 * x_10 * BZip2 + 3890.55555555556 * BZip2;24.9426680468852;24.9426680468852;24.9426680468852;24.9426680468852;0.42907;7;3890.55555555556 * BZip2;1;4.85401655198597;
6;2535.9404005862 * CompressionMethod + 17974.0758834066 * x_10 + 12539.3209574988 * x_6 + 12157.4010747435 * x_8 + 37835.9241165933 * x_10 * BZip2 + 4289.05959941378 * BZip2 + 896.634098681017 * LZMA;22.3702919993733;22.3702919993733;22.3702919993733;22.3702919993733;0.636193;8;896.634098681017 * LZMA;1;2.5723760475119;
7;2677.33794011187 * CompressionMethod + 17991.7505758473 * x_10 + 12625.1694636394 * x_6 + 4342.66205988816 * x_8 + 37818.2494241527 * x_10 * BZip2 + 4147.66205988813 * BZip2 + 578.489634748291 * LZMA + 10337.1701217505 * x_8 * mtOff;18.9776371087374;18.9776371087374;18.9776371087374;18.9776371087374;0.91571;10;10337.1701217505 * x_8 * mtOff;2;1.69632744531793;
8;2591.74387408335 * CompressionMethod + 18047.8173254635 * x_10 + 12668.5816490789 * x_6 + 4428.25612591665 * x_8 + 37762.1826745365 * x_10 * BZip2 + 4233.25612591664 * BZip2 + 637.544267572887 * LZMA + 10317.4852441424 * x_8 * mtOff + 1068.25612591666 * BlockSize_2;17.8789743295718;17.8789743295718;17.8789743295718;17.8789743295718;1.281699;11;1068.25612591666 * BlockSize_2;1;1.09866277916563;
9;2765.92967633719 * CompressionMethod + 18093.7454184009 * x_10 + 12728.7494564205 * x_6 + 4254.0703236628 * x_8 + 37716.2545815991 * x_10 * BZip2 + 4059.07032366279 * BZip2 + 477.648319562659 * LZMA + 10651.1157358514 * x_8 * mtOff + 894.070323662801 * BlockSize_2 + -840.995527116856 * Files_50;16.9330013800354;16.9330013800354;16.9330013800354;16.9330013800354;1.736826;12;-840.995527116856 * Files_50;1;0.945972949536348;
10;2649.14442818499 * CompressionMethod + 18199.8667908297 * x_10 + 12835.4457008559 * x_6 + 4370.85557181503 * x_8 + 37610.1332091703 * x_10 * BZip2 + 4175.85557181505 * BZip2 + 480.968205401123 * LZMA + 10632.0012416301 * x_8 * mtOff + 1010.85557181503 * BlockSize_2 + -786.97193029133 * Files_50 + 925.371469114464 * Files_80;16.046766507775;16.046766507775;16.046766507775;16.046766507775;2.291545;13;925.371469114464 * Files_80;1;0.886234872260424;
11;2628.65156759966 * CompressionMethod + 18238.1085946 * x_10 + 12881.7462169914 * x_6 + 4391.34843240035 * x_8 + 37571.8914054 * x_10 * BZip2 + 4196.34843240033 * BZip2 + 443.888240530099 * LZMA + 10642.7791514192 * x_8 * mtOff + 1031.34843240036 * BlockSize_2 + -782.225694787855 * Files_50 + 964.404312135318 * Files_80 + 557.46019187024 * BlockSize_128;15.6304663012812;15.6304663012812;15.6304663012812;15.6304663012812;2.940968;14;557.46019187024 * BlockSize_128;1;0.416300206493791;
12;2551.58937823836 * CompressionMethod + 18225.264896373 * x_10 + 12848.4611398964 * x_6 + 4468.41062176164 * x_8 + 37584.735103627 * x_10 * BZip2 + 4273.41062176162 * BZip2 + 560.386010362693 * LZMA + 9930.9488341969 * x_8 * mtOff + 1108.41062176161 * BlockSize_2 + -592.283678756457 * Files_50 + 983.217616580283 * Files_80 + 518.02461139894 * BlockSize_128 + 1829.05116580309 * Files_90;15.2541963298567;15.2541963298567;15.2541963298567;15.2541963298567;3.705386;15;1829.05116580309 * Files_90;1;0.376269971424499;
13;2507.45591939547 * CompressionMethod + 18217.9093198992 * x_10 + 12822.5188916877 * x_6 + 4512.54408060456 * x_8 + 37592.0906801008 * x_10 * BZip2 + 4317.54408060455 * BZip2 + 651.183879093194 * LZMA + 9867.27959697735 * x_8 * mtOff + 1152.54408060454 * BlockSize_2 + -555.743073047881 * Files_50 + 1592.54408060455 * Files_80 + 471.360201511332 * BlockSize_128 + 1892.72040302268 * Files_90 + -1221.18387909322 * Files_80 * x_2;14.5790009125719;14.5790009125719;14.5790009125719;14.5790009125719;4.583779;17;-1221.18387909322 * Files_80 * x_2;2;0.337597708642414;
14;2490.81493248612 * CompressionMethod + 18253.104050834 * x_10 + 12865.8109610802 * x_6 + 4529.1850675139 * x_8 + 37556.895949166 * x_10 * BZip2 + 4334.1850675139 * BZip2 + 613.566322478155 * LZMA + 9885.32327243847 * x_8 * mtOff + 1169.18506751388 * BlockSize_2 + -554.212867355051 * Files_50 + 1609.18506751384 * Files_80 + 525.618745035756 * BlockSize_128 + 1874.67672756154 * Files_90 + -1183.56632247812 * Files_80 * x_2 + 455.618745035767 * LZMA * BlockSize_1024;14.1934887998993;14.1934887998993;14.1934887998993;14.1934887998993;5.664238;19;455.618745035767 * LZMA * BlockSize_1024;2;0.1927560563363;
Elapsed=00:00:05.6690994
average model: 
command: analyze-learning
Round, Model, LearningError, LearningErrorRel, ValidationError, ValidationErrorRel, ElapsedSeconds, ModelComplexity, BestCandidate, BestCandidateSize, BestCandidateScore, TestError
Models:
Termination reason: minImprovementPerRound
1;7617.74193548388 * CompressionMethod + 23759.7580645161 * x_10;112.810146199081;112.810146199081;112.810146199081;112.810146199081;0.061046;2;23759.7580645161 * x_10;1;78.8248720785422;118.419502126909
2;5255.83333333334 * CompressionMethod + 26121.6666666666 * x_10 + 10459.8809523809 * x_6;71.237569188447;71.237569188447;71.237569188447;71.237569188447;0.101494;3;10459.8809523809 * x_6;1;41.5725770106335;96.4941077180557
3;3323.5 * CompressionMethod + 28054 * x_10 + 12392.2142857143 * x_6 + 11594 * x_8;41.1768163672607;41.1768163672607;41.1768163672607;41.1768163672607;0.171051;4;11594 * x_8;1;30.0607528211863;67.9825571247999
4;3323.5 * CompressionMethod + 17634.8333333333 * x_10 + 12392.2142857143 * x_6 + 11594 * x_8 + 41676.6666666667 * x_10 * BZip2;29.7966845988712;29.7966845988712;29.7966845988712;29.7966845988712;0.275047;6;41676.6666666667 * x_10 * BZip2;2;5.6900658841948;58.8284001444883
5;2934.44444444444 * CompressionMethod + 18023.8888888889 * x_10 + 12781.2698412698 * x_6 + 11983.0555555556 * x_8 + 37786.1111111111 * x_10 * BZip2 + 3890.55555555556 * BZip2;24.9426680468852;24.9426680468852;24.9426680468852;24.9426680468852;0.42907;7;3890.55555555556 * BZip2;1;4.85401655198597;53.3053313470924
6;2535.9404005862 * CompressionMethod + 17974.0758834066 * x_10 + 12539.3209574988 * x_6 + 12157.4010747435 * x_8 + 37835.9241165933 * x_10 * BZip2 + 4289.05959941378 * BZip2 + 896.634098681017 * LZMA;22.3702919993733;22.3702919993733;22.3702919993733;22.3702919993733;0.636193;8;896.634098681017 * LZMA;1;2.5723760475119;49.6586025314289
7;2677.33794011187 * CompressionMethod + 17991.7505758473 * x_10 + 12625.1694636394 * x_6 + 4342.66205988816 * x_8 + 37818.2494241527 * x_10 * BZip2 + 4147.66205988813 * BZip2 + 578.489634748291 * LZMA + 10337.1701217505 * x_8 * mtOff;18.9776371087374;18.9776371087374;18.9776371087374;18.9776371087374;0.91571;10;10337.1701217505 * x_8 * mtOff;2;1.69632744531793;51.5608004924783
8;2591.74387408335 * CompressionMethod + 18047.8173254635 * x_10 + 12668.5816490789 * x_6 + 4428.25612591665 * x_8 + 37762.1826745365 * x_10 * BZip2 + 4233.25612591664 * BZip2 + 637.544267572887 * LZMA + 10317.4852441424 * x_8 * mtOff + 1068.25612591666 * BlockSize_2;17.8789743295718;17.8789743295718;17.8789743295718;17.8789743295718;1.281699;11;1068.25612591666 * BlockSize_2;1;1.09866277916563;52.1630929170718
9;2765.92967633719 * CompressionMethod + 18093.7454184009 * x_10 + 12728.7494564205 * x_6 + 4254.0703236628 * x_8 + 37716.2545815991 * x_10 * BZip2 + 4059.07032366279 * BZip2 + 477.648319562659 * LZMA + 10651.1157358514 * x_8 * mtOff + 894.070323662801 * BlockSize_2 + -840.995527116856 * Files_50;16.9330013800354;16.9330013800354;16.9330013800354;16.9330013800354;1.736826;12;-840.995527116856 * Files_50;1;0.945972949536348;53.278366346531
10;2649.14442818499 * CompressionMethod + 18199.8667908297 * x_10 + 12835.4457008559 * x_6 + 4370.85557181503 * x_8 + 37610.1332091703 * x_10 * BZip2 + 4175.85557181505 * BZip2 + 480.968205401123 * LZMA + 10632.0012416301 * x_8 * mtOff + 1010.85557181503 * BlockSize_2 + -786.97193029133 * Files_50 + 925.371469114464 * Files_80;16.046766507775;16.046766507775;16.046766507775;16.046766507775;2.291545;13;925.371469114464 * Files_80;1;0.886234872260424;54.0222031579964
11;2628.65156759966 * CompressionMethod + 18238.1085946 * x_10 + 12881.7462169914 * x_6 + 4391.34843240035 * x_8 + 37571.8914054 * x_10 * BZip2 + 4196.34843240033 * BZip2 + 443.888240530099 * LZMA + 10642.7791514192 * x_8 * mtOff + 1031.34843240036 * BlockSize_2 + -782.225694787855 * Files_50 + 964.404312135318 * Files_80 + 557.46019187024 * BlockSize_128;15.6304663012812;15.6304663012812;15.6304663012812;15.6304663012812;2.940968;14;557.46019187024 * BlockSize_128;1;0.416300206493791;54.5818916402975
12;2551.58937823836 * CompressionMethod + 18225.264896373 * x_10 + 12848.4611398964 * x_6 + 4468.41062176164 * x_8 + 37584.735103627 * x_10 * BZip2 + 4273.41062176162 * BZip2 + 560.386010362693 * LZMA + 9930.9488341969 * x_8 * mtOff + 1108.41062176161 * BlockSize_2 + -592.283678756457 * Files_50 + 983.217616580283 * Files_80 + 518.02461139894 * BlockSize_128 + 1829.05116580309 * Files_90;15.2541963298567;15.2541963298567;15.2541963298567;15.2541963298567;3.705386;15;1829.05116580309 * Files_90;1;0.376269971424499;56.6231748717894
13;2507.45591939547 * CompressionMethod + 18217.9093198992 * x_10 + 12822.5188916877 * x_6 + 4512.54408060456 * x_8 + 37592.0906801008 * x_10 * BZip2 + 4317.54408060455 * BZip2 + 651.183879093194 * LZMA + 9867.27959697735 * x_8 * mtOff + 1152.54408060454 * BlockSize_2 + -555.743073047881 * Files_50 + 1592.54408060455 * Files_80 + 471.360201511332 * BlockSize_128 + 1892.72040302268 * Files_90 + -1221.18387909322 * Files_80 * x_2;14.5790009125719;14.5790009125719;14.5790009125719;14.5790009125719;4.583779;17;-1221.18387909322 * Files_80 * x_2;2;0.337597708642414;56.9216036722801
14;2490.81493248612 * CompressionMethod + 18253.104050834 * x_10 + 12865.8109610802 * x_6 + 4529.1850675139 * x_8 + 37556.895949166 * x_10 * BZip2 + 4334.1850675139 * BZip2 + 613.566322478155 * LZMA + 9885.32327243847 * x_8 * mtOff + 1169.18506751388 * BlockSize_2 + -554.212867355051 * Files_50 + 1609.18506751384 * Files_80 + 525.618745035756 * BlockSize_128 + 1874.67672756154 * Files_90 + -1183.56632247812 * Files_80 * x_2 + 455.618745035767 * LZMA * BlockSize_1024;14.1934887998993;14.1934887998993;14.1934887998993;14.1934887998993;5.664238;19;455.618745035767 * LZMA * BlockSize_1024;2;0.1927560563363;57.0191939538884
Analyze finished
command: clean-sampling
command: clean-global
command: script ./learn_grammarBased_t2.a
command: log ./out_grammarBased_t2Predictions.log
