28047 - CUDA, Ldg, LocalMemory, bs_512x2, padding_224, pixelPerThread_4
7104 - OpenCL, Linear2D, bs_256x2, padding_256, pixelPerThread_1
13972 - OpenCL, Ldg, LocalMemory, bs_32x4, padding_256, pixelPerThread_1
14198 - OpenCL, Ldg, LocalMemory, bs_256x1, padding_416, pixelPerThread_3
5349 - OpenCL, Linear1D, LocalMemory, bs_32x2, padding_352, pixelPerThread_2
3710 - OpenCL, Linear1D, bs_512x1, padding_288, pixelPerThread_3
5157 - OpenCL, Linear1D, LocalMemory, bs_512x1, padding_448, pixelPerThread_2
11494 - OpenCL, Ldg, bs_32x8, padding_0, pixelPerThread_3
5515 - OpenCL, Linear1D, LocalMemory, bs_64x8, padding_32, pixelPerThread_4
7358 - OpenCL, Linear2D, LocalMemory, bs_32x32, padding_96, pixelPerThread_3
13028 - OpenCL, Ldg, LocalMemory, bs_32x16, padding_320, pixelPerThread_1
5376 - OpenCL, Linear1D, LocalMemory, bs_32x4, padding_32, pixelPerThread_1
11014 - OpenCL, Array2D, LocalMemory, bs_1024x1, padding_512, pixelPerThread_3
5176 - OpenCL, Linear1D, LocalMemory, bs_512x2, padding_64, pixelPerThread_1
24592 - CUDA, Array2D, LocalMemory, bs_64x1, padding_352, pixelPerThread_1
5829 - OpenCL, Linear2D, bs_32x8, padding_384, pixelPerThread_2
23308 - CUDA, Array2D, bs_64x16, padding_416, pixelPerThread_1
11209 - OpenCL, Array2D, LocalMemory, bs_64x2, padding_448, pixelPerThread_2
5617 - OpenCL, Linear1D, LocalMemory, bs_256x1, padding_320, pixelPerThread_2
5423 - OpenCL, Linear1D, LocalMemory, bs_32x4, padding_384, pixelPerThread_4
11936 - OpenCL, Ldg, bs_128x1, padding_288, pixelPerThread_1
14168 - OpenCL, Ldg, LocalMemory, bs_256x1, padding_192, pixelPerThread_1
7828 - OpenCL, Linear2D, LocalMemory, bs_128x8, padding_64, pixelPerThread_1
4545 - OpenCL, Linear1D, LocalMemory, bs_32x32, padding_448, pixelPerThread_2
12346 - OpenCL, Ldg, bs_512x2, padding_288, pixelPerThread_3
3158 - OpenCL, Linear1D, bs_64x1, padding_224, pixelPerThread_3
11125 - OpenCL, Array2D, LocalMemory, bs_32x4, padding_320, pixelPerThread_2
9553 - OpenCL, Array2D, bs_1024x1, padding_256, pixelPerThread_2
27359 - CUDA, Ldg, LocalMemory, bs_32x32, padding_160, pixelPerThread_4
9089 - OpenCL, Array2D, bs_128x1, padding_352, pixelPerThread_2
25609 - CUDA, Array2D, LocalMemory, bs_256x1, padding_320, pixelPerThread_2
11646 - OpenCL, Ldg, bs_32x32, padding_128, pixelPerThread_3
11285 - OpenCL, Array2D, LocalMemory, bs_64x8, padding_512, pixelPerThread_2
9006 - OpenCL, Array2D, bs_64x16, padding_224, pixelPerThread_3
9216 - OpenCL, Array2D, bs_128x4, padding_288, pixelPerThread_1
11889 - OpenCL, Ldg, bs_64x16, padding_448, pixelPerThread_2
9844 - OpenCL, Array2D, bs_64x8, padding_416, pixelPerThread_1
10601 - OpenCL, Array2D, LocalMemory, bs_128x2, padding_480, pixelPerThread_2
11626 - OpenCL, Ldg, bs_32x16, padding_512, pixelPerThread_3
24491 - CUDA, Array2D, LocalMemory, bs_32x32, padding_64, pixelPerThread_4
22335 - CUDA, Linear2D, LocalMemory, bs_512x2, padding_224, pixelPerThread_4
12529 - OpenCL, Ldg, bs_32x4, padding_128, pixelPerThread_2
28090 - CUDA, Ldg, LocalMemory, bs_1024x1, padding_32, pixelPerThread_3
12216 - OpenCL, Ldg, bs_256x4, padding_352, pixelPerThread_1
24148 - CUDA, Array2D, bs_256x1, padding_64, pixelPerThread_1
4674 - OpenCL, Linear1D, LocalMemory, bs_64x4, padding_384, pixelPerThread_3
4426 - OpenCL, Linear1D, LocalMemory, bs_32x16, padding_32, pixelPerThread_3
11193 - OpenCL, Array2D, LocalMemory, bs_64x2, padding_320, pixelPerThread_2
7572 - OpenCL, Linear2D, LocalMemory, bs_64x16, padding_192, pixelPerThread_1
25300 - CUDA, Array2D, LocalMemory, bs_32x2, padding_32, pixelPerThread_1
28123 - CUDA, Ldg, LocalMemory, bs_1024x1, padding_288, pixelPerThread_4
22892 - CUDA, Array2D, bs_32x1, padding_352, pixelPerThread_1
11347 - OpenCL, Array2D, LocalMemory, bs_256x1, padding_448, pixelPerThread_4
2930 - OpenCL, Linear1D, bs_32x8, padding_32, pixelPerThread_3
6347 - OpenCL, Linear2D, bs_128x4, padding_160, pixelPerThread_4
25263 - CUDA, Array2D, LocalMemory, bs_1024x1, padding_256, pixelPerThread_4
12416 - OpenCL, Ldg, bs_1024x1, padding_320, pixelPerThread_1
5023 - OpenCL, Linear1D, LocalMemory, bs_128x8, padding_448, pixelPerThread_4
25120 - CUDA, Array2D, LocalMemory, bs_512x1, padding_224, pixelPerThread_1
11272 - OpenCL, Array2D, LocalMemory, bs_64x8, padding_416, pixelPerThread_1
12115 - OpenCL, Ldg, bs_128x8, padding_64, pixelPerThread_4
