Current machine learning settings: epsilon:0 lossFunction:RELATIVE parallelization:True bagging:False baggingNumbers:3 considerEpsilonTube:False baggingTestDataFraction:50 useBackward:False abortError:1 limitFeatureSize:False featureSizeTreshold:4 quadraticFunctionSupport:True crossValidation:False crossValidation-k:5 learn-logFunction:False learn-accumulatedLogFunction:False learn-asymFunction:False learn-ratioFunction:False learn-mirrowedFunction:False learn-numeric-disabled:True numberOfRounds:70 backwardErrorDelta:1 minImprovementPerRound:0.1 withHierarchy:False bruteForceCandidates:False ignoreBadFeatures:False stopOnLongRound:True candidateSizePenalty:True learnTimeLimit:00:00:00 scoreMeasure:RELERROR outputRoundsToStdout:False debug:False pythonInfluenceAnalysis:False blacklisted: 
command: solver z3
command: vm /scratch/kallistos/Distance-Based_Data/SupplementaryWebsite/MeasuredPerformanceValues/Hipacc/FeatureModel.xml
Warning: Variability model contains outdated notation. Children nodes will no longer have effect on the model. Instead use the parent node to describe the parent of an configuration option. You can also use the converter providedby the Variability Model GUI in export>convert legacy model.
Warning: Default value nodes in models are no longer used and should be removed. You can also use the converter provided by the Variability Model GUI in export>convert legacy model to update your model.
command: all /scratch/kallistos/Distance-Based_Data/SupplementaryWebsite/MeasuredPerformanceValues/Hipacc/measurements.xml
Configs with too large deviation: 0
13485 configurations loaded.
command: binary grammar-based numConfigs:4601 seed:43  confFaultsReport:./out_grammarBasedFailureReport_t3.log
command: printconfigs ./sampledConfigurations_grammarBased_t3FailureReport.csv
Number to sample: 4601; Number of Configurations in Grammar: 28560
Draw a new random number, cause 17936 is already in drawn.
Draw a new random number, cause 27076 is already in drawn.
Draw a new random number, cause 25719 is already in drawn.
Draw a new random number, cause 16501 is already in drawn.
Draw a new random number, cause 224 is already in drawn.
Draw a new random number, cause 2556 is already in drawn.
Draw a new random number, cause 28280 is already in drawn.
Draw a new random number, cause 17385 is already in drawn.
Draw a new random number, cause 28280 is already in drawn.
Draw a new random number, cause 2635 is already in drawn.
Draw a new random number, cause 1042 is already in drawn.
Draw a new random number, cause 1349 is already in drawn.
Draw a new random number, cause 20752 is already in drawn.
Draw a new random number, cause 22615 is already in drawn.
Draw a new random number, cause 15287 is already in drawn.
Draw a new random number, cause 19946 is already in drawn.
Draw a new random number, cause 134 is already in drawn.
Draw a new random number, cause 19952 is already in drawn.
Draw a new random number, cause 17451 is already in drawn.
Draw a new random number, cause 16530 is already in drawn.
Draw a new random number, cause 19165 is already in drawn.
Draw a new random number, cause 20631 is already in drawn.
Draw a new random number, cause 16249 is already in drawn.
Draw a new random number, cause 19103 is already in drawn.
Draw a new random number, cause 15169 is already in drawn.
Draw a new random number, cause 20462 is already in drawn.
Draw a new random number, cause 1100 is already in drawn.
Draw a new random number, cause 16164 is already in drawn.
Draw a new random number, cause 26909 is already in drawn.
Draw a new random number, cause 16867 is already in drawn.
Draw a new random number, cause 21946 is already in drawn.
Draw a new random number, cause 2300 is already in drawn.
Draw a new random number, cause 22621 is already in drawn.
Draw a new random number, cause 17789 is already in drawn.
Draw a new random number, cause 21348 is already in drawn.
Draw a new random number, cause 28341 is already in drawn.
Draw a new random number, cause 780 is already in drawn.
Draw a new random number, cause 289 is already in drawn.
Draw a new random number, cause 21501 is already in drawn.
Draw a new random number, cause 19691 is already in drawn.
Draw a new random number, cause 28292 is already in drawn.
Draw a new random number, cause 15151 is already in drawn.
Draw a new random number, cause 28311 is already in drawn.
Draw a new random number, cause 21949 is already in drawn.
Draw a new random number, cause 10066 is already in drawn.
Draw a new random number, cause 18563 is already in drawn.
Draw a new random number, cause 26369 is already in drawn.
Draw a new random number, cause 16867 is already in drawn.
Draw a new random number, cause 18962 is already in drawn.
Draw a new random number, cause 26702 is already in drawn.
Draw a new random number, cause 780 is already in drawn.
Draw a new random number, cause 19993 is already in drawn.
Draw a new random number, cause 27704 is already in drawn.
Draw a new random number, cause 20913 is already in drawn.
Draw a new random number, cause 1012 is already in drawn.
Draw a new random number, cause 21677 is already in drawn.
Draw a new random number, cause 14764 is already in drawn.
Draw a new random number, cause 17523 is already in drawn.
Draw a new random number, cause 26353 is already in drawn.
Draw a new random number, cause 20751 is already in drawn.
Draw a new random number, cause 20563 is already in drawn.
Draw a new random number, cause 22035 is already in drawn.
Draw a new random number, cause 26271 is already in drawn.
Draw a new random number, cause 17172 is already in drawn.
Draw a new random number, cause 1901 is already in drawn.
Draw a new random number, cause 9318 is already in drawn.
Draw a new random number, cause 1485 is already in drawn.
Draw a new random number, cause 21574 is already in drawn.
Draw a new random number, cause 19716 is already in drawn.
Draw a new random number, cause 15716 is already in drawn.
Draw a new random number, cause 22038 is already in drawn.
Draw a new random number, cause 26109 is already in drawn.
Draw a new random number, cause 21261 is already in drawn.
Draw a new random number, cause 18209 is already in drawn.
Draw a new random number, cause 14797 is already in drawn.
Draw a new random number, cause 16325 is already in drawn.
Draw a new random number, cause 21539 is already in drawn.
Draw a new random number, cause 16966 is already in drawn.
Draw a new random number, cause 22688 is already in drawn.
Draw a new random number, cause 26345 is already in drawn.
Draw a new random number, cause 26528 is already in drawn.
Draw a new random number, cause 28446 is already in drawn.
Draw a new random number, cause 15257 is already in drawn.
Draw a new random number, cause 25775 is already in drawn.
Draw a new random number, cause 20469 is already in drawn.
Draw a new random number, cause 14299 is already in drawn.
Draw a new random number, cause 27417 is already in drawn.
Draw a new random number, cause 22616 is already in drawn.
Draw a new random number, cause 20161 is already in drawn.
Draw a new random number, cause 17002 is already in drawn.
Draw a new random number, cause 16160 is already in drawn.
Draw a new random number, cause 17477 is already in drawn.
Draw a new random number, cause 18328 is already in drawn.
Draw a new random number, cause 18417 is already in drawn.
Draw a new random number, cause 28490 is already in drawn.
Draw a new random number, cause 17789 is already in drawn.
Draw a new random number, cause 434 is already in drawn.
Draw a new random number, cause 22581 is already in drawn.
Draw a new random number, cause 27493 is already in drawn.
Draw a new random number, cause 16534 is already in drawn.
Draw a new random number, cause 26880 is already in drawn.
Draw a new random number, cause 18291 is already in drawn.
Draw a new random number, cause 27510 is already in drawn.
Draw a new random number, cause 183 is already in drawn.
Draw a new random number, cause 16314 is already in drawn.
Draw a new random number, cause 28053 is already in drawn.
Draw a new random number, cause 10474 is already in drawn.
Draw a new random number, cause 18922 is already in drawn.
Draw a new random number, cause 17572 is already in drawn.
Draw a new random number, cause 28252 is already in drawn.
Draw a new random number, cause 21685 is already in drawn.
Draw a new random number, cause 27284 is already in drawn.
Draw a new random number, cause 26397 is already in drawn.
Draw a new random number, cause 20555 is already in drawn.
Draw a new random number, cause 19638 is already in drawn.
Draw a new random number, cause 19691 is already in drawn.
Draw a new random number, cause 1424 is already in drawn.
Draw a new random number, cause 14567 is already in drawn.
Draw a new random number, cause 16355 is already in drawn.
Draw a new random number, cause 20713 is already in drawn.
Draw a new random number, cause 14601 is already in drawn.
Draw a new random number, cause 19360 is already in drawn.
Draw a new random number, cause 17924 is already in drawn.
Draw a new random number, cause 2310 is already in drawn.
Draw a new random number, cause 26050 is already in drawn.
Draw a new random number, cause 26373 is already in drawn.
Draw a new random number, cause 9387 is already in drawn.
Draw a new random number, cause 15332 is already in drawn.
Draw a new random number, cause 26052 is already in drawn.
Draw a new random number, cause 17211 is already in drawn.
Draw a new random number, cause 17618 is already in drawn.
Draw a new random number, cause 28485 is already in drawn.
Draw a new random number, cause 18665 is already in drawn.
Draw a new random number, cause 26125 is already in drawn.
Draw a new random number, cause 14329 is already in drawn.
Draw a new random number, cause 17347 is already in drawn.
Draw a new random number, cause 18495 is already in drawn.
Draw a new random number, cause 19906 is already in drawn.
Draw a new random number, cause 17141 is already in drawn.
Draw a new random number, cause 1125 is already in drawn.
Draw a new random number, cause 28004 is already in drawn.
Draw a new random number, cause 17268 is already in drawn.
Draw a new random number, cause 21685 is already in drawn.
Draw a new random number, cause 17355 is already in drawn.
Draw a new random number, cause 16412 is already in drawn.
Draw a new random number, cause 28280 is already in drawn.
Draw a new random number, cause 14871 is already in drawn.
Draw a new random number, cause 26208 is already in drawn.
Draw a new random number, cause 15346 is already in drawn.
Draw a new random number, cause 21035 is already in drawn.
Draw a new random number, cause 15459 is already in drawn.
Draw a new random number, cause 303 is already in drawn.
Draw a new random number, cause 17796 is already in drawn.
Draw a new random number, cause 27360 is already in drawn.
Draw a new random number, cause 15169 is already in drawn.
Draw a new random number, cause 19760 is already in drawn.
Draw a new random number, cause 21617 is already in drawn.
Draw a new random number, cause 15697 is already in drawn.
Draw a new random number, cause 26507 is already in drawn.
Draw a new random number, cause 26350 is already in drawn.
Draw a new random number, cause 26527 is already in drawn.
Draw a new random number, cause 28159 is already in drawn.
Draw a new random number, cause 25828 is already in drawn.
Draw a new random number, cause 26907 is already in drawn.
Draw a new random number, cause 17559 is already in drawn.
Draw a new random number, cause 27009 is already in drawn.
Draw a new random number, cause 14918 is already in drawn.
Draw a new random number, cause 16692 is already in drawn.
Draw a new random number, cause 16198 is already in drawn.
Draw a new random number, cause 20890 is already in drawn.
Draw a new random number, cause 20978 is already in drawn.
Draw a new random number, cause 19938 is already in drawn.
Draw a new random number, cause 18007 is already in drawn.
Draw a new random number, cause 15626 is already in drawn.
Draw a new random number, cause 23191 is already in drawn.
Draw a new random number, cause 19883 is already in drawn.
Draw a new random number, cause 16991 is already in drawn.
Draw a new random number, cause 597 is already in drawn.
Draw a new random number, cause 15455 is already in drawn.
Draw a new random number, cause 18189 is already in drawn.
Draw a new random number, cause 546 is already in drawn.
Draw a new random number, cause 2025 is already in drawn.
Draw a new random number, cause 27510 is already in drawn.
Draw a new random number, cause 20876 is already in drawn.
Draw a new random number, cause 27635 is already in drawn.
Draw a new random number, cause 17993 is already in drawn.
Draw a new random number, cause 25862 is already in drawn.
Draw a new random number, cause 26023 is already in drawn.
Draw a new random number, cause 19747 is already in drawn.
Draw a new random number, cause 14943 is already in drawn.
Draw a new random number, cause 20469 is already in drawn.
Draw a new random number, cause 14833 is already in drawn.
Draw a new random number, cause 22724 is already in drawn.
Draw a new random number, cause 22707 is already in drawn.
Draw a new random number, cause 26282 is already in drawn.
Draw a new random number, cause 27736 is already in drawn.
Draw a new random number, cause 247 is already in drawn.
Draw a new random number, cause 27510 is already in drawn.
Draw a new random number, cause 26297 is already in drawn.
Draw a new random number, cause 28501 is already in drawn.
Draw a new random number, cause 16153 is already in drawn.
Draw a new random number, cause 17843 is already in drawn.
Draw a new random number, cause 373 is already in drawn.
Draw a new random number, cause 855 is already in drawn.
Draw a new random number, cause 1236 is already in drawn.
Draw a new random number, cause 22474 is already in drawn.
Draw a new random number, cause 614 is already in drawn.
Draw a new random number, cause 219 is already in drawn.
Draw a new random number, cause 20917 is already in drawn.
Draw a new random number, cause 26672 is already in drawn.
Draw a new random number, cause 17814 is already in drawn.
Draw a new random number, cause 1526 is already in drawn.
Draw a new random number, cause 759 is already in drawn.
Draw a new random number, cause 1183 is already in drawn.
Draw a new random number, cause 1789 is already in drawn.
Draw a new random number, cause 113 is already in drawn.
Draw a new random number, cause 19419 is already in drawn.
Draw a new random number, cause 22583 is already in drawn.
Draw a new random number, cause 17936 is already in drawn.
Draw a new random number, cause 18108 is already in drawn.
Draw a new random number, cause 21016 is already in drawn.
Draw a new random number, cause 26673 is already in drawn.
Draw a new random number, cause 19739 is already in drawn.
Draw a new random number, cause 22673 is already in drawn.
Draw a new random number, cause 14593 is already in drawn.
Draw a new random number, cause 15176 is already in drawn.
Draw a new random number, cause 982 is already in drawn.
Draw a new random number, cause 17916 is already in drawn.
Draw a new random number, cause 14847 is already in drawn.
Draw a new random number, cause 1081 is already in drawn.
Draw a new random number, cause 27132 is already in drawn.
Draw a new random number, cause 17219 is already in drawn.
Draw a new random number, cause 21714 is already in drawn.
Draw a new random number, cause 1723 is already in drawn.
Draw a new random number, cause 22022 is already in drawn.
Draw a new random number, cause 18360 is already in drawn.
Draw a new random number, cause 26337 is already in drawn.
Draw a new random number, cause 22506 is already in drawn.
Draw a new random number, cause 20923 is already in drawn.
Draw a new random number, cause 26708 is already in drawn.
Draw a new random number, cause 10745 is already in drawn.
Draw a new random number, cause 14369 is already in drawn.
Draw a new random number, cause 16121 is already in drawn.
Draw a new random number, cause 1358 is already in drawn.
Draw a new random number, cause 1994 is already in drawn.
Draw a new random number, cause 27069 is already in drawn.
Draw a new random number, cause 19760 is already in drawn.
Draw a new random number, cause 21444 is already in drawn.
Draw a new random number, cause 27311 is already in drawn.
Draw a new random number, cause 22 is already in drawn.
Draw a new random number, cause 19288 is already in drawn.
Draw a new random number, cause 25824 is already in drawn.
Draw a new random number, cause 14688 is already in drawn.
Draw a new random number, cause 21985 is already in drawn.
Draw a new random number, cause 20096 is already in drawn.
Draw a new random number, cause 21601 is already in drawn.
Draw a new random number, cause 804 is already in drawn.
Draw a new random number, cause 27893 is already in drawn.
Draw a new random number, cause 26098 is already in drawn.
Draw a new random number, cause 20593 is already in drawn.
Draw a new random number, cause 22813 is already in drawn.
Draw a new random number, cause 17223 is already in drawn.
Draw a new random number, cause 14741 is already in drawn.
Draw a new random number, cause 18379 is already in drawn.
Draw a new random number, cause 27396 is already in drawn.
Draw a new random number, cause 9792 is already in drawn.
Draw a new random number, cause 18630 is already in drawn.
Draw a new random number, cause 1352 is already in drawn.
Draw a new random number, cause 17048 is already in drawn.
Draw a new random number, cause 1628 is already in drawn.
Draw a new random number, cause 675 is already in drawn.
Draw a new random number, cause 27141 is already in drawn.
Draw a new random number, cause 1060 is already in drawn.
Draw a new random number, cause 829 is already in drawn.
Draw a new random number, cause 27493 is already in drawn.
Draw a new random number, cause 27733 is already in drawn.
Draw a new random number, cause 22036 is already in drawn.
Draw a new random number, cause 2289 is already in drawn.
Draw a new random number, cause 15822 is already in drawn.
Draw a new random number, cause 14426 is already in drawn.
Draw a new random number, cause 8706 is already in drawn.
Draw a new random number, cause 25972 is already in drawn.
Draw a new random number, cause 15507 is already in drawn.
Draw a new random number, cause 26678 is already in drawn.
Draw a new random number, cause 17624 is already in drawn.
Draw a new random number, cause 17970 is already in drawn.
Draw a new random number, cause 15900 is already in drawn.
Draw a new random number, cause 2105 is already in drawn.
Draw a new random number, cause 17798 is already in drawn.
Draw a new random number, cause 567 is already in drawn.
Draw a new random number, cause 19977 is already in drawn.
Draw a new random number, cause 19446 is already in drawn.
Draw a new random number, cause 21554 is already in drawn.
Draw a new random number, cause 20238 is already in drawn.
Draw a new random number, cause 266 is already in drawn.
Draw a new random number, cause 15620 is already in drawn.
Draw a new random number, cause 1286 is already in drawn.
Draw a new random number, cause 1948 is already in drawn.
Draw a new random number, cause 595 is already in drawn.
Draw a new random number, cause 18111 is already in drawn.
Draw a new random number, cause 45 is already in drawn.
Draw a new random number, cause 16764 is already in drawn.
Draw a new random number, cause 140 is already in drawn.
Draw a new random number, cause 21427 is already in drawn.
Draw a new random number, cause 17814 is already in drawn.
Draw a new random number, cause 2254 is already in drawn.
Draw a new random number, cause 25859 is already in drawn.
Draw a new random number, cause 11359 is already in drawn.
Draw a new random number, cause 18910 is already in drawn.
Draw a new random number, cause 14624 is already in drawn.
Draw a new random number, cause 18870 is already in drawn.
Draw a new random number, cause 26006 is already in drawn.
Draw a new random number, cause 409 is already in drawn.
Draw a new random number, cause 26611 is already in drawn.
Draw a new random number, cause 19671 is already in drawn.
Draw a new random number, cause 19650 is already in drawn.
Draw a new random number, cause 19181 is already in drawn.
Draw a new random number, cause 21918 is already in drawn.
Draw a new random number, cause 15066 is already in drawn.
Draw a new random number, cause 19576 is already in drawn.
Draw a new random number, cause 25909 is already in drawn.
Draw a new random number, cause 2172 is already in drawn.
Draw a new random number, cause 15887 is already in drawn.
Draw a new random number, cause 27600 is already in drawn.
Draw a new random number, cause 21286 is already in drawn.
Draw a new random number, cause 17785 is already in drawn.
Draw a new random number, cause 17572 is already in drawn.
Draw a new random number, cause 15514 is already in drawn.
Draw a new random number, cause 1396 is already in drawn.
Draw a new random number, cause 18970 is already in drawn.
Draw a new random number, cause 18060 is already in drawn.
Draw a new random number, cause 1440 is already in drawn.
Draw a new random number, cause 25755 is already in drawn.
Draw a new random number, cause 16931 is already in drawn.
Draw a new random number, cause 23325 is already in drawn.
Draw a new random number, cause 21892 is already in drawn.
Draw a new random number, cause 409 is already in drawn.
Draw a new random number, cause 15801 is already in drawn.
Draw a new random number, cause 17088 is already in drawn.
Draw a new random number, cause 27321 is already in drawn.
Draw a new random number, cause 27069 is already in drawn.
Draw a new random number, cause 1977 is already in drawn.
Draw a new random number, cause 26431 is already in drawn.
Draw a new random number, cause 16008 is already in drawn.
Draw a new random number, cause 19140 is already in drawn.
Draw a new random number, cause 17316 is already in drawn.
Draw a new random number, cause 27115 is already in drawn.
Draw a new random number, cause 26201 is already in drawn.
Draw a new random number, cause 28483 is already in drawn.
Draw a new random number, cause 1684 is already in drawn.
Draw a new random number, cause 21906 is already in drawn.
Draw a new random number, cause 22446 is already in drawn.
Draw a new random number, cause 26726 is already in drawn.
Draw a new random number, cause 25915 is already in drawn.
Draw a new random number, cause 19975 is already in drawn.
Draw a new random number, cause 19749 is already in drawn.
Draw a new random number, cause 20653 is already in drawn.
Draw a new random number, cause 20588 is already in drawn.
Draw a new random number, cause 15491 is already in drawn.
Draw a new random number, cause 2855 is already in drawn.
Draw a new random number, cause 24550 is already in drawn.
Draw a new random number, cause 2707 is already in drawn.
Draw a new random number, cause 20311 is already in drawn.
Draw a new random number, cause 22666 is already in drawn.
Draw a new random number, cause 1064 is already in drawn.
Draw a new random number, cause 26376 is already in drawn.
Draw a new random number, cause 27626 is already in drawn.
Draw a new random number, cause 1344 is already in drawn.
Draw a new random number, cause 20412 is already in drawn.
Draw a new random number, cause 15798 is already in drawn.
Draw a new random number, cause 28485 is already in drawn.
Draw a new random number, cause 1125 is already in drawn.
Draw a new random number, cause 1046 is already in drawn.
Draw a new random number, cause 18504 is already in drawn.
Draw a new random number, cause 1170 is already in drawn.
Draw a new random number, cause 14901 is already in drawn.
Draw a new random number, cause 28037 is already in drawn.
Draw a new random number, cause 26742 is already in drawn.
Draw a new random number, cause 15944 is already in drawn.
Draw a new random number, cause 517 is already in drawn.
Draw a new random number, cause 1478 is already in drawn.
Draw a new random number, cause 15965 is already in drawn.
Draw a new random number, cause 470 is already in drawn.
5620 drawn configurations were invalid
command: clean-sampling
command: clean-global
