Current machine learning settings: epsilon:0 lossFunction:RELATIVE parallelization:True bagging:False baggingNumbers:3 considerEpsilonTube:False baggingTestDataFraction:50 useBackward:False abortError:1 limitFeatureSize:False featureSizeTreshold:4 quadraticFunctionSupport:True crossValidation:False crossValidation-k:5 learn-logFunction:False learn-accumulatedLogFunction:False learn-asymFunction:False learn-ratioFunction:False learn-mirrowedFunction:False learn-numeric-disabled:True numberOfRounds:70 backwardErrorDelta:1 minImprovementPerRound:0.1 withHierarchy:False bruteForceCandidates:False ignoreBadFeatures:False stopOnLongRound:True candidateSizePenalty:True learnTimeLimit:00:00:00 scoreMeasure:RELERROR outputRoundsToStdout:False debug:False pythonInfluenceAnalysis:False blacklisted: 
command: mlsettings bagging:False stopOnLongRound:False parallelization:True lossFunction:RELATIVE useBackward:False abortError:1 limitFeatureSize:False featureSizeTreshold:7 quadraticFunctionSupport:True crossValidation:False learn_logFunction:True numberOfRounds:70 backwardErrorDelta:1 minImprovementPerRound:0.25 withHierarchy:False
Current machine learning settings: epsilon:0 lossFunction:RELATIVE parallelization:True bagging:False baggingNumbers:3 considerEpsilonTube:False baggingTestDataFraction:50 useBackward:False abortError:1 limitFeatureSize:False featureSizeTreshold:7 quadraticFunctionSupport:True crossValidation:False crossValidation-k:5 learn-logFunction:True learn-accumulatedLogFunction:False learn-asymFunction:False learn-ratioFunction:False learn-mirrowedFunction:False learn-numeric-disabled:True numberOfRounds:70 backwardErrorDelta:1 minImprovementPerRound:0.25 withHierarchy:False bruteForceCandidates:False ignoreBadFeatures:False stopOnLongRound:False candidateSizePenalty:True learnTimeLimit:00:00:00 scoreMeasure:RELERROR outputRoundsToStdout:False debug:False pythonInfluenceAnalysis:False blacklisted: 
command: solver z3
command: vm /scratch/kallistos/Distance-Based_Data/SupplementaryWebsite/MeasuredPerformanceValues/Polly/FeatureModel.xml
command: all /scratch/kallistos/Distance-Based_Data/SupplementaryWebsite/MeasuredPerformanceValues/Polly/measurements.xml
Configs with too large deviation: 0
60000 configurations loaded.
command: nfp Performance
command: setsampleset /scratch/kallistos/Distance-Based_Data/Results/Polly/Polly_20/sampledConfigurations_grammarBased_t2.csv
command: learn-splconqueror
Learning: NumberOfConfigurationsLearning:345 NumberOfConfigurationsValidation:345
Learning progress:
1;23.6800333333334 * polly_vectorizer + 5.90129999999998 * memory_based;26.1085811151077;26.1085811151077;26.1085811151077;26.1085811151077;0.097002;2;5.90129999999998 * memory_based;1;4.93126209636173;
2;21.0103900502642 * polly_vectorizer + 5.62568905377217 * memory_based + 5.26903279553134 * max;24.7729036125106;24.7729036125106;24.7729036125106;24.7729036125106;0.361956;3;5.26903279553134 * max;1;1.33567750259705;
3;17.6217342342343 * polly_vectorizer + 11.9301649905719 * memory_based + 0.0526573501173724 * max + 11.9045119244203 * max * value_based;16.3647390765947;16.3647390765947;16.3647390765947;16.3647390765947;0.840368;5;11.9045119244203 * max * value_based;2;4.20408226795795;
4;16.9383290357917 * polly_vectorizer + 12.0255238554709 * memory_based + -0.0294653284713211 * max + 12.0785546004603 * max * value_based + 1.87303646980582 * parallel;14.8683915687082;14.8683915687082;14.8683915687082;14.8683915687082;1.579301;6;1.87303646980582 * parallel;1;1.4963475078865;
5;17.1299693813409 * polly_vectorizer + 11.9987833421385 * memory_based + -0.0229889311769265 * max + 12.0860296199887 * max * value_based + 1.69145988820286 * parallel + -0.331386352405871 * parallel_force;14.8547901463525;14.8547901463525;14.8547901463525;14.8547901463525;2.640146;7;-0.331386352405871 * parallel_force;1;0.0136014223556451;
Elapsed=00:00:02.6487058
average model: 
command: analyze-learning
Round, Model, LearningError, LearningErrorRel, ValidationError, ValidationErrorRel, ElapsedSeconds, ModelComplexity, BestCandidate, BestCandidateSize, BestCandidateScore, TestError
Models:
Termination reason: minImprovementPerRound
1;23.6800333333334 * polly_vectorizer + 5.90129999999998 * memory_based;26.1085811151077;26.1085811151077;26.1085811151077;26.1085811151077;0.097002;2;5.90129999999998 * memory_based;1;4.93126209636173;28.2674292656105
2;21.0103900502642 * polly_vectorizer + 5.62568905377217 * memory_based + 5.26903279553134 * max;24.7729036125106;24.7729036125106;24.7729036125106;24.7729036125106;0.361956;3;5.26903279553134 * max;1;1.33567750259705;26.6565140038545
3;17.6217342342343 * polly_vectorizer + 11.9301649905719 * memory_based + 0.0526573501173724 * max + 11.9045119244203 * max * value_based;16.3647390765947;16.3647390765947;16.3647390765947;16.3647390765947;0.840368;5;11.9045119244203 * max * value_based;2;4.20408226795795;18.5279499123221
4;16.9383290357917 * polly_vectorizer + 12.0255238554709 * memory_based + -0.0294653284713211 * max + 12.0785546004603 * max * value_based + 1.87303646980582 * parallel;14.8683915687082;14.8683915687082;14.8683915687082;14.8683915687082;1.579301;6;1.87303646980582 * parallel;1;1.4963475078865;17.0215097528627
5;17.1299693813409 * polly_vectorizer + 11.9987833421385 * memory_based + -0.0229889311769265 * max + 12.0860296199887 * max * value_based + 1.69145988820286 * parallel + -0.331386352405871 * parallel_force;14.8547901463525;14.8547901463525;14.8547901463525;14.8547901463525;2.640146;7;-0.331386352405871 * parallel_force;1;0.0136014223556451;17.0609630657294
Analyze finished
command: clean-sampling
command: clean-global
command: script ./learn_grammarBased_t3.a
command: log ./out_grammarBased_t3Predictions.log
