5441 - OpenCL, Linear1D, LocalMemory, bs_64x2, padding_0, pixelPerThread_2
12404 - OpenCL, Ldg, bs_1024x1, padding_224, pixelPerThread_1
23547 - CUDA, Array2D, bs_128x8, padding_128, pixelPerThread_4
3898 - OpenCL, Linear1D, bs_32x2, padding_160, pixelPerThread_3
4925 - OpenCL, Linear1D, LocalMemory, bs_128x4, padding_224, pixelPerThread_2
8492 - OpenCL, Linear2D, LocalMemory, bs_256x1, padding_480, pixelPerThread_1
3712 - OpenCL, Linear1D, bs_512x1, padding_320, pixelPerThread_1
5513 - OpenCL, Linear1D, LocalMemory, bs_64x8, padding_32, pixelPerThread_2
25268 - CUDA, Array2D, LocalMemory, bs_1024x1, padding_320, pixelPerThread_1
24024 - CUDA, Array2D, bs_64x2, padding_160, pixelPerThread_1
27543 - CUDA, Ldg, LocalMemory, bs_64x16, padding_0, pixelPerThread_4
11353 - OpenCL, Array2D, LocalMemory, bs_256x1, padding_512, pixelPerThread_2
7400 - OpenCL, Linear2D, LocalMemory, bs_32x32, padding_448, pixelPerThread_1
5230 - OpenCL, Linear1D, LocalMemory, bs_512x2, padding_480, pixelPerThread_3
9446 - OpenCL, Array2D, bs_512x1, padding_480, pixelPerThread_3
12108 - OpenCL, Ldg, bs_128x8, padding_32, pixelPerThread_1
18774 - CUDA, Linear1D, LocalMemory, bs_32x32, padding_32, pixelPerThread_3
10652 - OpenCL, Array2D, LocalMemory, bs_128x4, padding_352, pixelPerThread_1
3984 - OpenCL, Linear1D, bs_32x4, padding_320, pixelPerThread_1
16514 - CUDA, LocalMemory, bs_256x4, padding_448, pixelPerThread_3
3736 - OpenCL, Linear1D, bs_512x1, padding_512, pixelPerThread_1
11589 - OpenCL, Ldg, bs_32x16, padding_224, pixelPerThread_2
24858 - CUDA, Array2D, LocalMemory, bs_128x2, padding_288, pixelPerThread_3
7089 - OpenCL, Linear2D, bs_256x2, padding_128, pixelPerThread_2
5003 - OpenCL, Linear1D, LocalMemory, bs_128x8, padding_288, pixelPerThread_4
23476 - CUDA, Array2D, bs_128x4, padding_128, pixelPerThread_1
12474 - OpenCL, Ldg, bs_32x2, padding_224, pixelPerThread_3
6642 - OpenCL, Linear2D, bs_512x2, padding_352, pixelPerThread_3
24039 - CUDA, Array2D, bs_64x2, padding_256, pixelPerThread_4
5469 - OpenCL, Linear1D, LocalMemory, bs_64x2, padding_224, pixelPerThread_2
12838 - OpenCL, Ldg, bs_256x2, padding_416, pixelPerThread_3
3612 - OpenCL, Linear1D, bs_256x4, padding_64, pixelPerThread_1
5229 - OpenCL, Linear1D, LocalMemory, bs_512x2, padding_480, pixelPerThread_2
12978 - OpenCL, Ldg, LocalMemory, bs_32x8, padding_448, pixelPerThread_3
6721 - OpenCL, Linear2D, bs_1024x1, padding_448, pixelPerThread_2
7207 - OpenCL, Linear2D, LocalMemory, bs_32x1, padding_512, pixelPerThread_4
13372 - OpenCL, Ldg, LocalMemory, bs_128x1, padding_352, pixelPerThread_1
12804 - OpenCL, Ldg, bs_256x2, padding_160, pixelPerThread_1
24788 - CUDA, Array2D, LocalMemory, bs_128x1, padding_288, pixelPerThread_1
19314 - CUDA, Linear1D, LocalMemory, bs_256x4, padding_0, pixelPerThread_3
3416 - OpenCL, Linear1D, bs_128x2, padding_128, pixelPerThread_1
13601 - OpenCL, Ldg, LocalMemory, bs_256x4, padding_0, pixelPerThread_2
7194 - OpenCL, Linear2D, LocalMemory, bs_32x1, padding_416, pixelPerThread_3
6182 - OpenCL, Linear2D, bs_64x16, padding_480, pixelPerThread_3
8733 - OpenCL, Array2D, bs_32x16, padding_224, pixelPerThread_2
9718 - OpenCL, Array2D, bs_32x4, padding_480, pixelPerThread_3
7476 - OpenCL, Linear2D, LocalMemory, bs_64x1, padding_512, pixelPerThread_1
24686 - CUDA, Array2D, LocalMemory, bs_64x16, padding_0, pixelPerThread_3
12888 - OpenCL, Ldg, LocalMemory, bs_32x1, padding_288, pixelPerThread_1
25115 - CUDA, Array2D, LocalMemory, bs_512x1, padding_160, pixelPerThread_4
24659 - CUDA, Array2D, LocalMemory, bs_64x4, padding_320, pixelPerThread_4
7717 - OpenCL, Linear2D, LocalMemory, bs_128x2, padding_256, pixelPerThread_2
4010 - OpenCL, Linear1D, bs_32x4, padding_512, pixelPerThread_3
19259 - CUDA, Linear1D, LocalMemory, bs_128x8, padding_96, pixelPerThread_4
3869 - OpenCL, Linear1D, bs_1024x1, padding_480, pixelPerThread_2
11045 - OpenCL, Array2D, LocalMemory, bs_32x2, padding_224, pixelPerThread_2
6076 - OpenCL, Linear2D, bs_64x4, padding_192, pixelPerThread_1
23996 - CUDA, Array2D, bs_32x4, padding_480, pixelPerThread_1
25510 - CUDA, Array2D, LocalMemory, bs_64x8, padding_64, pixelPerThread_3
4381 - OpenCL, Linear1D, LocalMemory, bs_32x8, padding_224, pixelPerThread_2
4298 - OpenCL, Linear1D, LocalMemory, bs_32x1, padding_96, pixelPerThread_3
11486 - OpenCL, Ldg, bs_32x1, padding_480, pixelPerThread_3
3334 - OpenCL, Linear1D, bs_128x1, padding_0, pixelPerThread_3
8389 - OpenCL, Linear2D, LocalMemory, bs_64x8, padding_192, pixelPerThread_2
