Current machine learning settings: epsilon:0 lossFunction:RELATIVE parallelization:True bagging:False baggingNumbers:3 considerEpsilonTube:False baggingTestDataFraction:50 useBackward:False abortError:1 limitFeatureSize:False featureSizeTreshold:4 quadraticFunctionSupport:True crossValidation:False crossValidation-k:5 learn-logFunction:False learn-accumulatedLogFunction:False learn-asymFunction:False learn-ratioFunction:False learn-mirrowedFunction:False learn-numeric-disabled:True numberOfRounds:70 backwardErrorDelta:1 minImprovementPerRound:0.1 withHierarchy:False bruteForceCandidates:False ignoreBadFeatures:False stopOnLongRound:True candidateSizePenalty:True learnTimeLimit:00:00:00 scoreMeasure:RELERROR outputRoundsToStdout:False debug:False pythonInfluenceAnalysis:False blacklisted: 
command: mlsettings bagging:False stopOnLongRound:False parallelization:True lossFunction:RELATIVE useBackward:False abortError:1 limitFeatureSize:False featureSizeTreshold:7 quadraticFunctionSupport:True crossValidation:False learn_logFunction:True numberOfRounds:70 backwardErrorDelta:1 minImprovementPerRound:0.25 withHierarchy:False
Current machine learning settings: epsilon:0 lossFunction:RELATIVE parallelization:True bagging:False baggingNumbers:3 considerEpsilonTube:False baggingTestDataFraction:50 useBackward:False abortError:1 limitFeatureSize:False featureSizeTreshold:7 quadraticFunctionSupport:True crossValidation:False crossValidation-k:5 learn-logFunction:True learn-accumulatedLogFunction:False learn-asymFunction:False learn-ratioFunction:False learn-mirrowedFunction:False learn-numeric-disabled:True numberOfRounds:70 backwardErrorDelta:1 minImprovementPerRound:0.25 withHierarchy:False bruteForceCandidates:False ignoreBadFeatures:False stopOnLongRound:False candidateSizePenalty:True learnTimeLimit:00:00:00 scoreMeasure:RELERROR outputRoundsToStdout:False debug:False pythonInfluenceAnalysis:False blacklisted: 
command: solver z3
command: vm /scratch/kallistos/Distance-Based_Data/SupplementaryWebsite/MeasuredPerformanceValues/7z/FeatureModel.xml
command: all /scratch/kallistos/Distance-Based_Data/SupplementaryWebsite/MeasuredPerformanceValues/7z/measurements.xml
Configs with too large deviation: 0
68640 configurations loaded.
command: nfp Performance
command: setsampleset /scratch/kallistos/Distance-Based_Data/Results/7z/7z_17/sampledConfigurations_grammarBased_t2.csv
command: learn-splconqueror
Learning: NumberOfConfigurationsLearning:600 NumberOfConfigurationsValidation:600
Learning progress:
1;7376.17821782186 * CompressionMethod + 22347.7165190202 * x_10;116.532343431261;116.532343431261;116.532343431261;116.532343431261;0.149646;2;22347.7165190202 * x_10;1;61.8181280660353;
2;5235.56900726394 * CompressionMethod + 24488.3257295783 * x_10 + 11750.0831666492 * x_8;79.1082130807411;79.1082130807411;79.1082130807411;79.1082130807411;0.494226;3;11750.0831666492 * x_8;1;37.42413035052;
3;3423.30128205129 * CompressionMethod + 26300.593454791 * x_10 + 13562.3508918618 * x_8 + 7410.56010408733 * x_6;55.1615608829363;55.1615608829363;55.1615608829363;55.1615608829363;1.090388;4;7410.56010408733 * x_6;1;23.9466521978049;
4;1865.48597908678 * CompressionMethod + 26348.712339904 * x_10 + 13128.2056434945 * x_8 + 6917.24771063102 * x_6 + 7967.84220532685 * BZip2;51.0349676911808;51.0349676911808;51.0349676911808;51.0349676911808;2.020986;5;7967.84220532685 * BZip2;1;4.12659319175545;
5;3050.91365397852 * CompressionMethod + 18420.5149174501 * x_10 + 13458.5707332185 * x_8 + 7292.63634781887 * x_6 + 1904.67114686408 * BZip2 + 41650.0113928185 * x_10 * BZip2;41.3977167907342;41.3977167907342;41.3977167907342;41.3977167907342;3.421263;7;41650.0113928185 * x_10 * BZip2;2;4.8186254502233;
6;2936.31090220632 * CompressionMethod + 18535.1176692223 * x_10 + 13426.6322614132 * x_8 + 5325.81900829333 * x_6 + 2490.83604117435 * BZip2 + 41063.8464985082 * x_10 * BZip2 + 8862.87008950043 * x_6 * LZMA2;35.6981237162364;35.6981237162364;35.6981237162364;35.6981237162364;5.272963;9;8862.87008950043 * x_6 * LZMA2;2;2.84979653724888;
7;2784.84640932878 * CompressionMethod + 18686.5821620998 * x_10 + 13384.4208453653 * x_8 + 2726.37888746527 * x_6 + 3265.53967687583 * BZip2 + 40289.1428628068 * x_10 * BZip2 + 11613.7747032061 * x_6 * LZMA2 + 11598.7747032059 * x_6 * LZMA;30.6620165662159;30.6620165662159;30.6620165662159;30.6620165662159;7.642656;11;11598.7747032059 * x_6 * LZMA;2;2.51805357501028;
8;2784.84640932875 * CompressionMethod + 12053.4869240045 * x_10 + 13384.4208453654 * x_8 + 2726.37888746516 * x_6 + 3265.53967687594 * BZip2 + 46922.2381009021 * x_10 * BZip2 + 11613.7747032062 * x_6 * LZMA2 + 11598.7747032063 * x_6 * LZMA + 30044.0196078434 * x_10 * Deflate;26.4321030984223;26.4321030984223;26.4321030984223;26.4321030984223;10.646843;13;30044.0196078434 * x_10 * Deflate;2;2.11495673389677;
9;2334.67978627063 * CompressionMethod + 11743.4846310833 * x_10 + 13372.0393757053 * x_8 + 3015.32024626306 * x_6 + 3649.99992241971 * BZip2 + 47297.9467713378 * x_10 * BZip2 + 9791.95062143287 * x_6 * LZMA2 + 11759.9999674664 * x_6 * LZMA + 30804.1885238225 * x_10 * Deflate + 1983.04934603333 * LZMA2;24.5257764003376;24.5257764003376;24.5257764003376;24.5257764003376;14.318902;14;1983.04934603333 * LZMA2;1;1.90632669808474;
10;2570.95625613039 * CompressionMethod + 15201.7688624127 * x_10 + 13378.5379693218 * x_8 + 2863.66519065404 * x_6 + 3448.21039612959 * BZip2 + 43805.1755964385 * x_10 * BZip2 + 10748.1613680727 * x_6 * LZMA2 + 11675.3785532158 * x_6 * LZMA + 27109.6278226335 * x_10 * Deflate + 942.217185142703 * LZMA2 + -9886.72511854317 * x_10 * PPMd;20.4473042517931;20.4473042517931;20.4473042517931;20.4473042517931;18.965856;16;-9886.72511854317 * x_10 * PPMd;2;2.03923607427223;
11;2059.40413179176 * CompressionMethod + 14635.6665656897 * x_10 + 13353.9265748885 * x_8 + 3190.98107582816 * x_6 + 3887.542966445 * BZip2 + 44443.4974471848 * x_10 * BZip2 + 10285.1005684544 * x_6 * LZMA2 + 10199.712148236 * x_6 * LZMA + 28187.282243695 * x_10 * Deflate + 1589.51422392576 * LZMA2 + -8809.07069748147 * x_10 * PPMd + 1659.90264414416 * LZMA;16.9468966313037;16.9468966313037;16.9468966313037;16.9468966313037;24.413434;17;1659.90264414416 * LZMA;1;3.50040762048939;
12;1816.8142650726 * CompressionMethod + 14626.3983386073 * x_10 + 13312.9781407729 * x_8 + 1030.46406914567 * x_6 + 4649.36243460407 * BZip2 + 43933.5360728273 * x_10 * BZip2 + 12436.4328013704 * x_6 * LZMA2 + 12350.8480204089 * x_6 * LZMA + 28439.1403374965 * x_10 * Deflate + 1841.28886441122 * LZMA2 + -8557.21260368009 * x_10 * PPMd + 1911.87364537288 * LZMA + 5382.72166578182 * x_6 * Deflate;12.9877257319996;12.9877257319996;12.9877257319996;12.9877257319996;31.007816;19;5382.72166578182 * x_6 * Deflate;2;1.97958544965206;
13;2325.00814461956 * CompressionMethod + 15015.5577332916 * x_10 + 15032.343418788 * x_8 + 1132.45165911448 * x_6 + 3757.55874838868 * BZip2 + 43927.9864848113 * x_10 * BZip2 + 12720.1005225531 * x_6 * LZMA2 + 12642.7606440213 * x_6 * LZMA + 27541.7870632653 * x_10 * Deflate + 947.439673712776 * LZMA2 + -9454.56587791118 * x_10 * PPMd + 1009.77955224479 * LZMA + 4772.54019626597 * x_6 * Deflate + -10992.3515634075 * x_8 * PPMd;10.7684715498854;10.7684715498854;10.7684715498854;10.7684715498854;38.834686;21;-10992.3515634075 * x_8 * PPMd;2;1.10962709105713;
14;2050.42075831889 * CompressionMethod + 14805.2870760851 * x_10 + 14103.335737296 * x_8 + 1077.34571059434 * x_6 + 4239.41823774235 * BZip2 + 43930.9850389649 * x_10 * BZip2 + 12566.8291407591 * x_6 * LZMA2 + 12485.0343754219 * x_6 * LZMA + 28026.6451067725 * x_10 * Deflate + 1430.40439032775 * LZMA2 + -8969.70783440391 * x_10 * PPMd + 1497.1991556649 * LZMA + 5102.23353108673 * x_6 * Deflate + -9788.75649561473 * x_8 * PPMd + 3157.19588533761 * x_8 * Deflate;8.86896906550094;8.86896906550094;8.86896906550094;8.86896906550094;47.941141;23;3157.19588533761 * x_8 * Deflate;2;0.949751242192217;
15;2065.48606989915 * CompressionMethod + 14960.7840741213 * x_10 + 14790.3450782272 * x_8 + 892.795643735831 * x_6 + 4487.12672622582 * BZip2 + 43512.7142408648 * x_10 * BZip2 + 12905.4760737858 * x_6 * LZMA2 + 12826.9757363733 * x_6 * LZMA + 27856.0827971561 * x_10 * Deflate + 1261.24221257921 * LZMA2 + -9140.27014402052 * x_10 * PPMd + 1324.74254999179 * LZMA + 5271.71828636492 * x_6 * Deflate + -10490.8311481264 * x_8 * PPMd + 2455.12123282612 * x_8 * Deflate + -1735.13178739568 * x_8 * BZip2;8.5733739844049;8.5733739844049;8.5733739844049;8.5733739844049;58.446741;25;-1735.13178739568 * x_8 * BZip2;2;0.147797540548016;
Elapsed=00:00:58.4562320
average model: 
command: analyze-learning
Round, Model, LearningError, LearningErrorRel, ValidationError, ValidationErrorRel, ElapsedSeconds, ModelComplexity, BestCandidate, BestCandidateSize, BestCandidateScore, TestError
Models:
Termination reason: minImprovementPerRound
1;7376.17821782186 * CompressionMethod + 22347.7165190202 * x_10;116.532343431261;116.532343431261;116.532343431261;116.532343431261;0.149646;2;22347.7165190202 * x_10;1;61.8181280660353;113.100269601458
2;5235.56900726394 * CompressionMethod + 24488.3257295783 * x_10 + 11750.0831666492 * x_8;79.1082130807411;79.1082130807411;79.1082130807411;79.1082130807411;0.494226;3;11750.0831666492 * x_8;1;37.42413035052;77.9148060848237
3;3423.30128205129 * CompressionMethod + 26300.593454791 * x_10 + 13562.3508918618 * x_8 + 7410.56010408733 * x_6;55.1615608829363;55.1615608829363;55.1615608829363;55.1615608829363;1.090388;4;7410.56010408733 * x_6;1;23.9466521978049;58.9347795812138
4;1865.48597908678 * CompressionMethod + 26348.712339904 * x_10 + 13128.2056434945 * x_8 + 6917.24771063102 * x_6 + 7967.84220532685 * BZip2;51.0349676911808;51.0349676911808;51.0349676911808;51.0349676911808;2.020986;5;7967.84220532685 * BZip2;1;4.12659319175545;54.8261201464819
5;3050.91365397852 * CompressionMethod + 18420.5149174501 * x_10 + 13458.5707332185 * x_8 + 7292.63634781887 * x_6 + 1904.67114686408 * BZip2 + 41650.0113928185 * x_10 * BZip2;41.3977167907342;41.3977167907342;41.3977167907342;41.3977167907342;3.421263;7;41650.0113928185 * x_10 * BZip2;2;4.8186254502233;45.2128671084736
6;2936.31090220632 * CompressionMethod + 18535.1176692223 * x_10 + 13426.6322614132 * x_8 + 5325.81900829333 * x_6 + 2490.83604117435 * BZip2 + 41063.8464985082 * x_10 * BZip2 + 8862.87008950043 * x_6 * LZMA2;35.6981237162364;35.6981237162364;35.6981237162364;35.6981237162364;5.272963;9;8862.87008950043 * x_6 * LZMA2;2;2.84979653724888;39.1455182135701
7;2784.84640932878 * CompressionMethod + 18686.5821620998 * x_10 + 13384.4208453653 * x_8 + 2726.37888746527 * x_6 + 3265.53967687583 * BZip2 + 40289.1428628068 * x_10 * BZip2 + 11613.7747032061 * x_6 * LZMA2 + 11598.7747032059 * x_6 * LZMA;30.6620165662159;30.6620165662159;30.6620165662159;30.6620165662159;7.642656;11;11598.7747032059 * x_6 * LZMA;2;2.51805357501028;32.8633312419025
8;2784.84640932875 * CompressionMethod + 12053.4869240045 * x_10 + 13384.4208453654 * x_8 + 2726.37888746516 * x_6 + 3265.53967687594 * BZip2 + 46922.2381009021 * x_10 * BZip2 + 11613.7747032062 * x_6 * LZMA2 + 11598.7747032063 * x_6 * LZMA + 30044.0196078434 * x_10 * Deflate;26.4321030984223;26.4321030984223;26.4321030984223;26.4321030984223;10.646843;13;30044.0196078434 * x_10 * Deflate;2;2.11495673389677;28.2799464708223
9;2334.67978627063 * CompressionMethod + 11743.4846310833 * x_10 + 13372.0393757053 * x_8 + 3015.32024626306 * x_6 + 3649.99992241971 * BZip2 + 47297.9467713378 * x_10 * BZip2 + 9791.95062143287 * x_6 * LZMA2 + 11759.9999674664 * x_6 * LZMA + 30804.1885238225 * x_10 * Deflate + 1983.04934603333 * LZMA2;24.5257764003376;24.5257764003376;24.5257764003376;24.5257764003376;14.318902;14;1983.04934603333 * LZMA2;1;1.90632669808474;26.5426676341081
10;2570.95625613039 * CompressionMethod + 15201.7688624127 * x_10 + 13378.5379693218 * x_8 + 2863.66519065404 * x_6 + 3448.21039612959 * BZip2 + 43805.1755964385 * x_10 * BZip2 + 10748.1613680727 * x_6 * LZMA2 + 11675.3785532158 * x_6 * LZMA + 27109.6278226335 * x_10 * Deflate + 942.217185142703 * LZMA2 + -9886.72511854317 * x_10 * PPMd;20.4473042517931;20.4473042517931;20.4473042517931;20.4473042517931;18.965856;16;-9886.72511854317 * x_10 * PPMd;2;2.03923607427223;22.3721441302191
11;2059.40413179176 * CompressionMethod + 14635.6665656897 * x_10 + 13353.9265748885 * x_8 + 3190.98107582816 * x_6 + 3887.542966445 * BZip2 + 44443.4974471848 * x_10 * BZip2 + 10285.1005684544 * x_6 * LZMA2 + 10199.712148236 * x_6 * LZMA + 28187.282243695 * x_10 * Deflate + 1589.51422392576 * LZMA2 + -8809.07069748147 * x_10 * PPMd + 1659.90264414416 * LZMA;16.9468966313037;16.9468966313037;16.9468966313037;16.9468966313037;24.413434;17;1659.90264414416 * LZMA;1;3.50040762048939;19.1666433188727
12;1816.8142650726 * CompressionMethod + 14626.3983386073 * x_10 + 13312.9781407729 * x_8 + 1030.46406914567 * x_6 + 4649.36243460407 * BZip2 + 43933.5360728273 * x_10 * BZip2 + 12436.4328013704 * x_6 * LZMA2 + 12350.8480204089 * x_6 * LZMA + 28439.1403374965 * x_10 * Deflate + 1841.28886441122 * LZMA2 + -8557.21260368009 * x_10 * PPMd + 1911.87364537288 * LZMA + 5382.72166578182 * x_6 * Deflate;12.9877257319996;12.9877257319996;12.9877257319996;12.9877257319996;31.007816;19;5382.72166578182 * x_6 * Deflate;2;1.97958544965206;14.604205595609
13;2325.00814461956 * CompressionMethod + 15015.5577332916 * x_10 + 15032.343418788 * x_8 + 1132.45165911448 * x_6 + 3757.55874838868 * BZip2 + 43927.9864848113 * x_10 * BZip2 + 12720.1005225531 * x_6 * LZMA2 + 12642.7606440213 * x_6 * LZMA + 27541.7870632653 * x_10 * Deflate + 947.439673712776 * LZMA2 + -9454.56587791118 * x_10 * PPMd + 1009.77955224479 * LZMA + 4772.54019626597 * x_6 * Deflate + -10992.3515634075 * x_8 * PPMd;10.7684715498854;10.7684715498854;10.7684715498854;10.7684715498854;38.834686;21;-10992.3515634075 * x_8 * PPMd;2;1.10962709105713;10.6570064602523
14;2050.42075831889 * CompressionMethod + 14805.2870760851 * x_10 + 14103.335737296 * x_8 + 1077.34571059434 * x_6 + 4239.41823774235 * BZip2 + 43930.9850389649 * x_10 * BZip2 + 12566.8291407591 * x_6 * LZMA2 + 12485.0343754219 * x_6 * LZMA + 28026.6451067725 * x_10 * Deflate + 1430.40439032775 * LZMA2 + -8969.70783440391 * x_10 * PPMd + 1497.1991556649 * LZMA + 5102.23353108673 * x_6 * Deflate + -9788.75649561473 * x_8 * PPMd + 3157.19588533761 * x_8 * Deflate;8.86896906550094;8.86896906550094;8.86896906550094;8.86896906550094;47.941141;23;3157.19588533761 * x_8 * Deflate;2;0.949751242192217;9.05010829144465
15;2065.48606989915 * CompressionMethod + 14960.7840741213 * x_10 + 14790.3450782272 * x_8 + 892.795643735831 * x_6 + 4487.12672622582 * BZip2 + 43512.7142408648 * x_10 * BZip2 + 12905.4760737858 * x_6 * LZMA2 + 12826.9757363733 * x_6 * LZMA + 27856.0827971561 * x_10 * Deflate + 1261.24221257921 * LZMA2 + -9140.27014402052 * x_10 * PPMd + 1324.74254999179 * LZMA + 5271.71828636492 * x_6 * Deflate + -10490.8311481264 * x_8 * PPMd + 2455.12123282612 * x_8 * Deflate + -1735.13178739568 * x_8 * BZip2;8.5733739844049;8.5733739844049;8.5733739844049;8.5733739844049;58.446741;25;-1735.13178739568 * x_8 * BZip2;2;0.147797540548016;8.69020262160019
Analyze finished
command: clean-sampling
command: clean-global
command: script ./learn_grammarBased_t3.a
command: log ./out_grammarBased_t3Predictions.log
