Current machine learning settings: epsilon:0 lossFunction:RELATIVE parallelization:True bagging:False baggingNumbers:3 considerEpsilonTube:False baggingTestDataFraction:50 useBackward:False abortError:1 limitFeatureSize:False featureSizeTreshold:4 quadraticFunctionSupport:True crossValidation:False crossValidation-k:5 learn-logFunction:False learn-accumulatedLogFunction:False learn-asymFunction:False learn-ratioFunction:False learn-mirrowedFunction:False learn-numeric-disabled:True numberOfRounds:70 backwardErrorDelta:1 minImprovementPerRound:0.1 withHierarchy:False bruteForceCandidates:False ignoreBadFeatures:False stopOnLongRound:True candidateSizePenalty:True learnTimeLimit:00:00:00 scoreMeasure:RELERROR outputRoundsToStdout:False debug:False pythonInfluenceAnalysis:False blacklisted: 
command: mlsettings bagging:False stopOnLongRound:False parallelization:True lossFunction:RELATIVE useBackward:False abortError:1 limitFeatureSize:False featureSizeTreshold:7 quadraticFunctionSupport:True crossValidation:False learn_logFunction:True numberOfRounds:70 backwardErrorDelta:1 minImprovementPerRound:0.25 withHierarchy:False
Current machine learning settings: epsilon:0 lossFunction:RELATIVE parallelization:True bagging:False baggingNumbers:3 considerEpsilonTube:False baggingTestDataFraction:50 useBackward:False abortError:1 limitFeatureSize:False featureSizeTreshold:7 quadraticFunctionSupport:True crossValidation:False crossValidation-k:5 learn-logFunction:True learn-accumulatedLogFunction:False learn-asymFunction:False learn-ratioFunction:False learn-mirrowedFunction:False learn-numeric-disabled:True numberOfRounds:70 backwardErrorDelta:1 minImprovementPerRound:0.25 withHierarchy:False bruteForceCandidates:False ignoreBadFeatures:False stopOnLongRound:False candidateSizePenalty:True learnTimeLimit:00:00:00 scoreMeasure:RELERROR outputRoundsToStdout:False debug:False pythonInfluenceAnalysis:False blacklisted: 
command: solver z3
command: vm /scratch/kallistos/Distance-Based_Data/SupplementaryWebsite/MeasuredPerformanceValues/7z/FeatureModel.xml
command: all /scratch/kallistos/Distance-Based_Data/SupplementaryWebsite/MeasuredPerformanceValues/7z/measurements.xml
Configs with too large deviation: 0
68640 configurations loaded.
command: nfp Performance
command: setsampleset /scratch/kallistos/Distance-Based_Data/Results/7z/7z_15/sampledConfigurations_divDistBased_t1.csv
command: learn-splconqueror
Learning: NumberOfConfigurationsLearning:39 NumberOfConfigurationsValidation:39
Learning progress:
1;25900 * CompressionMethod + -21430 * x_0;107.183529226782;107.183529226782;107.183529226782;107.183529226782;0.047834;2;-21430 * x_0;1;114.556919511591;
2;14189.2307692308 * CompressionMethod + -9719.23076923078 * x_0 + 22585.054945055 * x_10;81.8911159416906;81.8911159416906;81.8911159416906;81.8911159416906;0.076941;3;22585.054945055 * x_10;1;25.292413285091;
3;14189.2307692308 * CompressionMethod + -9719.23076923077 * x_0 + 8019.65811965813 * x_10 + 40783.1111111111 * x_10 * BZip2;60.2778130511486;60.2778130511486;60.2778130511486;60.2778130511486;0.128776;5;40783.1111111111 * x_10 * BZip2;2;10.806651445271;
4;15329.4339622642 * CompressionMethod + -10859.4339622642 * x_0 + 8526.41509433962 * x_10 + 39136.1509433963 * x_10 * BZip2 + -14822.641509434 * PPMd;45.3330108515017;45.3330108515017;45.3330108515017;45.3330108515017;0.21243;6;-14822.641509434 * PPMd;1;14.9448021996469;
5;16358.9743589744 * CompressionMethod + -11888.9743589744 * x_0 + 7557.43589743591 * x_10 + 39075.5897435898 * x_10 * BZip2 + -15367.6923076923 * PPMd + -12838.9743589744 * x_4;35.5146483669556;35.5146483669556;35.5146483669556;35.5146483669556;0.320827;7;-12838.9743589744 * x_4;1;9.81836248454616;
6;16358.9743589744 * CompressionMethod + -13226.4743589744 * x_0 + 7557.4358974359 * x_10 + 35063.0897435897 * x_10 * BZip2 + -15367.6923076923 * PPMd + -12838.9743589744 * x_4 + 4012.50000000001 * tmOff;26.3441762440666;26.3441762440666;26.3441762440666;26.3441762440666;0.471603;8;4012.50000000001 * tmOff;1;9.17047212288901;
7;18344.9068322981 * CompressionMethod + -15212.4068322981 * x_0 + 5688.32298136649 * x_10 + 34946.2701863354 * x_10 * BZip2 + -16419.0683229814 * PPMd + -14824.9068322981 * x_4 + 15402.4068322981 * tmOff + -11389.9068322981 * BZip2;17.0964873113175;17.0964873113175;17.0964873113175;17.0964873113175;0.660171;9;-11389.9068322981 * BZip2;1;9.24768893274907;
8;18344.9068322982 * CompressionMethod + -14751.5734989648 * x_0 + 5688.32298136648 * x_10 + 35407.1035196688 * x_10 * BZip2 + -16419.0683229814 * PPMd + -14824.9068322981 * x_4 + 14941.5734989648 * tmOff + -11389.9068322981 * BZip2 + -1843.33333333335 * x_0 * Deflate;12.3019314425022;12.3019314425022;12.3019314425022;12.3019314425022;0.907272;11;-1843.33333333335 * x_0 * Deflate;2;2.39727793440767;
9;44355.9756097561 * CompressionMethod + -14424.3902439024 * x_0 + -200.975609756089 * x_10 + 41623.5853658537 * x_10 * BZip2 + -39485.4878048781 * PPMd + -14497.7235772358 * x_4 + 14614.3902439024 * tmOff + -37400.9756097561 * BZip2 + -28181.5853658537 * x_0 * Deflate + -26338.2520325203 * LZMA;8.61088127168395;8.61088127168395;8.61088127168395;8.61088127168395;1.219869;12;-26338.2520325203 * LZMA;1;3.69105017081821;
10;45092.2222222223 * CompressionMethod + -14718.8888888889 * x_0 + -937.222222222222 * x_10 + 42065.3333333333 * x_10 * BZip2 + -42872.2222222223 * PPMd + -14792.2222222223 * x_4 + 14908.8888888889 * tmOff + -38137.2222222223 * BZip2 + -28623.3333333334 * x_0 * Deflate + -26780 * LZMA + 6037.22222222224 * x_10 * Files_90;4.67482226715923;4.67482226715923;4.67482226715923;4.67482226715923;1.610485;14;6037.22222222224 * x_10 * Files_90;2;1.96802950226236;
11;45092.2222222223 * CompressionMethod + -14576.2222222222 * x_0 + -937.22222222221 * x_10 + 42208 * x_10 * BZip2 + -42872.2222222223 * PPMd + -14792.2222222223 * x_4 + 14766.2222222222 * tmOff + -38137.2222222222 * BZip2 + -28766 * x_0 * Deflate + -26780.0000000001 * LZMA + 6037.22222222224 * x_10 * Files_90 + -855.999999999976 * BlockSize_16;3.93211801813471;3.93211801813471;3.93211801813471;3.93211801813471;2.087239;15;-855.999999999976 * BlockSize_16;1;0.742704249024516;
12;44893.4722222223 * CompressionMethod + -14576.2222222223 * x_0 + -738.472222222201 * x_10 + 42009.25 * x_10 * BZip2 + -42673.4722222222 * PPMd + -14792.2222222222 * x_4 + 14169.9722222222 * tmOff + -37342.2222222222 * BZip2 + -28567.25 * x_0 * Deflate + -26581.25 * LZMA + 5838.4722222222 * x_10 * Files_90 + -855.999999999921 * BlockSize_16 + -1192.50000000002 * BlockSize_32;3.362385349452;3.362385349452;3.362385349452;3.362385349452;2.634226;16;-1192.50000000002 * BlockSize_32;1;0.569732668682716;
13;44114.295392954 * CompressionMethod + -14576.2222222222 * x_0 + 40.7046070460678 * x_10 + 41645.6341463415 * x_10 * BZip2 + -41894.295392954 * PPMd + -14792.2222222222 * x_4 + 13910.2466124661 * tmOff + -36303.3197831979 * BZip2 + -27788.0731707318 * x_0 * Deflate + -25802.0731707318 * LZMA + 5059.29539295393 * x_10 * Files_90 + -856.000000000001 * BlockSize_16 + -1711.9512195122 * BlockSize_32 + -2077.80487804875 * x_10 * Files_50;2.60275354989779;2.60275354989779;2.60275354989779;2.60275354989779;3.267375;18;-2077.80487804875 * x_10 * Files_50;2;0.379815899777103;
14;44074.3524650479 * CompressionMethod + -14482.6416482708 * x_0 + 80.6475349522243 * x_10 + 41704.9779249448 * x_10 * BZip2 + -41854.3524650478 * PPMd + -14792.2222222222 * x_4 + 13959.3193524651 * tmOff + -36406.0301692421 * BZip2 + -27841.7108167771 * x_0 * Deflate + -25762.1302428256 * LZMA + 5019.35246504781 * x_10 * Files_90 + -481.67770419427 * BlockSize_16 + -1426.64459161149 * BlockSize_32 + -2106.33554083879 * x_10 * Files_50 + -467.90286975717 * LZMA * Files_30;2.12462373600651;2.12462373600651;2.12462373600651;2.12462373600651;4.018937;20;-467.90286975717 * LZMA * Files_30;2;0.239064906945642;
Elapsed=00:00:04.0219666
average model: 
command: analyze-learning
Round, Model, LearningError, LearningErrorRel, ValidationError, ValidationErrorRel, ElapsedSeconds, ModelComplexity, BestCandidate, BestCandidateSize, BestCandidateScore, TestError
Models:
Termination reason: minImprovementPerRound
1;25900 * CompressionMethod + -21430 * x_0;107.183529226782;107.183529226782;107.183529226782;107.183529226782;0.047834;2;-21430 * x_0;1;114.556919511591;353.450195786096
2;14189.2307692308 * CompressionMethod + -9719.23076923078 * x_0 + 22585.054945055 * x_10;81.8911159416906;81.8911159416906;81.8911159416906;81.8911159416906;0.076941;3;22585.054945055 * x_10;1;25.292413285091;190.943839891981
3;14189.2307692308 * CompressionMethod + -9719.23076923077 * x_0 + 8019.65811965813 * x_10 + 40783.1111111111 * x_10 * BZip2;60.2778130511486;60.2778130511486;60.2778130511486;60.2778130511486;0.128776;5;40783.1111111111 * x_10 * BZip2;2;10.806651445271;179.048097371855
4;15329.4339622642 * CompressionMethod + -10859.4339622642 * x_0 + 8526.41509433962 * x_10 + 39136.1509433963 * x_10 * BZip2 + -14822.641509434 * PPMd;45.3330108515017;45.3330108515017;45.3330108515017;45.3330108515017;0.21243;6;-14822.641509434 * PPMd;1;14.9448021996469;154.047546492905
5;16358.9743589744 * CompressionMethod + -11888.9743589744 * x_0 + 7557.43589743591 * x_10 + 39075.5897435898 * x_10 * BZip2 + -15367.6923076923 * PPMd + -12838.9743589744 * x_4;35.5146483669556;35.5146483669556;35.5146483669556;35.5146483669556;0.320827;7;-12838.9743589744 * x_4;1;9.81836248454616;130.129837949317
6;16358.9743589744 * CompressionMethod + -13226.4743589744 * x_0 + 7557.4358974359 * x_10 + 35063.0897435897 * x_10 * BZip2 + -15367.6923076923 * PPMd + -12838.9743589744 * x_4 + 4012.50000000001 * tmOff;26.3441762440666;26.3441762440666;26.3441762440666;26.3441762440666;0.471603;8;4012.50000000001 * tmOff;1;9.17047212288901;148.250600512316
7;18344.9068322981 * CompressionMethod + -15212.4068322981 * x_0 + 5688.32298136649 * x_10 + 34946.2701863354 * x_10 * BZip2 + -16419.0683229814 * PPMd + -14824.9068322981 * x_4 + 15402.4068322981 * tmOff + -11389.9068322981 * BZip2;17.0964873113175;17.0964873113175;17.0964873113175;17.0964873113175;0.660171;9;-11389.9068322981 * BZip2;1;9.24768893274907;240.301882462194
8;18344.9068322982 * CompressionMethod + -14751.5734989648 * x_0 + 5688.32298136648 * x_10 + 35407.1035196688 * x_10 * BZip2 + -16419.0683229814 * PPMd + -14824.9068322981 * x_4 + 14941.5734989648 * tmOff + -11389.9068322981 * BZip2 + -1843.33333333335 * x_0 * Deflate;12.3019314425022;12.3019314425022;12.3019314425022;12.3019314425022;0.907272;11;-1843.33333333335 * x_0 * Deflate;2;2.39727793440767;234.134734084853
9;44355.9756097561 * CompressionMethod + -14424.3902439024 * x_0 + -200.975609756089 * x_10 + 41623.5853658537 * x_10 * BZip2 + -39485.4878048781 * PPMd + -14497.7235772358 * x_4 + 14614.3902439024 * tmOff + -37400.9756097561 * BZip2 + -28181.5853658537 * x_0 * Deflate + -26338.2520325203 * LZMA;8.61088127168395;8.61088127168395;8.61088127168395;8.61088127168395;1.219869;12;-26338.2520325203 * LZMA;1;3.69105017081821;429.37454139116
10;45092.2222222223 * CompressionMethod + -14718.8888888889 * x_0 + -937.222222222222 * x_10 + 42065.3333333333 * x_10 * BZip2 + -42872.2222222223 * PPMd + -14792.2222222223 * x_4 + 14908.8888888889 * tmOff + -38137.2222222223 * BZip2 + -28623.3333333334 * x_0 * Deflate + -26780 * LZMA + 6037.22222222224 * x_10 * Files_90;4.67482226715923;4.67482226715923;4.67482226715923;4.67482226715923;1.610485;14;6037.22222222224 * x_10 * Files_90;2;1.96802950226236;431.453731248549
11;45092.2222222223 * CompressionMethod + -14576.2222222222 * x_0 + -937.22222222221 * x_10 + 42208 * x_10 * BZip2 + -42872.2222222223 * PPMd + -14792.2222222223 * x_4 + 14766.2222222222 * tmOff + -38137.2222222222 * BZip2 + -28766 * x_0 * Deflate + -26780.0000000001 * LZMA + 6037.22222222224 * x_10 * Files_90 + -855.999999999976 * BlockSize_16;3.93211801813471;3.93211801813471;3.93211801813471;3.93211801813471;2.087239;15;-855.999999999976 * BlockSize_16;1;0.742704249024516;429.788797325074
12;44893.4722222223 * CompressionMethod + -14576.2222222223 * x_0 + -738.472222222201 * x_10 + 42009.25 * x_10 * BZip2 + -42673.4722222222 * PPMd + -14792.2222222222 * x_4 + 14169.9722222222 * tmOff + -37342.2222222222 * BZip2 + -28567.25 * x_0 * Deflate + -26581.25 * LZMA + 5838.4722222222 * x_10 * Files_90 + -855.999999999921 * BlockSize_16 + -1192.50000000002 * BlockSize_32;3.362385349452;3.362385349452;3.362385349452;3.362385349452;2.634226;16;-1192.50000000002 * BlockSize_32;1;0.569732668682716;422.968582027257
13;44114.295392954 * CompressionMethod + -14576.2222222222 * x_0 + 40.7046070460678 * x_10 + 41645.6341463415 * x_10 * BZip2 + -41894.295392954 * PPMd + -14792.2222222222 * x_4 + 13910.2466124661 * tmOff + -36303.3197831979 * BZip2 + -27788.0731707318 * x_0 * Deflate + -25802.0731707318 * LZMA + 5059.29539295393 * x_10 * Files_90 + -856.000000000001 * BlockSize_16 + -1711.9512195122 * BlockSize_32 + -2077.80487804875 * x_10 * Files_50;2.60275354989779;2.60275354989779;2.60275354989779;2.60275354989779;3.267375;18;-2077.80487804875 * x_10 * Files_50;2;0.379815899777103;415.169861820004
14;44074.3524650479 * CompressionMethod + -14482.6416482708 * x_0 + 80.6475349522243 * x_10 + 41704.9779249448 * x_10 * BZip2 + -41854.3524650478 * PPMd + -14792.2222222222 * x_4 + 13959.3193524651 * tmOff + -36406.0301692421 * BZip2 + -27841.7108167771 * x_0 * Deflate + -25762.1302428256 * LZMA + 5019.35246504781 * x_10 * Files_90 + -481.67770419427 * BlockSize_16 + -1426.64459161149 * BlockSize_32 + -2106.33554083879 * x_10 * Files_50 + -467.90286975717 * LZMA * Files_30;2.12462373600651;2.12462373600651;2.12462373600651;2.12462373600651;4.018937;20;-467.90286975717 * LZMA * Files_30;2;0.239064906945642;415.399749514813
Analyze finished
command: clean-sampling
command: clean-global
command: script ./learn_divDistBased_t2.a
command: log ./out_divDistBased_t2Predictions.log
