Current machine learning settings: epsilon:0 lossFunction:RELATIVE parallelization:True bagging:False baggingNumbers:3 considerEpsilonTube:False baggingTestDataFraction:50 useBackward:False abortError:1 limitFeatureSize:False featureSizeTreshold:4 quadraticFunctionSupport:True crossValidation:False crossValidation-k:5 learn-logFunction:False learn-accumulatedLogFunction:False learn-asymFunction:False learn-ratioFunction:False learn-mirrowedFunction:False learn-numeric-disabled:True numberOfRounds:70 backwardErrorDelta:1 minImprovementPerRound:0.1 withHierarchy:False bruteForceCandidates:False ignoreBadFeatures:False stopOnLongRound:True candidateSizePenalty:True learnTimeLimit:00:00:00 scoreMeasure:RELERROR outputRoundsToStdout:False debug:False pythonInfluenceAnalysis:False blacklisted: 
command: mlsettings bagging:False stopOnLongRound:False parallelization:True lossFunction:RELATIVE useBackward:False abortError:1 limitFeatureSize:False featureSizeTreshold:7 quadraticFunctionSupport:True crossValidation:False learn_logFunction:True numberOfRounds:70 backwardErrorDelta:1 minImprovementPerRound:0.25 withHierarchy:False
Current machine learning settings: epsilon:0 lossFunction:RELATIVE parallelization:True bagging:False baggingNumbers:3 considerEpsilonTube:False baggingTestDataFraction:50 useBackward:False abortError:1 limitFeatureSize:False featureSizeTreshold:7 quadraticFunctionSupport:True crossValidation:False crossValidation-k:5 learn-logFunction:True learn-accumulatedLogFunction:False learn-asymFunction:False learn-ratioFunction:False learn-mirrowedFunction:False learn-numeric-disabled:True numberOfRounds:70 backwardErrorDelta:1 minImprovementPerRound:0.25 withHierarchy:False bruteForceCandidates:False ignoreBadFeatures:False stopOnLongRound:False candidateSizePenalty:True learnTimeLimit:00:00:00 scoreMeasure:RELERROR outputRoundsToStdout:False debug:False pythonInfluenceAnalysis:False blacklisted: 
command: solver z3
command: vm /scratch/kallistos/Distance-Based_Data/SupplementaryWebsite/MeasuredPerformanceValues/Hipacc/FeatureModel.xml
Warning: Variability model contains outdated notation. Children nodes will no longer have effect on the model. Instead use the parent node to describe the parent of an configuration option. You can also use the converter providedby the Variability Model GUI in export>convert legacy model.
Warning: Default value nodes in models are no longer used and should be removed. You can also use the converter provided by the Variability Model GUI in export>convert legacy model to update your model.
command: all /scratch/kallistos/Distance-Based_Data/SupplementaryWebsite/MeasuredPerformanceValues/Hipacc/measurements.xml
Configs with too large deviation: 0
13485 configurations loaded.
command: nfp Performance
command: setsampleset /scratch/kallistos/Distance-Based_Data/Results/Hipacc/Hipacc_88/sampledConfigurations_grammarBased_t2.csv
command: learn-splconqueror
Learning: NumberOfConfigurationsLearning:824 NumberOfConfigurationsValidation:824
Learning progress:
1;26.3471236442516 * API + 19.4378653364648 * LocalMemory;20.2233756550832;20.2233756550832;20.2233756550832;20.2233756550832;0.23841;2;19.4378653364648 * LocalMemory;1;12.1960388678539;
2;25.8683212069429 * API + 19.3086018685407 * LocalMemory + 12.9839955058455 * bs_32x1;19.4399449041726;19.4399449041726;19.4399449041726;19.4399449041726;0.897254;3;12.9839955058455 * bs_32x1;1;0.783430750910583;
3;24.0950532178835 * API + 19.3326754781877 * LocalMemory + 13.7511145809873 * bs_32x1 + 6.75996234184049 * pixelPerThread_1;18.5847377859648;18.5847377859648;18.5847377859648;18.5847377859648;1.942004;4;6.75996234184049 * pixelPerThread_1;1;0.855207118207815;
4;24.1412339830428 * API + 26.457014093018 * LocalMemory + 14.5590661472929 * bs_32x1 + 6.46563873372525 * pixelPerThread_1 + -12.3902198067787 * LocalMemory * TextureMemory;17.4270747756915;17.4270747756915;17.4270747756915;17.4270747756915;3.672238;6;-12.3902198067787 * LocalMemory * TextureMemory;2;0.578831505136609;
5;24.118508182167 * API + 24.991148566345 * LocalMemory + 15.2278452961005 * bs_32x1 + 6.45813746207834 * pixelPerThread_1 + -12.1409359332796 * LocalMemory * TextureMemory + 25.1357470421409 * LocalMemory * bs_512x1;16.2515129830825;16.2515129830825;16.2515129830825;16.2515129830825;6.30647;8;25.1357470421409 * LocalMemory * bs_512x1;2;0.587780896304524;
6;23.7773483663625 * API + 25.253246726453 * LocalMemory + 15.5941825674982 * bs_32x1 + 6.63500596618198 * pixelPerThread_1 + -12.6572729943225 * LocalMemory * TextureMemory + 25.4400207025699 * LocalMemory * bs_512x1 + 10.8332991236444 * Array2D;15.8686463990924;15.8686463990924;15.8686463990924;15.8686463990924;9.752917;9;10.8332991236444 * Array2D;1;0.382866583990138;
7;24.1143108781727 * API + 24.2952208874832 * LocalMemory + 15.8737994898213 * bs_32x1 + 5.26918980498756 * pixelPerThread_1 + -12.4779547186616 * LocalMemory * TextureMemory + 26.326131295485 * LocalMemory * bs_512x1 + 11.036542253501 * Array2D + 48.3335891220206 * LocalMemory * bs_1024x1;15.1154751828998;15.1154751828998;15.1154751828998;15.1154751828998;14.121278;11;48.3335891220206 * LocalMemory * bs_1024x1;2;0.376585608096279;
8;23.8198358168355 * API + 24.5719721659908 * LocalMemory + 16.0267468111935 * bs_32x1 + 5.31412467119562 * pixelPerThread_1 + -12.4877466275674 * LocalMemory * TextureMemory + 26.3371837497893 * LocalMemory * bs_512x1 + 11.2035446650816 * Array2D + 41.6901360564982 * LocalMemory * bs_1024x1 + 6.621137936597 * bs_1024x1;14.7741885792585;14.7741885792585;14.7741885792585;14.7741885792585;19.562974;12;6.621137936597 * bs_1024x1;1;0.341286603641317;
9;23.3928681647298 * API + 24.6863043769029 * LocalMemory + 16.3579297112741 * bs_32x1 + 5.25808959294362 * pixelPerThread_1 + -12.3549791796829 * LocalMemory * TextureMemory + 26.5946876600573 * LocalMemory * bs_512x1 + 11.2292441632799 * Array2D + 41.5536583413163 * LocalMemory * bs_1024x1 + 7.05990244728222 * bs_1024x1 + 6.52500803275757 * bs_64x16;14.4371717361246;14.4371717361246;14.4371717361246;14.4371717361246;26.2869;13;6.52500803275757 * bs_64x16;1;0.337016843133885;
10;22.9921658892984 * API + 24.6881017194624 * LocalMemory + 16.6671558806374 * bs_32x1 + 5.15206095558167 * pixelPerThread_1 + -12.054164515549 * LocalMemory * TextureMemory + 26.8631713584804 * LocalMemory * bs_512x1 + 10.3570330903493 * Array2D + 41.48516048566 * LocalMemory * bs_1024x1 + 7.48292654110546 * bs_1024x1 + 6.94080575428366 * bs_64x16 + 8.29342059586276 * bs_512x2;14.1156727627862;14.1156727627862;14.1156727627862;14.1156727627862;34.41234;14;8.29342059586276 * bs_512x2;1;0.321498973338427;
11;22.594945321235 * API + 25.042821253918 * LocalMemory + 16.9250436855771 * bs_32x1 + 5.13872001808415 * pixelPerThread_1 + -12.156348969886 * LocalMemory * TextureMemory + 26.9629644568703 * LocalMemory * bs_512x1 + 9.94440202919826 * Array2D + 41.1920654974499 * LocalMemory * bs_1024x1 + 7.8829557275896 * bs_1024x1 + 7.26063632647751 * bs_64x16 + 8.63222430695397 * bs_512x2 + 6.99758307427953 * bs_32x32;13.8315016941084;13.8315016941084;13.8315016941084;13.8315016941084;44.223319;15;6.99758307427953 * bs_32x32;1;0.284171068677752;
12;22.6645550407376 * API + 25.7060262976854 * LocalMemory + 16.4313743684403 * bs_32x1 + 5.10936593462194 * pixelPerThread_1 + -11.8821563871508 * LocalMemory * TextureMemory + 26.093562566756 * LocalMemory * bs_512x1 + 10.0033586549343 * Array2D + 40.4149384387322 * LocalMemory * bs_1024x1 + 7.81952581513158 * bs_1024x1 + 6.97063316641186 * bs_64x16 + 8.33330342406152 * bs_512x2 + 6.79234279280461 * bs_32x32 + -10.5171272381989 * LocalMemory * bs_32x4;13.3009198584407;13.3009198584407;13.3009198584407;13.3009198584407;55.749953;17;-10.5171272381989 * LocalMemory * bs_32x4;2;0.265290917833872;
13;22.8548643069861 * API + 25.4909282487451 * LocalMemory + 11.6813628045381 * bs_32x1 + 4.24232637042959 * pixelPerThread_1 + -11.372959163782 * LocalMemory * TextureMemory + 26.0785211171988 * LocalMemory * bs_512x1 + 9.78246804982244 * Array2D + 41.0599427950873 * LocalMemory * bs_1024x1 + 7.8117511939761 * bs_1024x1 + 7.04033745737947 * bs_64x16 + 8.45413341645544 * bs_512x2 + 6.79961358069871 * bs_32x32 + -10.6309466788545 * LocalMemory * bs_32x4 + 31.3822752185481 * pixelPerThread_1 * bs_32x1;12.824741403958;12.824741403958;12.824741403958;12.824741403958;69.461412;19;31.3822752185481 * pixelPerThread_1 * bs_32x1;2;0.238089227241322;
Elapsed=00:01:09.4724463
average model: 
command: analyze-learning
Round, Model, LearningError, LearningErrorRel, ValidationError, ValidationErrorRel, ElapsedSeconds, ModelComplexity, BestCandidate, BestCandidateSize, BestCandidateScore, TestError
Models:
Termination reason: minImprovementPerRound
1;26.3471236442516 * API + 19.4378653364648 * LocalMemory;20.2233756550832;20.2233756550832;20.2233756550832;20.2233756550832;0.23841;2;19.4378653364648 * LocalMemory;1;12.1960388678539;20.480989175636
2;25.8683212069429 * API + 19.3086018685407 * LocalMemory + 12.9839955058455 * bs_32x1;19.4399449041726;19.4399449041726;19.4399449041726;19.4399449041726;0.897254;3;12.9839955058455 * bs_32x1;1;0.783430750910583;19.3989254988443
3;24.0950532178835 * API + 19.3326754781877 * LocalMemory + 13.7511145809873 * bs_32x1 + 6.75996234184049 * pixelPerThread_1;18.5847377859648;18.5847377859648;18.5847377859648;18.5847377859648;1.942004;4;6.75996234184049 * pixelPerThread_1;1;0.855207118207815;18.2918655379293
4;24.1412339830428 * API + 26.457014093018 * LocalMemory + 14.5590661472929 * bs_32x1 + 6.46563873372525 * pixelPerThread_1 + -12.3902198067787 * LocalMemory * TextureMemory;17.4270747756915;17.4270747756915;17.4270747756915;17.4270747756915;3.672238;6;-12.3902198067787 * LocalMemory * TextureMemory;2;0.578831505136609;17.4412104956975
5;24.118508182167 * API + 24.991148566345 * LocalMemory + 15.2278452961005 * bs_32x1 + 6.45813746207834 * pixelPerThread_1 + -12.1409359332796 * LocalMemory * TextureMemory + 25.1357470421409 * LocalMemory * bs_512x1;16.2515129830825;16.2515129830825;16.2515129830825;16.2515129830825;6.30647;8;25.1357470421409 * LocalMemory * bs_512x1;2;0.587780896304524;16.3497713093069
6;23.7773483663625 * API + 25.253246726453 * LocalMemory + 15.5941825674982 * bs_32x1 + 6.63500596618198 * pixelPerThread_1 + -12.6572729943225 * LocalMemory * TextureMemory + 25.4400207025699 * LocalMemory * bs_512x1 + 10.8332991236444 * Array2D;15.8686463990924;15.8686463990924;15.8686463990924;15.8686463990924;9.752917;9;10.8332991236444 * Array2D;1;0.382866583990138;16.1404141275173
7;24.1143108781727 * API + 24.2952208874832 * LocalMemory + 15.8737994898213 * bs_32x1 + 5.26918980498756 * pixelPerThread_1 + -12.4779547186616 * LocalMemory * TextureMemory + 26.326131295485 * LocalMemory * bs_512x1 + 11.036542253501 * Array2D + 48.3335891220206 * LocalMemory * bs_1024x1;15.1154751828998;15.1154751828998;15.1154751828998;15.1154751828998;14.121278;11;48.3335891220206 * LocalMemory * bs_1024x1;2;0.376585608096279;15.5365023071764
8;23.8198358168355 * API + 24.5719721659908 * LocalMemory + 16.0267468111935 * bs_32x1 + 5.31412467119562 * pixelPerThread_1 + -12.4877466275674 * LocalMemory * TextureMemory + 26.3371837497893 * LocalMemory * bs_512x1 + 11.2035446650816 * Array2D + 41.6901360564982 * LocalMemory * bs_1024x1 + 6.621137936597 * bs_1024x1;14.7741885792585;14.7741885792585;14.7741885792585;14.7741885792585;19.562974;12;6.621137936597 * bs_1024x1;1;0.341286603641317;15.2197070649261
9;23.3928681647298 * API + 24.6863043769029 * LocalMemory + 16.3579297112741 * bs_32x1 + 5.25808959294362 * pixelPerThread_1 + -12.3549791796829 * LocalMemory * TextureMemory + 26.5946876600573 * LocalMemory * bs_512x1 + 11.2292441632799 * Array2D + 41.5536583413163 * LocalMemory * bs_1024x1 + 7.05990244728222 * bs_1024x1 + 6.52500803275757 * bs_64x16;14.4371717361246;14.4371717361246;14.4371717361246;14.4371717361246;26.2869;13;6.52500803275757 * bs_64x16;1;0.337016843133885;14.8316871790877
10;22.9921658892984 * API + 24.6881017194624 * LocalMemory + 16.6671558806374 * bs_32x1 + 5.15206095558167 * pixelPerThread_1 + -12.054164515549 * LocalMemory * TextureMemory + 26.8631713584804 * LocalMemory * bs_512x1 + 10.3570330903493 * Array2D + 41.48516048566 * LocalMemory * bs_1024x1 + 7.48292654110546 * bs_1024x1 + 6.94080575428366 * bs_64x16 + 8.29342059586276 * bs_512x2;14.1156727627862;14.1156727627862;14.1156727627862;14.1156727627862;34.41234;14;8.29342059586276 * bs_512x2;1;0.321498973338427;14.4674606881313
11;22.594945321235 * API + 25.042821253918 * LocalMemory + 16.9250436855771 * bs_32x1 + 5.13872001808415 * pixelPerThread_1 + -12.156348969886 * LocalMemory * TextureMemory + 26.9629644568703 * LocalMemory * bs_512x1 + 9.94440202919826 * Array2D + 41.1920654974499 * LocalMemory * bs_1024x1 + 7.8829557275896 * bs_1024x1 + 7.26063632647751 * bs_64x16 + 8.63222430695397 * bs_512x2 + 6.99758307427953 * bs_32x32;13.8315016941084;13.8315016941084;13.8315016941084;13.8315016941084;44.223319;15;6.99758307427953 * bs_32x32;1;0.284171068677752;14.1434384500195
12;22.6645550407376 * API + 25.7060262976854 * LocalMemory + 16.4313743684403 * bs_32x1 + 5.10936593462194 * pixelPerThread_1 + -11.8821563871508 * LocalMemory * TextureMemory + 26.093562566756 * LocalMemory * bs_512x1 + 10.0033586549343 * Array2D + 40.4149384387322 * LocalMemory * bs_1024x1 + 7.81952581513158 * bs_1024x1 + 6.97063316641186 * bs_64x16 + 8.33330342406152 * bs_512x2 + 6.79234279280461 * bs_32x32 + -10.5171272381989 * LocalMemory * bs_32x4;13.3009198584407;13.3009198584407;13.3009198584407;13.3009198584407;55.749953;17;-10.5171272381989 * LocalMemory * bs_32x4;2;0.265290917833872;13.7083876844961
13;22.8548643069861 * API + 25.4909282487451 * LocalMemory + 11.6813628045381 * bs_32x1 + 4.24232637042959 * pixelPerThread_1 + -11.372959163782 * LocalMemory * TextureMemory + 26.0785211171988 * LocalMemory * bs_512x1 + 9.78246804982244 * Array2D + 41.0599427950873 * LocalMemory * bs_1024x1 + 7.8117511939761 * bs_1024x1 + 7.04033745737947 * bs_64x16 + 8.45413341645544 * bs_512x2 + 6.79961358069871 * bs_32x32 + -10.6309466788545 * LocalMemory * bs_32x4 + 31.3822752185481 * pixelPerThread_1 * bs_32x1;12.824741403958;12.824741403958;12.824741403958;12.824741403958;69.461412;19;31.3822752185481 * pixelPerThread_1 * bs_32x1;2;0.238089227241322;13.2035877569649
Analyze finished
command: clean-sampling
command: clean-global
command: script ./learn_grammarBased_t3.a
command: log ./out_grammarBased_t3Predictions.log
