Current machine learning settings: epsilon:0 lossFunction:RELATIVE parallelization:True bagging:False baggingNumbers:3 considerEpsilonTube:False baggingTestDataFraction:50 useBackward:False abortError:1 limitFeatureSize:False featureSizeTreshold:4 quadraticFunctionSupport:True crossValidation:False crossValidation-k:5 learn-logFunction:False learn-accumulatedLogFunction:False learn-asymFunction:False learn-ratioFunction:False learn-mirrowedFunction:False learn-numeric-disabled:True numberOfRounds:70 backwardErrorDelta:1 minImprovementPerRound:0.1 withHierarchy:False bruteForceCandidates:False ignoreBadFeatures:False stopOnLongRound:True candidateSizePenalty:True learnTimeLimit:00:00:00 scoreMeasure:RELERROR outputRoundsToStdout:False debug:False pythonInfluenceAnalysis:False blacklisted: 
command: mlsettings bagging:False stopOnLongRound:False parallelization:True lossFunction:RELATIVE useBackward:False abortError:1 limitFeatureSize:False featureSizeTreshold:7 quadraticFunctionSupport:True crossValidation:False learn_logFunction:True numberOfRounds:70 backwardErrorDelta:1 minImprovementPerRound:0.25 withHierarchy:False
Current machine learning settings: epsilon:0 lossFunction:RELATIVE parallelization:True bagging:False baggingNumbers:3 considerEpsilonTube:False baggingTestDataFraction:50 useBackward:False abortError:1 limitFeatureSize:False featureSizeTreshold:7 quadraticFunctionSupport:True crossValidation:False crossValidation-k:5 learn-logFunction:True learn-accumulatedLogFunction:False learn-asymFunction:False learn-ratioFunction:False learn-mirrowedFunction:False learn-numeric-disabled:True numberOfRounds:70 backwardErrorDelta:1 minImprovementPerRound:0.25 withHierarchy:False bruteForceCandidates:False ignoreBadFeatures:False stopOnLongRound:False candidateSizePenalty:True learnTimeLimit:00:00:00 scoreMeasure:RELERROR outputRoundsToStdout:False debug:False pythonInfluenceAnalysis:False blacklisted: 
command: solver z3
command: vm /scratch/kallistos/Distance-Based_Data/SupplementaryWebsite/MeasuredPerformanceValues/7z/FeatureModel.xml
command: all /scratch/kallistos/Distance-Based_Data/SupplementaryWebsite/MeasuredPerformanceValues/7z/measurements.xml
Configs with too large deviation: 0
68640 configurations loaded.
command: nfp Performance
command: setsampleset /scratch/kallistos/Distance-Based_Data/Results/7z/7z_93/sampledConfigurations_divDistBased_t1.csv
command: learn-splconqueror
Learning: NumberOfConfigurationsLearning:39 NumberOfConfigurationsValidation:39
Learning progress:
1;5553.2 * CompressionMethod + 38235.3714285714 * x_10;118.44697779255;118.44697779255;118.44697779255;118.44697779255;0.091028;2;38235.3714285714 * x_10;1;257.59045716932;
2;3706.81818181819 * CompressionMethod + 40081.7532467532 * x_10 + 15386.5151515151 * x_8;83.1897675597886;83.1897675597886;83.1897675597886;83.1897675597886;0.160289;3;15386.5151515151 * x_8;1;35.257210232761;
3;3706.81818181817 * CompressionMethod + 50053.1818181819 * x_10 + 15386.5151515151 * x_8 + -46533.3333333334 * x_10 * PPMd;44.4923272785401;44.4923272785401;44.4923272785401;44.4923272785401;0.238051;5;-46533.3333333334 * x_10 * PPMd;2;19.3487201406242;
4;1530.10620220903 * CompressionMethod + 44611.4018691588 * x_10 + 9581.94987255732 * x_8 + -38914.8414047012 * x_10 * PPMd + 11971.9158878504 * BZip2;34.5607868753998;34.5607868753998;34.5607868753998;34.5607868753998;0.339432;6;11971.9158878504 * BZip2;1;9.93154040314035;
5;2127.78976417462 * CompressionMethod + 49150.9508278976 * x_10 + 11175.7727044656 * x_8 + -44052.0739254056 * x_10 * PPMd + 8684.65629703963 * BZip2 + -33498.7405920722 * x_10 * LZMA2;23.254040626407;23.254040626407;23.254040626407;23.254040626407;0.485373;8;-33498.7405920722 * x_10 * LZMA2;2;5.6533731244964;
6;1711.60552002695 * CompressionMethod + 49394.9209020532 * x_10 + 11427.9434533827 * x_8 + -43879.8597554135 * x_10 * PPMd + 8930.67653988553 * BZip2 + -34960.9209020532 * x_10 * LZMA2 + 1634.39447997308 * LZMA2;16.5456621130437;16.5456621130437;16.5456621130437;16.5456621130437;0.6815;9;1634.39447997308 * LZMA2;1;6.70837851336333;
7;1833.29063250604 * CompressionMethod + 48872.9943955164 * x_10 + 10925.0760608486 * x_8 + -43479.6183613558 * x_10 * PPMd + 9502.44995996795 * BZip2 + -34438.9943955165 * x_10 * LZMA2 + 1512.709367494 * LZMA2 + -4355.74059247396 * BlockSize_16;15.6720636102082;15.6720636102082;15.6720636102082;15.6720636102082;0.935884;10;-4355.74059247396 * BlockSize_16;1;0.873598502835423;
8;2600.00000000001 * CompressionMethod + 49000.8438605356 * x_10 + 11056.4123294593 * x_8 + -44374.177193869 * x_10 * PPMd + 8639.27235977771 * BZip2 + -34566.8438605356 * x_10 * LZMA2 + 746.000000000013 * LZMA2 + -4259.27235977763 * BlockSize_16 + -967.781707933275 * Deflate;14.8896042739851;14.8896042739851;14.8896042739851;14.8896042739851;1.250307;11;-967.781707933275 * Deflate;1;0.782459336223113;
9;2600.00000000004 * CompressionMethod + 47920.4341317365 * x_10 + 12033.0538922156 * x_8 + -43293.7674650699 * x_10 * PPMd + 10113.3907185628 * BZip2 + -33486.4341317365 * x_10 * LZMA2 + 745.99999999999 * LZMA2 + -5733.39071856289 * BlockSize_16 + -806.02544910181 * Deflate + -6039.91766467066 * BZip2 * Files_40;12.609542978786;12.609542978786;12.609542978786;12.609542978786;1.658432;13;-6039.91766467066 * BZip2 * Files_40;2;1.14003064759957;
10;2600.00000000001 * CompressionMethod + 47942.5 * x_10 + 12140.625 * x_8 + -43315.8333333333 * x_10 * PPMd + 10087.1875 * BZip2 + -33508.5 * x_10 * LZMA2 + 746.000000000044 * LZMA2 + -5707.18749999996 * BlockSize_16 + -818.437499999985 * Deflate + -5837.18749999998 * BZip2 * Files_40 + -460.624999999979 * x_8 * Files_40;12.4340001053397;12.4340001053397;12.4340001053397;12.4340001053397;2.167765;15;-460.624999999979 * x_8 * Files_40;2;0.0877714367231448;
Elapsed=00:00:02.1712701
average model: 
command: analyze-learning
Round, Model, LearningError, LearningErrorRel, ValidationError, ValidationErrorRel, ElapsedSeconds, ModelComplexity, BestCandidate, BestCandidateSize, BestCandidateScore, TestError
Models:
Termination reason: minImprovementPerRound
1;5553.2 * CompressionMethod + 38235.3714285714 * x_10;118.44697779255;118.44697779255;118.44697779255;118.44697779255;0.091028;2;38235.3714285714 * x_10;1;257.59045716932;94.739821745572
2;3706.81818181819 * CompressionMethod + 40081.7532467532 * x_10 + 15386.5151515151 * x_8;83.1897675597886;83.1897675597886;83.1897675597886;83.1897675597886;0.160289;3;15386.5151515151 * x_8;1;35.257210232761;66.5689426147159
3;3706.81818181817 * CompressionMethod + 50053.1818181819 * x_10 + 15386.5151515151 * x_8 + -46533.3333333334 * x_10 * PPMd;44.4923272785401;44.4923272785401;44.4923272785401;44.4923272785401;0.238051;5;-46533.3333333334 * x_10 * PPMd;2;19.3487201406242;54.968929468746
4;1530.10620220903 * CompressionMethod + 44611.4018691588 * x_10 + 9581.94987255732 * x_8 + -38914.8414047012 * x_10 * PPMd + 11971.9158878504 * BZip2;34.5607868753998;34.5607868753998;34.5607868753998;34.5607868753998;0.339432;6;11971.9158878504 * BZip2;1;9.93154040314035;58.0771274581431
5;2127.78976417462 * CompressionMethod + 49150.9508278976 * x_10 + 11175.7727044656 * x_8 + -44052.0739254056 * x_10 * PPMd + 8684.65629703963 * BZip2 + -33498.7405920722 * x_10 * LZMA2;23.254040626407;23.254040626407;23.254040626407;23.254040626407;0.485373;8;-33498.7405920722 * x_10 * LZMA2;2;5.6533731244964;41.8079034982718
6;1711.60552002695 * CompressionMethod + 49394.9209020532 * x_10 + 11427.9434533827 * x_8 + -43879.8597554135 * x_10 * PPMd + 8930.67653988553 * BZip2 + -34960.9209020532 * x_10 * LZMA2 + 1634.39447997308 * LZMA2;16.5456621130437;16.5456621130437;16.5456621130437;16.5456621130437;0.6815;9;1634.39447997308 * LZMA2;1;6.70837851336333;40.1884812647
7;1833.29063250604 * CompressionMethod + 48872.9943955164 * x_10 + 10925.0760608486 * x_8 + -43479.6183613558 * x_10 * PPMd + 9502.44995996795 * BZip2 + -34438.9943955165 * x_10 * LZMA2 + 1512.709367494 * LZMA2 + -4355.74059247396 * BlockSize_16;15.6720636102082;15.6720636102082;15.6720636102082;15.6720636102082;0.935884;10;-4355.74059247396 * BlockSize_16;1;0.873598502835423;45.7281389973613
8;2600.00000000001 * CompressionMethod + 49000.8438605356 * x_10 + 11056.4123294593 * x_8 + -44374.177193869 * x_10 * PPMd + 8639.27235977771 * BZip2 + -34566.8438605356 * x_10 * LZMA2 + 746.000000000013 * LZMA2 + -4259.27235977763 * BlockSize_16 + -967.781707933275 * Deflate;14.8896042739851;14.8896042739851;14.8896042739851;14.8896042739851;1.250307;11;-967.781707933275 * Deflate;1;0.782459336223113;43.2663871691938
9;2600.00000000004 * CompressionMethod + 47920.4341317365 * x_10 + 12033.0538922156 * x_8 + -43293.7674650699 * x_10 * PPMd + 10113.3907185628 * BZip2 + -33486.4341317365 * x_10 * LZMA2 + 745.99999999999 * LZMA2 + -5733.39071856289 * BlockSize_16 + -806.02544910181 * Deflate + -6039.91766467066 * BZip2 * Files_40;12.609542978786;12.609542978786;12.609542978786;12.609542978786;1.658432;13;-6039.91766467066 * BZip2 * Files_40;2;1.14003064759957;46.6380452327069
10;2600.00000000001 * CompressionMethod + 47942.5 * x_10 + 12140.625 * x_8 + -43315.8333333333 * x_10 * PPMd + 10087.1875 * BZip2 + -33508.5 * x_10 * LZMA2 + 746.000000000044 * LZMA2 + -5707.18749999996 * BlockSize_16 + -818.437499999985 * Deflate + -5837.18749999998 * BZip2 * Files_40 + -460.624999999979 * x_8 * Files_40;12.4340001053397;12.4340001053397;12.4340001053397;12.4340001053397;2.167765;15;-460.624999999979 * x_8 * Files_40;2;0.0877714367231448;46.5885266780386
Analyze finished
command: clean-sampling
command: clean-global
command: script ./learn_divDistBased_t2.a
command: log ./out_divDistBased_t2Predictions.log
