25106 - CUDA, Array2D, LocalMemory, bs_512x1, padding_96, pixelPerThread_3
28146 - CUDA, Ldg, LocalMemory, bs_1024x1, padding_480, pixelPerThread_3
24872 - CUDA, Array2D, LocalMemory, bs_128x2, padding_416, pixelPerThread_1
12939 - OpenCL, Ldg, LocalMemory, bs_32x8, padding_128, pixelPerThread_4
24400 - CUDA, Array2D, LocalMemory, bs_32x8, padding_448, pixelPerThread_1
11878 - OpenCL, Ldg, bs_64x16, padding_352, pixelPerThread_3
11824 - OpenCL, Ldg, bs_64x4, padding_480, pixelPerThread_1
5125 - OpenCL, Linear1D, LocalMemory, bs_512x1, padding_192, pixelPerThread_2
28113 - CUDA, Ldg, LocalMemory, bs_1024x1, padding_224, pixelPerThread_2
6192 - OpenCL, Linear2D, bs_128x1, padding_32, pixelPerThread_1
7880 - OpenCL, Linear2D, LocalMemory, bs_128x8, padding_480, pixelPerThread_1
13887 - OpenCL, Ldg, LocalMemory, bs_32x2, padding_96, pixelPerThread_4
11434 - OpenCL, Ldg, bs_32x1, padding_64, pixelPerThread_3
6179 - OpenCL, Linear2D, bs_64x16, padding_448, pixelPerThread_4
3098 - OpenCL, Linear1D, bs_32x32, padding_288, pixelPerThread_3
7764 - OpenCL, Linear2D, LocalMemory, bs_128x4, padding_96, pixelPerThread_1
13464 - OpenCL, Ldg, LocalMemory, bs_128x4, padding_0, pixelPerThread_1
4854 - OpenCL, Linear1D, LocalMemory, bs_128x2, padding_192, pixelPerThread_3
11299 - OpenCL, Array2D, LocalMemory, bs_256x1, padding_64, pixelPerThread_4
4679 - OpenCL, Linear1D, LocalMemory, bs_64x4, padding_416, pixelPerThread_4
22371 - CUDA, Linear2D, LocalMemory, bs_512x2, padding_512, pixelPerThread_4
13324 - OpenCL, Ldg, LocalMemory, bs_64x16, padding_512, pixelPerThread_1
5824 - OpenCL, Linear2D, bs_32x8, padding_352, pixelPerThread_1
11054 - OpenCL, Array2D, LocalMemory, bs_32x2, padding_288, pixelPerThread_3
3918 - OpenCL, Linear1D, bs_32x2, padding_320, pixelPerThread_3
9601 - OpenCL, Array2D, bs_32x2, padding_96, pixelPerThread_2
11097 - OpenCL, Array2D, LocalMemory, bs_32x4, padding_96, pixelPerThread_2
11908 - OpenCL, Ldg, bs_128x1, padding_64, pixelPerThread_1
13671 - OpenCL, Ldg, LocalMemory, bs_512x1, padding_0, pixelPerThread_4
8597 - OpenCL, Array2D, bs_32x1, padding_224, pixelPerThread_2
7905 - OpenCL, Linear2D, LocalMemory, bs_256x4, padding_128, pixelPerThread_2
28035 - CUDA, Ldg, LocalMemory, bs_512x2, padding_128, pixelPerThread_4
13101 - OpenCL, Ldg, LocalMemory, bs_32x32, padding_352, pixelPerThread_2
7929 - OpenCL, Linear2D, LocalMemory, bs_256x4, padding_320, pixelPerThread_2
6644 - OpenCL, Linear2D, bs_512x2, padding_384, pixelPerThread_1
7144 - OpenCL, Linear2D, LocalMemory, bs_32x1, padding_32, pixelPerThread_1
7312 - OpenCL, Linear2D, LocalMemory, bs_32x16, padding_288, pixelPerThread_1
12350 - OpenCL, Ldg, bs_512x2, padding_320, pixelPerThread_3
11765 - OpenCL, Ldg, bs_64x4, padding_0, pixelPerThread_2
23116 - CUDA, Array2D, bs_32x32, padding_512, pixelPerThread_1
8063 - OpenCL, Linear2D, LocalMemory, bs_512x2, padding_288, pixelPerThread_4
5295 - OpenCL, Linear1D, LocalMemory, bs_1024x1, padding_448, pixelPerThread_4
10148 - OpenCL, Array2D, LocalMemory, bs_32x16, padding_128, pixelPerThread_1
7809 - OpenCL, Linear2D, LocalMemory, bs_128x4, padding_448, pixelPerThread_2
4389 - OpenCL, Linear1D, LocalMemory, bs_32x8, padding_288, pixelPerThread_2
23771 - CUDA, Array2D, bs_512x2, padding_288, pixelPerThread_4
10048 - OpenCL, Array2D, LocalMemory, bs_32x1, padding_416, pixelPerThread_1
24427 - CUDA, Array2D, LocalMemory, bs_32x16, padding_96, pixelPerThread_4
27942 - CUDA, Ldg, LocalMemory, bs_256x4, padding_480, pixelPerThread_3
19567 - CUDA, Linear1D, LocalMemory, bs_1024x1, padding_384, pixelPerThread_4
4406 - OpenCL, Linear1D, LocalMemory, bs_32x8, padding_416, pixelPerThread_3
7165 - OpenCL, Linear2D, LocalMemory, bs_32x1, padding_192, pixelPerThread_2
24695 - CUDA, Array2D, LocalMemory, bs_64x16, padding_64, pixelPerThread_4
13849 - OpenCL, Ldg, LocalMemory, bs_1024x1, padding_352, pixelPerThread_2
12979 - OpenCL, Ldg, LocalMemory, bs_32x8, padding_448, pixelPerThread_4
24174 - CUDA, Array2D, bs_256x1, padding_256, pixelPerThread_3
6971 - OpenCL, Linear2D, bs_64x8, padding_256, pixelPerThread_4
23458 - CUDA, Array2D, bs_128x2, padding_512, pixelPerThread_3
21870 - CUDA, Linear2D, LocalMemory, bs_64x16, padding_320, pixelPerThread_3
7693 - OpenCL, Linear2D, LocalMemory, bs_128x2, padding_64, pixelPerThread_2
13626 - OpenCL, Ldg, LocalMemory, bs_256x4, padding_192, pixelPerThread_3
4322 - OpenCL, Linear1D, LocalMemory, bs_32x1, padding_288, pixelPerThread_3
7254 - OpenCL, Linear2D, LocalMemory, bs_32x8, padding_352, pixelPerThread_3
6612 - OpenCL, Linear2D, bs_512x2, padding_128, pixelPerThread_1
3523 - OpenCL, Linear1D, bs_128x4, padding_416, pixelPerThread_4
7224 - OpenCL, Linear2D, LocalMemory, bs_32x8, padding_128, pixelPerThread_1
4795 - OpenCL, Linear1D, LocalMemory, bs_128x1, padding_256, pixelPerThread_4
13460 - OpenCL, Ldg, LocalMemory, bs_128x2, padding_512, pixelPerThread_1
2996 - OpenCL, Linear1D, bs_32x16, padding_32, pixelPerThread_1
11050 - OpenCL, Array2D, LocalMemory, bs_32x2, padding_256, pixelPerThread_3
11521 - OpenCL, Ldg, bs_32x8, padding_224, pixelPerThread_2
18835 - CUDA, Linear1D, LocalMemory, bs_32x32, padding_512, pixelPerThread_4
7262 - OpenCL, Linear2D, LocalMemory, bs_32x8, padding_416, pixelPerThread_3
2906 - OpenCL, Linear1D, bs_32x1, padding_384, pixelPerThread_3
5185 - OpenCL, Linear1D, LocalMemory, bs_512x2, padding_128, pixelPerThread_2
6438 - OpenCL, Linear2D, bs_128x8, padding_352, pixelPerThread_3
9266 - OpenCL, Array2D, bs_128x8, padding_128, pixelPerThread_3
23643 - CUDA, Array2D, bs_256x4, padding_352, pixelPerThread_4
9681 - OpenCL, Array2D, bs_32x4, padding_192, pixelPerThread_2
22961 - CUDA, Array2D, bs_32x8, padding_352, pixelPerThread_2
10715 - OpenCL, Array2D, LocalMemory, bs_128x8, padding_288, pixelPerThread_4
19322 - CUDA, Linear1D, LocalMemory, bs_256x4, padding_64, pixelPerThread_3
13261 - OpenCL, Ldg, LocalMemory, bs_64x16, padding_0, pixelPerThread_2
9982 - OpenCL, Array2D, bs_256x2, padding_416, pixelPerThread_3
13123 - OpenCL, Ldg, LocalMemory, bs_32x32, padding_512, pixelPerThread_4
9089 - OpenCL, Array2D, bs_128x1, padding_352, pixelPerThread_2
4622 - OpenCL, Linear1D, LocalMemory, bs_64x1, padding_512, pixelPerThread_3
4167 - OpenCL, Linear1D, bs_256x1, padding_128, pixelPerThread_4
4787 - OpenCL, Linear1D, LocalMemory, bs_128x1, padding_192, pixelPerThread_4
8441 - OpenCL, Linear2D, LocalMemory, bs_256x1, padding_64, pixelPerThread_2
7274 - OpenCL, Linear2D, LocalMemory, bs_32x8, padding_512, pixelPerThread_3
25491 - CUDA, Array2D, LocalMemory, bs_64x2, padding_448, pixelPerThread_4
10120 - OpenCL, Array2D, LocalMemory, bs_32x8, padding_448, pixelPerThread_1
12822 - OpenCL, Ldg, bs_256x2, padding_288, pixelPerThread_3
6196 - OpenCL, Linear2D, bs_128x1, padding_64, pixelPerThread_1
14156 - OpenCL, Ldg, LocalMemory, bs_256x1, padding_96, pixelPerThread_1
4374 - OpenCL, Linear1D, LocalMemory, bs_32x8, padding_160, pixelPerThread_3
5244 - OpenCL, Linear1D, LocalMemory, bs_1024x1, padding_64, pixelPerThread_1
24288 - CUDA, Array2D, LocalMemory, bs_32x1, padding_96, pixelPerThread_1
8877 - OpenCL, Array2D, bs_64x1, padding_288, pixelPerThread_2
13661 - OpenCL, Ldg, LocalMemory, bs_256x4, padding_480, pixelPerThread_2
25117 - CUDA, Array2D, LocalMemory, bs_512x1, padding_192, pixelPerThread_2
23107 - CUDA, Array2D, bs_32x32, padding_416, pixelPerThread_4
8552 - OpenCL, Linear2D, LocalMemory, bs_256x2, padding_416, pixelPerThread_1
13871 - OpenCL, Ldg, LocalMemory, bs_1024x1, padding_512, pixelPerThread_4
5927 - OpenCL, Linear2D, bs_32x32, padding_64, pixelPerThread_4
4464 - OpenCL, Linear1D, LocalMemory, bs_32x16, padding_352, pixelPerThread_1
24397 - CUDA, Array2D, LocalMemory, bs_32x8, padding_416, pixelPerThread_2
5924 - OpenCL, Linear2D, bs_32x32, padding_64, pixelPerThread_1
13703 - OpenCL, Ldg, LocalMemory, bs_512x1, padding_256, pixelPerThread_4
9758 - OpenCL, Array2D, bs_64x2, padding_256, pixelPerThread_3
4715 - OpenCL, Linear1D, LocalMemory, bs_64x16, padding_160, pixelPerThread_4
4075 - OpenCL, Linear1D, bs_64x2, padding_480, pixelPerThread_4
3196 - OpenCL, Linear1D, bs_64x4, padding_0, pixelPerThread_1
8747 - OpenCL, Array2D, bs_32x16, padding_320, pixelPerThread_4
13058 - OpenCL, Ldg, LocalMemory, bs_32x32, padding_0, pixelPerThread_3
11506 - OpenCL, Ldg, bs_32x8, padding_96, pixelPerThread_3
12221 - OpenCL, Ldg, bs_256x4, padding_384, pixelPerThread_2
14266 - OpenCL, Ldg, LocalMemory, bs_256x2, padding_416, pixelPerThread_3
9407 - OpenCL, Array2D, bs_512x1, padding_160, pixelPerThread_4
24803 - CUDA, Array2D, LocalMemory, bs_128x1, padding_384, pixelPerThread_4
11746 - OpenCL, Ldg, bs_64x1, padding_384, pixelPerThread_3
25001 - CUDA, Array2D, LocalMemory, bs_128x8, padding_352, pixelPerThread_2
10585 - OpenCL, Array2D, LocalMemory, bs_128x2, padding_352, pixelPerThread_2
24520 - CUDA, Array2D, LocalMemory, bs_32x32, padding_320, pixelPerThread_1
3721 - OpenCL, Linear1D, bs_512x1, padding_384, pixelPerThread_2
9156 - OpenCL, Array2D, bs_128x2, padding_352, pixelPerThread_1
5563 - OpenCL, Linear1D, LocalMemory, bs_64x8, padding_416, pixelPerThread_4
7684 - OpenCL, Linear2D, LocalMemory, bs_128x2, padding_0, pixelPerThread_1
9232 - OpenCL, Array2D, bs_128x4, padding_416, pixelPerThread_1
16395 - CUDA, LocalMemory, bs_128x8, padding_32, pixelPerThread_4
24023 - CUDA, Array2D, bs_64x2, padding_128, pixelPerThread_4
10256 - OpenCL, Array2D, LocalMemory, bs_32x32, padding_448, pixelPerThread_1
16726 - CUDA, LocalMemory, bs_1024x1, padding_512, pixelPerThread_3
9229 - OpenCL, Array2D, bs_128x4, padding_384, pixelPerThread_2
11988 - OpenCL, Ldg, bs_128x2, padding_160, pixelPerThread_1
4171 - OpenCL, Linear1D, bs_256x1, padding_160, pixelPerThread_4
5225 - OpenCL, Linear1D, LocalMemory, bs_512x2, padding_448, pixelPerThread_2
10020 - OpenCL, Array2D, LocalMemory, bs_32x1, padding_192, pixelPerThread_1
9906 - OpenCL, Array2D, bs_256x1, padding_352, pixelPerThread_3
13630 - OpenCL, Ldg, LocalMemory, bs_256x4, padding_224, pixelPerThread_3
10938 - OpenCL, Array2D, LocalMemory, bs_512x2, padding_448, pixelPerThread_3
27839 - CUDA, Ldg, LocalMemory, bs_128x8, padding_192, pixelPerThread_4
25212 - CUDA, Array2D, LocalMemory, bs_512x2, padding_416, pixelPerThread_1
22174 - CUDA, Linear2D, LocalMemory, bs_256x4, padding_32, pixelPerThread_3
6657 - OpenCL, Linear2D, bs_512x2, padding_480, pixelPerThread_2
24129 - CUDA, Array2D, bs_64x8, padding_448, pixelPerThread_2
23192 - CUDA, Array2D, bs_64x4, padding_32, pixelPerThread_1
3816 - OpenCL, Linear1D, bs_1024x1, padding_64, pixelPerThread_1
9103 - OpenCL, Array2D, bs_128x1, padding_448, pixelPerThread_4
5909 - OpenCL, Linear2D, bs_32x16, padding_480, pixelPerThread_2
4679 - OpenCL, Linear1D, LocalMemory, bs_64x4, padding_416, pixelPerThread_4
13192 - OpenCL, Ldg, LocalMemory, bs_64x4, padding_0, pixelPerThread_1
2867 - OpenCL, Linear1D, bs_32x1, padding_64, pixelPerThread_4
27370 - CUDA, Ldg, LocalMemory, bs_32x32, padding_256, pixelPerThread_3
16642 - CUDA, LocalMemory, bs_512x2, padding_384, pixelPerThread_3
23384 - CUDA, Array2D, bs_128x1, padding_480, pixelPerThread_1
23287 - CUDA, Array2D, bs_64x16, padding_224, pixelPerThread_4
7217 - OpenCL, Linear2D, LocalMemory, bs_32x8, padding_64, pixelPerThread_2
10265 - OpenCL, Array2D, LocalMemory, bs_32x32, padding_512, pixelPerThread_2
11858 - OpenCL, Ldg, bs_64x16, padding_192, pixelPerThread_3
13387 - OpenCL, Ldg, LocalMemory, bs_128x1, padding_448, pixelPerThread_4
13444 - OpenCL, Ldg, LocalMemory, bs_128x2, padding_384, pixelPerThread_1
6089 - OpenCL, Linear2D, bs_64x4, padding_288, pixelPerThread_2
3957 - OpenCL, Linear1D, bs_32x4, padding_96, pixelPerThread_2
12230 - OpenCL, Ldg, bs_256x4, padding_448, pixelPerThread_3
10982 - OpenCL, Array2D, LocalMemory, bs_1024x1, padding_256, pixelPerThread_3
9390 - OpenCL, Array2D, bs_512x1, padding_32, pixelPerThread_3
23925 - CUDA, Array2D, bs_32x2, padding_448, pixelPerThread_2
4919 - OpenCL, Linear1D, LocalMemory, bs_128x4, padding_160, pixelPerThread_4
2920 - OpenCL, Linear1D, bs_32x1, padding_512, pixelPerThread_1
4778 - OpenCL, Linear1D, LocalMemory, bs_128x1, padding_128, pixelPerThread_3
24332 - CUDA, Array2D, LocalMemory, bs_32x1, padding_448, pixelPerThread_1
6318 - OpenCL, Linear2D, bs_128x2, padding_480, pixelPerThread_3
24735 - CUDA, Array2D, LocalMemory, bs_64x16, padding_384, pixelPerThread_4
9822 - OpenCL, Array2D, bs_64x8, padding_224, pixelPerThread_3
23486 - CUDA, Array2D, bs_128x4, padding_192, pixelPerThread_3
7669 - OpenCL, Linear2D, LocalMemory, bs_128x1, padding_416, pixelPerThread_2
4006 - OpenCL, Linear1D, bs_32x4, padding_480, pixelPerThread_3
13189 - OpenCL, Ldg, LocalMemory, bs_64x1, padding_512, pixelPerThread_2
24381 - CUDA, Array2D, LocalMemory, bs_32x8, padding_288, pixelPerThread_2
6346 - OpenCL, Linear2D, bs_128x4, padding_160, pixelPerThread_3
3027 - OpenCL, Linear1D, bs_32x16, padding_256, pixelPerThread_4
14278 - OpenCL, Ldg, LocalMemory, bs_256x2, padding_512, pixelPerThread_3
5893 - OpenCL, Linear2D, bs_32x16, padding_352, pixelPerThread_2
23721 - CUDA, Array2D, bs_512x1, padding_448, pixelPerThread_2
10027 - OpenCL, Array2D, LocalMemory, bs_32x1, padding_224, pixelPerThread_4
5537 - OpenCL, Linear1D, LocalMemory, bs_64x8, padding_224, pixelPerThread_2
9194 - OpenCL, Array2D, bs_128x4, padding_96, pixelPerThread_3
2927 - OpenCL, Linear1D, bs_32x8, padding_0, pixelPerThread_4
25245 - CUDA, Array2D, LocalMemory, bs_1024x1, padding_128, pixelPerThread_2
10383 - OpenCL, Array2D, LocalMemory, bs_64x4, padding_352, pixelPerThread_4
25018 - CUDA, Array2D, LocalMemory, bs_128x8, padding_480, pixelPerThread_3
2210 - OpenCL, LocalMemory, bs_256x4, padding_256, pixelPerThread_3
7725 - OpenCL, Linear2D, LocalMemory, bs_128x2, padding_320, pixelPerThread_2
7501 - OpenCL, Linear2D, LocalMemory, bs_64x4, padding_160, pixelPerThread_2
23110 - CUDA, Array2D, bs_32x32, padding_448, pixelPerThread_3
11863 - OpenCL, Ldg, bs_64x16, padding_224, pixelPerThread_4
3840 - OpenCL, Linear1D, bs_1024x1, padding_256, pixelPerThread_1
13464 - OpenCL, Ldg, LocalMemory, bs_128x4, padding_0, pixelPerThread_1
12291 - OpenCL, Ldg, bs_512x1, padding_384, pixelPerThread_4
7851 - OpenCL, Linear2D, LocalMemory, bs_128x8, padding_224, pixelPerThread_4
24531 - CUDA, Array2D, LocalMemory, bs_32x32, padding_384, pixelPerThread_4
19566 - CUDA, Linear1D, LocalMemory, bs_1024x1, padding_384, pixelPerThread_3
5855 - OpenCL, Linear2D, bs_32x16, padding_32, pixelPerThread_4
9202 - OpenCL, Array2D, bs_128x4, padding_160, pixelPerThread_3
5088 - OpenCL, Linear1D, LocalMemory, bs_256x4, padding_448, pixelPerThread_1
14229 - OpenCL, Ldg, LocalMemory, bs_256x2, padding_128, pixelPerThread_2
9410 - OpenCL, Array2D, bs_512x1, padding_192, pixelPerThread_3
23451 - CUDA, Array2D, bs_128x2, padding_448, pixelPerThread_4
11233 - OpenCL, Array2D, LocalMemory, bs_64x8, padding_96, pixelPerThread_2
5464 - OpenCL, Linear1D, LocalMemory, bs_64x2, padding_192, pixelPerThread_1
9970 - OpenCL, Array2D, bs_256x2, padding_320, pixelPerThread_3
11796 - OpenCL, Ldg, bs_64x4, padding_256, pixelPerThread_1
10256 - OpenCL, Array2D, LocalMemory, bs_32x32, padding_448, pixelPerThread_1
2223 - OpenCL, LocalMemory, bs_256x4, padding_352, pixelPerThread_4
7431 - OpenCL, Linear2D, LocalMemory, bs_64x1, padding_128, pixelPerThread_4
8996 - OpenCL, Array2D, bs_64x16, padding_160, pixelPerThread_1
11921 - OpenCL, Ldg, bs_128x1, padding_160, pixelPerThread_2
8902 - OpenCL, Array2D, bs_64x1, padding_480, pixelPerThread_3
25681 - CUDA, Array2D, LocalMemory, bs_256x2, padding_352, pixelPerThread_2
12621 - OpenCL, Ldg, bs_64x2, padding_320, pixelPerThread_2
10592 - OpenCL, Array2D, LocalMemory, bs_128x2, padding_416, pixelPerThread_1
2230 - OpenCL, LocalMemory, bs_256x4, padding_416, pixelPerThread_3
14050 - OpenCL, Ldg, LocalMemory, bs_64x2, padding_320, pixelPerThread_3
5310 - OpenCL, Linear1D, LocalMemory, bs_32x2, padding_32, pixelPerThread_3
7623 - OpenCL, Linear2D, LocalMemory, bs_128x1, padding_32, pixelPerThread_4
6055 - OpenCL, Linear2D, bs_64x4, padding_0, pixelPerThread_4
23293 - CUDA, Array2D, bs_64x16, padding_288, pixelPerThread_2
16507 - CUDA, LocalMemory, bs_256x4, padding_384, pixelPerThread_4
3036 - OpenCL, Linear1D, bs_32x16, padding_352, pixelPerThread_1
3972 - OpenCL, Linear1D, bs_32x4, padding_224, pixelPerThread_1
7187 - OpenCL, Linear2D, LocalMemory, bs_32x1, padding_352, pixelPerThread_4
6140 - OpenCL, Linear2D, bs_64x16, padding_160, pixelPerThread_1
9886 - OpenCL, Array2D, bs_256x1, padding_192, pixelPerThread_3
12387 - OpenCL, Ldg, bs_1024x1, padding_64, pixelPerThread_4
7410 - OpenCL, Linear2D, LocalMemory, bs_32x32, padding_512, pixelPerThread_3
24664 - CUDA, Array2D, LocalMemory, bs_64x4, padding_384, pixelPerThread_1
11916 - OpenCL, Ldg, bs_128x1, padding_128, pixelPerThread_1
4674 - OpenCL, Linear1D, LocalMemory, bs_64x4, padding_384, pixelPerThread_3
11967 - OpenCL, Ldg, bs_128x1, padding_512, pixelPerThread_4
11879 - OpenCL, Ldg, bs_64x16, padding_352, pixelPerThread_4
2930 - OpenCL, Linear1D, bs_32x8, padding_32, pixelPerThread_3
18806 - CUDA, Linear1D, LocalMemory, bs_32x32, padding_288, pixelPerThread_3
12965 - OpenCL, Ldg, LocalMemory, bs_32x8, padding_352, pixelPerThread_2
8025 - OpenCL, Linear2D, LocalMemory, bs_512x2, padding_0, pixelPerThread_2
22414 - CUDA, Linear2D, LocalMemory, bs_1024x1, padding_320, pixelPerThread_3
14262 - OpenCL, Ldg, LocalMemory, bs_256x2, padding_384, pixelPerThread_3
4920 - OpenCL, Linear1D, LocalMemory, bs_128x4, padding_192, pixelPerThread_1
10898 - OpenCL, Array2D, LocalMemory, bs_512x2, padding_128, pixelPerThread_3
19463 - CUDA, Linear1D, LocalMemory, bs_512x2, padding_96, pixelPerThread_4
11540 - OpenCL, Ldg, bs_32x8, padding_384, pixelPerThread_1
11065 - OpenCL, Array2D, LocalMemory, bs_32x2, padding_384, pixelPerThread_2
9881 - OpenCL, Array2D, bs_256x1, padding_160, pixelPerThread_2
6640 - OpenCL, Linear2D, bs_512x2, padding_352, pixelPerThread_1
9205 - OpenCL, Array2D, bs_128x4, padding_192, pixelPerThread_2
24266 - CUDA, Array2D, bs_256x2, padding_448, pixelPerThread_3
11325 - OpenCL, Array2D, LocalMemory, bs_256x1, padding_288, pixelPerThread_2
24368 - CUDA, Array2D, LocalMemory, bs_32x8, padding_192, pixelPerThread_1
19330 - CUDA, Linear1D, LocalMemory, bs_256x4, padding_128, pixelPerThread_3
11575 - OpenCL, Ldg, bs_32x16, padding_96, pixelPerThread_4
24506 - CUDA, Array2D, LocalMemory, bs_32x32, padding_192, pixelPerThread_3
19015 - CUDA, Linear1D, LocalMemory, bs_64x16, padding_320, pixelPerThread_4
13898 - OpenCL, Ldg, LocalMemory, bs_32x2, padding_192, pixelPerThread_3
6227 - OpenCL, Linear2D, bs_128x1, padding_288, pixelPerThread_4
9926 - OpenCL, Array2D, bs_256x1, padding_512, pixelPerThread_3
23582 - CUDA, Array2D, bs_128x8, padding_416, pixelPerThread_3
7636 - OpenCL, Linear2D, LocalMemory, bs_128x1, padding_160, pixelPerThread_1
3698 - OpenCL, Linear1D, bs_512x1, padding_192, pixelPerThread_3
10589 - OpenCL, Array2D, LocalMemory, bs_128x2, padding_384, pixelPerThread_2
3084 - OpenCL, Linear1D, bs_32x32, padding_192, pixelPerThread_1
1875 - OpenCL, LocalMemory, bs_64x16, padding_288, pixelPerThread_4
19314 - CUDA, Linear1D, LocalMemory, bs_256x4, padding_0, pixelPerThread_3
10092 - OpenCL, Array2D, LocalMemory, bs_32x8, padding_224, pixelPerThread_1
2937 - OpenCL, Linear1D, bs_32x8, padding_96, pixelPerThread_2
2239 - OpenCL, LocalMemory, bs_256x4, padding_480, pixelPerThread_4
8140 - OpenCL, Linear2D, LocalMemory, bs_1024x1, padding_384, pixelPerThread_1
13198 - OpenCL, Ldg, LocalMemory, bs_64x4, padding_32, pixelPerThread_3
10892 - OpenCL, Array2D, LocalMemory, bs_512x2, padding_96, pixelPerThread_1
25157 - CUDA, Array2D, LocalMemory, bs_512x1, padding_512, pixelPerThread_2
11069 - OpenCL, Array2D, LocalMemory, bs_32x2, padding_416, pixelPerThread_2
13665 - OpenCL, Ldg, LocalMemory, bs_256x4, padding_512, pixelPerThread_2
27563 - CUDA, Ldg, LocalMemory, bs_64x16, padding_160, pixelPerThread_4
5507 - OpenCL, Linear1D, LocalMemory, bs_64x2, padding_512, pixelPerThread_4
10264 - OpenCL, Array2D, LocalMemory, bs_32x32, padding_512, pixelPerThread_1
23315 - CUDA, Array2D, bs_64x16, padding_448, pixelPerThread_4
6324 - OpenCL, Linear2D, bs_128x4, padding_0, pixelPerThread_1
8923 - OpenCL, Array2D, bs_64x4, padding_96, pixelPerThread_4
8079 - OpenCL, Linear2D, LocalMemory, bs_512x2, padding_416, pixelPerThread_4
7460 - OpenCL, Linear2D, LocalMemory, bs_64x1, padding_384, pixelPerThread_1
25304 - CUDA, Array2D, LocalMemory, bs_32x2, padding_64, pixelPerThread_1
7100 - OpenCL, Linear2D, bs_256x2, padding_224, pixelPerThread_1
28079 - CUDA, Ldg, LocalMemory, bs_512x2, padding_480, pixelPerThread_4
22307 - CUDA, Linear2D, LocalMemory, bs_512x2, padding_0, pixelPerThread_4
10658 - OpenCL, Array2D, LocalMemory, bs_128x4, padding_384, pixelPerThread_3
13641 - OpenCL, Ldg, LocalMemory, bs_256x4, padding_320, pixelPerThread_2
5648 - OpenCL, Linear1D, LocalMemory, bs_256x2, padding_32, pixelPerThread_1
11088 - OpenCL, Array2D, LocalMemory, bs_32x4, padding_32, pixelPerThread_1
15967 - CUDA, LocalMemory, bs_32x32, padding_416, pixelPerThread_4
24359 - CUDA, Array2D, LocalMemory, bs_32x8, padding_96, pixelPerThread_4
14055 - OpenCL, Ldg, LocalMemory, bs_64x2, padding_352, pixelPerThread_4
13384 - OpenCL, Ldg, LocalMemory, bs_128x1, padding_448, pixelPerThread_1
12836 - OpenCL, Ldg, bs_256x2, padding_416, pixelPerThread_1
13122 - OpenCL, Ldg, LocalMemory, bs_32x32, padding_512, pixelPerThread_3
3873 - OpenCL, Linear1D, bs_1024x1, padding_512, pixelPerThread_2
10333 - OpenCL, Array2D, LocalMemory, bs_64x1, padding_512, pixelPerThread_2
5218 - OpenCL, Linear1D, LocalMemory, bs_512x2, padding_384, pixelPerThread_3
7160 - OpenCL, Linear2D, LocalMemory, bs_32x1, padding_160, pixelPerThread_1
10021 - OpenCL, Array2D, LocalMemory, bs_32x1, padding_192, pixelPerThread_2
9892 - OpenCL, Array2D, bs_256x1, padding_256, pixelPerThread_1
6205 - OpenCL, Linear2D, bs_128x1, padding_128, pixelPerThread_2
8219 - OpenCL, Linear2D, LocalMemory, bs_32x2, padding_448, pixelPerThread_4
7798 - OpenCL, Linear2D, LocalMemory, bs_128x4, padding_352, pixelPerThread_3
7642 - OpenCL, Linear2D, LocalMemory, bs_128x1, padding_192, pixelPerThread_3
5056 - OpenCL, Linear1D, LocalMemory, bs_256x4, padding_192, pixelPerThread_1
5015 - OpenCL, Linear1D, LocalMemory, bs_128x8, padding_384, pixelPerThread_4
12280 - OpenCL, Ldg, bs_512x1, padding_320, pixelPerThread_1
3445 - OpenCL, Linear1D, bs_128x2, padding_352, pixelPerThread_2
4014 - OpenCL, Linear1D, bs_64x2, padding_0, pixelPerThread_3
12181 - OpenCL, Ldg, bs_256x4, padding_64, pixelPerThread_2
3226 - OpenCL, Linear1D, bs_64x4, padding_224, pixelPerThread_3
12356 - OpenCL, Ldg, bs_512x2, padding_384, pixelPerThread_1
9271 - OpenCL, Array2D, bs_128x8, padding_160, pixelPerThread_4
13054 - OpenCL, Ldg, LocalMemory, bs_32x16, padding_512, pixelPerThread_3
3497 - OpenCL, Linear1D, bs_128x4, padding_224, pixelPerThread_2
8510 - OpenCL, Linear2D, LocalMemory, bs_256x2, padding_64, pixelPerThread_3
13139 - OpenCL, Ldg, LocalMemory, bs_64x1, padding_96, pixelPerThread_4
8829 - OpenCL, Array2D, bs_32x32, padding_448, pixelPerThread_2
8183 - OpenCL, Linear2D, LocalMemory, bs_32x2, padding_160, pixelPerThread_4
25480 - CUDA, Array2D, LocalMemory, bs_64x2, padding_384, pixelPerThread_1
2238 - OpenCL, LocalMemory, bs_256x4, padding_480, pixelPerThread_3
12376 - OpenCL, Ldg, bs_1024x1, padding_0, pixelPerThread_1
23132 - CUDA, Array2D, bs_64x1, padding_96, pixelPerThread_1
5324 - OpenCL, Linear1D, LocalMemory, bs_32x2, padding_160, pixelPerThread_1
24791 - CUDA, Array2D, LocalMemory, bs_128x1, padding_288, pixelPerThread_4
3635 - OpenCL, Linear1D, bs_256x4, padding_224, pixelPerThread_4
10756 - OpenCL, Array2D, LocalMemory, bs_256x4, padding_96, pixelPerThread_1
23440 - CUDA, Array2D, bs_128x2, padding_384, pixelPerThread_1
25616 - CUDA, Array2D, LocalMemory, bs_256x1, padding_384, pixelPerThread_1
9084 - OpenCL, Array2D, bs_128x1, padding_320, pixelPerThread_1
12129 - OpenCL, Ldg, bs_128x8, padding_192, pixelPerThread_2
24609 - CUDA, Array2D, LocalMemory, bs_64x1, padding_480, pixelPerThread_2
23740 - CUDA, Array2D, bs_512x2, padding_64, pixelPerThread_1
24423 - CUDA, Array2D, LocalMemory, bs_32x16, padding_64, pixelPerThread_4
10561 - OpenCL, Array2D, LocalMemory, bs_128x2, padding_160, pixelPerThread_2
4080 - OpenCL, Linear1D, bs_64x8, padding_0, pixelPerThread_1
12478 - OpenCL, Ldg, bs_32x2, padding_256, pixelPerThread_3
27847 - CUDA, Ldg, LocalMemory, bs_128x8, padding_256, pixelPerThread_4
23063 - CUDA, Array2D, bs_32x32, padding_64, pixelPerThread_4
3852 - OpenCL, Linear1D, bs_1024x1, padding_352, pixelPerThread_1
24699 - CUDA, Array2D, LocalMemory, bs_64x16, padding_96, pixelPerThread_4
12037 - OpenCL, Ldg, bs_128x4, padding_0, pixelPerThread_2
6525 - OpenCL, Linear2D, bs_256x4, padding_512, pixelPerThread_2
10258 - OpenCL, Array2D, LocalMemory, bs_32x32, padding_448, pixelPerThread_3
9441 - OpenCL, Array2D, bs_512x1, padding_448, pixelPerThread_2
6857 - OpenCL, Linear2D, bs_32x4, padding_448, pixelPerThread_2
6995 - OpenCL, Linear2D, bs_64x8, padding_448, pixelPerThread_4
5636 - OpenCL, Linear1D, LocalMemory, bs_256x1, padding_480, pixelPerThread_1
6754 - OpenCL, Linear2D, bs_32x2, padding_160, pixelPerThread_3
8616 - OpenCL, Array2D, bs_32x1, padding_384, pixelPerThread_1
8782 - OpenCL, Array2D, bs_32x32, padding_64, pixelPerThread_3
5154 - OpenCL, Linear1D, LocalMemory, bs_512x1, padding_416, pixelPerThread_3
12946 - OpenCL, Ldg, LocalMemory, bs_32x8, padding_192, pixelPerThread_3
8366 - OpenCL, Linear2D, LocalMemory, bs_64x8, padding_0, pixelPerThread_3
6036 - OpenCL, Linear2D, bs_64x1, padding_416, pixelPerThread_1
6904 - OpenCL, Linear2D, bs_64x2, padding_288, pixelPerThread_1
4684 - OpenCL, Linear1D, LocalMemory, bs_64x4, padding_480, pixelPerThread_1
12749 - OpenCL, Ldg, bs_256x1, padding_256, pixelPerThread_2
6321 - OpenCL, Linear2D, bs_128x2, padding_512, pixelPerThread_2
10515 - OpenCL, Array2D, LocalMemory, bs_128x1, padding_320, pixelPerThread_4
1870 - OpenCL, LocalMemory, bs_64x16, padding_256, pixelPerThread_3
11780 - OpenCL, Ldg, bs_64x4, padding_128, pixelPerThread_1
4144 - OpenCL, Linear1D, bs_64x8, padding_512, pixelPerThread_1
4925 - OpenCL, Linear1D, LocalMemory, bs_128x4, padding_224, pixelPerThread_2
11097 - OpenCL, Array2D, LocalMemory, bs_32x4, padding_96, pixelPerThread_2
24153 - CUDA, Array2D, bs_256x1, padding_96, pixelPerThread_2
6149 - OpenCL, Linear2D, bs_64x16, padding_224, pixelPerThread_2
9136 - OpenCL, Array2D, bs_128x2, padding_192, pixelPerThread_1
6981 - OpenCL, Linear2D, bs_64x8, padding_352, pixelPerThread_2
22194 - CUDA, Linear2D, LocalMemory, bs_256x4, padding_192, pixelPerThread_3
4422 - OpenCL, Linear1D, LocalMemory, bs_32x16, padding_0, pixelPerThread_3
13685 - OpenCL, Ldg, LocalMemory, bs_512x1, padding_128, pixelPerThread_2
14182 - OpenCL, Ldg, LocalMemory, bs_256x1, padding_288, pixelPerThread_3
10360 - OpenCL, Array2D, LocalMemory, bs_64x4, padding_192, pixelPerThread_1
5267 - OpenCL, Linear1D, LocalMemory, bs_1024x1, padding_224, pixelPerThread_4
23952 - CUDA, Array2D, bs_32x4, padding_128, pixelPerThread_1
4136 - OpenCL, Linear1D, bs_64x8, padding_448, pixelPerThread_1
9875 - OpenCL, Array2D, bs_256x1, padding_96, pixelPerThread_4
12389 - OpenCL, Ldg, bs_1024x1, padding_96, pixelPerThread_2
25550 - CUDA, Array2D, LocalMemory, bs_64x8, padding_384, pixelPerThread_3
14002 - OpenCL, Ldg, LocalMemory, bs_32x4, padding_480, pixelPerThread_3
6971 - OpenCL, Linear2D, bs_64x8, padding_256, pixelPerThread_4
5635 - OpenCL, Linear1D, LocalMemory, bs_256x1, padding_448, pixelPerThread_4
4304 - OpenCL, Linear1D, LocalMemory, bs_32x1, padding_160, pixelPerThread_1
25460 - CUDA, Array2D, LocalMemory, bs_64x2, padding_224, pixelPerThread_1
23306 - CUDA, Array2D, bs_64x16, padding_384, pixelPerThread_3
8206 - OpenCL, Linear2D, LocalMemory, bs_32x2, padding_352, pixelPerThread_3
5871 - OpenCL, Linear2D, bs_32x16, padding_160, pixelPerThread_4
22878 - CUDA, Array2D, bs_32x1, padding_224, pixelPerThread_3
5406 - OpenCL, Linear1D, LocalMemory, bs_32x4, padding_256, pixelPerThread_3
24892 - CUDA, Array2D, LocalMemory, bs_128x4, padding_32, pixelPerThread_1
14094 - OpenCL, Ldg, LocalMemory, bs_64x8, padding_128, pixelPerThread_3
10959 - OpenCL, Array2D, LocalMemory, bs_1024x1, padding_64, pixelPerThread_4
11477 - OpenCL, Ldg, bs_32x1, padding_416, pixelPerThread_2
4115 - OpenCL, Linear1D, bs_64x8, padding_256, pixelPerThread_4
6390 - OpenCL, Linear2D, bs_128x4, padding_512, pixelPerThread_3
9028 - OpenCL, Array2D, bs_64x16, padding_416, pixelPerThread_1
24833 - CUDA, Array2D, LocalMemory, bs_128x2, padding_96, pixelPerThread_2
25306 - CUDA, Array2D, LocalMemory, bs_32x2, padding_64, pixelPerThread_3
9990 - OpenCL, Array2D, bs_256x2, padding_480, pixelPerThread_3
8712 - OpenCL, Array2D, bs_32x16, padding_64, pixelPerThread_1
12333 - OpenCL, Ldg, bs_512x2, padding_192, pixelPerThread_2
6056 - OpenCL, Linear2D, bs_64x4, padding_32, pixelPerThread_1
3920 - OpenCL, Linear1D, bs_32x2, padding_352, pixelPerThread_1
10521 - OpenCL, Array2D, LocalMemory, bs_128x1, padding_384, pixelPerThread_2
24757 - CUDA, Array2D, LocalMemory, bs_128x1, padding_32, pixelPerThread_2
13580 - OpenCL, Ldg, LocalMemory, bs_128x8, padding_384, pixelPerThread_1
4451 - OpenCL, Linear1D, LocalMemory, bs_32x16, padding_224, pixelPerThread_4
24572 - CUDA, Array2D, LocalMemory, bs_64x1, padding_192, pixelPerThread_1
12017 - OpenCL, Ldg, bs_128x2, padding_384, pixelPerThread_2
5502 - OpenCL, Linear1D, LocalMemory, bs_64x2, padding_480, pixelPerThread_3
13226 - OpenCL, Ldg, LocalMemory, bs_64x4, padding_256, pixelPerThread_3
12847 - OpenCL, Ldg, bs_256x2, padding_480, pixelPerThread_4
5944 - OpenCL, Linear2D, bs_32x32, padding_224, pixelPerThread_1
13315 - OpenCL, Ldg, LocalMemory, bs_64x16, padding_416, pixelPerThread_4
6742 - OpenCL, Linear2D, bs_32x2, padding_64, pixelPerThread_3
28054 - CUDA, Ldg, LocalMemory, bs_512x2, padding_288, pixelPerThread_3
14029 - OpenCL, Ldg, LocalMemory, bs_64x2, padding_160, pixelPerThread_2
6028 - OpenCL, Linear2D, bs_64x1, padding_352, pixelPerThread_1
11338 - OpenCL, Array2D, LocalMemory, bs_256x1, padding_384, pixelPerThread_3
12558 - OpenCL, Ldg, bs_32x4, padding_352, pixelPerThread_3
14013 - OpenCL, Ldg, LocalMemory, bs_64x2, padding_32, pixelPerThread_2
7039 - OpenCL, Linear2D, bs_256x1, padding_256, pixelPerThread_4
4168 - OpenCL, Linear1D, bs_256x1, padding_160, pixelPerThread_1
12830 - OpenCL, Ldg, bs_256x2, padding_352, pixelPerThread_3
6436 - OpenCL, Linear2D, bs_128x8, padding_352, pixelPerThread_1
9276 - OpenCL, Array2D, bs_128x8, padding_224, pixelPerThread_1
4822 - OpenCL, Linear1D, LocalMemory, bs_128x1, padding_480, pixelPerThread_3
4260 - OpenCL, Linear1D, bs_256x2, padding_352, pixelPerThread_1
24389 - CUDA, Array2D, LocalMemory, bs_32x8, padding_352, pixelPerThread_2
22401 - CUDA, Linear2D, LocalMemory, bs_1024x1, padding_224, pixelPerThread_2
4833 - OpenCL, Linear1D, LocalMemory, bs_128x2, padding_32, pixelPerThread_2
9401 - OpenCL, Array2D, bs_512x1, padding_128, pixelPerThread_2
3766 - OpenCL, Linear1D, bs_512x2, padding_192, pixelPerThread_3
10728 - OpenCL, Array2D, LocalMemory, bs_128x8, padding_416, pixelPerThread_1
11024 - OpenCL, Array2D, LocalMemory, bs_32x2, padding_64, pixelPerThread_1
9528 - OpenCL, Array2D, bs_1024x1, padding_64, pixelPerThread_1
8806 - OpenCL, Array2D, bs_32x32, padding_256, pixelPerThread_3
8478 - OpenCL, Linear2D, LocalMemory, bs_256x1, padding_352, pixelPerThread_3
7849 - OpenCL, Linear2D, LocalMemory, bs_128x8, padding_224, pixelPerThread_2
8549 - OpenCL, Linear2D, LocalMemory, bs_256x2, padding_384, pixelPerThread_2
6410 - OpenCL, Linear2D, bs_128x8, padding_128, pixelPerThread_3
23891 - CUDA, Array2D, bs_32x2, padding_160, pixelPerThread_4
23470 - CUDA, Array2D, bs_128x4, padding_64, pixelPerThread_3
23793 - CUDA, Array2D, bs_512x2, padding_480, pixelPerThread_2
8715 - OpenCL, Array2D, bs_32x16, padding_64, pixelPerThread_4
11090 - OpenCL, Array2D, LocalMemory, bs_32x4, padding_32, pixelPerThread_3
3273 - OpenCL, Linear1D, bs_64x16, padding_64, pixelPerThread_2
3750 - OpenCL, Linear1D, bs_512x2, padding_64, pixelPerThread_3
10963 - OpenCL, Array2D, LocalMemory, bs_1024x1, padding_96, pixelPerThread_4
2953 - OpenCL, Linear1D, bs_32x8, padding_224, pixelPerThread_2
23972 - CUDA, Array2D, bs_32x4, padding_288, pixelPerThread_1
11645 - OpenCL, Ldg, bs_32x32, padding_128, pixelPerThread_2
9598 - OpenCL, Array2D, bs_32x2, padding_64, pixelPerThread_3
12004 - OpenCL, Ldg, bs_128x2, padding_288, pixelPerThread_1
6855 - OpenCL, Linear2D, bs_32x4, padding_416, pixelPerThread_4
25544 - CUDA, Array2D, LocalMemory, bs_64x8, padding_352, pixelPerThread_1
25345 - CUDA, Array2D, LocalMemory, bs_32x2, padding_384, pixelPerThread_2
10964 - OpenCL, Array2D, LocalMemory, bs_1024x1, padding_128, pixelPerThread_1
24803 - CUDA, Array2D, LocalMemory, bs_128x1, padding_384, pixelPerThread_4
8434 - OpenCL, Linear2D, LocalMemory, bs_256x1, padding_0, pixelPerThread_3
6427 - OpenCL, Linear2D, bs_128x8, padding_256, pixelPerThread_4
8333 - OpenCL, Linear2D, LocalMemory, bs_64x2, padding_288, pixelPerThread_2
10646 - OpenCL, Array2D, LocalMemory, bs_128x4, padding_288, pixelPerThread_3
6869 - OpenCL, Linear2D, bs_64x2, padding_0, pixelPerThread_2
24008 - CUDA, Array2D, bs_64x2, padding_32, pixelPerThread_1
14260 - OpenCL, Ldg, LocalMemory, bs_256x2, padding_384, pixelPerThread_1
25445 - CUDA, Array2D, LocalMemory, bs_64x2, padding_96, pixelPerThread_2
3727 - OpenCL, Linear1D, bs_512x1, padding_416, pixelPerThread_4
6446 - OpenCL, Linear2D, bs_128x8, padding_416, pixelPerThread_3
10998 - OpenCL, Array2D, LocalMemory, bs_1024x1, padding_384, pixelPerThread_3
25481 - CUDA, Array2D, LocalMemory, bs_64x2, padding_384, pixelPerThread_2
12245 - OpenCL, Ldg, bs_512x1, padding_32, pixelPerThread_2
13871 - OpenCL, Ldg, LocalMemory, bs_1024x1, padding_512, pixelPerThread_4
13307 - OpenCL, Ldg, LocalMemory, bs_64x16, padding_352, pixelPerThread_4
8746 - OpenCL, Array2D, bs_32x16, padding_320, pixelPerThread_3
11344 - OpenCL, Array2D, LocalMemory, bs_256x1, padding_448, pixelPerThread_1
8075 - OpenCL, Linear2D, LocalMemory, bs_512x2, padding_384, pixelPerThread_4
4211 - OpenCL, Linear1D, bs_256x1, padding_480, pixelPerThread_4
10640 - OpenCL, Array2D, LocalMemory, bs_128x4, padding_256, pixelPerThread_1
5446 - OpenCL, Linear1D, LocalMemory, bs_64x2, padding_32, pixelPerThread_3
23398 - CUDA, Array2D, bs_128x2, padding_32, pixelPerThread_3
4536 - OpenCL, Linear1D, LocalMemory, bs_32x32, padding_384, pixelPerThread_1
10495 - OpenCL, Array2D, LocalMemory, bs_128x1, padding_160, pixelPerThread_4
9575 - OpenCL, Array2D, bs_1024x1, padding_416, pixelPerThread_4
21663 - CUDA, Linear2D, LocalMemory, bs_32x32, padding_288, pixelPerThread_4
5698 - OpenCL, Linear1D, LocalMemory, bs_256x2, padding_416, pixelPerThread_3
24330 - CUDA, Array2D, LocalMemory, bs_32x1, padding_416, pixelPerThread_3
11188 - OpenCL, Array2D, LocalMemory, bs_64x2, padding_288, pixelPerThread_1
24308 - CUDA, Array2D, LocalMemory, bs_32x1, padding_256, pixelPerThread_1
4517 - OpenCL, Linear1D, LocalMemory, bs_32x32, padding_224, pixelPerThread_2
4360 - OpenCL, Linear1D, LocalMemory, bs_32x8, padding_64, pixelPerThread_1
27882 - CUDA, Ldg, LocalMemory, bs_256x4, padding_0, pixelPerThread_3
24749 - CUDA, Array2D, LocalMemory, bs_64x16, padding_512, pixelPerThread_2
21679 - CUDA, Linear2D, LocalMemory, bs_32x32, padding_416, pixelPerThread_4
12271 - OpenCL, Ldg, bs_512x1, padding_224, pixelPerThread_4
9742 - OpenCL, Array2D, bs_64x2, padding_128, pixelPerThread_3
4122 - OpenCL, Linear1D, bs_64x8, padding_320, pixelPerThread_3
24902 - CUDA, Array2D, LocalMemory, bs_128x4, padding_96, pixelPerThread_3
14250 - OpenCL, Ldg, LocalMemory, bs_256x2, padding_288, pixelPerThread_3
10786 - OpenCL, Array2D, LocalMemory, bs_256x4, padding_320, pixelPerThread_3
5243 - OpenCL, Linear1D, LocalMemory, bs_1024x1, padding_32, pixelPerThread_4
9134 - OpenCL, Array2D, bs_128x2, padding_160, pixelPerThread_3
25431 - CUDA, Array2D, LocalMemory, bs_32x4, padding_512, pixelPerThread_4
5507 - OpenCL, Linear1D, LocalMemory, bs_64x2, padding_512, pixelPerThread_4
11246 - OpenCL, Array2D, LocalMemory, bs_64x8, padding_192, pixelPerThread_3
11142 - OpenCL, Array2D, LocalMemory, bs_32x4, padding_448, pixelPerThread_3
7608 - OpenCL, Linear2D, LocalMemory, bs_64x16, padding_480, pixelPerThread_1
25447 - CUDA, Array2D, LocalMemory, bs_64x2, padding_96, pixelPerThread_4
4112 - OpenCL, Linear1D, bs_64x8, padding_256, pixelPerThread_1
6122 - OpenCL, Linear2D, bs_64x16, padding_0, pixelPerThread_3
13032 - OpenCL, Ldg, LocalMemory, bs_32x16, padding_352, pixelPerThread_1
11417 - OpenCL, Array2D, LocalMemory, bs_256x2, padding_480, pixelPerThread_2
8093 - OpenCL, Linear2D, LocalMemory, bs_1024x1, padding_0, pixelPerThread_2
4656 - OpenCL, Linear1D, LocalMemory, bs_64x4, padding_256, pixelPerThread_1
10978 - OpenCL, Array2D, LocalMemory, bs_1024x1, padding_224, pixelPerThread_3
13544 - OpenCL, Ldg, LocalMemory, bs_128x8, padding_96, pixelPerThread_1
21671 - CUDA, Linear2D, LocalMemory, bs_32x32, padding_352, pixelPerThread_4
23192 - CUDA, Array2D, bs_64x4, padding_32, pixelPerThread_1
7750 - OpenCL, Linear2D, LocalMemory, bs_128x2, padding_512, pixelPerThread_3
7646 - OpenCL, Linear2D, LocalMemory, bs_128x1, padding_224, pixelPerThread_3
22374 - CUDA, Linear2D, LocalMemory, bs_1024x1, padding_0, pixelPerThread_3
13502 - OpenCL, Ldg, LocalMemory, bs_128x4, padding_288, pixelPerThread_3
5840 - OpenCL, Linear2D, bs_32x8, padding_480, pixelPerThread_1
14070 - OpenCL, Ldg, LocalMemory, bs_64x2, padding_480, pixelPerThread_3
16455 - CUDA, LocalMemory, bs_128x8, padding_512, pixelPerThread_4
3655 - OpenCL, Linear1D, bs_256x4, padding_384, pixelPerThread_4
8128 - OpenCL, Linear2D, LocalMemory, bs_1024x1, padding_288, pixelPerThread_1
9699 - OpenCL, Array2D, bs_32x4, padding_320, pixelPerThread_4
3523 - OpenCL, Linear1D, bs_128x4, padding_416, pixelPerThread_4
9491 - OpenCL, Array2D, bs_512x2, padding_288, pixelPerThread_4
10910 - OpenCL, Array2D, LocalMemory, bs_512x2, padding_224, pixelPerThread_3
25597 - CUDA, Array2D, LocalMemory, bs_256x1, padding_224, pixelPerThread_2
19023 - CUDA, Linear1D, LocalMemory, bs_64x16, padding_384, pixelPerThread_4
6589 - OpenCL, Linear2D, bs_512x1, padding_480, pixelPerThread_2
24595 - CUDA, Array2D, LocalMemory, bs_64x1, padding_352, pixelPerThread_4
24922 - CUDA, Array2D, LocalMemory, bs_128x4, padding_256, pixelPerThread_3
4871 - OpenCL, Linear1D, LocalMemory, bs_128x2, padding_320, pixelPerThread_4
4195 - OpenCL, Linear1D, bs_256x1, padding_352, pixelPerThread_4
4383 - OpenCL, Linear1D, LocalMemory, bs_32x8, padding_224, pixelPerThread_4
13706 - OpenCL, Ldg, LocalMemory, bs_512x1, padding_288, pixelPerThread_3
7191 - OpenCL, Linear2D, LocalMemory, bs_32x1, padding_384, pixelPerThread_4
3659 - OpenCL, Linear1D, bs_256x4, padding_416, pixelPerThread_4
10036 - OpenCL, Array2D, LocalMemory, bs_32x1, padding_320, pixelPerThread_1
11879 - OpenCL, Ldg, bs_64x16, padding_352, pixelPerThread_4
3844 - OpenCL, Linear1D, bs_1024x1, padding_288, pixelPerThread_1
4263 - OpenCL, Linear1D, bs_256x2, padding_352, pixelPerThread_4
24561 - CUDA, Array2D, LocalMemory, bs_64x1, padding_96, pixelPerThread_2
4157 - OpenCL, Linear1D, bs_256x1, padding_64, pixelPerThread_2
6913 - OpenCL, Linear2D, bs_64x2, padding_352, pixelPerThread_2
5676 - OpenCL, Linear1D, LocalMemory, bs_256x2, padding_256, pixelPerThread_1
23649 - CUDA, Array2D, bs_256x4, padding_416, pixelPerThread_2
3647 - OpenCL, Linear1D, bs_256x4, padding_320, pixelPerThread_4
25306 - CUDA, Array2D, LocalMemory, bs_32x2, padding_64, pixelPerThread_3
9653 - OpenCL, Array2D, bs_32x2, padding_512, pixelPerThread_2
23638 - CUDA, Array2D, bs_256x4, padding_320, pixelPerThread_3
23904 - CUDA, Array2D, bs_32x2, padding_288, pixelPerThread_1
7066 - OpenCL, Linear2D, bs_256x1, padding_480, pixelPerThread_3
24892 - CUDA, Array2D, LocalMemory, bs_128x4, padding_32, pixelPerThread_1
12145 - OpenCL, Ldg, bs_128x8, padding_320, pixelPerThread_2
5511 - OpenCL, Linear1D, LocalMemory, bs_64x8, padding_0, pixelPerThread_4
7250 - OpenCL, Linear2D, LocalMemory, bs_32x8, padding_320, pixelPerThread_3
5588 - OpenCL, Linear1D, LocalMemory, bs_256x1, padding_96, pixelPerThread_1
4281 - OpenCL, Linear1D, bs_256x2, padding_512, pixelPerThread_2
13666 - OpenCL, Ldg, LocalMemory, bs_256x4, padding_512, pixelPerThread_3
7494 - OpenCL, Linear2D, LocalMemory, bs_64x4, padding_96, pixelPerThread_3
11147 - OpenCL, Array2D, LocalMemory, bs_32x4, padding_480, pixelPerThread_4
14205 - OpenCL, Ldg, LocalMemory, bs_256x1, padding_480, pixelPerThread_2
16426 - CUDA, LocalMemory, bs_128x8, padding_288, pixelPerThread_3
6793 - OpenCL, Linear2D, bs_32x2, padding_480, pixelPerThread_2
5131 - OpenCL, Linear1D, LocalMemory, bs_512x1, padding_224, pixelPerThread_4
6302 - OpenCL, Linear2D, bs_128x2, padding_352, pixelPerThread_3
6435 - OpenCL, Linear2D, bs_128x8, padding_320, pixelPerThread_4
12192 - OpenCL, Ldg, bs_256x4, padding_160, pixelPerThread_1
13290 - OpenCL, Ldg, LocalMemory, bs_64x16, padding_224, pixelPerThread_3
2226 - OpenCL, LocalMemory, bs_256x4, padding_384, pixelPerThread_3
8766 - OpenCL, Array2D, bs_32x16, padding_480, pixelPerThread_3
23335 - CUDA, Array2D, bs_128x1, padding_64, pixelPerThread_4
13714 - OpenCL, Ldg, LocalMemory, bs_512x1, padding_352, pixelPerThread_3
25573 - CUDA, Array2D, LocalMemory, bs_256x1, padding_32, pixelPerThread_2
7062 - OpenCL, Linear2D, bs_256x1, padding_448, pixelPerThread_3
22187 - CUDA, Linear2D, LocalMemory, bs_256x4, padding_128, pixelPerThread_4
13837 - OpenCL, Ldg, LocalMemory, bs_1024x1, padding_256, pixelPerThread_2
24436 - CUDA, Array2D, LocalMemory, bs_32x16, padding_192, pixelPerThread_1
23603 - CUDA, Array2D, bs_256x4, padding_32, pixelPerThread_4
12502 - OpenCL, Ldg, bs_32x2, padding_448, pixelPerThread_3
5544 - OpenCL, Linear1D, LocalMemory, bs_64x8, padding_288, pixelPerThread_1
13139 - OpenCL, Ldg, LocalMemory, bs_64x1, padding_96, pixelPerThread_4
25374 - CUDA, Array2D, LocalMemory, bs_32x4, padding_64, pixelPerThread_3
5018 - OpenCL, Linear1D, LocalMemory, bs_128x8, padding_416, pixelPerThread_3
23678 - CUDA, Array2D, bs_512x1, padding_96, pixelPerThread_3
23378 - CUDA, Array2D, bs_128x1, padding_416, pixelPerThread_3
12708 - OpenCL, Ldg, bs_64x8, padding_480, pixelPerThread_1
12816 - OpenCL, Ldg, bs_256x2, padding_256, pixelPerThread_1
2118 - OpenCL, LocalMemory, bs_128x8, padding_64, pixelPerThread_3
10454 - OpenCL, Array2D, LocalMemory, bs_64x16, padding_384, pixelPerThread_3
11063 - OpenCL, Array2D, LocalMemory, bs_32x2, padding_352, pixelPerThread_4
3372 - OpenCL, Linear1D, bs_128x1, padding_320, pixelPerThread_1
5396 - OpenCL, Linear1D, LocalMemory, bs_32x4, padding_192, pixelPerThread_1
4900 - OpenCL, Linear1D, LocalMemory, bs_128x4, padding_32, pixelPerThread_1
4612 - OpenCL, Linear1D, LocalMemory, bs_64x1, padding_448, pixelPerThread_1
5040 - OpenCL, Linear1D, LocalMemory, bs_256x4, padding_64, pixelPerThread_1
11990 - OpenCL, Ldg, bs_128x2, padding_160, pixelPerThread_3
2917 - OpenCL, Linear1D, bs_32x1, padding_480, pixelPerThread_2
11556 - OpenCL, Ldg, bs_32x8, padding_512, pixelPerThread_1
5468 - OpenCL, Linear1D, LocalMemory, bs_64x2, padding_224, pixelPerThread_1
5808 - OpenCL, Linear2D, bs_32x8, padding_224, pixelPerThread_1
7417 - OpenCL, Linear2D, LocalMemory, bs_64x1, padding_32, pixelPerThread_2
9255 - OpenCL, Array2D, bs_128x8, padding_32, pixelPerThread_4
11258 - OpenCL, Array2D, LocalMemory, bs_64x8, padding_288, pixelPerThread_3
6648 - OpenCL, Linear2D, bs_512x2, padding_416, pixelPerThread_1
16475 - CUDA, LocalMemory, bs_256x4, padding_128, pixelPerThread_4
8999 - OpenCL, Array2D, bs_64x16, padding_160, pixelPerThread_4
3747 - OpenCL, Linear1D, bs_512x2, padding_32, pixelPerThread_4
2920 - OpenCL, Linear1D, bs_32x1, padding_512, pixelPerThread_1
23454 - CUDA, Array2D, bs_128x2, padding_480, pixelPerThread_3
11957 - OpenCL, Ldg, bs_128x1, padding_448, pixelPerThread_2
24559 - CUDA, Array2D, LocalMemory, bs_64x1, padding_64, pixelPerThread_4
11597 - OpenCL, Ldg, bs_32x16, padding_288, pixelPerThread_2
10152 - OpenCL, Array2D, LocalMemory, bs_32x16, padding_160, pixelPerThread_1
8936 - OpenCL, Array2D, bs_64x4, padding_224, pixelPerThread_1
24690 - CUDA, Array2D, LocalMemory, bs_64x16, padding_32, pixelPerThread_3
22114 - CUDA, Linear2D, LocalMemory, bs_128x8, padding_96, pixelPerThread_3
12648 - OpenCL, Ldg, bs_64x8, padding_0, pixelPerThread_1
25234 - CUDA, Array2D, LocalMemory, bs_1024x1, padding_32, pixelPerThread_3
23365 - CUDA, Array2D, bs_128x1, padding_320, pixelPerThread_2
8852 - OpenCL, Array2D, bs_64x1, padding_96, pixelPerThread_1
6899 - OpenCL, Linear2D, bs_64x2, padding_224, pixelPerThread_4
5398 - OpenCL, Linear1D, LocalMemory, bs_32x4, padding_192, pixelPerThread_3
12095 - OpenCL, Ldg, bs_128x4, padding_448, pixelPerThread_4
2859 - OpenCL, Linear1D, bs_32x1, padding_0, pixelPerThread_4
16414 - CUDA, LocalMemory, bs_128x8, padding_192, pixelPerThread_3
10025 - OpenCL, Array2D, LocalMemory, bs_32x1, padding_224, pixelPerThread_2
8023 - OpenCL, Linear2D, LocalMemory, bs_512x1, padding_512, pixelPerThread_4
10616 - OpenCL, Array2D, LocalMemory, bs_128x4, padding_64, pixelPerThread_1
7515 - OpenCL, Linear2D, LocalMemory, bs_64x4, padding_256, pixelPerThread_4
4373 - OpenCL, Linear1D, LocalMemory, bs_32x8, padding_160, pixelPerThread_2
14236 - OpenCL, Ldg, LocalMemory, bs_256x2, padding_192, pixelPerThread_1
13094 - OpenCL, Ldg, LocalMemory, bs_32x32, padding_288, pixelPerThread_3
4989 - OpenCL, Linear1D, LocalMemory, bs_128x8, padding_192, pixelPerThread_2
9786 - OpenCL, Array2D, bs_64x2, padding_480, pixelPerThread_3
10285 - OpenCL, Array2D, LocalMemory, bs_64x1, padding_128, pixelPerThread_2
6246 - OpenCL, Linear2D, bs_128x1, padding_448, pixelPerThread_3
7374 - OpenCL, Linear2D, LocalMemory, bs_32x32, padding_224, pixelPerThread_3
23625 - CUDA, Array2D, bs_256x4, padding_224, pixelPerThread_2
24059 - CUDA, Array2D, bs_64x2, padding_416, pixelPerThread_4
12762 - OpenCL, Ldg, bs_256x1, padding_352, pixelPerThread_3
7430 - OpenCL, Linear2D, LocalMemory, bs_64x1, padding_128, pixelPerThread_3
12217 - OpenCL, Ldg, bs_256x4, padding_352, pixelPerThread_2
7784 - OpenCL, Linear2D, LocalMemory, bs_128x4, padding_256, pixelPerThread_1
8275 - OpenCL, Linear2D, LocalMemory, bs_32x4, padding_352, pixelPerThread_4
12089 - OpenCL, Ldg, bs_128x4, padding_416, pixelPerThread_2
13055 - OpenCL, Ldg, LocalMemory, bs_32x16, padding_512, pixelPerThread_4
6465 - OpenCL, Linear2D, bs_256x4, padding_32, pixelPerThread_2
9827 - OpenCL, Array2D, bs_64x8, padding_256, pixelPerThread_4
4479 - OpenCL, Linear1D, LocalMemory, bs_32x16, padding_448, pixelPerThread_4
6918 - OpenCL, Linear2D, bs_64x2, padding_384, pixelPerThread_3
3430 - OpenCL, Linear1D, bs_128x2, padding_224, pixelPerThread_3
6500 - OpenCL, Linear2D, bs_256x4, padding_320, pixelPerThread_1
19326 - CUDA, Linear1D, LocalMemory, bs_256x4, padding_96, pixelPerThread_3
9305 - OpenCL, Array2D, bs_128x8, padding_448, pixelPerThread_2
11830 - OpenCL, Ldg, bs_64x4, padding_512, pixelPerThread_3
24044 - CUDA, Array2D, bs_64x2, padding_320, pixelPerThread_1
25310 - CUDA, Array2D, LocalMemory, bs_32x2, padding_96, pixelPerThread_3
4093 - OpenCL, Linear1D, bs_64x8, padding_96, pixelPerThread_2
5991 - OpenCL, Linear2D, bs_64x1, padding_32, pixelPerThread_4
8126 - OpenCL, Linear2D, LocalMemory, bs_1024x1, padding_256, pixelPerThread_3
23858 - CUDA, Array2D, bs_1024x1, padding_448, pixelPerThread_3
11701 - OpenCL, Ldg, bs_64x1, padding_32, pixelPerThread_2
5551 - OpenCL, Linear1D, LocalMemory, bs_64x8, padding_320, pixelPerThread_4
8145 - OpenCL, Linear2D, LocalMemory, bs_1024x1, padding_416, pixelPerThread_2
3819 - OpenCL, Linear1D, bs_1024x1, padding_64, pixelPerThread_4
24978 - CUDA, Array2D, LocalMemory, bs_128x8, padding_160, pixelPerThread_3
2403 - OpenCL, LocalMemory, bs_1024x1, padding_160, pixelPerThread_4
6261 - OpenCL, Linear2D, bs_128x2, padding_32, pixelPerThread_2
16663 - CUDA, LocalMemory, bs_1024x1, padding_0, pixelPerThread_4
2911 - OpenCL, Linear1D, bs_32x1, padding_416, pixelPerThread_4
11524 - OpenCL, Ldg, bs_32x8, padding_256, pixelPerThread_1
25689 - CUDA, Array2D, LocalMemory, bs_256x2, padding_416, pixelPerThread_2
8961 - OpenCL, Array2D, bs_64x4, padding_416, pixelPerThread_2
8441 - OpenCL, Linear2D, LocalMemory, bs_256x1, padding_64, pixelPerThread_2
5501 - OpenCL, Linear1D, LocalMemory, bs_64x2, padding_480, pixelPerThread_2
3568 - OpenCL, Linear1D, bs_128x8, padding_256, pixelPerThread_1
27587 - CUDA, Ldg, LocalMemory, bs_64x16, padding_352, pixelPerThread_4
3959 - OpenCL, Linear1D, bs_32x4, padding_96, pixelPerThread_4
10125 - OpenCL, Array2D, LocalMemory, bs_32x8, padding_480, pixelPerThread_2
12555 - OpenCL, Ldg, bs_32x4, padding_320, pixelPerThread_4
7390 - OpenCL, Linear2D, LocalMemory, bs_32x32, padding_352, pixelPerThread_3
13932 - OpenCL, Ldg, LocalMemory, bs_32x2, padding_480, pixelPerThread_1
2339 - OpenCL, LocalMemory, bs_512x2, padding_192, pixelPerThread_4
5737 - OpenCL, Linear2D, bs_32x1, padding_192, pixelPerThread_2
13891 - OpenCL, Ldg, LocalMemory, bs_32x2, padding_128, pixelPerThread_4
6563 - OpenCL, Linear2D, bs_512x1, padding_256, pixelPerThread_4
3875 - OpenCL, Linear1D, bs_1024x1, padding_512, pixelPerThread_4
11532 - OpenCL, Ldg, bs_32x8, padding_320, pixelPerThread_1
5480 - OpenCL, Linear1D, LocalMemory, bs_64x2, padding_320, pixelPerThread_1
28094 - CUDA, Ldg, LocalMemory, bs_1024x1, padding_64, pixelPerThread_3
22406 - CUDA, Linear2D, LocalMemory, bs_1024x1, padding_256, pixelPerThread_3
25461 - CUDA, Array2D, LocalMemory, bs_64x2, padding_224, pixelPerThread_2
23593 - CUDA, Array2D, bs_128x8, padding_512, pixelPerThread_2
5312 - OpenCL, Linear1D, LocalMemory, bs_32x2, padding_64, pixelPerThread_1
14099 - OpenCL, Ldg, LocalMemory, bs_64x8, padding_160, pixelPerThread_4
11012 - OpenCL, Array2D, LocalMemory, bs_1024x1, padding_512, pixelPerThread_1
24605 - CUDA, Array2D, LocalMemory, bs_64x1, padding_448, pixelPerThread_2
23656 - CUDA, Array2D, bs_256x4, padding_480, pixelPerThread_1
13134 - OpenCL, Ldg, LocalMemory, bs_64x1, padding_64, pixelPerThread_3
6876 - OpenCL, Linear2D, bs_64x2, padding_64, pixelPerThread_1
7078 - OpenCL, Linear2D, bs_256x2, padding_32, pixelPerThread_3
7405 - OpenCL, Linear2D, LocalMemory, bs_32x32, padding_480, pixelPerThread_2
5026 - OpenCL, Linear1D, LocalMemory, bs_128x8, padding_480, pixelPerThread_3
13882 - OpenCL, Ldg, LocalMemory, bs_32x2, padding_64, pixelPerThread_3
23235 - CUDA, Array2D, bs_64x4, padding_352, pixelPerThread_4
5839 - OpenCL, Linear2D, bs_32x8, padding_448, pixelPerThread_4
10127 - OpenCL, Array2D, LocalMemory, bs_32x8, padding_480, pixelPerThread_4
25091 - CUDA, Array2D, LocalMemory, bs_256x4, padding_512, pixelPerThread_4
4424 - OpenCL, Linear1D, LocalMemory, bs_32x16, padding_32, pixelPerThread_1
12356 - OpenCL, Ldg, bs_512x2, padding_384, pixelPerThread_1
4597 - OpenCL, Linear1D, LocalMemory, bs_64x1, padding_320, pixelPerThread_2
12900 - OpenCL, Ldg, LocalMemory, bs_32x1, padding_384, pixelPerThread_1
6846 - OpenCL, Linear2D, bs_32x4, padding_352, pixelPerThread_3
2919 - OpenCL, Linear1D, bs_32x1, padding_480, pixelPerThread_4
4429 - OpenCL, Linear1D, LocalMemory, bs_32x16, padding_64, pixelPerThread_2
10641 - OpenCL, Array2D, LocalMemory, bs_128x4, padding_256, pixelPerThread_2
5164 - OpenCL, Linear1D, LocalMemory, bs_512x1, padding_512, pixelPerThread_1
23977 - CUDA, Array2D, bs_32x4, padding_320, pixelPerThread_2
8383 - OpenCL, Linear2D, LocalMemory, bs_64x8, padding_128, pixelPerThread_4
8260 - OpenCL, Linear2D, LocalMemory, bs_32x4, padding_256, pixelPerThread_1
23959 - CUDA, Array2D, bs_32x4, padding_160, pixelPerThread_4
7293 - OpenCL, Linear2D, LocalMemory, bs_32x16, padding_128, pixelPerThread_2
11835 - OpenCL, Ldg, bs_64x16, padding_0, pixelPerThread_4
13679 - OpenCL, Ldg, LocalMemory, bs_512x1, padding_64, pixelPerThread_4
7413 - OpenCL, Linear2D, LocalMemory, bs_64x1, padding_0, pixelPerThread_2
12869 - OpenCL, Ldg, LocalMemory, bs_32x1, padding_128, pixelPerThread_2
4485 - OpenCL, Linear1D, LocalMemory, bs_32x16, padding_512, pixelPerThread_2
12852 - OpenCL, Ldg, LocalMemory, bs_32x1, padding_0, pixelPerThread_1
3379 - OpenCL, Linear1D, bs_128x1, padding_352, pixelPerThread_4
11523 - OpenCL, Ldg, bs_32x8, padding_224, pixelPerThread_4
4494 - OpenCL, Linear1D, LocalMemory, bs_32x32, padding_32, pixelPerThread_3
23777 - CUDA, Array2D, bs_512x2, padding_352, pixelPerThread_2
27558 - CUDA, Ldg, LocalMemory, bs_64x16, padding_128, pixelPerThread_3
25144 - CUDA, Array2D, LocalMemory, bs_512x1, padding_416, pixelPerThread_1
12407 - OpenCL, Ldg, bs_1024x1, padding_224, pixelPerThread_4
4516 - OpenCL, Linear1D, LocalMemory, bs_32x32, padding_224, pixelPerThread_1
7520 - OpenCL, Linear2D, LocalMemory, bs_64x4, padding_320, pixelPerThread_1
25696 - CUDA, Array2D, LocalMemory, bs_256x2, padding_480, pixelPerThread_1
9849 - OpenCL, Array2D, bs_64x8, padding_448, pixelPerThread_2
12076 - OpenCL, Ldg, bs_128x4, padding_320, pixelPerThread_1
10670 - OpenCL, Array2D, LocalMemory, bs_128x4, padding_480, pixelPerThread_3
9956 - OpenCL, Array2D, bs_256x2, padding_224, pixelPerThread_1
24885 - CUDA, Array2D, LocalMemory, bs_128x2, padding_512, pixelPerThread_2
7172 - OpenCL, Linear2D, LocalMemory, bs_32x1, padding_256, pixelPerThread_1
10516 - OpenCL, Array2D, LocalMemory, bs_128x1, padding_352, pixelPerThread_1
10014 - OpenCL, Array2D, LocalMemory, bs_32x1, padding_128, pixelPerThread_3
5003 - OpenCL, Linear1D, LocalMemory, bs_128x8, padding_288, pixelPerThread_4
6998 - OpenCL, Linear2D, bs_64x8, padding_480, pixelPerThread_3
8217 - OpenCL, Linear2D, LocalMemory, bs_32x2, padding_448, pixelPerThread_2
7340 - OpenCL, Linear2D, LocalMemory, bs_32x16, padding_512, pixelPerThread_1
12402 - OpenCL, Ldg, bs_1024x1, padding_192, pixelPerThread_3
8415 - OpenCL, Linear2D, LocalMemory, bs_64x8, padding_384, pixelPerThread_4
25525 - CUDA, Array2D, LocalMemory, bs_64x8, padding_192, pixelPerThread_2
3460 - OpenCL, Linear1D, bs_128x2, padding_480, pixelPerThread_1
3002 - OpenCL, Linear1D, bs_32x16, padding_64, pixelPerThread_3
3672 - OpenCL, Linear1D, bs_512x1, padding_0, pixelPerThread_1
3628 - OpenCL, Linear1D, bs_256x4, padding_192, pixelPerThread_1
10119 - OpenCL, Array2D, LocalMemory, bs_32x8, padding_416, pixelPerThread_4
5644 - OpenCL, Linear1D, LocalMemory, bs_256x2, padding_0, pixelPerThread_1
7004 - OpenCL, Linear2D, bs_256x1, padding_0, pixelPerThread_1
24703 - CUDA, Array2D, LocalMemory, bs_64x16, padding_128, pixelPerThread_4
3938 - OpenCL, Linear1D, bs_32x2, padding_480, pixelPerThread_3
24814 - CUDA, Array2D, LocalMemory, bs_128x1, padding_480, pixelPerThread_3
5139 - OpenCL, Linear1D, LocalMemory, bs_512x1, padding_288, pixelPerThread_4
24874 - CUDA, Array2D, LocalMemory, bs_128x2, padding_416, pixelPerThread_3
6639 - OpenCL, Linear2D, bs_512x2, padding_320, pixelPerThread_4
4415 - OpenCL, Linear1D, LocalMemory, bs_32x8, padding_480, pixelPerThread_4
7015 - OpenCL, Linear2D, bs_256x1, padding_64, pixelPerThread_4
7642 - OpenCL, Linear2D, LocalMemory, bs_128x1, padding_192, pixelPerThread_3
19557 - CUDA, Linear1D, LocalMemory, bs_1024x1, padding_320, pixelPerThread_2
7856 - OpenCL, Linear2D, LocalMemory, bs_128x8, padding_288, pixelPerThread_1
6454 - OpenCL, Linear2D, bs_128x8, padding_480, pixelPerThread_3
11578 - OpenCL, Ldg, bs_32x16, padding_128, pixelPerThread_3
13000 - OpenCL, Ldg, LocalMemory, bs_32x16, padding_96, pixelPerThread_1
13551 - OpenCL, Ldg, LocalMemory, bs_128x8, padding_128, pixelPerThread_4
6341 - OpenCL, Linear2D, bs_128x4, padding_128, pixelPerThread_2
25201 - CUDA, Array2D, LocalMemory, bs_512x2, padding_320, pixelPerThread_2
4654 - OpenCL, Linear1D, LocalMemory, bs_64x4, padding_224, pixelPerThread_3
23444 - CUDA, Array2D, bs_128x2, padding_416, pixelPerThread_1
25137 - CUDA, Array2D, LocalMemory, bs_512x1, padding_352, pixelPerThread_2
10018 - OpenCL, Array2D, LocalMemory, bs_32x1, padding_160, pixelPerThread_3
12160 - OpenCL, Ldg, bs_128x8, padding_448, pixelPerThread_1
25520 - CUDA, Array2D, LocalMemory, bs_64x8, padding_160, pixelPerThread_1
8702 - OpenCL, Array2D, bs_32x8, padding_512, pixelPerThread_3
25003 - CUDA, Array2D, LocalMemory, bs_128x8, padding_352, pixelPerThread_4
25173 - CUDA, Array2D, LocalMemory, bs_512x2, padding_96, pixelPerThread_2
3389 - OpenCL, Linear1D, bs_128x1, padding_448, pixelPerThread_2
8743 - OpenCL, Array2D, bs_32x16, padding_288, pixelPerThread_4
12881 - OpenCL, Ldg, LocalMemory, bs_32x1, padding_224, pixelPerThread_2
5769 - OpenCL, Linear2D, bs_32x1, padding_448, pixelPerThread_2
16118 - CUDA, LocalMemory, bs_64x16, padding_0, pixelPerThread_3
25074 - CUDA, Array2D, LocalMemory, bs_256x4, padding_384, pixelPerThread_3
5072 - OpenCL, Linear1D, LocalMemory, bs_256x4, padding_320, pixelPerThread_1
4628 - OpenCL, Linear1D, LocalMemory, bs_64x4, padding_32, pixelPerThread_1
7837 - OpenCL, Linear2D, LocalMemory, bs_128x8, padding_128, pixelPerThread_2
8611 - OpenCL, Array2D, bs_32x1, padding_320, pixelPerThread_4
25556 - CUDA, Array2D, LocalMemory, bs_64x8, padding_448, pixelPerThread_1
10895 - OpenCL, Array2D, LocalMemory, bs_512x2, padding_96, pixelPerThread_4
10734 - OpenCL, Array2D, LocalMemory, bs_128x8, padding_448, pixelPerThread_3
25468 - CUDA, Array2D, LocalMemory, bs_64x2, padding_288, pixelPerThread_1
14272 - OpenCL, Ldg, LocalMemory, bs_256x2, padding_480, pixelPerThread_1
4323 - OpenCL, Linear1D, LocalMemory, bs_32x1, padding_288, pixelPerThread_4
11471 - OpenCL, Ldg, bs_32x1, padding_352, pixelPerThread_4
12836 - OpenCL, Ldg, bs_256x2, padding_416, pixelPerThread_1
9280 - OpenCL, Array2D, bs_128x8, padding_256, pixelPerThread_1
25697 - CUDA, Array2D, LocalMemory, bs_256x2, padding_480, pixelPerThread_2
10766 - OpenCL, Array2D, LocalMemory, bs_256x4, padding_160, pixelPerThread_3
3629 - OpenCL, Linear1D, bs_256x4, padding_192, pixelPerThread_2
14080 - OpenCL, Ldg, LocalMemory, bs_64x8, padding_32, pixelPerThread_1
24313 - CUDA, Array2D, LocalMemory, bs_32x1, padding_288, pixelPerThread_2
24475 - CUDA, Array2D, LocalMemory, bs_32x16, padding_480, pixelPerThread_4
4381 - OpenCL, Linear1D, LocalMemory, bs_32x8, padding_224, pixelPerThread_2
13294 - OpenCL, Ldg, LocalMemory, bs_64x16, padding_256, pixelPerThread_3
11823 - OpenCL, Ldg, bs_64x4, padding_448, pixelPerThread_4
10991 - OpenCL, Array2D, LocalMemory, bs_1024x1, padding_320, pixelPerThread_4
23985 - CUDA, Array2D, bs_32x4, padding_384, pixelPerThread_2
27343 - CUDA, Ldg, LocalMemory, bs_32x32, padding_32, pixelPerThread_4
10061 - OpenCL, Array2D, LocalMemory, bs_32x1, padding_512, pixelPerThread_2
8866 - OpenCL, Array2D, bs_64x1, padding_192, pixelPerThread_3
5258 - OpenCL, Linear1D, LocalMemory, bs_1024x1, padding_160, pixelPerThread_3
24335 - CUDA, Array2D, LocalMemory, bs_32x1, padding_448, pixelPerThread_4
7768 - OpenCL, Linear2D, LocalMemory, bs_128x4, padding_128, pixelPerThread_1
10467 - OpenCL, Array2D, LocalMemory, bs_64x16, padding_480, pixelPerThread_4
3008 - OpenCL, Linear1D, bs_32x16, padding_128, pixelPerThread_1
12732 - OpenCL, Ldg, bs_256x1, padding_128, pixelPerThread_1
7349 - OpenCL, Linear2D, LocalMemory, bs_32x32, padding_32, pixelPerThread_2
5610 - OpenCL, Linear1D, LocalMemory, bs_256x1, padding_256, pixelPerThread_3
9891 - OpenCL, Array2D, bs_256x1, padding_224, pixelPerThread_4
6435 - OpenCL, Linear2D, bs_128x8, padding_320, pixelPerThread_4
12592 - OpenCL, Ldg, bs_64x2, padding_96, pixelPerThread_1
13854 - OpenCL, Ldg, LocalMemory, bs_1024x1, padding_384, pixelPerThread_3
11983 - OpenCL, Ldg, bs_128x2, padding_96, pixelPerThread_4
16661 - CUDA, LocalMemory, bs_1024x1, padding_0, pixelPerThread_2
12829 - OpenCL, Ldg, bs_256x2, padding_352, pixelPerThread_2
13774 - OpenCL, Ldg, LocalMemory, bs_512x2, padding_288, pixelPerThread_3
24792 - CUDA, Array2D, LocalMemory, bs_128x1, padding_320, pixelPerThread_1
25543 - CUDA, Array2D, LocalMemory, bs_64x8, padding_320, pixelPerThread_4
5692 - OpenCL, Linear1D, LocalMemory, bs_256x2, padding_384, pixelPerThread_1
10286 - OpenCL, Array2D, LocalMemory, bs_64x1, padding_128, pixelPerThread_3
4080 - OpenCL, Linear1D, bs_64x8, padding_0, pixelPerThread_1
24588 - CUDA, Array2D, LocalMemory, bs_64x1, padding_320, pixelPerThread_1
21882 - CUDA, Linear2D, LocalMemory, bs_64x16, padding_416, pixelPerThread_3
9468 - OpenCL, Array2D, bs_512x2, padding_128, pixelPerThread_1
22429 - CUDA, Linear2D, LocalMemory, bs_1024x1, padding_448, pixelPerThread_2
10689 - OpenCL, Array2D, LocalMemory, bs_128x8, padding_96, pixelPerThread_2
14066 - OpenCL, Ldg, LocalMemory, bs_64x2, padding_448, pixelPerThread_3
24631 - CUDA, Array2D, LocalMemory, bs_64x4, padding_96, pixelPerThread_4
9852 - OpenCL, Array2D, bs_64x8, padding_480, pixelPerThread_1
22134 - CUDA, Linear2D, LocalMemory, bs_128x8, padding_256, pixelPerThread_3
14268 - OpenCL, Ldg, LocalMemory, bs_256x2, padding_448, pixelPerThread_1
24960 - CUDA, Array2D, LocalMemory, bs_128x8, padding_32, pixelPerThread_1
11620 - OpenCL, Ldg, bs_32x16, padding_480, pixelPerThread_1
8626 - OpenCL, Array2D, bs_32x1, padding_448, pixelPerThread_3
23951 - CUDA, Array2D, bs_32x4, padding_96, pixelPerThread_4
4199 - OpenCL, Linear1D, bs_256x1, padding_384, pixelPerThread_4
19014 - CUDA, Linear1D, LocalMemory, bs_64x16, padding_320, pixelPerThread_3
16450 - CUDA, LocalMemory, bs_128x8, padding_480, pixelPerThread_3
8511 - OpenCL, Linear2D, LocalMemory, bs_256x2, padding_64, pixelPerThread_4
13536 - OpenCL, Ldg, LocalMemory, bs_128x8, padding_32, pixelPerThread_1
23468 - CUDA, Array2D, bs_128x4, padding_64, pixelPerThread_1
10768 - OpenCL, Array2D, LocalMemory, bs_256x4, padding_192, pixelPerThread_1
24967 - CUDA, Array2D, LocalMemory, bs_128x8, padding_64, pixelPerThread_4
23338 - CUDA, Array2D, bs_128x1, padding_96, pixelPerThread_3
3360 - OpenCL, Linear1D, bs_128x1, padding_224, pixelPerThread_1
4757 - OpenCL, Linear1D, LocalMemory, bs_64x16, padding_512, pixelPerThread_2
9142 - OpenCL, Array2D, bs_128x2, padding_224, pixelPerThread_3
3053 - OpenCL, Linear1D, bs_32x16, padding_480, pixelPerThread_2
9623 - OpenCL, Array2D, bs_32x2, padding_256, pixelPerThread_4
5653 - OpenCL, Linear1D, LocalMemory, bs_256x2, padding_64, pixelPerThread_2
24779 - CUDA, Array2D, LocalMemory, bs_128x1, padding_192, pixelPerThread_4
8009 - OpenCL, Linear2D, LocalMemory, bs_512x1, padding_416, pixelPerThread_2
23039 - CUDA, Array2D, bs_32x16, padding_416, pixelPerThread_4
7016 - OpenCL, Linear2D, bs_256x1, padding_96, pixelPerThread_1
23061 - CUDA, Array2D, bs_32x32, padding_64, pixelPerThread_2
12467 - OpenCL, Ldg, bs_32x2, padding_160, pixelPerThread_4
5269 - OpenCL, Linear1D, LocalMemory, bs_1024x1, padding_256, pixelPerThread_2
3414 - OpenCL, Linear1D, bs_128x2, padding_96, pixelPerThread_3
7138 - OpenCL, Linear2D, bs_256x2, padding_512, pixelPerThread_3
8953 - OpenCL, Array2D, bs_64x4, padding_352, pixelPerThread_2
25254 - CUDA, Array2D, LocalMemory, bs_1024x1, padding_192, pixelPerThread_3
23784 - CUDA, Array2D, bs_512x2, padding_416, pixelPerThread_1
5486 - OpenCL, Linear1D, LocalMemory, bs_64x2, padding_352, pixelPerThread_3
6491 - OpenCL, Linear2D, bs_256x4, padding_224, pixelPerThread_4
9511 - OpenCL, Array2D, bs_512x2, padding_448, pixelPerThread_4
11615 - OpenCL, Ldg, bs_32x16, padding_416, pixelPerThread_4
5572 - OpenCL, Linear1D, LocalMemory, bs_64x8, padding_512, pixelPerThread_1
25076 - CUDA, Array2D, LocalMemory, bs_256x4, padding_416, pixelPerThread_1
3451 - OpenCL, Linear1D, bs_128x2, padding_384, pixelPerThread_4
6519 - OpenCL, Linear2D, bs_256x4, padding_448, pixelPerThread_4
22920 - CUDA, Array2D, bs_32x8, padding_32, pixelPerThread_1
2993 - OpenCL, Linear1D, bs_32x16, padding_0, pixelPerThread_2
12500 - OpenCL, Ldg, bs_32x2, padding_448, pixelPerThread_1
25406 - CUDA, Array2D, LocalMemory, bs_32x4, padding_320, pixelPerThread_3
16490 - CUDA, LocalMemory, bs_256x4, padding_256, pixelPerThread_3
10518 - OpenCL, Array2D, LocalMemory, bs_128x1, padding_352, pixelPerThread_3
11993 - OpenCL, Ldg, bs_128x2, padding_192, pixelPerThread_2
2179 - OpenCL, LocalMemory, bs_256x4, padding_0, pixelPerThread_4
8237 - OpenCL, Linear2D, LocalMemory, bs_32x4, padding_64, pixelPerThread_2
7120 - OpenCL, Linear2D, bs_256x2, padding_384, pixelPerThread_1
6716 - OpenCL, Linear2D, bs_1024x1, padding_416, pixelPerThread_1
12370 - OpenCL, Ldg, bs_512x2, padding_480, pixelPerThread_3
6538 - OpenCL, Linear2D, bs_512x1, padding_64, pixelPerThread_3
6894 - OpenCL, Linear2D, bs_64x2, padding_192, pixelPerThread_3
7546 - OpenCL, Linear2D, LocalMemory, bs_64x4, padding_512, pixelPerThread_3
6724 - OpenCL, Linear2D, bs_1024x1, padding_480, pixelPerThread_1
6637 - OpenCL, Linear2D, bs_512x2, padding_320, pixelPerThread_2
13121 - OpenCL, Ldg, LocalMemory, bs_32x32, padding_512, pixelPerThread_2
2433 - OpenCL, LocalMemory, bs_1024x1, padding_416, pixelPerThread_2
22983 - CUDA, Array2D, bs_32x8, padding_512, pixelPerThread_4
23661 - CUDA, Array2D, bs_256x4, padding_512, pixelPerThread_2
5158 - OpenCL, Linear1D, LocalMemory, bs_512x1, padding_448, pixelPerThread_3
4445 - OpenCL, Linear1D, LocalMemory, bs_32x16, padding_192, pixelPerThread_2
11206 - OpenCL, Array2D, LocalMemory, bs_64x2, padding_416, pixelPerThread_3
8400 - OpenCL, Linear2D, LocalMemory, bs_64x8, padding_288, pixelPerThread_1
13815 - OpenCL, Ldg, LocalMemory, bs_1024x1, padding_64, pixelPerThread_4
11472 - OpenCL, Ldg, bs_32x1, padding_384, pixelPerThread_1
22896 - CUDA, Array2D, bs_32x1, padding_384, pixelPerThread_1
5193 - OpenCL, Linear1D, LocalMemory, bs_512x2, padding_192, pixelPerThread_2
13109 - OpenCL, Ldg, LocalMemory, bs_32x32, padding_416, pixelPerThread_2
5995 - OpenCL, Linear2D, bs_64x1, padding_64, pixelPerThread_4
10446 - OpenCL, Array2D, LocalMemory, bs_64x16, padding_320, pixelPerThread_3
3323 - OpenCL, Linear1D, bs_64x16, padding_448, pixelPerThread_4
5605 - OpenCL, Linear1D, LocalMemory, bs_256x1, padding_224, pixelPerThread_2
23992 - CUDA, Array2D, bs_32x4, padding_448, pixelPerThread_1
7950 - OpenCL, Linear2D, LocalMemory, bs_256x4, padding_480, pixelPerThread_3
23926 - CUDA, Array2D, bs_32x2, padding_448, pixelPerThread_3
8202 - OpenCL, Linear2D, LocalMemory, bs_32x2, padding_320, pixelPerThread_3
13534 - OpenCL, Ldg, LocalMemory, bs_128x8, padding_0, pixelPerThread_3
13813 - OpenCL, Ldg, LocalMemory, bs_1024x1, padding_64, pixelPerThread_2
6119 - OpenCL, Linear2D, bs_64x4, padding_512, pixelPerThread_4
6346 - OpenCL, Linear2D, bs_128x4, padding_160, pixelPerThread_3
6532 - OpenCL, Linear2D, bs_512x1, padding_32, pixelPerThread_1
6916 - OpenCL, Linear2D, bs_64x2, padding_384, pixelPerThread_1
23982 - CUDA, Array2D, bs_32x4, padding_352, pixelPerThread_3
7077 - OpenCL, Linear2D, bs_256x2, padding_32, pixelPerThread_2
12851 - OpenCL, Ldg, bs_256x2, padding_512, pixelPerThread_4
24998 - CUDA, Array2D, LocalMemory, bs_128x8, padding_320, pixelPerThread_3
12090 - OpenCL, Ldg, bs_128x4, padding_416, pixelPerThread_3
3800 - OpenCL, Linear1D, bs_512x2, padding_480, pixelPerThread_1
9024 - OpenCL, Array2D, bs_64x16, padding_384, pixelPerThread_1
28113 - CUDA, Ldg, LocalMemory, bs_1024x1, padding_224, pixelPerThread_2
9013 - OpenCL, Array2D, bs_64x16, padding_288, pixelPerThread_2
24472 - CUDA, Array2D, LocalMemory, bs_32x16, padding_480, pixelPerThread_1
