Current machine learning settings: epsilon:0 lossFunction:RELATIVE parallelization:True bagging:False baggingNumbers:3 considerEpsilonTube:False baggingTestDataFraction:50 useBackward:False abortError:1 limitFeatureSize:False featureSizeTreshold:4 quadraticFunctionSupport:True crossValidation:False crossValidation-k:5 learn-logFunction:False learn-accumulatedLogFunction:False learn-asymFunction:False learn-ratioFunction:False learn-mirrowedFunction:False learn-numeric-disabled:True numberOfRounds:70 backwardErrorDelta:1 minImprovementPerRound:0.1 withHierarchy:False bruteForceCandidates:False ignoreBadFeatures:False stopOnLongRound:True candidateSizePenalty:True learnTimeLimit:00:00:00 scoreMeasure:RELERROR outputRoundsToStdout:False debug:False pythonInfluenceAnalysis:False blacklisted: 
command: mlsettings bagging:False stopOnLongRound:False parallelization:True lossFunction:RELATIVE useBackward:False abortError:1 limitFeatureSize:False featureSizeTreshold:7 quadraticFunctionSupport:True crossValidation:False learn_logFunction:True numberOfRounds:70 backwardErrorDelta:1 minImprovementPerRound:0.25 withHierarchy:False
Current machine learning settings: epsilon:0 lossFunction:RELATIVE parallelization:True bagging:False baggingNumbers:3 considerEpsilonTube:False baggingTestDataFraction:50 useBackward:False abortError:1 limitFeatureSize:False featureSizeTreshold:7 quadraticFunctionSupport:True crossValidation:False crossValidation-k:5 learn-logFunction:True learn-accumulatedLogFunction:False learn-asymFunction:False learn-ratioFunction:False learn-mirrowedFunction:False learn-numeric-disabled:True numberOfRounds:70 backwardErrorDelta:1 minImprovementPerRound:0.25 withHierarchy:False bruteForceCandidates:False ignoreBadFeatures:False stopOnLongRound:False candidateSizePenalty:True learnTimeLimit:00:00:00 scoreMeasure:RELERROR outputRoundsToStdout:False debug:False pythonInfluenceAnalysis:False blacklisted: 
command: solver z3
command: vm /scratch/kallistos/Distance-Based_Data/SupplementaryWebsite/MeasuredPerformanceValues/Dune/FeatureModel.xml
Warning: Variability model contains outdated notation. Children nodes will no longer have effect on the model. Instead use the parent node to describe the parent of an configuration option. You can also use the converter providedby the Variability Model GUI in export>convert legacy model.
command: all /scratch/kallistos/Distance-Based_Data/SupplementaryWebsite/MeasuredPerformanceValues/Dune/measurements.xml
Configs with too large deviation: 0
2304 configurations loaded.
command: nfp Performance
command: setsampleset /scratch/kallistos/Distance-Based_Data/Results/Dune/Dune_28/sampledConfigurations_grammarBased_t2.csv
command: learn-splconqueror
Learning: NumberOfConfigurationsLearning:265 NumberOfConfigurationsValidation:265
Learning progress:
1;10238.6224925596 * Precon + 4537.70709315475 * post_0;17.5341803202679;17.5341803202679;17.5341803202679;17.5341803202679;0.051886;2;4537.70709315475 * post_0;1;2.221584382492;
2;10548.6177405182 * Precon + 4540.97020102799 * post_0 + -1957.86472394942 * cells_50;15.8449321141653;15.8449321141653;15.8449321141653;15.8449321141653;0.162185;3;-1957.86472394942 * cells_50;1;1.68924820610262;
3;10955.4924458653 * Precon + 4512.25354683101 * post_0 + -2362.0045098492 * cells_50 + -1959.3480337885 * cells_51;14.6944653846057;14.6944653846057;14.6944653846057;14.6944653846057;0.358971;4;-1959.3480337885 * cells_51;1;1.15046672955959;
4;10359.824783763 * Precon + 5177.69128078351 * post_0 + -2483.32808332612 * cells_50 + -2274.08740937515 * cells_51 + 3921.6972797884 * post_1;13.6695291393665;13.6695291393665;13.6695291393665;13.6695291393665;0.672223;5;3921.6972797884 * post_1;1;1.02493624523922;
5;9890.15047726938 * Precon + 5262.09621960466 * post_0 + -2375.99780820715 * cells_50 + -2146.98989086364 * cells_51 + 3811.92415569242 * post_1 + 869.402301729016 * SeqSOR;12.9494315469615;12.9494315469615;12.9494315469615;12.9494315469615;1.127597;6;869.402301729016 * SeqSOR;1;0.720097592405033;
6;9780.29557882283 * Precon + 5275.89537245392 * post_0 + -2315.90694547491 * cells_50 + -1963.32004547257 * cells_51 + 1935.85344229513 * post_1 + 1012.03738247293 * SeqSOR + 12599.956428994 * post_1 * pre_0;11.8123842873823;11.8123842873823;11.8123842873823;11.8123842873823;1.797476;8;12599.956428994 * post_1 * pre_0;2;0.568523629789607;
7;10118.1417622419 * Precon + 5262.32819512854 * post_0 + -2652.25690884127 * cells_50 + -2297.23729649695 * cells_51 + 1896.53275244816 * post_1 + 1012.10980407072 * SeqSOR + 12865.3251362512 * post_1 * pre_0 + -1356.65762768934 * cells_52;11.1352988077878;11.1352988077878;11.1352988077878;11.1352988077878;2.648034;9;-1356.65762768934 * cells_52;1;0.677085479594425;
8;10218.2438363978 * Precon + 5123.95024055503 * post_0 + -2501.55278581809 * cells_50 + -2268.98571053283 * cells_51 + 1750.77351087279 * post_1 + 1028.64627685186 * SeqSOR + 12866.5789952256 * post_1 * pre_0 + -1337.73026601935 * cells_52 + -841.722194657732 * post_6;10.6396539628989;10.6396539628989;10.6396539628989;10.6396539628989;3.738568;10;-841.722194657732 * post_6;1;0.495644844888934;
9;10420.7260490267 * Precon + 5121.50395877386 * post_0 + -2697.69650782963 * cells_50 + -2464.80278096893 * cells_51 + 1753.43355986059 * post_1 + 1013.75462297225 * SeqSOR + 12798.2181586298 * post_1 * pre_0 + -1529.75666403884 * cells_52 + -836.144123320358 * post_6 + -629.008242632013 * cells_53;10.2717782291606;10.2717782291606;10.2717782291606;10.2717782291606;5.10584;11;-629.008242632013 * cells_53;1;0.367875733738247;
10;10458.5609685116 * Precon + 3813.98558466202 * post_0 + -2728.64351243158 * cells_50 + -2352.07345908983 * cells_51 + 1755.14088962248 * post_1 + 921.472872570761 * SeqSOR + 12797.0115008598 * post_1 * pre_0 + -1547.23197150553 * cells_52 + -827.823121024195 * post_6 + -651.560413479947 * cells_53 + 6499.57690276734 * post_0 * pre_1;9.59129885477253;9.59129885477253;9.59129885477253;9.59129885477253;6.790354;13;6499.57690276734 * post_0 * pre_1;2;0.340239687194059;
11;10339.7519409014 * Precon + 3835.42088827957 * post_0 + -2665.25669491829 * cells_50 + -2302.76650997979 * cells_51 + 971.792961396936 * post_1 + 1068.59990323624 * SeqSOR + 12084.4103195057 * post_1 * pre_0 + -1436.87936369001 * cells_52 + -838.172615301214 * post_6 + -585.180682557104 * cells_53 + 6460.65057711038 * post_0 * pre_1 + 2971.25624962939 * post_1 * CGSolver;9.05430614766923;9.05430614766923;9.05430614766923;9.05430614766923;8.827125;15;2971.25624962939 * post_1 * CGSolver;2;0.26849635355165;
12;10485.9560402319 * Precon + 3773.62621563013 * post_0 + -2660.63998052097 * cells_50 + -2282.41513721162 * cells_51 + 998.271051786689 * post_1 + 1045.01949888908 * SeqSOR + 11993.7004316624 * post_1 * pre_0 + -1435.02632604446 * cells_52 + -826.290665364382 * post_6 + -563.989220320632 * cells_53 + 6497.35813932186 * post_0 * pre_1 + 2821.33399607062 * post_1 * CGSolver + -562.50494570045 * GradientSolver;8.85079182781988;8.85079182781988;8.85079182781988;8.85079182781988;11.24557;16;-562.50494570045 * GradientSolver;1;0.203514319849349;
Elapsed=00:00:11.2511636
average model: 
command: analyze-learning
Round, Model, LearningError, LearningErrorRel, ValidationError, ValidationErrorRel, ElapsedSeconds, ModelComplexity, BestCandidate, BestCandidateSize, BestCandidateScore, TestError
Models:
Termination reason: minImprovementPerRound
1;10238.6224925596 * Precon + 4537.70709315475 * post_0;17.5341803202679;17.5341803202679;17.5341803202679;17.5341803202679;0.051886;2;4537.70709315475 * post_0;1;2.221584382492;16.5959529953665
2;10548.6177405182 * Precon + 4540.97020102799 * post_0 + -1957.86472394942 * cells_50;15.8449321141653;15.8449321141653;15.8449321141653;15.8449321141653;0.162185;3;-1957.86472394942 * cells_50;1;1.68924820610262;15.3832466941875
3;10955.4924458653 * Precon + 4512.25354683101 * post_0 + -2362.0045098492 * cells_50 + -1959.3480337885 * cells_51;14.6944653846057;14.6944653846057;14.6944653846057;14.6944653846057;0.358971;4;-1959.3480337885 * cells_51;1;1.15046672955959;14.699637538537
4;10359.824783763 * Precon + 5177.69128078351 * post_0 + -2483.32808332612 * cells_50 + -2274.08740937515 * cells_51 + 3921.6972797884 * post_1;13.6695291393665;13.6695291393665;13.6695291393665;13.6695291393665;0.672223;5;3921.6972797884 * post_1;1;1.02493624523922;14.8025923112659
5;9890.15047726938 * Precon + 5262.09621960466 * post_0 + -2375.99780820715 * cells_50 + -2146.98989086364 * cells_51 + 3811.92415569242 * post_1 + 869.402301729016 * SeqSOR;12.9494315469615;12.9494315469615;12.9494315469615;12.9494315469615;1.127597;6;869.402301729016 * SeqSOR;1;0.720097592405033;14.1318286624491
6;9780.29557882283 * Precon + 5275.89537245392 * post_0 + -2315.90694547491 * cells_50 + -1963.32004547257 * cells_51 + 1935.85344229513 * post_1 + 1012.03738247293 * SeqSOR + 12599.956428994 * post_1 * pre_0;11.8123842873823;11.8123842873823;11.8123842873823;11.8123842873823;1.797476;8;12599.956428994 * post_1 * pre_0;2;0.568523629789607;12.9686729222343
7;10118.1417622419 * Precon + 5262.32819512854 * post_0 + -2652.25690884127 * cells_50 + -2297.23729649695 * cells_51 + 1896.53275244816 * post_1 + 1012.10980407072 * SeqSOR + 12865.3251362512 * post_1 * pre_0 + -1356.65762768934 * cells_52;11.1352988077878;11.1352988077878;11.1352988077878;11.1352988077878;2.648034;9;-1356.65762768934 * cells_52;1;0.677085479594425;12.3351705709136
8;10218.2438363978 * Precon + 5123.95024055503 * post_0 + -2501.55278581809 * cells_50 + -2268.98571053283 * cells_51 + 1750.77351087279 * post_1 + 1028.64627685186 * SeqSOR + 12866.5789952256 * post_1 * pre_0 + -1337.73026601935 * cells_52 + -841.722194657732 * post_6;10.6396539628989;10.6396539628989;10.6396539628989;10.6396539628989;3.738568;10;-841.722194657732 * post_6;1;0.495644844888934;11.7987207282223
9;10420.7260490267 * Precon + 5121.50395877386 * post_0 + -2697.69650782963 * cells_50 + -2464.80278096893 * cells_51 + 1753.43355986059 * post_1 + 1013.75462297225 * SeqSOR + 12798.2181586298 * post_1 * pre_0 + -1529.75666403884 * cells_52 + -836.144123320358 * post_6 + -629.008242632013 * cells_53;10.2717782291606;10.2717782291606;10.2717782291606;10.2717782291606;5.10584;11;-629.008242632013 * cells_53;1;0.367875733738247;11.4872004587556
10;10458.5609685116 * Precon + 3813.98558466202 * post_0 + -2728.64351243158 * cells_50 + -2352.07345908983 * cells_51 + 1755.14088962248 * post_1 + 921.472872570761 * SeqSOR + 12797.0115008598 * post_1 * pre_0 + -1547.23197150553 * cells_52 + -827.823121024195 * post_6 + -651.560413479947 * cells_53 + 6499.57690276734 * post_0 * pre_1;9.59129885477253;9.59129885477253;9.59129885477253;9.59129885477253;6.790354;13;6499.57690276734 * post_0 * pre_1;2;0.340239687194059;10.8613426571208
11;10339.7519409014 * Precon + 3835.42088827957 * post_0 + -2665.25669491829 * cells_50 + -2302.76650997979 * cells_51 + 971.792961396936 * post_1 + 1068.59990323624 * SeqSOR + 12084.4103195057 * post_1 * pre_0 + -1436.87936369001 * cells_52 + -838.172615301214 * post_6 + -585.180682557104 * cells_53 + 6460.65057711038 * post_0 * pre_1 + 2971.25624962939 * post_1 * CGSolver;9.05430614766923;9.05430614766923;9.05430614766923;9.05430614766923;8.827125;15;2971.25624962939 * post_1 * CGSolver;2;0.26849635355165;10.4299822590247
12;10485.9560402319 * Precon + 3773.62621563013 * post_0 + -2660.63998052097 * cells_50 + -2282.41513721162 * cells_51 + 998.271051786689 * post_1 + 1045.01949888908 * SeqSOR + 11993.7004316624 * post_1 * pre_0 + -1435.02632604446 * cells_52 + -826.290665364382 * post_6 + -563.989220320632 * cells_53 + 6497.35813932186 * post_0 * pre_1 + 2821.33399607062 * post_1 * CGSolver + -562.50494570045 * GradientSolver;8.85079182781988;8.85079182781988;8.85079182781988;8.85079182781988;11.24557;16;-562.50494570045 * GradientSolver;1;0.203514319849349;10.0694810849243
Analyze finished
command: clean-sampling
command: clean-global
command: script ./learn_grammarBased_t3.a
command: log ./out_grammarBased_t3Predictions.log
