Current machine learning settings: epsilon:0 lossFunction:RELATIVE parallelization:True bagging:False baggingNumbers:3 considerEpsilonTube:False baggingTestDataFraction:50 useBackward:False abortError:1 limitFeatureSize:False featureSizeTreshold:4 quadraticFunctionSupport:True crossValidation:False crossValidation-k:5 learn-logFunction:False learn-accumulatedLogFunction:False learn-asymFunction:False learn-ratioFunction:False learn-mirrowedFunction:False learn-numeric-disabled:True numberOfRounds:70 backwardErrorDelta:1 minImprovementPerRound:0.1 withHierarchy:False bruteForceCandidates:False ignoreBadFeatures:False stopOnLongRound:True candidateSizePenalty:True learnTimeLimit:00:00:00 scoreMeasure:RELERROR outputRoundsToStdout:False debug:False pythonInfluenceAnalysis:False blacklisted: 
command: mlsettings bagging:False stopOnLongRound:False parallelization:True lossFunction:RELATIVE useBackward:False abortError:1 limitFeatureSize:False featureSizeTreshold:7 quadraticFunctionSupport:True crossValidation:False learn_logFunction:True numberOfRounds:70 backwardErrorDelta:1 minImprovementPerRound:0.25 withHierarchy:False
Current machine learning settings: epsilon:0 lossFunction:RELATIVE parallelization:True bagging:False baggingNumbers:3 considerEpsilonTube:False baggingTestDataFraction:50 useBackward:False abortError:1 limitFeatureSize:False featureSizeTreshold:7 quadraticFunctionSupport:True crossValidation:False crossValidation-k:5 learn-logFunction:True learn-accumulatedLogFunction:False learn-asymFunction:False learn-ratioFunction:False learn-mirrowedFunction:False learn-numeric-disabled:True numberOfRounds:70 backwardErrorDelta:1 minImprovementPerRound:0.25 withHierarchy:False bruteForceCandidates:False ignoreBadFeatures:False stopOnLongRound:False candidateSizePenalty:True learnTimeLimit:00:00:00 scoreMeasure:RELERROR outputRoundsToStdout:False debug:False pythonInfluenceAnalysis:False blacklisted: 
command: solver z3
command: vm /scratch/kallistos/Distance-Based_Data/SupplementaryWebsite/MeasuredPerformanceValues/BerkeleyDBC/FeatureModel.xml
Warning: Variability model contains outdated notation. Children nodes will no longer have effect on the model. Instead use the parent node to describe the parent of an configuration option. You can also use the converter providedby the Variability Model GUI in export>convert legacy model.
command: all /scratch/kallistos/Distance-Based_Data/SupplementaryWebsite/MeasuredPerformanceValues/BerkeleyDBC/measurements.xml
Configs with too large deviation: 0
2560 configurations loaded.
command: nfp Performance
command: setsampleset /scratch/kallistos/Distance-Based_Data/Results/BerkeleyDBC/BerkeleyDBC_80/sampledConfigurations_divDistBased_t3.csv
command: learn-splconqueror
Learning: NumberOfConfigurationsLearning:363 NumberOfConfigurationsValidation:363
Learning progress:
1;0.73784192273343 * PAGESIZE + 15.6877175240813 * HAVE_CRYPTO;107.05809444158;107.05809444158;107.05809444158;107.05809444158;0.037373;2;15.6877175240813 * HAVE_CRYPTO;1;590.711917006342;
2;0.737841922733434 * PAGESIZE + 18.8328671187826 * HAVE_CRYPTO + -16.9158045769069 * HAVE_CRYPTO * PS1K;59.328490351448;59.328490351448;59.328490351448;59.328490351448;0.136892;4;-16.9158045769069 * HAVE_CRYPTO * PS1K;2;23.8648020450662;
3;0.737841922733455 * PAGESIZE + 11.6568053656919 * HAVE_CRYPTO + -9.73974282381621 * HAVE_CRYPTO * PS1K + 25.8338223111264 * HAVE_CRYPTO * PS32K;37.2447816400189;37.2447816400189;37.2447816400189;37.2447816400189;0.292717;6;25.8338223111264 * HAVE_CRYPTO * PS32K;2;11.0418543557145;
4;0.607848190208004 * PAGESIZE + 11.7867990982174 * HAVE_CRYPTO + -9.73974282381626 * HAVE_CRYPTO * PS1K + 25.2067937189449 * HAVE_CRYPTO * PS32K + 0.627028592181447 * PS32K;31.5748338207738;31.5748338207738;31.5748338207738;31.5748338207738;0.527373;7;0.627028592181447 * PS32K;1;5.66994781924513;
5;0.607848190208026 * PAGESIZE + 7.88870525819297 * HAVE_CRYPTO + -5.84164898379194 * HAVE_CRYPTO * PS1K + 29.1048875589693 * HAVE_CRYPTO * PS32K + 0.627028592181479 * PS32K + 12.0020257706015 * HAVE_CRYPTO * PS16K;21.6061476893603;21.6061476893603;21.6061476893603;21.6061476893603;0.846402;9;12.0020257706015 * HAVE_CRYPTO * PS16K;2;4.98434306570674;
6;0.607848190208043 * PAGESIZE + 10.2366567471928 * HAVE_CRYPTO + -8.18960047279164 * HAVE_CRYPTO * PS1K + 26.7569360699695 * HAVE_CRYPTO * PS32K + 0.627028592181398 * PS32K + 9.65407428160152 * HAVE_CRYPTO * PS16K + -4.63720419077461 * HAVE_CRYPTO * PS4K;15.862320969855;15.862320969855;15.862320969855;15.862320969855;1.272001;11;-4.63720419077461 * HAVE_CRYPTO * PS4K;2;2.87191335975269;
7;0.522250012083467 * PAGESIZE + 10.3222549253174 * HAVE_CRYPTO + -8.1896004727917 * HAVE_CRYPTO * PS1K + 26.6713378918449 * HAVE_CRYPTO * PS32K + 0.712626770306059 * PS32K + 9.29511417978885 * HAVE_CRYPTO * PS16K + -4.63720419077465 * HAVE_CRYPTO * PS4K + 0.35896010181265 * PS16K;13.7045387365482;13.7045387365482;13.7045387365482;13.7045387365482;1.817472;12;0.35896010181265 * PS16K;1;2.1577822333068;
8;0.522250012083414 * PAGESIZE + 10.3222549253174 * HAVE_CRYPTO + -8.18960047279169 * HAVE_CRYPTO * PS1K + 26.4439832530788 * HAVE_CRYPTO * PS32K + 0.426446106124887 * PS32K + 9.29511417978891 * HAVE_CRYPTO * PS16K + -4.63720419077468 * HAVE_CRYPTO * PS4K + 0.358960101812693 * PS16K + 1.21626782276997 * PS32K * HAVE_HASH;10.46067330763;10.46067330763;10.46067330763;10.46067330763;2.504152;14;1.21626782276997 * PS32K * HAVE_HASH;2;1.62193271445905;
9;0.522250012083455 * PAGESIZE + 10.3222549253174 * HAVE_CRYPTO + -8.18960047279168 * HAVE_CRYPTO * PS1K + 26.4439832530788 * HAVE_CRYPTO * PS32K + 0.426446106124844 * PS32K + 9.26145689844332 * HAVE_CRYPTO * PS16K + -4.63720419077467 * HAVE_CRYPTO * PS4K + -0.0247329055279595 * PS16K + 1.21626782276991 * PS32K * HAVE_HASH + 0.991206935629863 * PS16K * HAVE_HASH;8.86840366708338;8.86840366708338;8.86840366708338;8.86840366708338;3.359487;16;0.991206935629863 * PS16K * HAVE_HASH;2;0.79613482027333;
10;0.522250012083475 * PAGESIZE + 10.3222549253173 * HAVE_CRYPTO + -7.57283611403901 * HAVE_CRYPTO * PS1K + 26.4439832530788 * HAVE_CRYPTO * PS32K + 0.426446106124851 * PS32K + 9.26145689844322 * HAVE_CRYPTO * PS16K + -4.63720419077463 * HAVE_CRYPTO * PS4K + -0.02473290552797 * PS16K + 1.2162678227699 * PS32K * HAVE_HASH + 0.991206935629858 * PS16K * HAVE_HASH + -1.2010674354657 * HAVE_CRYPTO * PS1K * HAVE_HASH;6.53509411336967;6.53509411336967;6.53509411336967;6.53509411336967;4.386232;19;-1.2010674354657 * HAVE_CRYPTO * PS1K * HAVE_HASH;3;0.777769851237903;
11;0.522250012083433 * PAGESIZE + 10.3222549253173 * HAVE_CRYPTO + -7.57283611403901 * HAVE_CRYPTO * PS1K + 26.4439832530788 * HAVE_CRYPTO * PS32K + 0.426446106124863 * PS32K + 9.00521941027424 * HAVE_CRYPTO * PS16K + -4.63720419077461 * HAVE_CRYPTO * PS4K + 0.112760380806752 * PS16K + 1.21626782276994 * PS32K * HAVE_HASH + 0.636015945932217 * PS16K * HAVE_HASH + -1.2010674354657 * HAVE_CRYPTO * PS1K * HAVE_HASH + 0.637208469054414 * PS16K * HAVE_HASH * HAVE_CRYPTO;4.91133321638867;4.91133321638867;4.91133321638867;4.91133321638867;5.632605;22;0.637208469054414 * PS16K * HAVE_HASH * HAVE_CRYPTO;3;0.541253632327001;
12;0.522250012083457 * PAGESIZE + 10.3222549253174 * HAVE_CRYPTO + -7.57283611403897 * HAVE_CRYPTO * PS1K + 26.4439832530788 * HAVE_CRYPTO * PS32K + 0.426446106124839 * PS32K + 9.00521941027426 * HAVE_CRYPTO * PS16K + -4.31492449266714 * HAVE_CRYPTO * PS4K + 0.11276038080665 * PS16K + 1.21626782276994 * PS32K * HAVE_HASH + 0.636015945932223 * PS16K * HAVE_HASH + -1.20106743546575 * HAVE_CRYPTO * PS1K * HAVE_HASH + 0.637208469054326 * PS16K * HAVE_HASH * HAVE_CRYPTO + -0.678483574963081 * HAVE_CRYPTO * PS4K * HAVE_HASH;4.32553690386591;4.32553690386591;4.32553690386591;4.32553690386591;7.113924;25;-0.678483574963081 * HAVE_CRYPTO * PS4K * HAVE_HASH;3;0.195265437507588;
Elapsed=00:00:07.1194115
average model: 
command: analyze-learning
Round, Model, LearningError, LearningErrorRel, ValidationError, ValidationErrorRel, ElapsedSeconds, ModelComplexity, BestCandidate, BestCandidateSize, BestCandidateScore, TestError
Models:
Termination reason: minImprovementPerRound
1;0.73784192273343 * PAGESIZE + 15.6877175240813 * HAVE_CRYPTO;107.05809444158;107.05809444158;107.05809444158;107.05809444158;0.037373;2;15.6877175240813 * HAVE_CRYPTO;1;590.711917006342;106.005015139271
2;0.737841922733434 * PAGESIZE + 18.8328671187826 * HAVE_CRYPTO + -16.9158045769069 * HAVE_CRYPTO * PS1K;59.328490351448;59.328490351448;59.328490351448;59.328490351448;0.136892;4;-16.9158045769069 * HAVE_CRYPTO * PS1K;2;23.8648020450662;58.8451641727809
3;0.737841922733455 * PAGESIZE + 11.6568053656919 * HAVE_CRYPTO + -9.73974282381621 * HAVE_CRYPTO * PS1K + 25.8338223111264 * HAVE_CRYPTO * PS32K;37.2447816400189;37.2447816400189;37.2447816400189;37.2447816400189;0.292717;6;25.8338223111264 * HAVE_CRYPTO * PS32K;2;11.0418543557145;39.3283287469042
4;0.607848190208004 * PAGESIZE + 11.7867990982174 * HAVE_CRYPTO + -9.73974282381626 * HAVE_CRYPTO * PS1K + 25.2067937189449 * HAVE_CRYPTO * PS32K + 0.627028592181447 * PS32K;31.5748338207738;31.5748338207738;31.5748338207738;31.5748338207738;0.527373;7;0.627028592181447 * PS32K;1;5.66994781924513;32.7592207457681
5;0.607848190208026 * PAGESIZE + 7.88870525819297 * HAVE_CRYPTO + -5.84164898379194 * HAVE_CRYPTO * PS1K + 29.1048875589693 * HAVE_CRYPTO * PS32K + 0.627028592181479 * PS32K + 12.0020257706015 * HAVE_CRYPTO * PS16K;21.6061476893603;21.6061476893603;21.6061476893603;21.6061476893603;0.846402;9;12.0020257706015 * HAVE_CRYPTO * PS16K;2;4.98434306570674;23.4695053103067
6;0.607848190208043 * PAGESIZE + 10.2366567471928 * HAVE_CRYPTO + -8.18960047279164 * HAVE_CRYPTO * PS1K + 26.7569360699695 * HAVE_CRYPTO * PS32K + 0.627028592181398 * PS32K + 9.65407428160152 * HAVE_CRYPTO * PS16K + -4.63720419077461 * HAVE_CRYPTO * PS4K;15.862320969855;15.862320969855;15.862320969855;15.862320969855;1.272001;11;-4.63720419077461 * HAVE_CRYPTO * PS4K;2;2.87191335975269;18.1758045721636
7;0.522250012083467 * PAGESIZE + 10.3222549253174 * HAVE_CRYPTO + -8.1896004727917 * HAVE_CRYPTO * PS1K + 26.6713378918449 * HAVE_CRYPTO * PS32K + 0.712626770306059 * PS32K + 9.29511417978885 * HAVE_CRYPTO * PS16K + -4.63720419077465 * HAVE_CRYPTO * PS4K + 0.35896010181265 * PS16K;13.7045387365482;13.7045387365482;13.7045387365482;13.7045387365482;1.817472;12;0.35896010181265 * PS16K;1;2.1577822333068;15.4403277819562
8;0.522250012083414 * PAGESIZE + 10.3222549253174 * HAVE_CRYPTO + -8.18960047279169 * HAVE_CRYPTO * PS1K + 26.4439832530788 * HAVE_CRYPTO * PS32K + 0.426446106124887 * PS32K + 9.29511417978891 * HAVE_CRYPTO * PS16K + -4.63720419077468 * HAVE_CRYPTO * PS4K + 0.358960101812693 * PS16K + 1.21626782276997 * PS32K * HAVE_HASH;10.46067330763;10.46067330763;10.46067330763;10.46067330763;2.504152;14;1.21626782276997 * PS32K * HAVE_HASH;2;1.62193271445905;11.754254079102
9;0.522250012083455 * PAGESIZE + 10.3222549253174 * HAVE_CRYPTO + -8.18960047279168 * HAVE_CRYPTO * PS1K + 26.4439832530788 * HAVE_CRYPTO * PS32K + 0.426446106124844 * PS32K + 9.26145689844332 * HAVE_CRYPTO * PS16K + -4.63720419077467 * HAVE_CRYPTO * PS4K + -0.0247329055279595 * PS16K + 1.21626782276991 * PS32K * HAVE_HASH + 0.991206935629863 * PS16K * HAVE_HASH;8.86840366708338;8.86840366708338;8.86840366708338;8.86840366708338;3.359487;16;0.991206935629863 * PS16K * HAVE_HASH;2;0.79613482027333;10.014718092005
10;0.522250012083475 * PAGESIZE + 10.3222549253173 * HAVE_CRYPTO + -7.57283611403901 * HAVE_CRYPTO * PS1K + 26.4439832530788 * HAVE_CRYPTO * PS32K + 0.426446106124851 * PS32K + 9.26145689844322 * HAVE_CRYPTO * PS16K + -4.63720419077463 * HAVE_CRYPTO * PS4K + -0.02473290552797 * PS16K + 1.2162678227699 * PS32K * HAVE_HASH + 0.991206935629858 * PS16K * HAVE_HASH + -1.2010674354657 * HAVE_CRYPTO * PS1K * HAVE_HASH;6.53509411336967;6.53509411336967;6.53509411336967;6.53509411336967;4.386232;19;-1.2010674354657 * HAVE_CRYPTO * PS1K * HAVE_HASH;3;0.777769851237903;7.7297412414287
11;0.522250012083433 * PAGESIZE + 10.3222549253173 * HAVE_CRYPTO + -7.57283611403901 * HAVE_CRYPTO * PS1K + 26.4439832530788 * HAVE_CRYPTO * PS32K + 0.426446106124863 * PS32K + 9.00521941027424 * HAVE_CRYPTO * PS16K + -4.63720419077461 * HAVE_CRYPTO * PS4K + 0.112760380806752 * PS16K + 1.21626782276994 * PS32K * HAVE_HASH + 0.636015945932217 * PS16K * HAVE_HASH + -1.2010674354657 * HAVE_CRYPTO * PS1K * HAVE_HASH + 0.637208469054414 * PS16K * HAVE_HASH * HAVE_CRYPTO;4.91133321638867;4.91133321638867;4.91133321638867;4.91133321638867;5.632605;22;0.637208469054414 * PS16K * HAVE_HASH * HAVE_CRYPTO;3;0.541253632327001;5.86009485264355
12;0.522250012083457 * PAGESIZE + 10.3222549253174 * HAVE_CRYPTO + -7.57283611403897 * HAVE_CRYPTO * PS1K + 26.4439832530788 * HAVE_CRYPTO * PS32K + 0.426446106124839 * PS32K + 9.00521941027426 * HAVE_CRYPTO * PS16K + -4.31492449266714 * HAVE_CRYPTO * PS4K + 0.11276038080665 * PS16K + 1.21626782276994 * PS32K * HAVE_HASH + 0.636015945932223 * PS16K * HAVE_HASH + -1.20106743546575 * HAVE_CRYPTO * PS1K * HAVE_HASH + 0.637208469054326 * PS16K * HAVE_HASH * HAVE_CRYPTO + -0.678483574963081 * HAVE_CRYPTO * PS4K * HAVE_HASH;4.32553690386591;4.32553690386591;4.32553690386591;4.32553690386591;7.113924;25;-0.678483574963081 * HAVE_CRYPTO * PS4K * HAVE_HASH;3;0.195265437507588;5.32740582101765
Analyze finished
command: clean-sampling
command: clean-global
