8305 - OpenCL, Linear2D, LocalMemory, bs_64x2, padding_64, pixelPerThread_2
9278 - OpenCL, Array2D, bs_128x8, padding_224, pixelPerThread_3
13443 - OpenCL, Ldg, LocalMemory, bs_128x2, padding_352, pixelPerThread_4
24986 - CUDA, Array2D, LocalMemory, bs_128x8, padding_224, pixelPerThread_3
6578 - OpenCL, Linear2D, bs_512x1, padding_384, pixelPerThread_3
14025 - OpenCL, Ldg, LocalMemory, bs_64x2, padding_128, pixelPerThread_2
24070 - CUDA, Array2D, bs_64x2, padding_512, pixelPerThread_3
8310 - OpenCL, Linear2D, LocalMemory, bs_64x2, padding_96, pixelPerThread_3
12753 - OpenCL, Ldg, bs_256x1, padding_288, pixelPerThread_2
13565 - OpenCL, Ldg, LocalMemory, bs_128x8, padding_256, pixelPerThread_2
7318 - OpenCL, Linear2D, LocalMemory, bs_32x16, padding_320, pixelPerThread_3
13340 - OpenCL, Ldg, LocalMemory, bs_128x1, padding_96, pixelPerThread_1
16478 - CUDA, LocalMemory, bs_256x4, padding_160, pixelPerThread_3
6568 - OpenCL, Linear2D, bs_512x1, padding_320, pixelPerThread_1
8520 - OpenCL, Linear2D, LocalMemory, bs_256x2, padding_160, pixelPerThread_1
10901 - OpenCL, Array2D, LocalMemory, bs_512x2, padding_160, pixelPerThread_2
25438 - CUDA, Array2D, LocalMemory, bs_64x2, padding_32, pixelPerThread_3
9326 - OpenCL, Array2D, bs_256x4, padding_64, pixelPerThread_3
7024 - OpenCL, Linear2D, bs_256x1, padding_160, pixelPerThread_1
22127 - CUDA, Linear2D, LocalMemory, bs_128x8, padding_192, pixelPerThread_4
6091 - OpenCL, Linear2D, bs_64x4, padding_288, pixelPerThread_4
22234 - CUDA, Linear2D, LocalMemory, bs_256x4, padding_512, pixelPerThread_3
9823 - OpenCL, Array2D, bs_64x8, padding_224, pixelPerThread_4
14117 - OpenCL, Ldg, LocalMemory, bs_64x8, padding_320, pixelPerThread_2
10424 - OpenCL, Array2D, LocalMemory, bs_64x16, padding_160, pixelPerThread_1
13062 - OpenCL, Ldg, LocalMemory, bs_32x32, padding_32, pixelPerThread_3
13169 - OpenCL, Ldg, LocalMemory, bs_64x1, padding_352, pixelPerThread_2
10572 - OpenCL, Array2D, LocalMemory, bs_128x2, padding_256, pixelPerThread_1
16687 - CUDA, LocalMemory, bs_1024x1, padding_192, pixelPerThread_4
5304 - OpenCL, Linear1D, LocalMemory, bs_32x2, padding_0, pixelPerThread_1
25541 - CUDA, Array2D, LocalMemory, bs_64x8, padding_320, pixelPerThread_2
8409 - OpenCL, Linear2D, LocalMemory, bs_64x8, padding_352, pixelPerThread_2
12168 - OpenCL, Ldg, bs_128x8, padding_512, pixelPerThread_1
8394 - OpenCL, Linear2D, LocalMemory, bs_64x8, padding_224, pixelPerThread_3
24247 - CUDA, Array2D, bs_256x2, padding_288, pixelPerThread_4
23003 - CUDA, Array2D, bs_32x16, padding_128, pixelPerThread_4
12894 - OpenCL, Ldg, LocalMemory, bs_32x1, padding_320, pixelPerThread_3
23068 - CUDA, Array2D, bs_32x32, padding_128, pixelPerThread_1
12180 - OpenCL, Ldg, bs_256x4, padding_64, pixelPerThread_1
7828 - OpenCL, Linear2D, LocalMemory, bs_128x8, padding_64, pixelPerThread_1
10895 - OpenCL, Array2D, LocalMemory, bs_512x2, padding_96, pixelPerThread_4
5641 - OpenCL, Linear1D, LocalMemory, bs_256x1, padding_512, pixelPerThread_2
6066 - OpenCL, Linear2D, bs_64x4, padding_96, pixelPerThread_3
2889 - OpenCL, Linear1D, bs_32x1, padding_256, pixelPerThread_2
3262 - OpenCL, Linear1D, bs_64x4, padding_512, pixelPerThread_3
6362 - OpenCL, Linear2D, bs_128x4, padding_288, pixelPerThread_3
8548 - OpenCL, Linear2D, LocalMemory, bs_256x2, padding_384, pixelPerThread_1
11879 - OpenCL, Ldg, bs_64x16, padding_352, pixelPerThread_4
13165 - OpenCL, Ldg, LocalMemory, bs_64x1, padding_320, pixelPerThread_2
23203 - CUDA, Array2D, bs_64x4, padding_96, pixelPerThread_4
5722 - OpenCL, Linear2D, bs_32x1, padding_64, pixelPerThread_3
2401 - OpenCL, LocalMemory, bs_1024x1, padding_160, pixelPerThread_2
3023 - OpenCL, Linear1D, bs_32x16, padding_224, pixelPerThread_4
22174 - CUDA, Linear2D, LocalMemory, bs_256x4, padding_32, pixelPerThread_3
24380 - CUDA, Array2D, LocalMemory, bs_32x8, padding_288, pixelPerThread_1
8522 - OpenCL, Linear2D, LocalMemory, bs_256x2, padding_160, pixelPerThread_3
2916 - OpenCL, Linear1D, bs_32x1, padding_480, pixelPerThread_1
22347 - CUDA, Linear2D, LocalMemory, bs_512x2, padding_320, pixelPerThread_4
24352 - CUDA, Array2D, LocalMemory, bs_32x8, padding_64, pixelPerThread_1
23844 - CUDA, Array2D, bs_1024x1, padding_352, pixelPerThread_1
14161 - OpenCL, Ldg, LocalMemory, bs_256x1, padding_128, pixelPerThread_2
2327 - OpenCL, LocalMemory, bs_512x2, padding_96, pixelPerThread_4
13312 - OpenCL, Ldg, LocalMemory, bs_64x16, padding_416, pixelPerThread_1
7569 - OpenCL, Linear2D, LocalMemory, bs_64x16, padding_160, pixelPerThread_2
24524 - CUDA, Array2D, LocalMemory, bs_32x32, padding_352, pixelPerThread_1
25002 - CUDA, Array2D, LocalMemory, bs_128x8, padding_352, pixelPerThread_3
6458 - OpenCL, Linear2D, bs_128x8, padding_512, pixelPerThread_3
4805 - OpenCL, Linear1D, LocalMemory, bs_128x1, padding_352, pixelPerThread_2
12636 - OpenCL, Ldg, bs_64x2, padding_448, pixelPerThread_1
6177 - OpenCL, Linear2D, bs_64x16, padding_448, pixelPerThread_2
9475 - OpenCL, Array2D, bs_512x2, padding_160, pixelPerThread_4
10569 - OpenCL, Array2D, LocalMemory, bs_128x2, padding_224, pixelPerThread_2
13263 - OpenCL, Ldg, LocalMemory, bs_64x16, padding_0, pixelPerThread_4
13487 - OpenCL, Ldg, LocalMemory, bs_128x4, padding_160, pixelPerThread_4
6076 - OpenCL, Linear2D, bs_64x4, padding_192, pixelPerThread_1
11491 - OpenCL, Ldg, bs_32x1, padding_512, pixelPerThread_4
19454 - CUDA, Linear1D, LocalMemory, bs_512x2, padding_32, pixelPerThread_3
8557 - OpenCL, Linear2D, LocalMemory, bs_256x2, padding_448, pixelPerThread_2
8365 - OpenCL, Linear2D, LocalMemory, bs_64x8, padding_0, pixelPerThread_2
11771 - OpenCL, Ldg, bs_64x4, padding_32, pixelPerThread_4
3394 - OpenCL, Linear1D, bs_128x1, padding_480, pixelPerThread_3
9603 - OpenCL, Array2D, bs_32x2, padding_96, pixelPerThread_4
24799 - CUDA, Array2D, LocalMemory, bs_128x1, padding_352, pixelPerThread_4
10911 - OpenCL, Array2D, LocalMemory, bs_512x2, padding_224, pixelPerThread_4
13506 - OpenCL, Ldg, LocalMemory, bs_128x4, padding_320, pixelPerThread_3
22315 - CUDA, Linear2D, LocalMemory, bs_512x2, padding_64, pixelPerThread_4
12557 - OpenCL, Ldg, bs_32x4, padding_352, pixelPerThread_2
9224 - OpenCL, Array2D, bs_128x4, padding_352, pixelPerThread_1
14099 - OpenCL, Ldg, LocalMemory, bs_64x8, padding_160, pixelPerThread_4
12539 - OpenCL, Ldg, bs_32x4, padding_192, pixelPerThread_4
4783 - OpenCL, Linear1D, LocalMemory, bs_128x1, padding_160, pixelPerThread_4
10265 - OpenCL, Array2D, LocalMemory, bs_32x32, padding_512, pixelPerThread_2
10102 - OpenCL, Array2D, LocalMemory, bs_32x8, padding_288, pixelPerThread_3
5070 - OpenCL, Linear1D, LocalMemory, bs_256x4, padding_288, pixelPerThread_3
13694 - OpenCL, Ldg, LocalMemory, bs_512x1, padding_192, pixelPerThread_3
10545 - OpenCL, Array2D, LocalMemory, bs_128x2, padding_32, pixelPerThread_2
3063 - OpenCL, Linear1D, bs_32x32, padding_0, pixelPerThread_4
8148 - OpenCL, Linear2D, LocalMemory, bs_1024x1, padding_448, pixelPerThread_1
8732 - OpenCL, Array2D, bs_32x16, padding_224, pixelPerThread_1
13546 - OpenCL, Ldg, LocalMemory, bs_128x8, padding_96, pixelPerThread_3
19307 - CUDA, Linear1D, LocalMemory, bs_128x8, padding_480, pixelPerThread_4
15943 - CUDA, LocalMemory, bs_32x32, padding_224, pixelPerThread_4
8534 - OpenCL, Linear2D, LocalMemory, bs_256x2, padding_256, pixelPerThread_3
8850 - OpenCL, Array2D, bs_64x1, padding_64, pixelPerThread_3
6548 - OpenCL, Linear2D, bs_512x1, padding_160, pixelPerThread_1
10071 - OpenCL, Array2D, LocalMemory, bs_32x8, padding_32, pixelPerThread_4
13457 - OpenCL, Ldg, LocalMemory, bs_128x2, padding_480, pixelPerThread_2
6916 - OpenCL, Linear2D, bs_64x2, padding_384, pixelPerThread_1
7486 - OpenCL, Linear2D, LocalMemory, bs_64x4, padding_32, pixelPerThread_3
24090 - CUDA, Array2D, bs_64x8, padding_128, pixelPerThread_3
2878 - OpenCL, Linear1D, bs_32x1, padding_160, pixelPerThread_3
4390 - OpenCL, Linear1D, LocalMemory, bs_32x8, padding_288, pixelPerThread_3
8143 - OpenCL, Linear2D, LocalMemory, bs_1024x1, padding_384, pixelPerThread_4
22882 - CUDA, Array2D, bs_32x1, padding_256, pixelPerThread_3
14186 - OpenCL, Ldg, LocalMemory, bs_256x1, padding_320, pixelPerThread_3
6224 - OpenCL, Linear2D, bs_128x1, padding_288, pixelPerThread_1
10237 - OpenCL, Array2D, LocalMemory, bs_32x32, padding_288, pixelPerThread_2
6846 - OpenCL, Linear2D, bs_32x4, padding_352, pixelPerThread_3
7146 - OpenCL, Linear2D, LocalMemory, bs_32x1, padding_32, pixelPerThread_3
11313 - OpenCL, Array2D, LocalMemory, bs_256x1, padding_192, pixelPerThread_2
4452 - OpenCL, Linear1D, LocalMemory, bs_32x16, padding_256, pixelPerThread_1
14232 - OpenCL, Ldg, LocalMemory, bs_256x2, padding_160, pixelPerThread_1
22338 - CUDA, Linear2D, LocalMemory, bs_512x2, padding_256, pixelPerThread_3
10382 - OpenCL, Array2D, LocalMemory, bs_64x4, padding_352, pixelPerThread_3
6060 - OpenCL, Linear2D, bs_64x4, padding_64, pixelPerThread_1
23777 - CUDA, Array2D, bs_512x2, padding_352, pixelPerThread_2
13634 - OpenCL, Ldg, LocalMemory, bs_256x4, padding_256, pixelPerThread_3
4124 - OpenCL, Linear1D, bs_64x8, padding_352, pixelPerThread_1
18818 - CUDA, Linear1D, LocalMemory, bs_32x32, padding_384, pixelPerThread_3
9002 - OpenCL, Array2D, bs_64x16, padding_192, pixelPerThread_3
3669 - OpenCL, Linear1D, bs_256x4, padding_512, pixelPerThread_2
23027 - CUDA, Array2D, bs_32x16, padding_320, pixelPerThread_4
23400 - CUDA, Array2D, bs_128x2, padding_64, pixelPerThread_1
7374 - OpenCL, Linear2D, LocalMemory, bs_32x32, padding_224, pixelPerThread_3
27831 - CUDA, Ldg, LocalMemory, bs_128x8, padding_128, pixelPerThread_4
25239 - CUDA, Array2D, LocalMemory, bs_1024x1, padding_64, pixelPerThread_4
4015 - OpenCL, Linear1D, bs_64x2, padding_0, pixelPerThread_4
8735 - OpenCL, Array2D, bs_32x16, padding_224, pixelPerThread_4
12803 - OpenCL, Ldg, bs_256x2, padding_128, pixelPerThread_4
12977 - OpenCL, Ldg, LocalMemory, bs_32x8, padding_448, pixelPerThread_2
11588 - OpenCL, Ldg, bs_32x16, padding_224, pixelPerThread_1
5691 - OpenCL, Linear1D, LocalMemory, bs_256x2, padding_352, pixelPerThread_4
6019 - OpenCL, Linear2D, bs_64x1, padding_256, pixelPerThread_4
6327 - OpenCL, Linear2D, bs_128x4, padding_0, pixelPerThread_4
13736 - OpenCL, Ldg, LocalMemory, bs_512x2, padding_0, pixelPerThread_1
6860 - OpenCL, Linear2D, bs_32x4, padding_480, pixelPerThread_1
8579 - OpenCL, Array2D, bs_32x1, padding_64, pixelPerThread_4
13081 - OpenCL, Ldg, LocalMemory, bs_32x32, padding_192, pixelPerThread_2
25521 - CUDA, Array2D, LocalMemory, bs_64x8, padding_160, pixelPerThread_2
7398 - OpenCL, Linear2D, LocalMemory, bs_32x32, padding_416, pixelPerThread_3
3477 - OpenCL, Linear1D, bs_128x4, padding_64, pixelPerThread_2
3157 - OpenCL, Linear1D, bs_64x1, padding_224, pixelPerThread_2
13888 - OpenCL, Ldg, LocalMemory, bs_32x2, padding_128, pixelPerThread_1
25168 - CUDA, Array2D, LocalMemory, bs_512x2, padding_64, pixelPerThread_1
22403 - CUDA, Linear2D, LocalMemory, bs_1024x1, padding_224, pixelPerThread_4
2900 - OpenCL, Linear1D, bs_32x1, padding_352, pixelPerThread_1
5136 - OpenCL, Linear1D, LocalMemory, bs_512x1, padding_288, pixelPerThread_1
5419 - OpenCL, Linear1D, LocalMemory, bs_32x4, padding_352, pixelPerThread_4
6832 - OpenCL, Linear2D, bs_32x4, padding_256, pixelPerThread_1
10286 - OpenCL, Array2D, LocalMemory, bs_64x1, padding_128, pixelPerThread_3
8310 - OpenCL, Linear2D, LocalMemory, bs_64x2, padding_96, pixelPerThread_3
24161 - CUDA, Array2D, bs_256x1, padding_160, pixelPerThread_2
22198 - CUDA, Linear2D, LocalMemory, bs_256x4, padding_224, pixelPerThread_3
7839 - OpenCL, Linear2D, LocalMemory, bs_128x8, padding_128, pixelPerThread_4
11631 - OpenCL, Ldg, bs_32x32, padding_0, pixelPerThread_4
4136 - OpenCL, Linear1D, bs_64x8, padding_448, pixelPerThread_1
13466 - OpenCL, Ldg, LocalMemory, bs_128x4, padding_0, pixelPerThread_3
14148 - OpenCL, Ldg, LocalMemory, bs_256x1, padding_32, pixelPerThread_1
11847 - OpenCL, Ldg, bs_64x16, padding_96, pixelPerThread_4
3118 - OpenCL, Linear1D, bs_32x32, padding_448, pixelPerThread_3
3729 - OpenCL, Linear1D, bs_512x1, padding_448, pixelPerThread_2
8316 - OpenCL, Linear2D, LocalMemory, bs_64x2, padding_160, pixelPerThread_1
4771 - OpenCL, Linear1D, LocalMemory, bs_128x1, padding_64, pixelPerThread_4
5814 - OpenCL, Linear2D, bs_32x8, padding_256, pixelPerThread_3
25184 - CUDA, Array2D, LocalMemory, bs_512x2, padding_192, pixelPerThread_1
3820 - OpenCL, Linear1D, bs_1024x1, padding_96, pixelPerThread_1
13641 - OpenCL, Ldg, LocalMemory, bs_256x4, padding_320, pixelPerThread_2
3438 - OpenCL, Linear1D, bs_128x2, padding_288, pixelPerThread_3
6048 - OpenCL, Linear2D, bs_64x1, padding_512, pixelPerThread_1
13536 - OpenCL, Ldg, LocalMemory, bs_128x8, padding_32, pixelPerThread_1
7683 - OpenCL, Linear2D, LocalMemory, bs_128x1, padding_512, pixelPerThread_4
8984 - OpenCL, Array2D, bs_64x16, padding_64, pixelPerThread_1
9691 - OpenCL, Array2D, bs_32x4, padding_256, pixelPerThread_4
12177 - OpenCL, Ldg, bs_256x4, padding_32, pixelPerThread_2
9428 - OpenCL, Array2D, bs_512x1, padding_352, pixelPerThread_1
3807 - OpenCL, Linear1D, bs_512x2, padding_512, pixelPerThread_4
5192 - OpenCL, Linear1D, LocalMemory, bs_512x2, padding_192, pixelPerThread_1
10993 - OpenCL, Array2D, LocalMemory, bs_1024x1, padding_352, pixelPerThread_2
10468 - OpenCL, Array2D, LocalMemory, bs_64x16, padding_512, pixelPerThread_1
12776 - OpenCL, Ldg, bs_256x1, padding_480, pixelPerThread_1
13889 - OpenCL, Ldg, LocalMemory, bs_32x2, padding_128, pixelPerThread_2
25662 - CUDA, Array2D, LocalMemory, bs_256x2, padding_192, pixelPerThread_3
22971 - CUDA, Array2D, bs_32x8, padding_416, pixelPerThread_4
13881 - OpenCL, Ldg, LocalMemory, bs_32x2, padding_64, pixelPerThread_2
7811 - OpenCL, Linear2D, LocalMemory, bs_128x4, padding_448, pixelPerThread_4
13337 - OpenCL, Ldg, LocalMemory, bs_128x1, padding_64, pixelPerThread_2
9948 - OpenCL, Array2D, bs_256x2, padding_160, pixelPerThread_1
27558 - CUDA, Ldg, LocalMemory, bs_64x16, padding_128, pixelPerThread_3
16661 - CUDA, LocalMemory, bs_1024x1, padding_0, pixelPerThread_2
7512 - OpenCL, Linear2D, LocalMemory, bs_64x4, padding_256, pixelPerThread_1
8160 - OpenCL, Linear2D, LocalMemory, bs_32x2, padding_0, pixelPerThread_1
25012 - CUDA, Array2D, LocalMemory, bs_128x8, padding_448, pixelPerThread_1
5181 - OpenCL, Linear1D, LocalMemory, bs_512x2, padding_96, pixelPerThread_2
7735 - OpenCL, Linear2D, LocalMemory, bs_128x2, padding_384, pixelPerThread_4
12461 - OpenCL, Ldg, bs_32x2, padding_128, pixelPerThread_2
8100 - OpenCL, Linear2D, LocalMemory, bs_1024x1, padding_64, pixelPerThread_1
4164 - OpenCL, Linear1D, bs_256x1, padding_128, pixelPerThread_1
24699 - CUDA, Array2D, LocalMemory, bs_64x16, padding_96, pixelPerThread_4
6661 - OpenCL, Linear2D, bs_512x2, padding_512, pixelPerThread_2
3172 - OpenCL, Linear1D, bs_64x1, padding_352, pixelPerThread_1
4237 - OpenCL, Linear1D, bs_256x2, padding_160, pixelPerThread_2
24602 - CUDA, Array2D, LocalMemory, bs_64x1, padding_416, pixelPerThread_3
7190 - OpenCL, Linear2D, LocalMemory, bs_32x1, padding_384, pixelPerThread_3
4017 - OpenCL, Linear1D, bs_64x2, padding_32, pixelPerThread_2
25473 - CUDA, Array2D, LocalMemory, bs_64x2, padding_320, pixelPerThread_2
23279 - CUDA, Array2D, bs_64x16, padding_160, pixelPerThread_4
10867 - OpenCL, Array2D, LocalMemory, bs_512x1, padding_416, pixelPerThread_4
23465 - CUDA, Array2D, bs_128x4, padding_32, pixelPerThread_2
25652 - CUDA, Array2D, LocalMemory, bs_256x2, padding_128, pixelPerThread_1
9549 - OpenCL, Array2D, bs_1024x1, padding_224, pixelPerThread_2
6304 - OpenCL, Linear2D, bs_128x2, padding_384, pixelPerThread_1
8076 - OpenCL, Linear2D, LocalMemory, bs_512x2, padding_416, pixelPerThread_1
2912 - OpenCL, Linear1D, bs_32x1, padding_448, pixelPerThread_1
24472 - CUDA, Array2D, LocalMemory, bs_32x16, padding_480, pixelPerThread_1
4987 - OpenCL, Linear1D, LocalMemory, bs_128x8, padding_160, pixelPerThread_4
13889 - OpenCL, Ldg, LocalMemory, bs_32x2, padding_128, pixelPerThread_2
11693 - OpenCL, Ldg, bs_32x32, padding_512, pixelPerThread_2
22904 - CUDA, Array2D, bs_32x1, padding_448, pixelPerThread_1
6428 - OpenCL, Linear2D, bs_128x8, padding_288, pixelPerThread_1
10395 - OpenCL, Array2D, LocalMemory, bs_64x4, padding_448, pixelPerThread_4
9747 - OpenCL, Array2D, bs_64x2, padding_160, pixelPerThread_4
6416 - OpenCL, Linear2D, bs_128x8, padding_192, pixelPerThread_1
10660 - OpenCL, Array2D, LocalMemory, bs_128x4, padding_416, pixelPerThread_1
22899 - CUDA, Array2D, bs_32x1, padding_384, pixelPerThread_4
11838 - OpenCL, Ldg, bs_64x16, padding_32, pixelPerThread_3
25428 - CUDA, Array2D, LocalMemory, bs_32x4, padding_512, pixelPerThread_1
6024 - OpenCL, Linear2D, bs_64x1, padding_320, pixelPerThread_1
9624 - OpenCL, Array2D, bs_32x2, padding_288, pixelPerThread_1
10461 - OpenCL, Array2D, LocalMemory, bs_64x16, padding_448, pixelPerThread_2
25647 - CUDA, Array2D, LocalMemory, bs_256x2, padding_64, pixelPerThread_4
4285 - OpenCL, Linear1D, LocalMemory, bs_32x1, padding_0, pixelPerThread_2
5070 - OpenCL, Linear1D, LocalMemory, bs_256x4, padding_288, pixelPerThread_3
6227 - OpenCL, Linear2D, bs_128x1, padding_288, pixelPerThread_4
19270 - CUDA, Linear1D, LocalMemory, bs_128x8, padding_192, pixelPerThread_3
4699 - OpenCL, Linear1D, LocalMemory, bs_64x16, padding_32, pixelPerThread_4
9390 - OpenCL, Array2D, bs_512x1, padding_32, pixelPerThread_3
24224 - CUDA, Array2D, bs_256x2, padding_128, pixelPerThread_1
11772 - OpenCL, Ldg, bs_64x4, padding_64, pixelPerThread_1
25562 - CUDA, Array2D, LocalMemory, bs_64x8, padding_480, pixelPerThread_3
8304 - OpenCL, Linear2D, LocalMemory, bs_64x2, padding_64, pixelPerThread_1
25619 - CUDA, Array2D, LocalMemory, bs_256x1, padding_384, pixelPerThread_4
3994 - OpenCL, Linear1D, bs_32x4, padding_384, pixelPerThread_3
8119 - OpenCL, Linear2D, LocalMemory, bs_1024x1, padding_192, pixelPerThread_4
4264 - OpenCL, Linear1D, bs_256x2, padding_384, pixelPerThread_1
4740 - OpenCL, Linear1D, LocalMemory, bs_64x16, padding_384, pixelPerThread_1
12775 - OpenCL, Ldg, bs_256x1, padding_448, pixelPerThread_4
25519 - CUDA, Array2D, LocalMemory, bs_64x8, padding_128, pixelPerThread_4
10554 - OpenCL, Array2D, LocalMemory, bs_128x2, padding_96, pixelPerThread_3
11280 - OpenCL, Array2D, LocalMemory, bs_64x8, padding_480, pixelPerThread_1
5048 - OpenCL, Linear1D, LocalMemory, bs_256x4, padding_128, pixelPerThread_1
13314 - OpenCL, Ldg, LocalMemory, bs_64x16, padding_416, pixelPerThread_3
10751 - OpenCL, Array2D, LocalMemory, bs_256x4, padding_32, pixelPerThread_4
13658 - OpenCL, Ldg, LocalMemory, bs_256x4, padding_448, pixelPerThread_3
7110 - OpenCL, Linear2D, bs_256x2, padding_288, pixelPerThread_3
3534 - OpenCL, Linear1D, bs_128x4, padding_512, pixelPerThread_3
25551 - CUDA, Array2D, LocalMemory, bs_64x8, padding_384, pixelPerThread_4
5132 - OpenCL, Linear1D, LocalMemory, bs_512x1, padding_256, pixelPerThread_1
12780 - OpenCL, Ldg, bs_256x1, padding_512, pixelPerThread_1
3314 - OpenCL, Linear1D, bs_64x16, padding_384, pixelPerThread_3
5685 - OpenCL, Linear1D, LocalMemory, bs_256x2, padding_320, pixelPerThread_2
18822 - CUDA, Linear1D, LocalMemory, bs_32x32, padding_416, pixelPerThread_3
3752 - OpenCL, Linear1D, bs_512x2, padding_96, pixelPerThread_1
19470 - CUDA, Linear1D, LocalMemory, bs_512x2, padding_160, pixelPerThread_3
5125 - OpenCL, Linear1D, LocalMemory, bs_512x1, padding_192, pixelPerThread_2
19483 - CUDA, Linear1D, LocalMemory, bs_512x2, padding_256, pixelPerThread_4
3032 - OpenCL, Linear1D, bs_32x16, padding_320, pixelPerThread_1
3013 - OpenCL, Linear1D, bs_32x16, padding_160, pixelPerThread_2
11345 - OpenCL, Array2D, LocalMemory, bs_256x1, padding_448, pixelPerThread_2
6955 - OpenCL, Linear2D, bs_64x8, padding_128, pixelPerThread_4
3967 - OpenCL, Linear1D, bs_32x4, padding_160, pixelPerThread_4
4056 - OpenCL, Linear1D, bs_64x2, padding_352, pixelPerThread_1
9342 - OpenCL, Array2D, bs_256x4, padding_192, pixelPerThread_3
11983 - OpenCL, Ldg, bs_128x2, padding_96, pixelPerThread_4
11127 - OpenCL, Array2D, LocalMemory, bs_32x4, padding_320, pixelPerThread_4
9617 - OpenCL, Array2D, bs_32x2, padding_224, pixelPerThread_2
12584 - OpenCL, Ldg, bs_64x2, padding_32, pixelPerThread_1
7090 - OpenCL, Linear2D, bs_256x2, padding_128, pixelPerThread_3
23000 - CUDA, Array2D, bs_32x16, padding_128, pixelPerThread_1
11095 - OpenCL, Array2D, LocalMemory, bs_32x4, padding_64, pixelPerThread_4
23533 - CUDA, Array2D, bs_128x8, padding_32, pixelPerThread_2
7527 - OpenCL, Linear2D, LocalMemory, bs_64x4, padding_352, pixelPerThread_4
8189 - OpenCL, Linear2D, LocalMemory, bs_32x2, padding_224, pixelPerThread_2
10625 - OpenCL, Array2D, LocalMemory, bs_128x4, padding_128, pixelPerThread_2
4097 - OpenCL, Linear1D, bs_64x8, padding_128, pixelPerThread_2
5824 - OpenCL, Linear2D, bs_32x8, padding_352, pixelPerThread_1
27907 - CUDA, Ldg, LocalMemory, bs_256x4, padding_192, pixelPerThread_4
14065 - OpenCL, Ldg, LocalMemory, bs_64x2, padding_448, pixelPerThread_2
6238 - OpenCL, Linear2D, bs_128x1, padding_384, pixelPerThread_3
11896 - OpenCL, Ldg, bs_64x16, padding_512, pixelPerThread_1
11857 - OpenCL, Ldg, bs_64x16, padding_192, pixelPerThread_2
8343 - OpenCL, Linear2D, LocalMemory, bs_64x2, padding_352, pixelPerThread_4
8893 - OpenCL, Array2D, bs_64x1, padding_416, pixelPerThread_2
23972 - CUDA, Array2D, bs_32x4, padding_288, pixelPerThread_1
12378 - OpenCL, Ldg, bs_1024x1, padding_0, pixelPerThread_3
24483 - CUDA, Array2D, LocalMemory, bs_32x32, padding_0, pixelPerThread_4
23924 - CUDA, Array2D, bs_32x2, padding_448, pixelPerThread_1
14158 - OpenCL, Ldg, LocalMemory, bs_256x1, padding_96, pixelPerThread_3
10674 - OpenCL, Array2D, LocalMemory, bs_128x4, padding_512, pixelPerThread_3
8823 - OpenCL, Array2D, bs_32x32, padding_384, pixelPerThread_4
12788 - OpenCL, Ldg, bs_256x2, padding_32, pixelPerThread_1
12149 - OpenCL, Ldg, bs_128x8, padding_352, pixelPerThread_2
8271 - OpenCL, Linear2D, LocalMemory, bs_32x4, padding_320, pixelPerThread_4
10533 - OpenCL, Array2D, LocalMemory, bs_128x1, padding_480, pixelPerThread_2
12653 - OpenCL, Ldg, bs_64x8, padding_32, pixelPerThread_2
23383 - CUDA, Array2D, bs_128x1, padding_448, pixelPerThread_4
23790 - CUDA, Array2D, bs_512x2, padding_448, pixelPerThread_3
8934 - OpenCL, Array2D, bs_64x4, padding_192, pixelPerThread_3
10014 - OpenCL, Array2D, LocalMemory, bs_32x1, padding_128, pixelPerThread_3
9499 - OpenCL, Array2D, bs_512x2, padding_352, pixelPerThread_4
22398 - CUDA, Linear2D, LocalMemory, bs_1024x1, padding_192, pixelPerThread_3
6204 - OpenCL, Linear2D, bs_128x1, padding_128, pixelPerThread_1
8173 - OpenCL, Linear2D, LocalMemory, bs_32x2, padding_96, pixelPerThread_2
3844 - OpenCL, Linear1D, bs_1024x1, padding_288, pixelPerThread_1
11050 - OpenCL, Array2D, LocalMemory, bs_32x2, padding_256, pixelPerThread_3
5242 - OpenCL, Linear1D, LocalMemory, bs_1024x1, padding_32, pixelPerThread_3
3624 - OpenCL, Linear1D, bs_256x4, padding_160, pixelPerThread_1
24249 - CUDA, Array2D, bs_256x2, padding_320, pixelPerThread_2
14069 - OpenCL, Ldg, LocalMemory, bs_64x2, padding_480, pixelPerThread_2
6394 - OpenCL, Linear2D, bs_128x8, padding_0, pixelPerThread_3
12827 - OpenCL, Ldg, bs_256x2, padding_320, pixelPerThread_4
8165 - OpenCL, Linear2D, LocalMemory, bs_32x2, padding_32, pixelPerThread_2
7969 - OpenCL, Linear2D, LocalMemory, bs_512x1, padding_96, pixelPerThread_2
6628 - OpenCL, Linear2D, bs_512x2, padding_256, pixelPerThread_1
18995 - CUDA, Linear1D, LocalMemory, bs_64x16, padding_160, pixelPerThread_4
4659 - OpenCL, Linear1D, LocalMemory, bs_64x4, padding_256, pixelPerThread_4
23475 - CUDA, Array2D, bs_128x4, padding_96, pixelPerThread_4
7946 - OpenCL, Linear2D, LocalMemory, bs_256x4, padding_448, pixelPerThread_3
22170 - CUDA, Linear2D, LocalMemory, bs_256x4, padding_0, pixelPerThread_3
10369 - OpenCL, Array2D, LocalMemory, bs_64x4, padding_256, pixelPerThread_2
10024 - OpenCL, Array2D, LocalMemory, bs_32x1, padding_224, pixelPerThread_1
2359 - OpenCL, LocalMemory, bs_512x2, padding_352, pixelPerThread_4
15950 - CUDA, LocalMemory, bs_32x32, padding_288, pixelPerThread_3
3953 - OpenCL, Linear1D, bs_32x4, padding_64, pixelPerThread_2
23029 - CUDA, Array2D, bs_32x16, padding_352, pixelPerThread_2
3338 - OpenCL, Linear1D, bs_128x1, padding_32, pixelPerThread_3
25360 - CUDA, Array2D, LocalMemory, bs_32x2, padding_512, pixelPerThread_1
3692 - OpenCL, Linear1D, bs_512x1, padding_160, pixelPerThread_1
22911 - CUDA, Array2D, bs_32x1, padding_480, pixelPerThread_4
23207 - CUDA, Array2D, bs_64x4, padding_128, pixelPerThread_4
6389 - OpenCL, Linear2D, bs_128x4, padding_512, pixelPerThread_2
8175 - OpenCL, Linear2D, LocalMemory, bs_32x2, padding_96, pixelPerThread_4
9253 - OpenCL, Array2D, bs_128x8, padding_32, pixelPerThread_2
8037 - OpenCL, Linear2D, LocalMemory, bs_512x2, padding_96, pixelPerThread_2
5734 - OpenCL, Linear2D, bs_32x1, padding_160, pixelPerThread_3
24435 - CUDA, Array2D, LocalMemory, bs_32x16, padding_160, pixelPerThread_4
12801 - OpenCL, Ldg, bs_256x2, padding_128, pixelPerThread_2
6992 - OpenCL, Linear2D, bs_64x8, padding_448, pixelPerThread_1
25535 - CUDA, Array2D, LocalMemory, bs_64x8, padding_256, pixelPerThread_4
12067 - OpenCL, Ldg, bs_128x4, padding_224, pixelPerThread_4
10054 - OpenCL, Array2D, LocalMemory, bs_32x1, padding_448, pixelPerThread_3
12278 - OpenCL, Ldg, bs_512x1, padding_288, pixelPerThread_3
22159 - CUDA, Linear2D, LocalMemory, bs_128x8, padding_448, pixelPerThread_4
13144 - OpenCL, Ldg, LocalMemory, bs_64x1, padding_160, pixelPerThread_1
10116 - OpenCL, Array2D, LocalMemory, bs_32x8, padding_416, pixelPerThread_1
25403 - CUDA, Array2D, LocalMemory, bs_32x4, padding_288, pixelPerThread_4
11364 - OpenCL, Array2D, LocalMemory, bs_256x2, padding_64, pixelPerThread_1
4277 - OpenCL, Linear1D, bs_256x2, padding_480, pixelPerThread_2
25302 - CUDA, Array2D, LocalMemory, bs_32x2, padding_32, pixelPerThread_3
11981 - OpenCL, Ldg, bs_128x2, padding_96, pixelPerThread_2
12605 - OpenCL, Ldg, bs_64x2, padding_192, pixelPerThread_2
25044 - CUDA, Array2D, LocalMemory, bs_256x4, padding_160, pixelPerThread_1
8251 - OpenCL, Linear2D, LocalMemory, bs_32x4, padding_160, pixelPerThread_4
9797 - OpenCL, Array2D, bs_64x8, padding_32, pixelPerThread_2
12481 - OpenCL, Ldg, bs_32x2, padding_288, pixelPerThread_2
12446 - OpenCL, Ldg, bs_32x2, padding_0, pixelPerThread_3
8771 - OpenCL, Array2D, bs_32x16, padding_512, pixelPerThread_4
4290 - OpenCL, Linear1D, LocalMemory, bs_32x1, padding_32, pixelPerThread_3
2351 - OpenCL, LocalMemory, bs_512x2, padding_288, pixelPerThread_4
10207 - OpenCL, Array2D, LocalMemory, bs_32x32, padding_32, pixelPerThread_4
10285 - OpenCL, Array2D, LocalMemory, bs_64x1, padding_128, pixelPerThread_2
7463 - OpenCL, Linear2D, LocalMemory, bs_64x1, padding_384, pixelPerThread_4
6362 - OpenCL, Linear2D, bs_128x4, padding_288, pixelPerThread_3
4129 - OpenCL, Linear1D, bs_64x8, padding_384, pixelPerThread_2
12857 - OpenCL, Ldg, LocalMemory, bs_32x1, padding_32, pixelPerThread_2
10928 - OpenCL, Array2D, LocalMemory, bs_512x2, padding_384, pixelPerThread_1
12790 - OpenCL, Ldg, bs_256x2, padding_32, pixelPerThread_3
9211 - OpenCL, Array2D, bs_128x4, padding_224, pixelPerThread_4
4064 - OpenCL, Linear1D, bs_64x2, padding_416, pixelPerThread_1
10578 - OpenCL, Array2D, LocalMemory, bs_128x2, padding_288, pixelPerThread_3
4754 - OpenCL, Linear1D, LocalMemory, bs_64x16, padding_480, pixelPerThread_3
6966 - OpenCL, Linear2D, bs_64x8, padding_224, pixelPerThread_3
23213 - CUDA, Array2D, bs_64x4, padding_192, pixelPerThread_2
22946 - CUDA, Array2D, bs_32x8, padding_224, pixelPerThread_3
8377 - OpenCL, Linear2D, LocalMemory, bs_64x8, padding_96, pixelPerThread_2
24429 - CUDA, Array2D, LocalMemory, bs_32x16, padding_128, pixelPerThread_2
28146 - CUDA, Ldg, LocalMemory, bs_1024x1, padding_480, pixelPerThread_3
3507 - OpenCL, Linear1D, bs_128x4, padding_288, pixelPerThread_4
25172 - CUDA, Array2D, LocalMemory, bs_512x2, padding_96, pixelPerThread_1
12437 - OpenCL, Ldg, bs_1024x1, padding_480, pixelPerThread_2
7390 - OpenCL, Linear2D, LocalMemory, bs_32x32, padding_352, pixelPerThread_3
10894 - OpenCL, Array2D, LocalMemory, bs_512x2, padding_96, pixelPerThread_3
23197 - CUDA, Array2D, bs_64x4, padding_64, pixelPerThread_2
11909 - OpenCL, Ldg, bs_128x1, padding_64, pixelPerThread_2
12652 - OpenCL, Ldg, bs_64x8, padding_32, pixelPerThread_1
12445 - OpenCL, Ldg, bs_32x2, padding_0, pixelPerThread_2
6170 - OpenCL, Linear2D, bs_64x16, padding_384, pixelPerThread_3
5732 - OpenCL, Linear2D, bs_32x1, padding_160, pixelPerThread_1
4017 - OpenCL, Linear1D, bs_64x2, padding_32, pixelPerThread_2
13708 - OpenCL, Ldg, LocalMemory, bs_512x1, padding_320, pixelPerThread_1
24311 - CUDA, Array2D, LocalMemory, bs_32x1, padding_256, pixelPerThread_4
3585 - OpenCL, Linear1D, bs_128x8, padding_384, pixelPerThread_2
7421 - OpenCL, Linear2D, LocalMemory, bs_64x1, padding_64, pixelPerThread_2
23480 - CUDA, Array2D, bs_128x4, padding_160, pixelPerThread_1
12598 - OpenCL, Ldg, bs_64x2, padding_128, pixelPerThread_3
9011 - OpenCL, Array2D, bs_64x16, padding_256, pixelPerThread_4
12746 - OpenCL, Ldg, bs_256x1, padding_224, pixelPerThread_3
7343 - OpenCL, Linear2D, LocalMemory, bs_32x16, padding_512, pixelPerThread_4
14272 - OpenCL, Ldg, LocalMemory, bs_256x2, padding_480, pixelPerThread_1
12329 - OpenCL, Ldg, bs_512x2, padding_160, pixelPerThread_2
5293 - OpenCL, Linear1D, LocalMemory, bs_1024x1, padding_448, pixelPerThread_2
7505 - OpenCL, Linear2D, LocalMemory, bs_64x4, padding_192, pixelPerThread_2
10768 - OpenCL, Array2D, LocalMemory, bs_256x4, padding_192, pixelPerThread_1
23130 - CUDA, Array2D, bs_64x1, padding_64, pixelPerThread_3
3247 - OpenCL, Linear1D, bs_64x4, padding_384, pixelPerThread_4
11113 - OpenCL, Array2D, LocalMemory, bs_32x4, padding_224, pixelPerThread_2
4971 - OpenCL, Linear1D, LocalMemory, bs_128x8, padding_32, pixelPerThread_4
7242 - OpenCL, Linear2D, LocalMemory, bs_32x8, padding_256, pixelPerThread_3
3401 - OpenCL, Linear1D, bs_128x2, padding_0, pixelPerThread_2
28050 - CUDA, Ldg, LocalMemory, bs_512x2, padding_256, pixelPerThread_3
11464 - OpenCL, Ldg, bs_32x1, padding_320, pixelPerThread_1
25443 - CUDA, Array2D, LocalMemory, bs_64x2, padding_64, pixelPerThread_4
8324 - OpenCL, Linear2D, LocalMemory, bs_64x2, padding_224, pixelPerThread_1
22191 - CUDA, Linear2D, LocalMemory, bs_256x4, padding_160, pixelPerThread_4
4895 - OpenCL, Linear1D, LocalMemory, bs_128x2, padding_512, pixelPerThread_4
3234 - OpenCL, Linear1D, bs_64x4, padding_288, pixelPerThread_3
14105 - OpenCL, Ldg, LocalMemory, bs_64x8, padding_224, pixelPerThread_2
27843 - CUDA, Ldg, LocalMemory, bs_128x8, padding_224, pixelPerThread_4
8156 - OpenCL, Linear2D, LocalMemory, bs_1024x1, padding_512, pixelPerThread_1
13554 - OpenCL, Ldg, LocalMemory, bs_128x8, padding_160, pixelPerThread_3
8414 - OpenCL, Linear2D, LocalMemory, bs_64x8, padding_384, pixelPerThread_3
4785 - OpenCL, Linear1D, LocalMemory, bs_128x1, padding_192, pixelPerThread_2
13693 - OpenCL, Ldg, LocalMemory, bs_512x1, padding_192, pixelPerThread_2
6524 - OpenCL, Linear2D, bs_256x4, padding_512, pixelPerThread_1
21666 - CUDA, Linear2D, LocalMemory, bs_32x32, padding_320, pixelPerThread_3
13355 - OpenCL, Ldg, LocalMemory, bs_128x1, padding_192, pixelPerThread_4
11847 - OpenCL, Ldg, bs_64x16, padding_96, pixelPerThread_4
7930 - OpenCL, Linear2D, LocalMemory, bs_256x4, padding_320, pixelPerThread_3
2935 - OpenCL, Linear1D, bs_32x8, padding_64, pixelPerThread_4
23303 - CUDA, Array2D, bs_64x16, padding_352, pixelPerThread_4
13390 - OpenCL, Ldg, LocalMemory, bs_128x1, padding_480, pixelPerThread_3
12870 - OpenCL, Ldg, LocalMemory, bs_32x1, padding_128, pixelPerThread_3
13443 - OpenCL, Ldg, LocalMemory, bs_128x2, padding_352, pixelPerThread_4
25528 - CUDA, Array2D, LocalMemory, bs_64x8, padding_224, pixelPerThread_1
13572 - OpenCL, Ldg, LocalMemory, bs_128x8, padding_320, pixelPerThread_1
6136 - OpenCL, Linear2D, bs_64x16, padding_128, pixelPerThread_1
13954 - OpenCL, Ldg, LocalMemory, bs_32x4, padding_96, pixelPerThread_3
5688 - OpenCL, Linear1D, LocalMemory, bs_256x2, padding_352, pixelPerThread_1
9746 - OpenCL, Array2D, bs_64x2, padding_160, pixelPerThread_3
6990 - OpenCL, Linear2D, bs_64x8, padding_416, pixelPerThread_3
3049 - OpenCL, Linear1D, bs_32x16, padding_448, pixelPerThread_2
9505 - OpenCL, Array2D, bs_512x2, padding_416, pixelPerThread_2
8819 - OpenCL, Array2D, bs_32x32, padding_352, pixelPerThread_4
23438 - CUDA, Array2D, bs_128x2, padding_352, pixelPerThread_3
5779 - OpenCL, Linear2D, bs_32x1, padding_512, pixelPerThread_4
9711 - OpenCL, Array2D, bs_32x4, padding_416, pixelPerThread_4
7257 - OpenCL, Linear2D, LocalMemory, bs_32x8, padding_384, pixelPerThread_2
13908 - OpenCL, Ldg, LocalMemory, bs_32x2, padding_288, pixelPerThread_1
14260 - OpenCL, Ldg, LocalMemory, bs_256x2, padding_384, pixelPerThread_1
7739 - OpenCL, Linear2D, LocalMemory, bs_128x2, padding_416, pixelPerThread_4
5434 - OpenCL, Linear1D, LocalMemory, bs_32x4, padding_480, pixelPerThread_3
11445 - OpenCL, Ldg, bs_32x1, padding_160, pixelPerThread_2
5518 - OpenCL, Linear1D, LocalMemory, bs_64x8, padding_64, pixelPerThread_3
12989 - OpenCL, Ldg, LocalMemory, bs_32x16, padding_0, pixelPerThread_2
3093 - OpenCL, Linear1D, bs_32x32, padding_256, pixelPerThread_2
13680 - OpenCL, Ldg, LocalMemory, bs_512x1, padding_96, pixelPerThread_1
4567 - OpenCL, Linear1D, LocalMemory, bs_64x1, padding_64, pixelPerThread_4
14269 - OpenCL, Ldg, LocalMemory, bs_256x2, padding_448, pixelPerThread_2
24504 - CUDA, Array2D, LocalMemory, bs_32x32, padding_192, pixelPerThread_1
10598 - OpenCL, Array2D, LocalMemory, bs_128x2, padding_448, pixelPerThread_3
4571 - OpenCL, Linear1D, LocalMemory, bs_64x1, padding_96, pixelPerThread_4
7663 - OpenCL, Linear2D, LocalMemory, bs_128x1, padding_352, pixelPerThread_4
8194 - OpenCL, Linear2D, LocalMemory, bs_32x2, padding_256, pixelPerThread_3
4093 - OpenCL, Linear1D, bs_64x8, padding_96, pixelPerThread_2
12185 - OpenCL, Ldg, bs_256x4, padding_96, pixelPerThread_2
4311 - OpenCL, Linear1D, LocalMemory, bs_32x1, padding_192, pixelPerThread_4
6879 - OpenCL, Linear2D, bs_64x2, padding_64, pixelPerThread_4
23782 - CUDA, Array2D, bs_512x2, padding_384, pixelPerThread_3
25076 - CUDA, Array2D, LocalMemory, bs_256x4, padding_416, pixelPerThread_1
24188 - CUDA, Array2D, bs_256x1, padding_384, pixelPerThread_1
23698 - CUDA, Array2D, bs_512x1, padding_256, pixelPerThread_3
6014 - OpenCL, Linear2D, bs_64x1, padding_224, pixelPerThread_3
4016 - OpenCL, Linear1D, bs_64x2, padding_32, pixelPerThread_1
23302 - CUDA, Array2D, bs_64x16, padding_352, pixelPerThread_3
16715 - CUDA, LocalMemory, bs_1024x1, padding_416, pixelPerThread_4
25701 - CUDA, Array2D, LocalMemory, bs_256x2, padding_512, pixelPerThread_2
24187 - CUDA, Array2D, bs_256x1, padding_352, pixelPerThread_4
6829 - OpenCL, Linear2D, bs_32x4, padding_224, pixelPerThread_2
23535 - CUDA, Array2D, bs_128x8, padding_32, pixelPerThread_4
9363 - OpenCL, Array2D, bs_256x4, padding_352, pixelPerThread_4
6479 - OpenCL, Linear2D, bs_256x4, padding_128, pixelPerThread_4
14081 - OpenCL, Ldg, LocalMemory, bs_64x8, padding_32, pixelPerThread_2
9432 - OpenCL, Array2D, bs_512x1, padding_384, pixelPerThread_1
6451 - OpenCL, Linear2D, bs_128x8, padding_448, pixelPerThread_4
27591 - CUDA, Ldg, LocalMemory, bs_64x16, padding_384, pixelPerThread_4
9625 - OpenCL, Array2D, bs_32x2, padding_288, pixelPerThread_2
4359 - OpenCL, Linear1D, LocalMemory, bs_32x8, padding_32, pixelPerThread_4
10260 - OpenCL, Array2D, LocalMemory, bs_32x32, padding_480, pixelPerThread_1
9351 - OpenCL, Array2D, bs_256x4, padding_256, pixelPerThread_4
9581 - OpenCL, Array2D, bs_1024x1, padding_480, pixelPerThread_2
24536 - CUDA, Array2D, LocalMemory, bs_32x32, padding_448, pixelPerThread_1
9335 - OpenCL, Array2D, bs_256x4, padding_128, pixelPerThread_4
3963 - OpenCL, Linear1D, bs_32x4, padding_128, pixelPerThread_4
8810 - OpenCL, Array2D, bs_32x32, padding_288, pixelPerThread_3
7929 - OpenCL, Linear2D, LocalMemory, bs_256x4, padding_320, pixelPerThread_2
13830 - OpenCL, Ldg, LocalMemory, bs_1024x1, padding_192, pixelPerThread_3
22942 - CUDA, Array2D, bs_32x8, padding_192, pixelPerThread_3
19463 - CUDA, Linear1D, LocalMemory, bs_512x2, padding_96, pixelPerThread_4
9235 - OpenCL, Array2D, bs_128x4, padding_416, pixelPerThread_4
22203 - CUDA, Linear2D, LocalMemory, bs_256x4, padding_256, pixelPerThread_4
3406 - OpenCL, Linear1D, bs_128x2, padding_32, pixelPerThread_3
11619 - OpenCL, Ldg, bs_32x16, padding_448, pixelPerThread_4
23142 - CUDA, Array2D, bs_64x1, padding_160, pixelPerThread_3
25155 - CUDA, Array2D, LocalMemory, bs_512x1, padding_480, pixelPerThread_4
10483 - OpenCL, Array2D, LocalMemory, bs_128x1, padding_64, pixelPerThread_4
5116 - OpenCL, Linear1D, LocalMemory, bs_512x1, padding_128, pixelPerThread_1
7685 - OpenCL, Linear2D, LocalMemory, bs_128x2, padding_0, pixelPerThread_2
11386 - OpenCL, Array2D, LocalMemory, bs_256x2, padding_224, pixelPerThread_3
5562 - OpenCL, Linear1D, LocalMemory, bs_64x8, padding_416, pixelPerThread_3
3193 - OpenCL, Linear1D, bs_64x1, padding_512, pixelPerThread_2
10503 - OpenCL, Array2D, LocalMemory, bs_128x1, padding_224, pixelPerThread_4
10118 - OpenCL, Array2D, LocalMemory, bs_32x8, padding_416, pixelPerThread_3
12068 - OpenCL, Ldg, bs_128x4, padding_256, pixelPerThread_1
5780 - OpenCL, Linear2D, bs_32x8, padding_0, pixelPerThread_1
24303 - CUDA, Array2D, LocalMemory, bs_32x1, padding_192, pixelPerThread_4
10716 - OpenCL, Array2D, LocalMemory, bs_128x8, padding_320, pixelPerThread_1
21871 - CUDA, Linear2D, LocalMemory, bs_64x16, padding_320, pixelPerThread_4
24918 - CUDA, Array2D, LocalMemory, bs_128x4, padding_224, pixelPerThread_3
5944 - OpenCL, Linear2D, bs_32x32, padding_224, pixelPerThread_1
24675 - CUDA, Array2D, LocalMemory, bs_64x4, padding_448, pixelPerThread_4
3693 - OpenCL, Linear1D, bs_512x1, padding_160, pixelPerThread_2
6145 - OpenCL, Linear2D, bs_64x16, padding_192, pixelPerThread_2
25695 - CUDA, Array2D, LocalMemory, bs_256x2, padding_448, pixelPerThread_4
8076 - OpenCL, Linear2D, LocalMemory, bs_512x2, padding_416, pixelPerThread_1
13755 - OpenCL, Ldg, LocalMemory, bs_512x2, padding_128, pixelPerThread_4
9970 - OpenCL, Array2D, bs_256x2, padding_320, pixelPerThread_3
5048 - OpenCL, Linear1D, LocalMemory, bs_256x4, padding_128, pixelPerThread_1
19375 - CUDA, Linear1D, LocalMemory, bs_256x4, padding_480, pixelPerThread_4
10093 - OpenCL, Array2D, LocalMemory, bs_32x8, padding_224, pixelPerThread_2
6037 - OpenCL, Linear2D, bs_64x1, padding_416, pixelPerThread_2
11805 - OpenCL, Ldg, bs_64x4, padding_320, pixelPerThread_2
25514 - CUDA, Array2D, LocalMemory, bs_64x8, padding_96, pixelPerThread_3
4979 - OpenCL, Linear1D, LocalMemory, bs_128x8, padding_96, pixelPerThread_4
3319 - OpenCL, Linear1D, bs_64x16, padding_416, pixelPerThread_4
11122 - OpenCL, Array2D, LocalMemory, bs_32x4, padding_288, pixelPerThread_3
6214 - OpenCL, Linear2D, bs_128x1, padding_192, pixelPerThread_3
22134 - CUDA, Linear2D, LocalMemory, bs_128x8, padding_256, pixelPerThread_3
22909 - CUDA, Array2D, bs_32x1, padding_480, pixelPerThread_2
24268 - CUDA, Array2D, bs_256x2, padding_480, pixelPerThread_1
6697 - OpenCL, Linear2D, bs_1024x1, padding_256, pixelPerThread_2
12033 - OpenCL, Ldg, bs_128x2, padding_512, pixelPerThread_2
8115 - OpenCL, Linear2D, LocalMemory, bs_1024x1, padding_160, pixelPerThread_4
9324 - OpenCL, Array2D, bs_256x4, padding_64, pixelPerThread_1
24534 - CUDA, Array2D, LocalMemory, bs_32x32, padding_416, pixelPerThread_3
13932 - OpenCL, Ldg, LocalMemory, bs_32x2, padding_480, pixelPerThread_1
8565 - OpenCL, Linear2D, LocalMemory, bs_256x2, padding_512, pixelPerThread_2
9732 - OpenCL, Array2D, bs_64x2, padding_64, pixelPerThread_1
4405 - OpenCL, Linear1D, LocalMemory, bs_32x8, padding_416, pixelPerThread_2
23076 - CUDA, Array2D, bs_32x32, padding_192, pixelPerThread_1
25055 - CUDA, Array2D, LocalMemory, bs_256x4, padding_224, pixelPerThread_4
10436 - OpenCL, Array2D, LocalMemory, bs_64x16, padding_256, pixelPerThread_1
4471 - OpenCL, Linear1D, LocalMemory, bs_32x16, padding_384, pixelPerThread_4
3755 - OpenCL, Linear1D, bs_512x2, padding_96, pixelPerThread_4
7151 - OpenCL, Linear2D, LocalMemory, bs_32x1, padding_64, pixelPerThread_4
12677 - OpenCL, Ldg, bs_64x8, padding_224, pixelPerThread_2
11960 - OpenCL, Ldg, bs_128x1, padding_480, pixelPerThread_1
3690 - OpenCL, Linear1D, bs_512x1, padding_128, pixelPerThread_3
5765 - OpenCL, Linear2D, bs_32x1, padding_416, pixelPerThread_2
24203 - CUDA, Array2D, bs_256x1, padding_480, pixelPerThread_4
6489 - OpenCL, Linear2D, bs_256x4, padding_224, pixelPerThread_2
5932 - OpenCL, Linear2D, bs_32x32, padding_128, pixelPerThread_1
5365 - OpenCL, Linear1D, LocalMemory, bs_32x2, padding_480, pixelPerThread_2
4815 - OpenCL, Linear1D, LocalMemory, bs_128x1, padding_416, pixelPerThread_4
13177 - OpenCL, Ldg, LocalMemory, bs_64x1, padding_416, pixelPerThread_2
12593 - OpenCL, Ldg, bs_64x2, padding_96, pixelPerThread_2
23420 - CUDA, Array2D, bs_128x2, padding_224, pixelPerThread_1
23566 - CUDA, Array2D, bs_128x8, padding_288, pixelPerThread_3
4853 - OpenCL, Linear1D, LocalMemory, bs_128x2, padding_192, pixelPerThread_2
9095 - OpenCL, Array2D, bs_128x1, padding_384, pixelPerThread_4
9831 - OpenCL, Array2D, bs_64x8, padding_288, pixelPerThread_4
24448 - CUDA, Array2D, LocalMemory, bs_32x16, padding_288, pixelPerThread_1
2142 - OpenCL, LocalMemory, bs_128x8, padding_256, pixelPerThread_3
19259 - CUDA, Linear1D, LocalMemory, bs_128x8, padding_96, pixelPerThread_4
5372 - OpenCL, Linear1D, LocalMemory, bs_32x4, padding_0, pixelPerThread_1
4504 - OpenCL, Linear1D, LocalMemory, bs_32x32, padding_128, pixelPerThread_1
24136 - CUDA, Array2D, bs_64x8, padding_512, pixelPerThread_1
25255 - CUDA, Array2D, LocalMemory, bs_1024x1, padding_192, pixelPerThread_4
1854 - OpenCL, LocalMemory, bs_64x16, padding_128, pixelPerThread_3
11452 - OpenCL, Ldg, bs_32x1, padding_224, pixelPerThread_1
24258 - CUDA, Array2D, bs_256x2, padding_384, pixelPerThread_3
3846 - OpenCL, Linear1D, bs_1024x1, padding_288, pixelPerThread_3
11081 - OpenCL, Array2D, LocalMemory, bs_32x2, padding_512, pixelPerThread_2
6011 - OpenCL, Linear2D, bs_64x1, padding_192, pixelPerThread_4
11336 - OpenCL, Array2D, LocalMemory, bs_256x1, padding_384, pixelPerThread_1
13547 - OpenCL, Ldg, LocalMemory, bs_128x8, padding_96, pixelPerThread_4
8196 - OpenCL, Linear2D, LocalMemory, bs_32x2, padding_288, pixelPerThread_1
23783 - CUDA, Array2D, bs_512x2, padding_384, pixelPerThread_4
12707 - OpenCL, Ldg, bs_64x8, padding_448, pixelPerThread_4
24661 - CUDA, Array2D, LocalMemory, bs_64x4, padding_352, pixelPerThread_2
6668 - OpenCL, Linear2D, bs_1024x1, padding_32, pixelPerThread_1
3223 - OpenCL, Linear1D, bs_64x4, padding_192, pixelPerThread_4
14116 - OpenCL, Ldg, LocalMemory, bs_64x8, padding_320, pixelPerThread_1
5754 - OpenCL, Linear2D, bs_32x1, padding_320, pixelPerThread_3
24871 - CUDA, Array2D, LocalMemory, bs_128x2, padding_384, pixelPerThread_4
27858 - CUDA, Ldg, LocalMemory, bs_128x8, padding_352, pixelPerThread_3
7221 - OpenCL, Linear2D, LocalMemory, bs_32x8, padding_96, pixelPerThread_2
25531 - CUDA, Array2D, LocalMemory, bs_64x8, padding_224, pixelPerThread_4
23978 - CUDA, Array2D, bs_32x4, padding_320, pixelPerThread_3
2938 - OpenCL, Linear1D, bs_32x8, padding_96, pixelPerThread_3
4692 - OpenCL, Linear1D, LocalMemory, bs_64x16, padding_0, pixelPerThread_1
3723 - OpenCL, Linear1D, bs_512x1, padding_384, pixelPerThread_4
12438 - OpenCL, Ldg, bs_1024x1, padding_480, pixelPerThread_3
3881 - OpenCL, Linear1D, bs_32x2, padding_32, pixelPerThread_2
14132 - OpenCL, Ldg, LocalMemory, bs_64x8, padding_448, pixelPerThread_1
24364 - CUDA, Array2D, LocalMemory, bs_32x8, padding_160, pixelPerThread_1
8177 - OpenCL, Linear2D, LocalMemory, bs_32x2, padding_128, pixelPerThread_2
9378 - OpenCL, Array2D, bs_256x4, padding_480, pixelPerThread_3
10746 - OpenCL, Array2D, LocalMemory, bs_256x4, padding_0, pixelPerThread_3
13652 - OpenCL, Ldg, LocalMemory, bs_256x4, padding_416, pixelPerThread_1
8402 - OpenCL, Linear2D, LocalMemory, bs_64x8, padding_288, pixelPerThread_3
23806 - CUDA, Array2D, bs_1024x1, padding_32, pixelPerThread_3
23727 - CUDA, Array2D, bs_512x1, padding_480, pixelPerThread_4
10019 - OpenCL, Array2D, LocalMemory, bs_32x1, padding_160, pixelPerThread_4
7129 - OpenCL, Linear2D, bs_256x2, padding_448, pixelPerThread_2
5543 - OpenCL, Linear1D, LocalMemory, bs_64x8, padding_256, pixelPerThread_4
24960 - CUDA, Array2D, LocalMemory, bs_128x8, padding_32, pixelPerThread_1
6148 - OpenCL, Linear2D, bs_64x16, padding_224, pixelPerThread_1
14110 - OpenCL, Ldg, LocalMemory, bs_64x8, padding_256, pixelPerThread_3
12836 - OpenCL, Ldg, bs_256x2, padding_416, pixelPerThread_1
8397 - OpenCL, Linear2D, LocalMemory, bs_64x8, padding_256, pixelPerThread_2
25555 - CUDA, Array2D, LocalMemory, bs_64x8, padding_416, pixelPerThread_4
8316 - OpenCL, Linear2D, LocalMemory, bs_64x2, padding_160, pixelPerThread_1
8825 - OpenCL, Array2D, bs_32x32, padding_416, pixelPerThread_2
10528 - OpenCL, Array2D, LocalMemory, bs_128x1, padding_448, pixelPerThread_1
10863 - OpenCL, Array2D, LocalMemory, bs_512x1, padding_384, pixelPerThread_4
4927 - OpenCL, Linear1D, LocalMemory, bs_128x4, padding_224, pixelPerThread_4
5939 - OpenCL, Linear2D, bs_32x32, padding_160, pixelPerThread_4
6027 - OpenCL, Linear2D, bs_64x1, padding_320, pixelPerThread_4
23568 - CUDA, Array2D, bs_128x8, padding_320, pixelPerThread_1
6174 - OpenCL, Linear2D, bs_64x16, padding_416, pixelPerThread_3
7570 - OpenCL, Linear2D, LocalMemory, bs_64x16, padding_160, pixelPerThread_3
8427 - OpenCL, Linear2D, LocalMemory, bs_64x8, padding_480, pixelPerThread_4
10045 - OpenCL, Array2D, LocalMemory, bs_32x1, padding_384, pixelPerThread_2
24318 - CUDA, Array2D, LocalMemory, bs_32x1, padding_320, pixelPerThread_3
8537 - OpenCL, Linear2D, LocalMemory, bs_256x2, padding_288, pixelPerThread_2
13332 - OpenCL, Ldg, LocalMemory, bs_128x1, padding_32, pixelPerThread_1
7691 - OpenCL, Linear2D, LocalMemory, bs_128x2, padding_32, pixelPerThread_4
23232 - CUDA, Array2D, bs_64x4, padding_352, pixelPerThread_1
7991 - OpenCL, Linear2D, LocalMemory, bs_512x1, padding_256, pixelPerThread_4
12782 - OpenCL, Ldg, bs_256x1, padding_512, pixelPerThread_3
6895 - OpenCL, Linear2D, bs_64x2, padding_192, pixelPerThread_4
13652 - OpenCL, Ldg, LocalMemory, bs_256x4, padding_416, pixelPerThread_1
2941 - OpenCL, Linear1D, bs_32x8, padding_128, pixelPerThread_2
16402 - CUDA, LocalMemory, bs_128x8, padding_96, pixelPerThread_3
10298 - OpenCL, Array2D, LocalMemory, bs_64x1, padding_224, pixelPerThread_3
22435 - CUDA, Linear2D, LocalMemory, bs_1024x1, padding_480, pixelPerThread_4
4099 - OpenCL, Linear1D, bs_64x8, padding_128, pixelPerThread_4
10439 - OpenCL, Array2D, LocalMemory, bs_64x16, padding_256, pixelPerThread_4
6615 - OpenCL, Linear2D, bs_512x2, padding_128, pixelPerThread_4
12942 - OpenCL, Ldg, LocalMemory, bs_32x8, padding_160, pixelPerThread_3
18799 - CUDA, Linear1D, LocalMemory, bs_32x32, padding_224, pixelPerThread_4
4080 - OpenCL, Linear1D, bs_64x8, padding_0, pixelPerThread_1
24493 - CUDA, Array2D, LocalMemory, bs_32x32, padding_96, pixelPerThread_2
11219 - OpenCL, Array2D, LocalMemory, bs_64x2, padding_512, pixelPerThread_4
11377 - OpenCL, Array2D, LocalMemory, bs_256x2, padding_160, pixelPerThread_2
10390 - OpenCL, Array2D, LocalMemory, bs_64x4, padding_416, pixelPerThread_3
12997 - OpenCL, Ldg, LocalMemory, bs_32x16, padding_64, pixelPerThread_2
2322 - OpenCL, LocalMemory, bs_512x2, padding_64, pixelPerThread_3
13645 - OpenCL, Ldg, LocalMemory, bs_256x4, padding_352, pixelPerThread_2
7277 - OpenCL, Linear2D, LocalMemory, bs_32x16, padding_0, pixelPerThread_2
7922 - OpenCL, Linear2D, LocalMemory, bs_256x4, padding_256, pixelPerThread_3
12779 - OpenCL, Ldg, bs_256x1, padding_480, pixelPerThread_4
11872 - OpenCL, Ldg, bs_64x16, padding_320, pixelPerThread_1
25658 - CUDA, Array2D, LocalMemory, bs_256x2, padding_160, pixelPerThread_3
24435 - CUDA, Array2D, LocalMemory, bs_32x16, padding_160, pixelPerThread_4
13635 - OpenCL, Ldg, LocalMemory, bs_256x4, padding_256, pixelPerThread_4
5946 - OpenCL, Linear2D, bs_32x32, padding_224, pixelPerThread_3
13879 - OpenCL, Ldg, LocalMemory, bs_32x2, padding_32, pixelPerThread_4
9667 - OpenCL, Array2D, bs_32x4, padding_64, pixelPerThread_4
23309 - CUDA, Array2D, bs_64x16, padding_416, pixelPerThread_2
8421 - OpenCL, Linear2D, LocalMemory, bs_64x8, padding_448, pixelPerThread_2
6889 - OpenCL, Linear2D, bs_64x2, padding_160, pixelPerThread_2
7526 - OpenCL, Linear2D, LocalMemory, bs_64x4, padding_352, pixelPerThread_3
10317 - OpenCL, Array2D, LocalMemory, bs_64x1, padding_384, pixelPerThread_2
7678 - OpenCL, Linear2D, LocalMemory, bs_128x1, padding_480, pixelPerThread_3
3405 - OpenCL, Linear1D, bs_128x2, padding_32, pixelPerThread_2
9593 - OpenCL, Array2D, bs_32x2, padding_32, pixelPerThread_2
3161 - OpenCL, Linear1D, bs_64x1, padding_256, pixelPerThread_2
16631 - CUDA, LocalMemory, bs_512x2, padding_288, pixelPerThread_4
11441 - OpenCL, Ldg, bs_32x1, padding_128, pixelPerThread_2
5077 - OpenCL, Linear1D, LocalMemory, bs_256x4, padding_352, pixelPerThread_2
5020 - OpenCL, Linear1D, LocalMemory, bs_128x8, padding_448, pixelPerThread_1
6020 - OpenCL, Linear2D, bs_64x1, padding_288, pixelPerThread_1
11477 - OpenCL, Ldg, bs_32x1, padding_416, pixelPerThread_2
27394 - CUDA, Ldg, LocalMemory, bs_32x32, padding_448, pixelPerThread_3
3492 - OpenCL, Linear1D, bs_128x4, padding_192, pixelPerThread_1
5430 - OpenCL, Linear1D, LocalMemory, bs_32x4, padding_448, pixelPerThread_3
25071 - CUDA, Array2D, LocalMemory, bs_256x4, padding_352, pixelPerThread_4
5281 - OpenCL, Linear1D, LocalMemory, bs_1024x1, padding_352, pixelPerThread_2
11075 - OpenCL, Array2D, LocalMemory, bs_32x2, padding_448, pixelPerThread_4
12606 - OpenCL, Ldg, bs_64x2, padding_192, pixelPerThread_3
5956 - OpenCL, Linear2D, bs_32x32, padding_320, pixelPerThread_1
12636 - OpenCL, Ldg, bs_64x2, padding_448, pixelPerThread_1
11730 - OpenCL, Ldg, bs_64x1, padding_256, pixelPerThread_3
6755 - OpenCL, Linear2D, bs_32x2, padding_160, pixelPerThread_4
4193 - OpenCL, Linear1D, bs_256x1, padding_352, pixelPerThread_2
12199 - OpenCL, Ldg, bs_256x4, padding_192, pixelPerThread_4
22999 - CUDA, Array2D, bs_32x16, padding_96, pixelPerThread_4
10717 - OpenCL, Array2D, LocalMemory, bs_128x8, padding_320, pixelPerThread_2
10380 - OpenCL, Array2D, LocalMemory, bs_64x4, padding_352, pixelPerThread_1
23972 - CUDA, Array2D, bs_32x4, padding_288, pixelPerThread_1
4034 - OpenCL, Linear1D, bs_64x2, padding_160, pixelPerThread_3
4849 - OpenCL, Linear1D, LocalMemory, bs_128x2, padding_160, pixelPerThread_2
13806 - OpenCL, Ldg, LocalMemory, bs_1024x1, padding_0, pixelPerThread_3
2397 - OpenCL, LocalMemory, bs_1024x1, padding_128, pixelPerThread_2
3636 - OpenCL, Linear1D, bs_256x4, padding_256, pixelPerThread_1
8382 - OpenCL, Linear2D, LocalMemory, bs_64x8, padding_128, pixelPerThread_3
12258 - OpenCL, Ldg, bs_512x1, padding_128, pixelPerThread_3
12733 - OpenCL, Ldg, bs_256x1, padding_128, pixelPerThread_2
13480 - OpenCL, Ldg, LocalMemory, bs_128x4, padding_128, pixelPerThread_1
3558 - OpenCL, Linear1D, bs_128x8, padding_160, pixelPerThread_3
25257 - CUDA, Array2D, LocalMemory, bs_1024x1, padding_224, pixelPerThread_2
13944 - OpenCL, Ldg, LocalMemory, bs_32x4, padding_32, pixelPerThread_1
7540 - OpenCL, Linear2D, LocalMemory, bs_64x4, padding_480, pixelPerThread_1
12245 - OpenCL, Ldg, bs_512x1, padding_32, pixelPerThread_2
10235 - OpenCL, Array2D, LocalMemory, bs_32x32, padding_256, pixelPerThread_4
13346 - OpenCL, Ldg, LocalMemory, bs_128x1, padding_128, pixelPerThread_3
11343 - OpenCL, Array2D, LocalMemory, bs_256x1, padding_416, pixelPerThread_4
16451 - CUDA, LocalMemory, bs_128x8, padding_480, pixelPerThread_4
12894 - OpenCL, Ldg, LocalMemory, bs_32x1, padding_320, pixelPerThread_3
11205 - OpenCL, Array2D, LocalMemory, bs_64x2, padding_416, pixelPerThread_2
23399 - CUDA, Array2D, bs_128x2, padding_32, pixelPerThread_4
3234 - OpenCL, Linear1D, bs_64x4, padding_288, pixelPerThread_3
25460 - CUDA, Array2D, LocalMemory, bs_64x2, padding_224, pixelPerThread_1
10369 - OpenCL, Array2D, LocalMemory, bs_64x4, padding_256, pixelPerThread_2
12133 - OpenCL, Ldg, bs_128x8, padding_224, pixelPerThread_2
7124 - OpenCL, Linear2D, bs_256x2, padding_416, pixelPerThread_1
11758 - OpenCL, Ldg, bs_64x1, padding_480, pixelPerThread_3
4316 - OpenCL, Linear1D, LocalMemory, bs_32x1, padding_256, pixelPerThread_1
6004 - OpenCL, Linear2D, bs_64x1, padding_160, pixelPerThread_1
13386 - OpenCL, Ldg, LocalMemory, bs_128x1, padding_448, pixelPerThread_3
5325 - OpenCL, Linear1D, LocalMemory, bs_32x2, padding_160, pixelPerThread_2
11394 - OpenCL, Array2D, LocalMemory, bs_256x2, padding_288, pixelPerThread_3
2976 - OpenCL, Linear1D, bs_32x8, padding_416, pixelPerThread_1
12629 - OpenCL, Ldg, bs_64x2, padding_384, pixelPerThread_2
11660 - OpenCL, Ldg, bs_32x32, padding_256, pixelPerThread_1
3036 - OpenCL, Linear1D, bs_32x16, padding_352, pixelPerThread_1
25545 - CUDA, Array2D, LocalMemory, bs_64x8, padding_352, pixelPerThread_2
5469 - OpenCL, Linear1D, LocalMemory, bs_64x2, padding_224, pixelPerThread_2
11644 - OpenCL, Ldg, bs_32x32, padding_128, pixelPerThread_1
22154 - CUDA, Linear2D, LocalMemory, bs_128x8, padding_416, pixelPerThread_3
23797 - CUDA, Array2D, bs_512x2, padding_512, pixelPerThread_2
2319 - OpenCL, LocalMemory, bs_512x2, padding_32, pixelPerThread_4
23101 - CUDA, Array2D, bs_32x32, padding_384, pixelPerThread_2
4357 - OpenCL, Linear1D, LocalMemory, bs_32x8, padding_32, pixelPerThread_2
14068 - OpenCL, Ldg, LocalMemory, bs_64x2, padding_480, pixelPerThread_1
12497 - OpenCL, Ldg, bs_32x2, padding_416, pixelPerThread_2
24151 - CUDA, Array2D, bs_256x1, padding_64, pixelPerThread_4
24465 - CUDA, Array2D, LocalMemory, bs_32x16, padding_416, pixelPerThread_2
9380 - OpenCL, Array2D, bs_256x4, padding_512, pixelPerThread_1
9490 - OpenCL, Array2D, bs_512x2, padding_288, pixelPerThread_3
11643 - OpenCL, Ldg, bs_32x32, padding_96, pixelPerThread_4
5325 - OpenCL, Linear1D, LocalMemory, bs_32x2, padding_160, pixelPerThread_2
8598 - OpenCL, Array2D, bs_32x1, padding_224, pixelPerThread_3
6808 - OpenCL, Linear2D, bs_32x4, padding_64, pixelPerThread_1
24289 - CUDA, Array2D, LocalMemory, bs_32x1, padding_96, pixelPerThread_2
5264 - OpenCL, Linear1D, LocalMemory, bs_1024x1, padding_224, pixelPerThread_1
10088 - OpenCL, Array2D, LocalMemory, bs_32x8, padding_192, pixelPerThread_1
25701 - CUDA, Array2D, LocalMemory, bs_256x2, padding_512, pixelPerThread_2
3133 - OpenCL, Linear1D, bs_64x1, padding_32, pixelPerThread_2
9213 - OpenCL, Array2D, bs_128x4, padding_256, pixelPerThread_2
10766 - OpenCL, Array2D, LocalMemory, bs_256x4, padding_160, pixelPerThread_3
1903 - OpenCL, LocalMemory, bs_64x16, padding_512, pixelPerThread_4
12944 - OpenCL, Ldg, LocalMemory, bs_32x8, padding_192, pixelPerThread_1
22167 - CUDA, Linear2D, LocalMemory, bs_128x8, padding_512, pixelPerThread_4
7385 - OpenCL, Linear2D, LocalMemory, bs_32x32, padding_320, pixelPerThread_2
16723 - CUDA, LocalMemory, bs_1024x1, padding_480, pixelPerThread_4
9592 - OpenCL, Array2D, bs_32x2, padding_32, pixelPerThread_1
25185 - CUDA, Array2D, LocalMemory, bs_512x2, padding_192, pixelPerThread_2
24538 - CUDA, Array2D, LocalMemory, bs_32x32, padding_448, pixelPerThread_3
6118 - OpenCL, Linear2D, bs_64x4, padding_512, pixelPerThread_3
6318 - OpenCL, Linear2D, bs_128x2, padding_480, pixelPerThread_3
13556 - OpenCL, Ldg, LocalMemory, bs_128x8, padding_192, pixelPerThread_1
22989 - CUDA, Array2D, bs_32x16, padding_32, pixelPerThread_2
14034 - OpenCL, Ldg, LocalMemory, bs_64x2, padding_192, pixelPerThread_3
12514 - OpenCL, Ldg, bs_32x4, padding_0, pixelPerThread_3
3979 - OpenCL, Linear1D, bs_32x4, padding_256, pixelPerThread_4
25410 - CUDA, Array2D, LocalMemory, bs_32x4, padding_352, pixelPerThread_3
25106 - CUDA, Array2D, LocalMemory, bs_512x1, padding_96, pixelPerThread_3
10058 - OpenCL, Array2D, LocalMemory, bs_32x1, padding_480, pixelPerThread_3
5840 - OpenCL, Linear2D, bs_32x8, padding_480, pixelPerThread_1
25393 - CUDA, Array2D, LocalMemory, bs_32x4, padding_224, pixelPerThread_2
13235 - OpenCL, Ldg, LocalMemory, bs_64x4, padding_320, pixelPerThread_4
7623 - OpenCL, Linear2D, LocalMemory, bs_128x1, padding_32, pixelPerThread_4
14110 - OpenCL, Ldg, LocalMemory, bs_64x8, padding_256, pixelPerThread_3
19582 - CUDA, Linear1D, LocalMemory, bs_1024x1, padding_512, pixelPerThread_3
25375 - CUDA, Array2D, LocalMemory, bs_32x4, padding_64, pixelPerThread_4
24216 - CUDA, Array2D, bs_256x2, padding_64, pixelPerThread_1
10843 - OpenCL, Array2D, LocalMemory, bs_512x1, padding_224, pixelPerThread_4
2942 - OpenCL, Linear1D, bs_32x8, padding_128, pixelPerThread_3
25582 - CUDA, Array2D, LocalMemory, bs_256x1, padding_96, pixelPerThread_3
25673 - CUDA, Array2D, LocalMemory, bs_256x2, padding_288, pixelPerThread_2
12100 - OpenCL, Ldg, bs_128x4, padding_512, pixelPerThread_1
23603 - CUDA, Array2D, bs_256x4, padding_32, pixelPerThread_4
5095 - OpenCL, Linear1D, LocalMemory, bs_256x4, padding_480, pixelPerThread_4
16673 - CUDA, LocalMemory, bs_1024x1, padding_96, pixelPerThread_2
23275 - CUDA, Array2D, bs_64x16, padding_128, pixelPerThread_4
23711 - CUDA, Array2D, bs_512x1, padding_352, pixelPerThread_4
13912 - OpenCL, Ldg, LocalMemory, bs_32x2, padding_320, pixelPerThread_1
24181 - CUDA, Array2D, bs_256x1, padding_320, pixelPerThread_2
14198 - OpenCL, Ldg, LocalMemory, bs_256x1, padding_416, pixelPerThread_3
12745 - OpenCL, Ldg, bs_256x1, padding_224, pixelPerThread_2
24333 - CUDA, Array2D, LocalMemory, bs_32x1, padding_448, pixelPerThread_2
24202 - CUDA, Array2D, bs_256x1, padding_480, pixelPerThread_3
10835 - OpenCL, Array2D, LocalMemory, bs_512x1, padding_160, pixelPerThread_4
23161 - CUDA, Array2D, bs_64x1, padding_320, pixelPerThread_2
14208 - OpenCL, Ldg, LocalMemory, bs_256x1, padding_512, pixelPerThread_1
13293 - OpenCL, Ldg, LocalMemory, bs_64x16, padding_256, pixelPerThread_2
25055 - CUDA, Array2D, LocalMemory, bs_256x4, padding_224, pixelPerThread_4
12580 - OpenCL, Ldg, bs_64x2, padding_0, pixelPerThread_1
9545 - OpenCL, Array2D, bs_1024x1, padding_192, pixelPerThread_2
13361 - OpenCL, Ldg, LocalMemory, bs_128x1, padding_256, pixelPerThread_2
23522 - CUDA, Array2D, bs_128x4, padding_480, pixelPerThread_3
5537 - OpenCL, Linear1D, LocalMemory, bs_64x8, padding_224, pixelPerThread_2
25651 - CUDA, Array2D, LocalMemory, bs_256x2, padding_96, pixelPerThread_4
4417 - OpenCL, Linear1D, LocalMemory, bs_32x8, padding_512, pixelPerThread_2
13557 - OpenCL, Ldg, LocalMemory, bs_128x8, padding_192, pixelPerThread_2
11384 - OpenCL, Array2D, LocalMemory, bs_256x2, padding_224, pixelPerThread_1
22955 - CUDA, Array2D, bs_32x8, padding_288, pixelPerThread_4
7244 - OpenCL, Linear2D, LocalMemory, bs_32x8, padding_288, pixelPerThread_1
10435 - OpenCL, Array2D, LocalMemory, bs_64x16, padding_224, pixelPerThread_4
12767 - OpenCL, Ldg, bs_256x1, padding_384, pixelPerThread_4
12406 - OpenCL, Ldg, bs_1024x1, padding_224, pixelPerThread_3
11187 - OpenCL, Array2D, LocalMemory, bs_64x2, padding_256, pixelPerThread_4
12917 - OpenCL, Ldg, LocalMemory, bs_32x1, padding_512, pixelPerThread_2
10418 - OpenCL, Array2D, LocalMemory, bs_64x16, padding_96, pixelPerThread_3
3200 - OpenCL, Linear1D, bs_64x4, padding_32, pixelPerThread_1
9256 - OpenCL, Array2D, bs_128x8, padding_64, pixelPerThread_1
3750 - OpenCL, Linear1D, bs_512x2, padding_64, pixelPerThread_3
28115 - CUDA, Ldg, LocalMemory, bs_1024x1, padding_224, pixelPerThread_4
5250 - OpenCL, Linear1D, LocalMemory, bs_1024x1, padding_96, pixelPerThread_3
12638 - OpenCL, Ldg, bs_64x2, padding_448, pixelPerThread_3
3326 - OpenCL, Linear1D, bs_64x16, padding_480, pixelPerThread_3
6632 - OpenCL, Linear2D, bs_512x2, padding_288, pixelPerThread_1
22992 - CUDA, Array2D, bs_32x16, padding_64, pixelPerThread_1
23916 - CUDA, Array2D, bs_32x2, padding_384, pixelPerThread_1
25526 - CUDA, Array2D, LocalMemory, bs_64x8, padding_192, pixelPerThread_3
7582 - OpenCL, Linear2D, LocalMemory, bs_64x16, padding_256, pixelPerThread_3
25538 - CUDA, Array2D, LocalMemory, bs_64x8, padding_288, pixelPerThread_3
25699 - CUDA, Array2D, LocalMemory, bs_256x2, padding_480, pixelPerThread_4
2174 - OpenCL, LocalMemory, bs_128x8, padding_512, pixelPerThread_3
12882 - OpenCL, Ldg, LocalMemory, bs_32x1, padding_224, pixelPerThread_3
3717 - OpenCL, Linear1D, bs_512x1, padding_352, pixelPerThread_2
12733 - OpenCL, Ldg, bs_256x1, padding_128, pixelPerThread_2
5132 - OpenCL, Linear1D, LocalMemory, bs_512x1, padding_256, pixelPerThread_1
5274 - OpenCL, Linear1D, LocalMemory, bs_1024x1, padding_288, pixelPerThread_3
9767 - OpenCL, Array2D, bs_64x2, padding_320, pixelPerThread_4
13396 - OpenCL, Ldg, LocalMemory, bs_128x2, padding_0, pixelPerThread_1
13698 - OpenCL, Ldg, LocalMemory, bs_512x1, padding_224, pixelPerThread_3
3494 - OpenCL, Linear1D, bs_128x4, padding_192, pixelPerThread_3
16491 - CUDA, LocalMemory, bs_256x4, padding_256, pixelPerThread_4
9443 - OpenCL, Array2D, bs_512x1, padding_448, pixelPerThread_4
23554 - CUDA, Array2D, bs_128x8, padding_192, pixelPerThread_3
12851 - OpenCL, Ldg, bs_256x2, padding_512, pixelPerThread_4
5936 - OpenCL, Linear2D, bs_32x32, padding_160, pixelPerThread_1
23747 - CUDA, Array2D, bs_512x2, padding_96, pixelPerThread_4
4853 - OpenCL, Linear1D, LocalMemory, bs_128x2, padding_192, pixelPerThread_2
25317 - CUDA, Array2D, LocalMemory, bs_32x2, padding_160, pixelPerThread_2
13451 - OpenCL, Ldg, LocalMemory, bs_128x2, padding_416, pixelPerThread_4
8395 - OpenCL, Linear2D, LocalMemory, bs_64x8, padding_224, pixelPerThread_4
6061 - OpenCL, Linear2D, bs_64x4, padding_64, pixelPerThread_2
7081 - OpenCL, Linear2D, bs_256x2, padding_64, pixelPerThread_2
7305 - OpenCL, Linear2D, LocalMemory, bs_32x16, padding_224, pixelPerThread_2
9770 - OpenCL, Array2D, bs_64x2, padding_352, pixelPerThread_3
13502 - OpenCL, Ldg, LocalMemory, bs_128x4, padding_288, pixelPerThread_3
4011 - OpenCL, Linear1D, bs_32x4, padding_512, pixelPerThread_4
11177 - OpenCL, Array2D, LocalMemory, bs_64x2, padding_192, pixelPerThread_2
25425 - CUDA, Array2D, LocalMemory, bs_32x4, padding_480, pixelPerThread_2
12774 - OpenCL, Ldg, bs_256x1, padding_448, pixelPerThread_3
9293 - OpenCL, Array2D, bs_128x8, padding_352, pixelPerThread_2
10009 - OpenCL, Array2D, LocalMemory, bs_32x1, padding_96, pixelPerThread_2
6961 - OpenCL, Linear2D, bs_64x8, padding_192, pixelPerThread_2
4818 - OpenCL, Linear1D, LocalMemory, bs_128x1, padding_448, pixelPerThread_3
12848 - OpenCL, Ldg, bs_256x2, padding_512, pixelPerThread_1
24798 - CUDA, Array2D, LocalMemory, bs_128x1, padding_352, pixelPerThread_3
23725 - CUDA, Array2D, bs_512x1, padding_480, pixelPerThread_2
23932 - CUDA, Array2D, bs_32x2, padding_512, pixelPerThread_1
8530 - OpenCL, Linear2D, LocalMemory, bs_256x2, padding_224, pixelPerThread_3
4190 - OpenCL, Linear1D, bs_256x1, padding_320, pixelPerThread_3
7962 - OpenCL, Linear2D, LocalMemory, bs_512x1, padding_32, pixelPerThread_3
7335 - OpenCL, Linear2D, LocalMemory, bs_32x16, padding_448, pixelPerThread_4
6616 - OpenCL, Linear2D, bs_512x2, padding_160, pixelPerThread_1
12626 - OpenCL, Ldg, bs_64x2, padding_352, pixelPerThread_3
8210 - OpenCL, Linear2D, LocalMemory, bs_32x2, padding_384, pixelPerThread_3
14233 - OpenCL, Ldg, LocalMemory, bs_256x2, padding_160, pixelPerThread_2
6720 - OpenCL, Linear2D, bs_1024x1, padding_448, pixelPerThread_1
24500 - CUDA, Array2D, LocalMemory, bs_32x32, padding_160, pixelPerThread_1
6728 - OpenCL, Linear2D, bs_1024x1, padding_512, pixelPerThread_1
3375 - OpenCL, Linear1D, bs_128x1, padding_320, pixelPerThread_4
24119 - CUDA, Array2D, bs_64x8, padding_352, pixelPerThread_4
4895 - OpenCL, Linear1D, LocalMemory, bs_128x2, padding_512, pixelPerThread_4
3441 - OpenCL, Linear1D, bs_128x2, padding_320, pixelPerThread_2
25546 - CUDA, Array2D, LocalMemory, bs_64x8, padding_352, pixelPerThread_3
10843 - OpenCL, Array2D, LocalMemory, bs_512x1, padding_224, pixelPerThread_4
24261 - CUDA, Array2D, bs_256x2, padding_416, pixelPerThread_2
11932 - OpenCL, Ldg, bs_128x1, padding_256, pixelPerThread_1
6417 - OpenCL, Linear2D, bs_128x8, padding_192, pixelPerThread_2
12343 - OpenCL, Ldg, bs_512x2, padding_256, pixelPerThread_4
13223 - OpenCL, Ldg, LocalMemory, bs_64x4, padding_224, pixelPerThread_4
12635 - OpenCL, Ldg, bs_64x2, padding_416, pixelPerThread_4
11167 - OpenCL, Array2D, LocalMemory, bs_64x2, padding_96, pixelPerThread_4
5438 - OpenCL, Linear1D, LocalMemory, bs_32x4, padding_512, pixelPerThread_3
7795 - OpenCL, Linear2D, LocalMemory, bs_128x4, padding_320, pixelPerThread_4
22123 - CUDA, Linear2D, LocalMemory, bs_128x8, padding_160, pixelPerThread_4
22873 - CUDA, Array2D, bs_32x1, padding_192, pixelPerThread_2
8418 - OpenCL, Linear2D, LocalMemory, bs_64x8, padding_416, pixelPerThread_3
10208 - OpenCL, Array2D, LocalMemory, bs_32x32, padding_64, pixelPerThread_1
23454 - CUDA, Array2D, bs_128x2, padding_480, pixelPerThread_3
4718 - OpenCL, Linear1D, LocalMemory, bs_64x16, padding_192, pixelPerThread_3
27855 - CUDA, Ldg, LocalMemory, bs_128x8, padding_320, pixelPerThread_4
3948 - OpenCL, Linear1D, bs_32x4, padding_32, pixelPerThread_1
10975 - OpenCL, Array2D, LocalMemory, bs_1024x1, padding_192, pixelPerThread_4
14122 - OpenCL, Ldg, LocalMemory, bs_64x8, padding_352, pixelPerThread_3
24333 - CUDA, Array2D, LocalMemory, bs_32x1, padding_448, pixelPerThread_2
24838 - CUDA, Array2D, LocalMemory, bs_128x2, padding_128, pixelPerThread_3
7816 - OpenCL, Linear2D, LocalMemory, bs_128x4, padding_512, pixelPerThread_1
22936 - CUDA, Array2D, bs_32x8, padding_160, pixelPerThread_1
11276 - OpenCL, Array2D, LocalMemory, bs_64x8, padding_448, pixelPerThread_1
22898 - CUDA, Array2D, bs_32x1, padding_384, pixelPerThread_3
9418 - OpenCL, Array2D, bs_512x1, padding_256, pixelPerThread_3
25654 - CUDA, Array2D, LocalMemory, bs_256x2, padding_128, pixelPerThread_3
25659 - CUDA, Array2D, LocalMemory, bs_256x2, padding_160, pixelPerThread_4
1642 - OpenCL, LocalMemory, bs_32x32, padding_64, pixelPerThread_3
4638 - OpenCL, Linear1D, LocalMemory, bs_64x4, padding_96, pixelPerThread_3
23018 - CUDA, Array2D, bs_32x16, padding_256, pixelPerThread_3
