Current machine learning settings: epsilon:0 lossFunction:RELATIVE parallelization:True bagging:False baggingNumbers:3 considerEpsilonTube:False baggingTestDataFraction:50 useBackward:False abortError:1 limitFeatureSize:False featureSizeTreshold:4 quadraticFunctionSupport:True crossValidation:False crossValidation-k:5 learn-logFunction:False learn-accumulatedLogFunction:False learn-asymFunction:False learn-ratioFunction:False learn-mirrowedFunction:False learn-numeric-disabled:True numberOfRounds:70 backwardErrorDelta:1 minImprovementPerRound:0.1 withHierarchy:False bruteForceCandidates:False ignoreBadFeatures:False stopOnLongRound:True candidateSizePenalty:True learnTimeLimit:00:00:00 scoreMeasure:RELERROR outputRoundsToStdout:False debug:False pythonInfluenceAnalysis:False blacklisted: 
command: mlsettings bagging:False stopOnLongRound:False parallelization:True lossFunction:RELATIVE useBackward:False abortError:1 limitFeatureSize:False featureSizeTreshold:7 quadraticFunctionSupport:True crossValidation:False learn_logFunction:True numberOfRounds:70 backwardErrorDelta:1 minImprovementPerRound:0.25 withHierarchy:False
Current machine learning settings: epsilon:0 lossFunction:RELATIVE parallelization:True bagging:False baggingNumbers:3 considerEpsilonTube:False baggingTestDataFraction:50 useBackward:False abortError:1 limitFeatureSize:False featureSizeTreshold:7 quadraticFunctionSupport:True crossValidation:False crossValidation-k:5 learn-logFunction:True learn-accumulatedLogFunction:False learn-asymFunction:False learn-ratioFunction:False learn-mirrowedFunction:False learn-numeric-disabled:True numberOfRounds:70 backwardErrorDelta:1 minImprovementPerRound:0.25 withHierarchy:False bruteForceCandidates:False ignoreBadFeatures:False stopOnLongRound:False candidateSizePenalty:True learnTimeLimit:00:00:00 scoreMeasure:RELERROR outputRoundsToStdout:False debug:False pythonInfluenceAnalysis:False blacklisted: 
command: solver z3
command: vm /scratch/kallistos/Distance-Based_Data/SupplementaryWebsite/MeasuredPerformanceValues/7z/FeatureModel.xml
command: all /scratch/kallistos/Distance-Based_Data/SupplementaryWebsite/MeasuredPerformanceValues/7z/measurements.xml
Configs with too large deviation: 0
68640 configurations loaded.
command: nfp Performance
command: setsampleset /scratch/kallistos/Distance-Based_Data/Results/7z/7z_16/sampledConfigurations_divDistBased_t2.csv
command: learn-splconqueror
Learning: NumberOfConfigurationsLearning:600 NumberOfConfigurationsValidation:600
Learning progress:
1;7929.62962962969 * CompressionMethod + 29268.0370370371 * x_10;120.226145173669;120.226145173669;120.226145173669;120.226145173669;0.193209;2;29268.0370370371 * x_10;1;58.9231716870596;
2;5623.27981651379 * CompressionMethod + 31574.3868501529 * x_10 + 11975.277875794 * x_8;77.427921217159;77.427921217159;77.427921217159;77.427921217159;0.613702;3;11975.277875794 * x_8;1;42.7982239565096;
3;3797.62762762765 * CompressionMethod + 33400.0390390391 * x_10 + 13800.9300646801 * x_8 + 7728.00344033355 * x_6;54.5301225051711;54.5301225051711;54.5301225051711;54.5301225051711;1.358087;4;7728.00344033355 * x_6;1;22.8977987119879;
4;2564.88430294205 * CompressionMethod + 33740.383391724 * x_10 + 14433.0202351344 * x_8 + 7401.21458094029 * x_6 + 4461.99486000336 * BZip2;38.8933935738116;38.8933935738116;38.8933935738116;38.8933935738116;2.61072;5;4461.99486000336 * BZip2;1;15.6367289313595;
5;2271.57622927944 * CompressionMethod + 33821.3619251046 * x_10 + 14583.4141951457 * x_8 + 4028.94901111432 * x_6 + 5523.64256141268 * BZip2 + 11701.1988975372 * x_6 * LZMA;33.3930444737579;33.3930444737579;33.3930444737579;33.3930444737579;4.313673;7;11701.1988975372 * x_6 * LZMA;2;2.75017455002688;
6;1925.94251833831 * CompressionMethod + 33805.2183772192 * x_10 + 14065.1055973974 * x_8 + 3837.9842965132 * x_6 + 5962.29427669634 * BZip2 + 12237.7973230795 * x_6 * LZMA + 1494.80135874538 * LZMA2;29.8903588871976;29.8903588871976;29.8903588871976;29.8903588871976;6.648448;8;1494.80135874538 * LZMA2;1;3.50268558656024;
7;2158.48303837434 * CompressionMethod + 36983.9178509325 * x_10 + 14213.9011983495 * x_8 + 3987.16460041592 * x_6 + 5433.66269796943 * BZip2 + 11856.0764991408 * x_6 * LZMA + 918.763600163361 * LZMA2 + -31999.0675559734 * x_10 * PPMd;26.4049220978767;26.4049220978767;26.4049220978767;26.4049220978767;9.750083;10;-31999.0675559734 * x_10 * PPMd;2;1.74271839466047;
8;2256.70627049551 * CompressionMethod + 36980.5765245713 * x_10 + 14252.6143692904 * x_8 + 4628.82989080153 * x_6 + 5182.18077149293 * BZip2 + 11116.187976634 * x_6 * LZMA + 727.323618952817 * LZMA2 + -32093.9494617335 * x_10 * PPMd + -4263.53616129692 * x_6 * PPMd;24.762523497137;24.762523497137;24.762523497137;24.762523497137;13.687639;12;-4263.53616129692 * x_6 * PPMd;2;0.821199300369814;
9;1895.52624009459 * CompressionMethod + 32260.0132480416 * x_10 + 14025.3898067827 * x_8 + 4304.02093750124 * x_6 + 6007.78304548016 * BZip2 + 11802.1769603353 * x_6 * LZMA + 1613.67443728651 * LZMA2 + -27012.2061548028 * x_10 * PPMd + -3577.54717759582 * x_6 * PPMd + 10614.8771785304 * x_10 * Deflate;23.3948631218864;23.3948631218864;23.3948631218864;23.3948631218864;18.498854;14;10614.8771785304 * x_10 * Deflate;2;0.683830187625311;
10;2147.09135440916 * CompressionMethod + 32501.3542110309 * x_10 + 15367.153471885 * x_8 + 4516.62168881715 * x_6 + 5565.73474990138 * BZip2 + 11338.0110947047 * x_6 * LZMA + 751.619639816575 * LZMA2 + -27505.1122321068 * x_10 * PPMd + -4041.7130432262 * x_6 * PPMd + 10121.9711012266 * x_10 * Deflate + -11124.2448262942 * x_8 * PPMd;21.4107849010309;21.4107849010309;21.4107849010309;21.4107849010309;24.372437;16;-11124.2448262942 * x_8 * PPMd;2;0.992039110427772;
11;2721.2482053437 * CompressionMethod + 15107.0419296036 * x_10 + 14513.1636262997 * x_8 + 5175.22495092991 * x_6 + 2865.3546890107 * BZip2 + 10105.2509816574 * x_6 * LZMA + 1896.43432463144 * LZMA2 + -10684.9568016142 * x_10 * PPMd + -5274.47315627338 * x_6 * PPMd + 26942.1265317195 * x_10 * Deflate + -10844.4118316434 * x_8 * PPMd + 43701.3551760419 * x_10 * BZip2;20.0483735266232;20.0483735266232;20.0483735266232;20.0483735266232;31.41582;18;43701.3551760419 * x_10 * BZip2;2;0.681205687203839;
12;2436.75543954482 * CompressionMethod + 15670.1801140993 * x_10 + 14879.0222492279 * x_8 + 9662.61936386278 * x_6 + 4142.90199923643 * BZip2 + 5902.34933452335 * x_6 * LZMA + 1440.46909403675 * LZMA2 + -10963.6022203107 * x_10 * PPMd + -9477.37480340765 * x_6 * PPMd + 26663.4811130225 * x_10 * Deflate + -10925.7776887727 * x_8 * PPMd + 42145.1624471195 * x_10 * BZip2 + -8546.7212470885 * x_6 * BZip2;14.1069906444985;14.1069906444985;14.1069906444985;14.1069906444985;39.757642;20;-8546.7212470885 * x_6 * BZip2;2;2.97069144106236;
13;2093.45127931817 * CompressionMethod + 15185.7241035134 * x_10 + 14742.7793569861 * x_8 + 9760.82453987503 * x_6 + 4504.20050372145 * BZip2 + 4692.94437180906 * x_6 * LZMA + 1869.39231641214 * LZMA2 + -10135.8420494985 * x_10 * PPMd + -9232.27581919339 * x_6 * PPMd + 27491.2412838351 * x_10 * Deflate + -10446.2306363041 * x_8 * PPMd + 42611.6241134473 * x_10 * BZip2 + -8662.92076735914 * x_6 * BZip2 + 1454.5039469287 * LZMA;11.3905914079148;11.3905914079148;11.3905914079148;11.3905914079148;49.624558;21;1454.5039469287 * LZMA;1;2.71639923658366;
14;2331.884057971 * CompressionMethod + 15209.5377826943 * x_10 + 14787.6029259834 * x_8 + 9852.33853881254 * x_6 + 4259.84763105009 * BZip2 + 4612.61266123165 * x_6 * LZMA + 1599.10770078312 * LZMA2 + -10398.088507332 * x_10 * PPMd + -9562.22259678343 * x_6 * PPMd + 27638.4911528735 * x_10 * Deflate + -10729.4869839542 * x_8 * PPMd + 42593.7305282845 * x_10 * BZip2 + -8748.51467227804 * x_6 * BZip2 + 1204.88887991572 * LZMA + -409.49632687226 * Deflate;10.9931097796735;10.9931097796735;10.9931097796735;10.9931097796735;61.368974;22;-409.49632687226 * Deflate;1;0.397481628241357;
15;2331.8840579711 * CompressionMethod + 15259.6646142553 * x_10 + 14914.8737427921 * x_8 + 9897.28956325755 * x_6 + 3700.41545113357 * BZip2 + 4597.33734535996 * x_6 * LZMA + 1535.96651822972 * LZMA2 + -10448.2153388932 * x_10 * PPMd + -9607.17362122866 * x_6 * PPMd + 27609.0618016133 * x_10 * Deflate + -10856.7578007633 * x_8 * PPMd + 43103.0358766401 * x_10 * BZip2 + -8234.03351680669 * x_6 * BZip2 + 1175.21317134242 * LZMA + -430.193807172891 * Deflate + 1437.95049089525 * BZip2 * x_2;10.4423310964972;10.4423310964972;10.4423310964972;10.4423310964972;75.245944;24;1437.95049089525 * BZip2 * x_2;2;0.275389341588145;
16;2331.88405797106 * CompressionMethod + 15420.8956390779 * x_10 + 15324.2354276434 * x_8 + 10041.8728036574 * x_6 + 4074.65440356742 * BZip2 + 4548.20487965703 * x_6 * LZMA + 1332.87533423638 * LZMA2 + -10609.4463637156 * x_10 * PPMd + -9751.75686162848 * x_6 * PPMd + 27514.4034257328 * x_10 * Deflate + -11266.1194856145 * x_8 * PPMd + 42567.5658993838 * x_10 * BZip2 + -8752.8557096403 * x_6 * BZip2 + 1079.76239664558 * LZMA + -496.766456115022 * Deflate + 1063.71153846155 * BZip2 * x_2 + -2173.63103203892 * x_8 * BZip2;10.1434372959126;10.1434372959126;10.1434372959126;10.1434372959126;91.184178;26;-2173.63103203892 * x_8 * BZip2;2;0.149446900292276;
Elapsed=00:01:31.1974047
average model: 
command: analyze-learning
Round, Model, LearningError, LearningErrorRel, ValidationError, ValidationErrorRel, ElapsedSeconds, ModelComplexity, BestCandidate, BestCandidateSize, BestCandidateScore, TestError
Models:
Termination reason: minImprovementPerRound
1;7929.62962962969 * CompressionMethod + 29268.0370370371 * x_10;120.226145173669;120.226145173669;120.226145173669;120.226145173669;0.193209;2;29268.0370370371 * x_10;1;58.9231716870596;127.966788794918
2;5623.27981651379 * CompressionMethod + 31574.3868501529 * x_10 + 11975.277875794 * x_8;77.427921217159;77.427921217159;77.427921217159;77.427921217159;0.613702;3;11975.277875794 * x_8;1;42.7982239565096;88.53271255645
3;3797.62762762765 * CompressionMethod + 33400.0390390391 * x_10 + 13800.9300646801 * x_8 + 7728.00344033355 * x_6;54.5301225051711;54.5301225051711;54.5301225051711;54.5301225051711;1.358087;4;7728.00344033355 * x_6;1;22.8977987119879;69.5118558592371
4;2564.88430294205 * CompressionMethod + 33740.383391724 * x_10 + 14433.0202351344 * x_8 + 7401.21458094029 * x_6 + 4461.99486000336 * BZip2;38.8933935738116;38.8933935738116;38.8933935738116;38.8933935738116;2.61072;5;4461.99486000336 * BZip2;1;15.6367289313595;55.0542180885361
5;2271.57622927944 * CompressionMethod + 33821.3619251046 * x_10 + 14583.4141951457 * x_8 + 4028.94901111432 * x_6 + 5523.64256141268 * BZip2 + 11701.1988975372 * x_6 * LZMA;33.3930444737579;33.3930444737579;33.3930444737579;33.3930444737579;4.313673;7;11701.1988975372 * x_6 * LZMA;2;2.75017455002688;49.823159673763
6;1925.94251833831 * CompressionMethod + 33805.2183772192 * x_10 + 14065.1055973974 * x_8 + 3837.9842965132 * x_6 + 5962.29427669634 * BZip2 + 12237.7973230795 * x_6 * LZMA + 1494.80135874538 * LZMA2;29.8903588871976;29.8903588871976;29.8903588871976;29.8903588871976;6.648448;8;1494.80135874538 * LZMA2;1;3.50268558656024;46.2370548792001
7;2158.48303837434 * CompressionMethod + 36983.9178509325 * x_10 + 14213.9011983495 * x_8 + 3987.16460041592 * x_6 + 5433.66269796943 * BZip2 + 11856.0764991408 * x_6 * LZMA + 918.763600163361 * LZMA2 + -31999.0675559734 * x_10 * PPMd;26.4049220978767;26.4049220978767;26.4049220978767;26.4049220978767;9.750083;10;-31999.0675559734 * x_10 * PPMd;2;1.74271839466047;35.36378470665
8;2256.70627049551 * CompressionMethod + 36980.5765245713 * x_10 + 14252.6143692904 * x_8 + 4628.82989080153 * x_6 + 5182.18077149293 * BZip2 + 11116.187976634 * x_6 * LZMA + 727.323618952817 * LZMA2 + -32093.9494617335 * x_10 * PPMd + -4263.53616129692 * x_6 * PPMd;24.762523497137;24.762523497137;24.762523497137;24.762523497137;13.687639;12;-4263.53616129692 * x_6 * PPMd;2;0.821199300369814;31.3098586356135
9;1895.52624009459 * CompressionMethod + 32260.0132480416 * x_10 + 14025.3898067827 * x_8 + 4304.02093750124 * x_6 + 6007.78304548016 * BZip2 + 11802.1769603353 * x_6 * LZMA + 1613.67443728651 * LZMA2 + -27012.2061548028 * x_10 * PPMd + -3577.54717759582 * x_6 * PPMd + 10614.8771785304 * x_10 * Deflate;23.3948631218864;23.3948631218864;23.3948631218864;23.3948631218864;18.498854;14;10614.8771785304 * x_10 * Deflate;2;0.683830187625311;29.8673002420153
10;2147.09135440916 * CompressionMethod + 32501.3542110309 * x_10 + 15367.153471885 * x_8 + 4516.62168881715 * x_6 + 5565.73474990138 * BZip2 + 11338.0110947047 * x_6 * LZMA + 751.619639816575 * LZMA2 + -27505.1122321068 * x_10 * PPMd + -4041.7130432262 * x_6 * PPMd + 10121.9711012266 * x_10 * Deflate + -11124.2448262942 * x_8 * PPMd;21.4107849010309;21.4107849010309;21.4107849010309;21.4107849010309;24.372437;16;-11124.2448262942 * x_8 * PPMd;2;0.992039110427772;25.067314370547
11;2721.2482053437 * CompressionMethod + 15107.0419296036 * x_10 + 14513.1636262997 * x_8 + 5175.22495092991 * x_6 + 2865.3546890107 * BZip2 + 10105.2509816574 * x_6 * LZMA + 1896.43432463144 * LZMA2 + -10684.9568016142 * x_10 * PPMd + -5274.47315627338 * x_6 * PPMd + 26942.1265317195 * x_10 * Deflate + -10844.4118316434 * x_8 * PPMd + 43701.3551760419 * x_10 * BZip2;20.0483735266232;20.0483735266232;20.0483735266232;20.0483735266232;31.41582;18;43701.3551760419 * x_10 * BZip2;2;0.681205687203839;19.1631111395038
12;2436.75543954482 * CompressionMethod + 15670.1801140993 * x_10 + 14879.0222492279 * x_8 + 9662.61936386278 * x_6 + 4142.90199923643 * BZip2 + 5902.34933452335 * x_6 * LZMA + 1440.46909403675 * LZMA2 + -10963.6022203107 * x_10 * PPMd + -9477.37480340765 * x_6 * PPMd + 26663.4811130225 * x_10 * Deflate + -10925.7776887727 * x_8 * PPMd + 42145.1624471195 * x_10 * BZip2 + -8546.7212470885 * x_6 * BZip2;14.1069906444985;14.1069906444985;14.1069906444985;14.1069906444985;39.757642;20;-8546.7212470885 * x_6 * BZip2;2;2.97069144106236;15.0488496585234
13;2093.45127931817 * CompressionMethod + 15185.7241035134 * x_10 + 14742.7793569861 * x_8 + 9760.82453987503 * x_6 + 4504.20050372145 * BZip2 + 4692.94437180906 * x_6 * LZMA + 1869.39231641214 * LZMA2 + -10135.8420494985 * x_10 * PPMd + -9232.27581919339 * x_6 * PPMd + 27491.2412838351 * x_10 * Deflate + -10446.2306363041 * x_8 * PPMd + 42611.6241134473 * x_10 * BZip2 + -8662.92076735914 * x_6 * BZip2 + 1454.5039469287 * LZMA;11.3905914079148;11.3905914079148;11.3905914079148;11.3905914079148;49.624558;21;1454.5039469287 * LZMA;1;2.71639923658366;12.2167473296616
14;2331.884057971 * CompressionMethod + 15209.5377826943 * x_10 + 14787.6029259834 * x_8 + 9852.33853881254 * x_6 + 4259.84763105009 * BZip2 + 4612.61266123165 * x_6 * LZMA + 1599.10770078312 * LZMA2 + -10398.088507332 * x_10 * PPMd + -9562.22259678343 * x_6 * PPMd + 27638.4911528735 * x_10 * Deflate + -10729.4869839542 * x_8 * PPMd + 42593.7305282845 * x_10 * BZip2 + -8748.51467227804 * x_6 * BZip2 + 1204.88887991572 * LZMA + -409.49632687226 * Deflate;10.9931097796735;10.9931097796735;10.9931097796735;10.9931097796735;61.368974;22;-409.49632687226 * Deflate;1;0.397481628241357;11.876388540071
15;2331.8840579711 * CompressionMethod + 15259.6646142553 * x_10 + 14914.8737427921 * x_8 + 9897.28956325755 * x_6 + 3700.41545113357 * BZip2 + 4597.33734535996 * x_6 * LZMA + 1535.96651822972 * LZMA2 + -10448.2153388932 * x_10 * PPMd + -9607.17362122866 * x_6 * PPMd + 27609.0618016133 * x_10 * Deflate + -10856.7578007633 * x_8 * PPMd + 43103.0358766401 * x_10 * BZip2 + -8234.03351680669 * x_6 * BZip2 + 1175.21317134242 * LZMA + -430.193807172891 * Deflate + 1437.95049089525 * BZip2 * x_2;10.4423310964972;10.4423310964972;10.4423310964972;10.4423310964972;75.245944;24;1437.95049089525 * BZip2 * x_2;2;0.275389341588145;12.0487816948667
16;2331.88405797106 * CompressionMethod + 15420.8956390779 * x_10 + 15324.2354276434 * x_8 + 10041.8728036574 * x_6 + 4074.65440356742 * BZip2 + 4548.20487965703 * x_6 * LZMA + 1332.87533423638 * LZMA2 + -10609.4463637156 * x_10 * PPMd + -9751.75686162848 * x_6 * PPMd + 27514.4034257328 * x_10 * Deflate + -11266.1194856145 * x_8 * PPMd + 42567.5658993838 * x_10 * BZip2 + -8752.8557096403 * x_6 * BZip2 + 1079.76239664558 * LZMA + -496.766456115022 * Deflate + 1063.71153846155 * BZip2 * x_2 + -2173.63103203892 * x_8 * BZip2;10.1434372959126;10.1434372959126;10.1434372959126;10.1434372959126;91.184178;26;-2173.63103203892 * x_8 * BZip2;2;0.149446900292276;11.2408837569203
Analyze finished
command: clean-sampling
command: clean-global
command: script ./learn_divDistBased_t3.a
command: log ./out_divDistBased_t3Predictions.log
