Current machine learning settings: epsilon:0 lossFunction:RELATIVE parallelization:True bagging:False baggingNumbers:3 considerEpsilonTube:False baggingTestDataFraction:50 useBackward:False abortError:1 limitFeatureSize:False featureSizeTreshold:4 quadraticFunctionSupport:True crossValidation:False crossValidation-k:5 learn-logFunction:False learn-accumulatedLogFunction:False learn-asymFunction:False learn-ratioFunction:False learn-mirrowedFunction:False learn-numeric-disabled:True numberOfRounds:70 backwardErrorDelta:1 minImprovementPerRound:0.1 withHierarchy:False bruteForceCandidates:False ignoreBadFeatures:False stopOnLongRound:True candidateSizePenalty:True learnTimeLimit:00:00:00 scoreMeasure:RELERROR outputRoundsToStdout:False debug:False pythonInfluenceAnalysis:False blacklisted: 
command: mlsettings bagging:False stopOnLongRound:False parallelization:True lossFunction:RELATIVE useBackward:False abortError:1 limitFeatureSize:False featureSizeTreshold:7 quadraticFunctionSupport:True crossValidation:False learn_logFunction:True numberOfRounds:70 backwardErrorDelta:1 minImprovementPerRound:0.25 withHierarchy:False
Current machine learning settings: epsilon:0 lossFunction:RELATIVE parallelization:True bagging:False baggingNumbers:3 considerEpsilonTube:False baggingTestDataFraction:50 useBackward:False abortError:1 limitFeatureSize:False featureSizeTreshold:7 quadraticFunctionSupport:True crossValidation:False crossValidation-k:5 learn-logFunction:True learn-accumulatedLogFunction:False learn-asymFunction:False learn-ratioFunction:False learn-mirrowedFunction:False learn-numeric-disabled:True numberOfRounds:70 backwardErrorDelta:1 minImprovementPerRound:0.25 withHierarchy:False bruteForceCandidates:False ignoreBadFeatures:False stopOnLongRound:False candidateSizePenalty:True learnTimeLimit:00:00:00 scoreMeasure:RELERROR outputRoundsToStdout:False debug:False pythonInfluenceAnalysis:False blacklisted: 
command: solver z3
command: vm /scratch/kallistos/Distance-Based_Data/SupplementaryWebsite/MeasuredPerformanceValues/Polly/FeatureModel.xml
command: all /scratch/kallistos/Distance-Based_Data/SupplementaryWebsite/MeasuredPerformanceValues/Polly/measurements.xml
Configs with too large deviation: 0
60000 configurations loaded.
command: nfp Performance
command: setsampleset /scratch/kallistos/Distance-Based_Data/Results/Polly/Polly_51/sampledConfigurations_grammarBased_t2.csv
command: learn-splconqueror
Learning: NumberOfConfigurationsLearning:345 NumberOfConfigurationsValidation:345
Learning progress:
1;24.8812048192772 * polly_vectorizer + 4.77304099077874 * max;24.6540445267103;24.6540445267103;24.6540445267103;24.6540445267103;0.096899;2;4.77304099077874 * max;1;2.67958241481344;
2;24.2326836623679 * polly_vectorizer + 4.75897874809982 * max + 1.82465274655835 * parallel;23.5461391369781;23.5461391369781;23.5461391369781;23.5461391369781;0.350675;3;1.82465274655835 * parallel;1;1.10790538973214;
3;26.3725844837252 * polly_vectorizer + 4.76991024258863 * max + 2.39399455343755 * parallel + -4.74164271891681 * value_based;23.3292551853851;23.3292551853851;23.3292551853851;23.3292551853851;0.793513;4;-4.74164271891681 * value_based;1;0.216883951593001;
Elapsed=00:00:00.7985484
average model: 
command: analyze-learning
Round, Model, LearningError, LearningErrorRel, ValidationError, ValidationErrorRel, ElapsedSeconds, ModelComplexity, BestCandidate, BestCandidateSize, BestCandidateScore, TestError
Models:
Termination reason: minImprovementPerRound
1;24.8812048192772 * polly_vectorizer + 4.77304099077874 * max;24.6540445267103;24.6540445267103;24.6540445267103;24.6540445267103;0.096899;2;4.77304099077874 * max;1;2.67958241481344;28.5565004361931
2;24.2326836623679 * polly_vectorizer + 4.75897874809982 * max + 1.82465274655835 * parallel;23.5461391369781;23.5461391369781;23.5461391369781;23.5461391369781;0.350675;3;1.82465274655835 * parallel;1;1.10790538973214;27.4059527105021
3;26.3725844837252 * polly_vectorizer + 4.76991024258863 * max + 2.39399455343755 * parallel + -4.74164271891681 * value_based;23.3292551853851;23.3292551853851;23.3292551853851;23.3292551853851;0.793513;4;-4.74164271891681 * value_based;1;0.216883951593001;26.6918385733537
Analyze finished
command: clean-sampling
command: clean-global
command: script ./learn_grammarBased_t3.a
command: log ./out_grammarBased_t3Predictions.log
