Current machine learning settings: epsilon:0 lossFunction:RELATIVE parallelization:True bagging:False baggingNumbers:3 considerEpsilonTube:False baggingTestDataFraction:50 useBackward:False abortError:1 limitFeatureSize:False featureSizeTreshold:4 quadraticFunctionSupport:True crossValidation:False crossValidation-k:5 learn-logFunction:False learn-accumulatedLogFunction:False learn-asymFunction:False learn-ratioFunction:False learn-mirrowedFunction:False learn-numeric-disabled:True numberOfRounds:70 backwardErrorDelta:1 minImprovementPerRound:0.1 withHierarchy:False bruteForceCandidates:False ignoreBadFeatures:False stopOnLongRound:True candidateSizePenalty:True learnTimeLimit:00:00:00 scoreMeasure:RELERROR outputRoundsToStdout:False debug:False pythonInfluenceAnalysis:False blacklisted: 
command: mlsettings bagging:False stopOnLongRound:False parallelization:True lossFunction:RELATIVE useBackward:False abortError:1 limitFeatureSize:False featureSizeTreshold:7 quadraticFunctionSupport:True crossValidation:False learn_logFunction:True numberOfRounds:70 backwardErrorDelta:1 minImprovementPerRound:0.25 withHierarchy:False
Current machine learning settings: epsilon:0 lossFunction:RELATIVE parallelization:True bagging:False baggingNumbers:3 considerEpsilonTube:False baggingTestDataFraction:50 useBackward:False abortError:1 limitFeatureSize:False featureSizeTreshold:7 quadraticFunctionSupport:True crossValidation:False crossValidation-k:5 learn-logFunction:True learn-accumulatedLogFunction:False learn-asymFunction:False learn-ratioFunction:False learn-mirrowedFunction:False learn-numeric-disabled:True numberOfRounds:70 backwardErrorDelta:1 minImprovementPerRound:0.25 withHierarchy:False bruteForceCandidates:False ignoreBadFeatures:False stopOnLongRound:False candidateSizePenalty:True learnTimeLimit:00:00:00 scoreMeasure:RELERROR outputRoundsToStdout:False debug:False pythonInfluenceAnalysis:False blacklisted: 
command: solver z3
command: vm /scratch/kallistos/Distance-Based_Data/SupplementaryWebsite/MeasuredPerformanceValues/7z/FeatureModel.xml
command: all /scratch/kallistos/Distance-Based_Data/SupplementaryWebsite/MeasuredPerformanceValues/7z/measurements.xml
Configs with too large deviation: 0
68640 configurations loaded.
command: nfp Performance
command: setsampleset /scratch/kallistos/Distance-Based_Data/Results/7z/7z_56/sampledConfigurations_divDistBased_t3.csv
command: learn-splconqueror
Learning: NumberOfConfigurationsLearning:4091 NumberOfConfigurationsValidation:4091
Learning progress:
1;6581.96969696975 * CompressionMethod + 26881.5963121348 * x_10;103.722576584881;103.722576584881;103.722576584881;103.722576584881;1.550724;2;26881.5963121348 * x_10;1;86.7922569767333;
2;4632.00139958012 * CompressionMethod + 28831.5646095245 * x_10 + 11659.0438965874 * x_8;68.7676910095335;68.7676910095335;68.7676910095335;68.7676910095335;4.37053;3;11659.0438965874 * x_8;1;34.954885575348;
3;2780.77933249175 * CompressionMethod + 28625.2993587851 * x_10 + 11561.064813496 * x_8 + 9481.70728985398 * BZip2;48.7348929014951;48.7348929014951;48.7348929014951;48.7348929014951;9.067357;4;9481.70728985398 * BZip2;1;20.0327981080384;
4;2968.93061036439 * CompressionMethod + 33058.7764701692 * x_10 + 11571.0230405594 * x_8 + 8518.02207092948 * BZip2 + -28508.2953158272 * x_10 * PPMd;40.3203283065467;40.3203283065467;40.3203283065467;40.3203283065467;16.460939;6;-28508.2953158272 * x_10 * PPMd;2;4.20728229747419;
5;3332.00894895592 * CompressionMethod + 41614.1236460495 * x_10 + 11590.2395804536 * x_8 + 6658.38427219253 * BZip2 + -37426.7208302973 * x_10 * PPMd + -27335.086083377 * x_10 * LZMA2;35.8868572636735;35.8868572636735;35.8868572636735;35.8868572636735;26.731298;8;-27335.086083377 * x_10 * LZMA2;2;2.2167355214366;
6;3403.96848414591 * CompressionMethod + 41679.0604022277 * x_10 + 13570.2015043174 * x_8 + 6289.81733389092 * BZip2 + -37563.6171216675 * x_10 * PPMd + -27471.9823747472 * x_10 * LZMA2 + -10701.0567809156 * x_8 * PPMd;32.4056899183872;32.4056899183872;32.4056899183872;32.4056899183872;40.545931;10;-10701.0567809156 * x_8 * PPMd;2;1.74058367264315;
7;3685.4101816234 * CompressionMethod + 41476.858130692 * x_10 + 13342.54988395 * x_8 + 6076.48041789423 * BZip2 + -36293.8046337003 * x_10 * PPMd + -27551.2218006881 * x_10 * LZMA2 + -9405.79494411928 * x_8 * PPMd + -1349.05191390708 * PPMd;31.020900712759;31.020900712759;31.020900712759;31.020900712759;58.338198;11;-1349.05191390708 * PPMd;1;1.38478920562816;
8;3893.22268332006 * CompressionMethod + 41674.279813587 * x_10 + 13268.6148454318 * x_8 + 5844.84988676044 * BZip2 + -36491.2263165981 * x_10 * PPMd + -27956.4559852786 * x_10 * LZMA2 + -9331.85990560092 * x_8 * PPMd + -1556.86441560356 * PPMd + -735.880210275821 * Deflate;29.8317294137933;29.8317294137933;29.8317294137933;29.8317294137933;81.571856;12;-735.880210275821 * Deflate;1;1.18917129896573;
9;3858.32023819224 * CompressionMethod + 42006.7447615731 * x_10 + 13380.3239154991 * x_8 + 5805.60806103382 * BZip2 + -36823.6912645841 * x_10 * PPMd + -28254.0184881367 * x_10 * LZMA2 + -9443.56897566854 * x_8 * PPMd + -1521.96197047544 * PPMd + -1388.27531519492 * Deflate + 5413.92943597719 * Deflate * x_6;25.028939858654;25.028939858654;25.028939858654;25.028939858654;111.200792;14;5413.92943597719 * Deflate * x_6;2;2.40139477756966;
10;3634.66094940921 * CompressionMethod + 42014.6467777112 * x_10 + 13432.1979722544 * x_8 + 5652.48568755648 * BZip2 + -36762.6728701376 * x_10 * PPMd + -28298.8231794184 * x_10 * LZMA2 + -9416.81439670914 * x_8 * PPMd + -1477.06784177553 * PPMd + -1437.72430228388 * Deflate + 5626.55639228738 * Deflate * x_6 + 589.692865727402 * tmOff;24.2422819675035;24.2422819675035;24.2422819675035;24.2422819675035;147.341137;15;589.692865727402 * tmOff;1;0.786657891150508;
11;3694.57332303828 * CompressionMethod + 42123.1355984984 * x_10 + 12956.3025403718 * x_8 + 5606.52948259179 * BZip2 + -36864.4804477079 * x_10 * PPMd + -28492.4836234416 * x_10 * LZMA2 + -8933.2965923767 * x_8 * PPMd + -1554.30996580797 * PPMd + -1852.32628558695 * Deflate + 5975.38285630383 * Deflate * x_6 + 646.858535890032 * tmOff + 4379.75977185764 * x_8 * Deflate;23.2424349802609;23.2424349802609;23.2424349802609;23.2424349802609;193.331264;17;4379.75977185764 * x_8 * Deflate;2;0.499923493621251;
12;3504.74953509353 * CompressionMethod + 41972.5227104137 * x_10 + 14167.9724416616 * x_8 + 6296.05489028515 * BZip2 + -36720.6759279307 * x_10 * PPMd + -28126.307085997 * x_10 * LZMA2 + -10152.7338982245 * x_8 * PPMd + -1346.82669150937 * PPMd + -1590.94524294852 * Deflate + 5909.80030628396 * Deflate * x_6 + 588.605165319551 * tmOff + 3103.81428719415 * x_8 * Deflate + -4245.14880990396 * x_8 * BZip2;22.6442299805504;22.6442299805504;22.6442299805504;22.6442299805504;247.868269;19;-4245.14880990396 * x_8 * BZip2;2;0.299102499855252;
13;3516.71367307945 * CompressionMethod + 41971.6323261803 * x_10 + 14167.8459704199 * x_8 + 6305.56063420237 * BZip2 + -36698.1757639954 * x_10 * PPMd + -28122.8887271456 * x_10 * LZMA2 + -10127.9536635831 * x_8 * PPMd + -1414.84208767532 * PPMd + -1586.90639430701 * Deflate + 5897.1612108408 * Deflate * x_6 + 555.807226267521 * tmOff + 3092.03751419118 * x_8 * Deflate + -4250.92709694739 * x_8 * BZip2 + 217.694297205161 * tmOff * PPMd;22.4857540043121;22.4857540043121;22.4857540043121;22.4857540043121;312.400407;21;217.694297205161 * tmOff * PPMd;2;0.0792379881191589;
Elapsed=00:05:12.4747831
average model: 
command: analyze-learning
Round, Model, LearningError, LearningErrorRel, ValidationError, ValidationErrorRel, ElapsedSeconds, ModelComplexity, BestCandidate, BestCandidateSize, BestCandidateScore, TestError
Models:
Termination reason: minImprovementPerRound
1;6581.96969696975 * CompressionMethod + 26881.5963121348 * x_10;103.722576584881;103.722576584881;103.722576584881;103.722576584881;1.550724;2;26881.5963121348 * x_10;1;86.7922569767333;102.64988080998
2;4632.00139958012 * CompressionMethod + 28831.5646095245 * x_10 + 11659.0438965874 * x_8;68.7676910095335;68.7676910095335;68.7676910095335;68.7676910095335;4.37053;3;11659.0438965874 * x_8;1;34.954885575348;71.9291384271226
3;2780.77933249175 * CompressionMethod + 28625.2993587851 * x_10 + 11561.064813496 * x_8 + 9481.70728985398 * BZip2;48.7348929014951;48.7348929014951;48.7348929014951;48.7348929014951;9.067357;4;9481.70728985398 * BZip2;1;20.0327981080384;54.5559453906625
4;2968.93061036439 * CompressionMethod + 33058.7764701692 * x_10 + 11571.0230405594 * x_8 + 8518.02207092948 * BZip2 + -28508.2953158272 * x_10 * PPMd;40.3203283065467;40.3203283065467;40.3203283065467;40.3203283065467;16.460939;6;-28508.2953158272 * x_10 * PPMd;2;4.20728229747419;44.6719264844682
5;3332.00894895592 * CompressionMethod + 41614.1236460495 * x_10 + 11590.2395804536 * x_8 + 6658.38427219253 * BZip2 + -37426.7208302973 * x_10 * PPMd + -27335.086083377 * x_10 * LZMA2;35.8868572636735;35.8868572636735;35.8868572636735;35.8868572636735;26.731298;8;-27335.086083377 * x_10 * LZMA2;2;2.2167355214366;41.8267018140583
6;3403.96848414591 * CompressionMethod + 41679.0604022277 * x_10 + 13570.2015043174 * x_8 + 6289.81733389092 * BZip2 + -37563.6171216675 * x_10 * PPMd + -27471.9823747472 * x_10 * LZMA2 + -10701.0567809156 * x_8 * PPMd;32.4056899183872;32.4056899183872;32.4056899183872;32.4056899183872;40.545931;10;-10701.0567809156 * x_8 * PPMd;2;1.74058367264315;37.2202258374434
7;3685.4101816234 * CompressionMethod + 41476.858130692 * x_10 + 13342.54988395 * x_8 + 6076.48041789423 * BZip2 + -36293.8046337003 * x_10 * PPMd + -27551.2218006881 * x_10 * LZMA2 + -9405.79494411928 * x_8 * PPMd + -1349.05191390708 * PPMd;31.020900712759;31.020900712759;31.020900712759;31.020900712759;58.338198;11;-1349.05191390708 * PPMd;1;1.38478920562816;35.198305185975
8;3893.22268332006 * CompressionMethod + 41674.279813587 * x_10 + 13268.6148454318 * x_8 + 5844.84988676044 * BZip2 + -36491.2263165981 * x_10 * PPMd + -27956.4559852786 * x_10 * LZMA2 + -9331.85990560092 * x_8 * PPMd + -1556.86441560356 * PPMd + -735.880210275821 * Deflate;29.8317294137933;29.8317294137933;29.8317294137933;29.8317294137933;81.571856;12;-735.880210275821 * Deflate;1;1.18917129896573;33.5978095424478
9;3858.32023819224 * CompressionMethod + 42006.7447615731 * x_10 + 13380.3239154991 * x_8 + 5805.60806103382 * BZip2 + -36823.6912645841 * x_10 * PPMd + -28254.0184881367 * x_10 * LZMA2 + -9443.56897566854 * x_8 * PPMd + -1521.96197047544 * PPMd + -1388.27531519492 * Deflate + 5413.92943597719 * Deflate * x_6;25.028939858654;25.028939858654;25.028939858654;25.028939858654;111.200792;14;5413.92943597719 * Deflate * x_6;2;2.40139477756966;28.1070777050589
10;3634.66094940921 * CompressionMethod + 42014.6467777112 * x_10 + 13432.1979722544 * x_8 + 5652.48568755648 * BZip2 + -36762.6728701376 * x_10 * PPMd + -28298.8231794184 * x_10 * LZMA2 + -9416.81439670914 * x_8 * PPMd + -1477.06784177553 * PPMd + -1437.72430228388 * Deflate + 5626.55639228738 * Deflate * x_6 + 589.692865727402 * tmOff;24.2422819675035;24.2422819675035;24.2422819675035;24.2422819675035;147.341137;15;589.692865727402 * tmOff;1;0.786657891150508;28.5728306520208
11;3694.57332303828 * CompressionMethod + 42123.1355984984 * x_10 + 12956.3025403718 * x_8 + 5606.52948259179 * BZip2 + -36864.4804477079 * x_10 * PPMd + -28492.4836234416 * x_10 * LZMA2 + -8933.2965923767 * x_8 * PPMd + -1554.30996580797 * PPMd + -1852.32628558695 * Deflate + 5975.38285630383 * Deflate * x_6 + 646.858535890032 * tmOff + 4379.75977185764 * x_8 * Deflate;23.2424349802609;23.2424349802609;23.2424349802609;23.2424349802609;193.331264;17;4379.75977185764 * x_8 * Deflate;2;0.499923493621251;27.3738158096184
12;3504.74953509353 * CompressionMethod + 41972.5227104137 * x_10 + 14167.9724416616 * x_8 + 6296.05489028515 * BZip2 + -36720.6759279307 * x_10 * PPMd + -28126.307085997 * x_10 * LZMA2 + -10152.7338982245 * x_8 * PPMd + -1346.82669150937 * PPMd + -1590.94524294852 * Deflate + 5909.80030628396 * Deflate * x_6 + 588.605165319551 * tmOff + 3103.81428719415 * x_8 * Deflate + -4245.14880990396 * x_8 * BZip2;22.6442299805504;22.6442299805504;22.6442299805504;22.6442299805504;247.868269;19;-4245.14880990396 * x_8 * BZip2;2;0.299102499855252;26.8153073792806
13;3516.71367307945 * CompressionMethod + 41971.6323261803 * x_10 + 14167.8459704199 * x_8 + 6305.56063420237 * BZip2 + -36698.1757639954 * x_10 * PPMd + -28122.8887271456 * x_10 * LZMA2 + -10127.9536635831 * x_8 * PPMd + -1414.84208767532 * PPMd + -1586.90639430701 * Deflate + 5897.1612108408 * Deflate * x_6 + 555.807226267521 * tmOff + 3092.03751419118 * x_8 * Deflate + -4250.92709694739 * x_8 * BZip2 + 217.694297205161 * tmOff * PPMd;22.4857540043121;22.4857540043121;22.4857540043121;22.4857540043121;312.400407;21;217.694297205161 * tmOff * PPMd;2;0.0792379881191589;26.9648558965507
Analyze finished
command: clean-sampling
command: clean-global
