Current machine learning settings: epsilon:0 lossFunction:RELATIVE parallelization:True bagging:False baggingNumbers:3 considerEpsilonTube:False baggingTestDataFraction:50 useBackward:False abortError:1 limitFeatureSize:False featureSizeTreshold:4 quadraticFunctionSupport:True crossValidation:False crossValidation-k:5 learn-logFunction:False learn-accumulatedLogFunction:False learn-asymFunction:False learn-ratioFunction:False learn-mirrowedFunction:False learn-numeric-disabled:True numberOfRounds:70 backwardErrorDelta:1 minImprovementPerRound:0.1 withHierarchy:False bruteForceCandidates:False ignoreBadFeatures:False stopOnLongRound:True candidateSizePenalty:True learnTimeLimit:00:00:00 scoreMeasure:RELERROR outputRoundsToStdout:False debug:False pythonInfluenceAnalysis:False blacklisted: 
command: mlsettings bagging:False stopOnLongRound:False parallelization:True lossFunction:RELATIVE useBackward:False abortError:1 limitFeatureSize:False featureSizeTreshold:7 quadraticFunctionSupport:True crossValidation:False learn_logFunction:True numberOfRounds:70 backwardErrorDelta:1 minImprovementPerRound:0.25 withHierarchy:False
Current machine learning settings: epsilon:0 lossFunction:RELATIVE parallelization:True bagging:False baggingNumbers:3 considerEpsilonTube:False baggingTestDataFraction:50 useBackward:False abortError:1 limitFeatureSize:False featureSizeTreshold:7 quadraticFunctionSupport:True crossValidation:False crossValidation-k:5 learn-logFunction:True learn-accumulatedLogFunction:False learn-asymFunction:False learn-ratioFunction:False learn-mirrowedFunction:False learn-numeric-disabled:True numberOfRounds:70 backwardErrorDelta:1 minImprovementPerRound:0.25 withHierarchy:False bruteForceCandidates:False ignoreBadFeatures:False stopOnLongRound:False candidateSizePenalty:True learnTimeLimit:00:00:00 scoreMeasure:RELERROR outputRoundsToStdout:False debug:False pythonInfluenceAnalysis:False blacklisted: 
command: solver z3
command: vm /scratch/kallistos/Distance-Based_Data/SupplementaryWebsite/MeasuredPerformanceValues/Polly/FeatureModel.xml
command: all /scratch/kallistos/Distance-Based_Data/SupplementaryWebsite/MeasuredPerformanceValues/Polly/measurements.xml
Configs with too large deviation: 0
60000 configurations loaded.
command: nfp Performance
command: setsampleset /scratch/kallistos/Distance-Based_Data/Results/Polly/Polly_57/sampledConfigurations_grammarBased_t1.csv
command: learn-splconqueror
Learning: NumberOfConfigurationsLearning:28 NumberOfConfigurationsValidation:28
Learning progress:
1;29.6721052631579 * polly_vectorizer + -6.75062378167642 * pollyoptmaxcoefficient_1000;21.6019334529852;21.6019334529852;21.6019334529852;21.6019334529852;0.05638;2;-6.75062378167642 * pollyoptmaxcoefficient_1000;1;4.39289376012971;
2;29.6721052631579 * polly_vectorizer + -0.296105263157902 * pollyoptmaxcoefficient_1000 + -14.5226666666667 * pollyoptmaxcoefficient_1000 * min;10.1048194653147;10.1048194653147;10.1048194653147;10.1048194653147;0.08744;4;-14.5226666666667 * pollyoptmaxcoefficient_1000 * min;2;5.74855699383527;
3;28.8229715762274 * polly_vectorizer + 0.149689922480621 * pollyoptmaxcoefficient_1000 + -14.1193281653747 * pollyoptmaxcoefficient_1000 * min + 2.01669250645995 * parallel;8.07611660513404;8.07611660513404;8.07611660513404;8.07611660513404;0.143533;5;2.01669250645995 * parallel;1;2.02870286018066;
4;28.8229715762274 * polly_vectorizer + 0.149689922480634 * pollyoptmaxcoefficient_1000 + -0.432661498707994 * pollyoptmaxcoefficient_1000 * min + 2.01669250645997 * parallel + -18.2488888888889 * pollyoptmaxcoefficient_1000 * min * value_based;3.23948294267282;3.23948294267282;3.23948294267282;3.23948294267282;0.227326;8;-18.2488888888889 * pollyoptmaxcoefficient_1000 * min * value_based;3;1.61221122082041;
5;28.8229715762274 * polly_vectorizer + 0.14968992248063 * pollyoptmaxcoefficient_1000 + -0.432661498708002 * pollyoptmaxcoefficient_1000 * min + 2.01669250645996 * parallel + -16.6083333333334 * pollyoptmaxcoefficient_1000 * min * value_based + -4.92166666666675 * pollyoptmaxcoefficient_1000 * pollydefaulttilesize_1024;0.932049010298471;0.932049010298471;0.932049010298471;0.932049010298471;0.350658;10;-4.92166666666675 * pollyoptmaxcoefficient_1000 * pollydefaulttilesize_1024;2;1.15371696618717;
Elapsed=00:00:00.3537219
average model: 
command: analyze-learning
Round, Model, LearningError, LearningErrorRel, ValidationError, ValidationErrorRel, ElapsedSeconds, ModelComplexity, BestCandidate, BestCandidateSize, BestCandidateScore, TestError
Models:
Termination reason: abortError
1;29.6721052631579 * polly_vectorizer + -6.75062378167642 * pollyoptmaxcoefficient_1000;21.6019334529852;21.6019334529852;21.6019334529852;21.6019334529852;0.05638;2;-6.75062378167642 * pollyoptmaxcoefficient_1000;1;4.39289376012971;32.9203249891074
2;29.6721052631579 * polly_vectorizer + -0.296105263157902 * pollyoptmaxcoefficient_1000 + -14.5226666666667 * pollyoptmaxcoefficient_1000 * min;10.1048194653147;10.1048194653147;10.1048194653147;10.1048194653147;0.08744;4;-14.5226666666667 * pollyoptmaxcoefficient_1000 * min;2;5.74855699383527;30.9409468525536
3;28.8229715762274 * polly_vectorizer + 0.149689922480621 * pollyoptmaxcoefficient_1000 + -14.1193281653747 * pollyoptmaxcoefficient_1000 * min + 2.01669250645995 * parallel;8.07611660513404;8.07611660513404;8.07611660513404;8.07611660513404;0.143533;5;2.01669250645995 * parallel;1;2.02870286018066;29.1616015238473
4;28.8229715762274 * polly_vectorizer + 0.149689922480634 * pollyoptmaxcoefficient_1000 + -0.432661498707994 * pollyoptmaxcoefficient_1000 * min + 2.01669250645997 * parallel + -18.2488888888889 * pollyoptmaxcoefficient_1000 * min * value_based;3.23948294267282;3.23948294267282;3.23948294267282;3.23948294267282;0.227326;8;-18.2488888888889 * pollyoptmaxcoefficient_1000 * min * value_based;3;1.61221122082041;26.4786081991278
5;28.8229715762274 * polly_vectorizer + 0.14968992248063 * pollyoptmaxcoefficient_1000 + -0.432661498708002 * pollyoptmaxcoefficient_1000 * min + 2.01669250645996 * parallel + -16.6083333333334 * pollyoptmaxcoefficient_1000 * min * value_based + -4.92166666666675 * pollyoptmaxcoefficient_1000 * pollydefaulttilesize_1024;0.932049010298471;0.932049010298471;0.932049010298471;0.932049010298471;0.350658;10;-4.92166666666675 * pollyoptmaxcoefficient_1000 * pollydefaulttilesize_1024;2;1.15371696618717;27.0001096641479
Analyze finished
command: clean-sampling
command: clean-global
command: script ./learn_grammarBased_t2.a
command: log ./out_grammarBased_t2Predictions.log
