Current machine learning settings: epsilon:0 lossFunction:RELATIVE parallelization:True bagging:False baggingNumbers:3 considerEpsilonTube:False baggingTestDataFraction:50 useBackward:False abortError:1 limitFeatureSize:False featureSizeTreshold:4 quadraticFunctionSupport:True crossValidation:False crossValidation-k:5 learn-logFunction:False learn-accumulatedLogFunction:False learn-asymFunction:False learn-ratioFunction:False learn-mirrowedFunction:False learn-numeric-disabled:True numberOfRounds:70 backwardErrorDelta:1 minImprovementPerRound:0.1 withHierarchy:False bruteForceCandidates:False ignoreBadFeatures:False stopOnLongRound:True candidateSizePenalty:True learnTimeLimit:00:00:00 scoreMeasure:RELERROR outputRoundsToStdout:False debug:False pythonInfluenceAnalysis:False blacklisted: 
command: mlsettings bagging:False stopOnLongRound:False parallelization:True lossFunction:RELATIVE useBackward:False abortError:1 limitFeatureSize:False featureSizeTreshold:7 quadraticFunctionSupport:True crossValidation:False learn_logFunction:True numberOfRounds:70 backwardErrorDelta:1 minImprovementPerRound:0.25 withHierarchy:False
Current machine learning settings: epsilon:0 lossFunction:RELATIVE parallelization:True bagging:False baggingNumbers:3 considerEpsilonTube:False baggingTestDataFraction:50 useBackward:False abortError:1 limitFeatureSize:False featureSizeTreshold:7 quadraticFunctionSupport:True crossValidation:False crossValidation-k:5 learn-logFunction:True learn-accumulatedLogFunction:False learn-asymFunction:False learn-ratioFunction:False learn-mirrowedFunction:False learn-numeric-disabled:True numberOfRounds:70 backwardErrorDelta:1 minImprovementPerRound:0.25 withHierarchy:False bruteForceCandidates:False ignoreBadFeatures:False stopOnLongRound:False candidateSizePenalty:True learnTimeLimit:00:00:00 scoreMeasure:RELERROR outputRoundsToStdout:False debug:False pythonInfluenceAnalysis:False blacklisted: 
command: solver z3
command: vm /scratch/kallistos/Distance-Based_Data/SupplementaryWebsite/MeasuredPerformanceValues/Polly/FeatureModel.xml
command: all /scratch/kallistos/Distance-Based_Data/SupplementaryWebsite/MeasuredPerformanceValues/Polly/measurements.xml
Configs with too large deviation: 0
60000 configurations loaded.
command: nfp Performance
command: setsampleset /scratch/kallistos/Distance-Based_Data/Results/Polly/Polly_57/sampledConfigurations_divDistBased_t3.csv
command: learn-splconqueror
Learning: NumberOfConfigurationsLearning:2172 NumberOfConfigurationsValidation:2172
Learning progress:
1;22.155283050283 * polly_vectorizer + 7.30868506813428 * max;34.5481538303115;34.5481538303115;34.5481538303115;34.5481538303115;0.580993;2;7.30868506813428 * max;1;9.08938532539293;
2;25.7645770548205 * polly_vectorizer + 7.94873904846791 * max + -7.32840425667743 * value_based;29.6700854422959;29.6700854422959;29.6700854422959;29.6700854422959;2.151122;3;-7.32840425667743 * value_based;1;4.87806838801562;
3;29.7924146981628 * polly_vectorizer + -0.237922828244187 * max + -0.156116808553791 * value_based + -15.3505135758835 * value_based * min;16.1110468468913;16.1110468468913;16.1110468468913;16.1110468468913;5.073735;5;-15.3505135758835 * value_based * min;2;6.77951929770229;
4;29.0594313018187 * polly_vectorizer + -0.094385976474117 * max + -0.00959916803540217 * value_based + -15.3305116618571 * value_based * min + 1.79017098722506 * parallel;14.1709920387478;14.1709920387478;14.1709920387478;14.1709920387478;9.491098;6;1.79017098722506 * parallel;1;1.94005480814348;
5;28.9224913568461 * polly_vectorizer + -0.0675696410959922 * max + 0.0177740545097961 * value_based + -18.3881400090758 * value_based * min + 2.12462046821575 * parallel + 16.9578994415841 * value_based * min * polly_no_tiling;9.31119802310515;9.31119802310515;9.31119802310515;9.31119802310515;15.712148;9;16.9578994415841 * value_based * min * polly_no_tiling;3;1.61993133854755;
6;28.9799843943852 * polly_vectorizer + -0.0788282448354701 * max + 0.00628164656650104 * value_based + -20.7875626556056 * value_based * min + 1.98420478037982 * parallel + 16.7193457717885 * value_based * min * polly_no_tiling + 4.57556341544721 * value_based * min * none;5.87889816956981;5.87889816956981;5.87889816956981;5.87889816956981;23.801901;12;4.57556341544721 * value_based * min * none;3;1.14409995117844;
7;28.9705631776487 * polly_vectorizer + -0.0769833302072541 * max + 0.0081648740092391 * value_based + -21.7576508472338 * value_based * min + 2.0072142904862 * parallel + 16.8134364747769 * value_based * min * polly_no_tiling + 4.55646364829562 * value_based * min * none + 4.39842027604481 * value_based * min * pollydefaulttilesize_4;5.03882496596789;5.03882496596789;5.03882496596789;5.03882496596789;34.40773;15;4.39842027604481 * value_based * min * pollydefaulttilesize_4;3;0.28002440120064;
8;28.9746252599229 * polly_vectorizer + -0.077778789564161 * max + 0.0073528955748744 * value_based + -22.7265380020648 * value_based * min + 1.99729343570131 * parallel + 16.5195112227653 * value_based * min * polly_no_tiling + 6.47777654350407 * value_based * min * none + 9.07544051077913 * value_based * min * pollydefaulttilesize_4 + -8.73547258408651 * value_based * min * pollydefaulttilesize_4 * none;3.79181410241439;3.79181410241439;3.79181410241439;3.79181410241439;47.511339;19;-8.73547258408651 * value_based * min * pollydefaulttilesize_4 * none;4;0.311752715888375;
9;28.9791305938612 * polly_vectorizer + -0.0786610489074929 * max + 0.00645231460467727 * value_based + -22.3012399157595 * value_based * min + 1.98629002396749 * parallel + 16.632080489726 * value_based * min * polly_no_tiling + 6.33002282440657 * value_based * min * none + 8.62666463692979 * value_based * min * pollydefaulttilesize_4 + -8.57957834594779 * value_based * min * pollydefaulttilesize_4 * none + -1.40065421390541 * value_based * min * pollydefaulttilesize_64;3.34593822705967;3.34593822705967;3.34593822705967;3.34593822705967;63.495182;22;-1.40065421390541 * value_based * min * pollydefaulttilesize_64;3;0.148625291784907;
Elapsed=00:01:03.5427100
average model: 
command: analyze-learning
Round, Model, LearningError, LearningErrorRel, ValidationError, ValidationErrorRel, ElapsedSeconds, ModelComplexity, BestCandidate, BestCandidateSize, BestCandidateScore, TestError
Models:
Termination reason: minImprovementPerRound
1;22.155283050283 * polly_vectorizer + 7.30868506813428 * max;34.5481538303115;34.5481538303115;34.5481538303115;34.5481538303115;0.580993;2;7.30868506813428 * max;1;9.08938532539293;28.1231832535347
2;25.7645770548205 * polly_vectorizer + 7.94873904846791 * max + -7.32840425667743 * value_based;29.6700854422959;29.6700854422959;29.6700854422959;29.6700854422959;2.151122;3;-7.32840425667743 * value_based;1;4.87806838801562;26.468738389806
3;29.7924146981628 * polly_vectorizer + -0.237922828244187 * max + -0.156116808553791 * value_based + -15.3505135758835 * value_based * min;16.1110468468913;16.1110468468913;16.1110468468913;16.1110468468913;5.073735;5;-15.3505135758835 * value_based * min;2;6.77951929770229;16.110977960522
4;29.0594313018187 * polly_vectorizer + -0.094385976474117 * max + -0.00959916803540217 * value_based + -15.3305116618571 * value_based * min + 1.79017098722506 * parallel;14.1709920387478;14.1709920387478;14.1709920387478;14.1709920387478;9.491098;6;1.79017098722506 * parallel;1;1.94005480814348;14.5234626903853
5;28.9224913568461 * polly_vectorizer + -0.0675696410959922 * max + 0.0177740545097961 * value_based + -18.3881400090758 * value_based * min + 2.12462046821575 * parallel + 16.9578994415841 * value_based * min * polly_no_tiling;9.31119802310515;9.31119802310515;9.31119802310515;9.31119802310515;15.712148;9;16.9578994415841 * value_based * min * polly_no_tiling;3;1.61993133854755;6.99895779069265
6;28.9799843943852 * polly_vectorizer + -0.0788282448354701 * max + 0.00628164656650104 * value_based + -20.7875626556056 * value_based * min + 1.98420478037982 * parallel + 16.7193457717885 * value_based * min * polly_no_tiling + 4.57556341544721 * value_based * min * none;5.87889816956981;5.87889816956981;5.87889816956981;5.87889816956981;23.801901;12;4.57556341544721 * value_based * min * none;3;1.14409995117844;4.30387323113768
7;28.9705631776487 * polly_vectorizer + -0.0769833302072541 * max + 0.0081648740092391 * value_based + -21.7576508472338 * value_based * min + 2.0072142904862 * parallel + 16.8134364747769 * value_based * min * polly_no_tiling + 4.55646364829562 * value_based * min * none + 4.39842027604481 * value_based * min * pollydefaulttilesize_4;5.03882496596789;5.03882496596789;5.03882496596789;5.03882496596789;34.40773;15;4.39842027604481 * value_based * min * pollydefaulttilesize_4;3;0.28002440120064;4.0081386198325
8;28.9746252599229 * polly_vectorizer + -0.077778789564161 * max + 0.0073528955748744 * value_based + -22.7265380020648 * value_based * min + 1.99729343570131 * parallel + 16.5195112227653 * value_based * min * polly_no_tiling + 6.47777654350407 * value_based * min * none + 9.07544051077913 * value_based * min * pollydefaulttilesize_4 + -8.73547258408651 * value_based * min * pollydefaulttilesize_4 * none;3.79181410241439;3.79181410241439;3.79181410241439;3.79181410241439;47.511339;19;-8.73547258408651 * value_based * min * pollydefaulttilesize_4 * none;4;0.311752715888375;3.59281492265139
9;28.9791305938612 * polly_vectorizer + -0.0786610489074929 * max + 0.00645231460467727 * value_based + -22.3012399157595 * value_based * min + 1.98629002396749 * parallel + 16.632080489726 * value_based * min * polly_no_tiling + 6.33002282440657 * value_based * min * none + 8.62666463692979 * value_based * min * pollydefaulttilesize_4 + -8.57957834594779 * value_based * min * pollydefaulttilesize_4 * none + -1.40065421390541 * value_based * min * pollydefaulttilesize_64;3.34593822705967;3.34593822705967;3.34593822705967;3.34593822705967;63.495182;22;-1.40065421390541 * value_based * min * pollydefaulttilesize_64;3;0.148625291784907;3.33742429405464
Analyze finished
command: clean-sampling
command: clean-global
