Current machine learning settings: epsilon:0 lossFunction:RELATIVE parallelization:True bagging:False baggingNumbers:3 considerEpsilonTube:False baggingTestDataFraction:50 useBackward:False abortError:1 limitFeatureSize:False featureSizeTreshold:4 quadraticFunctionSupport:True crossValidation:False crossValidation-k:5 learn-logFunction:False learn-accumulatedLogFunction:False learn-asymFunction:False learn-ratioFunction:False learn-mirrowedFunction:False learn-numeric-disabled:True numberOfRounds:70 backwardErrorDelta:1 minImprovementPerRound:0.1 withHierarchy:False bruteForceCandidates:False ignoreBadFeatures:False stopOnLongRound:True candidateSizePenalty:True learnTimeLimit:00:00:00 scoreMeasure:RELERROR outputRoundsToStdout:False debug:False pythonInfluenceAnalysis:False blacklisted: 
command: mlsettings bagging:False stopOnLongRound:False parallelization:True lossFunction:RELATIVE useBackward:False abortError:1 limitFeatureSize:False featureSizeTreshold:7 quadraticFunctionSupport:True crossValidation:False learn_logFunction:True numberOfRounds:70 backwardErrorDelta:1 minImprovementPerRound:0.25 withHierarchy:False
Current machine learning settings: epsilon:0 lossFunction:RELATIVE parallelization:True bagging:False baggingNumbers:3 considerEpsilonTube:False baggingTestDataFraction:50 useBackward:False abortError:1 limitFeatureSize:False featureSizeTreshold:7 quadraticFunctionSupport:True crossValidation:False crossValidation-k:5 learn-logFunction:True learn-accumulatedLogFunction:False learn-asymFunction:False learn-ratioFunction:False learn-mirrowedFunction:False learn-numeric-disabled:True numberOfRounds:70 backwardErrorDelta:1 minImprovementPerRound:0.25 withHierarchy:False bruteForceCandidates:False ignoreBadFeatures:False stopOnLongRound:False candidateSizePenalty:True learnTimeLimit:00:00:00 scoreMeasure:RELERROR outputRoundsToStdout:False debug:False pythonInfluenceAnalysis:False blacklisted: 
command: solver z3
command: vm /scratch/kallistos/Distance-Based_Data/SupplementaryWebsite/MeasuredPerformanceValues/Polly/FeatureModel.xml
command: all /scratch/kallistos/Distance-Based_Data/SupplementaryWebsite/MeasuredPerformanceValues/Polly/measurements.xml
Configs with too large deviation: 0
60000 configurations loaded.
command: nfp Performance
command: setsampleset /scratch/kallistos/Distance-Based_Data/Results/Polly/Polly_29/sampledConfigurations_divDistBased_t1.csv
command: learn-splconqueror
Learning: NumberOfConfigurationsLearning:28 NumberOfConfigurationsValidation:28
Learning progress:
1;28.6083333333333 * polly_vectorizer + -7.65037037037036 * min;31.2453054392035;31.2453054392035;31.2453054392035;31.2453054392035;0.057687;2;-7.65037037037036 * min;1;9.07297183993115;
2;26.4185416666667 * polly_vectorizer + -11.5433333333333 * min + 10.9489583333333 * polly_no_tiling;17.8706261391188;17.8706261391188;17.8706261391188;17.8706261391188;0.089862;3;10.9489583333333 * polly_no_tiling;1;13.3746793000847;
3;27.2684210526316 * polly_vectorizer + -11.5433333333333 * min + 13.4985964912281 * polly_no_tiling + -6.79903508771931 * parallel_force;11.6567164930652;11.6567164930652;11.6567164930652;11.6567164930652;0.139731;4;-6.79903508771931 * parallel_force;1;6.21390964605361;
4;22.915920691009 * polly_vectorizer + -11.1284628975265 * min + 16.20617196702 * polly_no_tiling + -6.55156851197488 * parallel_force + 4.70186493914408 * pollyoptmaxconstantterm_1;8.75646323277372;8.75646323277372;8.75646323277372;8.75646323277372;0.214401;5;4.70186493914408 * pollyoptmaxconstantterm_1;1;2.90025326029149;
5;25.3410931899641 * polly_vectorizer + -13.9925806451613 * min + 17.1279569892473 * polly_no_tiling + -4.66410394265233 * parallel_force + 3.29724014336918 * pollyoptmaxconstantterm_1 + -9.31661290322575 * parallel_force * max;4.9784756166749;4.9784756166749;4.9784756166749;4.9784756166749;0.33183;7;-9.31661290322575 * parallel_force * max;2;1.88899380804941;
6;25.1133582089552 * polly_vectorizer + -13.6054311774461 * min + 16.5813930348259 * polly_no_tiling + -3.86703150912109 * parallel_force + 3.52497512437811 * pollyoptmaxconstantterm_1 + -9.33938640132668 * parallel_force * max + -4.23587064676614 * pollyoptmaxconstantterm_1 * polly;3.07720703566377;3.07720703566377;3.07720703566377;3.07720703566377;0.484343;9;-4.23587064676614 * pollyoptmaxconstantterm_1 * polly;2;0.950634290505566;
7;29.3559172932331 * polly_vectorizer + -17.4283333333333 * min + 16.132992481203 * polly_no_tiling + -4.07973433583962 * parallel_force + -0.717583959899735 * pollyoptmaxconstantterm_1 + -12.9208421052631 * parallel_force * max + -4.82224060150373 * pollyoptmaxconstantterm_1 * polly + 4.62197493734337 * pollyoptmaxconstantterm_1 * polly_parallel;2.03587902723882;2.03587902723882;2.03587902723882;2.03587902723882;0.683662;11;4.62197493734337 * pollyoptmaxconstantterm_1 * polly_parallel;2;0.520664004212474;
8;28.6766666666667 * polly_vectorizer + -17.4283333333333 * min + 15.3530164765526 * polly_no_tiling + -2.51203422053236 * parallel_force + -0.0383333333333596 * pollyoptmaxconstantterm_1 + -13.0293155893536 * parallel_force * max + -5.04951837769327 * pollyoptmaxconstantterm_1 * polly + 3.28155259822563 * pollyoptmaxconstantterm_1 * polly_parallel + 1.7174968314322 * parallel;1.5937664171449;1.5937664171449;1.5937664171449;1.5937664171449;0.94737;12;1.7174968314322 * parallel;1;0.442112610093915;
9;28.6766666666666 * polly_vectorizer + -17.4283333333333 * min + 15.473023255814 * polly_no_tiling + -2.76127906976747 * parallel_force + -0.0383333333333268 * pollyoptmaxconstantterm_1 + -12.9000775193798 * parallel_force * max + -5.18337209302324 * pollyoptmaxconstantterm_1 * polly + 3.66465116279068 * pollyoptmaxconstantterm_1 * polly_parallel + 1.69441860465115 * parallel + -1.21391472868218 * parallel * pollydefaulttilesize_16;1.35379933424873;1.35379933424873;1.35379933424873;1.35379933424873;1.272924;14;-1.21391472868218 * parallel * pollydefaulttilesize_16;2;0.119983541448087;
Elapsed=00:00:01.2764761
average model: 
command: analyze-learning
Round, Model, LearningError, LearningErrorRel, ValidationError, ValidationErrorRel, ElapsedSeconds, ModelComplexity, BestCandidate, BestCandidateSize, BestCandidateScore, TestError
Models:
Termination reason: minImprovementPerRound
1;28.6083333333333 * polly_vectorizer + -7.65037037037036 * min;31.2453054392035;31.2453054392035;31.2453054392035;31.2453054392035;0.057687;2;-7.65037037037036 * min;1;9.07297183993115;28.2917387357033
2;26.4185416666667 * polly_vectorizer + -11.5433333333333 * min + 10.9489583333333 * polly_no_tiling;17.8706261391188;17.8706261391188;17.8706261391188;17.8706261391188;0.089862;3;10.9489583333333 * polly_no_tiling;1;13.3746793000847;26.7740075961024
3;27.2684210526316 * polly_vectorizer + -11.5433333333333 * min + 13.4985964912281 * polly_no_tiling + -6.79903508771931 * parallel_force;11.6567164930652;11.6567164930652;11.6567164930652;11.6567164930652;0.139731;4;-6.79903508771931 * parallel_force;1;6.21390964605361;28.1791540647378
4;22.915920691009 * polly_vectorizer + -11.1284628975265 * min + 16.20617196702 * polly_no_tiling + -6.55156851197488 * parallel_force + 4.70186493914408 * pollyoptmaxconstantterm_1;8.75646323277372;8.75646323277372;8.75646323277372;8.75646323277372;0.214401;5;4.70186493914408 * pollyoptmaxconstantterm_1;1;2.90025326029149;30.6751073529509
5;25.3410931899641 * polly_vectorizer + -13.9925806451613 * min + 17.1279569892473 * polly_no_tiling + -4.66410394265233 * parallel_force + 3.29724014336918 * pollyoptmaxconstantterm_1 + -9.31661290322575 * parallel_force * max;4.9784756166749;4.9784756166749;4.9784756166749;4.9784756166749;0.33183;7;-9.31661290322575 * parallel_force * max;2;1.88899380804941;30.2182874532231
6;25.1133582089552 * polly_vectorizer + -13.6054311774461 * min + 16.5813930348259 * polly_no_tiling + -3.86703150912109 * parallel_force + 3.52497512437811 * pollyoptmaxconstantterm_1 + -9.33938640132668 * parallel_force * max + -4.23587064676614 * pollyoptmaxconstantterm_1 * polly;3.07720703566377;3.07720703566377;3.07720703566377;3.07720703566377;0.484343;9;-4.23587064676614 * pollyoptmaxconstantterm_1 * polly;2;0.950634290505566;29.2275193559716
7;29.3559172932331 * polly_vectorizer + -17.4283333333333 * min + 16.132992481203 * polly_no_tiling + -4.07973433583962 * parallel_force + -0.717583959899735 * pollyoptmaxconstantterm_1 + -12.9208421052631 * parallel_force * max + -4.82224060150373 * pollyoptmaxconstantterm_1 * polly + 4.62197493734337 * pollyoptmaxconstantterm_1 * polly_parallel;2.03587902723882;2.03587902723882;2.03587902723882;2.03587902723882;0.683662;11;4.62197493734337 * pollyoptmaxconstantterm_1 * polly_parallel;2;0.520664004212474;29.2196464598354
8;28.6766666666667 * polly_vectorizer + -17.4283333333333 * min + 15.3530164765526 * polly_no_tiling + -2.51203422053236 * parallel_force + -0.0383333333333596 * pollyoptmaxconstantterm_1 + -13.0293155893536 * parallel_force * max + -5.04951837769327 * pollyoptmaxconstantterm_1 * polly + 3.28155259822563 * pollyoptmaxconstantterm_1 * polly_parallel + 1.7174968314322 * parallel;1.5937664171449;1.5937664171449;1.5937664171449;1.5937664171449;0.94737;12;1.7174968314322 * parallel;1;0.442112610093915;28.516651685299
9;28.6766666666666 * polly_vectorizer + -17.4283333333333 * min + 15.473023255814 * polly_no_tiling + -2.76127906976747 * parallel_force + -0.0383333333333268 * pollyoptmaxconstantterm_1 + -12.9000775193798 * parallel_force * max + -5.18337209302324 * pollyoptmaxconstantterm_1 * polly + 3.66465116279068 * pollyoptmaxconstantterm_1 * polly_parallel + 1.69441860465115 * parallel + -1.21391472868218 * parallel * pollydefaulttilesize_16;1.35379933424873;1.35379933424873;1.35379933424873;1.35379933424873;1.272924;14;-1.21391472868218 * parallel * pollydefaulttilesize_16;2;0.119983541448087;28.6554710656661
Analyze finished
command: clean-sampling
command: clean-global
command: script ./learn_divDistBased_t2.a
command: log ./out_divDistBased_t2Predictions.log
