Current machine learning settings: epsilon:0 lossFunction:RELATIVE parallelization:True bagging:False baggingNumbers:3 considerEpsilonTube:False baggingTestDataFraction:50 useBackward:False abortError:1 limitFeatureSize:False featureSizeTreshold:4 quadraticFunctionSupport:True crossValidation:False crossValidation-k:5 learn-logFunction:False learn-accumulatedLogFunction:False learn-asymFunction:False learn-ratioFunction:False learn-mirrowedFunction:False learn-numeric-disabled:True numberOfRounds:70 backwardErrorDelta:1 minImprovementPerRound:0.1 withHierarchy:False bruteForceCandidates:False ignoreBadFeatures:False stopOnLongRound:True candidateSizePenalty:True learnTimeLimit:00:00:00 scoreMeasure:RELERROR outputRoundsToStdout:False debug:False pythonInfluenceAnalysis:False blacklisted: 
command: solver z3
command: vm /scratch/kallistos/Distance-Based_Data/SupplementaryWebsite/MeasuredPerformanceValues/7z/FeatureModel.xml
command: all /scratch/kallistos/Distance-Based_Data/SupplementaryWebsite/MeasuredPerformanceValues/7z/measurements.xml
Configs with too large deviation: 0
68640 configurations loaded.
command: binary grammar-based numConfigs:4091 seed:57  confFaultsReport:./out_grammarBasedFailureReport_t3.log
command: printconfigs ./sampledConfigurations_grammarBased_t3FailureReport.csv
Number to sample: 4091; Number of Configurations in Grammar: 68640
Draw a new random number, cause 20253 is already in drawn.
Draw a new random number, cause 6891 is already in drawn.
Draw a new random number, cause 21706 is already in drawn.
Draw a new random number, cause 31711 is already in drawn.
Draw a new random number, cause 44285 is already in drawn.
Draw a new random number, cause 50091 is already in drawn.
Draw a new random number, cause 18564 is already in drawn.
Draw a new random number, cause 36213 is already in drawn.
Draw a new random number, cause 1933 is already in drawn.
Draw a new random number, cause 8750 is already in drawn.
Draw a new random number, cause 16984 is already in drawn.
Draw a new random number, cause 39900 is already in drawn.
Draw a new random number, cause 27872 is already in drawn.
Draw a new random number, cause 1691 is already in drawn.
Draw a new random number, cause 38265 is already in drawn.
Draw a new random number, cause 22780 is already in drawn.
Draw a new random number, cause 37215 is already in drawn.
Draw a new random number, cause 55223 is already in drawn.
Draw a new random number, cause 14516 is already in drawn.
Draw a new random number, cause 34187 is already in drawn.
Draw a new random number, cause 6898 is already in drawn.
Draw a new random number, cause 41125 is already in drawn.
Draw a new random number, cause 22178 is already in drawn.
Draw a new random number, cause 63784 is already in drawn.
Draw a new random number, cause 17938 is already in drawn.
Draw a new random number, cause 12356 is already in drawn.
Draw a new random number, cause 21275 is already in drawn.
Draw a new random number, cause 40576 is already in drawn.
Draw a new random number, cause 11902 is already in drawn.
Draw a new random number, cause 3217 is already in drawn.
Draw a new random number, cause 23826 is already in drawn.
Draw a new random number, cause 12845 is already in drawn.
Draw a new random number, cause 49738 is already in drawn.
Draw a new random number, cause 29106 is already in drawn.
Draw a new random number, cause 5891 is already in drawn.
Draw a new random number, cause 59947 is already in drawn.
Draw a new random number, cause 48868 is already in drawn.
Draw a new random number, cause 19859 is already in drawn.
Draw a new random number, cause 64564 is already in drawn.
Draw a new random number, cause 32216 is already in drawn.
Draw a new random number, cause 65674 is already in drawn.
Draw a new random number, cause 21605 is already in drawn.
Draw a new random number, cause 40360 is already in drawn.
Draw a new random number, cause 27667 is already in drawn.
Draw a new random number, cause 6160 is already in drawn.
Draw a new random number, cause 29241 is already in drawn.
Draw a new random number, cause 362 is already in drawn.
Draw a new random number, cause 22649 is already in drawn.
Draw a new random number, cause 16169 is already in drawn.
Draw a new random number, cause 45157 is already in drawn.
Draw a new random number, cause 27442 is already in drawn.
Draw a new random number, cause 33136 is already in drawn.
Draw a new random number, cause 28234 is already in drawn.
Draw a new random number, cause 15979 is already in drawn.
Draw a new random number, cause 658 is already in drawn.
Draw a new random number, cause 65730 is already in drawn.
Draw a new random number, cause 2568 is already in drawn.
Draw a new random number, cause 7412 is already in drawn.
Draw a new random number, cause 59907 is already in drawn.
Draw a new random number, cause 51821 is already in drawn.
Draw a new random number, cause 47575 is already in drawn.
Draw a new random number, cause 22376 is already in drawn.
Draw a new random number, cause 54419 is already in drawn.
Draw a new random number, cause 11230 is already in drawn.
Draw a new random number, cause 17274 is already in drawn.
Draw a new random number, cause 15643 is already in drawn.
Draw a new random number, cause 28129 is already in drawn.
Draw a new random number, cause 7204 is already in drawn.
Draw a new random number, cause 30901 is already in drawn.
Draw a new random number, cause 41125 is already in drawn.
Draw a new random number, cause 51921 is already in drawn.
Draw a new random number, cause 48615 is already in drawn.
Draw a new random number, cause 62567 is already in drawn.
Draw a new random number, cause 22608 is already in drawn.
Draw a new random number, cause 67125 is already in drawn.
Draw a new random number, cause 41939 is already in drawn.
Draw a new random number, cause 56875 is already in drawn.
Draw a new random number, cause 49817 is already in drawn.
Draw a new random number, cause 48748 is already in drawn.
Draw a new random number, cause 62302 is already in drawn.
Draw a new random number, cause 43595 is already in drawn.
Draw a new random number, cause 64755 is already in drawn.
Draw a new random number, cause 57467 is already in drawn.
Draw a new random number, cause 54884 is already in drawn.
Draw a new random number, cause 40734 is already in drawn.
Draw a new random number, cause 32299 is already in drawn.
Draw a new random number, cause 27466 is already in drawn.
Draw a new random number, cause 29574 is already in drawn.
Draw a new random number, cause 43765 is already in drawn.
Draw a new random number, cause 4488 is already in drawn.
Draw a new random number, cause 30201 is already in drawn.
Draw a new random number, cause 30934 is already in drawn.
Draw a new random number, cause 4484 is already in drawn.
Draw a new random number, cause 13398 is already in drawn.
Draw a new random number, cause 100 is already in drawn.
Draw a new random number, cause 50585 is already in drawn.
Draw a new random number, cause 10558 is already in drawn.
Draw a new random number, cause 12859 is already in drawn.
Draw a new random number, cause 56182 is already in drawn.
Draw a new random number, cause 60511 is already in drawn.
Draw a new random number, cause 11280 is already in drawn.
Draw a new random number, cause 60757 is already in drawn.
Draw a new random number, cause 38915 is already in drawn.
Draw a new random number, cause 43300 is already in drawn.
Draw a new random number, cause 49767 is already in drawn.
Draw a new random number, cause 64668 is already in drawn.
Draw a new random number, cause 21650 is already in drawn.
Draw a new random number, cause 32594 is already in drawn.
Draw a new random number, cause 56104 is already in drawn.
Draw a new random number, cause 17414 is already in drawn.
Draw a new random number, cause 3089 is already in drawn.
Draw a new random number, cause 1052 is already in drawn.
Draw a new random number, cause 36716 is already in drawn.
Draw a new random number, cause 41291 is already in drawn.
Draw a new random number, cause 21788 is already in drawn.
Draw a new random number, cause 33558 is already in drawn.
Draw a new random number, cause 19985 is already in drawn.
Draw a new random number, cause 51571 is already in drawn.
Draw a new random number, cause 20408 is already in drawn.
Draw a new random number, cause 64303 is already in drawn.
Draw a new random number, cause 41158 is already in drawn.
Draw a new random number, cause 5815 is already in drawn.
Draw a new random number, cause 55513 is already in drawn.
Draw a new random number, cause 44143 is already in drawn.
Draw a new random number, cause 41291 is already in drawn.
Draw a new random number, cause 36026 is already in drawn.
Draw a new random number, cause 30707 is already in drawn.
Draw a new random number, cause 62704 is already in drawn.
Draw a new random number, cause 22966 is already in drawn.
Draw a new random number, cause 40576 is already in drawn.
Draw a new random number, cause 29255 is already in drawn.
Draw a new random number, cause 34418 is already in drawn.
Draw a new random number, cause 23052 is already in drawn.
Draw a new random number, cause 13417 is already in drawn.
Draw a new random number, cause 12141 is already in drawn.
0 drawn configurations were invalid
command: clean-sampling
command: clean-global
