Current machine learning settings: epsilon:0 lossFunction:RELATIVE parallelization:True bagging:False baggingNumbers:3 considerEpsilonTube:False baggingTestDataFraction:50 useBackward:False abortError:1 limitFeatureSize:False featureSizeTreshold:4 quadraticFunctionSupport:True crossValidation:False crossValidation-k:5 learn-logFunction:False learn-accumulatedLogFunction:False learn-asymFunction:False learn-ratioFunction:False learn-mirrowedFunction:False learn-numeric-disabled:True numberOfRounds:70 backwardErrorDelta:1 minImprovementPerRound:0.1 withHierarchy:False bruteForceCandidates:False ignoreBadFeatures:False stopOnLongRound:True candidateSizePenalty:True learnTimeLimit:00:00:00 scoreMeasure:RELERROR outputRoundsToStdout:False debug:False pythonInfluenceAnalysis:False blacklisted: 
command: mlsettings bagging:False stopOnLongRound:False parallelization:True lossFunction:RELATIVE useBackward:False abortError:1 limitFeatureSize:False featureSizeTreshold:7 quadraticFunctionSupport:True crossValidation:False learn_logFunction:True numberOfRounds:70 backwardErrorDelta:1 minImprovementPerRound:0.25 withHierarchy:False
Current machine learning settings: epsilon:0 lossFunction:RELATIVE parallelization:True bagging:False baggingNumbers:3 considerEpsilonTube:False baggingTestDataFraction:50 useBackward:False abortError:1 limitFeatureSize:False featureSizeTreshold:7 quadraticFunctionSupport:True crossValidation:False crossValidation-k:5 learn-logFunction:True learn-accumulatedLogFunction:False learn-asymFunction:False learn-ratioFunction:False learn-mirrowedFunction:False learn-numeric-disabled:True numberOfRounds:70 backwardErrorDelta:1 minImprovementPerRound:0.25 withHierarchy:False bruteForceCandidates:False ignoreBadFeatures:False stopOnLongRound:False candidateSizePenalty:True learnTimeLimit:00:00:00 scoreMeasure:RELERROR outputRoundsToStdout:False debug:False pythonInfluenceAnalysis:False blacklisted: 
command: solver z3
command: vm /scratch/kallistos/Distance-Based_Data/SupplementaryWebsite/MeasuredPerformanceValues/Hipacc/FeatureModel.xml
Warning: Variability model contains outdated notation. Children nodes will no longer have effect on the model. Instead use the parent node to describe the parent of an configuration option. You can also use the converter providedby the Variability Model GUI in export>convert legacy model.
Warning: Default value nodes in models are no longer used and should be removed. You can also use the converter provided by the Variability Model GUI in export>convert legacy model to update your model.
command: all /scratch/kallistos/Distance-Based_Data/SupplementaryWebsite/MeasuredPerformanceValues/Hipacc/measurements.xml
Configs with too large deviation: 0
13485 configurations loaded.
command: nfp Performance
command: setsampleset /scratch/kallistos/Distance-Based_Data/Results/Hipacc/Hipacc_32/sampledConfigurations_grammarBased_t3.csv
command: learn-splconqueror
Learning: NumberOfConfigurationsLearning:4144 NumberOfConfigurationsValidation:4144
Learning progress:
1;26.6257256596914 * API + 19.9413894482222 * LocalMemory;21.336677963341;21.336677963341;21.336677963341;21.336677963341;1.53645;2;19.9413894482222 * LocalMemory;1;12.9830912713186;
2;25.7185722737161 * API + 19.7669926541959 * LocalMemory + 18.4622513182737 * bs_32x1;19.6616428481528;19.6616428481528;19.6616428481528;19.6616428481528;5.378223;3;18.4622513182737 * bs_32x1;1;1.67503511518822;
3;23.7350425010664 * API + 19.2338889117482 * LocalMemory + 18.4848817763438 * bs_32x1 + 8.26822457459506 * pixelPerThread_1;18.5278882900611;18.5278882900611;18.5278882900611;18.5278882900611;11.49255;4;8.26822457459506 * pixelPerThread_1;1;1.13375455809171;
4;23.6826920403452 * API + 18.0826590856892 * LocalMemory + 19.1036657904185 * bs_32x1 + 8.35975709669369 * pixelPerThread_1 + 23.0983188269437 * LocalMemory * bs_512x1;17.7744174119483;17.7744174119483;17.7744174119483;17.7744174119483;21.476521;6;23.0983188269437 * LocalMemory * bs_512x1;2;0.376735439056409;
5;23.65064619868 * API + 23.8512101373852 * LocalMemory + 19.2853359802992 * bs_32x1 + 8.45618286419509 * pixelPerThread_1 + 23.9957064489371 * LocalMemory * bs_512x1 + -9.54269823625808 * LocalMemory * TextureMemory;17.1015902460756;17.1015902460756;17.1015902460756;17.1015902460756;35.326816;8;-9.54269823625808 * LocalMemory * TextureMemory;2;0.336413582936322;
6;23.8903428332224 * API + 23.2308820884201 * LocalMemory + 19.6509582083462 * bs_32x1 + 7.3815331424597 * pixelPerThread_1 + 24.6595913471856 * LocalMemory * bs_512x1 + -9.53152572404912 * LocalMemory * TextureMemory + 44.9366325540716 * LocalMemory * bs_1024x1;16.39580287179;16.39580287179;16.39580287179;16.39580287179;55.908925;10;44.9366325540716 * LocalMemory * bs_1024x1;2;0.352893687142791;
7;23.4514150658708 * API + 23.4542069564329 * LocalMemory + 20.0247724604785 * bs_32x1 + 7.26881976374738 * pixelPerThread_1 + 24.9462671812958 * LocalMemory * bs_512x1 + -9.58962205078901 * LocalMemory * TextureMemory + 45.3002216019292 * LocalMemory * bs_1024x1 + 8.48095899990227 * bs_512x2;16.0224297568507;16.0224297568507;16.0224297568507;16.0224297568507;82.025607;11;8.48095899990227 * bs_512x2;1;0.373373114939319;
8;22.9972759195029 * API + 23.6864401698294 * LocalMemory + 20.4011149681425 * bs_32x1 + 7.19366983777871 * pixelPerThread_1 + 25.2334102628018 * LocalMemory * bs_512x1 + -9.6539335162255 * LocalMemory * TextureMemory + 45.6363237077404 * LocalMemory * bs_1024x1 + 8.89735227533511 * bs_512x2 + 8.32329161338051 * bs_32x32;15.6852765355878;15.6852765355878;15.6852765355878;15.6852765355878;114.684313;12;8.32329161338051 * bs_32x32;1;0.337153221262945;
9;23.3675463904275 * API + 23.8873308384032 * LocalMemory + 13.3650119554869 * bs_32x1 + 5.76975064653588 * pixelPerThread_1 + 25.2811827998605 * LocalMemory * bs_512x1 + -9.98819820245261 * LocalMemory * TextureMemory + 46.6920281761228 * LocalMemory * bs_1024x1 + 8.98890431294911 * bs_512x2 + 8.38386276247584 * bs_32x32 + 26.1124960269329 * pixelPerThread_1 * bs_32x1;15.0262375516858;15.0262375516858;15.0262375516858;15.0262375516858;155.299567;14;26.1124960269329 * pixelPerThread_1 * bs_32x1;2;0.329519491950966;
10;22.9479982123175 * API + 23.9801745529694 * LocalMemory + 13.7243110749976 * bs_32x1 + 5.58735733644501 * pixelPerThread_1 + 25.6211046710063 * LocalMemory * bs_512x1 + -9.93635708405468 * LocalMemory * TextureMemory + 47.1696509850159 * LocalMemory * bs_1024x1 + 9.42539587860914 * bs_512x2 + 8.81674323020333 * bs_32x32 + 26.27833443545 * pixelPerThread_1 * bs_32x1 + 8.33514925177893 * bs_128x8;14.7103876151335;14.7103876151335;14.7103876151335;14.7103876151335;204.848036;15;8.33514925177893 * bs_128x8;1;0.315849936552343;
11;23.0487870723709 * API + 24.7748456254677 * LocalMemory + 13.2154441747901 * bs_32x1 + 5.49583580187385 * pixelPerThread_1 + 24.7111165199857 * LocalMemory * bs_512x1 + -9.88002471283125 * LocalMemory * TextureMemory + 46.3315107902225 * LocalMemory * bs_1024x1 + 9.0830244988248 * bs_512x2 + 8.4756917121116 * bs_32x32 + 26.3013319625219 * pixelPerThread_1 * bs_32x1 + 7.95088807994766 * bs_128x8 + -11.8188259756026 * LocalMemory * bs_32x4;14.1020039837973;14.1020039837973;14.1020039837973;14.1020039837973;264.481568;17;-11.8188259756026 * LocalMemory * bs_32x4;2;0.30419181566811;
12;22.6076438190844 * API + 24.9006464739737 * LocalMemory + 13.5902080573782 * bs_32x1 + 5.24889877961377 * pixelPerThread_1 + 25.08264577071 * LocalMemory * bs_512x1 + -9.8647049312189 * LocalMemory * TextureMemory + 46.8844889212833 * LocalMemory * bs_1024x1 + 9.55887622181008 * bs_512x2 + 8.94660932941942 * bs_32x32 + 26.5362119765748 * pixelPerThread_1 * bs_32x1 + 8.42784106290856 * bs_128x8 + -11.4536427556197 * LocalMemory * bs_32x4 + 9.61531000344191 * bs_64x16;13.8565899057524;13.8565899057524;13.8565899057524;13.8565899057524;334.69389;18;9.61531000344191 * bs_64x16;1;0.245414078044861;
Elapsed=00:05:34.7619124
average model: 
command: analyze-learning
Round, Model, LearningError, LearningErrorRel, ValidationError, ValidationErrorRel, ElapsedSeconds, ModelComplexity, BestCandidate, BestCandidateSize, BestCandidateScore, TestError
Models:
Termination reason: minImprovementPerRound
1;26.6257256596914 * API + 19.9413894482222 * LocalMemory;21.336677963341;21.336677963341;21.336677963341;21.336677963341;1.53645;2;19.9413894482222 * LocalMemory;1;12.9830912713186;21.161727398205
2;25.7185722737161 * API + 19.7669926541959 * LocalMemory + 18.4622513182737 * bs_32x1;19.6616428481528;19.6616428481528;19.6616428481528;19.6616428481528;5.378223;3;18.4622513182737 * bs_32x1;1;1.67503511518822;19.6128317015594
3;23.7350425010664 * API + 19.2338889117482 * LocalMemory + 18.4848817763438 * bs_32x1 + 8.26822457459506 * pixelPerThread_1;18.5278882900611;18.5278882900611;18.5278882900611;18.5278882900611;11.49255;4;8.26822457459506 * pixelPerThread_1;1;1.13375455809171;18.5613069564739
4;23.6826920403452 * API + 18.0826590856892 * LocalMemory + 19.1036657904185 * bs_32x1 + 8.35975709669369 * pixelPerThread_1 + 23.0983188269437 * LocalMemory * bs_512x1;17.7744174119483;17.7744174119483;17.7744174119483;17.7744174119483;21.476521;6;23.0983188269437 * LocalMemory * bs_512x1;2;0.376735439056409;17.6969108504362
5;23.65064619868 * API + 23.8512101373852 * LocalMemory + 19.2853359802992 * bs_32x1 + 8.45618286419509 * pixelPerThread_1 + 23.9957064489371 * LocalMemory * bs_512x1 + -9.54269823625808 * LocalMemory * TextureMemory;17.1015902460756;17.1015902460756;17.1015902460756;17.1015902460756;35.326816;8;-9.54269823625808 * LocalMemory * TextureMemory;2;0.336413582936322;16.9527167600215
6;23.8903428332224 * API + 23.2308820884201 * LocalMemory + 19.6509582083462 * bs_32x1 + 7.3815331424597 * pixelPerThread_1 + 24.6595913471856 * LocalMemory * bs_512x1 + -9.53152572404912 * LocalMemory * TextureMemory + 44.9366325540716 * LocalMemory * bs_1024x1;16.39580287179;16.39580287179;16.39580287179;16.39580287179;55.908925;10;44.9366325540716 * LocalMemory * bs_1024x1;2;0.352893687142791;16.2539740648333
7;23.4514150658708 * API + 23.4542069564329 * LocalMemory + 20.0247724604785 * bs_32x1 + 7.26881976374738 * pixelPerThread_1 + 24.9462671812958 * LocalMemory * bs_512x1 + -9.58962205078901 * LocalMemory * TextureMemory + 45.3002216019292 * LocalMemory * bs_1024x1 + 8.48095899990227 * bs_512x2;16.0224297568507;16.0224297568507;16.0224297568507;16.0224297568507;82.025607;11;8.48095899990227 * bs_512x2;1;0.373373114939319;15.8859232989345
8;22.9972759195029 * API + 23.6864401698294 * LocalMemory + 20.4011149681425 * bs_32x1 + 7.19366983777871 * pixelPerThread_1 + 25.2334102628018 * LocalMemory * bs_512x1 + -9.6539335162255 * LocalMemory * TextureMemory + 45.6363237077404 * LocalMemory * bs_1024x1 + 8.89735227533511 * bs_512x2 + 8.32329161338051 * bs_32x32;15.6852765355878;15.6852765355878;15.6852765355878;15.6852765355878;114.684313;12;8.32329161338051 * bs_32x32;1;0.337153221262945;15.5111643193961
9;23.3675463904275 * API + 23.8873308384032 * LocalMemory + 13.3650119554869 * bs_32x1 + 5.76975064653588 * pixelPerThread_1 + 25.2811827998605 * LocalMemory * bs_512x1 + -9.98819820245261 * LocalMemory * TextureMemory + 46.6920281761228 * LocalMemory * bs_1024x1 + 8.98890431294911 * bs_512x2 + 8.38386276247584 * bs_32x32 + 26.1124960269329 * pixelPerThread_1 * bs_32x1;15.0262375516858;15.0262375516858;15.0262375516858;15.0262375516858;155.299567;14;26.1124960269329 * pixelPerThread_1 * bs_32x1;2;0.329519491950966;14.8446614167588
10;22.9479982123175 * API + 23.9801745529694 * LocalMemory + 13.7243110749976 * bs_32x1 + 5.58735733644501 * pixelPerThread_1 + 25.6211046710063 * LocalMemory * bs_512x1 + -9.93635708405468 * LocalMemory * TextureMemory + 47.1696509850159 * LocalMemory * bs_1024x1 + 9.42539587860914 * bs_512x2 + 8.81674323020333 * bs_32x32 + 26.27833443545 * pixelPerThread_1 * bs_32x1 + 8.33514925177893 * bs_128x8;14.7103876151335;14.7103876151335;14.7103876151335;14.7103876151335;204.848036;15;8.33514925177893 * bs_128x8;1;0.315849936552343;14.5691918380122
11;23.0487870723709 * API + 24.7748456254677 * LocalMemory + 13.2154441747901 * bs_32x1 + 5.49583580187385 * pixelPerThread_1 + 24.7111165199857 * LocalMemory * bs_512x1 + -9.88002471283125 * LocalMemory * TextureMemory + 46.3315107902225 * LocalMemory * bs_1024x1 + 9.0830244988248 * bs_512x2 + 8.4756917121116 * bs_32x32 + 26.3013319625219 * pixelPerThread_1 * bs_32x1 + 7.95088807994766 * bs_128x8 + -11.8188259756026 * LocalMemory * bs_32x4;14.1020039837973;14.1020039837973;14.1020039837973;14.1020039837973;264.481568;17;-11.8188259756026 * LocalMemory * bs_32x4;2;0.30419181566811;14.1503127527364
12;22.6076438190844 * API + 24.9006464739737 * LocalMemory + 13.5902080573782 * bs_32x1 + 5.24889877961377 * pixelPerThread_1 + 25.08264577071 * LocalMemory * bs_512x1 + -9.8647049312189 * LocalMemory * TextureMemory + 46.8844889212833 * LocalMemory * bs_1024x1 + 9.55887622181008 * bs_512x2 + 8.94660932941942 * bs_32x32 + 26.5362119765748 * pixelPerThread_1 * bs_32x1 + 8.42784106290856 * bs_128x8 + -11.4536427556197 * LocalMemory * bs_32x4 + 9.61531000344191 * bs_64x16;13.8565899057524;13.8565899057524;13.8565899057524;13.8565899057524;334.69389;18;9.61531000344191 * bs_64x16;1;0.245414078044861;13.9298413745849
Analyze finished
command: clean-sampling
command: clean-global
