Current machine learning settings: epsilon:0 lossFunction:RELATIVE parallelization:True bagging:False baggingNumbers:3 considerEpsilonTube:False baggingTestDataFraction:50 useBackward:False abortError:1 limitFeatureSize:False featureSizeTreshold:4 quadraticFunctionSupport:True crossValidation:False crossValidation-k:5 learn-logFunction:False learn-accumulatedLogFunction:False learn-asymFunction:False learn-ratioFunction:False learn-mirrowedFunction:False learn-numeric-disabled:True numberOfRounds:70 backwardErrorDelta:1 minImprovementPerRound:0.1 withHierarchy:False bruteForceCandidates:False ignoreBadFeatures:False stopOnLongRound:True candidateSizePenalty:True learnTimeLimit:00:00:00 scoreMeasure:RELERROR outputRoundsToStdout:False debug:False pythonInfluenceAnalysis:False blacklisted: 
command: mlsettings bagging:False stopOnLongRound:False parallelization:True lossFunction:RELATIVE useBackward:False abortError:1 limitFeatureSize:False featureSizeTreshold:7 quadraticFunctionSupport:True crossValidation:False learn_logFunction:True numberOfRounds:70 backwardErrorDelta:1 minImprovementPerRound:0.25 withHierarchy:False
Current machine learning settings: epsilon:0 lossFunction:RELATIVE parallelization:True bagging:False baggingNumbers:3 considerEpsilonTube:False baggingTestDataFraction:50 useBackward:False abortError:1 limitFeatureSize:False featureSizeTreshold:7 quadraticFunctionSupport:True crossValidation:False crossValidation-k:5 learn-logFunction:True learn-accumulatedLogFunction:False learn-asymFunction:False learn-ratioFunction:False learn-mirrowedFunction:False learn-numeric-disabled:True numberOfRounds:70 backwardErrorDelta:1 minImprovementPerRound:0.25 withHierarchy:False bruteForceCandidates:False ignoreBadFeatures:False stopOnLongRound:False candidateSizePenalty:True learnTimeLimit:00:00:00 scoreMeasure:RELERROR outputRoundsToStdout:False debug:False pythonInfluenceAnalysis:False blacklisted: 
command: solver z3
command: vm /scratch/kallistos/Distance-Based_Data/SupplementaryWebsite/MeasuredPerformanceValues/7z/FeatureModel.xml
command: all /scratch/kallistos/Distance-Based_Data/SupplementaryWebsite/MeasuredPerformanceValues/7z/measurements.xml
Configs with too large deviation: 0
68640 configurations loaded.
command: nfp Performance
command: setsampleset /scratch/kallistos/Distance-Based_Data/Results/7z/7z_41/sampledConfigurations_grammarBased_t2.csv
command: learn-splconqueror
Learning: NumberOfConfigurationsLearning:600 NumberOfConfigurationsValidation:600
Learning progress:
1;6864.04809619244 * CompressionMethod + 23687.9321018274 * x_10;106.699997496115;106.699997496115;106.699997496115;106.699997496115;0.146397;2;23687.9321018274 * x_10;1;74.4884116943743;
2;5008.77697841729 * CompressionMethod + 25543.2032196026 * x_10 + 11290.0035093877 * x_8;75.3754116565804;75.3754116565804;75.3754116565804;75.3754116565804;0.486494;3;11290.0035093877 * x_8;1;31.3245858395342;
3;3374.02515363665 * CompressionMethod + 25421.2564538858 * x_10 + 10988.7787745507 * x_8 + 9338.23987580195 * BZip2;54.7691613118142;54.7691613118142;54.7691613118142;54.7691613118142;1.071702;4;9338.23987580195 * BZip2;1;20.6062503447662;
4;3532.74658941445 * CompressionMethod + 29685.9457178151 * x_10 + 11018.0253070705 * x_8 + 8431.57085224907 * BZip2 + -25266.9276013474 * x_10 * PPMd;49.5132222139177;49.5132222139177;49.5132222139177;49.5132222139177;2.042677;6;-25266.9276013474 * x_10 * PPMd;2;2.62796954894822;
5;3613.43104173697 * CompressionMethod + 29709.5115779112 * x_10 + 13429.5147319945 * x_8 + 7970.67473418765 * BZip2 + -25371.177913766 * x_10 * PPMd + -10917.9457737315 * x_8 * PPMd;45.4200587945636;45.4200587945636;45.4200587945636;45.4200587945636;3.322582;8;-10917.9457737315 * x_8 * PPMd;2;2.04658170967707;
6;4036.76436173771 * CompressionMethod + 29355.9483527292 * x_10 + 13088.1153720278 * x_8 + 7662.2174728832 * BZip2 + -23819.7625942152 * x_10 * PPMd + -9378.69431939621 * x_8 * PPMd + -1621.18541436932 * PPMd;43.4480351215835;43.4480351215835;43.4480351215835;43.4480351215835;5.069904;9;-1621.18541436932 * PPMd;1;1.97202367298006;
7;3848.78568278152 * CompressionMethod + 25706.4285311006 * x_10 + 13055.8467717445 * x_8 + 8491.38370060778 * BZip2 + -20170.2427725867 * x_10 * PPMd + -9346.42571911297 * x_8 * PPMd + -1433.20673541306 * PPMd + 15329.785786118 * x_10 * Deflate;40.7061898377089;40.7061898377089;40.7061898377089;40.7061898377089;7.477829;11;15329.785786118 * x_10 * Deflate;2;1.37092264193734;
8;3546.46702645146 * CompressionMethod + 25612.8598716286 * x_10 + 15338.8521224847 * x_8 + 9824.89886962525 * BZip2 + -20076.6741131147 * x_10 * PPMd + -11629.4310698531 * x_8 * PPMd + -1130.88807908297 * PPMd + 15725.6731019199 * x_10 * Deflate + -8790.21801856146 * x_8 * BZip2;38.7079785596847;38.7079785596847;38.7079785596847;38.7079785596847;10.4323;13;-8790.21801856146 * x_8 * BZip2;2;0.9991056390121;
9;3546.46702645141 * CompressionMethod + 25612.8598716287 * x_10 + 15338.8521224849 * x_8 + 9824.8988696254 * BZip2 + -20112.4473784249 * x_10 * PPMd + -11529.609205793 * x_8 * PPMd + -1434.9608342204 * PPMd + 15725.67310192 * x_10 * Deflate + -8790.21801856162 * x_8 * BZip2 + 525.216577055489 * PPMd * tmOff;38.2473362796215;38.2473362796215;38.2473362796215;38.2473362796215;14.128146;15;525.216577055489 * PPMd * tmOff;2;0.230321140031556;
Elapsed=00:00:14.1349271
average model: 
command: analyze-learning
Round, Model, LearningError, LearningErrorRel, ValidationError, ValidationErrorRel, ElapsedSeconds, ModelComplexity, BestCandidate, BestCandidateSize, BestCandidateScore, TestError
Models:
Termination reason: minImprovementPerRound
1;6864.04809619244 * CompressionMethod + 23687.9321018274 * x_10;106.699997496115;106.699997496115;106.699997496115;106.699997496115;0.146397;2;23687.9321018274 * x_10;1;74.4884116943743;105.131846943044
2;5008.77697841729 * CompressionMethod + 25543.2032196026 * x_10 + 11290.0035093877 * x_8;75.3754116565804;75.3754116565804;75.3754116565804;75.3754116565804;0.486494;3;11290.0035093877 * x_8;1;31.3245858395342;75.2951687980181
3;3374.02515363665 * CompressionMethod + 25421.2564538858 * x_10 + 10988.7787745507 * x_8 + 9338.23987580195 * BZip2;54.7691613118142;54.7691613118142;54.7691613118142;54.7691613118142;1.071702;4;9338.23987580195 * BZip2;1;20.6062503447662;57.6321314332665
4;3532.74658941445 * CompressionMethod + 29685.9457178151 * x_10 + 11018.0253070705 * x_8 + 8431.57085224907 * BZip2 + -25266.9276013474 * x_10 * PPMd;49.5132222139177;49.5132222139177;49.5132222139177;49.5132222139177;2.042677;6;-25266.9276013474 * x_10 * PPMd;2;2.62796954894822;50.2530204303468
5;3613.43104173697 * CompressionMethod + 29709.5115779112 * x_10 + 13429.5147319945 * x_8 + 7970.67473418765 * BZip2 + -25371.177913766 * x_10 * PPMd + -10917.9457737315 * x_8 * PPMd;45.4200587945636;45.4200587945636;45.4200587945636;45.4200587945636;3.322582;8;-10917.9457737315 * x_8 * PPMd;2;2.04658170967707;45.7765145536976
6;4036.76436173771 * CompressionMethod + 29355.9483527292 * x_10 + 13088.1153720278 * x_8 + 7662.2174728832 * BZip2 + -23819.7625942152 * x_10 * PPMd + -9378.69431939621 * x_8 * PPMd + -1621.18541436932 * PPMd;43.4480351215835;43.4480351215835;43.4480351215835;43.4480351215835;5.069904;9;-1621.18541436932 * PPMd;1;1.97202367298006;44.451623042637
7;3848.78568278152 * CompressionMethod + 25706.4285311006 * x_10 + 13055.8467717445 * x_8 + 8491.38370060778 * BZip2 + -20170.2427725867 * x_10 * PPMd + -9346.42571911297 * x_8 * PPMd + -1433.20673541306 * PPMd + 15329.785786118 * x_10 * Deflate;40.7061898377089;40.7061898377089;40.7061898377089;40.7061898377089;7.477829;11;15329.785786118 * x_10 * Deflate;2;1.37092264193734;42.051585205206
8;3546.46702645146 * CompressionMethod + 25612.8598716286 * x_10 + 15338.8521224847 * x_8 + 9824.89886962525 * BZip2 + -20076.6741131147 * x_10 * PPMd + -11629.4310698531 * x_8 * PPMd + -1130.88807908297 * PPMd + 15725.6731019199 * x_10 * Deflate + -8790.21801856146 * x_8 * BZip2;38.7079785596847;38.7079785596847;38.7079785596847;38.7079785596847;10.4323;13;-8790.21801856146 * x_8 * BZip2;2;0.9991056390121;40.0862458623745
9;3546.46702645141 * CompressionMethod + 25612.8598716287 * x_10 + 15338.8521224849 * x_8 + 9824.8988696254 * BZip2 + -20112.4473784249 * x_10 * PPMd + -11529.609205793 * x_8 * PPMd + -1434.9608342204 * PPMd + 15725.67310192 * x_10 * Deflate + -8790.21801856162 * x_8 * BZip2 + 525.216577055489 * PPMd * tmOff;38.2473362796215;38.2473362796215;38.2473362796215;38.2473362796215;14.128146;15;525.216577055489 * PPMd * tmOff;2;0.230321140031556;39.8118680300103
Analyze finished
command: clean-sampling
command: clean-global
command: script ./learn_grammarBased_t3.a
command: log ./out_grammarBased_t3Predictions.log
