Current machine learning settings: epsilon:0 lossFunction:RELATIVE parallelization:True bagging:False baggingNumbers:3 considerEpsilonTube:False baggingTestDataFraction:50 useBackward:False abortError:1 limitFeatureSize:False featureSizeTreshold:4 quadraticFunctionSupport:True crossValidation:False crossValidation-k:5 learn-logFunction:False learn-accumulatedLogFunction:False learn-asymFunction:False learn-ratioFunction:False learn-mirrowedFunction:False learn-numeric-disabled:True numberOfRounds:70 backwardErrorDelta:1 minImprovementPerRound:0.1 withHierarchy:False bruteForceCandidates:False ignoreBadFeatures:False stopOnLongRound:True candidateSizePenalty:True learnTimeLimit:00:00:00 scoreMeasure:RELERROR outputRoundsToStdout:False debug:False pythonInfluenceAnalysis:False blacklisted: 
command: solver z3
command: vm /scratch/kallistos/Distance-Based_Data/SupplementaryWebsite/MeasuredPerformanceValues/Hipacc/FeatureModel.xml
Warning: Variability model contains outdated notation. Children nodes will no longer have effect on the model. Instead use the parent node to describe the parent of an configuration option. You can also use the converter providedby the Variability Model GUI in export>convert legacy model.
Warning: Default value nodes in models are no longer used and should be removed. You can also use the converter provided by the Variability Model GUI in export>convert legacy model to update your model.
command: all /scratch/kallistos/Distance-Based_Data/SupplementaryWebsite/MeasuredPerformanceValues/Hipacc/measurements.xml
Configs with too large deviation: 0
13485 configurations loaded.
command: binary grammar-based numConfigs:4601 seed:57  confFaultsReport:./out_grammarBasedFailureReport_t3.log
command: printconfigs ./sampledConfigurations_grammarBased_t3FailureReport.csv
Number to sample: 4601; Number of Configurations in Grammar: 28560
Draw a new random number, cause 15307 is already in drawn.
Draw a new random number, cause 15397 is already in drawn.
Draw a new random number, cause 804 is already in drawn.
Draw a new random number, cause 703 is already in drawn.
Draw a new random number, cause 15921 is already in drawn.
Draw a new random number, cause 15484 is already in drawn.
Draw a new random number, cause 14381 is already in drawn.
Draw a new random number, cause 1158 is already in drawn.
Draw a new random number, cause 17111 is already in drawn.
Draw a new random number, cause 1925 is already in drawn.
Draw a new random number, cause 21291 is already in drawn.
Draw a new random number, cause 1338 is already in drawn.
Draw a new random number, cause 20437 is already in drawn.
Draw a new random number, cause 21175 is already in drawn.
Draw a new random number, cause 18486 is already in drawn.
Draw a new random number, cause 20333 is already in drawn.
Draw a new random number, cause 922 is already in drawn.
Draw a new random number, cause 27066 is already in drawn.
Draw a new random number, cause 16793 is already in drawn.
Draw a new random number, cause 1708 is already in drawn.
Draw a new random number, cause 16236 is already in drawn.
Draw a new random number, cause 28416 is already in drawn.
Draw a new random number, cause 18789 is already in drawn.
Draw a new random number, cause 273 is already in drawn.
Draw a new random number, cause 1810 is already in drawn.
Draw a new random number, cause 22624 is already in drawn.
Draw a new random number, cause 27349 is already in drawn.
Draw a new random number, cause 21877 is already in drawn.
Draw a new random number, cause 27889 is already in drawn.
Draw a new random number, cause 1029 is already in drawn.
Draw a new random number, cause 27296 is already in drawn.
Draw a new random number, cause 28154 is already in drawn.
Draw a new random number, cause 27929 is already in drawn.
Draw a new random number, cause 17179 is already in drawn.
Draw a new random number, cause 17639 is already in drawn.
Draw a new random number, cause 17450 is already in drawn.
Draw a new random number, cause 15283 is already in drawn.
Draw a new random number, cause 26943 is already in drawn.
Draw a new random number, cause 16949 is already in drawn.
Draw a new random number, cause 16293 is already in drawn.
Draw a new random number, cause 41 is already in drawn.
Draw a new random number, cause 21047 is already in drawn.
Draw a new random number, cause 16813 is already in drawn.
Draw a new random number, cause 26864 is already in drawn.
Draw a new random number, cause 15877 is already in drawn.
Draw a new random number, cause 18016 is already in drawn.
Draw a new random number, cause 1285 is already in drawn.
Draw a new random number, cause 17180 is already in drawn.
Draw a new random number, cause 19166 is already in drawn.
Draw a new random number, cause 426 is already in drawn.
Draw a new random number, cause 15216 is already in drawn.
Draw a new random number, cause 17343 is already in drawn.
Draw a new random number, cause 14508 is already in drawn.
Draw a new random number, cause 17180 is already in drawn.
Draw a new random number, cause 14990 is already in drawn.
Draw a new random number, cause 26912 is already in drawn.
Draw a new random number, cause 17375 is already in drawn.
Draw a new random number, cause 49 is already in drawn.
Draw a new random number, cause 18937 is already in drawn.
Draw a new random number, cause 14763 is already in drawn.
Draw a new random number, cause 20258 is already in drawn.
Draw a new random number, cause 15082 is already in drawn.
Draw a new random number, cause 14534 is already in drawn.
Draw a new random number, cause 16764 is already in drawn.
Draw a new random number, cause 21422 is already in drawn.
Draw a new random number, cause 21701 is already in drawn.
Draw a new random number, cause 20025 is already in drawn.
Draw a new random number, cause 26638 is already in drawn.
Draw a new random number, cause 18285 is already in drawn.
Draw a new random number, cause 2563 is already in drawn.
Draw a new random number, cause 18683 is already in drawn.
Draw a new random number, cause 14892 is already in drawn.
Draw a new random number, cause 22461 is already in drawn.
Draw a new random number, cause 21466 is already in drawn.
Draw a new random number, cause 571 is already in drawn.
Draw a new random number, cause 27004 is already in drawn.
Draw a new random number, cause 21428 is already in drawn.
Draw a new random number, cause 21490 is already in drawn.
Draw a new random number, cause 26866 is already in drawn.
Draw a new random number, cause 1434 is already in drawn.
Draw a new random number, cause 20993 is already in drawn.
Draw a new random number, cause 16876 is already in drawn.
Draw a new random number, cause 17651 is already in drawn.
Draw a new random number, cause 20418 is already in drawn.
Draw a new random number, cause 22522 is already in drawn.
Draw a new random number, cause 1062 is already in drawn.
Draw a new random number, cause 16212 is already in drawn.
Draw a new random number, cause 15790 is already in drawn.
Draw a new random number, cause 27279 is already in drawn.
Draw a new random number, cause 19897 is already in drawn.
Draw a new random number, cause 346 is already in drawn.
Draw a new random number, cause 16112 is already in drawn.
Draw a new random number, cause 27312 is already in drawn.
Draw a new random number, cause 14856 is already in drawn.
Draw a new random number, cause 20721 is already in drawn.
Draw a new random number, cause 574 is already in drawn.
Draw a new random number, cause 27954 is already in drawn.
Draw a new random number, cause 1557 is already in drawn.
Draw a new random number, cause 765 is already in drawn.
Draw a new random number, cause 20601 is already in drawn.
Draw a new random number, cause 14662 is already in drawn.
Draw a new random number, cause 14520 is already in drawn.
Draw a new random number, cause 19818 is already in drawn.
Draw a new random number, cause 16549 is already in drawn.
Draw a new random number, cause 21501 is already in drawn.
Draw a new random number, cause 14712 is already in drawn.
Draw a new random number, cause 26323 is already in drawn.
Draw a new random number, cause 15140 is already in drawn.
Draw a new random number, cause 22523 is already in drawn.
Draw a new random number, cause 864 is already in drawn.
Draw a new random number, cause 28414 is already in drawn.
Draw a new random number, cause 27496 is already in drawn.
Draw a new random number, cause 16827 is already in drawn.
Draw a new random number, cause 11153 is already in drawn.
Draw a new random number, cause 19616 is already in drawn.
Draw a new random number, cause 20318 is already in drawn.
Draw a new random number, cause 19602 is already in drawn.
Draw a new random number, cause 15910 is already in drawn.
Draw a new random number, cause 21472 is already in drawn.
Draw a new random number, cause 17123 is already in drawn.
Draw a new random number, cause 19620 is already in drawn.
Draw a new random number, cause 22657 is already in drawn.
Draw a new random number, cause 25945 is already in drawn.
Draw a new random number, cause 18206 is already in drawn.
Draw a new random number, cause 26734 is already in drawn.
Draw a new random number, cause 26090 is already in drawn.
Draw a new random number, cause 21004 is already in drawn.
Draw a new random number, cause 27657 is already in drawn.
Draw a new random number, cause 15529 is already in drawn.
Draw a new random number, cause 16339 is already in drawn.
Draw a new random number, cause 26189 is already in drawn.
Draw a new random number, cause 18743 is already in drawn.
Draw a new random number, cause 391 is already in drawn.
Draw a new random number, cause 20215 is already in drawn.
Draw a new random number, cause 28337 is already in drawn.
Draw a new random number, cause 20497 is already in drawn.
Draw a new random number, cause 14707 is already in drawn.
Draw a new random number, cause 17570 is already in drawn.
Draw a new random number, cause 15576 is already in drawn.
Draw a new random number, cause 15862 is already in drawn.
Draw a new random number, cause 21256 is already in drawn.
Draw a new random number, cause 797 is already in drawn.
Draw a new random number, cause 26141 is already in drawn.
Draw a new random number, cause 28503 is already in drawn.
Draw a new random number, cause 18028 is already in drawn.
Draw a new random number, cause 18656 is already in drawn.
Draw a new random number, cause 2540 is already in drawn.
Draw a new random number, cause 20337 is already in drawn.
Draw a new random number, cause 27404 is already in drawn.
Draw a new random number, cause 18435 is already in drawn.
Draw a new random number, cause 18487 is already in drawn.
Draw a new random number, cause 17457 is already in drawn.
Draw a new random number, cause 21468 is already in drawn.
Draw a new random number, cause 2320 is already in drawn.
Draw a new random number, cause 15646 is already in drawn.
Draw a new random number, cause 21414 is already in drawn.
Draw a new random number, cause 26088 is already in drawn.
Draw a new random number, cause 28164 is already in drawn.
Draw a new random number, cause 22508 is already in drawn.
Draw a new random number, cause 18206 is already in drawn.
Draw a new random number, cause 1712 is already in drawn.
Draw a new random number, cause 15373 is already in drawn.
Draw a new random number, cause 19166 is already in drawn.
Draw a new random number, cause 15525 is already in drawn.
Draw a new random number, cause 1442 is already in drawn.
Draw a new random number, cause 21218 is already in drawn.
Draw a new random number, cause 14657 is already in drawn.
Draw a new random number, cause 26083 is already in drawn.
Draw a new random number, cause 15729 is already in drawn.
Draw a new random number, cause 21832 is already in drawn.
Draw a new random number, cause 1370 is already in drawn.
Draw a new random number, cause 14931 is already in drawn.
Draw a new random number, cause 15542 is already in drawn.
Draw a new random number, cause 17536 is already in drawn.
Draw a new random number, cause 18171 is already in drawn.
Draw a new random number, cause 17608 is already in drawn.
Draw a new random number, cause 25756 is already in drawn.
Draw a new random number, cause 15630 is already in drawn.
Draw a new random number, cause 16850 is already in drawn.
Draw a new random number, cause 18543 is already in drawn.
Draw a new random number, cause 15548 is already in drawn.
Draw a new random number, cause 22578 is already in drawn.
Draw a new random number, cause 17149 is already in drawn.
Draw a new random number, cause 17149 is already in drawn.
Draw a new random number, cause 747 is already in drawn.
Draw a new random number, cause 199 is already in drawn.
Draw a new random number, cause 18908 is already in drawn.
Draw a new random number, cause 19121 is already in drawn.
Draw a new random number, cause 19481 is already in drawn.
Draw a new random number, cause 14408 is already in drawn.
Draw a new random number, cause 22100 is already in drawn.
Draw a new random number, cause 27270 is already in drawn.
Draw a new random number, cause 1474 is already in drawn.
Draw a new random number, cause 16109 is already in drawn.
Draw a new random number, cause 15343 is already in drawn.
Draw a new random number, cause 17394 is already in drawn.
Draw a new random number, cause 22591 is already in drawn.
Draw a new random number, cause 22722 is already in drawn.
Draw a new random number, cause 22042 is already in drawn.
Draw a new random number, cause 2673 is already in drawn.
Draw a new random number, cause 18408 is already in drawn.
Draw a new random number, cause 15433 is already in drawn.
Draw a new random number, cause 18851 is already in drawn.
Draw a new random number, cause 15564 is already in drawn.
Draw a new random number, cause 591 is already in drawn.
Draw a new random number, cause 28429 is already in drawn.
Draw a new random number, cause 663 is already in drawn.
Draw a new random number, cause 1920 is already in drawn.
Draw a new random number, cause 20199 is already in drawn.
Draw a new random number, cause 2329 is already in drawn.
Draw a new random number, cause 747 is already in drawn.
Draw a new random number, cause 22650 is already in drawn.
Draw a new random number, cause 545 is already in drawn.
Draw a new random number, cause 28294 is already in drawn.
Draw a new random number, cause 2758 is already in drawn.
Draw a new random number, cause 17341 is already in drawn.
Draw a new random number, cause 16621 is already in drawn.
Draw a new random number, cause 15433 is already in drawn.
Draw a new random number, cause 19930 is already in drawn.
Draw a new random number, cause 16749 is already in drawn.
Draw a new random number, cause 17639 is already in drawn.
Draw a new random number, cause 120 is already in drawn.
Draw a new random number, cause 27506 is already in drawn.
Draw a new random number, cause 22628 is already in drawn.
Draw a new random number, cause 26336 is already in drawn.
Draw a new random number, cause 17952 is already in drawn.
Draw a new random number, cause 20173 is already in drawn.
Draw a new random number, cause 26495 is already in drawn.
Draw a new random number, cause 27293 is already in drawn.
Draw a new random number, cause 1622 is already in drawn.
Draw a new random number, cause 21367 is already in drawn.
Draw a new random number, cause 17341 is already in drawn.
Draw a new random number, cause 27460 is already in drawn.
Draw a new random number, cause 15782 is already in drawn.
Draw a new random number, cause 22836 is already in drawn.
Draw a new random number, cause 27164 is already in drawn.
Draw a new random number, cause 21903 is already in drawn.
Draw a new random number, cause 2566 is already in drawn.
Draw a new random number, cause 18937 is already in drawn.
Draw a new random number, cause 21949 is already in drawn.
Draw a new random number, cause 14707 is already in drawn.
Draw a new random number, cause 20025 is already in drawn.
Draw a new random number, cause 18452 is already in drawn.
Draw a new random number, cause 21202 is already in drawn.
Draw a new random number, cause 14817 is already in drawn.
Draw a new random number, cause 17476 is already in drawn.
Draw a new random number, cause 894 is already in drawn.
Draw a new random number, cause 22554 is already in drawn.
Draw a new random number, cause 27535 is already in drawn.
Draw a new random number, cause 17375 is already in drawn.
Draw a new random number, cause 2639 is already in drawn.
Draw a new random number, cause 21718 is already in drawn.
Draw a new random number, cause 106 is already in drawn.
Draw a new random number, cause 16023 is already in drawn.
Draw a new random number, cause 17544 is already in drawn.
Draw a new random number, cause 16316 is already in drawn.
Draw a new random number, cause 25948 is already in drawn.
Draw a new random number, cause 15539 is already in drawn.
Draw a new random number, cause 15394 is already in drawn.
Draw a new random number, cause 1395 is already in drawn.
Draw a new random number, cause 18556 is already in drawn.
Draw a new random number, cause 16200 is already in drawn.
Draw a new random number, cause 21229 is already in drawn.
Draw a new random number, cause 9522 is already in drawn.
Draw a new random number, cause 15702 is already in drawn.
Draw a new random number, cause 1573 is already in drawn.
Draw a new random number, cause 253 is already in drawn.
Draw a new random number, cause 22593 is already in drawn.
Draw a new random number, cause 20992 is already in drawn.
Draw a new random number, cause 19221 is already in drawn.
Draw a new random number, cause 26208 is already in drawn.
Draw a new random number, cause 15630 is already in drawn.
Draw a new random number, cause 20824 is already in drawn.
Draw a new random number, cause 25896 is already in drawn.
Draw a new random number, cause 14927 is already in drawn.
Draw a new random number, cause 19661 is already in drawn.
Draw a new random number, cause 17546 is already in drawn.
Draw a new random number, cause 1972 is already in drawn.
Draw a new random number, cause 1791 is already in drawn.
Draw a new random number, cause 26879 is already in drawn.
Draw a new random number, cause 27699 is already in drawn.
Draw a new random number, cause 17296 is already in drawn.
Draw a new random number, cause 17547 is already in drawn.
Draw a new random number, cause 27293 is already in drawn.
Draw a new random number, cause 22546 is already in drawn.
Draw a new random number, cause 26241 is already in drawn.
Draw a new random number, cause 2610 is already in drawn.
Draw a new random number, cause 17658 is already in drawn.
Draw a new random number, cause 15341 is already in drawn.
Draw a new random number, cause 27837 is already in drawn.
Draw a new random number, cause 21076 is already in drawn.
Draw a new random number, cause 20839 is already in drawn.
Draw a new random number, cause 26227 is already in drawn.
Draw a new random number, cause 25706 is already in drawn.
Draw a new random number, cause 475 is already in drawn.
Draw a new random number, cause 18703 is already in drawn.
Draw a new random number, cause 26142 is already in drawn.
Draw a new random number, cause 27189 is already in drawn.
Draw a new random number, cause 1199 is already in drawn.
Draw a new random number, cause 584 is already in drawn.
Draw a new random number, cause 14647 is already in drawn.
Draw a new random number, cause 17660 is already in drawn.
Draw a new random number, cause 26807 is already in drawn.
Draw a new random number, cause 21437 is already in drawn.
Draw a new random number, cause 26449 is already in drawn.
Draw a new random number, cause 22578 is already in drawn.
Draw a new random number, cause 16600 is already in drawn.
Draw a new random number, cause 21955 is already in drawn.
Draw a new random number, cause 17378 is already in drawn.
Draw a new random number, cause 25877 is already in drawn.
Draw a new random number, cause 27746 is already in drawn.
Draw a new random number, cause 15483 is already in drawn.
Draw a new random number, cause 14648 is already in drawn.
Draw a new random number, cause 20215 is already in drawn.
Draw a new random number, cause 17069 is already in drawn.
Draw a new random number, cause 2000 is already in drawn.
Draw a new random number, cause 20891 is already in drawn.
Draw a new random number, cause 17681 is already in drawn.
Draw a new random number, cause 2132 is already in drawn.
Draw a new random number, cause 27324 is already in drawn.
Draw a new random number, cause 714 is already in drawn.
Draw a new random number, cause 28065 is already in drawn.
Draw a new random number, cause 15293 is already in drawn.
Draw a new random number, cause 20272 is already in drawn.
Draw a new random number, cause 1933 is already in drawn.
Draw a new random number, cause 788 is already in drawn.
Draw a new random number, cause 946 is already in drawn.
Draw a new random number, cause 26162 is already in drawn.
Draw a new random number, cause 19252 is already in drawn.
Draw a new random number, cause 22432 is already in drawn.
Draw a new random number, cause 819 is already in drawn.
Draw a new random number, cause 19103 is already in drawn.
Draw a new random number, cause 22732 is already in drawn.
Draw a new random number, cause 14398 is already in drawn.
Draw a new random number, cause 20831 is already in drawn.
Draw a new random number, cause 14735 is already in drawn.
Draw a new random number, cause 1557 is already in drawn.
Draw a new random number, cause 15240 is already in drawn.
Draw a new random number, cause 27170 is already in drawn.
Draw a new random number, cause 273 is already in drawn.
Draw a new random number, cause 1271 is already in drawn.
Draw a new random number, cause 18599 is already in drawn.
Draw a new random number, cause 20191 is already in drawn.
Draw a new random number, cause 19427 is already in drawn.
Draw a new random number, cause 9182 is already in drawn.
Draw a new random number, cause 27877 is already in drawn.
Draw a new random number, cause 20675 is already in drawn.
Draw a new random number, cause 16192 is already in drawn.
Draw a new random number, cause 15449 is already in drawn.
Draw a new random number, cause 16915 is already in drawn.
Draw a new random number, cause 21951 is already in drawn.
Draw a new random number, cause 15001 is already in drawn.
Draw a new random number, cause 15698 is already in drawn.
Draw a new random number, cause 21474 is already in drawn.
Draw a new random number, cause 1439 is already in drawn.
Draw a new random number, cause 1813 is already in drawn.
Draw a new random number, cause 15338 is already in drawn.
Draw a new random number, cause 21714 is already in drawn.
Draw a new random number, cause 15665 is already in drawn.
Draw a new random number, cause 21776 is already in drawn.
Draw a new random number, cause 665 is already in drawn.
Draw a new random number, cause 27496 is already in drawn.
Draw a new random number, cause 26149 is already in drawn.
Draw a new random number, cause 2727 is already in drawn.
Draw a new random number, cause 15071 is already in drawn.
Draw a new random number, cause 16970 is already in drawn.
5572 drawn configurations were invalid
command: clean-sampling
command: clean-global
