10597 - OpenCL, Array2D, LocalMemory, bs_128x2, padding_448, pixelPerThread_2
12716 - OpenCL, Ldg, bs_256x1, padding_0, pixelPerThread_1
8354 - OpenCL, Linear2D, LocalMemory, bs_64x2, padding_448, pixelPerThread_3
8155 - OpenCL, Linear2D, LocalMemory, bs_1024x1, padding_480, pixelPerThread_4
23344 - CUDA, Array2D, bs_128x1, padding_160, pixelPerThread_1
3543 - OpenCL, Linear1D, bs_128x8, padding_32, pixelPerThread_4
25148 - CUDA, Array2D, LocalMemory, bs_512x1, padding_448, pixelPerThread_1
23500 - CUDA, Array2D, bs_128x4, padding_320, pixelPerThread_1
9576 - OpenCL, Array2D, bs_1024x1, padding_448, pixelPerThread_1
6288 - OpenCL, Linear2D, bs_128x2, padding_256, pixelPerThread_1
11003 - OpenCL, Array2D, LocalMemory, bs_1024x1, padding_416, pixelPerThread_4
23768 - CUDA, Array2D, bs_512x2, padding_288, pixelPerThread_1
8175 - OpenCL, Linear2D, LocalMemory, bs_32x2, padding_96, pixelPerThread_4
5361 - OpenCL, Linear1D, LocalMemory, bs_32x2, padding_448, pixelPerThread_2
8309 - OpenCL, Linear2D, LocalMemory, bs_64x2, padding_96, pixelPerThread_2
6576 - OpenCL, Linear2D, bs_512x1, padding_384, pixelPerThread_1
13352 - OpenCL, Ldg, LocalMemory, bs_128x1, padding_192, pixelPerThread_1
6232 - OpenCL, Linear2D, bs_128x1, padding_352, pixelPerThread_1
11925 - OpenCL, Ldg, bs_128x1, padding_192, pixelPerThread_2
6661 - OpenCL, Linear2D, bs_512x2, padding_512, pixelPerThread_2
7034 - OpenCL, Linear2D, bs_256x1, padding_224, pixelPerThread_3
6467 - OpenCL, Linear2D, bs_256x4, padding_32, pixelPerThread_4
2984 - OpenCL, Linear1D, bs_32x8, padding_480, pixelPerThread_1
9202 - OpenCL, Array2D, bs_128x4, padding_160, pixelPerThread_3
7534 - OpenCL, Linear2D, LocalMemory, bs_64x4, padding_416, pixelPerThread_3
10000 - OpenCL, Array2D, LocalMemory, bs_32x1, padding_32, pixelPerThread_1
11671 - OpenCL, Ldg, bs_32x32, padding_320, pixelPerThread_4
2867 - OpenCL, Linear1D, bs_32x1, padding_64, pixelPerThread_4
12513 - OpenCL, Ldg, bs_32x4, padding_0, pixelPerThread_2
12293 - OpenCL, Ldg, bs_512x1, padding_416, pixelPerThread_2
12565 - OpenCL, Ldg, bs_32x4, padding_416, pixelPerThread_2
23362 - CUDA, Array2D, bs_128x1, padding_288, pixelPerThread_3
11418 - OpenCL, Array2D, LocalMemory, bs_256x2, padding_480, pixelPerThread_3
10902 - OpenCL, Array2D, LocalMemory, bs_512x2, padding_160, pixelPerThread_3
6591 - OpenCL, Linear2D, bs_512x1, padding_480, pixelPerThread_4
25645 - CUDA, Array2D, LocalMemory, bs_256x2, padding_64, pixelPerThread_2
3469 - OpenCL, Linear1D, bs_128x4, padding_0, pixelPerThread_2
23950 - CUDA, Array2D, bs_32x4, padding_96, pixelPerThread_3
2882 - OpenCL, Linear1D, bs_32x1, padding_192, pixelPerThread_3
8425 - OpenCL, Linear2D, LocalMemory, bs_64x8, padding_480, pixelPerThread_2
13078 - OpenCL, Ldg, LocalMemory, bs_32x32, padding_160, pixelPerThread_3
8279 - OpenCL, Linear2D, LocalMemory, bs_32x4, padding_384, pixelPerThread_4
23464 - CUDA, Array2D, bs_128x4, padding_32, pixelPerThread_1
12066 - OpenCL, Ldg, bs_128x4, padding_224, pixelPerThread_3
3365 - OpenCL, Linear1D, bs_128x1, padding_256, pixelPerThread_2
24951 - CUDA, Array2D, LocalMemory, bs_128x4, padding_480, pixelPerThread_4
9031 - OpenCL, Array2D, bs_64x16, padding_416, pixelPerThread_4
16602 - CUDA, LocalMemory, bs_512x2, padding_64, pixelPerThread_3
10038 - OpenCL, Array2D, LocalMemory, bs_32x1, padding_320, pixelPerThread_3
25469 - CUDA, Array2D, LocalMemory, bs_64x2, padding_288, pixelPerThread_2
22982 - CUDA, Array2D, bs_32x8, padding_512, pixelPerThread_3
4041 - OpenCL, Linear1D, bs_64x2, padding_224, pixelPerThread_2
6895 - OpenCL, Linear2D, bs_64x2, padding_192, pixelPerThread_4
9424 - OpenCL, Array2D, bs_512x1, padding_320, pixelPerThread_1
10659 - OpenCL, Array2D, LocalMemory, bs_128x4, padding_384, pixelPerThread_4
12449 - OpenCL, Ldg, bs_32x2, padding_32, pixelPerThread_2
5079 - OpenCL, Linear1D, LocalMemory, bs_256x4, padding_352, pixelPerThread_4
4199 - OpenCL, Linear1D, bs_256x1, padding_384, pixelPerThread_4
4087 - OpenCL, Linear1D, bs_64x8, padding_32, pixelPerThread_4
8427 - OpenCL, Linear2D, LocalMemory, bs_64x8, padding_480, pixelPerThread_4
23989 - CUDA, Array2D, bs_32x4, padding_416, pixelPerThread_2
4286 - OpenCL, Linear1D, LocalMemory, bs_32x1, padding_0, pixelPerThread_3
6033 - OpenCL, Linear2D, bs_64x1, padding_384, pixelPerThread_2
6873 - OpenCL, Linear2D, bs_64x2, padding_32, pixelPerThread_2
11296 - OpenCL, Array2D, LocalMemory, bs_256x1, padding_64, pixelPerThread_1
22860 - CUDA, Array2D, bs_32x1, padding_96, pixelPerThread_1
23079 - CUDA, Array2D, bs_32x32, padding_192, pixelPerThread_4
25113 - CUDA, Array2D, LocalMemory, bs_512x1, padding_160, pixelPerThread_2
8501 - OpenCL, Linear2D, LocalMemory, bs_256x2, padding_0, pixelPerThread_2
11778 - OpenCL, Ldg, bs_64x4, padding_96, pixelPerThread_3
6850 - OpenCL, Linear2D, bs_32x4, padding_384, pixelPerThread_3
24112 - CUDA, Array2D, bs_64x8, padding_320, pixelPerThread_1
3654 - OpenCL, Linear1D, bs_256x4, padding_384, pixelPerThread_3
23375 - CUDA, Array2D, bs_128x1, padding_384, pixelPerThread_4
6336 - OpenCL, Linear2D, bs_128x4, padding_96, pixelPerThread_1
4648 - OpenCL, Linear1D, LocalMemory, bs_64x4, padding_192, pixelPerThread_1
7867 - OpenCL, Linear2D, LocalMemory, bs_128x8, padding_352, pixelPerThread_4
3967 - OpenCL, Linear1D, bs_32x4, padding_160, pixelPerThread_4
8634 - OpenCL, Array2D, bs_32x1, padding_512, pixelPerThread_3
8585 - OpenCL, Array2D, bs_32x1, padding_128, pixelPerThread_2
12020 - OpenCL, Ldg, bs_128x2, padding_416, pixelPerThread_1
8526 - OpenCL, Linear2D, LocalMemory, bs_256x2, padding_192, pixelPerThread_3
4023 - OpenCL, Linear1D, bs_64x2, padding_64, pixelPerThread_4
4538 - OpenCL, Linear1D, LocalMemory, bs_32x32, padding_384, pixelPerThread_3
22155 - CUDA, Linear2D, LocalMemory, bs_128x8, padding_416, pixelPerThread_4
23845 - CUDA, Array2D, bs_1024x1, padding_352, pixelPerThread_2
4772 - OpenCL, Linear1D, LocalMemory, bs_128x1, padding_96, pixelPerThread_1
3429 - OpenCL, Linear1D, bs_128x2, padding_224, pixelPerThread_2
14081 - OpenCL, Ldg, LocalMemory, bs_64x8, padding_32, pixelPerThread_2
11487 - OpenCL, Ldg, bs_32x1, padding_480, pixelPerThread_4
25656 - CUDA, Array2D, LocalMemory, bs_256x2, padding_160, pixelPerThread_1
4653 - OpenCL, Linear1D, LocalMemory, bs_64x4, padding_224, pixelPerThread_2
23501 - CUDA, Array2D, bs_128x4, padding_320, pixelPerThread_2
12579 - OpenCL, Ldg, bs_32x4, padding_512, pixelPerThread_4
23201 - CUDA, Array2D, bs_64x4, padding_96, pixelPerThread_2
23389 - CUDA, Array2D, bs_128x1, padding_512, pixelPerThread_2
12683 - OpenCL, Ldg, bs_64x8, padding_256, pixelPerThread_4
13848 - OpenCL, Ldg, LocalMemory, bs_1024x1, padding_352, pixelPerThread_1
25436 - CUDA, Array2D, LocalMemory, bs_64x2, padding_32, pixelPerThread_1
9859 - OpenCL, Array2D, bs_64x8, padding_512, pixelPerThread_4
3843 - OpenCL, Linear1D, bs_1024x1, padding_256, pixelPerThread_4
13070 - OpenCL, Ldg, LocalMemory, bs_32x32, padding_96, pixelPerThread_3
8700 - OpenCL, Array2D, bs_32x8, padding_512, pixelPerThread_1
4095 - OpenCL, Linear1D, bs_64x8, padding_96, pixelPerThread_4
25399 - CUDA, Array2D, LocalMemory, bs_32x4, padding_256, pixelPerThread_4
23532 - CUDA, Array2D, bs_128x8, padding_32, pixelPerThread_1
3324 - OpenCL, Linear1D, bs_64x16, padding_480, pixelPerThread_1
5416 - OpenCL, Linear1D, LocalMemory, bs_32x4, padding_352, pixelPerThread_1
18998 - CUDA, Linear1D, LocalMemory, bs_64x16, padding_192, pixelPerThread_3
13276 - OpenCL, Ldg, LocalMemory, bs_64x16, padding_128, pixelPerThread_1
13584 - OpenCL, Ldg, LocalMemory, bs_128x8, padding_416, pixelPerThread_1
5326 - OpenCL, Linear1D, LocalMemory, bs_32x2, padding_160, pixelPerThread_3
8426 - OpenCL, Linear2D, LocalMemory, bs_64x8, padding_480, pixelPerThread_3
9897 - OpenCL, Array2D, bs_256x1, padding_288, pixelPerThread_2
7724 - OpenCL, Linear2D, LocalMemory, bs_128x2, padding_320, pixelPerThread_1
12661 - OpenCL, Ldg, bs_64x8, padding_96, pixelPerThread_2
13093 - OpenCL, Ldg, LocalMemory, bs_32x32, padding_288, pixelPerThread_2
7187 - OpenCL, Linear2D, LocalMemory, bs_32x1, padding_352, pixelPerThread_4
28145 - CUDA, Ldg, LocalMemory, bs_1024x1, padding_480, pixelPerThread_2
7009 - OpenCL, Linear2D, bs_256x1, padding_32, pixelPerThread_2
7392 - OpenCL, Linear2D, LocalMemory, bs_32x32, padding_384, pixelPerThread_1
23738 - CUDA, Array2D, bs_512x2, padding_32, pixelPerThread_3
25087 - CUDA, Array2D, LocalMemory, bs_256x4, padding_480, pixelPerThread_4
25574 - CUDA, Array2D, LocalMemory, bs_256x1, padding_32, pixelPerThread_3
13490 - OpenCL, Ldg, LocalMemory, bs_128x4, padding_192, pixelPerThread_3
9358 - OpenCL, Array2D, bs_256x4, padding_320, pixelPerThread_3
5670 - OpenCL, Linear1D, LocalMemory, bs_256x2, padding_192, pixelPerThread_3
22230 - CUDA, Linear2D, LocalMemory, bs_256x4, padding_480, pixelPerThread_3
12159 - OpenCL, Ldg, bs_128x8, padding_416, pixelPerThread_4
24835 - CUDA, Array2D, LocalMemory, bs_128x2, padding_96, pixelPerThread_4
11432 - OpenCL, Ldg, bs_32x1, padding_64, pixelPerThread_1
9439 - OpenCL, Array2D, bs_512x1, padding_416, pixelPerThread_4
3154 - OpenCL, Linear1D, bs_64x1, padding_192, pixelPerThread_3
8630 - OpenCL, Array2D, bs_32x1, padding_480, pixelPerThread_3
10010 - OpenCL, Array2D, LocalMemory, bs_32x1, padding_96, pixelPerThread_3
11606 - OpenCL, Ldg, bs_32x16, padding_352, pixelPerThread_3
5737 - OpenCL, Linear2D, bs_32x1, padding_192, pixelPerThread_2
24083 - CUDA, Array2D, bs_64x8, padding_64, pixelPerThread_4
24493 - CUDA, Array2D, LocalMemory, bs_32x32, padding_96, pixelPerThread_2
7495 - OpenCL, Linear2D, LocalMemory, bs_64x4, padding_96, pixelPerThread_4
5110 - OpenCL, Linear1D, LocalMemory, bs_512x1, padding_64, pixelPerThread_3
11412 - OpenCL, Array2D, LocalMemory, bs_256x2, padding_448, pixelPerThread_1
7548 - OpenCL, Linear2D, LocalMemory, bs_64x16, padding_0, pixelPerThread_1
9074 - OpenCL, Array2D, bs_128x1, padding_224, pixelPerThread_3
5273 - OpenCL, Linear1D, LocalMemory, bs_1024x1, padding_288, pixelPerThread_2
18990 - CUDA, Linear1D, LocalMemory, bs_64x16, padding_128, pixelPerThread_3
7245 - OpenCL, Linear2D, LocalMemory, bs_32x8, padding_288, pixelPerThread_2
10912 - OpenCL, Array2D, LocalMemory, bs_512x2, padding_256, pixelPerThread_1
6735 - OpenCL, Linear2D, bs_32x2, padding_0, pixelPerThread_4
13194 - OpenCL, Ldg, LocalMemory, bs_64x4, padding_0, pixelPerThread_3
23507 - CUDA, Array2D, bs_128x4, padding_352, pixelPerThread_4
4689 - OpenCL, Linear1D, LocalMemory, bs_64x4, padding_512, pixelPerThread_2
23103 - CUDA, Array2D, bs_32x32, padding_384, pixelPerThread_4
12334 - OpenCL, Ldg, bs_512x2, padding_192, pixelPerThread_3
12071 - OpenCL, Ldg, bs_128x4, padding_256, pixelPerThread_4
23759 - CUDA, Array2D, bs_512x2, padding_192, pixelPerThread_4
7045 - OpenCL, Linear2D, bs_256x1, padding_320, pixelPerThread_2
7263 - OpenCL, Linear2D, LocalMemory, bs_32x8, padding_416, pixelPerThread_4
9352 - OpenCL, Array2D, bs_256x4, padding_288, pixelPerThread_1
6321 - OpenCL, Linear2D, bs_128x2, padding_512, pixelPerThread_2
6645 - OpenCL, Linear2D, bs_512x2, padding_384, pixelPerThread_2
1890 - OpenCL, LocalMemory, bs_64x16, padding_416, pixelPerThread_3
16427 - CUDA, LocalMemory, bs_128x8, padding_288, pixelPerThread_4
5432 - OpenCL, Linear1D, LocalMemory, bs_32x4, padding_480, pixelPerThread_1
12733 - OpenCL, Ldg, bs_256x1, padding_128, pixelPerThread_2
7521 - OpenCL, Linear2D, LocalMemory, bs_64x4, padding_320, pixelPerThread_2
9784 - OpenCL, Array2D, bs_64x2, padding_480, pixelPerThread_1
4585 - OpenCL, Linear1D, LocalMemory, bs_64x1, padding_224, pixelPerThread_2
3777 - OpenCL, Linear1D, bs_512x2, padding_288, pixelPerThread_2
12349 - OpenCL, Ldg, bs_512x2, padding_320, pixelPerThread_2
9310 - OpenCL, Array2D, bs_128x8, padding_480, pixelPerThread_3
13439 - OpenCL, Ldg, LocalMemory, bs_128x2, padding_320, pixelPerThread_4
19579 - CUDA, Linear1D, LocalMemory, bs_1024x1, padding_480, pixelPerThread_4
10047 - OpenCL, Array2D, LocalMemory, bs_32x1, padding_384, pixelPerThread_4
11817 - OpenCL, Ldg, bs_64x4, padding_416, pixelPerThread_2
6549 - OpenCL, Linear2D, bs_512x1, padding_160, pixelPerThread_2
9460 - OpenCL, Array2D, bs_512x2, padding_64, pixelPerThread_1
12408 - OpenCL, Ldg, bs_1024x1, padding_256, pixelPerThread_1
2986 - OpenCL, Linear1D, bs_32x8, padding_480, pixelPerThread_3
8367 - OpenCL, Linear2D, LocalMemory, bs_64x8, padding_0, pixelPerThread_4
7578 - OpenCL, Linear2D, LocalMemory, bs_64x16, padding_224, pixelPerThread_3
9569 - OpenCL, Array2D, bs_1024x1, padding_384, pixelPerThread_2
6639 - OpenCL, Linear2D, bs_512x2, padding_320, pixelPerThread_4
6536 - OpenCL, Linear2D, bs_512x1, padding_64, pixelPerThread_1
22871 - CUDA, Array2D, bs_32x1, padding_160, pixelPerThread_4
8971 - OpenCL, Array2D, bs_64x4, padding_480, pixelPerThread_4
11640 - OpenCL, Ldg, bs_32x32, padding_96, pixelPerThread_1
2867 - OpenCL, Linear1D, bs_32x1, padding_64, pixelPerThread_4
5829 - OpenCL, Linear2D, bs_32x8, padding_384, pixelPerThread_2
11745 - OpenCL, Ldg, bs_64x1, padding_384, pixelPerThread_2
3872 - OpenCL, Linear1D, bs_1024x1, padding_512, pixelPerThread_1
7174 - OpenCL, Linear2D, LocalMemory, bs_32x1, padding_256, pixelPerThread_3
12167 - OpenCL, Ldg, bs_128x8, padding_480, pixelPerThread_4
9290 - OpenCL, Array2D, bs_128x8, padding_320, pixelPerThread_3
8757 - OpenCL, Array2D, bs_32x16, padding_416, pixelPerThread_2
5813 - OpenCL, Linear2D, bs_32x8, padding_256, pixelPerThread_2
7717 - OpenCL, Linear2D, LocalMemory, bs_128x2, padding_256, pixelPerThread_2
7938 - OpenCL, Linear2D, LocalMemory, bs_256x4, padding_384, pixelPerThread_3
12741 - OpenCL, Ldg, bs_256x1, padding_192, pixelPerThread_2
3681 - OpenCL, Linear1D, bs_512x1, padding_64, pixelPerThread_2
7543 - OpenCL, Linear2D, LocalMemory, bs_64x4, padding_480, pixelPerThread_4
22866 - CUDA, Array2D, bs_32x1, padding_128, pixelPerThread_3
11113 - OpenCL, Array2D, LocalMemory, bs_32x4, padding_224, pixelPerThread_2
5491 - OpenCL, Linear1D, LocalMemory, bs_64x2, padding_384, pixelPerThread_4
13233 - OpenCL, Ldg, LocalMemory, bs_64x4, padding_320, pixelPerThread_2
10911 - OpenCL, Array2D, LocalMemory, bs_512x2, padding_224, pixelPerThread_4
23465 - CUDA, Array2D, bs_128x4, padding_32, pixelPerThread_2
10041 - OpenCL, Array2D, LocalMemory, bs_32x1, padding_352, pixelPerThread_2
5211 - OpenCL, Linear1D, LocalMemory, bs_512x2, padding_320, pixelPerThread_4
2230 - OpenCL, LocalMemory, bs_256x4, padding_416, pixelPerThread_3
8659 - OpenCL, Array2D, bs_32x8, padding_160, pixelPerThread_4
12288 - OpenCL, Ldg, bs_512x1, padding_384, pixelPerThread_1
7175 - OpenCL, Linear2D, LocalMemory, bs_32x1, padding_256, pixelPerThread_4
12110 - OpenCL, Ldg, bs_128x8, padding_32, pixelPerThread_3
8566 - OpenCL, Linear2D, LocalMemory, bs_256x2, padding_512, pixelPerThread_3
9489 - OpenCL, Array2D, bs_512x2, padding_288, pixelPerThread_2
3806 - OpenCL, Linear1D, bs_512x2, padding_512, pixelPerThread_3
13901 - OpenCL, Ldg, LocalMemory, bs_32x2, padding_224, pixelPerThread_2
6765 - OpenCL, Linear2D, bs_32x2, padding_256, pixelPerThread_2
13595 - OpenCL, Ldg, LocalMemory, bs_128x8, padding_480, pixelPerThread_4
3069 - OpenCL, Linear1D, bs_32x32, padding_64, pixelPerThread_2
13505 - OpenCL, Ldg, LocalMemory, bs_128x4, padding_320, pixelPerThread_2
9629 - OpenCL, Array2D, bs_32x2, padding_320, pixelPerThread_2
7843 - OpenCL, Linear2D, LocalMemory, bs_128x8, padding_160, pixelPerThread_4
3799 - OpenCL, Linear1D, bs_512x2, padding_448, pixelPerThread_4
24943 - CUDA, Array2D, LocalMemory, bs_128x4, padding_416, pixelPerThread_4
5990 - OpenCL, Linear2D, bs_64x1, padding_32, pixelPerThread_3
6451 - OpenCL, Linear2D, bs_128x8, padding_448, pixelPerThread_4
11174 - OpenCL, Array2D, LocalMemory, bs_64x2, padding_160, pixelPerThread_3
7530 - OpenCL, Linear2D, LocalMemory, bs_64x4, padding_384, pixelPerThread_3
24000 - CUDA, Array2D, bs_32x4, padding_512, pixelPerThread_1
23582 - CUDA, Array2D, bs_128x8, padding_416, pixelPerThread_3
10578 - OpenCL, Array2D, LocalMemory, bs_128x2, padding_288, pixelPerThread_3
9478 - OpenCL, Array2D, bs_512x2, padding_192, pixelPerThread_3
18987 - CUDA, Linear1D, LocalMemory, bs_64x16, padding_96, pixelPerThread_4
6255 - OpenCL, Linear2D, bs_128x1, padding_512, pixelPerThread_4
24562 - CUDA, Array2D, LocalMemory, bs_64x1, padding_96, pixelPerThread_3
11636 - OpenCL, Ldg, bs_32x32, padding_64, pixelPerThread_1
14019 - OpenCL, Ldg, LocalMemory, bs_64x2, padding_64, pixelPerThread_4
12390 - OpenCL, Ldg, bs_1024x1, padding_96, pixelPerThread_3
12276 - OpenCL, Ldg, bs_512x1, padding_288, pixelPerThread_1
5836 - OpenCL, Linear2D, bs_32x8, padding_448, pixelPerThread_1
3065 - OpenCL, Linear1D, bs_32x32, padding_32, pixelPerThread_2
11003 - OpenCL, Array2D, LocalMemory, bs_1024x1, padding_416, pixelPerThread_4
11797 - OpenCL, Ldg, bs_64x4, padding_256, pixelPerThread_2
5908 - OpenCL, Linear2D, bs_32x16, padding_480, pixelPerThread_1
12159 - OpenCL, Ldg, bs_128x8, padding_416, pixelPerThread_4
22859 - CUDA, Array2D, bs_32x1, padding_64, pixelPerThread_4
11325 - OpenCL, Array2D, LocalMemory, bs_256x1, padding_288, pixelPerThread_2
4694 - OpenCL, Linear1D, LocalMemory, bs_64x16, padding_0, pixelPerThread_3
4026 - OpenCL, Linear1D, bs_64x2, padding_96, pixelPerThread_3
7796 - OpenCL, Linear2D, LocalMemory, bs_128x4, padding_352, pixelPerThread_1
22913 - CUDA, Array2D, bs_32x1, padding_512, pixelPerThread_2
9407 - OpenCL, Array2D, bs_512x1, padding_160, pixelPerThread_4
9031 - OpenCL, Array2D, bs_64x16, padding_416, pixelPerThread_4
5855 - OpenCL, Linear2D, bs_32x16, padding_32, pixelPerThread_4
11948 - OpenCL, Ldg, bs_128x1, padding_384, pixelPerThread_1
4573 - OpenCL, Linear1D, LocalMemory, bs_64x1, padding_128, pixelPerThread_2
10036 - OpenCL, Array2D, LocalMemory, bs_32x1, padding_320, pixelPerThread_1
11306 - OpenCL, Array2D, LocalMemory, bs_256x1, padding_128, pixelPerThread_3
4742 - OpenCL, Linear1D, LocalMemory, bs_64x16, padding_384, pixelPerThread_3
6492 - OpenCL, Linear2D, bs_256x4, padding_256, pixelPerThread_1
12765 - OpenCL, Ldg, bs_256x1, padding_384, pixelPerThread_2
16669 - CUDA, LocalMemory, bs_1024x1, padding_64, pixelPerThread_2
3865 - OpenCL, Linear1D, bs_1024x1, padding_448, pixelPerThread_2
12101 - OpenCL, Ldg, bs_128x4, padding_512, pixelPerThread_2
4939 - OpenCL, Linear1D, LocalMemory, bs_128x4, padding_320, pixelPerThread_4
9041 - OpenCL, Array2D, bs_64x16, padding_512, pixelPerThread_2
8226 - OpenCL, Linear2D, LocalMemory, bs_32x2, padding_512, pixelPerThread_3
9911 - OpenCL, Array2D, bs_256x1, padding_384, pixelPerThread_4
13404 - OpenCL, Ldg, LocalMemory, bs_128x2, padding_64, pixelPerThread_1
22218 - CUDA, Linear2D, LocalMemory, bs_256x4, padding_384, pixelPerThread_3
6671 - OpenCL, Linear2D, bs_1024x1, padding_32, pixelPerThread_4
5942 - OpenCL, Linear2D, bs_32x32, padding_192, pixelPerThread_3
4547 - OpenCL, Linear1D, LocalMemory, bs_32x32, padding_448, pixelPerThread_4
5765 - OpenCL, Linear2D, bs_32x1, padding_416, pixelPerThread_2
6751 - OpenCL, Linear2D, bs_32x2, padding_128, pixelPerThread_4
6059 - OpenCL, Linear2D, bs_64x4, padding_32, pixelPerThread_4
10411 - OpenCL, Array2D, LocalMemory, bs_64x16, padding_32, pixelPerThread_4
6039 - OpenCL, Linear2D, bs_64x1, padding_416, pixelPerThread_4
15962 - CUDA, LocalMemory, bs_32x32, padding_384, pixelPerThread_3
3280 - OpenCL, Linear1D, bs_64x16, padding_128, pixelPerThread_1
2914 - OpenCL, Linear1D, bs_32x1, padding_448, pixelPerThread_3
12415 - OpenCL, Ldg, bs_1024x1, padding_288, pixelPerThread_4
23591 - CUDA, Array2D, bs_128x8, padding_480, pixelPerThread_4
14254 - OpenCL, Ldg, LocalMemory, bs_256x2, padding_320, pixelPerThread_3
23436 - CUDA, Array2D, bs_128x2, padding_352, pixelPerThread_1
23825 - CUDA, Array2D, bs_1024x1, padding_192, pixelPerThread_2
3640 - OpenCL, Linear1D, bs_256x4, padding_288, pixelPerThread_1
6509 - OpenCL, Linear2D, bs_256x4, padding_384, pixelPerThread_2
8852 - OpenCL, Array2D, bs_64x1, padding_96, pixelPerThread_1
7008 - OpenCL, Linear2D, bs_256x1, padding_32, pixelPerThread_1
8051 - OpenCL, Linear2D, LocalMemory, bs_512x2, padding_192, pixelPerThread_4
4055 - OpenCL, Linear1D, bs_64x2, padding_320, pixelPerThread_4
5838 - OpenCL, Linear2D, bs_32x8, padding_448, pixelPerThread_3
22901 - CUDA, Array2D, bs_32x1, padding_416, pixelPerThread_2
12440 - OpenCL, Ldg, bs_1024x1, padding_512, pixelPerThread_1
6822 - OpenCL, Linear2D, bs_32x4, padding_160, pixelPerThread_3
12122 - OpenCL, Ldg, bs_128x8, padding_128, pixelPerThread_3
13954 - OpenCL, Ldg, LocalMemory, bs_32x4, padding_96, pixelPerThread_3
25673 - CUDA, Array2D, LocalMemory, bs_256x2, padding_288, pixelPerThread_2
6041 - OpenCL, Linear2D, bs_64x1, padding_448, pixelPerThread_2
8820 - OpenCL, Array2D, bs_32x32, padding_384, pixelPerThread_1
11597 - OpenCL, Ldg, bs_32x16, padding_288, pixelPerThread_2
5107 - OpenCL, Linear1D, LocalMemory, bs_512x1, padding_32, pixelPerThread_4
1659 - OpenCL, LocalMemory, bs_32x32, padding_192, pixelPerThread_4
6126 - OpenCL, Linear2D, bs_64x16, padding_32, pixelPerThread_3
16662 - CUDA, LocalMemory, bs_1024x1, padding_0, pixelPerThread_3
13194 - OpenCL, Ldg, LocalMemory, bs_64x4, padding_0, pixelPerThread_3
24217 - CUDA, Array2D, bs_256x2, padding_64, pixelPerThread_2
12133 - OpenCL, Ldg, bs_128x8, padding_224, pixelPerThread_2
24912 - CUDA, Array2D, LocalMemory, bs_128x4, padding_192, pixelPerThread_1
24255 - CUDA, Array2D, bs_256x2, padding_352, pixelPerThread_4
4249 - OpenCL, Linear1D, bs_256x2, padding_256, pixelPerThread_2
9017 - OpenCL, Array2D, bs_64x16, padding_320, pixelPerThread_2
24970 - CUDA, Array2D, LocalMemory, bs_128x8, padding_96, pixelPerThread_3
9576 - OpenCL, Array2D, bs_1024x1, padding_448, pixelPerThread_1
19034 - CUDA, Linear1D, LocalMemory, bs_64x16, padding_480, pixelPerThread_3
24170 - CUDA, Array2D, bs_256x1, padding_224, pixelPerThread_3
9538 - OpenCL, Array2D, bs_1024x1, padding_128, pixelPerThread_3
23472 - CUDA, Array2D, bs_128x4, padding_96, pixelPerThread_1
3745 - OpenCL, Linear1D, bs_512x2, padding_32, pixelPerThread_2
5349 - OpenCL, Linear1D, LocalMemory, bs_32x2, padding_352, pixelPerThread_2
5736 - OpenCL, Linear2D, bs_32x1, padding_192, pixelPerThread_1
7899 - OpenCL, Linear2D, LocalMemory, bs_256x4, padding_64, pixelPerThread_4
7764 - OpenCL, Linear2D, LocalMemory, bs_128x4, padding_96, pixelPerThread_1
24442 - CUDA, Array2D, LocalMemory, bs_32x16, padding_224, pixelPerThread_3
24127 - CUDA, Array2D, bs_64x8, padding_416, pixelPerThread_4
7390 - OpenCL, Linear2D, LocalMemory, bs_32x32, padding_352, pixelPerThread_3
16427 - CUDA, LocalMemory, bs_128x8, padding_288, pixelPerThread_4
6063 - OpenCL, Linear2D, bs_64x4, padding_64, pixelPerThread_4
22977 - CUDA, Array2D, bs_32x8, padding_480, pixelPerThread_2
9458 - OpenCL, Array2D, bs_512x2, padding_32, pixelPerThread_3
12046 - OpenCL, Ldg, bs_128x4, padding_64, pixelPerThread_3
24986 - CUDA, Array2D, LocalMemory, bs_128x8, padding_224, pixelPerThread_3
2327 - OpenCL, LocalMemory, bs_512x2, padding_96, pixelPerThread_4
24815 - CUDA, Array2D, LocalMemory, bs_128x1, padding_480, pixelPerThread_4
5089 - OpenCL, Linear1D, LocalMemory, bs_256x4, padding_448, pixelPerThread_2
7333 - OpenCL, Linear2D, LocalMemory, bs_32x16, padding_448, pixelPerThread_2
4520 - OpenCL, Linear1D, LocalMemory, bs_32x32, padding_256, pixelPerThread_1
24349 - CUDA, Array2D, LocalMemory, bs_32x8, padding_32, pixelPerThread_2
3280 - OpenCL, Linear1D, bs_64x16, padding_128, pixelPerThread_1
12225 - OpenCL, Ldg, bs_256x4, padding_416, pixelPerThread_2
23467 - CUDA, Array2D, bs_128x4, padding_32, pixelPerThread_4
27898 - CUDA, Ldg, LocalMemory, bs_256x4, padding_128, pixelPerThread_3
9378 - OpenCL, Array2D, bs_256x4, padding_480, pixelPerThread_3
14264 - OpenCL, Ldg, LocalMemory, bs_256x2, padding_416, pixelPerThread_1
3733 - OpenCL, Linear1D, bs_512x1, padding_480, pixelPerThread_2
9735 - OpenCL, Array2D, bs_64x2, padding_64, pixelPerThread_4
13082 - OpenCL, Ldg, LocalMemory, bs_32x32, padding_192, pixelPerThread_3
8285 - OpenCL, Linear2D, LocalMemory, bs_32x4, padding_448, pixelPerThread_2
13266 - OpenCL, Ldg, LocalMemory, bs_64x16, padding_32, pixelPerThread_3
25436 - CUDA, Array2D, LocalMemory, bs_64x2, padding_32, pixelPerThread_1
12211 - OpenCL, Ldg, bs_256x4, padding_288, pixelPerThread_4
5572 - OpenCL, Linear1D, LocalMemory, bs_64x8, padding_512, pixelPerThread_1
11508 - OpenCL, Ldg, bs_32x8, padding_128, pixelPerThread_1
24136 - CUDA, Array2D, bs_64x8, padding_512, pixelPerThread_1
4207 - OpenCL, Linear1D, bs_256x1, padding_448, pixelPerThread_4
2870 - OpenCL, Linear1D, bs_32x1, padding_96, pixelPerThread_3
24476 - CUDA, Array2D, LocalMemory, bs_32x16, padding_512, pixelPerThread_1
7674 - OpenCL, Linear2D, LocalMemory, bs_128x1, padding_448, pixelPerThread_3
25082 - CUDA, Array2D, LocalMemory, bs_256x4, padding_448, pixelPerThread_3
8417 - OpenCL, Linear2D, LocalMemory, bs_64x8, padding_416, pixelPerThread_2
7820 - OpenCL, Linear2D, LocalMemory, bs_128x8, padding_0, pixelPerThread_1
12780 - OpenCL, Ldg, bs_256x1, padding_512, pixelPerThread_1
25178 - CUDA, Array2D, LocalMemory, bs_512x2, padding_128, pixelPerThread_3
25133 - CUDA, Array2D, LocalMemory, bs_512x1, padding_320, pixelPerThread_2
9517 - OpenCL, Array2D, bs_512x2, padding_512, pixelPerThread_2
24794 - CUDA, Array2D, LocalMemory, bs_128x1, padding_320, pixelPerThread_3
3147 - OpenCL, Linear1D, bs_64x1, padding_128, pixelPerThread_4
9516 - OpenCL, Array2D, bs_512x2, padding_512, pixelPerThread_1
23444 - CUDA, Array2D, bs_128x2, padding_416, pixelPerThread_1
5697 - OpenCL, Linear1D, LocalMemory, bs_256x2, padding_416, pixelPerThread_2
6673 - OpenCL, Linear2D, bs_1024x1, padding_64, pixelPerThread_2
23691 - CUDA, Array2D, bs_512x1, padding_192, pixelPerThread_4
6507 - OpenCL, Linear2D, bs_256x4, padding_352, pixelPerThread_4
7746 - OpenCL, Linear2D, LocalMemory, bs_128x2, padding_480, pixelPerThread_3
3312 - OpenCL, Linear1D, bs_64x16, padding_384, pixelPerThread_1
13213 - OpenCL, Ldg, LocalMemory, bs_64x4, padding_160, pixelPerThread_2
24485 - CUDA, Array2D, LocalMemory, bs_32x32, padding_32, pixelPerThread_2
10305 - OpenCL, Array2D, LocalMemory, bs_64x1, padding_288, pixelPerThread_2
5390 - OpenCL, Linear1D, LocalMemory, bs_32x4, padding_128, pixelPerThread_3
4848 - OpenCL, Linear1D, LocalMemory, bs_128x2, padding_160, pixelPerThread_1
5698 - OpenCL, Linear1D, LocalMemory, bs_256x2, padding_416, pixelPerThread_3
5141 - OpenCL, Linear1D, LocalMemory, bs_512x1, padding_320, pixelPerThread_2
4391 - OpenCL, Linear1D, LocalMemory, bs_32x8, padding_288, pixelPerThread_4
27563 - CUDA, Ldg, LocalMemory, bs_64x16, padding_160, pixelPerThread_4
5203 - OpenCL, Linear1D, LocalMemory, bs_512x2, padding_256, pixelPerThread_4
23249 - CUDA, Array2D, bs_64x4, padding_480, pixelPerThread_2
6635 - OpenCL, Linear2D, bs_512x2, padding_288, pixelPerThread_4
24225 - CUDA, Array2D, bs_256x2, padding_128, pixelPerThread_2
10933 - OpenCL, Array2D, LocalMemory, bs_512x2, padding_416, pixelPerThread_2
5453 - OpenCL, Linear1D, LocalMemory, bs_64x2, padding_96, pixelPerThread_2
1867 - OpenCL, LocalMemory, bs_64x16, padding_224, pixelPerThread_4
13266 - OpenCL, Ldg, LocalMemory, bs_64x16, padding_32, pixelPerThread_3
14070 - OpenCL, Ldg, LocalMemory, bs_64x2, padding_480, pixelPerThread_3
24606 - CUDA, Array2D, LocalMemory, bs_64x1, padding_448, pixelPerThread_3
9100 - OpenCL, Array2D, bs_128x1, padding_448, pixelPerThread_1
12883 - OpenCL, Ldg, LocalMemory, bs_32x1, padding_224, pixelPerThread_4
12305 - OpenCL, Ldg, bs_512x1, padding_512, pixelPerThread_2
12945 - OpenCL, Ldg, LocalMemory, bs_32x8, padding_192, pixelPerThread_2
13592 - OpenCL, Ldg, LocalMemory, bs_128x8, padding_480, pixelPerThread_1
23421 - CUDA, Array2D, bs_128x2, padding_224, pixelPerThread_2
12727 - OpenCL, Ldg, bs_256x1, padding_64, pixelPerThread_4
19367 - CUDA, Linear1D, LocalMemory, bs_256x4, padding_416, pixelPerThread_4
13393 - OpenCL, Ldg, LocalMemory, bs_128x1, padding_512, pixelPerThread_2
25372 - CUDA, Array2D, LocalMemory, bs_32x4, padding_64, pixelPerThread_1
6811 - OpenCL, Linear2D, bs_32x4, padding_64, pixelPerThread_4
12038 - OpenCL, Ldg, bs_128x4, padding_0, pixelPerThread_3
7760 - OpenCL, Linear2D, LocalMemory, bs_128x4, padding_64, pixelPerThread_1
16395 - CUDA, LocalMemory, bs_128x8, padding_32, pixelPerThread_4
8577 - OpenCL, Array2D, bs_32x1, padding_64, pixelPerThread_2
9652 - OpenCL, Array2D, bs_32x2, padding_512, pixelPerThread_1
24601 - CUDA, Array2D, LocalMemory, bs_64x1, padding_416, pixelPerThread_2
8467 - OpenCL, Linear2D, LocalMemory, bs_256x1, padding_256, pixelPerThread_4
6249 - OpenCL, Linear2D, bs_128x1, padding_480, pixelPerThread_2
24065 - CUDA, Array2D, bs_64x2, padding_480, pixelPerThread_2
5080 - OpenCL, Linear1D, LocalMemory, bs_256x4, padding_384, pixelPerThread_1
18775 - CUDA, Linear1D, LocalMemory, bs_32x32, padding_32, pixelPerThread_4
7929 - OpenCL, Linear2D, LocalMemory, bs_256x4, padding_320, pixelPerThread_2
10668 - OpenCL, Array2D, LocalMemory, bs_128x4, padding_480, pixelPerThread_1
24164 - CUDA, Array2D, bs_256x1, padding_192, pixelPerThread_1
9228 - OpenCL, Array2D, bs_128x4, padding_384, pixelPerThread_1
23910 - CUDA, Array2D, bs_32x2, padding_320, pixelPerThread_3
5185 - OpenCL, Linear1D, LocalMemory, bs_512x2, padding_128, pixelPerThread_2
19533 - CUDA, Linear1D, LocalMemory, bs_1024x1, padding_128, pixelPerThread_2
10462 - OpenCL, Array2D, LocalMemory, bs_64x16, padding_448, pixelPerThread_3
6851 - OpenCL, Linear2D, bs_32x4, padding_384, pixelPerThread_4
3075 - OpenCL, Linear1D, bs_32x32, padding_96, pixelPerThread_4
14030 - OpenCL, Ldg, LocalMemory, bs_64x2, padding_160, pixelPerThread_3
4109 - OpenCL, Linear1D, bs_64x8, padding_224, pixelPerThread_2
21862 - CUDA, Linear2D, LocalMemory, bs_64x16, padding_256, pixelPerThread_3
9789 - OpenCL, Array2D, bs_64x2, padding_512, pixelPerThread_2
7724 - OpenCL, Linear2D, LocalMemory, bs_128x2, padding_320, pixelPerThread_1
25189 - CUDA, Array2D, LocalMemory, bs_512x2, padding_224, pixelPerThread_2
10507 - OpenCL, Array2D, LocalMemory, bs_128x1, padding_256, pixelPerThread_4
10015 - OpenCL, Array2D, LocalMemory, bs_32x1, padding_128, pixelPerThread_4
14143 - OpenCL, Ldg, LocalMemory, bs_64x8, padding_512, pixelPerThread_4
10545 - OpenCL, Array2D, LocalMemory, bs_128x2, padding_32, pixelPerThread_2
14047 - OpenCL, Ldg, LocalMemory, bs_64x2, padding_288, pixelPerThread_4
5398 - OpenCL, Linear1D, LocalMemory, bs_32x4, padding_192, pixelPerThread_3
4786 - OpenCL, Linear1D, LocalMemory, bs_128x1, padding_192, pixelPerThread_3
24242 - CUDA, Array2D, bs_256x2, padding_256, pixelPerThread_3
6302 - OpenCL, Linear2D, bs_128x2, padding_352, pixelPerThread_3
7829 - OpenCL, Linear2D, LocalMemory, bs_128x8, padding_64, pixelPerThread_2
8124 - OpenCL, Linear2D, LocalMemory, bs_1024x1, padding_256, pixelPerThread_1
6558 - OpenCL, Linear2D, bs_512x1, padding_224, pixelPerThread_3
8950 - OpenCL, Array2D, bs_64x4, padding_320, pixelPerThread_3
4818 - OpenCL, Linear1D, LocalMemory, bs_128x1, padding_448, pixelPerThread_3
2860 - OpenCL, Linear1D, bs_32x1, padding_32, pixelPerThread_1
4844 - OpenCL, Linear1D, LocalMemory, bs_128x2, padding_128, pixelPerThread_1
8474 - OpenCL, Linear2D, LocalMemory, bs_256x1, padding_320, pixelPerThread_3
24879 - CUDA, Array2D, LocalMemory, bs_128x2, padding_448, pixelPerThread_4
24866 - CUDA, Array2D, LocalMemory, bs_128x2, padding_352, pixelPerThread_3
6888 - OpenCL, Linear2D, bs_64x2, padding_160, pixelPerThread_1
9310 - OpenCL, Array2D, bs_128x8, padding_480, pixelPerThread_3
5051 - OpenCL, Linear1D, LocalMemory, bs_256x4, padding_128, pixelPerThread_4
16511 - CUDA, LocalMemory, bs_256x4, padding_416, pixelPerThread_4
27882 - CUDA, Ldg, LocalMemory, bs_256x4, padding_0, pixelPerThread_3
8724 - OpenCL, Array2D, bs_32x16, padding_160, pixelPerThread_1
12041 - OpenCL, Ldg, bs_128x4, padding_32, pixelPerThread_2
23810 - CUDA, Array2D, bs_1024x1, padding_64, pixelPerThread_3
12653 - OpenCL, Ldg, bs_64x8, padding_32, pixelPerThread_2
8425 - OpenCL, Linear2D, LocalMemory, bs_64x8, padding_480, pixelPerThread_2
3456 - OpenCL, Linear1D, bs_128x2, padding_448, pixelPerThread_1
5192 - OpenCL, Linear1D, LocalMemory, bs_512x2, padding_192, pixelPerThread_1
9229 - OpenCL, Array2D, bs_128x4, padding_384, pixelPerThread_2
13869 - OpenCL, Ldg, LocalMemory, bs_1024x1, padding_512, pixelPerThread_2
6117 - OpenCL, Linear2D, bs_64x4, padding_512, pixelPerThread_2
12814 - OpenCL, Ldg, bs_256x2, padding_224, pixelPerThread_3
2871 - OpenCL, Linear1D, bs_32x1, padding_96, pixelPerThread_4
13423 - OpenCL, Ldg, LocalMemory, bs_128x2, padding_192, pixelPerThread_4
13838 - OpenCL, Ldg, LocalMemory, bs_1024x1, padding_256, pixelPerThread_3
5344 - OpenCL, Linear1D, LocalMemory, bs_32x2, padding_320, pixelPerThread_1
9983 - OpenCL, Array2D, bs_256x2, padding_416, pixelPerThread_4
12978 - OpenCL, Ldg, LocalMemory, bs_32x8, padding_448, pixelPerThread_3
9146 - OpenCL, Array2D, bs_128x2, padding_256, pixelPerThread_3
7236 - OpenCL, Linear2D, LocalMemory, bs_32x8, padding_224, pixelPerThread_1
8279 - OpenCL, Linear2D, LocalMemory, bs_32x4, padding_384, pixelPerThread_4
8077 - OpenCL, Linear2D, LocalMemory, bs_512x2, padding_416, pixelPerThread_2
4156 - OpenCL, Linear1D, bs_256x1, padding_64, pixelPerThread_1
6781 - OpenCL, Linear2D, bs_32x2, padding_384, pixelPerThread_2
12534 - OpenCL, Ldg, bs_32x4, padding_160, pixelPerThread_3
6658 - OpenCL, Linear2D, bs_512x2, padding_480, pixelPerThread_3
12615 - OpenCL, Ldg, bs_64x2, padding_256, pixelPerThread_4
8358 - OpenCL, Linear2D, LocalMemory, bs_64x2, padding_480, pixelPerThread_3
23861 - CUDA, Array2D, bs_1024x1, padding_480, pixelPerThread_2
24833 - CUDA, Array2D, LocalMemory, bs_128x2, padding_96, pixelPerThread_2
8903 - OpenCL, Array2D, bs_64x1, padding_480, pixelPerThread_4
3382 - OpenCL, Linear1D, bs_128x1, padding_384, pixelPerThread_3
24780 - CUDA, Array2D, LocalMemory, bs_128x1, padding_224, pixelPerThread_1
25473 - CUDA, Array2D, LocalMemory, bs_64x2, padding_320, pixelPerThread_2
14224 - OpenCL, Ldg, LocalMemory, bs_256x2, padding_96, pixelPerThread_1
5072 - OpenCL, Linear1D, LocalMemory, bs_256x4, padding_320, pixelPerThread_1
24407 - CUDA, Array2D, LocalMemory, bs_32x8, padding_480, pixelPerThread_4
10755 - OpenCL, Array2D, LocalMemory, bs_256x4, padding_64, pixelPerThread_4
22143 - CUDA, Linear2D, LocalMemory, bs_128x8, padding_320, pixelPerThread_4
7987 - OpenCL, Linear2D, LocalMemory, bs_512x1, padding_224, pixelPerThread_4
24872 - CUDA, Array2D, LocalMemory, bs_128x2, padding_416, pixelPerThread_1
4619 - OpenCL, Linear1D, LocalMemory, bs_64x1, padding_480, pixelPerThread_4
7921 - OpenCL, Linear2D, LocalMemory, bs_256x4, padding_256, pixelPerThread_2
10479 - OpenCL, Array2D, LocalMemory, bs_128x1, padding_32, pixelPerThread_4
12776 - OpenCL, Ldg, bs_256x1, padding_480, pixelPerThread_1
3630 - OpenCL, Linear1D, bs_256x4, padding_192, pixelPerThread_3
5499 - OpenCL, Linear1D, LocalMemory, bs_64x2, padding_448, pixelPerThread_4
13903 - OpenCL, Ldg, LocalMemory, bs_32x2, padding_224, pixelPerThread_4
9233 - OpenCL, Array2D, bs_128x4, padding_416, pixelPerThread_2
11796 - OpenCL, Ldg, bs_64x4, padding_256, pixelPerThread_1
3286 - OpenCL, Linear1D, bs_64x16, padding_160, pixelPerThread_3
9578 - OpenCL, Array2D, bs_1024x1, padding_448, pixelPerThread_3
5350 - OpenCL, Linear1D, LocalMemory, bs_32x2, padding_352, pixelPerThread_3
22438 - CUDA, Linear2D, LocalMemory, bs_1024x1, padding_512, pixelPerThread_3
23060 - CUDA, Array2D, bs_32x32, padding_64, pixelPerThread_1
10568 - OpenCL, Array2D, LocalMemory, bs_128x2, padding_224, pixelPerThread_1
14160 - OpenCL, Ldg, LocalMemory, bs_256x1, padding_128, pixelPerThread_1
2386 - OpenCL, LocalMemory, bs_1024x1, padding_32, pixelPerThread_3
10687 - OpenCL, Array2D, LocalMemory, bs_128x8, padding_64, pixelPerThread_4
13468 - OpenCL, Ldg, LocalMemory, bs_128x4, padding_32, pixelPerThread_1
4052 - OpenCL, Linear1D, bs_64x2, padding_320, pixelPerThread_1
21634 - CUDA, Linear2D, LocalMemory, bs_32x32, padding_64, pixelPerThread_3
1887 - OpenCL, LocalMemory, bs_64x16, padding_384, pixelPerThread_4
3922 - OpenCL, Linear1D, bs_32x2, padding_352, pixelPerThread_3
23035 - CUDA, Array2D, bs_32x16, padding_384, pixelPerThread_4
24643 - CUDA, Array2D, LocalMemory, bs_64x4, padding_192, pixelPerThread_4
10749 - OpenCL, Array2D, LocalMemory, bs_256x4, padding_32, pixelPerThread_2
7794 - OpenCL, Linear2D, LocalMemory, bs_128x4, padding_320, pixelPerThread_3
13122 - OpenCL, Ldg, LocalMemory, bs_32x32, padding_512, pixelPerThread_3
24427 - CUDA, Array2D, LocalMemory, bs_32x16, padding_96, pixelPerThread_4
13787 - OpenCL, Ldg, LocalMemory, bs_512x2, padding_384, pixelPerThread_4
3172 - OpenCL, Linear1D, bs_64x1, padding_352, pixelPerThread_1
12633 - OpenCL, Ldg, bs_64x2, padding_416, pixelPerThread_2
13583 - OpenCL, Ldg, LocalMemory, bs_128x8, padding_384, pixelPerThread_4
12951 - OpenCL, Ldg, LocalMemory, bs_32x8, padding_224, pixelPerThread_4
23372 - CUDA, Array2D, bs_128x1, padding_384, pixelPerThread_1
24324 - CUDA, Array2D, LocalMemory, bs_32x1, padding_384, pixelPerThread_1
13289 - OpenCL, Ldg, LocalMemory, bs_64x16, padding_224, pixelPerThread_2
7779 - OpenCL, Linear2D, LocalMemory, bs_128x4, padding_192, pixelPerThread_4
23073 - CUDA, Array2D, bs_32x32, padding_160, pixelPerThread_2
7992 - OpenCL, Linear2D, LocalMemory, bs_512x1, padding_288, pixelPerThread_1
8681 - OpenCL, Array2D, bs_32x8, padding_352, pixelPerThread_2
22170 - CUDA, Linear2D, LocalMemory, bs_256x4, padding_0, pixelPerThread_3
5192 - OpenCL, Linear1D, LocalMemory, bs_512x2, padding_192, pixelPerThread_1
7910 - OpenCL, Linear2D, LocalMemory, bs_256x4, padding_160, pixelPerThread_3
9353 - OpenCL, Array2D, bs_256x4, padding_288, pixelPerThread_2
11627 - OpenCL, Ldg, bs_32x16, padding_512, pixelPerThread_4
21895 - CUDA, Linear2D, LocalMemory, bs_64x16, padding_512, pixelPerThread_4
6384 - OpenCL, Linear2D, bs_128x4, padding_480, pixelPerThread_1
13127 - OpenCL, Ldg, LocalMemory, bs_64x1, padding_0, pixelPerThread_4
7950 - OpenCL, Linear2D, LocalMemory, bs_256x4, padding_480, pixelPerThread_3
4929 - OpenCL, Linear1D, LocalMemory, bs_128x4, padding_256, pixelPerThread_2
8682 - OpenCL, Array2D, bs_32x8, padding_352, pixelPerThread_3
10361 - OpenCL, Array2D, LocalMemory, bs_64x4, padding_192, pixelPerThread_2
24785 - CUDA, Array2D, LocalMemory, bs_128x1, padding_256, pixelPerThread_2
5483 - OpenCL, Linear1D, LocalMemory, bs_64x2, padding_320, pixelPerThread_4
23623 - CUDA, Array2D, bs_256x4, padding_192, pixelPerThread_4
12501 - OpenCL, Ldg, bs_32x2, padding_448, pixelPerThread_2
9561 - OpenCL, Array2D, bs_1024x1, padding_320, pixelPerThread_2
7441 - OpenCL, Linear2D, LocalMemory, bs_64x1, padding_224, pixelPerThread_2
6578 - OpenCL, Linear2D, bs_512x1, padding_384, pixelPerThread_3
12435 - OpenCL, Ldg, bs_1024x1, padding_448, pixelPerThread_4
14018 - OpenCL, Ldg, LocalMemory, bs_64x2, padding_64, pixelPerThread_3
8458 - OpenCL, Linear2D, LocalMemory, bs_256x1, padding_192, pixelPerThread_3
4143 - OpenCL, Linear1D, bs_64x8, padding_480, pixelPerThread_4
23977 - CUDA, Array2D, bs_32x4, padding_320, pixelPerThread_2
10650 - OpenCL, Array2D, LocalMemory, bs_128x4, padding_320, pixelPerThread_3
11166 - OpenCL, Array2D, LocalMemory, bs_64x2, padding_96, pixelPerThread_3
2419 - OpenCL, LocalMemory, bs_1024x1, padding_288, pixelPerThread_4
4487 - OpenCL, Linear1D, LocalMemory, bs_32x16, padding_512, pixelPerThread_4
7747 - OpenCL, Linear2D, LocalMemory, bs_128x2, padding_480, pixelPerThread_4
10468 - OpenCL, Array2D, LocalMemory, bs_64x16, padding_512, pixelPerThread_1
2426 - OpenCL, LocalMemory, bs_1024x1, padding_352, pixelPerThread_3
5657 - OpenCL, Linear1D, LocalMemory, bs_256x2, padding_96, pixelPerThread_2
23566 - CUDA, Array2D, bs_128x8, padding_288, pixelPerThread_3
23951 - CUDA, Array2D, bs_32x4, padding_96, pixelPerThread_4
7576 - OpenCL, Linear2D, LocalMemory, bs_64x16, padding_224, pixelPerThread_1
16709 - CUDA, LocalMemory, bs_1024x1, padding_384, pixelPerThread_2
23853 - CUDA, Array2D, bs_1024x1, padding_416, pixelPerThread_2
3718 - OpenCL, Linear1D, bs_512x1, padding_352, pixelPerThread_3
3565 - OpenCL, Linear1D, bs_128x8, padding_224, pixelPerThread_2
11144 - OpenCL, Array2D, LocalMemory, bs_32x4, padding_480, pixelPerThread_1
13868 - OpenCL, Ldg, LocalMemory, bs_1024x1, padding_512, pixelPerThread_1
24807 - CUDA, Array2D, LocalMemory, bs_128x1, padding_416, pixelPerThread_4
6236 - OpenCL, Linear2D, bs_128x1, padding_384, pixelPerThread_1
1902 - OpenCL, LocalMemory, bs_64x16, padding_512, pixelPerThread_3
24640 - CUDA, Array2D, LocalMemory, bs_64x4, padding_192, pixelPerThread_1
8542 - OpenCL, Linear2D, LocalMemory, bs_256x2, padding_320, pixelPerThread_3
22877 - CUDA, Array2D, bs_32x1, padding_224, pixelPerThread_2
24168 - CUDA, Array2D, bs_256x1, padding_224, pixelPerThread_1
11927 - OpenCL, Ldg, bs_128x1, padding_192, pixelPerThread_4
11748 - OpenCL, Ldg, bs_64x1, padding_416, pixelPerThread_1
12909 - OpenCL, Ldg, LocalMemory, bs_32x1, padding_448, pixelPerThread_2
2941 - OpenCL, Linear1D, bs_32x8, padding_128, pixelPerThread_2
11439 - OpenCL, Ldg, bs_32x1, padding_96, pixelPerThread_4
12176 - OpenCL, Ldg, bs_256x4, padding_32, pixelPerThread_1
4151 - OpenCL, Linear1D, bs_256x1, padding_0, pixelPerThread_4
13962 - OpenCL, Ldg, LocalMemory, bs_32x4, padding_160, pixelPerThread_3
19011 - CUDA, Linear1D, LocalMemory, bs_64x16, padding_288, pixelPerThread_4
13067 - OpenCL, Ldg, LocalMemory, bs_32x32, padding_64, pixelPerThread_4
2904 - OpenCL, Linear1D, bs_32x1, padding_384, pixelPerThread_1
3074 - OpenCL, Linear1D, bs_32x32, padding_96, pixelPerThread_3
23017 - CUDA, Array2D, bs_32x16, padding_256, pixelPerThread_2
24071 - CUDA, Array2D, bs_64x2, padding_512, pixelPerThread_4
6374 - OpenCL, Linear2D, bs_128x4, padding_384, pixelPerThread_3
24434 - CUDA, Array2D, LocalMemory, bs_32x16, padding_160, pixelPerThread_3
10060 - OpenCL, Array2D, LocalMemory, bs_32x1, padding_512, pixelPerThread_1
24977 - CUDA, Array2D, LocalMemory, bs_128x8, padding_160, pixelPerThread_2
4981 - OpenCL, Linear1D, LocalMemory, bs_128x8, padding_128, pixelPerThread_2
25137 - CUDA, Array2D, LocalMemory, bs_512x1, padding_352, pixelPerThread_2
6016 - OpenCL, Linear2D, bs_64x1, padding_256, pixelPerThread_1
8109 - OpenCL, Linear2D, LocalMemory, bs_1024x1, padding_128, pixelPerThread_2
10049 - OpenCL, Array2D, LocalMemory, bs_32x1, padding_416, pixelPerThread_2
11639 - OpenCL, Ldg, bs_32x32, padding_64, pixelPerThread_4
12202 - OpenCL, Ldg, bs_256x4, padding_224, pixelPerThread_3
4634 - OpenCL, Linear1D, LocalMemory, bs_64x4, padding_64, pixelPerThread_3
2383 - OpenCL, LocalMemory, bs_1024x1, padding_0, pixelPerThread_4
8012 - OpenCL, Linear2D, LocalMemory, bs_512x1, padding_448, pixelPerThread_1
5468 - OpenCL, Linear1D, LocalMemory, bs_64x2, padding_224, pixelPerThread_1
13073 - OpenCL, Ldg, LocalMemory, bs_32x32, padding_128, pixelPerThread_2
6534 - OpenCL, Linear2D, bs_512x1, padding_32, pixelPerThread_3
7067 - OpenCL, Linear2D, bs_256x1, padding_480, pixelPerThread_4
25051 - CUDA, Array2D, LocalMemory, bs_256x4, padding_192, pixelPerThread_4
6457 - OpenCL, Linear2D, bs_128x8, padding_512, pixelPerThread_2
24602 - CUDA, Array2D, LocalMemory, bs_64x1, padding_416, pixelPerThread_3
3913 - OpenCL, Linear1D, bs_32x2, padding_288, pixelPerThread_2
7372 - OpenCL, Linear2D, LocalMemory, bs_32x32, padding_224, pixelPerThread_1
5989 - OpenCL, Linear2D, bs_64x1, padding_32, pixelPerThread_2
8246 - OpenCL, Linear2D, LocalMemory, bs_32x4, padding_128, pixelPerThread_3
23578 - CUDA, Array2D, bs_128x8, padding_384, pixelPerThread_3
3232 - OpenCL, Linear1D, bs_64x4, padding_288, pixelPerThread_1
7464 - OpenCL, Linear2D, LocalMemory, bs_64x1, padding_416, pixelPerThread_1
3641 - OpenCL, Linear1D, bs_256x4, padding_288, pixelPerThread_2
9153 - OpenCL, Array2D, bs_128x2, padding_320, pixelPerThread_2
25255 - CUDA, Array2D, LocalMemory, bs_1024x1, padding_192, pixelPerThread_4
7582 - OpenCL, Linear2D, LocalMemory, bs_64x16, padding_256, pixelPerThread_3
11805 - OpenCL, Ldg, bs_64x4, padding_320, pixelPerThread_2
8249 - OpenCL, Linear2D, LocalMemory, bs_32x4, padding_160, pixelPerThread_2
11843 - OpenCL, Ldg, bs_64x16, padding_64, pixelPerThread_4
7941 - OpenCL, Linear2D, LocalMemory, bs_256x4, padding_416, pixelPerThread_2
10355 - OpenCL, Array2D, LocalMemory, bs_64x4, padding_128, pixelPerThread_4
24710 - CUDA, Array2D, LocalMemory, bs_64x16, padding_192, pixelPerThread_3
22893 - CUDA, Array2D, bs_32x1, padding_352, pixelPerThread_2
5891 - OpenCL, Linear2D, bs_32x16, padding_320, pixelPerThread_4
4351 - OpenCL, Linear1D, LocalMemory, bs_32x1, padding_512, pixelPerThread_4
8412 - OpenCL, Linear2D, LocalMemory, bs_64x8, padding_384, pixelPerThread_1
7162 - OpenCL, Linear2D, LocalMemory, bs_32x1, padding_160, pixelPerThread_3
7029 - OpenCL, Linear2D, bs_256x1, padding_192, pixelPerThread_2
3187 - OpenCL, Linear1D, bs_64x1, padding_448, pixelPerThread_4
5609 - OpenCL, Linear1D, LocalMemory, bs_256x1, padding_256, pixelPerThread_2
9525 - OpenCL, Array2D, bs_1024x1, padding_32, pixelPerThread_2
23212 - CUDA, Array2D, bs_64x4, padding_192, pixelPerThread_1
8806 - OpenCL, Array2D, bs_32x32, padding_256, pixelPerThread_3
7067 - OpenCL, Linear2D, bs_256x1, padding_480, pixelPerThread_4
4218 - OpenCL, Linear1D, bs_256x2, padding_0, pixelPerThread_3
9838 - OpenCL, Array2D, bs_64x8, padding_352, pixelPerThread_3
13912 - OpenCL, Ldg, LocalMemory, bs_32x2, padding_320, pixelPerThread_1
3112 - OpenCL, Linear1D, bs_32x32, padding_416, pixelPerThread_1
7975 - OpenCL, Linear2D, LocalMemory, bs_512x1, padding_128, pixelPerThread_4
4642 - OpenCL, Linear1D, LocalMemory, bs_64x4, padding_128, pixelPerThread_3
8655 - OpenCL, Array2D, bs_32x8, padding_128, pixelPerThread_4
7593 - OpenCL, Linear2D, LocalMemory, bs_64x16, padding_352, pixelPerThread_2
12975 - OpenCL, Ldg, LocalMemory, bs_32x8, padding_416, pixelPerThread_4
2190 - OpenCL, LocalMemory, bs_256x4, padding_96, pixelPerThread_3
16602 - CUDA, LocalMemory, bs_512x2, padding_64, pixelPerThread_3
25291 - CUDA, Array2D, LocalMemory, bs_1024x1, padding_480, pixelPerThread_4
5878 - OpenCL, Linear2D, bs_32x16, padding_224, pixelPerThread_3
13386 - OpenCL, Ldg, LocalMemory, bs_128x1, padding_448, pixelPerThread_3
3920 - OpenCL, Linear1D, bs_32x2, padding_352, pixelPerThread_1
8836 - OpenCL, Array2D, bs_32x32, padding_512, pixelPerThread_1
9462 - OpenCL, Array2D, bs_512x2, padding_64, pixelPerThread_3
2944 - OpenCL, Linear1D, bs_32x8, padding_160, pixelPerThread_1
6157 - OpenCL, Linear2D, bs_64x16, padding_288, pixelPerThread_2
6260 - OpenCL, Linear2D, bs_128x2, padding_32, pixelPerThread_1
14060 - OpenCL, Ldg, LocalMemory, bs_64x2, padding_416, pixelPerThread_1
13960 - OpenCL, Ldg, LocalMemory, bs_32x4, padding_160, pixelPerThread_1
11597 - OpenCL, Ldg, bs_32x16, padding_288, pixelPerThread_2
11738 - OpenCL, Ldg, bs_64x1, padding_320, pixelPerThread_3
11929 - OpenCL, Ldg, bs_128x1, padding_224, pixelPerThread_2
11975 - OpenCL, Ldg, bs_128x2, padding_32, pixelPerThread_4
7648 - OpenCL, Linear2D, LocalMemory, bs_128x1, padding_256, pixelPerThread_1
12829 - OpenCL, Ldg, bs_256x2, padding_352, pixelPerThread_2
12843 - OpenCL, Ldg, bs_256x2, padding_448, pixelPerThread_4
23148 - CUDA, Array2D, bs_64x1, padding_224, pixelPerThread_1
25343 - CUDA, Array2D, LocalMemory, bs_32x2, padding_352, pixelPerThread_4
10150 - OpenCL, Array2D, LocalMemory, bs_32x16, padding_128, pixelPerThread_3
1698 - OpenCL, LocalMemory, bs_32x32, padding_512, pixelPerThread_3
10375 - OpenCL, Array2D, LocalMemory, bs_64x4, padding_288, pixelPerThread_4
23154 - CUDA, Array2D, bs_64x1, padding_256, pixelPerThread_3
19019 - CUDA, Linear1D, LocalMemory, bs_64x16, padding_352, pixelPerThread_4
23570 - CUDA, Array2D, bs_128x8, padding_320, pixelPerThread_3
8933 - OpenCL, Array2D, bs_64x4, padding_192, pixelPerThread_2
5004 - OpenCL, Linear1D, LocalMemory, bs_128x8, padding_320, pixelPerThread_1
13553 - OpenCL, Ldg, LocalMemory, bs_128x8, padding_160, pixelPerThread_2
23722 - CUDA, Array2D, bs_512x1, padding_448, pixelPerThread_3
13670 - OpenCL, Ldg, LocalMemory, bs_512x1, padding_0, pixelPerThread_3
9419 - OpenCL, Array2D, bs_512x1, padding_256, pixelPerThread_4
12315 - OpenCL, Ldg, bs_512x2, padding_32, pixelPerThread_4
9989 - OpenCL, Array2D, bs_256x2, padding_480, pixelPerThread_2
11701 - OpenCL, Ldg, bs_64x1, padding_32, pixelPerThread_2
13096 - OpenCL, Ldg, LocalMemory, bs_32x32, padding_320, pixelPerThread_1
21887 - CUDA, Linear2D, LocalMemory, bs_64x16, padding_448, pixelPerThread_4
13356 - OpenCL, Ldg, LocalMemory, bs_128x1, padding_224, pixelPerThread_1
5262 - OpenCL, Linear1D, LocalMemory, bs_1024x1, padding_192, pixelPerThread_3
23376 - CUDA, Array2D, bs_128x1, padding_416, pixelPerThread_1
25033 - CUDA, Array2D, LocalMemory, bs_256x4, padding_64, pixelPerThread_2
25480 - CUDA, Array2D, LocalMemory, bs_64x2, padding_384, pixelPerThread_1
5436 - OpenCL, Linear1D, LocalMemory, bs_32x4, padding_512, pixelPerThread_1
7227 - OpenCL, Linear2D, LocalMemory, bs_32x8, padding_128, pixelPerThread_4
25390 - CUDA, Array2D, LocalMemory, bs_32x4, padding_192, pixelPerThread_3
5839 - OpenCL, Linear2D, bs_32x8, padding_448, pixelPerThread_4
24792 - CUDA, Array2D, LocalMemory, bs_128x1, padding_320, pixelPerThread_1
7825 - OpenCL, Linear2D, LocalMemory, bs_128x8, padding_32, pixelPerThread_2
3627 - OpenCL, Linear1D, bs_256x4, padding_160, pixelPerThread_4
10136 - OpenCL, Array2D, LocalMemory, bs_32x16, padding_32, pixelPerThread_1
25083 - CUDA, Array2D, LocalMemory, bs_256x4, padding_448, pixelPerThread_4
3285 - OpenCL, Linear1D, bs_64x16, padding_160, pixelPerThread_2
9478 - OpenCL, Array2D, bs_512x2, padding_192, pixelPerThread_3
4837 - OpenCL, Linear1D, LocalMemory, bs_128x2, padding_64, pixelPerThread_2
8231 - OpenCL, Linear2D, LocalMemory, bs_32x4, padding_0, pixelPerThread_4
9822 - OpenCL, Array2D, bs_64x8, padding_224, pixelPerThread_3
9797 - OpenCL, Array2D, bs_64x8, padding_32, pixelPerThread_2
13756 - OpenCL, Ldg, LocalMemory, bs_512x2, padding_160, pixelPerThread_1
12460 - OpenCL, Ldg, bs_32x2, padding_128, pixelPerThread_1
11059 - OpenCL, Array2D, LocalMemory, bs_32x2, padding_320, pixelPerThread_4
2861 - OpenCL, Linear1D, bs_32x1, padding_32, pixelPerThread_2
12846 - OpenCL, Ldg, bs_256x2, padding_480, pixelPerThread_3
4937 - OpenCL, Linear1D, LocalMemory, bs_128x4, padding_320, pixelPerThread_2
24329 - CUDA, Array2D, LocalMemory, bs_32x1, padding_416, pixelPerThread_2
3125 - OpenCL, Linear1D, bs_32x32, padding_512, pixelPerThread_2
4149 - OpenCL, Linear1D, bs_256x1, padding_0, pixelPerThread_2
14062 - OpenCL, Ldg, LocalMemory, bs_64x2, padding_416, pixelPerThread_3
14012 - OpenCL, Ldg, LocalMemory, bs_64x2, padding_32, pixelPerThread_1
3220 - OpenCL, Linear1D, bs_64x4, padding_192, pixelPerThread_1
4965 - OpenCL, Linear1D, LocalMemory, bs_128x8, padding_0, pixelPerThread_2
11996 - OpenCL, Ldg, bs_128x2, padding_224, pixelPerThread_1
13898 - OpenCL, Ldg, LocalMemory, bs_32x2, padding_192, pixelPerThread_3
14273 - OpenCL, Ldg, LocalMemory, bs_256x2, padding_480, pixelPerThread_2
22977 - CUDA, Array2D, bs_32x8, padding_480, pixelPerThread_2
7748 - OpenCL, Linear2D, LocalMemory, bs_128x2, padding_512, pixelPerThread_1
11402 - OpenCL, Array2D, LocalMemory, bs_256x2, padding_352, pixelPerThread_3
25165 - CUDA, Array2D, LocalMemory, bs_512x2, padding_32, pixelPerThread_2
7582 - OpenCL, Linear2D, LocalMemory, bs_64x16, padding_256, pixelPerThread_3
11633 - OpenCL, Ldg, bs_32x32, padding_32, pixelPerThread_2
13323 - OpenCL, Ldg, LocalMemory, bs_64x16, padding_480, pixelPerThread_4
24599 - CUDA, Array2D, LocalMemory, bs_64x1, padding_384, pixelPerThread_4
25325 - CUDA, Array2D, LocalMemory, bs_32x2, padding_224, pixelPerThread_2
7275 - OpenCL, Linear2D, LocalMemory, bs_32x8, padding_512, pixelPerThread_4
12236 - OpenCL, Ldg, bs_256x4, padding_512, pixelPerThread_1
13709 - OpenCL, Ldg, LocalMemory, bs_512x1, padding_320, pixelPerThread_2
6039 - OpenCL, Linear2D, bs_64x1, padding_416, pixelPerThread_4
24571 - CUDA, Array2D, LocalMemory, bs_64x1, padding_160, pixelPerThread_4
3087 - OpenCL, Linear1D, bs_32x32, padding_192, pixelPerThread_4
24000 - CUDA, Array2D, bs_32x4, padding_512, pixelPerThread_1
8532 - OpenCL, Linear2D, LocalMemory, bs_256x2, padding_256, pixelPerThread_1
7282 - OpenCL, Linear2D, LocalMemory, bs_32x16, padding_32, pixelPerThread_3
6577 - OpenCL, Linear2D, bs_512x1, padding_384, pixelPerThread_2
11779 - OpenCL, Ldg, bs_64x4, padding_96, pixelPerThread_4
9080 - OpenCL, Array2D, bs_128x1, padding_288, pixelPerThread_1
25345 - CUDA, Array2D, LocalMemory, bs_32x2, padding_384, pixelPerThread_2
22215 - CUDA, Linear2D, LocalMemory, bs_256x4, padding_352, pixelPerThread_4
6882 - OpenCL, Linear2D, bs_64x2, padding_96, pixelPerThread_3
24102 - CUDA, Array2D, bs_64x8, padding_224, pixelPerThread_3
14224 - OpenCL, Ldg, LocalMemory, bs_256x2, padding_96, pixelPerThread_1
3851 - OpenCL, Linear1D, bs_1024x1, padding_320, pixelPerThread_4
24504 - CUDA, Array2D, LocalMemory, bs_32x32, padding_192, pixelPerThread_1
3629 - OpenCL, Linear1D, bs_256x4, padding_192, pixelPerThread_2
12600 - OpenCL, Ldg, bs_64x2, padding_160, pixelPerThread_1
8233 - OpenCL, Linear2D, LocalMemory, bs_32x4, padding_32, pixelPerThread_2
7400 - OpenCL, Linear2D, LocalMemory, bs_32x32, padding_448, pixelPerThread_1
23787 - CUDA, Array2D, bs_512x2, padding_416, pixelPerThread_4
12307 - OpenCL, Ldg, bs_512x1, padding_512, pixelPerThread_4
2870 - OpenCL, Linear1D, bs_32x1, padding_96, pixelPerThread_3
4242 - OpenCL, Linear1D, bs_256x2, padding_192, pixelPerThread_3
9743 - OpenCL, Array2D, bs_64x2, padding_128, pixelPerThread_4
6169 - OpenCL, Linear2D, bs_64x16, padding_384, pixelPerThread_2
11726 - OpenCL, Ldg, bs_64x1, padding_224, pixelPerThread_3
5184 - OpenCL, Linear1D, LocalMemory, bs_512x2, padding_128, pixelPerThread_1
12217 - OpenCL, Ldg, bs_256x4, padding_352, pixelPerThread_2
24432 - CUDA, Array2D, LocalMemory, bs_32x16, padding_160, pixelPerThread_1
8823 - OpenCL, Array2D, bs_32x32, padding_384, pixelPerThread_4
10633 - OpenCL, Array2D, LocalMemory, bs_128x4, padding_192, pixelPerThread_2
8149 - OpenCL, Linear2D, LocalMemory, bs_1024x1, padding_448, pixelPerThread_2
25039 - CUDA, Array2D, LocalMemory, bs_256x4, padding_96, pixelPerThread_4
23783 - CUDA, Array2D, bs_512x2, padding_384, pixelPerThread_4
13442 - OpenCL, Ldg, LocalMemory, bs_128x2, padding_352, pixelPerThread_3
4012 - OpenCL, Linear1D, bs_64x2, padding_0, pixelPerThread_1
9840 - OpenCL, Array2D, bs_64x8, padding_384, pixelPerThread_1
23098 - CUDA, Array2D, bs_32x32, padding_352, pixelPerThread_3
11991 - OpenCL, Ldg, bs_128x2, padding_160, pixelPerThread_4
3996 - OpenCL, Linear1D, bs_32x4, padding_416, pixelPerThread_1
9686 - OpenCL, Array2D, bs_32x4, padding_224, pixelPerThread_3
5578 - OpenCL, Linear1D, LocalMemory, bs_256x1, padding_0, pixelPerThread_3
5121 - OpenCL, Linear1D, LocalMemory, bs_512x1, padding_160, pixelPerThread_2
3986 - OpenCL, Linear1D, bs_32x4, padding_320, pixelPerThread_3
23585 - CUDA, Array2D, bs_128x8, padding_448, pixelPerThread_2
14203 - OpenCL, Ldg, LocalMemory, bs_256x1, padding_448, pixelPerThread_4
12314 - OpenCL, Ldg, bs_512x2, padding_32, pixelPerThread_3
16418 - CUDA, LocalMemory, bs_128x8, padding_224, pixelPerThread_3
24234 - CUDA, Array2D, bs_256x2, padding_192, pixelPerThread_3
11569 - OpenCL, Ldg, bs_32x16, padding_64, pixelPerThread_2
16434 - CUDA, LocalMemory, bs_128x8, padding_352, pixelPerThread_3
11634 - OpenCL, Ldg, bs_32x32, padding_32, pixelPerThread_3
9059 - OpenCL, Array2D, bs_128x1, padding_96, pixelPerThread_4
9228 - OpenCL, Array2D, bs_128x4, padding_384, pixelPerThread_1
7762 - OpenCL, Linear2D, LocalMemory, bs_128x4, padding_64, pixelPerThread_3
23637 - CUDA, Array2D, bs_256x4, padding_320, pixelPerThread_2
11428 - OpenCL, Ldg, bs_32x1, padding_32, pixelPerThread_1
7082 - OpenCL, Linear2D, bs_256x2, padding_64, pixelPerThread_3
25294 - CUDA, Array2D, LocalMemory, bs_1024x1, padding_512, pixelPerThread_3
6959 - OpenCL, Linear2D, bs_64x8, padding_160, pixelPerThread_4
4705 - OpenCL, Linear1D, LocalMemory, bs_64x16, padding_96, pixelPerThread_2
11631 - OpenCL, Ldg, bs_32x32, padding_0, pixelPerThread_4
8383 - OpenCL, Linear2D, LocalMemory, bs_64x8, padding_128, pixelPerThread_4
7729 - OpenCL, Linear2D, LocalMemory, bs_128x2, padding_352, pixelPerThread_2
3702 - OpenCL, Linear1D, bs_512x1, padding_224, pixelPerThread_3
6646 - OpenCL, Linear2D, bs_512x2, padding_384, pixelPerThread_3
5677 - OpenCL, Linear1D, LocalMemory, bs_256x2, padding_256, pixelPerThread_2
4952 - OpenCL, Linear1D, LocalMemory, bs_128x4, padding_448, pixelPerThread_1
8874 - OpenCL, Array2D, bs_64x1, padding_256, pixelPerThread_3
7735 - OpenCL, Linear2D, LocalMemory, bs_128x2, padding_384, pixelPerThread_4
25567 - CUDA, Array2D, LocalMemory, bs_64x8, padding_512, pixelPerThread_4
4167 - OpenCL, Linear1D, bs_256x1, padding_128, pixelPerThread_4
12292 - OpenCL, Ldg, bs_512x1, padding_416, pixelPerThread_1
7381 - OpenCL, Linear2D, LocalMemory, bs_32x32, padding_288, pixelPerThread_2
13930 - OpenCL, Ldg, LocalMemory, bs_32x2, padding_448, pixelPerThread_3
5887 - OpenCL, Linear2D, bs_32x16, padding_288, pixelPerThread_4
7252 - OpenCL, Linear2D, LocalMemory, bs_32x8, padding_352, pixelPerThread_1
3027 - OpenCL, Linear1D, bs_32x16, padding_256, pixelPerThread_4
9497 - OpenCL, Array2D, bs_512x2, padding_352, pixelPerThread_2
8035 - OpenCL, Linear2D, LocalMemory, bs_512x2, padding_64, pixelPerThread_4
24868 - CUDA, Array2D, LocalMemory, bs_128x2, padding_384, pixelPerThread_1
9037 - OpenCL, Array2D, bs_64x16, padding_480, pixelPerThread_2
9155 - OpenCL, Array2D, bs_128x2, padding_320, pixelPerThread_4
5357 - OpenCL, Linear1D, LocalMemory, bs_32x2, padding_416, pixelPerThread_2
12284 - OpenCL, Ldg, bs_512x1, padding_352, pixelPerThread_1
11248 - OpenCL, Array2D, LocalMemory, bs_64x8, padding_224, pixelPerThread_1
23173 - CUDA, Array2D, bs_64x1, padding_416, pixelPerThread_2
10735 - OpenCL, Array2D, LocalMemory, bs_128x8, padding_448, pixelPerThread_4
16419 - CUDA, LocalMemory, bs_128x8, padding_224, pixelPerThread_4
24682 - CUDA, Array2D, LocalMemory, bs_64x4, padding_512, pixelPerThread_3
3925 - OpenCL, Linear1D, bs_32x2, padding_384, pixelPerThread_2
7463 - OpenCL, Linear2D, LocalMemory, bs_64x1, padding_384, pixelPerThread_4
5619 - OpenCL, Linear1D, LocalMemory, bs_256x1, padding_320, pixelPerThread_4
23997 - CUDA, Array2D, bs_32x4, padding_480, pixelPerThread_2
11219 - OpenCL, Array2D, LocalMemory, bs_64x2, padding_512, pixelPerThread_4
16482 - CUDA, LocalMemory, bs_256x4, padding_192, pixelPerThread_3
4923 - OpenCL, Linear1D, LocalMemory, bs_128x4, padding_192, pixelPerThread_4
25151 - CUDA, Array2D, LocalMemory, bs_512x1, padding_448, pixelPerThread_4
5663 - OpenCL, Linear1D, LocalMemory, bs_256x2, padding_128, pixelPerThread_4
9914 - OpenCL, Array2D, bs_256x1, padding_416, pixelPerThread_3
19526 - CUDA, Linear1D, LocalMemory, bs_1024x1, padding_64, pixelPerThread_3
12566 - OpenCL, Ldg, bs_32x4, padding_416, pixelPerThread_3
11782 - OpenCL, Ldg, bs_64x4, padding_128, pixelPerThread_3
23983 - CUDA, Array2D, bs_32x4, padding_352, pixelPerThread_4
4570 - OpenCL, Linear1D, LocalMemory, bs_64x1, padding_96, pixelPerThread_3
12307 - OpenCL, Ldg, bs_512x1, padding_512, pixelPerThread_4
23712 - CUDA, Array2D, bs_512x1, padding_384, pixelPerThread_1
10098 - OpenCL, Array2D, LocalMemory, bs_32x8, padding_256, pixelPerThread_3
24047 - CUDA, Array2D, bs_64x2, padding_320, pixelPerThread_4
6904 - OpenCL, Linear2D, bs_64x2, padding_288, pixelPerThread_1
5572 - OpenCL, Linear1D, LocalMemory, bs_64x8, padding_512, pixelPerThread_1
2415 - OpenCL, LocalMemory, bs_1024x1, padding_256, pixelPerThread_4
13649 - OpenCL, Ldg, LocalMemory, bs_256x4, padding_384, pixelPerThread_2
12563 - OpenCL, Ldg, bs_32x4, padding_384, pixelPerThread_4
12890 - OpenCL, Ldg, LocalMemory, bs_32x1, padding_288, pixelPerThread_3
3647 - OpenCL, Linear1D, bs_256x4, padding_320, pixelPerThread_4
12279 - OpenCL, Ldg, bs_512x1, padding_288, pixelPerThread_4
13863 - OpenCL, Ldg, LocalMemory, bs_1024x1, padding_448, pixelPerThread_4
3853 - OpenCL, Linear1D, bs_1024x1, padding_352, pixelPerThread_2
12900 - OpenCL, Ldg, LocalMemory, bs_32x1, padding_384, pixelPerThread_1
8501 - OpenCL, Linear2D, LocalMemory, bs_256x2, padding_0, pixelPerThread_2
14104 - OpenCL, Ldg, LocalMemory, bs_64x8, padding_224, pixelPerThread_1
6648 - OpenCL, Linear2D, bs_512x2, padding_416, pixelPerThread_1
25046 - CUDA, Array2D, LocalMemory, bs_256x4, padding_160, pixelPerThread_3
24124 - CUDA, Array2D, bs_64x8, padding_416, pixelPerThread_1
8562 - OpenCL, Linear2D, LocalMemory, bs_256x2, padding_480, pixelPerThread_3
23994 - CUDA, Array2D, bs_32x4, padding_448, pixelPerThread_3
23580 - CUDA, Array2D, bs_128x8, padding_416, pixelPerThread_1
13953 - OpenCL, Ldg, LocalMemory, bs_32x4, padding_96, pixelPerThread_2
24683 - CUDA, Array2D, LocalMemory, bs_64x4, padding_512, pixelPerThread_4
18802 - CUDA, Linear1D, LocalMemory, bs_32x32, padding_256, pixelPerThread_3
10129 - OpenCL, Array2D, LocalMemory, bs_32x8, padding_512, pixelPerThread_2
6143 - OpenCL, Linear2D, bs_64x16, padding_160, pixelPerThread_4
6769 - OpenCL, Linear2D, bs_32x2, padding_288, pixelPerThread_2
24288 - CUDA, Array2D, LocalMemory, bs_32x1, padding_96, pixelPerThread_1
7551 - OpenCL, Linear2D, LocalMemory, bs_64x16, padding_0, pixelPerThread_4
3685 - OpenCL, Linear1D, bs_512x1, padding_96, pixelPerThread_2
5635 - OpenCL, Linear1D, LocalMemory, bs_256x1, padding_448, pixelPerThread_4
24794 - CUDA, Array2D, LocalMemory, bs_128x1, padding_320, pixelPerThread_3
4206 - OpenCL, Linear1D, bs_256x1, padding_448, pixelPerThread_3
25630 - CUDA, Array2D, LocalMemory, bs_256x1, padding_480, pixelPerThread_3
6197 - OpenCL, Linear2D, bs_128x1, padding_64, pixelPerThread_2
23336 - CUDA, Array2D, bs_128x1, padding_96, pixelPerThread_1
7000 - OpenCL, Linear2D, bs_64x8, padding_512, pixelPerThread_1
24628 - CUDA, Array2D, LocalMemory, bs_64x4, padding_96, pixelPerThread_1
11124 - OpenCL, Array2D, LocalMemory, bs_32x4, padding_320, pixelPerThread_1
4129 - OpenCL, Linear1D, bs_64x8, padding_384, pixelPerThread_2
4328 - OpenCL, Linear1D, LocalMemory, bs_32x1, padding_352, pixelPerThread_1
8822 - OpenCL, Array2D, bs_32x32, padding_384, pixelPerThread_3
5864 - OpenCL, Linear2D, bs_32x16, padding_128, pixelPerThread_1
16155 - CUDA, LocalMemory, bs_64x16, padding_288, pixelPerThread_4
27834 - CUDA, Ldg, LocalMemory, bs_128x8, padding_160, pixelPerThread_3
3734 - OpenCL, Linear1D, bs_512x1, padding_480, pixelPerThread_3
4936 - OpenCL, Linear1D, LocalMemory, bs_128x4, padding_320, pixelPerThread_1
22941 - CUDA, Array2D, bs_32x8, padding_192, pixelPerThread_2
13072 - OpenCL, Ldg, LocalMemory, bs_32x32, padding_128, pixelPerThread_1
13682 - OpenCL, Ldg, LocalMemory, bs_512x1, padding_96, pixelPerThread_3
12772 - OpenCL, Ldg, bs_256x1, padding_448, pixelPerThread_1
8029 - OpenCL, Linear2D, LocalMemory, bs_512x2, padding_32, pixelPerThread_2
23923 - CUDA, Array2D, bs_32x2, padding_416, pixelPerThread_4
23690 - CUDA, Array2D, bs_512x1, padding_192, pixelPerThread_3
2962 - OpenCL, Linear1D, bs_32x8, padding_288, pixelPerThread_3
8698 - OpenCL, Array2D, bs_32x8, padding_480, pixelPerThread_3
24363 - CUDA, Array2D, LocalMemory, bs_32x8, padding_128, pixelPerThread_4
4194 - OpenCL, Linear1D, bs_256x1, padding_352, pixelPerThread_3
10075 - OpenCL, Array2D, LocalMemory, bs_32x8, padding_64, pixelPerThread_4
6727 - OpenCL, Linear2D, bs_1024x1, padding_480, pixelPerThread_4
3223 - OpenCL, Linear1D, bs_64x4, padding_192, pixelPerThread_4
9918 - OpenCL, Array2D, bs_256x1, padding_448, pixelPerThread_3
2930 - OpenCL, Linear1D, bs_32x8, padding_32, pixelPerThread_3
12432 - OpenCL, Ldg, bs_1024x1, padding_448, pixelPerThread_1
6361 - OpenCL, Linear2D, bs_128x4, padding_288, pixelPerThread_2
10602 - OpenCL, Array2D, LocalMemory, bs_128x2, padding_480, pixelPerThread_3
8881 - OpenCL, Array2D, bs_64x1, padding_320, pixelPerThread_2
12857 - OpenCL, Ldg, LocalMemory, bs_32x1, padding_32, pixelPerThread_2
4037 - OpenCL, Linear1D, bs_64x2, padding_192, pixelPerThread_2
7454 - OpenCL, Linear2D, LocalMemory, bs_64x1, padding_320, pixelPerThread_3
4800 - OpenCL, Linear1D, LocalMemory, bs_128x1, padding_320, pixelPerThread_1
11304 - OpenCL, Array2D, LocalMemory, bs_256x1, padding_128, pixelPerThread_1
4628 - OpenCL, Linear1D, LocalMemory, bs_64x4, padding_32, pixelPerThread_1
8442 - OpenCL, Linear2D, LocalMemory, bs_256x1, padding_64, pixelPerThread_3
4847 - OpenCL, Linear1D, LocalMemory, bs_128x2, padding_128, pixelPerThread_4
13020 - OpenCL, Ldg, LocalMemory, bs_32x16, padding_256, pixelPerThread_1
12866 - OpenCL, Ldg, LocalMemory, bs_32x1, padding_96, pixelPerThread_3
6344 - OpenCL, Linear2D, bs_128x4, padding_160, pixelPerThread_1
25588 - CUDA, Array2D, LocalMemory, bs_256x1, padding_160, pixelPerThread_1
4806 - OpenCL, Linear1D, LocalMemory, bs_128x1, padding_352, pixelPerThread_3
14004 - OpenCL, Ldg, LocalMemory, bs_32x4, padding_512, pixelPerThread_1
5141 - OpenCL, Linear1D, LocalMemory, bs_512x1, padding_320, pixelPerThread_2
10604 - OpenCL, Array2D, LocalMemory, bs_128x2, padding_512, pixelPerThread_1
8714 - OpenCL, Array2D, bs_32x16, padding_64, pixelPerThread_3
6829 - OpenCL, Linear2D, bs_32x4, padding_224, pixelPerThread_2
10981 - OpenCL, Array2D, LocalMemory, bs_1024x1, padding_256, pixelPerThread_2
10258 - OpenCL, Array2D, LocalMemory, bs_32x32, padding_448, pixelPerThread_3
4026 - OpenCL, Linear1D, bs_64x2, padding_96, pixelPerThread_3
8983 - OpenCL, Array2D, bs_64x16, padding_32, pixelPerThread_4
16438 - CUDA, LocalMemory, bs_128x8, padding_384, pixelPerThread_3
5290 - OpenCL, Linear1D, LocalMemory, bs_1024x1, padding_416, pixelPerThread_3
23047 - CUDA, Array2D, bs_32x16, padding_480, pixelPerThread_4
25283 - CUDA, Array2D, LocalMemory, bs_1024x1, padding_416, pixelPerThread_4
9018 - OpenCL, Array2D, bs_64x16, padding_320, pixelPerThread_3
4118 - OpenCL, Linear1D, bs_64x8, padding_288, pixelPerThread_3
9629 - OpenCL, Array2D, bs_32x2, padding_320, pixelPerThread_2
13349 - OpenCL, Ldg, LocalMemory, bs_128x1, padding_160, pixelPerThread_2
11853 - OpenCL, Ldg, bs_64x16, padding_160, pixelPerThread_2
7503 - OpenCL, Linear2D, LocalMemory, bs_64x4, padding_160, pixelPerThread_4
7444 - OpenCL, Linear2D, LocalMemory, bs_64x1, padding_256, pixelPerThread_1
5324 - OpenCL, Linear1D, LocalMemory, bs_32x2, padding_160, pixelPerThread_1
22930 - CUDA, Array2D, bs_32x8, padding_96, pixelPerThread_3
8348 - OpenCL, Linear2D, LocalMemory, bs_64x2, padding_416, pixelPerThread_1
12712 - OpenCL, Ldg, bs_64x8, padding_512, pixelPerThread_1
5910 - OpenCL, Linear2D, bs_32x16, padding_480, pixelPerThread_3
25141 - CUDA, Array2D, LocalMemory, bs_512x1, padding_384, pixelPerThread_2
7071 - OpenCL, Linear2D, bs_256x1, padding_512, pixelPerThread_4
24256 - CUDA, Array2D, bs_256x2, padding_384, pixelPerThread_1
5814 - OpenCL, Linear2D, bs_32x8, padding_256, pixelPerThread_3
12887 - OpenCL, Ldg, LocalMemory, bs_32x1, padding_256, pixelPerThread_4
8714 - OpenCL, Array2D, bs_32x16, padding_64, pixelPerThread_3
12167 - OpenCL, Ldg, bs_128x8, padding_480, pixelPerThread_4
13881 - OpenCL, Ldg, LocalMemory, bs_32x2, padding_64, pixelPerThread_2
8983 - OpenCL, Array2D, bs_64x16, padding_32, pixelPerThread_4
13399 - OpenCL, Ldg, LocalMemory, bs_128x2, padding_0, pixelPerThread_4
12342 - OpenCL, Ldg, bs_512x2, padding_256, pixelPerThread_3
8263 - OpenCL, Linear2D, LocalMemory, bs_32x4, padding_256, pixelPerThread_4
