Current machine learning settings: epsilon:0 lossFunction:RELATIVE parallelization:True bagging:False baggingNumbers:3 considerEpsilonTube:False baggingTestDataFraction:50 useBackward:False abortError:1 limitFeatureSize:False featureSizeTreshold:4 quadraticFunctionSupport:True crossValidation:False crossValidation-k:5 learn-logFunction:False learn-accumulatedLogFunction:False learn-asymFunction:False learn-ratioFunction:False learn-mirrowedFunction:False learn-numeric-disabled:True numberOfRounds:70 backwardErrorDelta:1 minImprovementPerRound:0.1 withHierarchy:False bruteForceCandidates:False ignoreBadFeatures:False stopOnLongRound:True candidateSizePenalty:True learnTimeLimit:00:00:00 scoreMeasure:RELERROR outputRoundsToStdout:False debug:False pythonInfluenceAnalysis:False blacklisted: 
command: mlsettings bagging:False stopOnLongRound:False parallelization:True lossFunction:RELATIVE useBackward:False abortError:1 limitFeatureSize:False featureSizeTreshold:7 quadraticFunctionSupport:True crossValidation:False learn_logFunction:True numberOfRounds:70 backwardErrorDelta:1 minImprovementPerRound:0.25 withHierarchy:False
Current machine learning settings: epsilon:0 lossFunction:RELATIVE parallelization:True bagging:False baggingNumbers:3 considerEpsilonTube:False baggingTestDataFraction:50 useBackward:False abortError:1 limitFeatureSize:False featureSizeTreshold:7 quadraticFunctionSupport:True crossValidation:False crossValidation-k:5 learn-logFunction:True learn-accumulatedLogFunction:False learn-asymFunction:False learn-ratioFunction:False learn-mirrowedFunction:False learn-numeric-disabled:True numberOfRounds:70 backwardErrorDelta:1 minImprovementPerRound:0.25 withHierarchy:False bruteForceCandidates:False ignoreBadFeatures:False stopOnLongRound:False candidateSizePenalty:True learnTimeLimit:00:00:00 scoreMeasure:RELERROR outputRoundsToStdout:False debug:False pythonInfluenceAnalysis:False blacklisted: 
command: solver z3
command: vm /scratch/kallistos/Distance-Based_Data/SupplementaryWebsite/MeasuredPerformanceValues/7z/FeatureModel.xml
command: all /scratch/kallistos/Distance-Based_Data/SupplementaryWebsite/MeasuredPerformanceValues/7z/measurements.xml
Configs with too large deviation: 0
68640 configurations loaded.
command: nfp Performance
command: setsampleset /scratch/kallistos/Distance-Based_Data/Results/7z/7z_41/sampledConfigurations_grammarBased_t3.csv
command: learn-splconqueror
Learning: NumberOfConfigurationsLearning:4091 NumberOfConfigurationsValidation:4091
Learning progress:
1;7388.77177700348 * CompressionMethod + 22862.7583621002 * x_10;114.11597465907;114.11597465907;114.11597465907;114.11597465907;1.167724;2;22862.7583621002 * x_10;1;63.2711996760091;
2;5167.20997470183 * CompressionMethod + 25084.3201644018 * x_10 + 11301.4163177651 * x_8;77.1686406737128;77.1686406737128;77.1686406737128;77.1686406737128;3.593874;3;11301.4163177651 * x_8;1;36.9473339853568;
3;3368.76108153798 * CompressionMethod + 25177.9837060027 * x_10 + 11420.1051627517 * x_8 + 8550.35753846175 * BZip2;55.6920359279219;55.6920359279219;55.6920359279219;55.6920359279219;7.761238;4;8550.35753846175 * BZip2;1;21.476604745791;
4;3583.06240322559 * CompressionMethod + 30456.445840194 * x_10 + 11405.9623219686 * x_8 + 7531.50572212179 * BZip2 + -26326.0467049591 * x_10 * PPMd;49.5944881585445;49.5944881585445;49.5944881585445;49.5944881585445;14.319889;6;-26326.0467049591 * x_10 * PPMd;2;3.04877388468869;
5;1932.25942767602 * CompressionMethod + 32102.8540112258 * x_10 + 13053.3050802681 * x_8 + 7549.11900843335 * BZip2 + -26321.6519004399 * x_10 * PPMd + 6812.43781870322 * x_6;46.0687352591397;46.0687352591397;46.0687352591397;46.0687352591397;23.300627;7;6812.43781870322 * x_6;1;3.52575289940477;
6;2001.63063139163 * CompressionMethod + 32115.4575677659 * x_10 + 13048.476105606 * x_8 + 7220.58450415425 * BZip2 + -26403.626660697 * x_10 * PPMd + 8378.98616771273 * x_6 + -7711.4991520452 * x_6 * PPMd;38.5146403568957;38.5146403568957;38.5146403568957;38.5146403568957;35.509883;9;-7711.4991520452 * x_6 * PPMd;2;3.77704745112203;
7;3114.95087663029 * CompressionMethod + 23404.7398450194 * x_10 + 12970.977158386 * x_8 + 1948.02045333985 * BZip2 + -18806.2291831885 * x_10 * PPMd + 8640.68731658902 * x_6 + -9086.52054616125 * x_6 * PPMd + 35721.0485149327 * x_10 * BZip2;32.5062438727072;32.5062438727072;32.5062438727072;32.5062438727072;51.145522;11;35721.0485149327 * x_10 * BZip2;2;3.00419824209421;
8;2713.41657430069 * CompressionMethod + 23806.2741473483 * x_10 + 12998.9282226339 * x_8 + 3849.64340207038 * BZip2 + -18806.2291831877 * x_10 * PPMd + 11244.6798724004 * x_6 + -11288.9787996418 * x_6 * PPMd + 33819.4255662041 * x_10 * BZip2 + -10347.0204243119 * x_6 * BZip2;26.5527894120669;26.5527894120669;26.5527894120669;26.5527894120669;70.745756;13;-10347.0204243119 * x_6 * BZip2;2;2.97672723032018;
9;2855.33756392184 * CompressionMethod + 23664.3531577274 * x_10 + 15295.1389693541 * x_8 + 3177.52097266825 * BZip2 + -18806.2291831885 * x_10 * PPMd + 11102.7588827792 * x_6 + -11288.9787996422 * x_6 * PPMd + 34491.5479956062 * x_10 * BZip2 + -9674.89799490952 * x_6 * BZip2 + -11827.4462302464 * x_8 * PPMd;21.7032902095864;21.7032902095864;21.7032902095864;21.7032902095864;95.098403;15;-11827.4462302464 * x_8 * PPMd;2;2.42474960124024;
10;2855.33756392184 * CompressionMethod + 15421.141836827 * x_10 + 15295.1389693536 * x_8 + 3177.52097266843 * BZip2 + -10563.0178622879 * x_10 * PPMd + 11102.758882779 * x_6 + -11288.9787996421 * x_6 * PPMd + 42734.7593165058 * x_10 * BZip2 + -9674.89799490963 * x_6 * BZip2 + -11827.4462302457 * x_8 * PPMd + 26432.7767975993 * x_10 * Deflate;17.9420454857829;17.9420454857829;17.9420454857829;17.9420454857829;124.900871;17;26432.7767975993 * x_10 * Deflate;2;1.88062236190174;
11;2572.18637856695 * CompressionMethod + 15167.7109040837 * x_10 + 15208.8476817045 * x_8 + 3480.5970560397 * BZip2 + -10026.4357441902 * x_10 * PPMd + 11011.0120317787 * x_6 + -10914.0807632871 * x_6 * PPMd + 42968.265351233 * x_10 * BZip2 + -9603.07604192511 * x_6 * BZip2 + -11458.0037572412 * x_8 * PPMd + 26969.3589156976 * x_10 * Deflate + 1110.6001979246 * LZMA2;15.6662407395831;15.6662407395831;15.6662407395831;15.6662407395831;161.055794;18;1110.6001979246 * LZMA2;1;2.27580474619981;
12;1830.50493451418 * CompressionMethod + 14381.4432492014 * x_10 + 15013.0886467774 * x_8 + 4267.4798050318 * BZip2 + -8498.48664525473 * x_10 * PPMd + 10797.6379214113 * x_6 + -9959.02520886672 * x_6 * PPMd + 43709.3317011756 * x_10 * BZip2 + -9434.90323649718 * x_6 * BZip2 + -10520.5632782613 * x_8 * PPMd + 28497.3080146335 * x_10 * Deflate + 2044.96415625659 * LZMA2 + 2082.82216515163 * LZMA;13.0079515013517;13.0079515013517;13.0079515013517;13.0079515013517;204.709326;19;2082.82216515163 * LZMA;1;2.6582892382314;
13;2433.02178362394 * CompressionMethod + 14991.6440326332 * x_10 + 15179.1720066732 * x_8 + 3626.61384677983 * BZip2 + -9711.20427779566 * x_10 * PPMd + 13832.0945081527 * x_6 + -13595.9986447197 * x_6 * PPMd + 43137.4800268868 * x_10 * BZip2 + -12431.0107140971 * x_6 * BZip2 + -11289.1634872668 * x_8 * PPMd + 27284.5903820919 * x_10 * Deflate + 825.662027872453 * LZMA2 + 876.259604808435 * LZMA + -8034.33057749201 * x_6 * Deflate;10.4804290554584;10.4804290554584;10.4804290554584;10.4804290554584;257.04926;21;-8034.33057749201 * x_6 * Deflate;2;1.26376122294668;
14;2131.45218417952 * CompressionMethod + 14780.8844301266 * x_10 + 14348.3380648498 * x_8 + 4120.02531126345 * BZip2 + -9198.87507584574 * x_10 * PPMd + 13621.078274714 * x_6 + -13083.4128118351 * x_6 * PPMd + 43156.3977643543 * x_10 * BZip2 + -12411.8363456963 * x_6 * BZip2 + -10156.7599459988 * x_8 * PPMd + 27796.9195840432 * x_10 * Deflate + 1341.2682525728 * LZMA2 + 1385.52550288478 * LZMA + -7521.74474460868 * x_6 * Deflate + 2996.852086738 * x_8 * Deflate;8.95450100444422;8.95450100444422;8.95450100444422;8.95450100444422;318.201043;23;2996.852086738 * x_8 * Deflate;2;0.762964025507068;
15;1997.3455377572 * CompressionMethod + 14780.8844301274 * x_10 + 14348.3380648505 * x_8 + 4254.13195768534 * BZip2 + -9341.81313556918 * x_10 * PPMd + 13621.078274714 * x_6 + -13226.350871556 * x_6 * PPMd + 43156.3977643529 * x_10 * BZip2 + -12411.8363456956 * x_6 * BZip2 + -10299.6980057225 * x_8 * PPMd + 27931.0262304629 * x_10 * Deflate + 1475.37489899431 * LZMA2 + 1519.63214930737 * LZMA + -7387.63809818572 * x_6 * Deflate + 3130.95873315915 * x_8 * Deflate + 277.044706145503 * PPMd;8.74234088268831;8.74234088268831;8.74234088268831;8.74234088268831;389.007646;24;277.044706145503 * PPMd;1;0.212160121755907;
Elapsed=00:06:29.0726668
average model: 
command: analyze-learning
Round, Model, LearningError, LearningErrorRel, ValidationError, ValidationErrorRel, ElapsedSeconds, ModelComplexity, BestCandidate, BestCandidateSize, BestCandidateScore, TestError
Models:
Termination reason: minImprovementPerRound
1;7388.77177700348 * CompressionMethod + 22862.7583621002 * x_10;114.11597465907;114.11597465907;114.11597465907;114.11597465907;1.167724;2;22862.7583621002 * x_10;1;63.2711996760091;113.673427634421
2;5167.20997470183 * CompressionMethod + 25084.3201644018 * x_10 + 11301.4163177651 * x_8;77.1686406737128;77.1686406737128;77.1686406737128;77.1686406737128;3.593874;3;11301.4163177651 * x_8;1;36.9473339853568;77.3231624751922
3;3368.76108153798 * CompressionMethod + 25177.9837060027 * x_10 + 11420.1051627517 * x_8 + 8550.35753846175 * BZip2;55.6920359279219;55.6920359279219;55.6920359279219;55.6920359279219;7.761238;4;8550.35753846175 * BZip2;1;21.476604745791;55.7859461517912
4;3583.06240322559 * CompressionMethod + 30456.445840194 * x_10 + 11405.9623219686 * x_8 + 7531.50572212179 * BZip2 + -26326.0467049591 * x_10 * PPMd;49.5944881585445;49.5944881585445;49.5944881585445;49.5944881585445;14.319889;6;-26326.0467049591 * x_10 * PPMd;2;3.04877388468869;49.3647385115027
5;1932.25942767602 * CompressionMethod + 32102.8540112258 * x_10 + 13053.3050802681 * x_8 + 7549.11900843335 * BZip2 + -26321.6519004399 * x_10 * PPMd + 6812.43781870322 * x_6;46.0687352591397;46.0687352591397;46.0687352591397;46.0687352591397;23.300627;7;6812.43781870322 * x_6;1;3.52575289940477;46.3006907066027
6;2001.63063139163 * CompressionMethod + 32115.4575677659 * x_10 + 13048.476105606 * x_8 + 7220.58450415425 * BZip2 + -26403.626660697 * x_10 * PPMd + 8378.98616771273 * x_6 + -7711.4991520452 * x_6 * PPMd;38.5146403568957;38.5146403568957;38.5146403568957;38.5146403568957;35.509883;9;-7711.4991520452 * x_6 * PPMd;2;3.77704745112203;38.7397076960589
7;3114.95087663029 * CompressionMethod + 23404.7398450194 * x_10 + 12970.977158386 * x_8 + 1948.02045333985 * BZip2 + -18806.2291831885 * x_10 * PPMd + 8640.68731658902 * x_6 + -9086.52054616125 * x_6 * PPMd + 35721.0485149327 * x_10 * BZip2;32.5062438727072;32.5062438727072;32.5062438727072;32.5062438727072;51.145522;11;35721.0485149327 * x_10 * BZip2;2;3.00419824209421;32.5859276906616
8;2713.41657430069 * CompressionMethod + 23806.2741473483 * x_10 + 12998.9282226339 * x_8 + 3849.64340207038 * BZip2 + -18806.2291831877 * x_10 * PPMd + 11244.6798724004 * x_6 + -11288.9787996418 * x_6 * PPMd + 33819.4255662041 * x_10 * BZip2 + -10347.0204243119 * x_6 * BZip2;26.5527894120669;26.5527894120669;26.5527894120669;26.5527894120669;70.745756;13;-10347.0204243119 * x_6 * BZip2;2;2.97672723032018;26.8613454872197
9;2855.33756392184 * CompressionMethod + 23664.3531577274 * x_10 + 15295.1389693541 * x_8 + 3177.52097266825 * BZip2 + -18806.2291831885 * x_10 * PPMd + 11102.7588827792 * x_6 + -11288.9787996422 * x_6 * PPMd + 34491.5479956062 * x_10 * BZip2 + -9674.89799490952 * x_6 * BZip2 + -11827.4462302464 * x_8 * PPMd;21.7032902095864;21.7032902095864;21.7032902095864;21.7032902095864;95.098403;15;-11827.4462302464 * x_8 * PPMd;2;2.42474960124024;21.9503992882025
10;2855.33756392184 * CompressionMethod + 15421.141836827 * x_10 + 15295.1389693536 * x_8 + 3177.52097266843 * BZip2 + -10563.0178622879 * x_10 * PPMd + 11102.758882779 * x_6 + -11288.9787996421 * x_6 * PPMd + 42734.7593165058 * x_10 * BZip2 + -9674.89799490963 * x_6 * BZip2 + -11827.4462302457 * x_8 * PPMd + 26432.7767975993 * x_10 * Deflate;17.9420454857829;17.9420454857829;17.9420454857829;17.9420454857829;124.900871;17;26432.7767975993 * x_10 * Deflate;2;1.88062236190174;17.9526821835145
11;2572.18637856695 * CompressionMethod + 15167.7109040837 * x_10 + 15208.8476817045 * x_8 + 3480.5970560397 * BZip2 + -10026.4357441902 * x_10 * PPMd + 11011.0120317787 * x_6 + -10914.0807632871 * x_6 * PPMd + 42968.265351233 * x_10 * BZip2 + -9603.07604192511 * x_6 * BZip2 + -11458.0037572412 * x_8 * PPMd + 26969.3589156976 * x_10 * Deflate + 1110.6001979246 * LZMA2;15.6662407395831;15.6662407395831;15.6662407395831;15.6662407395831;161.055794;18;1110.6001979246 * LZMA2;1;2.27580474619981;15.6682358159188
12;1830.50493451418 * CompressionMethod + 14381.4432492014 * x_10 + 15013.0886467774 * x_8 + 4267.4798050318 * BZip2 + -8498.48664525473 * x_10 * PPMd + 10797.6379214113 * x_6 + -9959.02520886672 * x_6 * PPMd + 43709.3317011756 * x_10 * BZip2 + -9434.90323649718 * x_6 * BZip2 + -10520.5632782613 * x_8 * PPMd + 28497.3080146335 * x_10 * Deflate + 2044.96415625659 * LZMA2 + 2082.82216515163 * LZMA;13.0079515013517;13.0079515013517;13.0079515013517;13.0079515013517;204.709326;19;2082.82216515163 * LZMA;1;2.6582892382314;12.9281726711011
13;2433.02178362394 * CompressionMethod + 14991.6440326332 * x_10 + 15179.1720066732 * x_8 + 3626.61384677983 * BZip2 + -9711.20427779566 * x_10 * PPMd + 13832.0945081527 * x_6 + -13595.9986447197 * x_6 * PPMd + 43137.4800268868 * x_10 * BZip2 + -12431.0107140971 * x_6 * BZip2 + -11289.1634872668 * x_8 * PPMd + 27284.5903820919 * x_10 * Deflate + 825.662027872453 * LZMA2 + 876.259604808435 * LZMA + -8034.33057749201 * x_6 * Deflate;10.4804290554584;10.4804290554584;10.4804290554584;10.4804290554584;257.04926;21;-8034.33057749201 * x_6 * Deflate;2;1.26376122294668;10.568308985752
14;2131.45218417952 * CompressionMethod + 14780.8844301266 * x_10 + 14348.3380648498 * x_8 + 4120.02531126345 * BZip2 + -9198.87507584574 * x_10 * PPMd + 13621.078274714 * x_6 + -13083.4128118351 * x_6 * PPMd + 43156.3977643543 * x_10 * BZip2 + -12411.8363456963 * x_6 * BZip2 + -10156.7599459988 * x_8 * PPMd + 27796.9195840432 * x_10 * Deflate + 1341.2682525728 * LZMA2 + 1385.52550288478 * LZMA + -7521.74474460868 * x_6 * Deflate + 2996.852086738 * x_8 * Deflate;8.95450100444422;8.95450100444422;8.95450100444422;8.95450100444422;318.201043;23;2996.852086738 * x_8 * Deflate;2;0.762964025507068;9.03546624482422
15;1997.3455377572 * CompressionMethod + 14780.8844301274 * x_10 + 14348.3380648505 * x_8 + 4254.13195768534 * BZip2 + -9341.81313556918 * x_10 * PPMd + 13621.078274714 * x_6 + -13226.350871556 * x_6 * PPMd + 43156.3977643529 * x_10 * BZip2 + -12411.8363456956 * x_6 * BZip2 + -10299.6980057225 * x_8 * PPMd + 27931.0262304629 * x_10 * Deflate + 1475.37489899431 * LZMA2 + 1519.63214930737 * LZMA + -7387.63809818572 * x_6 * Deflate + 3130.95873315915 * x_8 * Deflate + 277.044706145503 * PPMd;8.74234088268831;8.74234088268831;8.74234088268831;8.74234088268831;389.007646;24;277.044706145503 * PPMd;1;0.212160121755907;8.77845024267465
Analyze finished
command: clean-sampling
command: clean-global
