Current machine learning settings: epsilon:0 lossFunction:RELATIVE parallelization:True bagging:False baggingNumbers:3 considerEpsilonTube:False baggingTestDataFraction:50 useBackward:False abortError:1 limitFeatureSize:False featureSizeTreshold:4 quadraticFunctionSupport:True crossValidation:False crossValidation-k:5 learn-logFunction:False learn-accumulatedLogFunction:False learn-asymFunction:False learn-ratioFunction:False learn-mirrowedFunction:False learn-numeric-disabled:True numberOfRounds:70 backwardErrorDelta:1 minImprovementPerRound:0.1 withHierarchy:False bruteForceCandidates:False ignoreBadFeatures:False stopOnLongRound:True candidateSizePenalty:True learnTimeLimit:00:00:00 scoreMeasure:RELERROR outputRoundsToStdout:False debug:False pythonInfluenceAnalysis:False blacklisted: 
command: mlsettings bagging:False stopOnLongRound:False parallelization:True lossFunction:RELATIVE useBackward:False abortError:1 limitFeatureSize:False featureSizeTreshold:7 quadraticFunctionSupport:True crossValidation:False learn_logFunction:True numberOfRounds:70 backwardErrorDelta:1 minImprovementPerRound:0.25 withHierarchy:False
Current machine learning settings: epsilon:0 lossFunction:RELATIVE parallelization:True bagging:False baggingNumbers:3 considerEpsilonTube:False baggingTestDataFraction:50 useBackward:False abortError:1 limitFeatureSize:False featureSizeTreshold:7 quadraticFunctionSupport:True crossValidation:False crossValidation-k:5 learn-logFunction:True learn-accumulatedLogFunction:False learn-asymFunction:False learn-ratioFunction:False learn-mirrowedFunction:False learn-numeric-disabled:True numberOfRounds:70 backwardErrorDelta:1 minImprovementPerRound:0.25 withHierarchy:False bruteForceCandidates:False ignoreBadFeatures:False stopOnLongRound:False candidateSizePenalty:True learnTimeLimit:00:00:00 scoreMeasure:RELERROR outputRoundsToStdout:False debug:False pythonInfluenceAnalysis:False blacklisted: 
command: solver z3
command: vm /scratch/kallistos/Distance-Based_Data/SupplementaryWebsite/MeasuredPerformanceValues/7z/FeatureModel.xml
command: all /scratch/kallistos/Distance-Based_Data/SupplementaryWebsite/MeasuredPerformanceValues/7z/measurements.xml
Configs with too large deviation: 0
68640 configurations loaded.
command: nfp Performance
command: setsampleset /scratch/kallistos/Distance-Based_Data/Results/7z/7z_8/sampledConfigurations_grammarBased_t2.csv
command: learn-splconqueror
Learning: NumberOfConfigurationsLearning:600 NumberOfConfigurationsValidation:600
Learning progress:
1;7850.3258655805 * CompressionMethod + 20753.619088548 * x_10;116.11552424832;116.11552424832;116.11552424832;116.11552424832;0.194417;2;20753.619088548 * x_10;1;62.7613847258413;
2;5592.69720101788 * CompressionMethod + 23011.2477531106 * x_10 + 11311.1803500025 * x_8;79.6444305111195;79.6444305111195;79.6444305111195;79.6444305111195;0.637777;3;11311.1803500025 * x_8;1;36.4710937372008;
3;3552.71126760566 * CompressionMethod + 25051.2336865228 * x_10 + 13351.1662834148 * x_8 + 7355.17864065124 * x_6;58.9171157168332;58.9171157168332;58.9171157168332;58.9171157168332;1.459424;4;7355.17864065124 * x_6;1;20.7273147942863;
4;2008.59828491352 * CompressionMethod + 25606.0368021269 * x_10 + 13794.9244139375 * x_8 + 7316.39583600242 * x_6 + 7188.98503417325 * BZip2;54.2054852896919;54.2054852896919;54.2054852896919;54.2054852896919;2.614396;5;7188.98503417325 * BZip2;1;4.71163042714129;
5;2195.17874944327 * CompressionMethod + 30881.5104371042 * x_10 + 13741.3035979352 * x_8 + 7321.08209522587 * x_6 + 6320.31533046097 * BZip2 + -25318.8630995909 * x_10 * PPMd;44.2665018391817;44.2665018391817;44.2665018391817;44.2665018391817;4.367368;7;-25318.8630995909 * x_10 * PPMd;2;4.9694917252551;
6;2277.94567323025 * CompressionMethod + 30865.9541681653 * x_10 + 13717.5174528923 * x_8 + 8795.50563983663 * x_6 + 5934.97424266593 * BZip2 + -25386.073754439 * x_10 * PPMd + -8446.60920780376 * x_6 * PPMd;36.051396592285;36.051396592285;36.051396592285;36.051396592285;6.676643;9;-8446.60920780376 * x_6 * PPMd;2;4.10755262344835;
7;2344.20066268738 * CompressionMethod + 30853.5013622933 * x_10 + 15561.3160952191 * x_8 + 8811.50821106071 * x_6 + 5626.50839011138 * BZip2 + -25439.8759380241 * x_10 * PPMd + -8528.86676848499 * x_6 * PPMd + -11409.8917579065 * x_8 * PPMd;31.17875446561;31.17875446561;31.17875446561;31.17875446561;9.597166;11;-11409.8917579065 * x_8 * PPMd;2;2.43632106333748;
8;2563.93097262106 * CompressionMethod + 36959.634182812 * x_10 + 15528.721155201 * x_8 + 8864.57968482612 * x_6 + 4603.50170123968 * BZip2 + -31765.7390684765 * x_10 * PPMd + -8801.66855218414 * x_6 * PPMd + -11597.027127822 * x_8 * PPMd + -21147.165155433 * x_10 * LZMA;26.5998476476485;26.5998476476485;26.5998476476485;26.5998476476485;13.24462;13;-21147.165155433 * x_10 * LZMA;2;2.28945340898079;
9;2950.70530066736 * CompressionMethod + 47707.7891338959 * x_10 + 15471.3467946632 * x_8 + 8957.99730941437 * x_6 + 2802.78187886021 * BZip2 + -42900.6683476067 * x_10 * PPMd + -9281.86050481867 * x_6 * PPMd + -11926.4270953308 * x_8 * PPMd + -32282.0944345633 * x_10 * LZMA + -32610.9944345631 * x_10 * LZMA2;22.0454190447877;22.0454190447877;22.0454190447877;22.0454190447877;17.827882;15;-32610.9944345631 * x_10 * LZMA2;2;2.27721430143039;
10;3143.41122105894 * CompressionMethod + 47557.9317268234 * x_10 + 15300.0651309309 * x_8 + 8796.52319428637 * x_6 + 2685.66260912204 * BZip2 + -42062.3278620891 * x_10 * PPMd + -8431.90331124547 * x_6 * PPMd + -11066.6623531533 * x_8 * PPMd + -32324.9429478823 * x_10 * LZMA + -32653.8429478823 * x_10 * LZMA2 + -881.188998836694 * PPMd;20.4089373956635;20.4089373956635;20.4089373956635;20.4089373956635;23.401177;16;-881.188998836694 * PPMd;1;1.63648164912414;
11;2986.48616801692 * CompressionMethod + 47498.3867946614 * x_10 + 15348.755191371 * x_8 + 6720.08453428148 * x_6 + 3277.34723534617 * BZip2 + -42002.7829299271 * x_10 * PPMd + -6355.46465124047 * x_6 * PPMd + -11115.3524135931 * x_8 * PPMd + -32108.4729626783 * x_10 * LZMA + -32437.3729626784 * x_10 * LZMA2 + -724.263945794757 * PPMd + 7783.42929770163 * x_6 * LZMA2;17.6632506953295;17.6632506953295;17.6632506953295;17.6632506953295;30.281;18;7783.42929770163 * x_6 * LZMA2;2;1.372843350167;
12;2691.24604054445 * CompressionMethod + 47386.3584536091 * x_10 + 15440.3610845811 * x_8 + 2813.45520528482 * x_6 + 4390.54771598001 * BZip2 + -41890.7545888747 * x_10 * PPMd + -2448.8353222436 * x_6 * PPMd + -11206.9583068036 * x_8 * PPMd + -31701.2044941538 * x_10 * LZMA + -32030.1044941537 * x_10 * LZMA2 + -429.02381832229 * PPMd + 11985.2987541711 * x_6 * LZMA2 + 11391.20784508 * x_6 * LZMA;16.0311091368877;16.0311091368877;16.0311091368877;16.0311091368877;38.484087;20;11391.20784508 * x_6 * LZMA;2;0.816070779220924;
13;3220.34406553238 * CompressionMethod + 48079.2393199727 * x_10 + 15485.6884988206 * x_8 + 3370.28288852172 * x_6 + 3648.95413789018 * BZip2 + -42583.6354552388 * x_10 * PPMd + -3005.6630054809 * x_6 * PPMd + -11252.2857210426 * x_8 * PPMd + -32923.183385505 * x_10 * LZMA + -33252.0833855053 * x_10 * LZMA2 + -958.121843310066 * PPMd + 10899.3730459458 * x_6 * LZMA2 + 10305.2821368551 * x_6 * LZMA + -1499.12426438707 * Deflate;11.5334318011834;11.5334318011834;11.5334318011834;11.5334318011834;48.150179;21;-1499.12426438707 * Deflate;1;4.49767733570426;
14;3220.34406553246 * CompressionMethod + 48079.2393199728 * x_10 + 15485.6884988205 * x_8 + 3370.28288852169 * x_6 + 3648.95413788999 * BZip2 + -42567.8498696489 * x_10 * PPMd + -2967.44527194774 * x_6 * PPMd + -11196.0101084153 * x_8 * PPMd + -32923.1833855052 * x_10 * LZMA + -33252.0833855052 * x_10 * LZMA2 + -1161.44018570624 * PPMd + 10899.3730459458 * x_6 * LZMA2 + 10305.2821368549 * x_6 * LZMA + -1499.12426438713 * Deflate + 392.113946049488 * PPMd * tmOff;11.1670410649744;11.1670410649744;11.1670410649744;11.1670410649744;59.639638;23;392.113946049488 * PPMd * tmOff;2;0.183195368104506;
Elapsed=00:00:59.6527981
average model: 
command: analyze-learning
Round, Model, LearningError, LearningErrorRel, ValidationError, ValidationErrorRel, ElapsedSeconds, ModelComplexity, BestCandidate, BestCandidateSize, BestCandidateScore, TestError
Models:
Termination reason: minImprovementPerRound
1;7850.3258655805 * CompressionMethod + 20753.619088548 * x_10;116.11552424832;116.11552424832;116.11552424832;116.11552424832;0.194417;2;20753.619088548 * x_10;1;62.7613847258413;120.719386463316
2;5592.69720101788 * CompressionMethod + 23011.2477531106 * x_10 + 11311.1803500025 * x_8;79.6444305111195;79.6444305111195;79.6444305111195;79.6444305111195;0.637777;3;11311.1803500025 * x_8;1;36.4710937372008;82.2795577857388
3;3552.71126760566 * CompressionMethod + 25051.2336865228 * x_10 + 13351.1662834148 * x_8 + 7355.17864065124 * x_6;58.9171157168332;58.9171157168332;58.9171157168332;58.9171157168332;1.459424;4;7355.17864065124 * x_6;1;20.7273147942863;59.6928943330419
4;2008.59828491352 * CompressionMethod + 25606.0368021269 * x_10 + 13794.9244139375 * x_8 + 7316.39583600242 * x_6 + 7188.98503417325 * BZip2;54.2054852896919;54.2054852896919;54.2054852896919;54.2054852896919;2.614396;5;7188.98503417325 * BZip2;1;4.71163042714129;53.1583607504179
5;2195.17874944327 * CompressionMethod + 30881.5104371042 * x_10 + 13741.3035979352 * x_8 + 7321.08209522587 * x_6 + 6320.31533046097 * BZip2 + -25318.8630995909 * x_10 * PPMd;44.2665018391817;44.2665018391817;44.2665018391817;44.2665018391817;4.367368;7;-25318.8630995909 * x_10 * PPMd;2;4.9694917252551;44.4720871744301
6;2277.94567323025 * CompressionMethod + 30865.9541681653 * x_10 + 13717.5174528923 * x_8 + 8795.50563983663 * x_6 + 5934.97424266593 * BZip2 + -25386.073754439 * x_10 * PPMd + -8446.60920780376 * x_6 * PPMd;36.051396592285;36.051396592285;36.051396592285;36.051396592285;6.676643;9;-8446.60920780376 * x_6 * PPMd;2;4.10755262344835;36.0684898357826
7;2344.20066268738 * CompressionMethod + 30853.5013622933 * x_10 + 15561.3160952191 * x_8 + 8811.50821106071 * x_6 + 5626.50839011138 * BZip2 + -25439.8759380241 * x_10 * PPMd + -8528.86676848499 * x_6 * PPMd + -11409.8917579065 * x_8 * PPMd;31.17875446561;31.17875446561;31.17875446561;31.17875446561;9.597166;11;-11409.8917579065 * x_8 * PPMd;2;2.43632106333748;30.3587534767869
8;2563.93097262106 * CompressionMethod + 36959.634182812 * x_10 + 15528.721155201 * x_8 + 8864.57968482612 * x_6 + 4603.50170123968 * BZip2 + -31765.7390684765 * x_10 * PPMd + -8801.66855218414 * x_6 * PPMd + -11597.027127822 * x_8 * PPMd + -21147.165155433 * x_10 * LZMA;26.5998476476485;26.5998476476485;26.5998476476485;26.5998476476485;13.24462;13;-21147.165155433 * x_10 * LZMA;2;2.28945340898079;26.5755805012836
9;2950.70530066736 * CompressionMethod + 47707.7891338959 * x_10 + 15471.3467946632 * x_8 + 8957.99730941437 * x_6 + 2802.78187886021 * BZip2 + -42900.6683476067 * x_10 * PPMd + -9281.86050481867 * x_6 * PPMd + -11926.4270953308 * x_8 * PPMd + -32282.0944345633 * x_10 * LZMA + -32610.9944345631 * x_10 * LZMA2;22.0454190447877;22.0454190447877;22.0454190447877;22.0454190447877;17.827882;15;-32610.9944345631 * x_10 * LZMA2;2;2.27721430143039;22.3709796898098
10;3143.41122105894 * CompressionMethod + 47557.9317268234 * x_10 + 15300.0651309309 * x_8 + 8796.52319428637 * x_6 + 2685.66260912204 * BZip2 + -42062.3278620891 * x_10 * PPMd + -8431.90331124547 * x_6 * PPMd + -11066.6623531533 * x_8 * PPMd + -32324.9429478823 * x_10 * LZMA + -32653.8429478823 * x_10 * LZMA2 + -881.188998836694 * PPMd;20.4089373956635;20.4089373956635;20.4089373956635;20.4089373956635;23.401177;16;-881.188998836694 * PPMd;1;1.63648164912414;20.8580519725336
11;2986.48616801692 * CompressionMethod + 47498.3867946614 * x_10 + 15348.755191371 * x_8 + 6720.08453428148 * x_6 + 3277.34723534617 * BZip2 + -42002.7829299271 * x_10 * PPMd + -6355.46465124047 * x_6 * PPMd + -11115.3524135931 * x_8 * PPMd + -32108.4729626783 * x_10 * LZMA + -32437.3729626784 * x_10 * LZMA2 + -724.263945794757 * PPMd + 7783.42929770163 * x_6 * LZMA2;17.6632506953295;17.6632506953295;17.6632506953295;17.6632506953295;30.281;18;7783.42929770163 * x_6 * LZMA2;2;1.372843350167;18.4097278137384
12;2691.24604054445 * CompressionMethod + 47386.3584536091 * x_10 + 15440.3610845811 * x_8 + 2813.45520528482 * x_6 + 4390.54771598001 * BZip2 + -41890.7545888747 * x_10 * PPMd + -2448.8353222436 * x_6 * PPMd + -11206.9583068036 * x_8 * PPMd + -31701.2044941538 * x_10 * LZMA + -32030.1044941537 * x_10 * LZMA2 + -429.02381832229 * PPMd + 11985.2987541711 * x_6 * LZMA2 + 11391.20784508 * x_6 * LZMA;16.0311091368877;16.0311091368877;16.0311091368877;16.0311091368877;38.484087;20;11391.20784508 * x_6 * LZMA;2;0.816070779220924;16.9610022946532
13;3220.34406553238 * CompressionMethod + 48079.2393199727 * x_10 + 15485.6884988206 * x_8 + 3370.28288852172 * x_6 + 3648.95413789018 * BZip2 + -42583.6354552388 * x_10 * PPMd + -3005.6630054809 * x_6 * PPMd + -11252.2857210426 * x_8 * PPMd + -32923.183385505 * x_10 * LZMA + -33252.0833855053 * x_10 * LZMA2 + -958.121843310066 * PPMd + 10899.3730459458 * x_6 * LZMA2 + 10305.2821368551 * x_6 * LZMA + -1499.12426438707 * Deflate;11.5334318011834;11.5334318011834;11.5334318011834;11.5334318011834;48.150179;21;-1499.12426438707 * Deflate;1;4.49767733570426;11.9317608756888
14;3220.34406553246 * CompressionMethod + 48079.2393199728 * x_10 + 15485.6884988205 * x_8 + 3370.28288852169 * x_6 + 3648.95413788999 * BZip2 + -42567.8498696489 * x_10 * PPMd + -2967.44527194774 * x_6 * PPMd + -11196.0101084153 * x_8 * PPMd + -32923.1833855052 * x_10 * LZMA + -33252.0833855052 * x_10 * LZMA2 + -1161.44018570624 * PPMd + 10899.3730459458 * x_6 * LZMA2 + 10305.2821368549 * x_6 * LZMA + -1499.12426438713 * Deflate + 392.113946049488 * PPMd * tmOff;11.1670410649744;11.1670410649744;11.1670410649744;11.1670410649744;59.639638;23;392.113946049488 * PPMd * tmOff;2;0.183195368104506;11.6077800535181
Analyze finished
command: clean-sampling
command: clean-global
command: script ./learn_grammarBased_t3.a
command: log ./out_grammarBased_t3Predictions.log
