Current machine learning settings: epsilon:0 lossFunction:RELATIVE parallelization:True bagging:False baggingNumbers:3 considerEpsilonTube:False baggingTestDataFraction:50 useBackward:False abortError:1 limitFeatureSize:False featureSizeTreshold:4 quadraticFunctionSupport:True crossValidation:False crossValidation-k:5 learn-logFunction:False learn-accumulatedLogFunction:False learn-asymFunction:False learn-ratioFunction:False learn-mirrowedFunction:False learn-numeric-disabled:True numberOfRounds:70 backwardErrorDelta:1 minImprovementPerRound:0.1 withHierarchy:False bruteForceCandidates:False ignoreBadFeatures:False stopOnLongRound:True candidateSizePenalty:True learnTimeLimit:00:00:00 scoreMeasure:RELERROR outputRoundsToStdout:False debug:False pythonInfluenceAnalysis:False blacklisted: 
command: solver z3
command: vm /scratch/kallistos/Distance-Based_Data/SupplementaryWebsite/MeasuredPerformanceValues/7z/FeatureModel.xml
command: all /scratch/kallistos/Distance-Based_Data/SupplementaryWebsite/MeasuredPerformanceValues/7z/measurements.xml
Configs with too large deviation: 0
68640 configurations loaded.
command: binary grammar-based numConfigs:4091 seed:6  confFaultsReport:./out_grammarBasedFailureReport_t3.log
command: printconfigs ./sampledConfigurations_grammarBased_t3FailureReport.csv
Number to sample: 4091; Number of Configurations in Grammar: 68640
Draw a new random number, cause 65375 is already in drawn.
Draw a new random number, cause 13025 is already in drawn.
Draw a new random number, cause 59306 is already in drawn.
Draw a new random number, cause 67292 is already in drawn.
Draw a new random number, cause 16941 is already in drawn.
Draw a new random number, cause 39662 is already in drawn.
Draw a new random number, cause 20098 is already in drawn.
Draw a new random number, cause 7710 is already in drawn.
Draw a new random number, cause 17574 is already in drawn.
Draw a new random number, cause 22589 is already in drawn.
Draw a new random number, cause 63926 is already in drawn.
Draw a new random number, cause 14822 is already in drawn.
Draw a new random number, cause 1214 is already in drawn.
Draw a new random number, cause 50118 is already in drawn.
Draw a new random number, cause 41854 is already in drawn.
Draw a new random number, cause 49838 is already in drawn.
Draw a new random number, cause 14714 is already in drawn.
Draw a new random number, cause 55007 is already in drawn.
Draw a new random number, cause 49443 is already in drawn.
Draw a new random number, cause 36140 is already in drawn.
Draw a new random number, cause 61730 is already in drawn.
Draw a new random number, cause 2770 is already in drawn.
Draw a new random number, cause 26122 is already in drawn.
Draw a new random number, cause 60896 is already in drawn.
Draw a new random number, cause 16687 is already in drawn.
Draw a new random number, cause 51614 is already in drawn.
Draw a new random number, cause 56186 is already in drawn.
Draw a new random number, cause 15723 is already in drawn.
Draw a new random number, cause 5063 is already in drawn.
Draw a new random number, cause 38780 is already in drawn.
Draw a new random number, cause 19 is already in drawn.
Draw a new random number, cause 3977 is already in drawn.
Draw a new random number, cause 53072 is already in drawn.
Draw a new random number, cause 67602 is already in drawn.
Draw a new random number, cause 49605 is already in drawn.
Draw a new random number, cause 47462 is already in drawn.
Draw a new random number, cause 61492 is already in drawn.
Draw a new random number, cause 5370 is already in drawn.
Draw a new random number, cause 15860 is already in drawn.
Draw a new random number, cause 65909 is already in drawn.
Draw a new random number, cause 10465 is already in drawn.
Draw a new random number, cause 6356 is already in drawn.
Draw a new random number, cause 51446 is already in drawn.
Draw a new random number, cause 32324 is already in drawn.
Draw a new random number, cause 65713 is already in drawn.
Draw a new random number, cause 46573 is already in drawn.
Draw a new random number, cause 60206 is already in drawn.
Draw a new random number, cause 10851 is already in drawn.
Draw a new random number, cause 337 is already in drawn.
Draw a new random number, cause 42625 is already in drawn.
Draw a new random number, cause 24450 is already in drawn.
Draw a new random number, cause 13655 is already in drawn.
Draw a new random number, cause 13025 is already in drawn.
Draw a new random number, cause 11110 is already in drawn.
Draw a new random number, cause 19573 is already in drawn.
Draw a new random number, cause 30294 is already in drawn.
Draw a new random number, cause 60109 is already in drawn.
Draw a new random number, cause 44029 is already in drawn.
Draw a new random number, cause 59718 is already in drawn.
Draw a new random number, cause 18711 is already in drawn.
Draw a new random number, cause 33448 is already in drawn.
Draw a new random number, cause 13636 is already in drawn.
Draw a new random number, cause 68111 is already in drawn.
Draw a new random number, cause 15413 is already in drawn.
Draw a new random number, cause 37638 is already in drawn.
Draw a new random number, cause 61595 is already in drawn.
Draw a new random number, cause 54385 is already in drawn.
Draw a new random number, cause 41501 is already in drawn.
Draw a new random number, cause 56348 is already in drawn.
Draw a new random number, cause 68431 is already in drawn.
Draw a new random number, cause 4328 is already in drawn.
Draw a new random number, cause 27367 is already in drawn.
Draw a new random number, cause 15668 is already in drawn.
Draw a new random number, cause 39893 is already in drawn.
Draw a new random number, cause 41064 is already in drawn.
Draw a new random number, cause 36349 is already in drawn.
Draw a new random number, cause 8834 is already in drawn.
Draw a new random number, cause 59659 is already in drawn.
Draw a new random number, cause 59903 is already in drawn.
Draw a new random number, cause 49838 is already in drawn.
Draw a new random number, cause 40428 is already in drawn.
Draw a new random number, cause 10858 is already in drawn.
Draw a new random number, cause 53272 is already in drawn.
Draw a new random number, cause 44208 is already in drawn.
Draw a new random number, cause 37516 is already in drawn.
Draw a new random number, cause 19345 is already in drawn.
Draw a new random number, cause 39770 is already in drawn.
Draw a new random number, cause 1387 is already in drawn.
Draw a new random number, cause 8812 is already in drawn.
Draw a new random number, cause 64679 is already in drawn.
Draw a new random number, cause 39660 is already in drawn.
Draw a new random number, cause 39805 is already in drawn.
Draw a new random number, cause 6782 is already in drawn.
Draw a new random number, cause 1879 is already in drawn.
Draw a new random number, cause 44061 is already in drawn.
Draw a new random number, cause 18585 is already in drawn.
Draw a new random number, cause 21407 is already in drawn.
Draw a new random number, cause 44588 is already in drawn.
Draw a new random number, cause 53347 is already in drawn.
Draw a new random number, cause 36939 is already in drawn.
Draw a new random number, cause 30188 is already in drawn.
Draw a new random number, cause 42367 is already in drawn.
Draw a new random number, cause 34243 is already in drawn.
Draw a new random number, cause 19262 is already in drawn.
Draw a new random number, cause 47302 is already in drawn.
Draw a new random number, cause 10518 is already in drawn.
Draw a new random number, cause 10485 is already in drawn.
Draw a new random number, cause 48728 is already in drawn.
Draw a new random number, cause 68317 is already in drawn.
Draw a new random number, cause 47153 is already in drawn.
Draw a new random number, cause 46407 is already in drawn.
Draw a new random number, cause 47973 is already in drawn.
Draw a new random number, cause 55600 is already in drawn.
Draw a new random number, cause 54337 is already in drawn.
Draw a new random number, cause 44175 is already in drawn.
Draw a new random number, cause 23049 is already in drawn.
Draw a new random number, cause 35189 is already in drawn.
Draw a new random number, cause 2414 is already in drawn.
Draw a new random number, cause 9125 is already in drawn.
Draw a new random number, cause 62614 is already in drawn.
Draw a new random number, cause 51490 is already in drawn.
Draw a new random number, cause 7974 is already in drawn.
Draw a new random number, cause 15373 is already in drawn.
Draw a new random number, cause 27867 is already in drawn.
Draw a new random number, cause 25690 is already in drawn.
Draw a new random number, cause 42967 is already in drawn.
Draw a new random number, cause 39443 is already in drawn.
Draw a new random number, cause 37773 is already in drawn.
Draw a new random number, cause 61467 is already in drawn.
0 drawn configurations were invalid
command: clean-sampling
command: clean-global
