Current machine learning settings: epsilon:0 lossFunction:RELATIVE parallelization:True bagging:False baggingNumbers:3 considerEpsilonTube:False baggingTestDataFraction:50 useBackward:False abortError:1 limitFeatureSize:False featureSizeTreshold:4 quadraticFunctionSupport:True crossValidation:False crossValidation-k:5 learn-logFunction:False learn-accumulatedLogFunction:False learn-asymFunction:False learn-ratioFunction:False learn-mirrowedFunction:False learn-numeric-disabled:True numberOfRounds:70 backwardErrorDelta:1 minImprovementPerRound:0.1 withHierarchy:False bruteForceCandidates:False ignoreBadFeatures:False stopOnLongRound:True candidateSizePenalty:True learnTimeLimit:00:00:00 scoreMeasure:RELERROR outputRoundsToStdout:False debug:False pythonInfluenceAnalysis:False blacklisted: 
command: mlsettings bagging:False stopOnLongRound:False parallelization:True lossFunction:RELATIVE useBackward:False abortError:1 limitFeatureSize:False featureSizeTreshold:7 quadraticFunctionSupport:True crossValidation:False learn_logFunction:True numberOfRounds:70 backwardErrorDelta:1 minImprovementPerRound:0.25 withHierarchy:False
Current machine learning settings: epsilon:0 lossFunction:RELATIVE parallelization:True bagging:False baggingNumbers:3 considerEpsilonTube:False baggingTestDataFraction:50 useBackward:False abortError:1 limitFeatureSize:False featureSizeTreshold:7 quadraticFunctionSupport:True crossValidation:False crossValidation-k:5 learn-logFunction:True learn-accumulatedLogFunction:False learn-asymFunction:False learn-ratioFunction:False learn-mirrowedFunction:False learn-numeric-disabled:True numberOfRounds:70 backwardErrorDelta:1 minImprovementPerRound:0.25 withHierarchy:False bruteForceCandidates:False ignoreBadFeatures:False stopOnLongRound:False candidateSizePenalty:True learnTimeLimit:00:00:00 scoreMeasure:RELERROR outputRoundsToStdout:False debug:False pythonInfluenceAnalysis:False blacklisted: 
command: solver z3
command: vm /scratch/kallistos/Distance-Based_Data/SupplementaryWebsite/MeasuredPerformanceValues/Polly/FeatureModel.xml
command: all /scratch/kallistos/Distance-Based_Data/SupplementaryWebsite/MeasuredPerformanceValues/Polly/measurements.xml
Configs with too large deviation: 0
60000 configurations loaded.
command: nfp Performance
command: setsampleset /scratch/kallistos/Distance-Based_Data/Results/Polly/Polly_70/sampledConfigurations_divDistBased_t1.csv
command: learn-splconqueror
Learning: NumberOfConfigurationsLearning:28 NumberOfConfigurationsValidation:28
Learning progress:
1;19.6258974358974 * polly_vectorizer + 9.39832478632478 * max;22.0286631977246;22.0286631977246;22.0286631977246;22.0286631977246;0.054186;2;9.39832478632478 * max;1;15.4494891550142;
2;17.7942424242424 * polly_vectorizer + 11.2299797979798 * max + 11.9057575757576 * pollydefaulttilesize_16;16.6388638837962;16.6388638837962;16.6388638837962;16.6388638837962;0.082467;3;11.9057575757576 * pollydefaulttilesize_16;1;5.38979931392834;
3;12.2566666666667 * polly_vectorizer + 16.7675555555556 * max + 9.82916666666667 * pollydefaulttilesize_16 + 7.61416666666668 * pollyoptmaxcoefficient_1;14.7122154385564;14.7122154385564;14.7122154385564;14.7122154385564;0.124846;4;7.61416666666668 * pollyoptmaxcoefficient_1;1;1.92664844523985;
4;12.2566666666666 * polly_vectorizer + 16.7675555555556 * max + 13.0277777777778 * pollydefaulttilesize_16 + 4.41555555555555 * pollyoptmaxcoefficient_1 + 12.7944444444444 * pollyoptmaxcoefficient_1 * memory_based;9.16146975600408;9.16146975600408;9.16146975600408;9.16146975600408;0.19381;6;12.7944444444444 * pollyoptmaxcoefficient_1 * memory_based;2;2.77537284127615;
5;12.2566666666667 * polly_vectorizer + 16.3119410977242 * max + 11.8887416331995 * pollydefaulttilesize_16 + 2.13748326639891 * pollyoptmaxcoefficient_1 + 15.0725167336011 * pollyoptmaxcoefficient_1 * memory_based + 6.83421686746987 * parallel;7.02096451002994;7.02096451002994;7.02096451002994;7.02096451002994;0.294206;7;6.83421686746987 * parallel;1;2.14050524597415;
6;12.2566666666667 * polly_vectorizer + 16.5466467661692 * max + 14.9105771144278 * pollydefaulttilesize_16 + 0.875940298507469 * pollyoptmaxcoefficient_1 + 16.3340597014925 * pollyoptmaxcoefficient_1 * memory_based + 3.31363184079601 * parallel + 14.6104278606965 * parallel * pollydefaulttilesize_1024;4.41486317965051;4.41486317965051;4.41486317965051;4.41486317965051;0.425049;9;14.6104278606965 * parallel * pollydefaulttilesize_1024;2;1.30305066518971;
7;11.8770245055753 * polly_vectorizer + 16.1307402792422 * max + 15.2029582414774 * pollydefaulttilesize_16 + 0.691218888782382 * pollyoptmaxcoefficient_1 + 16.3289600306719 * pollyoptmaxcoefficient_1 * memory_based + 3.85759672832996 * parallel + 13.4919000607048 * parallel * pollydefaulttilesize_1024 + 1.13892648327423 * pollydefaulttilesize_1024;3.60649814058671;3.60649814058671;3.60649814058671;3.60649814058671;0.598438;10;1.13892648327423 * pollydefaulttilesize_1024;1;0.808365039063798;
8;11.5526888426888 * polly_vectorizer + 16.9255232155232 * max + 15.6027581427581 * pollydefaulttilesize_16 + 0.633416493416508 * pollyoptmaxcoefficient_1 + 16.2245945945946 * pollyoptmaxcoefficient_1 * memory_based + 3.82227304227304 * parallel + 12.9363548163548 * parallel * pollydefaulttilesize_1024 + 0.436787941787936 * pollydefaulttilesize_1024 + 1.67514553014554 * pollydefaulttilesize_1024 * min;2.79887061808241;2.79887061808241;2.79887061808241;2.79887061808241;0.834527;12;1.67514553014554 * pollydefaulttilesize_1024 * min;2;0.403813761252152;
9;11.3815384615385 * polly_vectorizer + 17.4389743589744 * max + 17.2714743589743 * pollydefaulttilesize_16 + -0.00839743589743045 * pollyoptmaxcoefficient_1 + 16.7808333333333 * pollyoptmaxcoefficient_1 * memory_based + 2.11076923076925 * parallel + 14.9473717948718 * parallel * pollydefaulttilesize_1024 + 0.0944871794871896 * pollydefaulttilesize_1024 + 2.53089743589742 * pollydefaulttilesize_1024 * min + 4.74942307692306 * parallel * pollydefaulttilesize_4;1.4143502449986;1.4143502449986;1.4143502449986;1.4143502449986;1.138427;14;4.74942307692306 * parallel * pollydefaulttilesize_4;2;0.692260186541904;
10;11.183 * polly_vectorizer + 17.6375128205128 * max + 17.5692820512821 * pollydefaulttilesize_16 + -0.107666666666658 * pollyoptmaxcoefficient_1 + 18.0713333333334 * pollyoptmaxcoefficient_1 * memory_based + 2.11076923076923 * parallel + 14.6495641025641 * parallel * pollydefaulttilesize_1024 + 0.094487179487184 * pollydefaulttilesize_1024 + 3.12651282051281 * pollydefaulttilesize_1024 * min + 5.04723076923076 * parallel * pollydefaulttilesize_4 + -2.581 * pollyoptmaxcoefficient_1 * pollyrtcmaxparameters_2;0.77883909991657;0.77883909991657;0.77883909991657;0.77883909991657;1.505454;16;-2.581 * pollyoptmaxcoefficient_1 * pollyrtcmaxparameters_2;2;0.317755572541016;
Elapsed=00:00:01.5088506
average model: 
command: analyze-learning
Round, Model, LearningError, LearningErrorRel, ValidationError, ValidationErrorRel, ElapsedSeconds, ModelComplexity, BestCandidate, BestCandidateSize, BestCandidateScore, TestError
Models:
Termination reason: abortError
1;19.6258974358974 * polly_vectorizer + 9.39832478632478 * max;22.0286631977246;22.0286631977246;22.0286631977246;22.0286631977246;0.054186;2;9.39832478632478 * max;1;15.4494891550142;27.909027534847
2;17.7942424242424 * polly_vectorizer + 11.2299797979798 * max + 11.9057575757576 * pollydefaulttilesize_16;16.6388638837962;16.6388638837962;16.6388638837962;16.6388638837962;0.082467;3;11.9057575757576 * pollydefaulttilesize_16;1;5.38979931392834;32.4916218816829
3;12.2566666666667 * polly_vectorizer + 16.7675555555556 * max + 9.82916666666667 * pollydefaulttilesize_16 + 7.61416666666668 * pollyoptmaxcoefficient_1;14.7122154385564;14.7122154385564;14.7122154385564;14.7122154385564;0.124846;4;7.61416666666668 * pollyoptmaxcoefficient_1;1;1.92664844523985;34.3307124638383
4;12.2566666666666 * polly_vectorizer + 16.7675555555556 * max + 13.0277777777778 * pollydefaulttilesize_16 + 4.41555555555555 * pollyoptmaxcoefficient_1 + 12.7944444444444 * pollyoptmaxcoefficient_1 * memory_based;9.16146975600408;9.16146975600408;9.16146975600408;9.16146975600408;0.19381;6;12.7944444444444 * pollyoptmaxcoefficient_1 * memory_based;2;2.77537284127615;35.4341891847147
5;12.2566666666667 * polly_vectorizer + 16.3119410977242 * max + 11.8887416331995 * pollydefaulttilesize_16 + 2.13748326639891 * pollyoptmaxcoefficient_1 + 15.0725167336011 * pollyoptmaxcoefficient_1 * memory_based + 6.83421686746987 * parallel;7.02096451002994;7.02096451002994;7.02096451002994;7.02096451002994;0.294206;7;6.83421686746987 * parallel;1;2.14050524597415;36.2617141827256
6;12.2566666666667 * polly_vectorizer + 16.5466467661692 * max + 14.9105771144278 * pollydefaulttilesize_16 + 0.875940298507469 * pollyoptmaxcoefficient_1 + 16.3340597014925 * pollyoptmaxcoefficient_1 * memory_based + 3.31363184079601 * parallel + 14.6104278606965 * parallel * pollydefaulttilesize_1024;4.41486317965051;4.41486317965051;4.41486317965051;4.41486317965051;0.425049;9;14.6104278606965 * parallel * pollydefaulttilesize_1024;2;1.30305066518971;37.2158730190463
7;11.8770245055753 * polly_vectorizer + 16.1307402792422 * max + 15.2029582414774 * pollydefaulttilesize_16 + 0.691218888782382 * pollyoptmaxcoefficient_1 + 16.3289600306719 * pollyoptmaxcoefficient_1 * memory_based + 3.85759672832996 * parallel + 13.4919000607048 * parallel * pollydefaulttilesize_1024 + 1.13892648327423 * pollydefaulttilesize_1024;3.60649814058671;3.60649814058671;3.60649814058671;3.60649814058671;0.598438;10;1.13892648327423 * pollydefaulttilesize_1024;1;0.808365039063798;37.1422941371253
8;11.5526888426888 * polly_vectorizer + 16.9255232155232 * max + 15.6027581427581 * pollydefaulttilesize_16 + 0.633416493416508 * pollyoptmaxcoefficient_1 + 16.2245945945946 * pollyoptmaxcoefficient_1 * memory_based + 3.82227304227304 * parallel + 12.9363548163548 * parallel * pollydefaulttilesize_1024 + 0.436787941787936 * pollydefaulttilesize_1024 + 1.67514553014554 * pollydefaulttilesize_1024 * min;2.79887061808241;2.79887061808241;2.79887061808241;2.79887061808241;0.834527;12;1.67514553014554 * pollydefaulttilesize_1024 * min;2;0.403813761252152;37.2130119386238
9;11.3815384615385 * polly_vectorizer + 17.4389743589744 * max + 17.2714743589743 * pollydefaulttilesize_16 + -0.00839743589743045 * pollyoptmaxcoefficient_1 + 16.7808333333333 * pollyoptmaxcoefficient_1 * memory_based + 2.11076923076925 * parallel + 14.9473717948718 * parallel * pollydefaulttilesize_1024 + 0.0944871794871896 * pollydefaulttilesize_1024 + 2.53089743589742 * pollydefaulttilesize_1024 * min + 4.74942307692306 * parallel * pollydefaulttilesize_4;1.4143502449986;1.4143502449986;1.4143502449986;1.4143502449986;1.138427;14;4.74942307692306 * parallel * pollydefaulttilesize_4;2;0.692260186541904;37.8362956337087
10;11.183 * polly_vectorizer + 17.6375128205128 * max + 17.5692820512821 * pollydefaulttilesize_16 + -0.107666666666658 * pollyoptmaxcoefficient_1 + 18.0713333333334 * pollyoptmaxcoefficient_1 * memory_based + 2.11076923076923 * parallel + 14.6495641025641 * parallel * pollydefaulttilesize_1024 + 0.094487179487184 * pollydefaulttilesize_1024 + 3.12651282051281 * pollydefaulttilesize_1024 * min + 5.04723076923076 * parallel * pollydefaulttilesize_4 + -2.581 * pollyoptmaxcoefficient_1 * pollyrtcmaxparameters_2;0.77883909991657;0.77883909991657;0.77883909991657;0.77883909991657;1.505454;16;-2.581 * pollyoptmaxcoefficient_1 * pollyrtcmaxparameters_2;2;0.317755572541016;38.1668458015129
Analyze finished
command: clean-sampling
command: clean-global
command: script ./learn_divDistBased_t2.a
command: log ./out_divDistBased_t2Predictions.log
