Current machine learning settings: epsilon:0 lossFunction:RELATIVE parallelization:True bagging:False baggingNumbers:3 considerEpsilonTube:False baggingTestDataFraction:50 useBackward:False abortError:1 limitFeatureSize:False featureSizeTreshold:4 quadraticFunctionSupport:True crossValidation:False crossValidation-k:5 learn-logFunction:False learn-accumulatedLogFunction:False learn-asymFunction:False learn-ratioFunction:False learn-mirrowedFunction:False learn-numeric-disabled:True numberOfRounds:70 backwardErrorDelta:1 minImprovementPerRound:0.1 withHierarchy:False bruteForceCandidates:False ignoreBadFeatures:False stopOnLongRound:True candidateSizePenalty:True learnTimeLimit:00:00:00 scoreMeasure:RELERROR outputRoundsToStdout:False debug:False pythonInfluenceAnalysis:False blacklisted: 
command: mlsettings bagging:False stopOnLongRound:False parallelization:True lossFunction:RELATIVE useBackward:False abortError:1 limitFeatureSize:False featureSizeTreshold:7 quadraticFunctionSupport:True crossValidation:False learn_logFunction:True numberOfRounds:70 backwardErrorDelta:1 minImprovementPerRound:0.25 withHierarchy:False
Current machine learning settings: epsilon:0 lossFunction:RELATIVE parallelization:True bagging:False baggingNumbers:3 considerEpsilonTube:False baggingTestDataFraction:50 useBackward:False abortError:1 limitFeatureSize:False featureSizeTreshold:7 quadraticFunctionSupport:True crossValidation:False crossValidation-k:5 learn-logFunction:True learn-accumulatedLogFunction:False learn-asymFunction:False learn-ratioFunction:False learn-mirrowedFunction:False learn-numeric-disabled:True numberOfRounds:70 backwardErrorDelta:1 minImprovementPerRound:0.25 withHierarchy:False bruteForceCandidates:False ignoreBadFeatures:False stopOnLongRound:False candidateSizePenalty:True learnTimeLimit:00:00:00 scoreMeasure:RELERROR outputRoundsToStdout:False debug:False pythonInfluenceAnalysis:False blacklisted: 
command: solver z3
command: vm /scratch/kallistos/Distance-Based_Data/SupplementaryWebsite/MeasuredPerformanceValues/Polly/FeatureModel.xml
command: all /scratch/kallistos/Distance-Based_Data/SupplementaryWebsite/MeasuredPerformanceValues/Polly/measurements.xml
Configs with too large deviation: 0
60000 configurations loaded.
command: nfp Performance
command: setsampleset /scratch/kallistos/Distance-Based_Data/Results/Polly/Polly_37/sampledConfigurations_grammarBased_t3.csv
command: learn-splconqueror
Learning: NumberOfConfigurationsLearning:2172 NumberOfConfigurationsValidation:2172
Learning progress:
1;29.5700426179605 * polly_vectorizer + -5.07530259939036 * value_based;27.6935007814255;27.6935007814255;27.6935007814255;27.6935007814255;0.608605;2;-5.07530259939036 * value_based;1;3.56292534021129;
2;29.5700426179605 * polly_vectorizer + 0.0289874618430483 * value_based + -10.2946074830495 * value_based * min;19.4381960071907;19.4381960071907;19.4381960071907;19.4381960071907;2.243986;4;-10.2946074830495 * value_based * min;2;4.12765238711739;
3;29.5700426179605 * polly_vectorizer + 0.028987461843149 * value_based + -18.9336338533886 * value_based * min + 17.1495913820114 * value_based * min * polly_no_tiling;7.69795230743651;7.69795230743651;7.69795230743651;7.69795230743651;4.903121;7;17.1495913820114 * value_based * min * polly_no_tiling;3;3.91341456658473;
4;28.9711118989807 * polly_vectorizer + -0.0258704477401953 * value_based + -18.8791622884069 * value_based * min + 17.1029356036086 * value_based * min * polly_no_tiling + 1.8684590805778 * parallel;6.31569923663785;6.31569923663785;6.31569923663785;6.31569923663785;8.976585;8;1.8684590805778 * parallel;1;1.38225307079866;
5;28.9495371608106 * polly_vectorizer + -0.0278465444712042 * value_based + -21.2033932979244 * value_based * min + 17.3121223485717 * value_based * min * polly_no_tiling + 1.93576488768964 * parallel + 4.31077758857643 * value_based * min * none;3.61358959121225;3.61358959121225;3.61358959121225;3.61358959121225;14.944531;11;4.31077758857643 * value_based * min * none;3;0.900703215141867;
6;28.9493918878002 * polly_vectorizer + -0.0278598504736766 * value_based + -21.5851990689832 * value_based * min + 16.6334958276386 * value_based * min * polly_no_tiling + 1.93621808981616 * parallel + 5.01834423604621 * value_based * min * none + 1.40042335063154 * value_based * min * polly_no_tiling * polly;3.30053010869619;3.30053010869619;3.30053010869619;3.30053010869619;22.91267;15;1.40042335063154 * value_based * min * polly_no_tiling * polly;4;0.0782648706290149;
Elapsed=00:00:22.9520429
average model: 
command: analyze-learning
Round, Model, LearningError, LearningErrorRel, ValidationError, ValidationErrorRel, ElapsedSeconds, ModelComplexity, BestCandidate, BestCandidateSize, BestCandidateScore, TestError
Models:
Termination reason: minImprovementPerRound
1;29.5700426179605 * polly_vectorizer + -5.07530259939036 * value_based;27.6935007814255;27.6935007814255;27.6935007814255;27.6935007814255;0.608605;2;-5.07530259939036 * value_based;1;3.56292534021129;28.4169919203811
2;29.5700426179605 * polly_vectorizer + 0.0289874618430483 * value_based + -10.2946074830495 * value_based * min;19.4381960071907;19.4381960071907;19.4381960071907;19.4381960071907;2.243986;4;-10.2946074830495 * value_based * min;2;4.12765238711739;19.9726854364803
3;29.5700426179605 * polly_vectorizer + 0.028987461843149 * value_based + -18.9336338533886 * value_based * min + 17.1495913820114 * value_based * min * polly_no_tiling;7.69795230743651;7.69795230743651;7.69795230743651;7.69795230743651;4.903121;7;17.1495913820114 * value_based * min * polly_no_tiling;3;3.91341456658473;8.15525385267961
4;28.9711118989807 * polly_vectorizer + -0.0258704477401953 * value_based + -18.8791622884069 * value_based * min + 17.1029356036086 * value_based * min * polly_no_tiling + 1.8684590805778 * parallel;6.31569923663785;6.31569923663785;6.31569923663785;6.31569923663785;8.976585;8;1.8684590805778 * parallel;1;1.38225307079866;6.72240147906051
5;28.9495371608106 * polly_vectorizer + -0.0278465444712042 * value_based + -21.2033932979244 * value_based * min + 17.3121223485717 * value_based * min * polly_no_tiling + 1.93576488768964 * parallel + 4.31077758857643 * value_based * min * none;3.61358959121225;3.61358959121225;3.61358959121225;3.61358959121225;14.944531;11;4.31077758857643 * value_based * min * none;3;0.900703215141867;3.84791034243855
6;28.9493918878002 * polly_vectorizer + -0.0278598504736766 * value_based + -21.5851990689832 * value_based * min + 16.6334958276386 * value_based * min * polly_no_tiling + 1.93621808981616 * parallel + 5.01834423604621 * value_based * min * none + 1.40042335063154 * value_based * min * polly_no_tiling * polly;3.30053010869619;3.30053010869619;3.30053010869619;3.30053010869619;22.91267;15;1.40042335063154 * value_based * min * polly_no_tiling * polly;4;0.0782648706290149;3.49625982205171
Analyze finished
command: clean-sampling
command: clean-global
