Current machine learning settings: epsilon:0 lossFunction:RELATIVE parallelization:True bagging:False baggingNumbers:3 considerEpsilonTube:False baggingTestDataFraction:50 useBackward:False abortError:1 limitFeatureSize:False featureSizeTreshold:4 quadraticFunctionSupport:True crossValidation:False crossValidation-k:5 learn-logFunction:False learn-accumulatedLogFunction:False learn-asymFunction:False learn-ratioFunction:False learn-mirrowedFunction:False learn-numeric-disabled:True numberOfRounds:70 backwardErrorDelta:1 minImprovementPerRound:0.1 withHierarchy:False bruteForceCandidates:False ignoreBadFeatures:False stopOnLongRound:True candidateSizePenalty:True learnTimeLimit:00:00:00 scoreMeasure:RELERROR outputRoundsToStdout:False debug:False pythonInfluenceAnalysis:False blacklisted: 
command: mlsettings bagging:False stopOnLongRound:False parallelization:True lossFunction:RELATIVE useBackward:False abortError:1 limitFeatureSize:False featureSizeTreshold:7 quadraticFunctionSupport:True crossValidation:False learn_logFunction:True numberOfRounds:70 backwardErrorDelta:1 minImprovementPerRound:0.25 withHierarchy:False
Current machine learning settings: epsilon:0 lossFunction:RELATIVE parallelization:True bagging:False baggingNumbers:3 considerEpsilonTube:False baggingTestDataFraction:50 useBackward:False abortError:1 limitFeatureSize:False featureSizeTreshold:7 quadraticFunctionSupport:True crossValidation:False crossValidation-k:5 learn-logFunction:True learn-accumulatedLogFunction:False learn-asymFunction:False learn-ratioFunction:False learn-mirrowedFunction:False learn-numeric-disabled:True numberOfRounds:70 backwardErrorDelta:1 minImprovementPerRound:0.25 withHierarchy:False bruteForceCandidates:False ignoreBadFeatures:False stopOnLongRound:False candidateSizePenalty:True learnTimeLimit:00:00:00 scoreMeasure:RELERROR outputRoundsToStdout:False debug:False pythonInfluenceAnalysis:False blacklisted: 
command: solver z3
command: vm /scratch/kallistos/Distance-Based_Data/SupplementaryWebsite/MeasuredPerformanceValues/Hipacc/FeatureModel.xml
Warning: Variability model contains outdated notation. Children nodes will no longer have effect on the model. Instead use the parent node to describe the parent of an configuration option. You can also use the converter providedby the Variability Model GUI in export>convert legacy model.
Warning: Default value nodes in models are no longer used and should be removed. You can also use the converter provided by the Variability Model GUI in export>convert legacy model to update your model.
command: all /scratch/kallistos/Distance-Based_Data/SupplementaryWebsite/MeasuredPerformanceValues/Hipacc/measurements.xml
Configs with too large deviation: 0
13485 configurations loaded.
command: nfp Performance
command: setsampleset /scratch/kallistos/Distance-Based_Data/Results/Hipacc/Hipacc_18/sampledConfigurations_grammarBased_t1.csv
command: learn-splconqueror
Learning: NumberOfConfigurationsLearning:50 NumberOfConfigurationsValidation:50
Learning progress:
1;28.33 * API + 16.2708 * LocalMemory;25.3082063673382;25.3082063673382;25.3082063673382;25.3082063673382;0.066859;2;16.2708 * LocalMemory;1;7.47333772732647;
2;25.9594838709677 * API + 18.6413161290323 * LocalMemory + 20.7420161290323 * bs_32x1;21.2835164863517;21.2835164863517;21.2835164863517;21.2835164863517;0.121114;3;20.7420161290323 * bs_32x1;1;4.02468988098653;
3;25.9594838709678 * API + 13.5214392059554 * LocalMemory + 20.7420161290323 * bs_32x1 + 38.3990769230769 * LocalMemory * bs_512x1;17.6184732668814;17.6184732668814;17.6184732668814;17.6184732668814;0.213111;5;38.3990769230769 * LocalMemory * bs_512x1;2;1.83252160973513;
4;24.6022142857143 * API + 14.8787087912088 * LocalMemory + 22.0992857142857 * bs_32x1 + 38.3990769230769 * LocalMemory * bs_512x1 + 14.0251190476191 * bs_1024x1;15.8467437122054;15.8467437122054;15.8467437122054;15.8467437122054;0.379372;6;14.0251190476191 * bs_1024x1;1;1.77172955467605;
5;24.6022142857143 * API + 11.9998690476191 * LocalMemory + 22.0992857142857 * bs_32x1 + 41.2779166666667 * LocalMemory * bs_512x1 + 14.0251190476191 * bs_1024x1 + 37.4249166666666 * bs_64x16;14.1698575610772;14.1698575610772;14.1698575610772;14.1698575610772;0.587634;7;37.4249166666666 * bs_64x16;1;1.67688615112822;
6;24.6022142857143 * API + 21.8865357142857 * LocalMemory + 22.0992857142857 * bs_32x1 + 38.80625 * LocalMemory * bs_512x1 + 14.025119047619 * bs_1024x1 + 27.53825 * bs_64x16 + -14.83 * LocalMemory * TextureMemory;11.8004929886683;11.8004929886683;11.8004929886683;11.8004929886683;0.865662;9;-14.83 * LocalMemory * TextureMemory;2;1.18468228620443;
7;24.6022142857143 * API + 21.8865357142857 * LocalMemory + 53.6367857142857 * bs_32x1 + 38.80625 * LocalMemory * bs_512x1 + 14.0251190476191 * bs_1024x1 + 27.53825 * bs_64x16 + -14.83 * LocalMemory * TextureMemory + -42.05 * bs_32x1 * CUDA;9.91328597825156;9.91328597825156;9.91328597825156;9.91328597825156;1.270882;11;-42.05 * bs_32x1 * CUDA;2;0.943603505208365;
8;24.0614230769231 * API + 22.427326923077 * LocalMemory + 54.177576923077 * bs_32x1 + 38.80625 * LocalMemory * bs_512x1 + 14.5659102564103 * bs_1024x1 + 27.5382499999999 * bs_64x16 + -14.8300000000001 * LocalMemory * TextureMemory + -42.05 * bs_32x1 * CUDA + 7.57107692307694 * padding_384;9.14604430887632;9.14604430887632;9.14604430887632;9.14604430887632;1.785908;12;7.57107692307694 * padding_384;1;0.767241669375233;
9;24.0614230769231 * API + 22.4273269230769 * LocalMemory + 54.1775769230769 * bs_32x1 + 38.80625 * LocalMemory * bs_512x1 + 1.06157692307689 * bs_1024x1 + 27.53825 * bs_64x16 + -14.83 * LocalMemory * TextureMemory + -42.05 * bs_32x1 * CUDA + 7.57107692307693 * padding_384 + 20.2565 * bs_1024x1 * CUDA;7.62393418606698;7.62393418606698;7.62393418606698;7.62393418606698;2.428133;14;20.2565 * bs_1024x1 * CUDA;2;0.761055061404674;
10;23.72028 * API + 22.76847 * LocalMemory + 54.51872 * bs_32x1 + 38.80625 * LocalMemory * bs_512x1 + 1.40272000000002 * bs_1024x1 + 27.5382499999999 * bs_64x16 + -14.83 * LocalMemory * TextureMemory + -42.05 * bs_32x1 * CUDA + 7.91221999999999 * padding_384 + 20.2565 * bs_1024x1 * CUDA + 8.86972000000002 * bs_512x2;6.87341726620181;6.87341726620181;6.87341726620181;6.87341726620181;3.213121;15;8.86972000000002 * bs_512x2;1;0.750516919865168;
11;23.1282844444445 * API + 22.6204711111111 * LocalMemory + 52.1507377777778 * bs_32x1 + 39.5462444444444 * LocalMemory * bs_512x1 + 1.9947155555555 * bs_1024x1 + 25.3182666666667 * bs_64x16 + -14.83 * LocalMemory * TextureMemory + -39.0900222222222 * bs_32x1 * CUDA + 7.02422666666668 * padding_384 + 20.2565 * bs_1024x1 * CUDA + 9.46171555555552 * bs_512x2 + 2.95997777777778 * pixelPerThread_1;6.16822464562896;6.16822464562896;6.16822464562896;6.16822464562896;4.172009;16;2.95997777777778 * pixelPerThread_1;1;0.705192620572851;
12;23.3001532518337 * API + 19.9157988264059 * LocalMemory + 52.838213007335 * bs_32x1 + 41.4684613691932 * LocalMemory * bs_512x1 + 1.82284674816631 * bs_1024x1 + 28.7104141809291 * bs_64x16 + -13.6088268948655 * LocalMemory * TextureMemory + -39.9493662591687 * bs_32x1 * CUDA + 7.28202987775058 * padding_384 + 20.2565 * bs_1024x1 * CUDA + 9.28984674816629 * bs_512x2 + 2.10063374083133 * pixelPerThread_1 + 11.6011444987775 * LocalMemory * bs_256x2;4.99786839207991;4.99786839207991;4.99786839207991;4.99786839207991;5.30468;18;11.6011444987775 * LocalMemory * bs_256x2;2;0.585178126774523;
13;23.3001532518338 * API + 19.9157988264059 * LocalMemory + 52.8382130073349 * bs_32x1 + 41.4684613691932 * LocalMemory * bs_512x1 + 1.82284674816619 * bs_1024x1 + 28.710414180929 * bs_64x16 + -13.6088268948655 * LocalMemory * TextureMemory + -43.2393662591687 * bs_32x1 * CUDA + 7.28202987775058 * padding_384 + 20.2565 * bs_1024x1 * CUDA + 9.28984674816635 * bs_512x2 + 2.10063374083132 * pixelPerThread_1 + 11.6011444987775 * LocalMemory * bs_256x2 + 9.87000000000002 * padding_288;4.63874091752578;4.63874091752578;4.63874091752578;4.63874091752578;6.647292;19;9.87000000000002 * padding_288;1;0.359127474554127;
14;23.508323712298 * API + 20.2633040813741 * LocalMemory + 52.3749782840493 * bs_32x1 + 42.040375647942 * LocalMemory * bs_512x1 + 1.61467628770204 * bs_1024x1 + 27.8996742026751 * bs_64x16 + -14.2441111767997 * LocalMemory * TextureMemory + -42.1743541431331 * bs_32x1 * CUDA + 6.9463272858756 * padding_384 + 20.2565 * bs_1024x1 * CUDA + 9.08167628770203 * bs_512x2 + 2.35569800365278 * pixelPerThread_1 + 11.2355787929014 * LocalMemory * bs_256x2 + 9.06005214678587 * padding_288 + -1.61989570642824 * padding_64;4.36638491892807;4.36638491892807;4.36638491892807;4.36638491892807;8.211821;20;-1.61989570642824 * padding_64;1;0.272355998597719;
15;23.377893637111 * API + 20.3545857123814 * LocalMemory + 52.4372107151586 * bs_32x1 + 42.0300544422474 * LocalMemory * bs_512x1 + 1.74510636288903 * bs_1024x1 + 27.870625002777 * bs_64x16 + -14.2180862011508 * LocalMemory * TextureMemory + -42.1426136611051 * bs_32x1 * CUDA + 7.04265853902377 * padding_384 + 20.2565 * bs_1024x1 * CUDA + 6.58400000000003 * bs_512x2 + 2.42389564773057 * pixelPerThread_1 + 11.2276159272178 * LocalMemory * bs_256x2 + 9.09650930883567 * padding_288 + -1.54698138232876 * padding_64 + 2.62810636288908 * Array2D;4.14325168684316;4.14325168684316;4.14325168684316;4.14325168684316;10.002336;21;2.62810636288908 * Array2D;1;0.223133232084901;
Elapsed=00:00:10.0069806
average model: 
command: analyze-learning
Round, Model, LearningError, LearningErrorRel, ValidationError, ValidationErrorRel, ElapsedSeconds, ModelComplexity, BestCandidate, BestCandidateSize, BestCandidateScore, TestError
Models:
Termination reason: minImprovementPerRound
1;28.33 * API + 16.2708 * LocalMemory;25.3082063673382;25.3082063673382;25.3082063673382;25.3082063673382;0.066859;2;16.2708 * LocalMemory;1;7.47333772732647;22.2315677256457
2;25.9594838709677 * API + 18.6413161290323 * LocalMemory + 20.7420161290323 * bs_32x1;21.2835164863517;21.2835164863517;21.2835164863517;21.2835164863517;0.121114;3;20.7420161290323 * bs_32x1;1;4.02468988098653;19.5279405446372
3;25.9594838709678 * API + 13.5214392059554 * LocalMemory + 20.7420161290323 * bs_32x1 + 38.3990769230769 * LocalMemory * bs_512x1;17.6184732668814;17.6184732668814;17.6184732668814;17.6184732668814;0.213111;5;38.3990769230769 * LocalMemory * bs_512x1;2;1.83252160973513;17.7871946612771
4;24.6022142857143 * API + 14.8787087912088 * LocalMemory + 22.0992857142857 * bs_32x1 + 38.3990769230769 * LocalMemory * bs_512x1 + 14.0251190476191 * bs_1024x1;15.8467437122054;15.8467437122054;15.8467437122054;15.8467437122054;0.379372;6;14.0251190476191 * bs_1024x1;1;1.77172955467605;16.7818334307517
5;24.6022142857143 * API + 11.9998690476191 * LocalMemory + 22.0992857142857 * bs_32x1 + 41.2779166666667 * LocalMemory * bs_512x1 + 14.0251190476191 * bs_1024x1 + 37.4249166666666 * bs_64x16;14.1698575610772;14.1698575610772;14.1698575610772;14.1698575610772;0.587634;7;37.4249166666666 * bs_64x16;1;1.67688615112822;19.3773965661526
6;24.6022142857143 * API + 21.8865357142857 * LocalMemory + 22.0992857142857 * bs_32x1 + 38.80625 * LocalMemory * bs_512x1 + 14.025119047619 * bs_1024x1 + 27.53825 * bs_64x16 + -14.83 * LocalMemory * TextureMemory;11.8004929886683;11.8004929886683;11.8004929886683;11.8004929886683;0.865662;9;-14.83 * LocalMemory * TextureMemory;2;1.18468228620443;17.8247016848643
7;24.6022142857143 * API + 21.8865357142857 * LocalMemory + 53.6367857142857 * bs_32x1 + 38.80625 * LocalMemory * bs_512x1 + 14.0251190476191 * bs_1024x1 + 27.53825 * bs_64x16 + -14.83 * LocalMemory * TextureMemory + -42.05 * bs_32x1 * CUDA;9.91328597825156;9.91328597825156;9.91328597825156;9.91328597825156;1.270882;11;-42.05 * bs_32x1 * CUDA;2;0.943603505208365;17.7946863252377
8;24.0614230769231 * API + 22.427326923077 * LocalMemory + 54.177576923077 * bs_32x1 + 38.80625 * LocalMemory * bs_512x1 + 14.5659102564103 * bs_1024x1 + 27.5382499999999 * bs_64x16 + -14.8300000000001 * LocalMemory * TextureMemory + -42.05 * bs_32x1 * CUDA + 7.57107692307694 * padding_384;9.14604430887632;9.14604430887632;9.14604430887632;9.14604430887632;1.785908;12;7.57107692307694 * padding_384;1;0.767241669375233;18.2565369682044
9;24.0614230769231 * API + 22.4273269230769 * LocalMemory + 54.1775769230769 * bs_32x1 + 38.80625 * LocalMemory * bs_512x1 + 1.06157692307689 * bs_1024x1 + 27.53825 * bs_64x16 + -14.83 * LocalMemory * TextureMemory + -42.05 * bs_32x1 * CUDA + 7.57107692307693 * padding_384 + 20.2565 * bs_1024x1 * CUDA;7.62393418606698;7.62393418606698;7.62393418606698;7.62393418606698;2.428133;14;20.2565 * bs_1024x1 * CUDA;2;0.761055061404674;18.3663505772746
10;23.72028 * API + 22.76847 * LocalMemory + 54.51872 * bs_32x1 + 38.80625 * LocalMemory * bs_512x1 + 1.40272000000002 * bs_1024x1 + 27.5382499999999 * bs_64x16 + -14.83 * LocalMemory * TextureMemory + -42.05 * bs_32x1 * CUDA + 7.91221999999999 * padding_384 + 20.2565 * bs_1024x1 * CUDA + 8.86972000000002 * bs_512x2;6.87341726620181;6.87341726620181;6.87341726620181;6.87341726620181;3.213121;15;8.86972000000002 * bs_512x2;1;0.750516919865168;18.1031025281731
11;23.1282844444445 * API + 22.6204711111111 * LocalMemory + 52.1507377777778 * bs_32x1 + 39.5462444444444 * LocalMemory * bs_512x1 + 1.9947155555555 * bs_1024x1 + 25.3182666666667 * bs_64x16 + -14.83 * LocalMemory * TextureMemory + -39.0900222222222 * bs_32x1 * CUDA + 7.02422666666668 * padding_384 + 20.2565 * bs_1024x1 * CUDA + 9.46171555555552 * bs_512x2 + 2.95997777777778 * pixelPerThread_1;6.16822464562896;6.16822464562896;6.16822464562896;6.16822464562896;4.172009;16;2.95997777777778 * pixelPerThread_1;1;0.705192620572851;17.1746237713357
12;23.3001532518337 * API + 19.9157988264059 * LocalMemory + 52.838213007335 * bs_32x1 + 41.4684613691932 * LocalMemory * bs_512x1 + 1.82284674816631 * bs_1024x1 + 28.7104141809291 * bs_64x16 + -13.6088268948655 * LocalMemory * TextureMemory + -39.9493662591687 * bs_32x1 * CUDA + 7.28202987775058 * padding_384 + 20.2565 * bs_1024x1 * CUDA + 9.28984674816629 * bs_512x2 + 2.10063374083133 * pixelPerThread_1 + 11.6011444987775 * LocalMemory * bs_256x2;4.99786839207991;4.99786839207991;4.99786839207991;4.99786839207991;5.30468;18;11.6011444987775 * LocalMemory * bs_256x2;2;0.585178126774523;17.4347600973009
13;23.3001532518338 * API + 19.9157988264059 * LocalMemory + 52.8382130073349 * bs_32x1 + 41.4684613691932 * LocalMemory * bs_512x1 + 1.82284674816619 * bs_1024x1 + 28.710414180929 * bs_64x16 + -13.6088268948655 * LocalMemory * TextureMemory + -43.2393662591687 * bs_32x1 * CUDA + 7.28202987775058 * padding_384 + 20.2565 * bs_1024x1 * CUDA + 9.28984674816635 * bs_512x2 + 2.10063374083132 * pixelPerThread_1 + 11.6011444987775 * LocalMemory * bs_256x2 + 9.87000000000002 * padding_288;4.63874091752578;4.63874091752578;4.63874091752578;4.63874091752578;6.647292;19;9.87000000000002 * padding_288;1;0.359127474554127;18.6398785767669
14;23.508323712298 * API + 20.2633040813741 * LocalMemory + 52.3749782840493 * bs_32x1 + 42.040375647942 * LocalMemory * bs_512x1 + 1.61467628770204 * bs_1024x1 + 27.8996742026751 * bs_64x16 + -14.2441111767997 * LocalMemory * TextureMemory + -42.1743541431331 * bs_32x1 * CUDA + 6.9463272858756 * padding_384 + 20.2565 * bs_1024x1 * CUDA + 9.08167628770203 * bs_512x2 + 2.35569800365278 * pixelPerThread_1 + 11.2355787929014 * LocalMemory * bs_256x2 + 9.06005214678587 * padding_288 + -1.61989570642824 * padding_64;4.36638491892807;4.36638491892807;4.36638491892807;4.36638491892807;8.211821;20;-1.61989570642824 * padding_64;1;0.272355998597719;18.563297275037
15;23.377893637111 * API + 20.3545857123814 * LocalMemory + 52.4372107151586 * bs_32x1 + 42.0300544422474 * LocalMemory * bs_512x1 + 1.74510636288903 * bs_1024x1 + 27.870625002777 * bs_64x16 + -14.2180862011508 * LocalMemory * TextureMemory + -42.1426136611051 * bs_32x1 * CUDA + 7.04265853902377 * padding_384 + 20.2565 * bs_1024x1 * CUDA + 6.58400000000003 * bs_512x2 + 2.42389564773057 * pixelPerThread_1 + 11.2276159272178 * LocalMemory * bs_256x2 + 9.09650930883567 * padding_288 + -1.54698138232876 * padding_64 + 2.62810636288908 * Array2D;4.14325168684316;4.14325168684316;4.14325168684316;4.14325168684316;10.002336;21;2.62810636288908 * Array2D;1;0.223133232084901;18.3344500189992
Analyze finished
command: clean-sampling
command: clean-global
command: script ./learn_grammarBased_t2.a
command: log ./out_grammarBased_t2Predictions.log
