Current machine learning settings: epsilon:0 lossFunction:RELATIVE parallelization:True bagging:False baggingNumbers:3 considerEpsilonTube:False baggingTestDataFraction:50 useBackward:False abortError:1 limitFeatureSize:False featureSizeTreshold:4 quadraticFunctionSupport:True crossValidation:False crossValidation-k:5 learn-logFunction:False learn-accumulatedLogFunction:False learn-asymFunction:False learn-ratioFunction:False learn-mirrowedFunction:False learn-numeric-disabled:True numberOfRounds:70 backwardErrorDelta:1 minImprovementPerRound:0.1 withHierarchy:False bruteForceCandidates:False ignoreBadFeatures:False stopOnLongRound:True candidateSizePenalty:True learnTimeLimit:00:00:00 scoreMeasure:RELERROR outputRoundsToStdout:False debug:False pythonInfluenceAnalysis:False blacklisted: 
command: mlsettings bagging:False stopOnLongRound:False parallelization:True lossFunction:RELATIVE useBackward:False abortError:1 limitFeatureSize:False featureSizeTreshold:7 quadraticFunctionSupport:True crossValidation:False learn_logFunction:True numberOfRounds:70 backwardErrorDelta:1 minImprovementPerRound:0.25 withHierarchy:False
Current machine learning settings: epsilon:0 lossFunction:RELATIVE parallelization:True bagging:False baggingNumbers:3 considerEpsilonTube:False baggingTestDataFraction:50 useBackward:False abortError:1 limitFeatureSize:False featureSizeTreshold:7 quadraticFunctionSupport:True crossValidation:False crossValidation-k:5 learn-logFunction:True learn-accumulatedLogFunction:False learn-asymFunction:False learn-ratioFunction:False learn-mirrowedFunction:False learn-numeric-disabled:True numberOfRounds:70 backwardErrorDelta:1 minImprovementPerRound:0.25 withHierarchy:False bruteForceCandidates:False ignoreBadFeatures:False stopOnLongRound:False candidateSizePenalty:True learnTimeLimit:00:00:00 scoreMeasure:RELERROR outputRoundsToStdout:False debug:False pythonInfluenceAnalysis:False blacklisted: 
command: solver z3
command: vm /scratch/kallistos/Distance-Based_Data/SupplementaryWebsite/MeasuredPerformanceValues/7z/FeatureModel.xml
command: all /scratch/kallistos/Distance-Based_Data/SupplementaryWebsite/MeasuredPerformanceValues/7z/measurements.xml
Configs with too large deviation: 0
68640 configurations loaded.
command: nfp Performance
command: setsampleset /scratch/kallistos/Distance-Based_Data/Results/7z/7z_21/sampledConfigurations_grammarBased_t2.csv
command: learn-splconqueror
Learning: NumberOfConfigurationsLearning:600 NumberOfConfigurationsValidation:600
Learning progress:
1;7300.65306122454 * CompressionMethod + 25758.3469387755 * x_10;119.796602045099;119.796602045099;119.796602045099;119.796602045099;0.259584;2;25758.3469387755 * x_10;1;82.3299454016097;
2;4979.92405063296 * CompressionMethod + 28079.0759493671 * x_10 + 11970.0759493671 * x_8;78.6811961308191;78.6811961308191;78.6811961308191;78.6811961308191;0.681827;3;11970.0759493671 * x_8;1;41.11540591428;
3;2871.55385483364 * CompressionMethod + 27283.5140946633 * x_10 + 12036.9600795871 * x_8 + 11408.3044841194 * BZip2;57.0526973938559;57.0526973938559;57.0526973938559;57.0526973938559;1.426365;4;11408.3044841194 * BZip2;1;21.6284987369632;
4;3239.38460046914 * CompressionMethod + 34128.2195383203 * x_10 + 12025.2913320687 * x_8 + 9417.98743581787 * BZip2 + -29506.0041387895 * x_10 * PPMd;46.1957710397902;46.1957710397902;46.1957710397902;46.1957710397902;2.617867;6;-29506.0041387895 * x_10 * PPMd;2;5.42846317703286;
5;3297.08513747494 * CompressionMethod + 34173.3663726737 * x_10 + 13717.5632697415 * x_8 + 9105.77220133461 * BZip2 + -29608.8515101486 * x_10 * PPMd + -10729.3150738832 * x_8 * PPMd;42.3810840832883;42.3810840832883;42.3810840832883;42.3810840832883;4.316087;8;-10729.3150738832 * x_8 * PPMd;2;1.90734347825095;
6;3568.30905911799 * CompressionMethod + 33964.1611972001 * x_10 + 13486.3469767659 * x_8 + 8917.50100760553 * BZip2 + -28545.6937273206 * x_10 * PPMd + -9644.14617355314 * x_8 * PPMd + -1125.17652899743 * PPMd;41.2919814908785;41.2919814908785;41.2919814908785;41.2919814908785;6.53597;9;-1125.17652899743 * PPMd;1;1.08910259240979;
7;4070.80713338286 * CompressionMethod + 40925.3574893125 * x_10 + 13440.2272904976 * x_8 + 6769.83800526803 * BZip2 + -35506.890019433 * x_10 * PPMd + -9598.02648728483 * x_8 * PPMd + -1627.67460326231 * PPMd + -27346.6408131716 * x_10 * LZMA2;39.1496013743887;39.1496013743887;39.1496013743887;39.1496013743887;9.516802;11;-27346.6408131716 * x_10 * LZMA2;2;1.07119005824491;
8;3001.6178619015 * CompressionMethod + 41598.5350849832 * x_10 + 13469.9540599235 * x_8 + 7675.00754997803 * BZip2 + -36180.0676151036 * x_10 * PPMd + -9627.75325671041 * x_8 * PPMd + -558.485331780972 * PPMd + -30517.4248165388 * x_10 * LZMA2 + 3566.79567917776 * LZMA2;37.788803683842;37.788803683842;37.788803683842;37.788803683842;13.254799;12;3566.79567917776 * LZMA2;1;1.36079769054674;
9;2823.86661633883 * CompressionMethod + 41769.5855519955 * x_10 + 14315.7151304883 * x_8 + 7690.32361523595 * BZip2 + -36351.1180821161 * x_10 * PPMd + -10473.5143272758 * x_8 * PPMd + -380.734086218105 * PPMd + -27684.347242748 * x_10 * LZMA2 + 740.418883937476 * LZMA2 + 14016.7671313029 * LZMA2 * x_6;27.2463811235715;27.2463811235715;27.2463811235715;27.2463811235715;18.016604;14;14016.7671313029 * LZMA2 * x_6;2;5.27121128013523;
10;3668.98785289478 * CompressionMethod + 49860.1367769042 * x_10 + 14253.1769259613 * x_8 + 4934.42030393016 * BZip2 + -44441.6693070248 * x_10 * PPMd + -10410.9761227487 * x_8 * PPMd + -1225.8553227741 * PPMd + -35790.7414794704 * x_10 * LZMA2 + -88.8593408048373 * LZMA2 + 14000.924119489 * LZMA2 * x_6 + -35336.9817726559 * x_10 * LZMA;24.9752486437765;24.9752486437765;24.9752486437765;24.9752486437765;23.811112;16;-35336.9817726559 * x_10 * LZMA;2;1.13556623989748;
11;1877.73356986633 * CompressionMethod + 50789.2904298808 * x_10 + 14470.517198831 * x_8 + 6473.88571473724 * BZip2 + -45370.8229600011 * x_10 * PPMd + -10628.3163956179 * x_8 * PPMd + 565.398960253973 * PPMd + -36664.835596653 * x_10 * LZMA2 + 1647.33540642981 * LZMA2 + 14055.9836552829 * LZMA2 * x_6 + -38183.4649554665 * x_10 * LZMA + 3708.58381286225 * LZMA;22.8869214011102;22.8869214011102;22.8869214011102;22.8869214011102;30.794153;17;3708.58381286225 * LZMA;1;2.08832724266633;
12;1721.4251622926 * CompressionMethod + 50928.6703650129 * x_10 + 15116.0867830213 * x_8 + 6504.11512981148 * BZip2 + -45510.2028951334 * x_10 * PPMd + -11273.8859798089 * x_8 * PPMd + 721.707367828018 * PPMd + -36640.6712371236 * x_10 * LZMA2 + 1640.09951934201 * LZMA2 + 14219.5279499445 * LZMA2 * x_6 + -35971.1302424175 * x_10 * LZMA + 1513.17757225462 * LZMA + 14412.8972654527 * LZMA * x_6;13.3991766249144;13.3991766249144;13.3991766249144;13.3991766249144;39.233592;19;14412.8972654527 * LZMA * x_6;2;4.74387238809792;
13;1802.64405331407 * CompressionMethod + 50627.8296069507 * x_10 + 14973.9213029301 * x_8 + 6896.29703524174 * BZip2 + -45209.3621370711 * x_10 * PPMd + -11131.7204997174 * x_8 * PPMd + 640.488476806422 * PPMd + -36375.8457340179 * x_10 * LZMA2 + 1594.89588327705 * LZMA2 + 14183.512694988 * LZMA2 * x_6 + -35699.7030319603 * x_10 * LZMA + 1461.37222883823 * LZMA + 14383.4837178476 * LZMA * x_6 + -2501.16331077777 * BZip2 * x_2;13.0600729149326;13.0600729149326;13.0600729149326;13.0600729149326;49.15912;21;-2501.16331077777 * BZip2 * x_2;2;0.169551854990875;
Elapsed=00:00:49.1698766
average model: 
command: analyze-learning
Round, Model, LearningError, LearningErrorRel, ValidationError, ValidationErrorRel, ElapsedSeconds, ModelComplexity, BestCandidate, BestCandidateSize, BestCandidateScore, TestError
Models:
Termination reason: minImprovementPerRound
1;7300.65306122454 * CompressionMethod + 25758.3469387755 * x_10;119.796602045099;119.796602045099;119.796602045099;119.796602045099;0.259584;2;25758.3469387755 * x_10;1;82.3299454016097;114.057079054135
2;4979.92405063296 * CompressionMethod + 28079.0759493671 * x_10 + 11970.0759493671 * x_8;78.6811961308191;78.6811961308191;78.6811961308191;78.6811961308191;0.681827;3;11970.0759493671 * x_8;1;41.11540591428;76.5487763650588
3;2871.55385483364 * CompressionMethod + 27283.5140946633 * x_10 + 12036.9600795871 * x_8 + 11408.3044841194 * BZip2;57.0526973938559;57.0526973938559;57.0526973938559;57.0526973938559;1.426365;4;11408.3044841194 * BZip2;1;21.6284987369632;58.3258187200571
4;3239.38460046914 * CompressionMethod + 34128.2195383203 * x_10 + 12025.2913320687 * x_8 + 9417.98743581787 * BZip2 + -29506.0041387895 * x_10 * PPMd;46.1957710397902;46.1957710397902;46.1957710397902;46.1957710397902;2.617867;6;-29506.0041387895 * x_10 * PPMd;2;5.42846317703286;49.4682375818524
5;3297.08513747494 * CompressionMethod + 34173.3663726737 * x_10 + 13717.5632697415 * x_8 + 9105.77220133461 * BZip2 + -29608.8515101486 * x_10 * PPMd + -10729.3150738832 * x_8 * PPMd;42.3810840832883;42.3810840832883;42.3810840832883;42.3810840832883;4.316087;8;-10729.3150738832 * x_8 * PPMd;2;1.90734347825095;44.6497547405444
6;3568.30905911799 * CompressionMethod + 33964.1611972001 * x_10 + 13486.3469767659 * x_8 + 8917.50100760553 * BZip2 + -28545.6937273206 * x_10 * PPMd + -9644.14617355314 * x_8 * PPMd + -1125.17652899743 * PPMd;41.2919814908785;41.2919814908785;41.2919814908785;41.2919814908785;6.53597;9;-1125.17652899743 * PPMd;1;1.08910259240979;43.0151436737744
7;4070.80713338286 * CompressionMethod + 40925.3574893125 * x_10 + 13440.2272904976 * x_8 + 6769.83800526803 * BZip2 + -35506.890019433 * x_10 * PPMd + -9598.02648728483 * x_8 * PPMd + -1627.67460326231 * PPMd + -27346.6408131716 * x_10 * LZMA2;39.1496013743887;39.1496013743887;39.1496013743887;39.1496013743887;9.516802;11;-27346.6408131716 * x_10 * LZMA2;2;1.07119005824491;41.0082146532274
8;3001.6178619015 * CompressionMethod + 41598.5350849832 * x_10 + 13469.9540599235 * x_8 + 7675.00754997803 * BZip2 + -36180.0676151036 * x_10 * PPMd + -9627.75325671041 * x_8 * PPMd + -558.485331780972 * PPMd + -30517.4248165388 * x_10 * LZMA2 + 3566.79567917776 * LZMA2;37.788803683842;37.788803683842;37.788803683842;37.788803683842;13.254799;12;3566.79567917776 * LZMA2;1;1.36079769054674;41.1257514374539
9;2823.86661633883 * CompressionMethod + 41769.5855519955 * x_10 + 14315.7151304883 * x_8 + 7690.32361523595 * BZip2 + -36351.1180821161 * x_10 * PPMd + -10473.5143272758 * x_8 * PPMd + -380.734086218105 * PPMd + -27684.347242748 * x_10 * LZMA2 + 740.418883937476 * LZMA2 + 14016.7671313029 * LZMA2 * x_6;27.2463811235715;27.2463811235715;27.2463811235715;27.2463811235715;18.016604;14;14016.7671313029 * LZMA2 * x_6;2;5.27121128013523;30.1375422469639
10;3668.98785289478 * CompressionMethod + 49860.1367769042 * x_10 + 14253.1769259613 * x_8 + 4934.42030393016 * BZip2 + -44441.6693070248 * x_10 * PPMd + -10410.9761227487 * x_8 * PPMd + -1225.8553227741 * PPMd + -35790.7414794704 * x_10 * LZMA2 + -88.8593408048373 * LZMA2 + 14000.924119489 * LZMA2 * x_6 + -35336.9817726559 * x_10 * LZMA;24.9752486437765;24.9752486437765;24.9752486437765;24.9752486437765;23.811112;16;-35336.9817726559 * x_10 * LZMA;2;1.13556623989748;25.4875506730844
11;1877.73356986633 * CompressionMethod + 50789.2904298808 * x_10 + 14470.517198831 * x_8 + 6473.88571473724 * BZip2 + -45370.8229600011 * x_10 * PPMd + -10628.3163956179 * x_8 * PPMd + 565.398960253973 * PPMd + -36664.835596653 * x_10 * LZMA2 + 1647.33540642981 * LZMA2 + 14055.9836552829 * LZMA2 * x_6 + -38183.4649554665 * x_10 * LZMA + 3708.58381286225 * LZMA;22.8869214011102;22.8869214011102;22.8869214011102;22.8869214011102;30.794153;17;3708.58381286225 * LZMA;1;2.08832724266633;23.2288327860331
12;1721.4251622926 * CompressionMethod + 50928.6703650129 * x_10 + 15116.0867830213 * x_8 + 6504.11512981148 * BZip2 + -45510.2028951334 * x_10 * PPMd + -11273.8859798089 * x_8 * PPMd + 721.707367828018 * PPMd + -36640.6712371236 * x_10 * LZMA2 + 1640.09951934201 * LZMA2 + 14219.5279499445 * LZMA2 * x_6 + -35971.1302424175 * x_10 * LZMA + 1513.17757225462 * LZMA + 14412.8972654527 * LZMA * x_6;13.3991766249144;13.3991766249144;13.3991766249144;13.3991766249144;39.233592;19;14412.8972654527 * LZMA * x_6;2;4.74387238809792;14.4615924805957
13;1802.64405331407 * CompressionMethod + 50627.8296069507 * x_10 + 14973.9213029301 * x_8 + 6896.29703524174 * BZip2 + -45209.3621370711 * x_10 * PPMd + -11131.7204997174 * x_8 * PPMd + 640.488476806422 * PPMd + -36375.8457340179 * x_10 * LZMA2 + 1594.89588327705 * LZMA2 + 14183.512694988 * LZMA2 * x_6 + -35699.7030319603 * x_10 * LZMA + 1461.37222883823 * LZMA + 14383.4837178476 * LZMA * x_6 + -2501.16331077777 * BZip2 * x_2;13.0600729149326;13.0600729149326;13.0600729149326;13.0600729149326;49.15912;21;-2501.16331077777 * BZip2 * x_2;2;0.169551854990875;14.1612701414381
Analyze finished
command: clean-sampling
command: clean-global
command: script ./learn_grammarBased_t3.a
command: log ./out_grammarBased_t3Predictions.log
