Current machine learning settings: epsilon:0 lossFunction:RELATIVE parallelization:True bagging:False baggingNumbers:3 considerEpsilonTube:False baggingTestDataFraction:50 useBackward:False abortError:1 limitFeatureSize:False featureSizeTreshold:4 quadraticFunctionSupport:True crossValidation:False crossValidation-k:5 learn-logFunction:False learn-accumulatedLogFunction:False learn-asymFunction:False learn-ratioFunction:False learn-mirrowedFunction:False learn-numeric-disabled:True numberOfRounds:70 backwardErrorDelta:1 minImprovementPerRound:0.1 withHierarchy:False bruteForceCandidates:False ignoreBadFeatures:False stopOnLongRound:True candidateSizePenalty:True learnTimeLimit:00:00:00 scoreMeasure:RELERROR outputRoundsToStdout:False debug:False pythonInfluenceAnalysis:False blacklisted: 
command: solver z3
command: vm /scratch/kallistos/Distance-Based_Data/SupplementaryWebsite/MeasuredPerformanceValues/VP9/FeatureModel.xml
command: all /scratch/kallistos/Distance-Based_Data/SupplementaryWebsite/MeasuredPerformanceValues/VP9/measurements.csv
216001 configurations loaded.
command: binary grammar-based numConfigs:3893 seed:78  confFaultsReport:./out_grammarBasedFailureReport_t3.log
command: printconfigs ./sampledConfigurations_grammarBased_t3FailureReport.csv
Number to sample: 3893; Number of Configurations in Grammar: 216000
Draw a new random number, cause 7287 is already in drawn.
Draw a new random number, cause 64887 is already in drawn.
Draw a new random number, cause 132910 is already in drawn.
Draw a new random number, cause 45070 is already in drawn.
Draw a new random number, cause 109804 is already in drawn.
Draw a new random number, cause 12894 is already in drawn.
Draw a new random number, cause 177063 is already in drawn.
Draw a new random number, cause 47822 is already in drawn.
Draw a new random number, cause 76385 is already in drawn.
Draw a new random number, cause 119146 is already in drawn.
Draw a new random number, cause 1616 is already in drawn.
Draw a new random number, cause 71638 is already in drawn.
Draw a new random number, cause 92419 is already in drawn.
Draw a new random number, cause 105414 is already in drawn.
Draw a new random number, cause 204031 is already in drawn.
Draw a new random number, cause 172536 is already in drawn.
Draw a new random number, cause 33841 is already in drawn.
Draw a new random number, cause 167592 is already in drawn.
Draw a new random number, cause 46532 is already in drawn.
Draw a new random number, cause 149047 is already in drawn.
Draw a new random number, cause 178136 is already in drawn.
Draw a new random number, cause 150839 is already in drawn.
Draw a new random number, cause 71849 is already in drawn.
Draw a new random number, cause 91858 is already in drawn.
Draw a new random number, cause 26322 is already in drawn.
Draw a new random number, cause 206535 is already in drawn.
Draw a new random number, cause 158195 is already in drawn.
Draw a new random number, cause 79202 is already in drawn.
Draw a new random number, cause 94368 is already in drawn.
Draw a new random number, cause 201566 is already in drawn.
Draw a new random number, cause 96851 is already in drawn.
Draw a new random number, cause 90590 is already in drawn.
Draw a new random number, cause 83926 is already in drawn.
Draw a new random number, cause 211948 is already in drawn.
Draw a new random number, cause 1504 is already in drawn.
Draw a new random number, cause 130552 is already in drawn.
Draw a new random number, cause 10516 is already in drawn.
Draw a new random number, cause 139154 is already in drawn.
0 drawn configurations were invalid
command: clean-sampling
command: clean-global
