Current machine learning settings: epsilon:0 lossFunction:RELATIVE parallelization:True bagging:False baggingNumbers:3 considerEpsilonTube:False baggingTestDataFraction:50 useBackward:False abortError:1 limitFeatureSize:False featureSizeTreshold:4 quadraticFunctionSupport:True crossValidation:False crossValidation-k:5 learn-logFunction:False learn-accumulatedLogFunction:False learn-asymFunction:False learn-ratioFunction:False learn-mirrowedFunction:False learn-numeric-disabled:True numberOfRounds:70 backwardErrorDelta:1 minImprovementPerRound:0.1 withHierarchy:False bruteForceCandidates:False ignoreBadFeatures:False stopOnLongRound:True candidateSizePenalty:True learnTimeLimit:00:00:00 scoreMeasure:RELERROR outputRoundsToStdout:False debug:False pythonInfluenceAnalysis:False blacklisted: 
command: mlsettings bagging:False stopOnLongRound:False parallelization:True lossFunction:RELATIVE useBackward:False abortError:1 limitFeatureSize:False featureSizeTreshold:7 quadraticFunctionSupport:True crossValidation:False learn_logFunction:True numberOfRounds:70 backwardErrorDelta:1 minImprovementPerRound:0.25 withHierarchy:False
Current machine learning settings: epsilon:0 lossFunction:RELATIVE parallelization:True bagging:False baggingNumbers:3 considerEpsilonTube:False baggingTestDataFraction:50 useBackward:False abortError:1 limitFeatureSize:False featureSizeTreshold:7 quadraticFunctionSupport:True crossValidation:False crossValidation-k:5 learn-logFunction:True learn-accumulatedLogFunction:False learn-asymFunction:False learn-ratioFunction:False learn-mirrowedFunction:False learn-numeric-disabled:True numberOfRounds:70 backwardErrorDelta:1 minImprovementPerRound:0.25 withHierarchy:False bruteForceCandidates:False ignoreBadFeatures:False stopOnLongRound:False candidateSizePenalty:True learnTimeLimit:00:00:00 scoreMeasure:RELERROR outputRoundsToStdout:False debug:False pythonInfluenceAnalysis:False blacklisted: 
command: solver z3
command: vm /scratch/kallistos/Distance-Based_Data/SupplementaryWebsite/MeasuredPerformanceValues/7z/FeatureModel.xml
command: all /scratch/kallistos/Distance-Based_Data/SupplementaryWebsite/MeasuredPerformanceValues/7z/measurements.xml
Configs with too large deviation: 0
68640 configurations loaded.
command: nfp Performance
command: setsampleset /scratch/kallistos/Distance-Based_Data/Results/7z/7z_71/sampledConfigurations_divDistBased_t3.csv
command: learn-splconqueror
Learning: NumberOfConfigurationsLearning:4091 NumberOfConfigurationsValidation:4091
Learning progress:
1;7043.38410991643 * CompressionMethod + 22812.3359439193 * x_10;105.316132101067;105.316132101067;105.316132101067;105.316132101067;1.033501;2;22812.3359439193 * x_10;1;82.1458582486719;
2;4650.59484947407 * CompressionMethod + 25205.1252043618 * x_10 + 13555.0904297138 * x_8;61.8753467806592;61.8753467806592;61.8753467806592;61.8753467806592;3.187394;3;13555.0904297138 * x_8;1;43.4407853204076;
3;3075.56953240024 * CompressionMethod + 26111.2703793872 * x_10 + 11913.6341195489 * x_8 + 6212.22431927455 * BZip2;40.6871770858152;40.6871770858152;40.6871770858152;40.6871770858152;6.900514;4;6212.22431927455 * BZip2;1;21.1881696948439;
4;3193.58832812716 * CompressionMethod + 30353.3927541291 * x_10 + 12036.6306802169 * x_8 + 5746.73387604209 * BZip2 + -25825.3681790294 * x_10 * PPMd;33.3885524010115;33.3885524010115;33.3885524010115;33.3885524010115;12.792067;6;-25825.3681790294 * x_10 * PPMd;2;3.64931234240188;
5;3008.736843138 * CompressionMethod + 23709.0051746291 * x_10 + 11843.9825791421 * x_8 + 6475.8262138321 * BZip2 + -18996.1291145418 * x_10 * PPMd + 18047.4960774705 * x_10 * Deflate;29.8178509685367;29.8178509685367;29.8178509685367;29.8178509685367;21.064781;8;18047.4960774705 * x_10 * Deflate;2;1.78535071623738;
6;2835.80973680665 * CompressionMethod + 23643.1797438837 * x_10 + 11826.7416799195 * x_8 + 6658.46921843199 * BZip2 + -18757.3765774652 * x_10 * PPMd + 18286.2486145487 * x_10 * Deflate + 672.625379461102 * LZMA2;28.5242248763121;28.5242248763121;28.5242248763121;28.5242248763121;32.16075;9;672.625379461102 * LZMA2;1;1.29362609222462;
7;2417.69354894024 * CompressionMethod + 23378.9558266643 * x_10 + 11800.1348642379 * x_8 + 7103.57121180616 * BZip2 + -18075.0364723783 * x_10 * PPMd + 18968.5887196339 * x_10 * Deflate + 1136.47862840479 * LZMA2 + 913.191793886306 * LZMA;25.3211568339568;25.3211568339568;25.3211568339568;25.3211568339568;47.084051;10;913.191793886306 * LZMA;1;3.20306804235531;
8;2117.45833115313 * CompressionMethod + 23256.6429999782 * x_10 + 11086.437543933 * x_8 + 7614.10726475296 * BZip2 + -17652.4884279048 * x_10 * PPMd + 19391.1367641067 * x_10 * Deflate + 1539.82770266112 * LZMA2 + 1310.67754600004 * LZMA + 6287.62954864229 * x_8 * Deflate;24.4939643695572;24.4939643695572;24.4939643695572;24.4939643695572;66.483661;12;6287.62954864229 * x_8 * Deflate;2;0.413596232199804;
9;2449.82973893319 * CompressionMethod + 23392.0477892459 * x_10 + 11876.5266774692 * x_8 + 7048.92511226904 * BZip2 + -18120.2646249531 * x_10 * PPMd + 18923.3605670589 * x_10 * Deflate + 1093.30547044125 * LZMA2 + 870.646226635528 * LZMA + 5165.16900732706 * x_8 * Deflate + -7488.0955468367 * x_8 * PPMd;23.8795468163267;23.8795468163267;23.8795468163267;23.8795468163267;90.39767;14;-7488.0955468367 * x_8 * PPMd;2;0.307208776615218;
10;2449.82973893305 * CompressionMethod + 23124.6089338191 * x_10 + 12041.8591289261 * x_8 + 9939.60922629412 * BZip2 + -17852.8257695262 * x_10 * PPMd + 19190.7994224865 * x_10 * Deflate + 1117.13715515216 * LZMA2 + 908.147648307926 * LZMA + 4999.83655587005 * x_8 * Deflate + -7653.42799829425 * x_8 * PPMd + -4165.24853345846 * BZip2 * mtOff;23.7456015557701;23.7456015557701;23.7456015557701;23.7456015557701;119.417212;16;-4165.24853345846 * BZip2 * mtOff;2;0.0669726302783449;
Elapsed=00:01:59.4691837
average model: 
command: analyze-learning
Round, Model, LearningError, LearningErrorRel, ValidationError, ValidationErrorRel, ElapsedSeconds, ModelComplexity, BestCandidate, BestCandidateSize, BestCandidateScore, TestError
Models:
Termination reason: minImprovementPerRound
1;7043.38410991643 * CompressionMethod + 22812.3359439193 * x_10;105.316132101067;105.316132101067;105.316132101067;105.316132101067;1.033501;2;22812.3359439193 * x_10;1;82.1458582486719;107.572386770068
2;4650.59484947407 * CompressionMethod + 25205.1252043618 * x_10 + 13555.0904297138 * x_8;61.8753467806592;61.8753467806592;61.8753467806592;61.8753467806592;3.187394;3;13555.0904297138 * x_8;1;43.4407853204076;69.799496405212
3;3075.56953240024 * CompressionMethod + 26111.2703793872 * x_10 + 11913.6341195489 * x_8 + 6212.22431927455 * BZip2;40.6871770858152;40.6871770858152;40.6871770858152;40.6871770858152;6.900514;4;6212.22431927455 * BZip2;1;21.1881696948439;48.0281001593669
4;3193.58832812716 * CompressionMethod + 30353.3927541291 * x_10 + 12036.6306802169 * x_8 + 5746.73387604209 * BZip2 + -25825.3681790294 * x_10 * PPMd;33.3885524010115;33.3885524010115;33.3885524010115;33.3885524010115;12.792067;6;-25825.3681790294 * x_10 * PPMd;2;3.64931234240188;40.2320057308197
5;3008.736843138 * CompressionMethod + 23709.0051746291 * x_10 + 11843.9825791421 * x_8 + 6475.8262138321 * BZip2 + -18996.1291145418 * x_10 * PPMd + 18047.4960774705 * x_10 * Deflate;29.8178509685367;29.8178509685367;29.8178509685367;29.8178509685367;21.064781;8;18047.4960774705 * x_10 * Deflate;2;1.78535071623738;37.1208574322805
6;2835.80973680665 * CompressionMethod + 23643.1797438837 * x_10 + 11826.7416799195 * x_8 + 6658.46921843199 * BZip2 + -18757.3765774652 * x_10 * PPMd + 18286.2486145487 * x_10 * Deflate + 672.625379461102 * LZMA2;28.5242248763121;28.5242248763121;28.5242248763121;28.5242248763121;32.16075;9;672.625379461102 * LZMA2;1;1.29362609222462;35.2504727313118
7;2417.69354894024 * CompressionMethod + 23378.9558266643 * x_10 + 11800.1348642379 * x_8 + 7103.57121180616 * BZip2 + -18075.0364723783 * x_10 * PPMd + 18968.5887196339 * x_10 * Deflate + 1136.47862840479 * LZMA2 + 913.191793886306 * LZMA;25.3211568339568;25.3211568339568;25.3211568339568;25.3211568339568;47.084051;10;913.191793886306 * LZMA;1;3.20306804235531;31.6144473760569
8;2117.45833115313 * CompressionMethod + 23256.6429999782 * x_10 + 11086.437543933 * x_8 + 7614.10726475296 * BZip2 + -17652.4884279048 * x_10 * PPMd + 19391.1367641067 * x_10 * Deflate + 1539.82770266112 * LZMA2 + 1310.67754600004 * LZMA + 6287.62954864229 * x_8 * Deflate;24.4939643695572;24.4939643695572;24.4939643695572;24.4939643695572;66.483661;12;6287.62954864229 * x_8 * Deflate;2;0.413596232199804;29.9510999098657
9;2449.82973893319 * CompressionMethod + 23392.0477892459 * x_10 + 11876.5266774692 * x_8 + 7048.92511226904 * BZip2 + -18120.2646249531 * x_10 * PPMd + 18923.3605670589 * x_10 * Deflate + 1093.30547044125 * LZMA2 + 870.646226635528 * LZMA + 5165.16900732706 * x_8 * Deflate + -7488.0955468367 * x_8 * PPMd;23.8795468163267;23.8795468163267;23.8795468163267;23.8795468163267;90.39767;14;-7488.0955468367 * x_8 * PPMd;2;0.307208776615218;27.0883823625397
10;2449.82973893305 * CompressionMethod + 23124.6089338191 * x_10 + 12041.8591289261 * x_8 + 9939.60922629412 * BZip2 + -17852.8257695262 * x_10 * PPMd + 19190.7994224865 * x_10 * Deflate + 1117.13715515216 * LZMA2 + 908.147648307926 * LZMA + 4999.83655587005 * x_8 * Deflate + -7653.42799829425 * x_8 * PPMd + -4165.24853345846 * BZip2 * mtOff;23.7456015557701;23.7456015557701;23.7456015557701;23.7456015557701;119.417212;16;-4165.24853345846 * BZip2 * mtOff;2;0.0669726302783449;28.7282908450015
Analyze finished
command: clean-sampling
command: clean-global
