Current machine learning settings: epsilon:0 lossFunction:RELATIVE parallelization:True bagging:False baggingNumbers:3 considerEpsilonTube:False baggingTestDataFraction:50 useBackward:False abortError:1 limitFeatureSize:False featureSizeTreshold:4 quadraticFunctionSupport:True crossValidation:False crossValidation-k:5 learn-logFunction:False learn-accumulatedLogFunction:False learn-asymFunction:False learn-ratioFunction:False learn-mirrowedFunction:False learn-numeric-disabled:True numberOfRounds:70 backwardErrorDelta:1 minImprovementPerRound:0.1 withHierarchy:False bruteForceCandidates:False ignoreBadFeatures:False stopOnLongRound:True candidateSizePenalty:True learnTimeLimit:00:00:00 scoreMeasure:RELERROR outputRoundsToStdout:False debug:False pythonInfluenceAnalysis:False blacklisted: 
command: solver z3
command: vm /scratch/kallistos/Distance-Based_Data/SupplementaryWebsite/MeasuredPerformanceValues/Hipacc/FeatureModel.xml
Warning: Variability model contains outdated notation. Children nodes will no longer have effect on the model. Instead use the parent node to describe the parent of an configuration option. You can also use the converter providedby the Variability Model GUI in export>convert legacy model.
Warning: Default value nodes in models are no longer used and should be removed. You can also use the converter provided by the Variability Model GUI in export>convert legacy model to update your model.
command: all /scratch/kallistos/Distance-Based_Data/SupplementaryWebsite/MeasuredPerformanceValues/Hipacc/measurements.xml
Configs with too large deviation: 0
13485 configurations loaded.
command: binary grammar-based numConfigs:4601 seed:36  confFaultsReport:./out_grammarBasedFailureReport_t3.log
command: printconfigs ./sampledConfigurations_grammarBased_t3FailureReport.csv
Number to sample: 4601; Number of Configurations in Grammar: 28560
Draw a new random number, cause 22681 is already in drawn.
Draw a new random number, cause 14777 is already in drawn.
Draw a new random number, cause 26261 is already in drawn.
Draw a new random number, cause 15621 is already in drawn.
Draw a new random number, cause 15268 is already in drawn.
Draw a new random number, cause 20851 is already in drawn.
Draw a new random number, cause 27287 is already in drawn.
Draw a new random number, cause 16297 is already in drawn.
Draw a new random number, cause 28339 is already in drawn.
Draw a new random number, cause 2477 is already in drawn.
Draw a new random number, cause 16813 is already in drawn.
Draw a new random number, cause 27529 is already in drawn.
Draw a new random number, cause 18021 is already in drawn.
Draw a new random number, cause 26862 is already in drawn.
Draw a new random number, cause 15069 is already in drawn.
Draw a new random number, cause 17677 is already in drawn.
Draw a new random number, cause 18218 is already in drawn.
Draw a new random number, cause 21336 is already in drawn.
Draw a new random number, cause 435 is already in drawn.
Draw a new random number, cause 694 is already in drawn.
Draw a new random number, cause 15707 is already in drawn.
Draw a new random number, cause 18890 is already in drawn.
Draw a new random number, cause 28429 is already in drawn.
Draw a new random number, cause 16879 is already in drawn.
Draw a new random number, cause 26918 is already in drawn.
Draw a new random number, cause 21277 is already in drawn.
Draw a new random number, cause 25865 is already in drawn.
Draw a new random number, cause 27705 is already in drawn.
Draw a new random number, cause 435 is already in drawn.
Draw a new random number, cause 22365 is already in drawn.
Draw a new random number, cause 27522 is already in drawn.
Draw a new random number, cause 27844 is already in drawn.
Draw a new random number, cause 20431 is already in drawn.
Draw a new random number, cause 15183 is already in drawn.
Draw a new random number, cause 26683 is already in drawn.
Draw a new random number, cause 16025 is already in drawn.
Draw a new random number, cause 572 is already in drawn.
Draw a new random number, cause 19946 is already in drawn.
Draw a new random number, cause 20473 is already in drawn.
Draw a new random number, cause 1518 is already in drawn.
Draw a new random number, cause 25865 is already in drawn.
Draw a new random number, cause 16341 is already in drawn.
Draw a new random number, cause 21095 is already in drawn.
Draw a new random number, cause 22017 is already in drawn.
Draw a new random number, cause 2759 is already in drawn.
Draw a new random number, cause 16049 is already in drawn.
Draw a new random number, cause 28100 is already in drawn.
Draw a new random number, cause 2253 is already in drawn.
Draw a new random number, cause 19164 is already in drawn.
Draw a new random number, cause 1114 is already in drawn.
Draw a new random number, cause 25804 is already in drawn.
Draw a new random number, cause 19123 is already in drawn.
Draw a new random number, cause 1040 is already in drawn.
Draw a new random number, cause 15524 is already in drawn.
Draw a new random number, cause 17618 is already in drawn.
Draw a new random number, cause 17319 is already in drawn.
Draw a new random number, cause 21249 is already in drawn.
Draw a new random number, cause 27411 is already in drawn.
Draw a new random number, cause 27511 is already in drawn.
Draw a new random number, cause 25793 is already in drawn.
Draw a new random number, cause 21496 is already in drawn.
Draw a new random number, cause 20806 is already in drawn.
Draw a new random number, cause 27416 is already in drawn.
Draw a new random number, cause 18223 is already in drawn.
Draw a new random number, cause 17956 is already in drawn.
Draw a new random number, cause 16776 is already in drawn.
Draw a new random number, cause 28194 is already in drawn.
Draw a new random number, cause 16365 is already in drawn.
Draw a new random number, cause 1923 is already in drawn.
Draw a new random number, cause 26197 is already in drawn.
Draw a new random number, cause 2029 is already in drawn.
Draw a new random number, cause 20581 is already in drawn.
Draw a new random number, cause 26144 is already in drawn.
Draw a new random number, cause 24278 is already in drawn.
Draw a new random number, cause 26736 is already in drawn.
Draw a new random number, cause 15982 is already in drawn.
Draw a new random number, cause 1425 is already in drawn.
Draw a new random number, cause 19779 is already in drawn.
Draw a new random number, cause 1425 is already in drawn.
Draw a new random number, cause 26120 is already in drawn.
Draw a new random number, cause 17796 is already in drawn.
Draw a new random number, cause 17129 is already in drawn.
Draw a new random number, cause 21364 is already in drawn.
Draw a new random number, cause 19756 is already in drawn.
Draw a new random number, cause 20478 is already in drawn.
Draw a new random number, cause 22256 is already in drawn.
Draw a new random number, cause 16384 is already in drawn.
Draw a new random number, cause 25872 is already in drawn.
Draw a new random number, cause 14961 is already in drawn.
Draw a new random number, cause 22589 is already in drawn.
Draw a new random number, cause 14694 is already in drawn.
Draw a new random number, cause 472 is already in drawn.
Draw a new random number, cause 17784 is already in drawn.
Draw a new random number, cause 2698 is already in drawn.
Draw a new random number, cause 2778 is already in drawn.
Draw a new random number, cause 17684 is already in drawn.
Draw a new random number, cause 22831 is already in drawn.
Draw a new random number, cause 15996 is already in drawn.
Draw a new random number, cause 1213 is already in drawn.
Draw a new random number, cause 19061 is already in drawn.
Draw a new random number, cause 21112 is already in drawn.
Draw a new random number, cause 17475 is already in drawn.
Draw a new random number, cause 16191 is already in drawn.
Draw a new random number, cause 20342 is already in drawn.
Draw a new random number, cause 1829 is already in drawn.
Draw a new random number, cause 28291 is already in drawn.
Draw a new random number, cause 22537 is already in drawn.
Draw a new random number, cause 14962 is already in drawn.
Draw a new random number, cause 16924 is already in drawn.
Draw a new random number, cause 19199 is already in drawn.
Draw a new random number, cause 17579 is already in drawn.
Draw a new random number, cause 26008 is already in drawn.
Draw a new random number, cause 15925 is already in drawn.
Draw a new random number, cause 2567 is already in drawn.
Draw a new random number, cause 28405 is already in drawn.
Draw a new random number, cause 21085 is already in drawn.
Draw a new random number, cause 2845 is already in drawn.
Draw a new random number, cause 16393 is already in drawn.
Draw a new random number, cause 1738 is already in drawn.
Draw a new random number, cause 26001 is already in drawn.
Draw a new random number, cause 20368 is already in drawn.
Draw a new random number, cause 24210 is already in drawn.
Draw a new random number, cause 1270 is already in drawn.
Draw a new random number, cause 16775 is already in drawn.
Draw a new random number, cause 662 is already in drawn.
Draw a new random number, cause 21397 is already in drawn.
Draw a new random number, cause 16582 is already in drawn.
Draw a new random number, cause 18243 is already in drawn.
Draw a new random number, cause 18115 is already in drawn.
Draw a new random number, cause 19988 is already in drawn.
Draw a new random number, cause 19425 is already in drawn.
Draw a new random number, cause 26452 is already in drawn.
Draw a new random number, cause 19781 is already in drawn.
Draw a new random number, cause 18277 is already in drawn.
Draw a new random number, cause 21533 is already in drawn.
Draw a new random number, cause 21365 is already in drawn.
Draw a new random number, cause 16901 is already in drawn.
Draw a new random number, cause 27580 is already in drawn.
Draw a new random number, cause 838 is already in drawn.
Draw a new random number, cause 21333 is already in drawn.
Draw a new random number, cause 15234 is already in drawn.
Draw a new random number, cause 19173 is already in drawn.
Draw a new random number, cause 20359 is already in drawn.
Draw a new random number, cause 1730 is already in drawn.
Draw a new random number, cause 21759 is already in drawn.
Draw a new random number, cause 16015 is already in drawn.
Draw a new random number, cause 16915 is already in drawn.
Draw a new random number, cause 26714 is already in drawn.
Draw a new random number, cause 18149 is already in drawn.
Draw a new random number, cause 18864 is already in drawn.
Draw a new random number, cause 15928 is already in drawn.
Draw a new random number, cause 14497 is already in drawn.
Draw a new random number, cause 15110 is already in drawn.
Draw a new random number, cause 2344 is already in drawn.
Draw a new random number, cause 27669 is already in drawn.
Draw a new random number, cause 21221 is already in drawn.
Draw a new random number, cause 21779 is already in drawn.
Draw a new random number, cause 14932 is already in drawn.
Draw a new random number, cause 16084 is already in drawn.
Draw a new random number, cause 16960 is already in drawn.
Draw a new random number, cause 2229 is already in drawn.
Draw a new random number, cause 21993 is already in drawn.
Draw a new random number, cause 26290 is already in drawn.
Draw a new random number, cause 15945 is already in drawn.
Draw a new random number, cause 26814 is already in drawn.
Draw a new random number, cause 27404 is already in drawn.
Draw a new random number, cause 27573 is already in drawn.
Draw a new random number, cause 1119 is already in drawn.
Draw a new random number, cause 22236 is already in drawn.
Draw a new random number, cause 21115 is already in drawn.
Draw a new random number, cause 16413 is already in drawn.
Draw a new random number, cause 840 is already in drawn.
Draw a new random number, cause 19983 is already in drawn.
Draw a new random number, cause 16744 is already in drawn.
Draw a new random number, cause 14798 is already in drawn.
Draw a new random number, cause 11356 is already in drawn.
Draw a new random number, cause 9589 is already in drawn.
Draw a new random number, cause 24344 is already in drawn.
Draw a new random number, cause 27265 is already in drawn.
Draw a new random number, cause 2606 is already in drawn.
Draw a new random number, cause 20777 is already in drawn.
Draw a new random number, cause 1480 is already in drawn.
Draw a new random number, cause 16208 is already in drawn.
Draw a new random number, cause 19824 is already in drawn.
Draw a new random number, cause 2031 is already in drawn.
Draw a new random number, cause 16066 is already in drawn.
Draw a new random number, cause 740 is already in drawn.
Draw a new random number, cause 17952 is already in drawn.
Draw a new random number, cause 27529 is already in drawn.
Draw a new random number, cause 27299 is already in drawn.
Draw a new random number, cause 16756 is already in drawn.
Draw a new random number, cause 15645 is already in drawn.
Draw a new random number, cause 14986 is already in drawn.
Draw a new random number, cause 725 is already in drawn.
Draw a new random number, cause 28557 is already in drawn.
Draw a new random number, cause 1983 is already in drawn.
Draw a new random number, cause 20823 is already in drawn.
Draw a new random number, cause 716 is already in drawn.
Draw a new random number, cause 27288 is already in drawn.
Draw a new random number, cause 877 is already in drawn.
Draw a new random number, cause 14939 is already in drawn.
Draw a new random number, cause 17689 is already in drawn.
Draw a new random number, cause 26295 is already in drawn.
Draw a new random number, cause 15314 is already in drawn.
Draw a new random number, cause 17280 is already in drawn.
Draw a new random number, cause 1254 is already in drawn.
Draw a new random number, cause 15125 is already in drawn.
Draw a new random number, cause 957 is already in drawn.
Draw a new random number, cause 1570 is already in drawn.
Draw a new random number, cause 214 is already in drawn.
Draw a new random number, cause 18644 is already in drawn.
Draw a new random number, cause 22486 is already in drawn.
Draw a new random number, cause 1361 is already in drawn.
Draw a new random number, cause 25503 is already in drawn.
Draw a new random number, cause 1348 is already in drawn.
Draw a new random number, cause 22642 is already in drawn.
Draw a new random number, cause 699 is already in drawn.
Draw a new random number, cause 18533 is already in drawn.
Draw a new random number, cause 27468 is already in drawn.
Draw a new random number, cause 15328 is already in drawn.
Draw a new random number, cause 15630 is already in drawn.
Draw a new random number, cause 16204 is already in drawn.
Draw a new random number, cause 972 is already in drawn.
Draw a new random number, cause 25732 is already in drawn.
Draw a new random number, cause 27438 is already in drawn.
Draw a new random number, cause 22169 is already in drawn.
Draw a new random number, cause 20448 is already in drawn.
Draw a new random number, cause 26941 is already in drawn.
Draw a new random number, cause 11087 is already in drawn.
Draw a new random number, cause 19221 is already in drawn.
Draw a new random number, cause 2005 is already in drawn.
Draw a new random number, cause 26839 is already in drawn.
Draw a new random number, cause 14699 is already in drawn.
Draw a new random number, cause 20322 is already in drawn.
Draw a new random number, cause 22642 is already in drawn.
Draw a new random number, cause 17475 is already in drawn.
Draw a new random number, cause 26838 is already in drawn.
Draw a new random number, cause 19182 is already in drawn.
Draw a new random number, cause 27038 is already in drawn.
Draw a new random number, cause 20559 is already in drawn.
Draw a new random number, cause 20397 is already in drawn.
Draw a new random number, cause 16900 is already in drawn.
Draw a new random number, cause 25947 is already in drawn.
Draw a new random number, cause 20646 is already in drawn.
Draw a new random number, cause 17118 is already in drawn.
Draw a new random number, cause 613 is already in drawn.
Draw a new random number, cause 25704 is already in drawn.
Draw a new random number, cause 27885 is already in drawn.
Draw a new random number, cause 1738 is already in drawn.
Draw a new random number, cause 1213 is already in drawn.
Draw a new random number, cause 20285 is already in drawn.
Draw a new random number, cause 20007 is already in drawn.
Draw a new random number, cause 17173 is already in drawn.
Draw a new random number, cause 20867 is already in drawn.
Draw a new random number, cause 1098 is already in drawn.
Draw a new random number, cause 16186 is already in drawn.
Draw a new random number, cause 1900 is already in drawn.
Draw a new random number, cause 217 is already in drawn.
Draw a new random number, cause 21176 is already in drawn.
Draw a new random number, cause 17627 is already in drawn.
Draw a new random number, cause 27259 is already in drawn.
Draw a new random number, cause 16823 is already in drawn.
Draw a new random number, cause 22644 is already in drawn.
Draw a new random number, cause 15641 is already in drawn.
Draw a new random number, cause 27952 is already in drawn.
Draw a new random number, cause 314 is already in drawn.
Draw a new random number, cause 1258 is already in drawn.
Draw a new random number, cause 17475 is already in drawn.
Draw a new random number, cause 20603 is already in drawn.
Draw a new random number, cause 26607 is already in drawn.
Draw a new random number, cause 20777 is already in drawn.
Draw a new random number, cause 18127 is already in drawn.
Draw a new random number, cause 721 is already in drawn.
Draw a new random number, cause 27333 is already in drawn.
Draw a new random number, cause 16421 is already in drawn.
Draw a new random number, cause 17974 is already in drawn.
Draw a new random number, cause 27773 is already in drawn.
Draw a new random number, cause 26617 is already in drawn.
Draw a new random number, cause 16169 is already in drawn.
Draw a new random number, cause 26099 is already in drawn.
Draw a new random number, cause 510 is already in drawn.
Draw a new random number, cause 15214 is already in drawn.
Draw a new random number, cause 14802 is already in drawn.
Draw a new random number, cause 28378 is already in drawn.
Draw a new random number, cause 2665 is already in drawn.
Draw a new random number, cause 669 is already in drawn.
Draw a new random number, cause 738 is already in drawn.
Draw a new random number, cause 1595 is already in drawn.
Draw a new random number, cause 14830 is already in drawn.
Draw a new random number, cause 18853 is already in drawn.
Draw a new random number, cause 21472 is already in drawn.
Draw a new random number, cause 267 is already in drawn.
Draw a new random number, cause 28215 is already in drawn.
Draw a new random number, cause 817 is already in drawn.
Draw a new random number, cause 26008 is already in drawn.
Draw a new random number, cause 1030 is already in drawn.
Draw a new random number, cause 16885 is already in drawn.
Draw a new random number, cause 27405 is already in drawn.
Draw a new random number, cause 24890 is already in drawn.
Draw a new random number, cause 17974 is already in drawn.
Draw a new random number, cause 16354 is already in drawn.
Draw a new random number, cause 14678 is already in drawn.
Draw a new random number, cause 22631 is already in drawn.
Draw a new random number, cause 25890 is already in drawn.
Draw a new random number, cause 20660 is already in drawn.
Draw a new random number, cause 27803 is already in drawn.
Draw a new random number, cause 17718 is already in drawn.
Draw a new random number, cause 20577 is already in drawn.
Draw a new random number, cause 26796 is already in drawn.
Draw a new random number, cause 20461 is already in drawn.
Draw a new random number, cause 22392 is already in drawn.
Draw a new random number, cause 1175 is already in drawn.
Draw a new random number, cause 18117 is already in drawn.
Draw a new random number, cause 17842 is already in drawn.
Draw a new random number, cause 15307 is already in drawn.
Draw a new random number, cause 18921 is already in drawn.
Draw a new random number, cause 15601 is already in drawn.
Draw a new random number, cause 18524 is already in drawn.
Draw a new random number, cause 20520 is already in drawn.
Draw a new random number, cause 18325 is already in drawn.
Draw a new random number, cause 27034 is already in drawn.
Draw a new random number, cause 1172 is already in drawn.
Draw a new random number, cause 14787 is already in drawn.
Draw a new random number, cause 21292 is already in drawn.
Draw a new random number, cause 15798 is already in drawn.
Draw a new random number, cause 760 is already in drawn.
Draw a new random number, cause 18166 is already in drawn.
Draw a new random number, cause 196 is already in drawn.
Draw a new random number, cause 21268 is already in drawn.
Draw a new random number, cause 1457 is already in drawn.
Draw a new random number, cause 16108 is already in drawn.
Draw a new random number, cause 17683 is already in drawn.
Draw a new random number, cause 22268 is already in drawn.
Draw a new random number, cause 2609 is already in drawn.
Draw a new random number, cause 27053 is already in drawn.
Draw a new random number, cause 20837 is already in drawn.
Draw a new random number, cause 18781 is already in drawn.
Draw a new random number, cause 18427 is already in drawn.
Draw a new random number, cause 19826 is already in drawn.
Draw a new random number, cause 16850 is already in drawn.
Draw a new random number, cause 20214 is already in drawn.
Draw a new random number, cause 1331 is already in drawn.
Draw a new random number, cause 17222 is already in drawn.
Draw a new random number, cause 2527 is already in drawn.
Draw a new random number, cause 19442 is already in drawn.
Draw a new random number, cause 20103 is already in drawn.
Draw a new random number, cause 25799 is already in drawn.
Draw a new random number, cause 15812 is already in drawn.
Draw a new random number, cause 17128 is already in drawn.
Draw a new random number, cause 21221 is already in drawn.
Draw a new random number, cause 17740 is already in drawn.
Draw a new random number, cause 982 is already in drawn.
Draw a new random number, cause 27006 is already in drawn.
Draw a new random number, cause 1418 is already in drawn.
Draw a new random number, cause 27973 is already in drawn.
Draw a new random number, cause 16260 is already in drawn.
Draw a new random number, cause 811 is already in drawn.
Draw a new random number, cause 15567 is already in drawn.
Draw a new random number, cause 21750 is already in drawn.
Draw a new random number, cause 18427 is already in drawn.
Draw a new random number, cause 20329 is already in drawn.
Draw a new random number, cause 22507 is already in drawn.
Draw a new random number, cause 21988 is already in drawn.
Draw a new random number, cause 19646 is already in drawn.
Draw a new random number, cause 109 is already in drawn.
Draw a new random number, cause 21365 is already in drawn.
Draw a new random number, cause 17532 is already in drawn.
Draw a new random number, cause 11356 is already in drawn.
Draw a new random number, cause 27694 is already in drawn.
Draw a new random number, cause 15285 is already in drawn.
Draw a new random number, cause 2472 is already in drawn.
Draw a new random number, cause 26335 is already in drawn.
5670 drawn configurations were invalid
command: clean-sampling
command: clean-global
